Reading timing models for corner max_tt_025C_1v80…
Reading cell library for the 'max_tt_025C_1v80' corner at '/home/amostafa/.volare/volare/sky130/versions/0fe599b2afb6708d281543108caf8310912f54af/sky130A/libs.ref/sky130_fd_sc_hd/lib/sky130_fd_sc_hd__tt_025C_1v80.lib'…
Reading top-level netlist at '/home/amostafa/vlsi/runs/RUN_2024-12-04_11-17-08/10-openroad-detailedrouting/counter_dut.nl.v'…
Linking design 'counter_dut' from netlist…
Reading design constraints file at 'counter_dut.sdc'…
Reading top-level design parasitics for the 'max_tt_025C_1v80' corner at '/home/amostafa/vlsi/runs/RUN_2024-12-04_11-17-08/12-openroad-rcx/max/counter_dut.max.spef'…
%OL_CREATE_REPORT min.rpt

===========================================================================
report_checks -path_delay min (Hold)
============================================================================
======================= max_tt_025C_1v80 Corner ===================================

Startpoint: _46_ (rising edge-triggered flip-flop clocked by clk)
Endpoint: _46_ (rising edge-triggered flip-flop clocked by clk)
Path Group: clk
Path Type: min

Fanout         Cap        Slew       Delay        Time   Description
---------------------------------------------------------------------------------------------
                                  0.000000    0.000000   clock clk (rise edge)
                                  0.000000    0.000000   clock source latency
     1    0.009881    0.000000    0.000000    0.000000 ^ clk (in)
                                                         clk (net)
                      0.000592    0.000296    0.000296 ^ clkbuf_0_clk/A (sky130_fd_sc_hd__clkbuf_16)
     2    0.018194    0.040307    0.107810    0.108106 ^ clkbuf_0_clk/X (sky130_fd_sc_hd__clkbuf_16)
                                                         clknet_0_clk (net)
                      0.040316    0.001084    0.109190 ^ clkbuf_1_1__f_clk/A (sky130_fd_sc_hd__clkbuf_16)
     2    0.005759    0.029467    0.109691    0.218881 ^ clkbuf_1_1__f_clk/X (sky130_fd_sc_hd__clkbuf_16)
                                                         clknet_1_1__leaf_clk (net)
                      0.029468    0.000324    0.219205 ^ _46_/CLK (sky130_fd_sc_hd__dfxtp_1)
     7    0.023603    0.113978    0.361032    0.580237 v _46_/Q (sky130_fd_sc_hd__dfxtp_1)
                                                         net4 (net)
                      0.113987    0.001089    0.581326 v _28_/A1 (sky130_fd_sc_hd__o21ai_1)
     1    0.002280    0.066914    0.142704    0.724030 ^ _28_/Y (sky130_fd_sc_hd__o21ai_1)
                                                         _00_ (net)
                      0.066914    0.000167    0.724197 ^ _46_/D (sky130_fd_sc_hd__dfxtp_1)
                                              0.724197   data arrival time

                                  0.000000    0.000000   clock clk (rise edge)
                                  0.000000    0.000000   clock source latency
     1    0.009881    0.000000    0.000000    0.000000 ^ clk (in)
                                                         clk (net)
                      0.000592    0.000296    0.000296 ^ clkbuf_0_clk/A (sky130_fd_sc_hd__clkbuf_16)
     2    0.018194    0.040307    0.107810    0.108106 ^ clkbuf_0_clk/X (sky130_fd_sc_hd__clkbuf_16)
                                                         clknet_0_clk (net)
                      0.040316    0.001084    0.109190 ^ clkbuf_1_1__f_clk/A (sky130_fd_sc_hd__clkbuf_16)
     2    0.005759    0.029467    0.109691    0.218881 ^ clkbuf_1_1__f_clk/X (sky130_fd_sc_hd__clkbuf_16)
                                                         clknet_1_1__leaf_clk (net)
                      0.029468    0.000324    0.219205 ^ _46_/CLK (sky130_fd_sc_hd__dfxtp_1)
                                  0.000000    0.219205   clock reconvergence pessimism
                                 -0.037918    0.181287   library hold time
                                              0.181287   data required time
---------------------------------------------------------------------------------------------
                                              0.181287   data required time
                                             -0.724197   data arrival time
---------------------------------------------------------------------------------------------
                                              0.542911   slack (MET)


Startpoint: _49_ (rising edge-triggered flip-flop clocked by clk)
Endpoint: _49_ (rising edge-triggered flip-flop clocked by clk)
Path Group: clk
Path Type: min

Fanout         Cap        Slew       Delay        Time   Description
---------------------------------------------------------------------------------------------
                                  0.000000    0.000000   clock clk (rise edge)
                                  0.000000    0.000000   clock source latency
     1    0.009881    0.000000    0.000000    0.000000 ^ clk (in)
                                                         clk (net)
                      0.000592    0.000296    0.000296 ^ clkbuf_0_clk/A (sky130_fd_sc_hd__clkbuf_16)
     2    0.018194    0.040307    0.107810    0.108106 ^ clkbuf_0_clk/X (sky130_fd_sc_hd__clkbuf_16)
                                                         clknet_0_clk (net)
                      0.040316    0.001113    0.109219 ^ clkbuf_1_0__f_clk/A (sky130_fd_sc_hd__clkbuf_16)
     2    0.005077    0.028844    0.108884    0.218103 ^ clkbuf_1_0__f_clk/X (sky130_fd_sc_hd__clkbuf_16)
                                                         clknet_1_0__leaf_clk (net)
                      0.028845    0.000308    0.218412 ^ _49_/CLK (sky130_fd_sc_hd__dfxtp_1)
     3    0.009437    0.053595    0.312051    0.530462 v _49_/Q (sky130_fd_sc_hd__dfxtp_1)
                                                         net7 (net)
                      0.053656    0.000525    0.530988 v _44_/B (sky130_fd_sc_hd__nand4_1)
     1    0.003377    0.059506    0.086051    0.617038 ^ _44_/Y (sky130_fd_sc_hd__nand4_1)
                                                         _22_ (net)
                      0.059506    0.000233    0.617272 ^ _45_/A3 (sky130_fd_sc_hd__a31o_1)
     1    0.002455    0.041892    0.134721    0.751993 ^ _45_/X (sky130_fd_sc_hd__a31o_1)
                                                         _03_ (net)
                      0.041893    0.000102    0.752094 ^ _49_/D (sky130_fd_sc_hd__dfxtp_1)
                                              0.752094   data arrival time

                                  0.000000    0.000000   clock clk (rise edge)
                                  0.000000    0.000000   clock source latency
     1    0.009881    0.000000    0.000000    0.000000 ^ clk (in)
                                                         clk (net)
                      0.000592    0.000296    0.000296 ^ clkbuf_0_clk/A (sky130_fd_sc_hd__clkbuf_16)
     2    0.018194    0.040307    0.107810    0.108106 ^ clkbuf_0_clk/X (sky130_fd_sc_hd__clkbuf_16)
                                                         clknet_0_clk (net)
                      0.040316    0.001113    0.109219 ^ clkbuf_1_0__f_clk/A (sky130_fd_sc_hd__clkbuf_16)
     2    0.005077    0.028844    0.108884    0.218103 ^ clkbuf_1_0__f_clk/X (sky130_fd_sc_hd__clkbuf_16)
                                                         clknet_1_0__leaf_clk (net)
                      0.028845    0.000308    0.218412 ^ _49_/CLK (sky130_fd_sc_hd__dfxtp_1)
                                  0.000000    0.218412   clock reconvergence pessimism
                                 -0.032748    0.185664   library hold time
                                              0.185664   data required time
---------------------------------------------------------------------------------------------
                                              0.185664   data required time
                                             -0.752094   data arrival time
---------------------------------------------------------------------------------------------
                                              0.566431   slack (MET)


Startpoint: _48_ (rising edge-triggered flip-flop clocked by clk)
Endpoint: _48_ (rising edge-triggered flip-flop clocked by clk)
Path Group: clk
Path Type: min

Fanout         Cap        Slew       Delay        Time   Description
---------------------------------------------------------------------------------------------
                                  0.000000    0.000000   clock clk (rise edge)
                                  0.000000    0.000000   clock source latency
     1    0.009881    0.000000    0.000000    0.000000 ^ clk (in)
                                                         clk (net)
                      0.000592    0.000296    0.000296 ^ clkbuf_0_clk/A (sky130_fd_sc_hd__clkbuf_16)
     2    0.018194    0.040307    0.107810    0.108106 ^ clkbuf_0_clk/X (sky130_fd_sc_hd__clkbuf_16)
                                                         clknet_0_clk (net)
                      0.040316    0.001084    0.109190 ^ clkbuf_1_1__f_clk/A (sky130_fd_sc_hd__clkbuf_16)
     2    0.005759    0.029467    0.109691    0.218881 ^ clkbuf_1_1__f_clk/X (sky130_fd_sc_hd__clkbuf_16)
                                                         clknet_1_1__leaf_clk (net)
                      0.029468    0.000373    0.219254 ^ _48_/CLK (sky130_fd_sc_hd__dfxtp_1)
     5    0.016115    0.082507    0.334943    0.554197 v _48_/Q (sky130_fd_sc_hd__dfxtp_1)
                                                         net6 (net)
                      0.082533    0.001397    0.555594 v _39_/A1 (sky130_fd_sc_hd__a21oi_1)
     1    0.002179    0.076121    0.123329    0.678923 ^ _39_/Y (sky130_fd_sc_hd__a21oi_1)
                                                         _18_ (net)
                      0.076121    0.000101    0.679024 ^ _40_/B1 (sky130_fd_sc_hd__o21ai_1)
     1    0.002309    0.026986    0.062513    0.741538 v _40_/Y (sky130_fd_sc_hd__o21ai_1)
                                                         _02_ (net)
                      0.026986    0.000097    0.741634 v _48_/D (sky130_fd_sc_hd__dfxtp_1)
                                              0.741634   data arrival time

                                  0.000000    0.000000   clock clk (rise edge)
                                  0.000000    0.000000   clock source latency
     1    0.009881    0.000000    0.000000    0.000000 ^ clk (in)
                                                         clk (net)
                      0.000592    0.000296    0.000296 ^ clkbuf_0_clk/A (sky130_fd_sc_hd__clkbuf_16)
     2    0.018194    0.040307    0.107810    0.108106 ^ clkbuf_0_clk/X (sky130_fd_sc_hd__clkbuf_16)
                                                         clknet_0_clk (net)
                      0.040316    0.001084    0.109190 ^ clkbuf_1_1__f_clk/A (sky130_fd_sc_hd__clkbuf_16)
     2    0.005759    0.029467    0.109691    0.218881 ^ clkbuf_1_1__f_clk/X (sky130_fd_sc_hd__clkbuf_16)
                                                         clknet_1_1__leaf_clk (net)
                      0.029468    0.000373    0.219254 ^ _48_/CLK (sky130_fd_sc_hd__dfxtp_1)
                                  0.000000    0.219254   clock reconvergence pessimism
                                 -0.049527    0.169727   library hold time
                                              0.169727   data required time
---------------------------------------------------------------------------------------------
                                              0.169727   data required time
                                             -0.741634   data arrival time
---------------------------------------------------------------------------------------------
                                              0.571907   slack (MET)


Startpoint: _47_ (rising edge-triggered flip-flop clocked by clk)
Endpoint: _47_ (rising edge-triggered flip-flop clocked by clk)
Path Group: clk
Path Type: min

Fanout         Cap        Slew       Delay        Time   Description
---------------------------------------------------------------------------------------------
                                  0.000000    0.000000   clock clk (rise edge)
                                  0.000000    0.000000   clock source latency
     1    0.009881    0.000000    0.000000    0.000000 ^ clk (in)
                                                         clk (net)
                      0.000592    0.000296    0.000296 ^ clkbuf_0_clk/A (sky130_fd_sc_hd__clkbuf_16)
     2    0.018194    0.040307    0.107810    0.108106 ^ clkbuf_0_clk/X (sky130_fd_sc_hd__clkbuf_16)
                                                         clknet_0_clk (net)
                      0.040316    0.001113    0.109219 ^ clkbuf_1_0__f_clk/A (sky130_fd_sc_hd__clkbuf_16)
     2    0.005077    0.028844    0.108884    0.218103 ^ clkbuf_1_0__f_clk/X (sky130_fd_sc_hd__clkbuf_16)
                                                         clknet_1_0__leaf_clk (net)
                      0.028845    0.000279    0.218382 ^ _47_/CLK (sky130_fd_sc_hd__dfxtp_1)
     6    0.022890    0.218870    0.423391    0.641773 ^ _47_/Q (sky130_fd_sc_hd__dfxtp_1)
                                                         net5 (net)
                      0.218873    0.001155    0.642928 ^ _33_/A1 (sky130_fd_sc_hd__a21o_1)
     1    0.003035    0.040536    0.143879    0.786806 ^ _33_/X (sky130_fd_sc_hd__a21o_1)
                                                         _13_ (net)
                      0.040537    0.000227    0.787034 ^ _34_/B1 (sky130_fd_sc_hd__a31o_1)
     1    0.002461    0.037414    0.082540    0.869574 ^ _34_/X (sky130_fd_sc_hd__a31o_1)
                                                         _01_ (net)
                      0.037414    0.000170    0.869743 ^ _47_/D (sky130_fd_sc_hd__dfxtp_1)
                                              0.869743   data arrival time

                                  0.000000    0.000000   clock clk (rise edge)
                                  0.000000    0.000000   clock source latency
     1    0.009881    0.000000    0.000000    0.000000 ^ clk (in)
                                                         clk (net)
                      0.000592    0.000296    0.000296 ^ clkbuf_0_clk/A (sky130_fd_sc_hd__clkbuf_16)
     2    0.018194    0.040307    0.107810    0.108106 ^ clkbuf_0_clk/X (sky130_fd_sc_hd__clkbuf_16)
                                                         clknet_0_clk (net)
                      0.040316    0.001113    0.109219 ^ clkbuf_1_0__f_clk/A (sky130_fd_sc_hd__clkbuf_16)
     2    0.005077    0.028844    0.108884    0.218103 ^ clkbuf_1_0__f_clk/X (sky130_fd_sc_hd__clkbuf_16)
                                                         clknet_1_0__leaf_clk (net)
                      0.028845    0.000279    0.218382 ^ _47_/CLK (sky130_fd_sc_hd__dfxtp_1)
                                  0.000000    0.218382   clock reconvergence pessimism
                                 -0.031808    0.186574   library hold time
                                              0.186574   data required time
---------------------------------------------------------------------------------------------
                                              0.186574   data required time
                                             -0.869743   data arrival time
---------------------------------------------------------------------------------------------
                                              0.683169   slack (MET)


Startpoint: _49_ (rising edge-triggered flip-flop clocked by clk)
Endpoint: counter[3] (output port clocked by clk)
Path Group: clk
Path Type: min

Fanout         Cap        Slew       Delay        Time   Description
---------------------------------------------------------------------------------------------
                                  0.000000    0.000000   clock clk (rise edge)
                                  0.000000    0.000000   clock source latency
     1    0.009881    0.000000    0.000000    0.000000 ^ clk (in)
                                                         clk (net)
                      0.000592    0.000296    0.000296 ^ clkbuf_0_clk/A (sky130_fd_sc_hd__clkbuf_16)
     2    0.018194    0.040307    0.107810    0.108106 ^ clkbuf_0_clk/X (sky130_fd_sc_hd__clkbuf_16)
                                                         clknet_0_clk (net)
                      0.040316    0.001113    0.109219 ^ clkbuf_1_0__f_clk/A (sky130_fd_sc_hd__clkbuf_16)
     2    0.005077    0.028844    0.108884    0.218103 ^ clkbuf_1_0__f_clk/X (sky130_fd_sc_hd__clkbuf_16)
                                                         clknet_1_0__leaf_clk (net)
                      0.028845    0.000308    0.218412 ^ _49_/CLK (sky130_fd_sc_hd__dfxtp_1)
     3    0.009437    0.053595    0.312051    0.530462 v _49_/Q (sky130_fd_sc_hd__dfxtp_1)
                                                         net7 (net)
                      0.053657    0.000528    0.530991 v output7/A (sky130_fd_sc_hd__buf_1)
     1    0.000326    0.013862    0.076582    0.607573 v output7/X (sky130_fd_sc_hd__buf_1)
                                                         counter[3] (net)
                      0.013862    0.000009    0.607582 v counter[3] (out)
                                              0.607582   data arrival time

                                  0.000000    0.000000   clock clk (rise edge)
                                  0.000000    0.000000   clock network delay (propagated)
                                  0.000000    0.000000   clock reconvergence pessimism
                                 -2.000000   -2.000000   output external delay
                                             -2.000000   data required time
---------------------------------------------------------------------------------------------
                                             -2.000000   data required time
                                             -0.607582   data arrival time
---------------------------------------------------------------------------------------------
                                              2.607582   slack (MET)


Startpoint: _48_ (rising edge-triggered flip-flop clocked by clk)
Endpoint: counter[2] (output port clocked by clk)
Path Group: clk
Path Type: min

Fanout         Cap        Slew       Delay        Time   Description
---------------------------------------------------------------------------------------------
                                  0.000000    0.000000   clock clk (rise edge)
                                  0.000000    0.000000   clock source latency
     1    0.009881    0.000000    0.000000    0.000000 ^ clk (in)
                                                         clk (net)
                      0.000592    0.000296    0.000296 ^ clkbuf_0_clk/A (sky130_fd_sc_hd__clkbuf_16)
     2    0.018194    0.040307    0.107810    0.108106 ^ clkbuf_0_clk/X (sky130_fd_sc_hd__clkbuf_16)
                                                         clknet_0_clk (net)
                      0.040316    0.001084    0.109190 ^ clkbuf_1_1__f_clk/A (sky130_fd_sc_hd__clkbuf_16)
     2    0.005759    0.029467    0.109691    0.218881 ^ clkbuf_1_1__f_clk/X (sky130_fd_sc_hd__clkbuf_16)
                                                         clknet_1_1__leaf_clk (net)
                      0.029468    0.000373    0.219254 ^ _48_/CLK (sky130_fd_sc_hd__dfxtp_1)
     5    0.016115    0.082507    0.334943    0.554197 v _48_/Q (sky130_fd_sc_hd__dfxtp_1)
                                                         net6 (net)
                      0.082517    0.000946    0.555142 v output6/A (sky130_fd_sc_hd__buf_1)
     1    0.000534    0.015483    0.090559    0.645701 v output6/X (sky130_fd_sc_hd__buf_1)
                                                         counter[2] (net)
                      0.015483    0.000014    0.645715 v counter[2] (out)
                                              0.645715   data arrival time

                                  0.000000    0.000000   clock clk (rise edge)
                                  0.000000    0.000000   clock network delay (propagated)
                                  0.000000    0.000000   clock reconvergence pessimism
                                 -2.000000   -2.000000   output external delay
                                             -2.000000   data required time
---------------------------------------------------------------------------------------------
                                             -2.000000   data required time
                                             -0.645715   data arrival time
---------------------------------------------------------------------------------------------
                                              2.645715   slack (MET)


Startpoint: _47_ (rising edge-triggered flip-flop clocked by clk)
Endpoint: counter[1] (output port clocked by clk)
Path Group: clk
Path Type: min

Fanout         Cap        Slew       Delay        Time   Description
---------------------------------------------------------------------------------------------
                                  0.000000    0.000000   clock clk (rise edge)
                                  0.000000    0.000000   clock source latency
     1    0.009881    0.000000    0.000000    0.000000 ^ clk (in)
                                                         clk (net)
                      0.000592    0.000296    0.000296 ^ clkbuf_0_clk/A (sky130_fd_sc_hd__clkbuf_16)
     2    0.018194    0.040307    0.107810    0.108106 ^ clkbuf_0_clk/X (sky130_fd_sc_hd__clkbuf_16)
                                                         clknet_0_clk (net)
                      0.040316    0.001113    0.109219 ^ clkbuf_1_0__f_clk/A (sky130_fd_sc_hd__clkbuf_16)
     2    0.005077    0.028844    0.108884    0.218103 ^ clkbuf_1_0__f_clk/X (sky130_fd_sc_hd__clkbuf_16)
                                                         clknet_1_0__leaf_clk (net)
                      0.028845    0.000279    0.218382 ^ _47_/CLK (sky130_fd_sc_hd__dfxtp_1)
     6    0.021476    0.105692    0.353553    0.571935 v _47_/Q (sky130_fd_sc_hd__dfxtp_1)
                                                         net5 (net)
                      0.105702    0.001016    0.572950 v output5/A (sky130_fd_sc_hd__buf_1)
     1    0.000512    0.015755    0.100525    0.673475 v output5/X (sky130_fd_sc_hd__buf_1)
                                                         counter[1] (net)
                      0.015755    0.000015    0.673490 v counter[1] (out)
                                              0.673490   data arrival time

                                  0.000000    0.000000   clock clk (rise edge)
                                  0.000000    0.000000   clock network delay (propagated)
                                  0.000000    0.000000   clock reconvergence pessimism
                                 -2.000000   -2.000000   output external delay
                                             -2.000000   data required time
---------------------------------------------------------------------------------------------
                                             -2.000000   data required time
                                             -0.673490   data arrival time
---------------------------------------------------------------------------------------------
                                              2.673490   slack (MET)


Startpoint: _46_ (rising edge-triggered flip-flop clocked by clk)
Endpoint: counter[0] (output port clocked by clk)
Path Group: clk
Path Type: min

Fanout         Cap        Slew       Delay        Time   Description
---------------------------------------------------------------------------------------------
                                  0.000000    0.000000   clock clk (rise edge)
                                  0.000000    0.000000   clock source latency
     1    0.009881    0.000000    0.000000    0.000000 ^ clk (in)
                                                         clk (net)
                      0.000592    0.000296    0.000296 ^ clkbuf_0_clk/A (sky130_fd_sc_hd__clkbuf_16)
     2    0.018194    0.040307    0.107810    0.108106 ^ clkbuf_0_clk/X (sky130_fd_sc_hd__clkbuf_16)
                                                         clknet_0_clk (net)
                      0.040316    0.001084    0.109190 ^ clkbuf_1_1__f_clk/A (sky130_fd_sc_hd__clkbuf_16)
     2    0.005759    0.029467    0.109691    0.218881 ^ clkbuf_1_1__f_clk/X (sky130_fd_sc_hd__clkbuf_16)
                                                         clknet_1_1__leaf_clk (net)
                      0.029468    0.000324    0.219205 ^ _46_/CLK (sky130_fd_sc_hd__dfxtp_1)
     7    0.023603    0.113978    0.361032    0.580237 v _46_/Q (sky130_fd_sc_hd__dfxtp_1)
                                                         net4 (net)
                      0.113979    0.000604    0.580840 v output4/A (sky130_fd_sc_hd__buf_1)
     1    0.000391    0.015261    0.103318    0.684158 v output4/X (sky130_fd_sc_hd__buf_1)
                                                         counter[0] (net)
                      0.015261    0.000010    0.684168 v counter[0] (out)
                                              0.684168   data arrival time

                                  0.000000    0.000000   clock clk (rise edge)
                                  0.000000    0.000000   clock network delay (propagated)
                                  0.000000    0.000000   clock reconvergence pessimism
                                 -2.000000   -2.000000   output external delay
                                             -2.000000   data required time
---------------------------------------------------------------------------------------------
                                             -2.000000   data required time
                                             -0.684168   data arrival time
---------------------------------------------------------------------------------------------
                                              2.684169   slack (MET)



%OL_END_REPORT
%OL_CREATE_REPORT max.rpt

===========================================================================
report_checks -path_delay max (Setup)
============================================================================
======================= max_tt_025C_1v80 Corner ===================================

Startpoint: _46_ (rising edge-triggered flip-flop clocked by clk)
Endpoint: counter[0] (output port clocked by clk)
Path Group: clk
Path Type: max

Fanout         Cap        Slew       Delay        Time   Description
---------------------------------------------------------------------------------------------
                                  0.000000    0.000000   clock clk (rise edge)
                                  0.000000    0.000000   clock source latency
     1    0.009881    0.000000    0.000000    0.000000 ^ clk (in)
                                                         clk (net)
                      0.000592    0.000296    0.000296 ^ clkbuf_0_clk/A (sky130_fd_sc_hd__clkbuf_16)
     2    0.018194    0.040307    0.107810    0.108106 ^ clkbuf_0_clk/X (sky130_fd_sc_hd__clkbuf_16)
                                                         clknet_0_clk (net)
                      0.040316    0.001084    0.109190 ^ clkbuf_1_1__f_clk/A (sky130_fd_sc_hd__clkbuf_16)
     2    0.005759    0.029467    0.109691    0.218881 ^ clkbuf_1_1__f_clk/X (sky130_fd_sc_hd__clkbuf_16)
                                                         clknet_1_1__leaf_clk (net)
                      0.029468    0.000324    0.219205 ^ _46_/CLK (sky130_fd_sc_hd__dfxtp_1)
     7    0.025013    0.238015    0.437076    0.656280 ^ _46_/Q (sky130_fd_sc_hd__dfxtp_1)
                                                         net4 (net)
                      0.238015    0.000641    0.656921 ^ output4/A (sky130_fd_sc_hd__buf_1)
     1    0.000391    0.022881    0.096979    0.753900 ^ output4/X (sky130_fd_sc_hd__buf_1)
                                                         counter[0] (net)
                      0.022881    0.000010    0.753910 ^ counter[0] (out)
                                              0.753910   data arrival time

                                 10.000000   10.000000   clock clk (rise edge)
                                  0.000000   10.000000   clock network delay (propagated)
                                  0.000000   10.000000   clock reconvergence pessimism
                                 -2.000000    8.000000   output external delay
                                              8.000000   data required time
---------------------------------------------------------------------------------------------
                                              8.000000   data required time
                                             -0.753910   data arrival time
---------------------------------------------------------------------------------------------
                                              7.246090   slack (MET)


Startpoint: _47_ (rising edge-triggered flip-flop clocked by clk)
Endpoint: counter[1] (output port clocked by clk)
Path Group: clk
Path Type: max

Fanout         Cap        Slew       Delay        Time   Description
---------------------------------------------------------------------------------------------
                                  0.000000    0.000000   clock clk (rise edge)
                                  0.000000    0.000000   clock source latency
     1    0.009881    0.000000    0.000000    0.000000 ^ clk (in)
                                                         clk (net)
                      0.000592    0.000296    0.000296 ^ clkbuf_0_clk/A (sky130_fd_sc_hd__clkbuf_16)
     2    0.018194    0.040307    0.107810    0.108106 ^ clkbuf_0_clk/X (sky130_fd_sc_hd__clkbuf_16)
                                                         clknet_0_clk (net)
                      0.040316    0.001113    0.109219 ^ clkbuf_1_0__f_clk/A (sky130_fd_sc_hd__clkbuf_16)
     2    0.005077    0.028844    0.108884    0.218103 ^ clkbuf_1_0__f_clk/X (sky130_fd_sc_hd__clkbuf_16)
                                                         clknet_1_0__leaf_clk (net)
                      0.028845    0.000279    0.218382 ^ _47_/CLK (sky130_fd_sc_hd__dfxtp_1)
     6    0.022890    0.218870    0.423391    0.641773 ^ _47_/Q (sky130_fd_sc_hd__dfxtp_1)
                                                         net5 (net)
                      0.218873    0.001084    0.642857 ^ output5/A (sky130_fd_sc_hd__buf_1)
     1    0.000512    0.023616    0.095466    0.738322 ^ output5/X (sky130_fd_sc_hd__buf_1)
                                                         counter[1] (net)
                      0.023616    0.000015    0.738337 ^ counter[1] (out)
                                              0.738337   data arrival time

                                 10.000000   10.000000   clock clk (rise edge)
                                  0.000000   10.000000   clock network delay (propagated)
                                  0.000000   10.000000   clock reconvergence pessimism
                                 -2.000000    8.000000   output external delay
                                              8.000000   data required time
---------------------------------------------------------------------------------------------
                                              8.000000   data required time
                                             -0.738337   data arrival time
---------------------------------------------------------------------------------------------
                                              7.261662   slack (MET)


Startpoint: up_down (input port clocked by clk)
Endpoint: _49_ (rising edge-triggered flip-flop clocked by clk)
Path Group: clk
Path Type: max

Fanout         Cap        Slew       Delay        Time   Description
---------------------------------------------------------------------------------------------
                                  0.000000    0.000000   clock clk (rise edge)
                                  0.000000    0.000000   clock network delay (propagated)
                                  2.000000    2.000000 v input external delay
     1    0.002529    0.000000    0.000000    2.000000 v up_down (in)
                                                         up_down (net)
                      0.000156    0.000078    2.000078 v input3/A (sky130_fd_sc_hd__buf_1)
     5    0.012561    0.078891    0.111888    2.111966 v input3/X (sky130_fd_sc_hd__buf_1)
                                                         net3 (net)
                      0.078899    0.000818    2.112784 v _41_/A1 (sky130_fd_sc_hd__o31ai_1)
     2    0.007358    0.310659    0.339954    2.452738 ^ _41_/Y (sky130_fd_sc_hd__o31ai_1)
                                                         _19_ (net)
                      0.310659    0.000336    2.453073 ^ _44_/C (sky130_fd_sc_hd__nand4_1)
     1    0.003129    0.092272    0.135767    2.588840 v _44_/Y (sky130_fd_sc_hd__nand4_1)
                                                         _22_ (net)
                      0.092272    0.000213    2.589053 v _45_/A3 (sky130_fd_sc_hd__a31o_1)
     1    0.002462    0.035117    0.226397    2.815450 v _45_/X (sky130_fd_sc_hd__a31o_1)
                                                         _03_ (net)
                      0.035117    0.000102    2.815552 v _49_/D (sky130_fd_sc_hd__dfxtp_1)
                                              2.815552   data arrival time

                                 10.000000   10.000000   clock clk (rise edge)
                                  0.000000   10.000000   clock source latency
     1    0.009881    0.000000    0.000000   10.000000 ^ clk (in)
                                                         clk (net)
                      0.000592    0.000296   10.000296 ^ clkbuf_0_clk/A (sky130_fd_sc_hd__clkbuf_16)
     2    0.018194    0.040307    0.107811   10.108107 ^ clkbuf_0_clk/X (sky130_fd_sc_hd__clkbuf_16)
                                                         clknet_0_clk (net)
                      0.040316    0.001113   10.109220 ^ clkbuf_1_0__f_clk/A (sky130_fd_sc_hd__clkbuf_16)
     2    0.005077    0.028844    0.108884   10.218103 ^ clkbuf_1_0__f_clk/X (sky130_fd_sc_hd__clkbuf_16)
                                                         clknet_1_0__leaf_clk (net)
                      0.028845    0.000309   10.218412 ^ _49_/CLK (sky130_fd_sc_hd__dfxtp_1)
                                  0.000000   10.218412   clock reconvergence pessimism
                                 -0.109963   10.108450   library setup time
                                             10.108450   data required time
---------------------------------------------------------------------------------------------
                                             10.108450   data required time
                                             -2.815552   data arrival time
---------------------------------------------------------------------------------------------
                                              7.292897   slack (MET)


Startpoint: _48_ (rising edge-triggered flip-flop clocked by clk)
Endpoint: counter[2] (output port clocked by clk)
Path Group: clk
Path Type: max

Fanout         Cap        Slew       Delay        Time   Description
---------------------------------------------------------------------------------------------
                                  0.000000    0.000000   clock clk (rise edge)
                                  0.000000    0.000000   clock source latency
     1    0.009881    0.000000    0.000000    0.000000 ^ clk (in)
                                                         clk (net)
                      0.000592    0.000296    0.000296 ^ clkbuf_0_clk/A (sky130_fd_sc_hd__clkbuf_16)
     2    0.018194    0.040307    0.107810    0.108106 ^ clkbuf_0_clk/X (sky130_fd_sc_hd__clkbuf_16)
                                                         clknet_0_clk (net)
                      0.040316    0.001084    0.109190 ^ clkbuf_1_1__f_clk/A (sky130_fd_sc_hd__clkbuf_16)
     2    0.005759    0.029467    0.109691    0.218881 ^ clkbuf_1_1__f_clk/X (sky130_fd_sc_hd__clkbuf_16)
                                                         clknet_1_1__leaf_clk (net)
                      0.029468    0.000373    0.219254 ^ _48_/CLK (sky130_fd_sc_hd__dfxtp_1)
     5    0.017218    0.167883    0.386951    0.606205 ^ _48_/Q (sky130_fd_sc_hd__dfxtp_1)
                                                         net6 (net)
                      0.167886    0.001013    0.607218 ^ output6/A (sky130_fd_sc_hd__buf_1)
     1    0.000534    0.022751    0.088565    0.695783 ^ output6/X (sky130_fd_sc_hd__buf_1)
                                                         counter[2] (net)
                      0.022751    0.000014    0.695797 ^ counter[2] (out)
                                              0.695797   data arrival time

                                 10.000000   10.000000   clock clk (rise edge)
                                  0.000000   10.000000   clock network delay (propagated)
                                  0.000000   10.000000   clock reconvergence pessimism
                                 -2.000000    8.000000   output external delay
                                              8.000000   data required time
---------------------------------------------------------------------------------------------
                                              8.000000   data required time
                                             -0.695797   data arrival time
---------------------------------------------------------------------------------------------
                                              7.304203   slack (MET)


Startpoint: _49_ (rising edge-triggered flip-flop clocked by clk)
Endpoint: counter[3] (output port clocked by clk)
Path Group: clk
Path Type: max

Fanout         Cap        Slew       Delay        Time   Description
---------------------------------------------------------------------------------------------
                                  0.000000    0.000000   clock clk (rise edge)
                                  0.000000    0.000000   clock source latency
     1    0.009881    0.000000    0.000000    0.000000 ^ clk (in)
                                                         clk (net)
                      0.000592    0.000296    0.000296 ^ clkbuf_0_clk/A (sky130_fd_sc_hd__clkbuf_16)
     2    0.018194    0.040307    0.107810    0.108106 ^ clkbuf_0_clk/X (sky130_fd_sc_hd__clkbuf_16)
                                                         clknet_0_clk (net)
                      0.040316    0.001113    0.109219 ^ clkbuf_1_0__f_clk/A (sky130_fd_sc_hd__clkbuf_16)
     2    0.005077    0.028844    0.108884    0.218103 ^ clkbuf_1_0__f_clk/X (sky130_fd_sc_hd__clkbuf_16)
                                                         clknet_1_0__leaf_clk (net)
                      0.028845    0.000308    0.218412 ^ _49_/CLK (sky130_fd_sc_hd__dfxtp_1)
     3    0.010087    0.103649    0.341436    0.559848 ^ _49_/Q (sky130_fd_sc_hd__dfxtp_1)
                                                         net7 (net)
                      0.103650    0.000568    0.560417 ^ output7/A (sky130_fd_sc_hd__buf_1)
     1    0.000326    0.019268    0.075547    0.635963 ^ output7/X (sky130_fd_sc_hd__buf_1)
                                                         counter[3] (net)
                      0.019268    0.000009    0.635972 ^ counter[3] (out)
                                              0.635972   data arrival time

                                 10.000000   10.000000   clock clk (rise edge)
                                  0.000000   10.000000   clock network delay (propagated)
                                  0.000000   10.000000   clock reconvergence pessimism
                                 -2.000000    8.000000   output external delay
                                              8.000000   data required time
---------------------------------------------------------------------------------------------
                                              8.000000   data required time
                                             -0.635972   data arrival time
---------------------------------------------------------------------------------------------
                                              7.364028   slack (MET)


Startpoint: enable (input port clocked by clk)
Endpoint: _47_ (rising edge-triggered flip-flop clocked by clk)
Path Group: clk
Path Type: max

Fanout         Cap        Slew       Delay        Time   Description
---------------------------------------------------------------------------------------------
                                  0.000000    0.000000   clock clk (rise edge)
                                  0.000000    0.000000   clock network delay (propagated)
                                  2.000000    2.000000 ^ input external delay
     1    0.002621    0.000000    0.000000    2.000000 ^ enable (in)
                                                         enable (net)
                      0.000165    0.000082    2.000082 ^ input1/A (sky130_fd_sc_hd__buf_1)
     5    0.015590    0.188133    0.166248    2.166331 ^ input1/X (sky130_fd_sc_hd__buf_1)
                                                         net1 (net)
                      0.188136    0.000663    2.166994 ^ _26_/A (sky130_fd_sc_hd__nor2_1)
     3    0.009667    0.074319    0.107207    2.274201 v _26_/Y (sky130_fd_sc_hd__nor2_1)
                                                         _07_ (net)
                      0.074321    0.000520    2.274721 v _33_/A2 (sky130_fd_sc_hd__a21o_1)
     1    0.002697    0.032534    0.181632    2.456353 v _33_/X (sky130_fd_sc_hd__a21o_1)
                                                         _13_ (net)
                      0.032534    0.000201    2.456554 v _34_/B1 (sky130_fd_sc_hd__a31o_1)
     1    0.002468    0.035062    0.171930    2.628484 v _34_/X (sky130_fd_sc_hd__a31o_1)
                                                         _01_ (net)
                      0.035064    0.000170    2.628654 v _47_/D (sky130_fd_sc_hd__dfxtp_1)
                                              2.628654   data arrival time

                                 10.000000   10.000000   clock clk (rise edge)
                                  0.000000   10.000000   clock source latency
     1    0.009881    0.000000    0.000000   10.000000 ^ clk (in)
                                                         clk (net)
                      0.000592    0.000296   10.000296 ^ clkbuf_0_clk/A (sky130_fd_sc_hd__clkbuf_16)
     2    0.018194    0.040307    0.107811   10.108107 ^ clkbuf_0_clk/X (sky130_fd_sc_hd__clkbuf_16)
                                                         clknet_0_clk (net)
                      0.040316    0.001113   10.109220 ^ clkbuf_1_0__f_clk/A (sky130_fd_sc_hd__clkbuf_16)
     2    0.005077    0.028844    0.108884   10.218103 ^ clkbuf_1_0__f_clk/X (sky130_fd_sc_hd__clkbuf_16)
                                                         clknet_1_0__leaf_clk (net)
                      0.028845    0.000279   10.218382 ^ _47_/CLK (sky130_fd_sc_hd__dfxtp_1)
                                  0.000000   10.218382   clock reconvergence pessimism
                                 -0.109940   10.108441   library setup time
                                             10.108441   data required time
---------------------------------------------------------------------------------------------
                                             10.108441   data required time
                                             -2.628654   data arrival time
---------------------------------------------------------------------------------------------
                                              7.479788   slack (MET)


Startpoint: up_down (input port clocked by clk)
Endpoint: _48_ (rising edge-triggered flip-flop clocked by clk)
Path Group: clk
Path Type: max

Fanout         Cap        Slew       Delay        Time   Description
---------------------------------------------------------------------------------------------
                                  0.000000    0.000000   clock clk (rise edge)
                                  0.000000    0.000000   clock network delay (propagated)
                                  2.000000    2.000000 v input external delay
     1    0.002529    0.000000    0.000000    2.000000 v up_down (in)
                                                         up_down (net)
                      0.000156    0.000078    2.000078 v input3/A (sky130_fd_sc_hd__buf_1)
     5    0.012561    0.078891    0.111888    2.111966 v input3/X (sky130_fd_sc_hd__buf_1)
                                                         net3 (net)
                      0.078901    0.000898    2.112864 v _30_/A (sky130_fd_sc_hd__or2_1)
     2    0.007862    0.071866    0.262927    2.375791 v _30_/X (sky130_fd_sc_hd__or2_1)
                                                         _10_ (net)
                      0.071867    0.000301    2.376091 v _38_/A (sky130_fd_sc_hd__xnor2_1)
     1    0.002921    0.117991    0.156806    2.532897 ^ _38_/Y (sky130_fd_sc_hd__xnor2_1)
                                                         _17_ (net)
                      0.117991    0.000214    2.533111 ^ _40_/A2 (sky130_fd_sc_hd__o21ai_1)
     1    0.002309    0.044737    0.066758    2.599869 v _40_/Y (sky130_fd_sc_hd__o21ai_1)
                                                         _02_ (net)
                      0.044737    0.000097    2.599966 v _48_/D (sky130_fd_sc_hd__dfxtp_1)
                                              2.599966   data arrival time

                                 10.000000   10.000000   clock clk (rise edge)
                                  0.000000   10.000000   clock source latency
     1    0.009881    0.000000    0.000000   10.000000 ^ clk (in)
                                                         clk (net)
                      0.000592    0.000296   10.000296 ^ clkbuf_0_clk/A (sky130_fd_sc_hd__clkbuf_16)
     2    0.018194    0.040307    0.107811   10.108107 ^ clkbuf_0_clk/X (sky130_fd_sc_hd__clkbuf_16)
                                                         clknet_0_clk (net)
                      0.040316    0.001084   10.109190 ^ clkbuf_1_1__f_clk/A (sky130_fd_sc_hd__clkbuf_16)
     2    0.005759    0.029467    0.109691   10.218882 ^ clkbuf_1_1__f_clk/X (sky130_fd_sc_hd__clkbuf_16)
                                                         clknet_1_1__leaf_clk (net)
                      0.029468    0.000373   10.219254 ^ _48_/CLK (sky130_fd_sc_hd__dfxtp_1)
                                  0.000000   10.219254   clock reconvergence pessimism
                                 -0.114044   10.105210   library setup time
                                             10.105210   data required time
---------------------------------------------------------------------------------------------
                                             10.105210   data required time
                                             -2.599966   data arrival time
---------------------------------------------------------------------------------------------
                                              7.505244   slack (MET)


Startpoint: enable (input port clocked by clk)
Endpoint: _46_ (rising edge-triggered flip-flop clocked by clk)
Path Group: clk
Path Type: max

Fanout         Cap        Slew       Delay        Time   Description
---------------------------------------------------------------------------------------------
                                  0.000000    0.000000   clock clk (rise edge)
                                  0.000000    0.000000   clock network delay (propagated)
                                  2.000000    2.000000 ^ input external delay
     1    0.002621    0.000000    0.000000    2.000000 ^ enable (in)
                                                         enable (net)
                      0.000165    0.000082    2.000082 ^ input1/A (sky130_fd_sc_hd__buf_1)
     5    0.015590    0.188133    0.166248    2.166331 ^ input1/X (sky130_fd_sc_hd__buf_1)
                                                         net1 (net)
                      0.188136    0.000663    2.166994 ^ _26_/A (sky130_fd_sc_hd__nor2_1)
     3    0.009667    0.074319    0.107207    2.274201 v _26_/Y (sky130_fd_sc_hd__nor2_1)
                                                         _07_ (net)
                      0.074322    0.000603    2.274804 v _27_/A2 (sky130_fd_sc_hd__a21oi_1)
     1    0.002916    0.106331    0.148457    2.423261 ^ _27_/Y (sky130_fd_sc_hd__a21oi_1)
                                                         _08_ (net)
                      0.106332    0.000203    2.423464 ^ _28_/B1 (sky130_fd_sc_hd__o21ai_1)
     1    0.002287    0.057384    0.071836    2.495300 v _28_/Y (sky130_fd_sc_hd__o21ai_1)
                                                         _00_ (net)
                      0.057384    0.000168    2.495467 v _46_/D (sky130_fd_sc_hd__dfxtp_1)
                                              2.495467   data arrival time

                                 10.000000   10.000000   clock clk (rise edge)
                                  0.000000   10.000000   clock source latency
     1    0.009881    0.000000    0.000000   10.000000 ^ clk (in)
                                                         clk (net)
                      0.000592    0.000296   10.000296 ^ clkbuf_0_clk/A (sky130_fd_sc_hd__clkbuf_16)
     2    0.018194    0.040307    0.107811   10.108107 ^ clkbuf_0_clk/X (sky130_fd_sc_hd__clkbuf_16)
                                                         clknet_0_clk (net)
                      0.040316    0.001084   10.109190 ^ clkbuf_1_1__f_clk/A (sky130_fd_sc_hd__clkbuf_16)
     2    0.005759    0.029467    0.109691   10.218882 ^ clkbuf_1_1__f_clk/X (sky130_fd_sc_hd__clkbuf_16)
                                                         clknet_1_1__leaf_clk (net)
                      0.029468    0.000323   10.219205 ^ _46_/CLK (sky130_fd_sc_hd__dfxtp_1)
                                  0.000000   10.219205   clock reconvergence pessimism
                                 -0.119599   10.099605   library setup time
                                             10.099605   data required time
---------------------------------------------------------------------------------------------
                                             10.099605   data required time
                                             -2.495467   data arrival time
---------------------------------------------------------------------------------------------
                                              7.604138   slack (MET)



%OL_END_REPORT
%OL_CREATE_REPORT checks.rpt

===========================================================================
report_checks -unconstrained
===========================================================================
======================= max_tt_025C_1v80 Corner ===================================

Startpoint: _46_ (rising edge-triggered flip-flop clocked by clk)
Endpoint: counter[0] (output port clocked by clk)
Path Group: clk
Path Type: max

Fanout         Cap        Slew       Delay        Time   Description
---------------------------------------------------------------------------------------------
                                  0.000000    0.000000   clock clk (rise edge)
                                  0.000000    0.000000   clock source latency
     1    0.009881    0.000000    0.000000    0.000000 ^ clk (in)
                                                         clk (net)
                      0.000592    0.000296    0.000296 ^ clkbuf_0_clk/A (sky130_fd_sc_hd__clkbuf_16)
     2    0.018194    0.040307    0.107810    0.108106 ^ clkbuf_0_clk/X (sky130_fd_sc_hd__clkbuf_16)
                                                         clknet_0_clk (net)
                      0.040316    0.001084    0.109190 ^ clkbuf_1_1__f_clk/A (sky130_fd_sc_hd__clkbuf_16)
     2    0.005759    0.029467    0.109691    0.218881 ^ clkbuf_1_1__f_clk/X (sky130_fd_sc_hd__clkbuf_16)
                                                         clknet_1_1__leaf_clk (net)
                      0.029468    0.000324    0.219205 ^ _46_/CLK (sky130_fd_sc_hd__dfxtp_1)
     7    0.025013    0.238015    0.437076    0.656280 ^ _46_/Q (sky130_fd_sc_hd__dfxtp_1)
                                                         net4 (net)
                      0.238015    0.000641    0.656921 ^ output4/A (sky130_fd_sc_hd__buf_1)
     1    0.000391    0.022881    0.096979    0.753900 ^ output4/X (sky130_fd_sc_hd__buf_1)
                                                         counter[0] (net)
                      0.022881    0.000010    0.753910 ^ counter[0] (out)
                                              0.753910   data arrival time

                                 10.000000   10.000000   clock clk (rise edge)
                                  0.000000   10.000000   clock network delay (propagated)
                                  0.000000   10.000000   clock reconvergence pessimism
                                 -2.000000    8.000000   output external delay
                                              8.000000   data required time
---------------------------------------------------------------------------------------------
                                              8.000000   data required time
                                             -0.753910   data arrival time
---------------------------------------------------------------------------------------------
                                              7.246090   slack (MET)




===========================================================================
report_checks --slack_max -0.01
============================================================================
======================= max_tt_025C_1v80 Corner ===================================

No paths found.


===========================================================================
 report_check_types -max_slew -max_cap -max_fanout -violators
============================================================================
======================= max_tt_025C_1v80 Corner ===================================



===========================================================================
report_parasitic_annotation -report_unannotated
============================================================================
Found 0 unannotated drivers.
Found 0 partially unannotated drivers.

===========================================================================
max slew violation count 0
%OL_METRIC_I design__max_slew_violation__count__corner:max_tt_025C_1v80 0
max fanout violation count 0
%OL_METRIC_I design__max_fanout_violation__count__corner:max_tt_025C_1v80 0
max cap violation count 0
%OL_METRIC_I design__max_cap_violation__count__corner:max_tt_025C_1v80 0
============================================================================

===========================================================================
check_setup -verbose -unconstrained_endpoints -multiple_clock -no_clock -no_input_delay -loops -generated_clocks
===========================================================================
%OL_END_REPORT
%OL_CREATE_REPORT power.rpt

===========================================================================
 report_power
============================================================================
======================= max_tt_025C_1v80 Corner ===================================

Group                    Internal    Switching      Leakage        Total
                            Power        Power        Power        Power (Watts)
------------------------------------------------------------------------
Sequential           1.827087e-05 2.987357e-06 3.369405e-11 2.125826e-05  23.1%
Combinational        5.766954e-06 4.758225e-06 7.147118e-11 1.052525e-05  11.4%
Clock                5.091245e-05 9.405747e-06 3.696930e-11 6.031823e-05  65.5%
Macro                0.000000e+00 0.000000e+00 0.000000e+00 0.000000e+00   0.0%
Pad                  0.000000e+00 0.000000e+00 0.000000e+00 0.000000e+00   0.0%
------------------------------------------------------------------------
Total                7.495028e-05 1.715133e-05 1.421345e-10 9.210175e-05 100.0%
                            81.4%        18.6%         0.0%
%OL_METRIC_F power__internal__total 7.495027966797352e-5
%OL_METRIC_F power__switching__total 1.7151325664599426e-5
%OL_METRIC_F power__leakage__total 1.4213452637079627e-10
%OL_METRIC_F power__total 9.210174903273582e-5

%OL_END_REPORT
%OL_CREATE_REPORT skew.min.rpt

===========================================================================
Clock Skew (Hold)
============================================================================
%OL_METRIC_F clock__skew__worst_hold__corner:max_tt_025C_1v80 -0.000872163477236375
======================= max_tt_025C_1v80 Corner ===================================

Clock clk
0.218382 source latency _47_/CLK ^
-0.219254 target latency _48_/CLK ^
0.000000 CRPR
--------------
-0.000872 hold skew

%OL_END_REPORT
%OL_CREATE_REPORT skew.max.rpt

===========================================================================
Clock Skew (Setup)
============================================================================
%OL_METRIC_F clock__skew__worst_setup__corner:max_tt_025C_1v80 -0.000872163477236375
======================= max_tt_025C_1v80 Corner ===================================

Clock clk
0.218382 source latency _47_/CLK ^
-0.219254 target latency _48_/CLK ^
0.000000 CRPR
--------------
-0.000872 setup skew

%OL_END_REPORT
%OL_CREATE_REPORT ws.min.rpt

===========================================================================
Worst Slack (Hold)
============================================================================
%OL_METRIC_F timing__hold__ws__corner:max_tt_025C_1v80 0.5429106207157186
max_tt_025C_1v80: 0.5429106207157186
%OL_END_REPORT
%OL_CREATE_REPORT ws.max.rpt

===========================================================================
Worst Slack (Setup)
============================================================================
%OL_METRIC_F timing__setup__ws__corner:max_tt_025C_1v80 7.246089711129953
max_tt_025C_1v80: 7.246089711129953
%OL_END_REPORT
%OL_CREATE_REPORT tns.min.rpt

===========================================================================
Total Negative Slack (Hold)
============================================================================
%OL_METRIC_F timing__hold__tns__corner:max_tt_025C_1v80 0.0
max_tt_025C_1v80: 0.0
%OL_END_REPORT
%OL_CREATE_REPORT tns.max.rpt

===========================================================================
Total Negative Slack (Setup)
============================================================================
%OL_METRIC_F timing__setup__tns__corner:max_tt_025C_1v80 0.0
max_tt_025C_1v80: 0.0
%OL_END_REPORT
%OL_CREATE_REPORT wns.min.rpt

===========================================================================
Worst Negative Slack (Hold)
============================================================================
%OL_METRIC_F timing__hold__wns__corner:max_tt_025C_1v80 0
max_tt_025C_1v80: 0
%OL_END_REPORT
%OL_CREATE_REPORT wns.max.rpt

===========================================================================
Worst Negative Slack (Setup)
============================================================================
%OL_METRIC_F timing__setup__wns__corner:max_tt_025C_1v80 0.0
max_tt_025C_1v80: 0.0
%OL_END_REPORT
%OL_CREATE_REPORT violator_list.rpt

===========================================================================
Violator List
============================================================================
%OL_METRIC_I timing__hold_vio__count__corner:max_tt_025C_1v80 0
%OL_METRIC_F timing__hold_r2r__ws__corner:max_tt_025C_1v80 0.542911
%OL_METRIC_I timing__hold_r2r_vio__count__corner:max_tt_025C_1v80 0
%OL_METRIC_I timing__setup_vio__count__corner:max_tt_025C_1v80 0
%OL_METRIC_F timing__setup_r2r__ws__corner:max_tt_025C_1v80 inf
%OL_METRIC_I timing__setup_r2r_vio__count__corner:max_tt_025C_1v80 0
%OL_END_REPORT
%OL_CREATE_REPORT unpropagated.rpt
%OL_END_REPORT
%OL_CREATE_REPORT clock.rpt
Clock: clk
Sources: clk 
Generated: no
Virtual: yes
Propagated: no
Period: 10.000000

===========================================================================
report_clock_properties
============================================================================
Clock                   Period          Waveform
----------------------------------------------------
clk                  10.000000    0.000000  5.000000

===========================================================================
report_clock_latency
============================================================================
Clock clk
rise -> rise
    min     max
0.000000 0.000000 source latency
0.218382         network latency _47_/CLK
        0.219254 network latency _48_/CLK
---------------
0.218382 0.219254 latency
        0.000872 skew

fall -> fall
    min     max
0.000000 0.000000 source latency
0.254546         network latency _47_/CLK
        0.255344 network latency _48_/CLK
---------------
0.254546 0.255344 latency
        0.000798 skew



===========================================================================
report_clock_min_period
============================================================================
clk period_min = 1.18 fmax = 849.50
%OL_END_REPORT
Writing SDF files for all corners…
Removing Clock latencies before writing libs…
Writing timing models for all corners…
Writing timing models for the max_tt_025C_1v80 corner to /home/amostafa/vlsi/runs/RUN_2024-12-04_11-17-08/13-openroad-stapostpnr/max_tt_025C_1v80/counter_dut__max_tt_025C_1v80.lib…
