
===========================================================================
report_checks -path_delay max (Setup)
============================================================================
======================= nom_tt_025C_1v80 Corner ===================================

Startpoint: up_down (input port clocked by clk)
Endpoint: _49_ (rising edge-triggered flip-flop clocked by clk)
Path Group: clk
Path Type: max

Fanout         Cap        Slew       Delay        Time   Description
---------------------------------------------------------------------------------------------
                      0.000000    0.000000    0.000000   clock clk (rise edge)
                                  0.000000    0.000000   clock network delay (ideal)
                                  2.000000    2.000000 v input external delay
     1    0.002015    0.000000    0.000000    2.000000 v up_down (in)
                                                         up_down (net)
                      0.000000    0.000000    2.000000 v input3/A (sky130_fd_sc_hd__buf_1)
     5    0.009411    0.062468    0.099123    2.099123 v input3/X (sky130_fd_sc_hd__buf_1)
                                                         net3 (net)
                      0.062468    0.000000    2.099123 v _41_/A1 (sky130_fd_sc_hd__o31ai_1)
     2    0.004897    0.251625    0.281472    2.380595 ^ _41_/Y (sky130_fd_sc_hd__o31ai_1)
                                                         _19_ (net)
                      0.251625    0.000000    2.380595 ^ _44_/C (sky130_fd_sc_hd__nand4_1)
     1    0.002259    0.078398    0.117922    2.498516 v _44_/Y (sky130_fd_sc_hd__nand4_1)
                                                         _22_ (net)
                      0.078398    0.000000    2.498516 v _45_/A3 (sky130_fd_sc_hd__a31o_1)
     1    0.001681    0.032574    0.215266    2.713783 v _45_/X (sky130_fd_sc_hd__a31o_1)
                                                         _03_ (net)
                      0.032574    0.000000    2.713783 v _49_/D (sky130_fd_sc_hd__dfxtp_1)
                                              2.713783   data arrival time

                      0.000000   10.000000   10.000000   clock clk (rise edge)
                                  0.000000   10.000000   clock network delay (ideal)
                                  0.000000   10.000000   clock reconvergence pessimism
                                             10.000000 ^ _49_/CLK (sky130_fd_sc_hd__dfxtp_1)
                                 -0.115578    9.884422   library setup time
                                              9.884422   data required time
---------------------------------------------------------------------------------------------
                                              9.884422   data required time
                                             -2.713783   data arrival time
---------------------------------------------------------------------------------------------
                                              7.170640   slack (MET)


Startpoint: up_down (input port clocked by clk)
Endpoint: _48_ (rising edge-triggered flip-flop clocked by clk)
Path Group: clk
Path Type: max

Fanout         Cap        Slew       Delay        Time   Description
---------------------------------------------------------------------------------------------
                      0.000000    0.000000    0.000000   clock clk (rise edge)
                                  0.000000    0.000000   clock network delay (ideal)
                                  2.000000    2.000000 v input external delay
     1    0.002015    0.000000    0.000000    2.000000 v up_down (in)
                                                         up_down (net)
                      0.000000    0.000000    2.000000 v input3/A (sky130_fd_sc_hd__buf_1)
     5    0.009411    0.062468    0.099123    2.099123 v input3/X (sky130_fd_sc_hd__buf_1)
                                                         net3 (net)
                      0.062468    0.000000    2.099123 v _30_/A (sky130_fd_sc_hd__or2_1)
     2    0.006593    0.067727    0.249674    2.348797 v _30_/X (sky130_fd_sc_hd__or2_1)
                                                         _10_ (net)
                      0.067727    0.000000    2.348797 v _38_/A (sky130_fd_sc_hd__xnor2_1)
     1    0.002617    0.114602    0.150563    2.499360 ^ _38_/Y (sky130_fd_sc_hd__xnor2_1)
                                                         _17_ (net)
                      0.114602    0.000000    2.499360 ^ _40_/A2 (sky130_fd_sc_hd__o21ai_1)
     1    0.001681    0.040989    0.061433    2.560793 v _40_/Y (sky130_fd_sc_hd__o21ai_1)
                                                         _02_ (net)
                      0.040989    0.000000    2.560793 v _48_/D (sky130_fd_sc_hd__dfxtp_1)
                                              2.560793   data arrival time

                      0.000000   10.000000   10.000000   clock clk (rise edge)
                                  0.000000   10.000000   clock network delay (ideal)
                                  0.000000   10.000000   clock reconvergence pessimism
                                             10.000000 ^ _48_/CLK (sky130_fd_sc_hd__dfxtp_1)
                                 -0.119279    9.880721   library setup time
                                              9.880721   data required time
---------------------------------------------------------------------------------------------
                                              9.880721   data required time
                                             -2.560793   data arrival time
---------------------------------------------------------------------------------------------
                                              7.319928   slack (MET)


Startpoint: enable (input port clocked by clk)
Endpoint: _47_ (rising edge-triggered flip-flop clocked by clk)
Path Group: clk
Path Type: max

Fanout         Cap        Slew       Delay        Time   Description
---------------------------------------------------------------------------------------------
                      0.000000    0.000000    0.000000   clock clk (rise edge)
                                  0.000000    0.000000   clock network delay (ideal)
                                  2.000000    2.000000 ^ input external delay
     1    0.002191    0.000000    0.000000    2.000000 ^ enable (in)
                                                         enable (net)
                      0.000000    0.000000    2.000000 ^ input1/A (sky130_fd_sc_hd__buf_1)
     5    0.012034    0.150741    0.138442    2.138442 ^ input1/X (sky130_fd_sc_hd__buf_1)
                                                         net1 (net)
                      0.150741    0.000000    2.138442 ^ _26_/A (sky130_fd_sc_hd__nor2_1)
     3    0.006667    0.058844    0.086654    2.225096 v _26_/Y (sky130_fd_sc_hd__nor2_1)
                                                         _07_ (net)
                      0.058844    0.000000    2.225096 v _33_/A2 (sky130_fd_sc_hd__a21o_1)
     1    0.002152    0.031115    0.172272    2.397369 v _33_/X (sky130_fd_sc_hd__a21o_1)
                                                         _13_ (net)
                      0.031115    0.000000    2.397369 v _34_/B1 (sky130_fd_sc_hd__a31o_1)
     1    0.001681    0.032330    0.166048    2.563416 v _34_/X (sky130_fd_sc_hd__a31o_1)
                                                         _01_ (net)
                      0.032330    0.000000    2.563416 v _47_/D (sky130_fd_sc_hd__dfxtp_1)
                                              2.563416   data arrival time

                      0.000000   10.000000   10.000000   clock clk (rise edge)
                                  0.000000   10.000000   clock network delay (ideal)
                                  0.000000   10.000000   clock reconvergence pessimism
                                             10.000000 ^ _47_/CLK (sky130_fd_sc_hd__dfxtp_1)
                                 -0.115470    9.884530   library setup time
                                              9.884530   data required time
---------------------------------------------------------------------------------------------
                                              9.884530   data required time
                                             -2.563416   data arrival time
---------------------------------------------------------------------------------------------
                                              7.321114   slack (MET)


Startpoint: enable (input port clocked by clk)
Endpoint: _46_ (rising edge-triggered flip-flop clocked by clk)
Path Group: clk
Path Type: max

Fanout         Cap        Slew       Delay        Time   Description
---------------------------------------------------------------------------------------------
                      0.000000    0.000000    0.000000   clock clk (rise edge)
                                  0.000000    0.000000   clock network delay (ideal)
                                  2.000000    2.000000 ^ input external delay
     1    0.002191    0.000000    0.000000    2.000000 ^ enable (in)
                                                         enable (net)
                      0.000000    0.000000    2.000000 ^ input1/A (sky130_fd_sc_hd__buf_1)
     5    0.012034    0.150741    0.138442    2.138442 ^ input1/X (sky130_fd_sc_hd__buf_1)
                                                         net1 (net)
                      0.150741    0.000000    2.138442 ^ _26_/A (sky130_fd_sc_hd__nor2_1)
     3    0.006667    0.058844    0.086654    2.225096 v _26_/Y (sky130_fd_sc_hd__nor2_1)
                                                         _07_ (net)
                      0.058844    0.000000    2.225096 v _27_/A2 (sky130_fd_sc_hd__a21oi_1)
     1    0.002018    0.091589    0.129384    2.354480 ^ _27_/Y (sky130_fd_sc_hd__a21oi_1)
                                                         _08_ (net)
                      0.091589    0.000000    2.354480 ^ _28_/B1 (sky130_fd_sc_hd__o21ai_1)
     1    0.001681    0.047897    0.062990    2.417470 v _28_/Y (sky130_fd_sc_hd__o21ai_1)
                                                         _00_ (net)
                      0.047897    0.000000    2.417470 v _46_/D (sky130_fd_sc_hd__dfxtp_1)
                                              2.417470   data arrival time

                      0.000000   10.000000   10.000000   clock clk (rise edge)
                                  0.000000   10.000000   clock network delay (ideal)
                                  0.000000   10.000000   clock reconvergence pessimism
                                             10.000000 ^ _46_/CLK (sky130_fd_sc_hd__dfxtp_1)
                                 -0.122318    9.877682   library setup time
                                              9.877682   data required time
---------------------------------------------------------------------------------------------
                                              9.877682   data required time
                                             -2.417470   data arrival time
---------------------------------------------------------------------------------------------
                                              7.460212   slack (MET)


Startpoint: _46_ (rising edge-triggered flip-flop clocked by clk)
Endpoint: counter[0] (output port clocked by clk)
Path Group: clk
Path Type: max

Fanout         Cap        Slew       Delay        Time   Description
---------------------------------------------------------------------------------------------
                      0.000000    0.000000    0.000000   clock clk (rise edge)
                                  0.000000    0.000000   clock network delay (ideal)
                      0.000000    0.000000    0.000000 ^ _46_/CLK (sky130_fd_sc_hd__dfxtp_1)
     7    0.019091    0.187532    0.389274    0.389274 ^ _46_/Q (sky130_fd_sc_hd__dfxtp_1)
                                                         net4 (net)
                      0.187532    0.000000    0.389274 ^ output4/A (sky130_fd_sc_hd__buf_1)
     1    0.000000    0.017811    0.086327    0.475601 ^ output4/X (sky130_fd_sc_hd__buf_1)
                                                         counter[0] (net)
                      0.017811    0.000000    0.475601 ^ counter[0] (out)
                                              0.475601   data arrival time

                      0.000000   10.000000   10.000000   clock clk (rise edge)
                                  0.000000   10.000000   clock network delay (ideal)
                                  0.000000   10.000000   clock reconvergence pessimism
                                 -2.000000    8.000000   output external delay
                                              8.000000   data required time
---------------------------------------------------------------------------------------------
                                              8.000000   data required time
                                             -0.475601   data arrival time
---------------------------------------------------------------------------------------------
                                              7.524399   slack (MET)


Startpoint: _47_ (rising edge-triggered flip-flop clocked by clk)
Endpoint: counter[1] (output port clocked by clk)
Path Group: clk
Path Type: max

Fanout         Cap        Slew       Delay        Time   Description
---------------------------------------------------------------------------------------------
                      0.000000    0.000000    0.000000   clock clk (rise edge)
                                  0.000000    0.000000   clock network delay (ideal)
                      0.000000    0.000000    0.000000 ^ _47_/CLK (sky130_fd_sc_hd__dfxtp_1)
     6    0.016750    0.166391    0.374222    0.374222 ^ _47_/Q (sky130_fd_sc_hd__dfxtp_1)
                                                         net5 (net)
                      0.166391    0.000000    0.374222 ^ output5/A (sky130_fd_sc_hd__buf_1)
     1    0.000000    0.017291    0.083423    0.457645 ^ output5/X (sky130_fd_sc_hd__buf_1)
                                                         counter[1] (net)
                      0.017291    0.000000    0.457645 ^ counter[1] (out)
                                              0.457645   data arrival time

                      0.000000   10.000000   10.000000   clock clk (rise edge)
                                  0.000000   10.000000   clock network delay (ideal)
                                  0.000000   10.000000   clock reconvergence pessimism
                                 -2.000000    8.000000   output external delay
                                              8.000000   data required time
---------------------------------------------------------------------------------------------
                                              8.000000   data required time
                                             -0.457645   data arrival time
---------------------------------------------------------------------------------------------
                                              7.542356   slack (MET)


Startpoint: _48_ (rising edge-triggered flip-flop clocked by clk)
Endpoint: counter[2] (output port clocked by clk)
Path Group: clk
Path Type: max

Fanout         Cap        Slew       Delay        Time   Description
---------------------------------------------------------------------------------------------
                      0.000000    0.000000    0.000000   clock clk (rise edge)
                                  0.000000    0.000000   clock network delay (ideal)
                      0.000000    0.000000    0.000000 ^ _48_/CLK (sky130_fd_sc_hd__dfxtp_1)
     5    0.012181    0.125129    0.344845    0.344845 ^ _48_/Q (sky130_fd_sc_hd__dfxtp_1)
                                                         net6 (net)
                      0.125129    0.000000    0.344845 ^ output6/A (sky130_fd_sc_hd__buf_1)
     1    0.000000    0.016277    0.077755    0.422600 ^ output6/X (sky130_fd_sc_hd__buf_1)
                                                         counter[2] (net)
                      0.016277    0.000000    0.422600 ^ counter[2] (out)
                                              0.422600   data arrival time

                      0.000000   10.000000   10.000000   clock clk (rise edge)
                                  0.000000   10.000000   clock network delay (ideal)
                                  0.000000   10.000000   clock reconvergence pessimism
                                 -2.000000    8.000000   output external delay
                                              8.000000   data required time
---------------------------------------------------------------------------------------------
                                              8.000000   data required time
                                             -0.422600   data arrival time
---------------------------------------------------------------------------------------------
                                              7.577400   slack (MET)


Startpoint: _49_ (rising edge-triggered flip-flop clocked by clk)
Endpoint: counter[3] (output port clocked by clk)
Path Group: clk
Path Type: max

Fanout         Cap        Slew       Delay        Time   Description
---------------------------------------------------------------------------------------------
                      0.000000    0.000000    0.000000   clock clk (rise edge)
                                  0.000000    0.000000   clock network delay (ideal)
                      0.000000    0.000000    0.000000 ^ _49_/CLK (sky130_fd_sc_hd__dfxtp_1)
     3    0.007140    0.080069    0.312134    0.312134 ^ _49_/Q (sky130_fd_sc_hd__dfxtp_1)
                                                         net7 (net)
                      0.080069    0.000000    0.312134 ^ output7/A (sky130_fd_sc_hd__buf_1)
     1    0.000000    0.015263    0.066653    0.378787 ^ output7/X (sky130_fd_sc_hd__buf_1)
                                                         counter[3] (net)
                      0.015263    0.000000    0.378787 ^ counter[3] (out)
                                              0.378787   data arrival time

                      0.000000   10.000000   10.000000   clock clk (rise edge)
                                  0.000000   10.000000   clock network delay (ideal)
                                  0.000000   10.000000   clock reconvergence pessimism
                                 -2.000000    8.000000   output external delay
                                              8.000000   data required time
---------------------------------------------------------------------------------------------
                                              8.000000   data required time
                                             -0.378787   data arrival time
---------------------------------------------------------------------------------------------
                                              7.621213   slack (MET)



