49. Printing statistics.

=== counter_dut ===

   Number of wires:                 34
   Number of wire bits:             40
   Number of public wires:           5
   Number of public wire bits:       8
   Number of ports:                  5
   Number of port bits:              8
   Number of memories:               0
   Number of memory bits:            0
   Number of processes:              0
   Number of cells:                 36
     $_ANDNOT_                       5
     $_DFFE_PP_                      4
     $_MUX_                          8
     $_NAND_                         2
     $_NOR_                          1
     $_NOT_                          2
     $_ORNOT_                        1
     $_OR_                           7
     $_XNOR_                         1
     $_XOR_                          5

   Area for cell type $_NOT_ is unknown!
   Area for cell type $_NAND_ is unknown!
   Area for cell type $_OR_ is unknown!
   Area for cell type $_NOR_ is unknown!
   Area for cell type $_XOR_ is unknown!
   Area for cell type $_XNOR_ is unknown!
   Area for cell type $_ANDNOT_ is unknown!
   Area for cell type $_ORNOT_ is unknown!
   Area for cell type $_MUX_ is unknown!
   Area for cell type $_DFFE_PP_ is unknown!

