Reading timing models for corner nom_tt_025C_1v80…
Reading timing library for the 'nom_tt_025C_1v80' corner at '/home/amostafa/.volare/volare/sky130/versions/0fe599b2afb6708d281543108caf8310912f54af/sky130A/libs.ref/sky130_fd_sc_hd/lib/sky130_fd_sc_hd__tt_025C_1v80.lib'…
Reading timing models for corner nom_ff_n40C_1v95…
Reading timing library for the 'nom_ff_n40C_1v95' corner at '/home/amostafa/.volare/volare/sky130/versions/0fe599b2afb6708d281543108caf8310912f54af/sky130A/libs.ref/sky130_fd_sc_hd/lib/sky130_fd_sc_hd__ff_n40C_1v95.lib'…
Reading timing models for corner nom_ss_100C_1v60…
Reading timing library for the 'nom_ss_100C_1v60' corner at '/home/amostafa/.volare/volare/sky130/versions/0fe599b2afb6708d281543108caf8310912f54af/sky130A/libs.ref/sky130_fd_sc_hd/lib/sky130_fd_sc_hd__ss_100C_1v60.lib'…
Reading OpenROAD database at '/home/amostafa/vlsi/runs/RUN_2024-12-04_11-23-35/34-openroad-cts/counter_dut.odb'…
Reading design constraints file at 'counter_dut.sdc'…
[INFO] Setting RC values…
[INFO RSZ-0098] No setup violations found
[INFO RSZ-0033] No hold violations found.
Placement Analysis
---------------------------------
total displacement          0.0 u
average displacement        0.0 u
max displacement            0.0 u
original HPWL             451.1 u
legalized HPWL            471.2 u
delta HPWL                    4 %

[INFO DPL-0020] Mirrored 9 instances
[INFO DPL-0021] HPWL before             471.2 u
[INFO DPL-0022] HPWL after              451.1 u
[INFO DPL-0023] HPWL delta               -4.3 %
[INFO] Setting RC values…
Setting global connections for newly added cells…
[INFO] Setting global connections...
Updating metrics…
Cell type report:                       Count       Area
  Fill cell                                16      60.06
  Tap cell                                  5       6.26
  Clock buffer                              3      75.07
  Timing Repair Buffer                      7      26.28
  Inverter                                  1       3.75
  Sequential cell                           4      81.33
  Multi-Input combinational cell           22     132.63
  Total                                    58     385.37
Writing OpenROAD database to '/home/amostafa/vlsi/runs/RUN_2024-12-04_11-23-35/36-openroad-resizertimingpostcts/counter_dut.odb'…
Writing netlist to '/home/amostafa/vlsi/runs/RUN_2024-12-04_11-23-35/36-openroad-resizertimingpostcts/counter_dut.nl.v'…
Writing powered netlist to '/home/amostafa/vlsi/runs/RUN_2024-12-04_11-23-35/36-openroad-resizertimingpostcts/counter_dut.pnl.v'…
Writing layout to '/home/amostafa/vlsi/runs/RUN_2024-12-04_11-23-35/36-openroad-resizertimingpostcts/counter_dut.def'…
Writing timing constraints to '/home/amostafa/vlsi/runs/RUN_2024-12-04_11-23-35/36-openroad-resizertimingpostcts/counter_dut.sdc'…
