
===========================================================================
report_checks -path_delay max (Setup)
============================================================================
======================= max_ss_100C_1v60 Corner ===================================

Startpoint: up_down (input port clocked by clk)
Endpoint: _49_ (rising edge-triggered flip-flop clocked by clk)
Path Group: clk
Path Type: max

Fanout         Cap        Slew       Delay        Time   Description
---------------------------------------------------------------------------------------------
                                  0.000000    0.000000   clock clk (rise edge)
                                  0.000000    0.000000   clock network delay (propagated)
                                  2.000000    2.000000 v input external delay
     1    0.002663    0.017935    0.008845    2.008845 v up_down (in)
                                                         up_down (net)
                      0.017935    0.000000    2.008845 v input3/A (sky130_fd_sc_hd__buf_1)
     5    0.011889    0.143982    0.213537    2.222382 v input3/X (sky130_fd_sc_hd__buf_1)
                                                         net3 (net)
                      0.143982    0.000539    2.222921 v _41_/A1 (sky130_fd_sc_hd__o31ai_1)
     2    0.006697    0.501521    0.582071    2.804992 ^ _41_/Y (sky130_fd_sc_hd__o31ai_1)
                                                         _19_ (net)
                      0.501521    0.000392    2.805384 ^ _44_/C (sky130_fd_sc_hd__nand4_1)
     1    0.002669    0.182924    0.334776    3.140160 v _44_/Y (sky130_fd_sc_hd__nand4_1)
                                                         _22_ (net)
                      0.182924    0.000190    3.140350 v _45_/A3 (sky130_fd_sc_hd__a31o_1)
     1    0.003550    0.072722    0.441456    3.581806 v _45_/X (sky130_fd_sc_hd__a31o_1)
                                                         _03_ (net)
                      0.072722    0.000201    3.582007 v hold4/A (sky130_fd_sc_hd__dlygate4sd3_1)
     1    0.001852    0.097507    1.108506    4.690514 v hold4/X (sky130_fd_sc_hd__dlygate4sd3_1)
                                                         net11 (net)
                      0.097507    0.000084    4.690598 v _49_/D (sky130_fd_sc_hd__dfxtp_1)
                                              4.690598   data arrival time

                                 10.000000   10.000000   clock clk (rise edge)
                                  0.000000   10.000000   clock source latency
     1    0.010872    0.087118    0.056879   10.056879 ^ clk (in)
                                                         clk (net)
                      0.087122    0.000000   10.056879 ^ clkbuf_0_clk/A (sky130_fd_sc_hd__clkbuf_16)
     2    0.018594    0.065693    0.227069   10.283948 ^ clkbuf_0_clk/X (sky130_fd_sc_hd__clkbuf_16)
                                                         clknet_0_clk (net)
                      0.065708    0.001199   10.285148 ^ clkbuf_1_1__f_clk/A (sky130_fd_sc_hd__clkbuf_16)
     2    0.005642    0.048692    0.197364   10.482512 ^ clkbuf_1_1__f_clk/X (sky130_fd_sc_hd__clkbuf_16)
                                                         clknet_1_1__leaf_clk (net)
                      0.048693    0.000359   10.482870 ^ _49_/CLK (sky130_fd_sc_hd__dfxtp_1)
                                 -0.250000   10.232870   clock uncertainty
                                  0.000000   10.232870   clock reconvergence pessimism
                                 -0.286157    9.946713   library setup time
                                              9.946713   data required time
---------------------------------------------------------------------------------------------
                                              9.946713   data required time
                                             -4.690598   data arrival time
---------------------------------------------------------------------------------------------
                                              5.256116   slack (MET)


Startpoint: _46_ (rising edge-triggered flip-flop clocked by clk)
Endpoint: counter[0] (output port clocked by clk)
Path Group: clk
Path Type: max

Fanout         Cap        Slew       Delay        Time   Description
---------------------------------------------------------------------------------------------
                                  0.000000    0.000000   clock clk (rise edge)
                                  0.000000    0.000000   clock source latency
     1    0.010872    0.087118    0.056879    0.056879 ^ clk (in)
                                                         clk (net)
                      0.087122    0.000000    0.056879 ^ clkbuf_0_clk/A (sky130_fd_sc_hd__clkbuf_16)
     2    0.018594    0.065693    0.227069    0.283948 ^ clkbuf_0_clk/X (sky130_fd_sc_hd__clkbuf_16)
                                                         clknet_0_clk (net)
                      0.065708    0.001151    0.285099 ^ clkbuf_1_0__f_clk/A (sky130_fd_sc_hd__clkbuf_16)
     2    0.006382    0.049697    0.198753    0.483853 ^ clkbuf_1_0__f_clk/X (sky130_fd_sc_hd__clkbuf_16)
                                                         clknet_1_0__leaf_clk (net)
                      0.049698    0.000389    0.484241 ^ _46_/CLK (sky130_fd_sc_hd__dfxtp_1)
     7    0.028207    0.424335    0.878019    1.362260 ^ _46_/Q (sky130_fd_sc_hd__dfxtp_1)
                                                         net4 (net)
                      0.424344    0.002513    1.364773 ^ output4/A (sky130_fd_sc_hd__buf_2)
     1    0.035429    0.282215    0.498545    1.863318 ^ output4/X (sky130_fd_sc_hd__buf_2)
                                                         counter[0] (net)
                      0.282227    0.002080    1.865398 ^ counter[0] (out)
                                              1.865398   data arrival time

                                 10.000000   10.000000   clock clk (rise edge)
                                  0.000000   10.000000   clock network delay (propagated)
                                 -0.250000    9.750000   clock uncertainty
                                  0.000000    9.750000   clock reconvergence pessimism
                                 -2.000000    7.750000   output external delay
                                              7.750000   data required time
---------------------------------------------------------------------------------------------
                                              7.750000   data required time
                                             -1.865398   data arrival time
---------------------------------------------------------------------------------------------
                                              5.884602   slack (MET)


Startpoint: _47_ (rising edge-triggered flip-flop clocked by clk)
Endpoint: counter[1] (output port clocked by clk)
Path Group: clk
Path Type: max

Fanout         Cap        Slew       Delay        Time   Description
---------------------------------------------------------------------------------------------
                                  0.000000    0.000000   clock clk (rise edge)
                                  0.000000    0.000000   clock source latency
     1    0.010872    0.087118    0.056879    0.056879 ^ clk (in)
                                                         clk (net)
                      0.087122    0.000000    0.056879 ^ clkbuf_0_clk/A (sky130_fd_sc_hd__clkbuf_16)
     2    0.018594    0.065693    0.227069    0.283948 ^ clkbuf_0_clk/X (sky130_fd_sc_hd__clkbuf_16)
                                                         clknet_0_clk (net)
                      0.065708    0.001199    0.285147 ^ clkbuf_1_1__f_clk/A (sky130_fd_sc_hd__clkbuf_16)
     2    0.005642    0.048692    0.197364    0.482511 ^ clkbuf_1_1__f_clk/X (sky130_fd_sc_hd__clkbuf_16)
                                                         clknet_1_1__leaf_clk (net)
                      0.048693    0.000337    0.482848 ^ _47_/CLK (sky130_fd_sc_hd__dfxtp_1)
     6    0.024209    0.367284    0.836594    1.319442 ^ _47_/Q (sky130_fd_sc_hd__dfxtp_1)
                                                         net5 (net)
                      0.367284    0.000601    1.320043 ^ output5/A (sky130_fd_sc_hd__buf_2)
     1    0.035004    0.278788    0.474288    1.794331 ^ output5/X (sky130_fd_sc_hd__buf_2)
                                                         counter[1] (net)
                      0.278796    0.001885    1.796215 ^ counter[1] (out)
                                              1.796215   data arrival time

                                 10.000000   10.000000   clock clk (rise edge)
                                  0.000000   10.000000   clock network delay (propagated)
                                 -0.250000    9.750000   clock uncertainty
                                  0.000000    9.750000   clock reconvergence pessimism
                                 -2.000000    7.750000   output external delay
                                              7.750000   data required time
---------------------------------------------------------------------------------------------
                                              7.750000   data required time
                                             -1.796215   data arrival time
---------------------------------------------------------------------------------------------
                                              5.953785   slack (MET)


Startpoint: _48_ (rising edge-triggered flip-flop clocked by clk)
Endpoint: counter[2] (output port clocked by clk)
Path Group: clk
Path Type: max

Fanout         Cap        Slew       Delay        Time   Description
---------------------------------------------------------------------------------------------
                                  0.000000    0.000000   clock clk (rise edge)
                                  0.000000    0.000000   clock source latency
     1    0.010872    0.087118    0.056879    0.056879 ^ clk (in)
                                                         clk (net)
                      0.087122    0.000000    0.056879 ^ clkbuf_0_clk/A (sky130_fd_sc_hd__clkbuf_16)
     2    0.018594    0.065693    0.227069    0.283948 ^ clkbuf_0_clk/X (sky130_fd_sc_hd__clkbuf_16)
                                                         clknet_0_clk (net)
                      0.065708    0.001151    0.285099 ^ clkbuf_1_0__f_clk/A (sky130_fd_sc_hd__clkbuf_16)
     2    0.006382    0.049697    0.198753    0.483853 ^ clkbuf_1_0__f_clk/X (sky130_fd_sc_hd__clkbuf_16)
                                                         clknet_1_0__leaf_clk (net)
                      0.049698    0.000358    0.484210 ^ _48_/CLK (sky130_fd_sc_hd__dfxtp_1)
     5    0.015507    0.243012    0.748776    1.232986 ^ _48_/Q (sky130_fd_sc_hd__dfxtp_1)
                                                         net6 (net)
                      0.243012    0.000996    1.233983 ^ output6/A (sky130_fd_sc_hd__buf_2)
     1    0.034971    0.277968    0.425912    1.659894 ^ output6/X (sky130_fd_sc_hd__buf_2)
                                                         counter[2] (net)
                      0.277976    0.001816    1.661710 ^ counter[2] (out)
                                              1.661710   data arrival time

                                 10.000000   10.000000   clock clk (rise edge)
                                  0.000000   10.000000   clock network delay (propagated)
                                 -0.250000    9.750000   clock uncertainty
                                  0.000000    9.750000   clock reconvergence pessimism
                                 -2.000000    7.750000   output external delay
                                              7.750000   data required time
---------------------------------------------------------------------------------------------
                                              7.750000   data required time
                                             -1.661710   data arrival time
---------------------------------------------------------------------------------------------
                                              6.088290   slack (MET)


Startpoint: _49_ (rising edge-triggered flip-flop clocked by clk)
Endpoint: counter[3] (output port clocked by clk)
Path Group: clk
Path Type: max

Fanout         Cap        Slew       Delay        Time   Description
---------------------------------------------------------------------------------------------
                                  0.000000    0.000000   clock clk (rise edge)
                                  0.000000    0.000000   clock source latency
     1    0.010872    0.087118    0.056879    0.056879 ^ clk (in)
                                                         clk (net)
                      0.087122    0.000000    0.056879 ^ clkbuf_0_clk/A (sky130_fd_sc_hd__clkbuf_16)
     2    0.018594    0.065693    0.227069    0.283948 ^ clkbuf_0_clk/X (sky130_fd_sc_hd__clkbuf_16)
                                                         clknet_0_clk (net)
                      0.065708    0.001199    0.285147 ^ clkbuf_1_1__f_clk/A (sky130_fd_sc_hd__clkbuf_16)
     2    0.005642    0.048692    0.197364    0.482511 ^ clkbuf_1_1__f_clk/X (sky130_fd_sc_hd__clkbuf_16)
                                                         clknet_1_1__leaf_clk (net)
                      0.048693    0.000359    0.482870 ^ _49_/CLK (sky130_fd_sc_hd__dfxtp_1)
     3    0.009449    0.158637    0.685544    1.168414 ^ _49_/Q (sky130_fd_sc_hd__dfxtp_1)
                                                         net7 (net)
                      0.158637    0.000450    1.168864 ^ output7/A (sky130_fd_sc_hd__buf_2)
     1    0.034233    0.272259    0.384060    1.552923 ^ output7/X (sky130_fd_sc_hd__buf_2)
                                                         counter[3] (net)
                      0.272265    0.001706    1.554629 ^ counter[3] (out)
                                              1.554629   data arrival time

                                 10.000000   10.000000   clock clk (rise edge)
                                  0.000000   10.000000   clock network delay (propagated)
                                 -0.250000    9.750000   clock uncertainty
                                  0.000000    9.750000   clock reconvergence pessimism
                                 -2.000000    7.750000   output external delay
                                              7.750000   data required time
---------------------------------------------------------------------------------------------
                                              7.750000   data required time
                                             -1.554629   data arrival time
---------------------------------------------------------------------------------------------
                                              6.195371   slack (MET)


Startpoint: up_down (input port clocked by clk)
Endpoint: _48_ (rising edge-triggered flip-flop clocked by clk)
Path Group: clk
Path Type: max

Fanout         Cap        Slew       Delay        Time   Description
---------------------------------------------------------------------------------------------
                                  0.000000    0.000000   clock clk (rise edge)
                                  0.000000    0.000000   clock network delay (propagated)
                                  2.000000    2.000000 v input external delay
     1    0.002663    0.017935    0.008845    2.008845 v up_down (in)
                                                         up_down (net)
                      0.017935    0.000000    2.008845 v input3/A (sky130_fd_sc_hd__buf_1)
     5    0.011889    0.143982    0.213537    2.222382 v input3/X (sky130_fd_sc_hd__buf_1)
                                                         net3 (net)
                      0.143982    0.000339    2.222721 v _30_/A (sky130_fd_sc_hd__or2_1)
     2    0.008662    0.147836    0.589680    2.812401 v _30_/X (sky130_fd_sc_hd__or2_1)
                                                         _10_ (net)
                      0.147836    0.000540    2.812941 v _38_/A (sky130_fd_sc_hd__xnor2_1)
     1    0.003171    0.199933    0.283180    3.096121 ^ _38_/Y (sky130_fd_sc_hd__xnor2_1)
                                                         _17_ (net)
                      0.199933    0.000223    3.096344 ^ _40_/A2 (sky130_fd_sc_hd__o21ai_1)
     1    0.002521    0.089533    0.156114    3.252458 v _40_/Y (sky130_fd_sc_hd__o21ai_1)
                                                         _02_ (net)
                      0.089533    0.000102    3.252560 v _48_/D (sky130_fd_sc_hd__dfxtp_1)
                                              3.252560   data arrival time

                                 10.000000   10.000000   clock clk (rise edge)
                                  0.000000   10.000000   clock source latency
     1    0.010872    0.087118    0.056879   10.056879 ^ clk (in)
                                                         clk (net)
                      0.087122    0.000000   10.056879 ^ clkbuf_0_clk/A (sky130_fd_sc_hd__clkbuf_16)
     2    0.018594    0.065693    0.227069   10.283948 ^ clkbuf_0_clk/X (sky130_fd_sc_hd__clkbuf_16)
                                                         clknet_0_clk (net)
                      0.065708    0.001151   10.285099 ^ clkbuf_1_0__f_clk/A (sky130_fd_sc_hd__clkbuf_16)
     2    0.006382    0.049697    0.198754   10.483853 ^ clkbuf_1_0__f_clk/X (sky130_fd_sc_hd__clkbuf_16)
                                                         clknet_1_0__leaf_clk (net)
                      0.049698    0.000357   10.484210 ^ _48_/CLK (sky130_fd_sc_hd__dfxtp_1)
                                 -0.250000   10.234210   clock uncertainty
                                  0.000000   10.234210   clock reconvergence pessimism
                                 -0.282570    9.951640   library setup time
                                              9.951640   data required time
---------------------------------------------------------------------------------------------
                                              9.951640   data required time
                                             -3.252560   data arrival time
---------------------------------------------------------------------------------------------
                                              6.699080   slack (MET)


Startpoint: enable (input port clocked by clk)
Endpoint: _47_ (rising edge-triggered flip-flop clocked by clk)
Path Group: clk
Path Type: max

Fanout         Cap        Slew       Delay        Time   Description
---------------------------------------------------------------------------------------------
                                  0.000000    0.000000   clock clk (rise edge)
                                  0.000000    0.000000   clock network delay (propagated)
                                  2.000000    2.000000 ^ input external delay
     1    0.002779    0.032109    0.015725    2.015725 ^ enable (in)
                                                         enable (net)
                      0.032110    0.000000    2.015725 ^ input1/A (sky130_fd_sc_hd__buf_1)
     5    0.015944    0.309046    0.303560    2.319285 ^ input1/X (sky130_fd_sc_hd__buf_1)
                                                         net1 (net)
                      0.309050    0.000941    2.320226 ^ _26_/A (sky130_fd_sc_hd__nor2_1)
     3    0.010461    0.128583    0.232761    2.552987 v _26_/Y (sky130_fd_sc_hd__nor2_1)
                                                         _07_ (net)
                      0.128584    0.000613    2.553600 v _33_/A2 (sky130_fd_sc_hd__a21o_1)
     1    0.003626    0.066970    0.346407    2.900007 v _33_/X (sky130_fd_sc_hd__a21o_1)
                                                         _13_ (net)
                      0.066970    0.000230    2.900237 v _34_/B1 (sky130_fd_sc_hd__a31o_1)
     1    0.002476    0.063022    0.324599    3.224836 v _34_/X (sky130_fd_sc_hd__a31o_1)
                                                         _01_ (net)
                      0.063022    0.000178    3.225014 v _47_/D (sky130_fd_sc_hd__dfxtp_1)
                                              3.225014   data arrival time

                                 10.000000   10.000000   clock clk (rise edge)
                                  0.000000   10.000000   clock source latency
     1    0.010872    0.087118    0.056879   10.056879 ^ clk (in)
                                                         clk (net)
                      0.087122    0.000000   10.056879 ^ clkbuf_0_clk/A (sky130_fd_sc_hd__clkbuf_16)
     2    0.018594    0.065693    0.227069   10.283948 ^ clkbuf_0_clk/X (sky130_fd_sc_hd__clkbuf_16)
                                                         clknet_0_clk (net)
                      0.065708    0.001199   10.285148 ^ clkbuf_1_1__f_clk/A (sky130_fd_sc_hd__clkbuf_16)
     2    0.005642    0.048692    0.197364   10.482512 ^ clkbuf_1_1__f_clk/X (sky130_fd_sc_hd__clkbuf_16)
                                                         clknet_1_1__leaf_clk (net)
                      0.048693    0.000338   10.482849 ^ _47_/CLK (sky130_fd_sc_hd__dfxtp_1)
                                 -0.250000   10.232848   clock uncertainty
                                  0.000000   10.232848   clock reconvergence pessimism
                                 -0.271818    9.961031   library setup time
                                              9.961031   data required time
---------------------------------------------------------------------------------------------
                                              9.961031   data required time
                                             -3.225014   data arrival time
---------------------------------------------------------------------------------------------
                                              6.736016   slack (MET)


Startpoint: reset (input port clocked by clk)
Endpoint: _46_ (rising edge-triggered flip-flop clocked by clk)
Path Group: clk
Path Type: max

Fanout         Cap        Slew       Delay        Time   Description
---------------------------------------------------------------------------------------------
                                  0.000000    0.000000   clock clk (rise edge)
                                  0.000000    0.000000   clock network delay (propagated)
                                  2.000000    2.000000 ^ input external delay
     1    0.003247    0.035218    0.018198    2.018198 ^ reset (in)
                                                         reset (net)
                      0.035218    0.000000    2.018198 ^ input2/A (sky130_fd_sc_hd__buf_1)
     2    0.012135    0.239746    0.255945    2.274143 ^ input2/X (sky130_fd_sc_hd__buf_1)
                                                         net2 (net)
                      0.239750    0.000852    2.274995 ^ _23_/A (sky130_fd_sc_hd__inv_2)
     4    0.013798    0.088982    0.159692    2.434686 v _23_/Y (sky130_fd_sc_hd__inv_2)
                                                         _04_ (net)
                      0.088991    0.000918    2.435605 v _25_/A (sky130_fd_sc_hd__nor2_1)
     4    0.013620    0.426477    0.399271    2.834875 ^ _25_/Y (sky130_fd_sc_hd__nor2_1)
                                                         _06_ (net)
                      0.426478    0.000639    2.835514 ^ _27_/B1 (sky130_fd_sc_hd__a21oi_1)
     1    0.002995    0.132485    0.180100    3.015614 v _27_/Y (sky130_fd_sc_hd__a21oi_1)
                                                         _08_ (net)
                      0.132485    0.000195    3.015809 v _28_/B1 (sky130_fd_sc_hd__o21ai_1)
     1    0.004623    0.213226    0.179247    3.195055 ^ _28_/Y (sky130_fd_sc_hd__o21ai_1)
                                                         _00_ (net)
                      0.213226    0.000313    3.195369 ^ _46_/D (sky130_fd_sc_hd__dfxtp_1)
                                              3.195369   data arrival time

                                 10.000000   10.000000   clock clk (rise edge)
                                  0.000000   10.000000   clock source latency
     1    0.010872    0.087118    0.056879   10.056879 ^ clk (in)
                                                         clk (net)
                      0.087122    0.000000   10.056879 ^ clkbuf_0_clk/A (sky130_fd_sc_hd__clkbuf_16)
     2    0.018594    0.065693    0.227069   10.283948 ^ clkbuf_0_clk/X (sky130_fd_sc_hd__clkbuf_16)
                                                         clknet_0_clk (net)
                      0.065708    0.001151   10.285099 ^ clkbuf_1_0__f_clk/A (sky130_fd_sc_hd__clkbuf_16)
     2    0.006382    0.049697    0.198754   10.483853 ^ clkbuf_1_0__f_clk/X (sky130_fd_sc_hd__clkbuf_16)
                                                         clknet_1_0__leaf_clk (net)
                      0.049698    0.000388   10.484241 ^ _46_/CLK (sky130_fd_sc_hd__dfxtp_1)
                                 -0.250000   10.234241   clock uncertainty
                                  0.000000   10.234241   clock reconvergence pessimism
                                 -0.169095   10.065146   library setup time
                                             10.065146   data required time
---------------------------------------------------------------------------------------------
                                             10.065146   data required time
                                             -3.195369   data arrival time
---------------------------------------------------------------------------------------------
                                              6.869778   slack (MET)



