
===========================================================================
report_checks -path_delay min (Hold)
============================================================================
======================= min_ff_n40C_1v95 Corner ===================================

Startpoint: _46_ (rising edge-triggered flip-flop clocked by clk)
Endpoint: _46_ (rising edge-triggered flip-flop clocked by clk)
Path Group: clk
Path Type: min

Fanout         Cap        Slew       Delay        Time   Description
---------------------------------------------------------------------------------------------
                                  0.000000    0.000000   clock clk (rise edge)
                                  0.000000    0.000000   clock source latency
     1    0.009291    0.000000    0.000000    0.000000 ^ clk (in)
                                                         clk (net)
                      0.000085    0.000042    0.000042 ^ clkbuf_0_clk/A (sky130_fd_sc_hd__clkbuf_16)
     2    0.017693    0.029600    0.074461    0.074503 ^ clkbuf_0_clk/X (sky130_fd_sc_hd__clkbuf_16)
                                                         clknet_0_clk (net)
                      0.029600    0.000134    0.074637 ^ clkbuf_1_1__f_clk/A (sky130_fd_sc_hd__clkbuf_16)
     2    0.005612    0.021411    0.073857    0.148494 ^ clkbuf_1_1__f_clk/X (sky130_fd_sc_hd__clkbuf_16)
                                                         clknet_1_1__leaf_clk (net)
                      0.021411    0.000058    0.148552 ^ _46_/CLK (sky130_fd_sc_hd__dfxtp_1)
     7    0.023401    0.079573    0.234265    0.382817 v _46_/Q (sky130_fd_sc_hd__dfxtp_1)
                                                         net4 (net)
                      0.079573    0.000154    0.382971 v _28_/A1 (sky130_fd_sc_hd__o21ai_1)
     1    0.002399    0.036515    0.096897    0.479868 ^ _28_/Y (sky130_fd_sc_hd__o21ai_1)
                                                         _00_ (net)
                      0.036515    0.000025    0.479893 ^ _46_/D (sky130_fd_sc_hd__dfxtp_1)
                                              0.479893   data arrival time

                                  0.000000    0.000000   clock clk (rise edge)
                                  0.000000    0.000000   clock source latency
     1    0.009291    0.000000    0.000000    0.000000 ^ clk (in)
                                                         clk (net)
                      0.000085    0.000042    0.000042 ^ clkbuf_0_clk/A (sky130_fd_sc_hd__clkbuf_16)
     2    0.017693    0.029600    0.074461    0.074503 ^ clkbuf_0_clk/X (sky130_fd_sc_hd__clkbuf_16)
                                                         clknet_0_clk (net)
                      0.029600    0.000134    0.074637 ^ clkbuf_1_1__f_clk/A (sky130_fd_sc_hd__clkbuf_16)
     2    0.005612    0.021411    0.073857    0.148494 ^ clkbuf_1_1__f_clk/X (sky130_fd_sc_hd__clkbuf_16)
                                                         clknet_1_1__leaf_clk (net)
                      0.021411    0.000058    0.148552 ^ _46_/CLK (sky130_fd_sc_hd__dfxtp_1)
                                  0.000000    0.148552   clock reconvergence pessimism
                                 -0.017920    0.130632   library hold time
                                              0.130632   data required time
---------------------------------------------------------------------------------------------
                                              0.130632   data required time
                                             -0.479893   data arrival time
---------------------------------------------------------------------------------------------
                                              0.349261   slack (MET)


Startpoint: _48_ (rising edge-triggered flip-flop clocked by clk)
Endpoint: _48_ (rising edge-triggered flip-flop clocked by clk)
Path Group: clk
Path Type: min

Fanout         Cap        Slew       Delay        Time   Description
---------------------------------------------------------------------------------------------
                                  0.000000    0.000000   clock clk (rise edge)
                                  0.000000    0.000000   clock source latency
     1    0.009291    0.000000    0.000000    0.000000 ^ clk (in)
                                                         clk (net)
                      0.000085    0.000042    0.000042 ^ clkbuf_0_clk/A (sky130_fd_sc_hd__clkbuf_16)
     2    0.017693    0.029600    0.074461    0.074503 ^ clkbuf_0_clk/X (sky130_fd_sc_hd__clkbuf_16)
                                                         clknet_0_clk (net)
                      0.029600    0.000134    0.074637 ^ clkbuf_1_1__f_clk/A (sky130_fd_sc_hd__clkbuf_16)
     2    0.005612    0.021411    0.073857    0.148494 ^ clkbuf_1_1__f_clk/X (sky130_fd_sc_hd__clkbuf_16)
                                                         clknet_1_1__leaf_clk (net)
                      0.021411    0.000074    0.148567 ^ _48_/CLK (sky130_fd_sc_hd__dfxtp_1)
     5    0.016311    0.119744    0.246470    0.395038 ^ _48_/Q (sky130_fd_sc_hd__dfxtp_1)
                                                         net6 (net)
                      0.119744    0.000272    0.395310 ^ _39_/A1 (sky130_fd_sc_hd__a21oi_1)
     1    0.003022    0.042141    0.044629    0.439939 v _39_/Y (sky130_fd_sc_hd__a21oi_1)
                                                         _18_ (net)
                      0.042141    0.000035    0.439973 v _40_/B1 (sky130_fd_sc_hd__o21ai_1)
     1    0.002074    0.033858    0.045049    0.485022 ^ _40_/Y (sky130_fd_sc_hd__o21ai_1)
                                                         _02_ (net)
                      0.033858    0.000011    0.485034 ^ _48_/D (sky130_fd_sc_hd__dfxtp_1)
                                              0.485034   data arrival time

                                  0.000000    0.000000   clock clk (rise edge)
                                  0.000000    0.000000   clock source latency
     1    0.009291    0.000000    0.000000    0.000000 ^ clk (in)
                                                         clk (net)
                      0.000085    0.000042    0.000042 ^ clkbuf_0_clk/A (sky130_fd_sc_hd__clkbuf_16)
     2    0.017693    0.029600    0.074461    0.074503 ^ clkbuf_0_clk/X (sky130_fd_sc_hd__clkbuf_16)
                                                         clknet_0_clk (net)
                      0.029600    0.000134    0.074637 ^ clkbuf_1_1__f_clk/A (sky130_fd_sc_hd__clkbuf_16)
     2    0.005612    0.021411    0.073857    0.148494 ^ clkbuf_1_1__f_clk/X (sky130_fd_sc_hd__clkbuf_16)
                                                         clknet_1_1__leaf_clk (net)
                      0.021411    0.000074    0.148567 ^ _48_/CLK (sky130_fd_sc_hd__dfxtp_1)
                                  0.000000    0.148567   clock reconvergence pessimism
                                 -0.017731    0.130836   library hold time
                                              0.130836   data required time
---------------------------------------------------------------------------------------------
                                              0.130836   data required time
                                             -0.485034   data arrival time
---------------------------------------------------------------------------------------------
                                              0.354198   slack (MET)


Startpoint: _49_ (rising edge-triggered flip-flop clocked by clk)
Endpoint: _49_ (rising edge-triggered flip-flop clocked by clk)
Path Group: clk
Path Type: min

Fanout         Cap        Slew       Delay        Time   Description
---------------------------------------------------------------------------------------------
                                  0.000000    0.000000   clock clk (rise edge)
                                  0.000000    0.000000   clock source latency
     1    0.009291    0.000000    0.000000    0.000000 ^ clk (in)
                                                         clk (net)
                      0.000085    0.000042    0.000042 ^ clkbuf_0_clk/A (sky130_fd_sc_hd__clkbuf_16)
     2    0.017693    0.029600    0.074461    0.074503 ^ clkbuf_0_clk/X (sky130_fd_sc_hd__clkbuf_16)
                                                         clknet_0_clk (net)
                      0.029600    0.000145    0.074648 ^ clkbuf_1_0__f_clk/A (sky130_fd_sc_hd__clkbuf_16)
     2    0.005095    0.021051    0.073418    0.148066 ^ clkbuf_1_0__f_clk/X (sky130_fd_sc_hd__clkbuf_16)
                                                         clknet_1_0__leaf_clk (net)
                      0.021051    0.000042    0.148107 ^ _49_/CLK (sky130_fd_sc_hd__dfxtp_1)
     3    0.009764    0.039072    0.201332    0.349439 v _49_/Q (sky130_fd_sc_hd__dfxtp_1)
                                                         net7 (net)
                      0.039072    0.000079    0.349519 v _44_/B (sky130_fd_sc_hd__nand4_1)
     1    0.003548    0.044119    0.062089    0.411608 ^ _44_/Y (sky130_fd_sc_hd__nand4_1)
                                                         _22_ (net)
                      0.044119    0.000043    0.411651 ^ _45_/A3 (sky130_fd_sc_hd__a31o_1)
     1    0.002358    0.026877    0.078931    0.490582 ^ _45_/X (sky130_fd_sc_hd__a31o_1)
                                                         _03_ (net)
                      0.026877    0.000017    0.490600 ^ _49_/D (sky130_fd_sc_hd__dfxtp_1)
                                              0.490600   data arrival time

                                  0.000000    0.000000   clock clk (rise edge)
                                  0.000000    0.000000   clock source latency
     1    0.009291    0.000000    0.000000    0.000000 ^ clk (in)
                                                         clk (net)
                      0.000085    0.000042    0.000042 ^ clkbuf_0_clk/A (sky130_fd_sc_hd__clkbuf_16)
     2    0.017693    0.029600    0.074461    0.074503 ^ clkbuf_0_clk/X (sky130_fd_sc_hd__clkbuf_16)
                                                         clknet_0_clk (net)
                      0.029600    0.000145    0.074648 ^ clkbuf_1_0__f_clk/A (sky130_fd_sc_hd__clkbuf_16)
     2    0.005095    0.021051    0.073418    0.148066 ^ clkbuf_1_0__f_clk/X (sky130_fd_sc_hd__clkbuf_16)
                                                         clknet_1_0__leaf_clk (net)
                      0.021051    0.000042    0.148107 ^ _49_/CLK (sky130_fd_sc_hd__dfxtp_1)
                                  0.000000    0.148107   clock reconvergence pessimism
                                 -0.017245    0.130862   library hold time
                                              0.130862   data required time
---------------------------------------------------------------------------------------------
                                              0.130862   data required time
                                             -0.490600   data arrival time
---------------------------------------------------------------------------------------------
                                              0.359738   slack (MET)


Startpoint: _47_ (rising edge-triggered flip-flop clocked by clk)
Endpoint: _47_ (rising edge-triggered flip-flop clocked by clk)
Path Group: clk
Path Type: min

Fanout         Cap        Slew       Delay        Time   Description
---------------------------------------------------------------------------------------------
                                  0.000000    0.000000   clock clk (rise edge)
                                  0.000000    0.000000   clock source latency
     1    0.009291    0.000000    0.000000    0.000000 ^ clk (in)
                                                         clk (net)
                      0.000085    0.000042    0.000042 ^ clkbuf_0_clk/A (sky130_fd_sc_hd__clkbuf_16)
     2    0.017693    0.029600    0.074461    0.074503 ^ clkbuf_0_clk/X (sky130_fd_sc_hd__clkbuf_16)
                                                         clknet_0_clk (net)
                      0.029600    0.000145    0.074648 ^ clkbuf_1_0__f_clk/A (sky130_fd_sc_hd__clkbuf_16)
     2    0.005095    0.021051    0.073418    0.148066 ^ clkbuf_1_0__f_clk/X (sky130_fd_sc_hd__clkbuf_16)
                                                         clknet_1_0__leaf_clk (net)
                      0.021051    0.000032    0.148098 ^ _47_/CLK (sky130_fd_sc_hd__dfxtp_1)
     6    0.021222    0.153252    0.269953    0.418050 ^ _47_/Q (sky130_fd_sc_hd__dfxtp_1)
                                                         net5 (net)
                      0.153252    0.000115    0.418165 ^ _33_/A1 (sky130_fd_sc_hd__a21o_1)
     1    0.002994    0.028710    0.077025    0.495190 ^ _33_/X (sky130_fd_sc_hd__a21o_1)
                                                         _13_ (net)
                      0.028710    0.000028    0.495219 ^ _34_/B1 (sky130_fd_sc_hd__a31o_1)
     1    0.002402    0.024657    0.048314    0.543533 ^ _34_/X (sky130_fd_sc_hd__a31o_1)
                                                         _01_ (net)
                      0.024657    0.000026    0.543559 ^ _47_/D (sky130_fd_sc_hd__dfxtp_1)
                                              0.543559   data arrival time

                                  0.000000    0.000000   clock clk (rise edge)
                                  0.000000    0.000000   clock source latency
     1    0.009291    0.000000    0.000000    0.000000 ^ clk (in)
                                                         clk (net)
                      0.000085    0.000042    0.000042 ^ clkbuf_0_clk/A (sky130_fd_sc_hd__clkbuf_16)
     2    0.017693    0.029600    0.074461    0.074503 ^ clkbuf_0_clk/X (sky130_fd_sc_hd__clkbuf_16)
                                                         clknet_0_clk (net)
                      0.029600    0.000145    0.074648 ^ clkbuf_1_0__f_clk/A (sky130_fd_sc_hd__clkbuf_16)
     2    0.005095    0.021051    0.073418    0.148066 ^ clkbuf_1_0__f_clk/X (sky130_fd_sc_hd__clkbuf_16)
                                                         clknet_1_0__leaf_clk (net)
                      0.021051    0.000032    0.148098 ^ _47_/CLK (sky130_fd_sc_hd__dfxtp_1)
                                  0.000000    0.148098   clock reconvergence pessimism
                                 -0.017088    0.131010   library hold time
                                              0.131010   data required time
---------------------------------------------------------------------------------------------
                                              0.131010   data required time
                                             -0.543559   data arrival time
---------------------------------------------------------------------------------------------
                                              0.412549   slack (MET)


Startpoint: _49_ (rising edge-triggered flip-flop clocked by clk)
Endpoint: counter[3] (output port clocked by clk)
Path Group: clk
Path Type: min

Fanout         Cap        Slew       Delay        Time   Description
---------------------------------------------------------------------------------------------
                                  0.000000    0.000000   clock clk (rise edge)
                                  0.000000    0.000000   clock source latency
     1    0.009291    0.000000    0.000000    0.000000 ^ clk (in)
                                                         clk (net)
                      0.000085    0.000042    0.000042 ^ clkbuf_0_clk/A (sky130_fd_sc_hd__clkbuf_16)
     2    0.017693    0.029600    0.074461    0.074503 ^ clkbuf_0_clk/X (sky130_fd_sc_hd__clkbuf_16)
                                                         clknet_0_clk (net)
                      0.029600    0.000145    0.074648 ^ clkbuf_1_0__f_clk/A (sky130_fd_sc_hd__clkbuf_16)
     2    0.005095    0.021051    0.073418    0.148066 ^ clkbuf_1_0__f_clk/X (sky130_fd_sc_hd__clkbuf_16)
                                                         clknet_1_0__leaf_clk (net)
                      0.021051    0.000042    0.148107 ^ _49_/CLK (sky130_fd_sc_hd__dfxtp_1)
     3    0.009764    0.039072    0.201332    0.349439 v _49_/Q (sky130_fd_sc_hd__dfxtp_1)
                                                         net7 (net)
                      0.039072    0.000061    0.349501 v output7/A (sky130_fd_sc_hd__buf_1)
     1    0.000287    0.009782    0.049564    0.399064 v output7/X (sky130_fd_sc_hd__buf_1)
                                                         counter[3] (net)
                      0.009782    0.000000    0.399065 v counter[3] (out)
                                              0.399065   data arrival time

                                  0.000000    0.000000   clock clk (rise edge)
                                  0.000000    0.000000   clock network delay (propagated)
                                  0.000000    0.000000   clock reconvergence pessimism
                                 -1.000000   -1.000000   output external delay
                                             -1.000000   data required time
---------------------------------------------------------------------------------------------
                                             -1.000000   data required time
                                             -0.399065   data arrival time
---------------------------------------------------------------------------------------------
                                              1.399065   slack (MET)


Startpoint: _48_ (rising edge-triggered flip-flop clocked by clk)
Endpoint: counter[2] (output port clocked by clk)
Path Group: clk
Path Type: min

Fanout         Cap        Slew       Delay        Time   Description
---------------------------------------------------------------------------------------------
                                  0.000000    0.000000   clock clk (rise edge)
                                  0.000000    0.000000   clock source latency
     1    0.009291    0.000000    0.000000    0.000000 ^ clk (in)
                                                         clk (net)
                      0.000085    0.000042    0.000042 ^ clkbuf_0_clk/A (sky130_fd_sc_hd__clkbuf_16)
     2    0.017693    0.029600    0.074461    0.074503 ^ clkbuf_0_clk/X (sky130_fd_sc_hd__clkbuf_16)
                                                         clknet_0_clk (net)
                      0.029600    0.000134    0.074637 ^ clkbuf_1_1__f_clk/A (sky130_fd_sc_hd__clkbuf_16)
     2    0.005612    0.021411    0.073857    0.148494 ^ clkbuf_1_1__f_clk/X (sky130_fd_sc_hd__clkbuf_16)
                                                         clknet_1_1__leaf_clk (net)
                      0.021411    0.000074    0.148567 ^ _48_/CLK (sky130_fd_sc_hd__dfxtp_1)
     5    0.015245    0.054902    0.214746    0.363313 v _48_/Q (sky130_fd_sc_hd__dfxtp_1)
                                                         net6 (net)
                      0.054902    0.000132    0.363445 v output6/A (sky130_fd_sc_hd__buf_1)
     1    0.000487    0.010741    0.056817    0.420262 v output6/X (sky130_fd_sc_hd__buf_1)
                                                         counter[2] (net)
                      0.010741    0.000001    0.420264 v counter[2] (out)
                                              0.420264   data arrival time

                                  0.000000    0.000000   clock clk (rise edge)
                                  0.000000    0.000000   clock network delay (propagated)
                                  0.000000    0.000000   clock reconvergence pessimism
                                 -1.000000   -1.000000   output external delay
                                             -1.000000   data required time
---------------------------------------------------------------------------------------------
                                             -1.000000   data required time
                                             -0.420264   data arrival time
---------------------------------------------------------------------------------------------
                                              1.420264   slack (MET)


Startpoint: _47_ (rising edge-triggered flip-flop clocked by clk)
Endpoint: counter[1] (output port clocked by clk)
Path Group: clk
Path Type: min

Fanout         Cap        Slew       Delay        Time   Description
---------------------------------------------------------------------------------------------
                                  0.000000    0.000000   clock clk (rise edge)
                                  0.000000    0.000000   clock source latency
     1    0.009291    0.000000    0.000000    0.000000 ^ clk (in)
                                                         clk (net)
                      0.000085    0.000042    0.000042 ^ clkbuf_0_clk/A (sky130_fd_sc_hd__clkbuf_16)
     2    0.017693    0.029600    0.074461    0.074503 ^ clkbuf_0_clk/X (sky130_fd_sc_hd__clkbuf_16)
                                                         clknet_0_clk (net)
                      0.029600    0.000145    0.074648 ^ clkbuf_1_0__f_clk/A (sky130_fd_sc_hd__clkbuf_16)
     2    0.005095    0.021051    0.073418    0.148066 ^ clkbuf_1_0__f_clk/X (sky130_fd_sc_hd__clkbuf_16)
                                                         clknet_1_0__leaf_clk (net)
                      0.021051    0.000032    0.148098 ^ _47_/CLK (sky130_fd_sc_hd__dfxtp_1)
     6    0.019772    0.068510    0.225610    0.373708 v _47_/Q (sky130_fd_sc_hd__dfxtp_1)
                                                         net5 (net)
                      0.068510    0.000118    0.373826 v output5/A (sky130_fd_sc_hd__buf_1)
     1    0.000454    0.011221    0.061070    0.434896 v output5/X (sky130_fd_sc_hd__buf_1)
                                                         counter[1] (net)
                      0.011221    0.000002    0.434898 v counter[1] (out)
                                              0.434898   data arrival time

                                  0.000000    0.000000   clock clk (rise edge)
                                  0.000000    0.000000   clock network delay (propagated)
                                  0.000000    0.000000   clock reconvergence pessimism
                                 -1.000000   -1.000000   output external delay
                                             -1.000000   data required time
---------------------------------------------------------------------------------------------
                                             -1.000000   data required time
                                             -0.434898   data arrival time
---------------------------------------------------------------------------------------------
                                              1.434898   slack (MET)


Startpoint: _46_ (rising edge-triggered flip-flop clocked by clk)
Endpoint: counter[0] (output port clocked by clk)
Path Group: clk
Path Type: min

Fanout         Cap        Slew       Delay        Time   Description
---------------------------------------------------------------------------------------------
                                  0.000000    0.000000   clock clk (rise edge)
                                  0.000000    0.000000   clock source latency
     1    0.009291    0.000000    0.000000    0.000000 ^ clk (in)
                                                         clk (net)
                      0.000085    0.000042    0.000042 ^ clkbuf_0_clk/A (sky130_fd_sc_hd__clkbuf_16)
     2    0.017693    0.029600    0.074461    0.074503 ^ clkbuf_0_clk/X (sky130_fd_sc_hd__clkbuf_16)
                                                         clknet_0_clk (net)
                      0.029600    0.000134    0.074637 ^ clkbuf_1_1__f_clk/A (sky130_fd_sc_hd__clkbuf_16)
     2    0.005612    0.021411    0.073857    0.148494 ^ clkbuf_1_1__f_clk/X (sky130_fd_sc_hd__clkbuf_16)
                                                         clknet_1_1__leaf_clk (net)
                      0.021411    0.000058    0.148552 ^ _46_/CLK (sky130_fd_sc_hd__dfxtp_1)
     7    0.023401    0.079573    0.234265    0.382817 v _46_/Q (sky130_fd_sc_hd__dfxtp_1)
                                                         net4 (net)
                      0.079573    0.000044    0.382860 v output4/A (sky130_fd_sc_hd__buf_1)
     1    0.000352    0.011349    0.064159    0.447019 v output4/X (sky130_fd_sc_hd__buf_1)
                                                         counter[0] (net)
                      0.011349    0.000001    0.447021 v counter[0] (out)
                                              0.447021   data arrival time

                                  0.000000    0.000000   clock clk (rise edge)
                                  0.000000    0.000000   clock network delay (propagated)
                                  0.000000    0.000000   clock reconvergence pessimism
                                 -1.000000   -1.000000   output external delay
                                             -1.000000   data required time
---------------------------------------------------------------------------------------------
                                             -1.000000   data required time
                                             -0.447021   data arrival time
---------------------------------------------------------------------------------------------
                                              1.447021   slack (MET)



