Clock: clk
Sources: clk 
Generated: no
Virtual: yes
Propagated: no
Period: 10.000000

===========================================================================
report_clock_properties
============================================================================
Clock                   Period          Waveform
----------------------------------------------------
clk                  10.000000    0.000000  5.000000

===========================================================================
report_clock_latency
============================================================================
Clock clk
rise -> rise
    min     max
0.000000 0.000000 source latency
0.186861         network latency _47_/CLK
        0.187333 network latency _46_/CLK
---------------
0.186861 0.187333 latency
        0.000472 skew

fall -> fall
    min     max
0.000000 0.000000 source latency
0.187403         network latency _47_/CLK
        0.187836 network latency _46_/CLK
---------------
0.187403 0.187836 latency
        0.000433 skew



===========================================================================
report_clock_min_period
============================================================================
clk period_min = 1.45 fmax = 687.30
