Clock: clk
Sources: clk 
Generated: no
Virtual: yes
Propagated: no
Period: 10.000000

===========================================================================
report_clock_properties
============================================================================
Clock                   Period          Waveform
----------------------------------------------------
clk                  10.000000    0.000000  5.000000

===========================================================================
report_clock_latency
============================================================================
Clock clk
rise -> rise
    min     max
0.000000 0.000000 source latency
0.149648         network latency _47_/CLK
        0.150236 network latency _46_/CLK
---------------
0.149648 0.150236 latency
        0.000588 skew

fall -> fall
    min     max
0.000000 0.000000 source latency
0.172315         network latency _47_/CLK
        0.172860 network latency _46_/CLK
---------------
0.172315 0.172860 latency
        0.000544 skew



===========================================================================
report_clock_min_period
============================================================================
clk period_min = 0.75 fmax = 1330.88
