Reading timing models for corner max_ff_n40C_1v95…
Reading cell library for the 'max_ff_n40C_1v95' corner at '/home/amostafa/.volare/volare/sky130/versions/0fe599b2afb6708d281543108caf8310912f54af/sky130A/libs.ref/sky130_fd_sc_hd/lib/sky130_fd_sc_hd__ff_n40C_1v95.lib'…
Reading top-level netlist at '/home/amostafa/vlsi/runs/RUN_2024-12-04_10-33-24/10-openroad-detailedrouting/counter_dut.nl.v'…
Linking design 'counter_dut' from netlist…
Reading design constraints file at 'counter_dut.sdc'…
Warning: counter_dut.sdc line 5, set_input_delay relative to a clock defined on the same port/pin not allowed.
[INFO] No information on clock propagation in input SDC file-- propagating all clocks.
Reading top-level design parasitics for the 'max_ff_n40C_1v95' corner at '/home/amostafa/vlsi/runs/RUN_2024-12-04_10-33-24/12-openroad-rcx/max/counter_dut.max.spef'…
%OL_CREATE_REPORT min.rpt

===========================================================================
report_checks -path_delay min (Hold)
============================================================================
======================= max_ff_n40C_1v95 Corner ===================================

Startpoint: _48_ (rising edge-triggered flip-flop clocked by clk)
Endpoint: _48_ (rising edge-triggered flip-flop clocked by clk)
Path Group: clk
Path Type: min

Fanout         Cap        Slew       Delay        Time   Description
---------------------------------------------------------------------------------------------
                                  0.000000    0.000000   clock clk (rise edge)
                                  0.000000    0.000000   clock source latency
     1    0.009663    0.000000    0.000000    0.000000 ^ clk (in)
                                                         clk (net)
                      0.000595    0.000298    0.000298 ^ clkbuf_0_clk/A (sky130_fd_sc_hd__clkbuf_16)
     2    0.018196    0.029953    0.074666    0.074964 ^ clkbuf_0_clk/X (sky130_fd_sc_hd__clkbuf_16)
                                                         clknet_0_clk (net)
                      0.029962    0.000933    0.075897 ^ clkbuf_1_1__f_clk/A (sky130_fd_sc_hd__clkbuf_16)
     2    0.005684    0.021472    0.073980    0.149877 ^ clkbuf_1_1__f_clk/X (sky130_fd_sc_hd__clkbuf_16)
                                                         clknet_1_1__leaf_clk (net)
                      0.021473    0.000326    0.150204 ^ _48_/CLK (sky130_fd_sc_hd__dfxtp_1)
     5    0.017514    0.128061    0.251747    0.401951 ^ _48_/Q (sky130_fd_sc_hd__dfxtp_1)
                                                         net6 (net)
                      0.128061    0.000505    0.402456 ^ _39_/A1 (sky130_fd_sc_hd__a21oi_1)
     1    0.002783    0.042312    0.043553    0.446010 v _39_/Y (sky130_fd_sc_hd__a21oi_1)
                                                         _18_ (net)
                      0.042313    0.000190    0.446200 v _40_/B1 (sky130_fd_sc_hd__o21ai_1)
     1    0.002595    0.037961    0.048495    0.494695 ^ _40_/Y (sky130_fd_sc_hd__o21ai_1)
                                                         _02_ (net)
                      0.037961    0.000182    0.494876 ^ _48_/D (sky130_fd_sc_hd__dfxtp_1)
                                              0.494876   data arrival time

                                  0.000000    0.000000   clock clk (rise edge)
                                  0.000000    0.000000   clock source latency
     1    0.009663    0.000000    0.000000    0.000000 ^ clk (in)
                                                         clk (net)
                      0.000595    0.000298    0.000298 ^ clkbuf_0_clk/A (sky130_fd_sc_hd__clkbuf_16)
     2    0.018196    0.029953    0.074666    0.074964 ^ clkbuf_0_clk/X (sky130_fd_sc_hd__clkbuf_16)
                                                         clknet_0_clk (net)
                      0.029962    0.000933    0.075897 ^ clkbuf_1_1__f_clk/A (sky130_fd_sc_hd__clkbuf_16)
     2    0.005684    0.021472    0.073980    0.149877 ^ clkbuf_1_1__f_clk/X (sky130_fd_sc_hd__clkbuf_16)
                                                         clknet_1_1__leaf_clk (net)
                      0.021473    0.000326    0.150204 ^ _48_/CLK (sky130_fd_sc_hd__dfxtp_1)
                                  0.000000    0.150204   clock reconvergence pessimism
                                 -0.018021    0.132183   library hold time
                                              0.132183   data required time
---------------------------------------------------------------------------------------------
                                              0.132183   data required time
                                             -0.494876   data arrival time
---------------------------------------------------------------------------------------------
                                              0.362694   slack (MET)


Startpoint: _49_ (rising edge-triggered flip-flop clocked by clk)
Endpoint: _49_ (rising edge-triggered flip-flop clocked by clk)
Path Group: clk
Path Type: min

Fanout         Cap        Slew       Delay        Time   Description
---------------------------------------------------------------------------------------------
                                  0.000000    0.000000   clock clk (rise edge)
                                  0.000000    0.000000   clock source latency
     1    0.009663    0.000000    0.000000    0.000000 ^ clk (in)
                                                         clk (net)
                      0.000595    0.000298    0.000298 ^ clkbuf_0_clk/A (sky130_fd_sc_hd__clkbuf_16)
     2    0.018196    0.029953    0.074666    0.074964 ^ clkbuf_0_clk/X (sky130_fd_sc_hd__clkbuf_16)
                                                         clknet_0_clk (net)
                      0.029962    0.000954    0.075917 ^ clkbuf_1_0__f_clk/A (sky130_fd_sc_hd__clkbuf_16)
     2    0.005056    0.021031    0.073451    0.149369 ^ clkbuf_1_0__f_clk/X (sky130_fd_sc_hd__clkbuf_16)
                                                         clknet_1_0__leaf_clk (net)
                      0.021032    0.000310    0.149678 ^ _49_/CLK (sky130_fd_sc_hd__dfxtp_1)
     3    0.009566    0.038817    0.200521    0.350199 v _49_/Q (sky130_fd_sc_hd__dfxtp_1)
                                                         net7 (net)
                      0.038823    0.000487    0.350686 v _44_/B (sky130_fd_sc_hd__nand4_1)
     1    0.004338    0.048854    0.066236    0.416922 ^ _44_/Y (sky130_fd_sc_hd__nand4_1)
                                                         _22_ (net)
                      0.048855    0.000319    0.417241 ^ _45_/A3 (sky130_fd_sc_hd__a31o_1)
     1    0.002179    0.026193    0.078762    0.496003 ^ _45_/X (sky130_fd_sc_hd__a31o_1)
                                                         _03_ (net)
                      0.026193    0.000158    0.496161 ^ _49_/D (sky130_fd_sc_hd__dfxtp_1)
                                              0.496161   data arrival time

                                  0.000000    0.000000   clock clk (rise edge)
                                  0.000000    0.000000   clock source latency
     1    0.009663    0.000000    0.000000    0.000000 ^ clk (in)
                                                         clk (net)
                      0.000595    0.000298    0.000298 ^ clkbuf_0_clk/A (sky130_fd_sc_hd__clkbuf_16)
     2    0.018196    0.029953    0.074666    0.074964 ^ clkbuf_0_clk/X (sky130_fd_sc_hd__clkbuf_16)
                                                         clknet_0_clk (net)
                      0.029962    0.000954    0.075917 ^ clkbuf_1_0__f_clk/A (sky130_fd_sc_hd__clkbuf_16)
     2    0.005056    0.021031    0.073451    0.149369 ^ clkbuf_1_0__f_clk/X (sky130_fd_sc_hd__clkbuf_16)
                                                         clknet_1_0__leaf_clk (net)
                      0.021032    0.000310    0.149678 ^ _49_/CLK (sky130_fd_sc_hd__dfxtp_1)
                                  0.000000    0.149678   clock reconvergence pessimism
                                 -0.017197    0.132481   library hold time
                                              0.132481   data required time
---------------------------------------------------------------------------------------------
                                              0.132481   data required time
                                             -0.496161   data arrival time
---------------------------------------------------------------------------------------------
                                              0.363680   slack (MET)


Startpoint: _46_ (rising edge-triggered flip-flop clocked by clk)
Endpoint: _46_ (rising edge-triggered flip-flop clocked by clk)
Path Group: clk
Path Type: min

Fanout         Cap        Slew       Delay        Time   Description
---------------------------------------------------------------------------------------------
                                  0.000000    0.000000   clock clk (rise edge)
                                  0.000000    0.000000   clock source latency
     1    0.009663    0.000000    0.000000    0.000000 ^ clk (in)
                                                         clk (net)
                      0.000595    0.000298    0.000298 ^ clkbuf_0_clk/A (sky130_fd_sc_hd__clkbuf_16)
     2    0.018196    0.029953    0.074666    0.074964 ^ clkbuf_0_clk/X (sky130_fd_sc_hd__clkbuf_16)
                                                         clknet_0_clk (net)
                      0.029962    0.000933    0.075897 ^ clkbuf_1_1__f_clk/A (sky130_fd_sc_hd__clkbuf_16)
     2    0.005684    0.021472    0.073980    0.149877 ^ clkbuf_1_1__f_clk/X (sky130_fd_sc_hd__clkbuf_16)
                                                         clknet_1_1__leaf_clk (net)
                      0.021474    0.000359    0.150236 ^ _46_/CLK (sky130_fd_sc_hd__dfxtp_1)
     7    0.024717    0.083807    0.236876    0.387112 v _46_/Q (sky130_fd_sc_hd__dfxtp_1)
                                                         net4 (net)
                      0.083824    0.001140    0.388252 v _28_/A1 (sky130_fd_sc_hd__o21ai_1)
     1    0.003396    0.044748    0.107587    0.495839 ^ _28_/Y (sky130_fd_sc_hd__o21ai_1)
                                                         _00_ (net)
                      0.044749    0.000251    0.496090 ^ _46_/D (sky130_fd_sc_hd__dfxtp_1)
                                              0.496090   data arrival time

                                  0.000000    0.000000   clock clk (rise edge)
                                  0.000000    0.000000   clock source latency
     1    0.009663    0.000000    0.000000    0.000000 ^ clk (in)
                                                         clk (net)
                      0.000595    0.000298    0.000298 ^ clkbuf_0_clk/A (sky130_fd_sc_hd__clkbuf_16)
     2    0.018196    0.029953    0.074666    0.074964 ^ clkbuf_0_clk/X (sky130_fd_sc_hd__clkbuf_16)
                                                         clknet_0_clk (net)
                      0.029962    0.000933    0.075897 ^ clkbuf_1_1__f_clk/A (sky130_fd_sc_hd__clkbuf_16)
     2    0.005684    0.021472    0.073980    0.149877 ^ clkbuf_1_1__f_clk/X (sky130_fd_sc_hd__clkbuf_16)
                                                         clknet_1_1__leaf_clk (net)
                      0.021474    0.000359    0.150236 ^ _46_/CLK (sky130_fd_sc_hd__dfxtp_1)
                                  0.000000    0.150236   clock reconvergence pessimism
                                 -0.018502    0.131734   library hold time
                                              0.131734   data required time
---------------------------------------------------------------------------------------------
                                              0.131734   data required time
                                             -0.496090   data arrival time
---------------------------------------------------------------------------------------------
                                              0.364356   slack (MET)


Startpoint: _47_ (rising edge-triggered flip-flop clocked by clk)
Endpoint: _47_ (rising edge-triggered flip-flop clocked by clk)
Path Group: clk
Path Type: min

Fanout         Cap        Slew       Delay        Time   Description
---------------------------------------------------------------------------------------------
                                  0.000000    0.000000   clock clk (rise edge)
                                  0.000000    0.000000   clock source latency
     1    0.009663    0.000000    0.000000    0.000000 ^ clk (in)
                                                         clk (net)
                      0.000595    0.000298    0.000298 ^ clkbuf_0_clk/A (sky130_fd_sc_hd__clkbuf_16)
     2    0.018196    0.029953    0.074666    0.074964 ^ clkbuf_0_clk/X (sky130_fd_sc_hd__clkbuf_16)
                                                         clknet_0_clk (net)
                      0.029962    0.000954    0.075917 ^ clkbuf_1_0__f_clk/A (sky130_fd_sc_hd__clkbuf_16)
     2    0.005056    0.021031    0.073451    0.149369 ^ clkbuf_1_0__f_clk/X (sky130_fd_sc_hd__clkbuf_16)
                                                         clknet_1_0__leaf_clk (net)
                      0.021032    0.000279    0.149648 ^ _47_/CLK (sky130_fd_sc_hd__dfxtp_1)
     6    0.022411    0.161565    0.274836    0.424484 ^ _47_/Q (sky130_fd_sc_hd__dfxtp_1)
                                                         net5 (net)
                      0.161569    0.001021    0.425505 ^ _33_/A1 (sky130_fd_sc_hd__a21o_1)
     1    0.003352    0.030849    0.078909    0.504414 ^ _33_/X (sky130_fd_sc_hd__a21o_1)
                                                         _13_ (net)
                      0.030850    0.000237    0.504651 ^ _34_/B1 (sky130_fd_sc_hd__a31o_1)
     1    0.002428    0.024829    0.048831    0.553482 ^ _34_/X (sky130_fd_sc_hd__a31o_1)
                                                         _01_ (net)
                      0.024830    0.000170    0.553652 ^ _47_/D (sky130_fd_sc_hd__dfxtp_1)
                                              0.553652   data arrival time

                                  0.000000    0.000000   clock clk (rise edge)
                                  0.000000    0.000000   clock source latency
     1    0.009663    0.000000    0.000000    0.000000 ^ clk (in)
                                                         clk (net)
                      0.000595    0.000298    0.000298 ^ clkbuf_0_clk/A (sky130_fd_sc_hd__clkbuf_16)
     2    0.018196    0.029953    0.074666    0.074964 ^ clkbuf_0_clk/X (sky130_fd_sc_hd__clkbuf_16)
                                                         clknet_0_clk (net)
                      0.029962    0.000954    0.075917 ^ clkbuf_1_0__f_clk/A (sky130_fd_sc_hd__clkbuf_16)
     2    0.005056    0.021031    0.073451    0.149369 ^ clkbuf_1_0__f_clk/X (sky130_fd_sc_hd__clkbuf_16)
                                                         clknet_1_0__leaf_clk (net)
                      0.021032    0.000279    0.149648 ^ _47_/CLK (sky130_fd_sc_hd__dfxtp_1)
                                  0.000000    0.149648   clock reconvergence pessimism
                                 -0.017101    0.132547   library hold time
                                              0.132547   data required time
---------------------------------------------------------------------------------------------
                                              0.132547   data required time
                                             -0.553652   data arrival time
---------------------------------------------------------------------------------------------
                                              0.421105   slack (MET)


Startpoint: _49_ (rising edge-triggered flip-flop clocked by clk)
Endpoint: counter[3] (output port clocked by clk)
Path Group: clk
Path Type: min

Fanout         Cap        Slew       Delay        Time   Description
---------------------------------------------------------------------------------------------
                                  0.000000    0.000000   clock clk (rise edge)
                                  0.000000    0.000000   clock source latency
     1    0.009663    0.000000    0.000000    0.000000 ^ clk (in)
                                                         clk (net)
                      0.000595    0.000298    0.000298 ^ clkbuf_0_clk/A (sky130_fd_sc_hd__clkbuf_16)
     2    0.018196    0.029953    0.074666    0.074964 ^ clkbuf_0_clk/X (sky130_fd_sc_hd__clkbuf_16)
                                                         clknet_0_clk (net)
                      0.029962    0.000954    0.075917 ^ clkbuf_1_0__f_clk/A (sky130_fd_sc_hd__clkbuf_16)
     2    0.005056    0.021031    0.073451    0.149369 ^ clkbuf_1_0__f_clk/X (sky130_fd_sc_hd__clkbuf_16)
                                                         clknet_1_0__leaf_clk (net)
                      0.021032    0.000310    0.149678 ^ _49_/CLK (sky130_fd_sc_hd__dfxtp_1)
     3    0.009566    0.038817    0.200521    0.350199 v _49_/Q (sky130_fd_sc_hd__dfxtp_1)
                                                         net7 (net)
                      0.038820    0.000381    0.350581 v output7/A (sky130_fd_sc_hd__buf_1)
     1    0.000326    0.009926    0.049638    0.400219 v output7/X (sky130_fd_sc_hd__buf_1)
                                                         counter[3] (net)
                      0.009926    0.000009    0.400228 v counter[3] (out)
                                              0.400228   data arrival time

                                  0.000000    0.000000   clock clk (rise edge)
                                  0.000000    0.000000   clock network delay (propagated)
                                  0.000000    0.000000   clock reconvergence pessimism
                               -5000.000000 -5000.000000   output external delay
                                           -5000.000000   data required time
---------------------------------------------------------------------------------------------
                                           -5000.000000   data required time
                                             -0.400228   data arrival time
---------------------------------------------------------------------------------------------
                                           5000.400391   slack (MET)


Startpoint: _48_ (rising edge-triggered flip-flop clocked by clk)
Endpoint: counter[2] (output port clocked by clk)
Path Group: clk
Path Type: min

Fanout         Cap        Slew       Delay        Time   Description
---------------------------------------------------------------------------------------------
                                  0.000000    0.000000   clock clk (rise edge)
                                  0.000000    0.000000   clock source latency
     1    0.009663    0.000000    0.000000    0.000000 ^ clk (in)
                                                         clk (net)
                      0.000595    0.000298    0.000298 ^ clkbuf_0_clk/A (sky130_fd_sc_hd__clkbuf_16)
     2    0.018196    0.029953    0.074666    0.074964 ^ clkbuf_0_clk/X (sky130_fd_sc_hd__clkbuf_16)
                                                         clknet_0_clk (net)
                      0.029962    0.000933    0.075897 ^ clkbuf_1_1__f_clk/A (sky130_fd_sc_hd__clkbuf_16)
     2    0.005684    0.021472    0.073980    0.149877 ^ clkbuf_1_1__f_clk/X (sky130_fd_sc_hd__clkbuf_16)
                                                         clknet_1_1__leaf_clk (net)
                      0.021473    0.000326    0.150204 ^ _48_/CLK (sky130_fd_sc_hd__dfxtp_1)
     5    0.016448    0.058704    0.217170    0.367374 v _48_/Q (sky130_fd_sc_hd__dfxtp_1)
                                                         net6 (net)
                      0.058721    0.000936    0.368310 v output6/A (sky130_fd_sc_hd__buf_1)
     1    0.000391    0.010567    0.057611    0.425921 v output6/X (sky130_fd_sc_hd__buf_1)
                                                         counter[2] (net)
                      0.010567    0.000010    0.425932 v counter[2] (out)
                                              0.425932   data arrival time

                                  0.000000    0.000000   clock clk (rise edge)
                                  0.000000    0.000000   clock network delay (propagated)
                                  0.000000    0.000000   clock reconvergence pessimism
                               -5000.000000 -5000.000000   output external delay
                                           -5000.000000   data required time
---------------------------------------------------------------------------------------------
                                           -5000.000000   data required time
                                             -0.425932   data arrival time
---------------------------------------------------------------------------------------------
                                           5000.426270   slack (MET)


Startpoint: _47_ (rising edge-triggered flip-flop clocked by clk)
Endpoint: counter[1] (output port clocked by clk)
Path Group: clk
Path Type: min

Fanout         Cap        Slew       Delay        Time   Description
---------------------------------------------------------------------------------------------
                                  0.000000    0.000000   clock clk (rise edge)
                                  0.000000    0.000000   clock source latency
     1    0.009663    0.000000    0.000000    0.000000 ^ clk (in)
                                                         clk (net)
                      0.000595    0.000298    0.000298 ^ clkbuf_0_clk/A (sky130_fd_sc_hd__clkbuf_16)
     2    0.018196    0.029953    0.074666    0.074964 ^ clkbuf_0_clk/X (sky130_fd_sc_hd__clkbuf_16)
                                                         clknet_0_clk (net)
                      0.029962    0.000954    0.075917 ^ clkbuf_1_0__f_clk/A (sky130_fd_sc_hd__clkbuf_16)
     2    0.005056    0.021031    0.073451    0.149369 ^ clkbuf_1_0__f_clk/X (sky130_fd_sc_hd__clkbuf_16)
                                                         clknet_1_0__leaf_clk (net)
                      0.021032    0.000279    0.149648 ^ _47_/CLK (sky130_fd_sc_hd__dfxtp_1)
     6    0.020961    0.072439    0.227646    0.377294 v _47_/Q (sky130_fd_sc_hd__dfxtp_1)
                                                         net5 (net)
                      0.072475    0.001489    0.378783 v output5/A (sky130_fd_sc_hd__buf_1)
     1    0.000489    0.011521    0.062521    0.441304 v output5/X (sky130_fd_sc_hd__buf_1)
                                                         counter[1] (net)
                      0.011521    0.000015    0.441319 v counter[1] (out)
                                              0.441319   data arrival time

                                  0.000000    0.000000   clock clk (rise edge)
                                  0.000000    0.000000   clock network delay (propagated)
                                  0.000000    0.000000   clock reconvergence pessimism
                               -5000.000000 -5000.000000   output external delay
                                           -5000.000000   data required time
---------------------------------------------------------------------------------------------
                                           -5000.000000   data required time
                                             -0.441319   data arrival time
---------------------------------------------------------------------------------------------
                                           5000.440918   slack (MET)


Startpoint: _46_ (rising edge-triggered flip-flop clocked by clk)
Endpoint: counter[0] (output port clocked by clk)
Path Group: clk
Path Type: min

Fanout         Cap        Slew       Delay        Time   Description
---------------------------------------------------------------------------------------------
                                  0.000000    0.000000   clock clk (rise edge)
                                  0.000000    0.000000   clock source latency
     1    0.009663    0.000000    0.000000    0.000000 ^ clk (in)
                                                         clk (net)
                      0.000595    0.000298    0.000298 ^ clkbuf_0_clk/A (sky130_fd_sc_hd__clkbuf_16)
     2    0.018196    0.029953    0.074666    0.074964 ^ clkbuf_0_clk/X (sky130_fd_sc_hd__clkbuf_16)
                                                         clknet_0_clk (net)
                      0.029962    0.000933    0.075897 ^ clkbuf_1_1__f_clk/A (sky130_fd_sc_hd__clkbuf_16)
     2    0.005684    0.021472    0.073980    0.149877 ^ clkbuf_1_1__f_clk/X (sky130_fd_sc_hd__clkbuf_16)
                                                         clknet_1_1__leaf_clk (net)
                      0.021474    0.000359    0.150236 ^ _46_/CLK (sky130_fd_sc_hd__dfxtp_1)
     7    0.024717    0.083807    0.236876    0.387112 v _46_/Q (sky130_fd_sc_hd__dfxtp_1)
                                                         net4 (net)
                      0.083812    0.000702    0.387814 v output4/A (sky130_fd_sc_hd__buf_1)
     1    0.000327    0.011451    0.065408    0.453222 v output4/X (sky130_fd_sc_hd__buf_1)
                                                         counter[0] (net)
                      0.011451    0.000009    0.453231 v counter[0] (out)
                                              0.453231   data arrival time

                                  0.000000    0.000000   clock clk (rise edge)
                                  0.000000    0.000000   clock network delay (propagated)
                                  0.000000    0.000000   clock reconvergence pessimism
                               -5000.000000 -5000.000000   output external delay
                                           -5000.000000   data required time
---------------------------------------------------------------------------------------------
                                           -5000.000000   data required time
                                             -0.453231   data arrival time
---------------------------------------------------------------------------------------------
                                           5000.453613   slack (MET)



%OL_END_REPORT
%OL_CREATE_REPORT max.rpt

===========================================================================
report_checks -path_delay max (Setup)
============================================================================
======================= max_ff_n40C_1v95 Corner ===================================

Startpoint: _46_ (rising edge-triggered flip-flop clocked by clk)
Endpoint: counter[0] (output port clocked by clk)
Path Group: clk
Path Type: max

Fanout         Cap        Slew       Delay        Time   Description
---------------------------------------------------------------------------------------------
                                  0.000000    0.000000   clock clk (rise edge)
                                  0.000000    0.000000   clock source latency
     1    0.009663    0.000000    0.000000    0.000000 ^ clk (in)
                                                         clk (net)
                      0.000595    0.000298    0.000298 ^ clkbuf_0_clk/A (sky130_fd_sc_hd__clkbuf_16)
     2    0.018196    0.029953    0.074666    0.074964 ^ clkbuf_0_clk/X (sky130_fd_sc_hd__clkbuf_16)
                                                         clknet_0_clk (net)
                      0.029962    0.000933    0.075897 ^ clkbuf_1_1__f_clk/A (sky130_fd_sc_hd__clkbuf_16)
     2    0.005684    0.021472    0.073980    0.149877 ^ clkbuf_1_1__f_clk/X (sky130_fd_sc_hd__clkbuf_16)
                                                         clknet_1_1__leaf_clk (net)
                      0.021474    0.000359    0.150236 ^ _46_/CLK (sky130_fd_sc_hd__dfxtp_1)
     7    0.026152    0.187110    0.292956    0.443191 ^ _46_/Q (sky130_fd_sc_hd__dfxtp_1)
                                                         net4 (net)
                      0.187110    0.000746    0.443937 ^ output4/A (sky130_fd_sc_hd__buf_1)
     1    0.000327    0.017118    0.044391    0.488328 ^ output4/X (sky130_fd_sc_hd__buf_1)
                                                         counter[0] (net)
                      0.017118    0.000009    0.488338 ^ counter[0] (out)
                                              0.488338   data arrival time

                                 10.000000   10.000000   clock clk (rise edge)
                                  0.000000   10.000000   clock network delay (propagated)
                                  0.000000   10.000000   clock reconvergence pessimism
                               -5000.000000 -4990.000000   output external delay
                                           -4990.000000   data required time
---------------------------------------------------------------------------------------------
                                           -4990.000000   data required time
                                             -0.488338   data arrival time
---------------------------------------------------------------------------------------------
                                           -4990.488281   slack (VIOLATED)


Startpoint: _47_ (rising edge-triggered flip-flop clocked by clk)
Endpoint: counter[1] (output port clocked by clk)
Path Group: clk
Path Type: max

Fanout         Cap        Slew       Delay        Time   Description
---------------------------------------------------------------------------------------------
                                  0.000000    0.000000   clock clk (rise edge)
                                  0.000000    0.000000   clock source latency
     1    0.009663    0.000000    0.000000    0.000000 ^ clk (in)
                                                         clk (net)
                      0.000595    0.000298    0.000298 ^ clkbuf_0_clk/A (sky130_fd_sc_hd__clkbuf_16)
     2    0.018196    0.029953    0.074666    0.074964 ^ clkbuf_0_clk/X (sky130_fd_sc_hd__clkbuf_16)
                                                         clknet_0_clk (net)
                      0.029962    0.000954    0.075917 ^ clkbuf_1_0__f_clk/A (sky130_fd_sc_hd__clkbuf_16)
     2    0.005056    0.021031    0.073451    0.149369 ^ clkbuf_1_0__f_clk/X (sky130_fd_sc_hd__clkbuf_16)
                                                         clknet_1_0__leaf_clk (net)
                      0.021032    0.000279    0.149648 ^ _47_/CLK (sky130_fd_sc_hd__dfxtp_1)
     6    0.022411    0.161565    0.274836    0.424484 ^ _47_/Q (sky130_fd_sc_hd__dfxtp_1)
                                                         net5 (net)
                      0.161579    0.001588    0.426072 ^ output5/A (sky130_fd_sc_hd__buf_1)
     1    0.000489    0.017491    0.045895    0.471967 ^ output5/X (sky130_fd_sc_hd__buf_1)
                                                         counter[1] (net)
                      0.017491    0.000015    0.471982 ^ counter[1] (out)
                                              0.471982   data arrival time

                                 10.000000   10.000000   clock clk (rise edge)
                                  0.000000   10.000000   clock network delay (propagated)
                                  0.000000   10.000000   clock reconvergence pessimism
                               -5000.000000 -4990.000000   output external delay
                                           -4990.000000   data required time
---------------------------------------------------------------------------------------------
                                           -4990.000000   data required time
                                             -0.471982   data arrival time
---------------------------------------------------------------------------------------------
                                           -4990.472168   slack (VIOLATED)


Startpoint: _48_ (rising edge-triggered flip-flop clocked by clk)
Endpoint: counter[2] (output port clocked by clk)
Path Group: clk
Path Type: max

Fanout         Cap        Slew       Delay        Time   Description
---------------------------------------------------------------------------------------------
                                  0.000000    0.000000   clock clk (rise edge)
                                  0.000000    0.000000   clock source latency
     1    0.009663    0.000000    0.000000    0.000000 ^ clk (in)
                                                         clk (net)
                      0.000595    0.000298    0.000298 ^ clkbuf_0_clk/A (sky130_fd_sc_hd__clkbuf_16)
     2    0.018196    0.029953    0.074666    0.074964 ^ clkbuf_0_clk/X (sky130_fd_sc_hd__clkbuf_16)
                                                         clknet_0_clk (net)
                      0.029962    0.000933    0.075897 ^ clkbuf_1_1__f_clk/A (sky130_fd_sc_hd__clkbuf_16)
     2    0.005684    0.021472    0.073980    0.149877 ^ clkbuf_1_1__f_clk/X (sky130_fd_sc_hd__clkbuf_16)
                                                         clknet_1_1__leaf_clk (net)
                      0.021473    0.000326    0.150204 ^ _48_/CLK (sky130_fd_sc_hd__dfxtp_1)
     5    0.017514    0.128061    0.251747    0.401951 ^ _48_/Q (sky130_fd_sc_hd__dfxtp_1)
                                                         net6 (net)
                      0.128067    0.001003    0.402954 ^ output6/A (sky130_fd_sc_hd__buf_1)
     1    0.000391    0.015913    0.045755    0.448709 ^ output6/X (sky130_fd_sc_hd__buf_1)
                                                         counter[2] (net)
                      0.015913    0.000010    0.448719 ^ counter[2] (out)
                                              0.448719   data arrival time

                                 10.000000   10.000000   clock clk (rise edge)
                                  0.000000   10.000000   clock network delay (propagated)
                                  0.000000   10.000000   clock reconvergence pessimism
                               -5000.000000 -4990.000000   output external delay
                                           -4990.000000   data required time
---------------------------------------------------------------------------------------------
                                           -4990.000000   data required time
                                             -0.448719   data arrival time
---------------------------------------------------------------------------------------------
                                           -4990.448730   slack (VIOLATED)


Startpoint: _49_ (rising edge-triggered flip-flop clocked by clk)
Endpoint: counter[3] (output port clocked by clk)
Path Group: clk
Path Type: max

Fanout         Cap        Slew       Delay        Time   Description
---------------------------------------------------------------------------------------------
                                  0.000000    0.000000   clock clk (rise edge)
                                  0.000000    0.000000   clock source latency
     1    0.009663    0.000000    0.000000    0.000000 ^ clk (in)
                                                         clk (net)
                      0.000595    0.000298    0.000298 ^ clkbuf_0_clk/A (sky130_fd_sc_hd__clkbuf_16)
     2    0.018196    0.029953    0.074666    0.074964 ^ clkbuf_0_clk/X (sky130_fd_sc_hd__clkbuf_16)
                                                         clknet_0_clk (net)
                      0.029962    0.000954    0.075917 ^ clkbuf_1_0__f_clk/A (sky130_fd_sc_hd__clkbuf_16)
     2    0.005056    0.021031    0.073451    0.149369 ^ clkbuf_1_0__f_clk/X (sky130_fd_sc_hd__clkbuf_16)
                                                         clknet_1_0__leaf_clk (net)
                      0.021032    0.000310    0.149678 ^ _49_/CLK (sky130_fd_sc_hd__dfxtp_1)
     3    0.010166    0.077935    0.216837    0.366515 ^ _49_/Q (sky130_fd_sc_hd__dfxtp_1)
                                                         net7 (net)
                      0.077936    0.000408    0.366923 ^ output7/A (sky130_fd_sc_hd__buf_1)
     1    0.000326    0.014087    0.042538    0.409461 ^ output7/X (sky130_fd_sc_hd__buf_1)
                                                         counter[3] (net)
                      0.014087    0.000009    0.409470 ^ counter[3] (out)
                                              0.409470   data arrival time

                                 10.000000   10.000000   clock clk (rise edge)
                                  0.000000   10.000000   clock network delay (propagated)
                                  0.000000   10.000000   clock reconvergence pessimism
                               -5000.000000 -4990.000000   output external delay
                                           -4990.000000   data required time
---------------------------------------------------------------------------------------------
                                           -4990.000000   data required time
                                             -0.409470   data arrival time
---------------------------------------------------------------------------------------------
                                           -4990.409180   slack (VIOLATED)


Startpoint: up_down (input port clocked by clk)
Endpoint: _49_ (rising edge-triggered flip-flop clocked by clk)
Path Group: clk
Path Type: max

Fanout         Cap        Slew       Delay        Time   Description
---------------------------------------------------------------------------------------------
                                  0.000000    0.000000   clock clk (rise edge)
                                  0.000000    0.000000   clock network delay (propagated)
                                200.000000  200.000000 v input external delay
     1    0.002584    0.000000    0.000000  200.000000 v up_down (in)
                                                         up_down (net)
                      0.000160    0.000085  200.000076 v input3/A (sky130_fd_sc_hd__buf_1)
     5    0.012303    0.052282    0.073939  200.074020 v input3/X (sky130_fd_sc_hd__buf_1)
                                                         net3 (net)
                      0.052288    0.000554  200.074570 v _41_/A1 (sky130_fd_sc_hd__o31ai_1)
     2    0.007692    0.220959    0.229164  200.303741 ^ _41_/Y (sky130_fd_sc_hd__o31ai_1)
                                                         _19_ (net)
                      0.220959    0.000455  200.304184 ^ _44_/C (sky130_fd_sc_hd__nand4_1)
     1    0.004093    0.066164    0.066478  200.370667 v _44_/Y (sky130_fd_sc_hd__nand4_1)
                                                         _22_ (net)
                      0.066164    0.000298  200.370972 v _45_/A3 (sky130_fd_sc_hd__a31o_1)
     1    0.002214    0.025587    0.144112  200.515076 v _45_/X (sky130_fd_sc_hd__a31o_1)
                                                         _03_ (net)
                      0.025587    0.000156  200.515244 v _49_/D (sky130_fd_sc_hd__dfxtp_1)
                                            200.515244   data arrival time

                                 10.000000   10.000000   clock clk (rise edge)
                                  0.000000   10.000000   clock source latency
     1    0.009663    0.000000    0.000000   10.000000 ^ clk (in)
                                                         clk (net)
                      0.000595    0.000298   10.000298 ^ clkbuf_0_clk/A (sky130_fd_sc_hd__clkbuf_16)
     2    0.018196    0.029953    0.074667   10.074965 ^ clkbuf_0_clk/X (sky130_fd_sc_hd__clkbuf_16)
                                                         clknet_0_clk (net)
                      0.029962    0.000953   10.075917 ^ clkbuf_1_0__f_clk/A (sky130_fd_sc_hd__clkbuf_16)
     2    0.005056    0.021031    0.073451   10.149368 ^ clkbuf_1_0__f_clk/X (sky130_fd_sc_hd__clkbuf_16)
                                                         clknet_1_0__leaf_clk (net)
                      0.021032    0.000310   10.149679 ^ _49_/CLK (sky130_fd_sc_hd__dfxtp_1)
                                  0.000000   10.149679   clock reconvergence pessimism
                                 -0.068767   10.080912   library setup time
                                             10.080912   data required time
---------------------------------------------------------------------------------------------
                                             10.080912   data required time
                                           -200.515244   data arrival time
---------------------------------------------------------------------------------------------
                                           -190.434326   slack (VIOLATED)


Startpoint: up_down (input port clocked by clk)
Endpoint: _48_ (rising edge-triggered flip-flop clocked by clk)
Path Group: clk
Path Type: max

Fanout         Cap        Slew       Delay        Time   Description
---------------------------------------------------------------------------------------------
                                  0.000000    0.000000   clock clk (rise edge)
                                  0.000000    0.000000   clock network delay (propagated)
                                200.000000  200.000000 v input external delay
     1    0.002584    0.000000    0.000000  200.000000 v up_down (in)
                                                         up_down (net)
                      0.000160    0.000085  200.000076 v input3/A (sky130_fd_sc_hd__buf_1)
     5    0.012303    0.052282    0.073939  200.074020 v input3/X (sky130_fd_sc_hd__buf_1)
                                                         net3 (net)
                      0.052287    0.000512  200.074524 v _30_/A (sky130_fd_sc_hd__or2_1)
     2    0.008211    0.050237    0.158749  200.233276 v _30_/X (sky130_fd_sc_hd__or2_1)
                                                         _10_ (net)
                      0.050242    0.000526  200.233810 v _38_/A (sky130_fd_sc_hd__xnor2_1)
     1    0.003992    0.098234    0.117041  200.350845 ^ _38_/Y (sky130_fd_sc_hd__xnor2_1)
                                                         _17_ (net)
                      0.098234    0.000270  200.351120 ^ _40_/A2 (sky130_fd_sc_hd__o21ai_1)
     1    0.002630    0.029049    0.037133  200.388245 v _40_/Y (sky130_fd_sc_hd__o21ai_1)
                                                         _02_ (net)
                      0.029049    0.000185  200.388428 v _48_/D (sky130_fd_sc_hd__dfxtp_1)
                                            200.388428   data arrival time

                                 10.000000   10.000000   clock clk (rise edge)
                                  0.000000   10.000000   clock source latency
     1    0.009663    0.000000    0.000000   10.000000 ^ clk (in)
                                                         clk (net)
                      0.000595    0.000298   10.000298 ^ clkbuf_0_clk/A (sky130_fd_sc_hd__clkbuf_16)
     2    0.018196    0.029953    0.074667   10.074965 ^ clkbuf_0_clk/X (sky130_fd_sc_hd__clkbuf_16)
                                                         clknet_0_clk (net)
                      0.029962    0.000933   10.075898 ^ clkbuf_1_1__f_clk/A (sky130_fd_sc_hd__clkbuf_16)
     2    0.005684    0.021472    0.073980   10.149878 ^ clkbuf_1_1__f_clk/X (sky130_fd_sc_hd__clkbuf_16)
                                                         clknet_1_1__leaf_clk (net)
                      0.021473    0.000326   10.150204 ^ _48_/CLK (sky130_fd_sc_hd__dfxtp_1)
                                  0.000000   10.150204   clock reconvergence pessimism
                                 -0.069962   10.080242   library setup time
                                             10.080242   data required time
---------------------------------------------------------------------------------------------
                                             10.080242   data required time
                                           -200.388428   data arrival time
---------------------------------------------------------------------------------------------
                                           -190.308197   slack (VIOLATED)


Startpoint: up_down (input port clocked by clk)
Endpoint: _47_ (rising edge-triggered flip-flop clocked by clk)
Path Group: clk
Path Type: max

Fanout         Cap        Slew       Delay        Time   Description
---------------------------------------------------------------------------------------------
                                  0.000000    0.000000   clock clk (rise edge)
                                  0.000000    0.000000   clock network delay (propagated)
                                200.000000  200.000000 ^ input external delay
     1    0.002772    0.000000    0.000000  200.000000 ^ up_down (in)
                                                         up_down (net)
                      0.000172    0.000085  200.000076 ^ input3/A (sky130_fd_sc_hd__buf_1)
     5    0.013176    0.119677    0.104322  200.104401 ^ input3/X (sky130_fd_sc_hd__buf_1)
                                                         net3 (net)
                      0.119681    0.000554  200.104950 ^ _30_/A (sky130_fd_sc_hd__or2_1)
     2    0.008665    0.067921    0.104649  200.209610 ^ _30_/X (sky130_fd_sc_hd__or2_1)
                                                         _10_ (net)
                      0.067923    0.000497  200.210098 ^ _32_/A (sky130_fd_sc_hd__nand2_1)
     1    0.004354    0.032212    0.036124  200.246231 v _32_/Y (sky130_fd_sc_hd__nand2_1)
                                                         _12_ (net)
                      0.032233    0.000412  200.246643 v _34_/A3 (sky130_fd_sc_hd__a31o_1)
     1    0.002463    0.026554    0.132204  200.378845 v _34_/X (sky130_fd_sc_hd__a31o_1)
                                                         _01_ (net)
                      0.026554    0.000171  200.379013 v _47_/D (sky130_fd_sc_hd__dfxtp_1)
                                            200.379013   data arrival time

                                 10.000000   10.000000   clock clk (rise edge)
                                  0.000000   10.000000   clock source latency
     1    0.009663    0.000000    0.000000   10.000000 ^ clk (in)
                                                         clk (net)
                      0.000595    0.000298   10.000298 ^ clkbuf_0_clk/A (sky130_fd_sc_hd__clkbuf_16)
     2    0.018196    0.029953    0.074667   10.074965 ^ clkbuf_0_clk/X (sky130_fd_sc_hd__clkbuf_16)
                                                         clknet_0_clk (net)
                      0.029962    0.000953   10.075917 ^ clkbuf_1_0__f_clk/A (sky130_fd_sc_hd__clkbuf_16)
     2    0.005056    0.021031    0.073451   10.149368 ^ clkbuf_1_0__f_clk/X (sky130_fd_sc_hd__clkbuf_16)
                                                         clknet_1_0__leaf_clk (net)
                      0.021032    0.000279   10.149648 ^ _47_/CLK (sky130_fd_sc_hd__dfxtp_1)
                                  0.000000   10.149648   clock reconvergence pessimism
                                 -0.069113   10.080535   library setup time
                                             10.080535   data required time
---------------------------------------------------------------------------------------------
                                             10.080535   data required time
                                           -200.379013   data arrival time
---------------------------------------------------------------------------------------------
                                           -190.298477   slack (VIOLATED)


Startpoint: reset (input port clocked by clk)
Endpoint: _46_ (rising edge-triggered flip-flop clocked by clk)
Path Group: clk
Path Type: max

Fanout         Cap        Slew       Delay        Time   Description
---------------------------------------------------------------------------------------------
                                  0.000000    0.000000   clock clk (rise edge)
                                  0.000000    0.000000   clock network delay (propagated)
                                200.000000  200.000000 ^ input external delay
     1    0.002728    0.000000    0.000000  200.000000 ^ reset (in)
                                                         reset (net)
                      0.000173    0.000085  200.000076 ^ input2/A (sky130_fd_sc_hd__buf_1)
     2    0.008565    0.080461    0.077435  200.077515 ^ input2/X (sky130_fd_sc_hd__buf_1)
                                                         net2 (net)
                      0.080467    0.000597  200.078110 ^ _23_/A (sky130_fd_sc_hd__inv_2)
     4    0.011921    0.033470    0.033779  200.111893 v _23_/Y (sky130_fd_sc_hd__inv_2)
                                                         _04_ (net)
                      0.033481    0.000526  200.112411 v _25_/A (sky130_fd_sc_hd__nor2_1)
     4    0.015208    0.200578    0.173316  200.285736 ^ _25_/Y (sky130_fd_sc_hd__nor2_1)
                                                         _06_ (net)
                      0.200587    0.001165  200.286896 ^ _27_/B1 (sky130_fd_sc_hd__a21oi_1)
     1    0.003888    0.056301    0.029502  200.316391 v _27_/Y (sky130_fd_sc_hd__a21oi_1)
                                                         _08_ (net)
                      0.056301    0.000256  200.316650 v _28_/B1 (sky130_fd_sc_hd__o21ai_1)
     1    0.003396    0.078352    0.059288  200.375946 ^ _28_/Y (sky130_fd_sc_hd__o21ai_1)
                                                         _00_ (net)
                      0.078352    0.000256  200.376190 ^ _46_/D (sky130_fd_sc_hd__dfxtp_1)
                                            200.376190   data arrival time

                                 10.000000   10.000000   clock clk (rise edge)
                                  0.000000   10.000000   clock source latency
     1    0.009663    0.000000    0.000000   10.000000 ^ clk (in)
                                                         clk (net)
                      0.000595    0.000298   10.000298 ^ clkbuf_0_clk/A (sky130_fd_sc_hd__clkbuf_16)
     2    0.018196    0.029953    0.074667   10.074965 ^ clkbuf_0_clk/X (sky130_fd_sc_hd__clkbuf_16)
                                                         clknet_0_clk (net)
                      0.029962    0.000933   10.075898 ^ clkbuf_1_1__f_clk/A (sky130_fd_sc_hd__clkbuf_16)
     2    0.005684    0.021472    0.073980   10.149878 ^ clkbuf_1_1__f_clk/X (sky130_fd_sc_hd__clkbuf_16)
                                                         clknet_1_1__leaf_clk (net)
                      0.021474    0.000359   10.150236 ^ _46_/CLK (sky130_fd_sc_hd__dfxtp_1)
                                  0.000000   10.150236   clock reconvergence pessimism
                                 -0.033492   10.116744   library setup time
                                             10.116744   data required time
---------------------------------------------------------------------------------------------
                                             10.116744   data required time
                                           -200.376190   data arrival time
---------------------------------------------------------------------------------------------
                                           -190.259445   slack (VIOLATED)



%OL_END_REPORT
%OL_CREATE_REPORT checks.rpt

===========================================================================
report_checks -unconstrained
===========================================================================
======================= max_ff_n40C_1v95 Corner ===================================

Startpoint: _46_ (rising edge-triggered flip-flop clocked by clk)
Endpoint: counter[0] (output port clocked by clk)
Path Group: clk
Path Type: max

Fanout         Cap        Slew       Delay        Time   Description
---------------------------------------------------------------------------------------------
                                  0.000000    0.000000   clock clk (rise edge)
                                  0.000000    0.000000   clock source latency
     1    0.009663    0.000000    0.000000    0.000000 ^ clk (in)
                                                         clk (net)
                      0.000595    0.000298    0.000298 ^ clkbuf_0_clk/A (sky130_fd_sc_hd__clkbuf_16)
     2    0.018196    0.029953    0.074666    0.074964 ^ clkbuf_0_clk/X (sky130_fd_sc_hd__clkbuf_16)
                                                         clknet_0_clk (net)
                      0.029962    0.000933    0.075897 ^ clkbuf_1_1__f_clk/A (sky130_fd_sc_hd__clkbuf_16)
     2    0.005684    0.021472    0.073980    0.149877 ^ clkbuf_1_1__f_clk/X (sky130_fd_sc_hd__clkbuf_16)
                                                         clknet_1_1__leaf_clk (net)
                      0.021474    0.000359    0.150236 ^ _46_/CLK (sky130_fd_sc_hd__dfxtp_1)
     7    0.026152    0.187110    0.292956    0.443191 ^ _46_/Q (sky130_fd_sc_hd__dfxtp_1)
                                                         net4 (net)
                      0.187110    0.000746    0.443937 ^ output4/A (sky130_fd_sc_hd__buf_1)
     1    0.000327    0.017118    0.044391    0.488328 ^ output4/X (sky130_fd_sc_hd__buf_1)
                                                         counter[0] (net)
                      0.017118    0.000009    0.488338 ^ counter[0] (out)
                                              0.488338   data arrival time

                                 10.000000   10.000000   clock clk (rise edge)
                                  0.000000   10.000000   clock network delay (propagated)
                                  0.000000   10.000000   clock reconvergence pessimism
                               -5000.000000 -4990.000000   output external delay
                                           -4990.000000   data required time
---------------------------------------------------------------------------------------------
                                           -4990.000000   data required time
                                             -0.488338   data arrival time
---------------------------------------------------------------------------------------------
                                           -4990.488281   slack (VIOLATED)




===========================================================================
report_checks --slack_max -0.01
============================================================================
======================= max_ff_n40C_1v95 Corner ===================================

Startpoint: _46_ (rising edge-triggered flip-flop clocked by clk)
Endpoint: counter[0] (output port clocked by clk)
Path Group: clk
Path Type: max

Fanout         Cap        Slew       Delay        Time   Description
---------------------------------------------------------------------------------------------
                                  0.000000    0.000000   clock clk (rise edge)
                                  0.000000    0.000000   clock source latency
     1    0.009663    0.000000    0.000000    0.000000 ^ clk (in)
                                                         clk (net)
                      0.000595    0.000298    0.000298 ^ clkbuf_0_clk/A (sky130_fd_sc_hd__clkbuf_16)
     2    0.018196    0.029953    0.074666    0.074964 ^ clkbuf_0_clk/X (sky130_fd_sc_hd__clkbuf_16)
                                                         clknet_0_clk (net)
                      0.029962    0.000933    0.075897 ^ clkbuf_1_1__f_clk/A (sky130_fd_sc_hd__clkbuf_16)
     2    0.005684    0.021472    0.073980    0.149877 ^ clkbuf_1_1__f_clk/X (sky130_fd_sc_hd__clkbuf_16)
                                                         clknet_1_1__leaf_clk (net)
                      0.021474    0.000359    0.150236 ^ _46_/CLK (sky130_fd_sc_hd__dfxtp_1)
     7    0.026152    0.187110    0.292956    0.443191 ^ _46_/Q (sky130_fd_sc_hd__dfxtp_1)
                                                         net4 (net)
                      0.187110    0.000746    0.443937 ^ output4/A (sky130_fd_sc_hd__buf_1)
     1    0.000327    0.017118    0.044391    0.488328 ^ output4/X (sky130_fd_sc_hd__buf_1)
                                                         counter[0] (net)
                      0.017118    0.000009    0.488338 ^ counter[0] (out)
                                              0.488338   data arrival time

                                 10.000000   10.000000   clock clk (rise edge)
                                  0.000000   10.000000   clock network delay (propagated)
                                  0.000000   10.000000   clock reconvergence pessimism
                               -5000.000000 -4990.000000   output external delay
                                           -4990.000000   data required time
---------------------------------------------------------------------------------------------
                                           -4990.000000   data required time
                                             -0.488338   data arrival time
---------------------------------------------------------------------------------------------
                                           -4990.488281   slack (VIOLATED)




===========================================================================
 report_check_types -max_slew -max_cap -max_fanout -violators
============================================================================
======================= max_ff_n40C_1v95 Corner ===================================



===========================================================================
report_parasitic_annotation -report_unannotated
============================================================================
Found 0 unannotated drivers.
Found 0 partially unannotated drivers.

===========================================================================
max slew violation count 0
%OL_METRIC_I design__max_slew_violation__count__corner:max_ff_n40C_1v95 0
max fanout violation count 0
%OL_METRIC_I design__max_fanout_violation__count__corner:max_ff_n40C_1v95 0
max cap violation count 0
%OL_METRIC_I design__max_cap_violation__count__corner:max_ff_n40C_1v95 0
============================================================================

===========================================================================
check_setup -verbose -unconstrained_endpoints -multiple_clock -no_clock -no_input_delay -loops -generated_clocks
===========================================================================
%OL_END_REPORT
%OL_CREATE_REPORT power.rpt

===========================================================================
 report_power
============================================================================
======================= max_ff_n40C_1v95 Corner ===================================

Group                    Internal    Switching      Leakage        Total
                            Power        Power        Power        Power (Watts)
------------------------------------------------------------------------
Sequential           2.114775e-05 3.549390e-06 5.805177e-11 2.469720e-05  23.2%
Combinational        6.215227e-06 6.089193e-06 9.854847e-11 1.230452e-05  11.5%
Clock                5.860184e-05 1.100313e-05 1.914306e-10 6.960516e-05  65.3%
Macro                0.000000e+00 0.000000e+00 0.000000e+00 0.000000e+00   0.0%
Pad                  0.000000e+00 0.000000e+00 0.000000e+00 0.000000e+00   0.0%
------------------------------------------------------------------------
Total                8.596482e-05 2.064171e-05 3.480309e-10 1.066069e-04 100.0%
                            80.6%        19.4%         0.0%
%OL_METRIC_F power__internal__total 8.596482075517997e-5
%OL_METRIC_F power__switching__total 2.0641709852498025e-5
%OL_METRIC_F power__leakage__total 3.4803090964707906e-10
%OL_METRIC_F power__total 0.00010660687985364348

%OL_END_REPORT
%OL_CREATE_REPORT skew.min.rpt

===========================================================================
Clock Skew (Hold)
============================================================================
%OL_METRIC_F clock__skew__worst_hold__corner:max_ff_n40C_1v95 0.0005883488307519352
======================= max_ff_n40C_1v95 Corner ===================================

Clock clk
0.150236 source latency _46_/CLK ^
-0.149648 target latency _47_/CLK ^
0.000000 CRPR
--------------
0.000588 hold skew

%OL_END_REPORT
%OL_CREATE_REPORT skew.max.rpt

===========================================================================
Clock Skew (Setup)
============================================================================
%OL_METRIC_F clock__skew__worst_setup__corner:max_ff_n40C_1v95 0.0005883488307519352
======================= max_ff_n40C_1v95 Corner ===================================

Clock clk
0.150236 source latency _46_/CLK ^
-0.149648 target latency _47_/CLK ^
0.000000 CRPR
--------------
0.000588 setup skew

%OL_END_REPORT
%OL_CREATE_REPORT ws.min.rpt

===========================================================================
Worst Slack (Hold)
============================================================================
%OL_METRIC_F timing__hold__ws__corner:max_ff_n40C_1v95 0.3626935243686744
max_ff_n40C_1v95: 0.3626935243686744
%OL_END_REPORT
%OL_CREATE_REPORT ws.max.rpt

===========================================================================
Worst Slack (Setup)
============================================================================
%OL_METRIC_F timing__setup__ws__corner:max_ff_n40C_1v95 -4990.488519238889
max_ff_n40C_1v95: -4990.488519238889
%OL_END_REPORT
%OL_CREATE_REPORT tns.min.rpt

===========================================================================
Total Negative Slack (Hold)
============================================================================
%OL_METRIC_F timing__hold__tns__corner:max_ff_n40C_1v95 0.0
max_ff_n40C_1v95: 0.0
%OL_END_REPORT
%OL_CREATE_REPORT tns.max.rpt

===========================================================================
Total Negative Slack (Setup)
============================================================================
%OL_METRIC_F timing__setup__tns__corner:max_ff_n40C_1v95 -20723.11930934356
max_ff_n40C_1v95: -20723.11930934356
%OL_END_REPORT
%OL_CREATE_REPORT wns.min.rpt

===========================================================================
Worst Negative Slack (Hold)
============================================================================
%OL_METRIC_F timing__hold__wns__corner:max_ff_n40C_1v95 0
max_ff_n40C_1v95: 0
%OL_END_REPORT
%OL_CREATE_REPORT wns.max.rpt

===========================================================================
Worst Negative Slack (Setup)
============================================================================
%OL_METRIC_F timing__setup__wns__corner:max_ff_n40C_1v95 -4990.488519238889
max_ff_n40C_1v95: -4990.488519238889
%OL_END_REPORT
%OL_CREATE_REPORT violator_list.rpt

===========================================================================
Violator List
============================================================================
[setup reg-out] _46_/Q -> counter[0] : -4990.488281
[setup reg-out] _47_/Q -> counter[1] : -4990.472168
[setup reg-out] _48_/Q -> counter[2] : -4990.448730
[setup reg-out] _49_/Q -> counter[3] : -4990.409180
[setup in-reg] up_down -> _49_/D : -190.434326
[setup in-reg] up_down -> _48_/D : -190.308197
[setup in-reg] up_down -> _47_/D : -190.298477
[setup in-reg] reset -> _46_/D : -190.259445
%OL_METRIC_I timing__hold_vio__count__corner:max_ff_n40C_1v95 0
%OL_METRIC_F timing__hold_r2r__ws__corner:max_ff_n40C_1v95 0.362694
%OL_METRIC_I timing__hold_r2r_vio__count__corner:max_ff_n40C_1v95 0
%OL_METRIC_I timing__setup_vio__count__corner:max_ff_n40C_1v95 8
%OL_METRIC_F timing__setup_r2r__ws__corner:max_ff_n40C_1v95 inf
%OL_METRIC_I timing__setup_r2r_vio__count__corner:max_ff_n40C_1v95 0
%OL_END_REPORT
%OL_CREATE_REPORT unpropagated.rpt
%OL_END_REPORT
%OL_CREATE_REPORT clock.rpt
Clock: clk
Sources: clk 
Generated: no
Virtual: yes
Propagated: no
Period: 10.000000

===========================================================================
report_clock_properties
============================================================================
Clock                   Period          Waveform
----------------------------------------------------
clk                  10.000000    0.000000  5.000000

===========================================================================
report_clock_latency
============================================================================
Clock clk
rise -> rise
    min     max
0.000000 0.000000 source latency
0.149648         network latency _47_/CLK
        0.150236 network latency _46_/CLK
---------------
0.149648 0.150236 latency
        0.000588 skew

fall -> fall
    min     max
0.000000 0.000000 source latency
0.172315         network latency _47_/CLK
        0.172860 network latency _46_/CLK
---------------
0.172315 0.172860 latency
        0.000544 skew



===========================================================================
report_clock_min_period
============================================================================
clk period_min = 0.75 fmax = 1330.88
%OL_END_REPORT
Writing SDF files for all corners…
Removing Clock latencies before writing libs…
Writing timing models for all corners…
Writing timing models for the max_ff_n40C_1v95 corner to /home/amostafa/vlsi/runs/RUN_2024-12-04_10-33-24/13-openroad-stapostpnr/max_ff_n40C_1v95/counter_dut__max_ff_n40C_1v95.lib…
