Reading OpenROAD database at '/home/amostafa/vlsi/runs/RUN_2024-12-04_11-27-23/17-openroad-cutrows/counter_dut.odb'…
Reading library file at '/home/amostafa/.volare/volare/sky130/versions/0fe599b2afb6708d281543108caf8310912f54af/sky130A/libs.ref/sky130_fd_sc_hd/lib/sky130_fd_sc_hd__tt_025C_1v80.lib'…
Reading design constraints file at '/nix/store/aa5sq0vfmlwcpk9wklr9xcijzjjlc39j-python3-3.11.9-env/lib/python3.11/site-packages/openlane/scripts/base.sdc'…
[INFO] Using clock clk…
[INFO] Setting output delay to: 2.0
[INFO] Setting input delay to: 2.0
[INFO] Setting load to: 0.033442
[INFO] Setting clock uncertainty to: 0.25
[INFO] Setting clock transition to: 0.1499999999999999944488848768742172978818416595458984375
[INFO] Setting timing derate to: 5%
[INFO TAP-0004] Inserted 16 endcaps.
[INFO TAP-0005] Inserted 5 tapcells.
Setting global connections for newly added cells…
[INFO] Setting global connections...
Updating metrics…
Cell type report:                       Count       Area
  Fill cell                                16      60.06
  Tap cell                                  5       6.26
  Inverter                                  1       3.75
  Sequential cell                           4      85.08
  Multi-Input combinational cell           22     198.94
  Total                                    48     354.09
Writing OpenROAD database to '/home/amostafa/vlsi/runs/RUN_2024-12-04_11-27-23/18-openroad-tapendcapinsertion/counter_dut.odb'…
Writing netlist to '/home/amostafa/vlsi/runs/RUN_2024-12-04_11-27-23/18-openroad-tapendcapinsertion/counter_dut.nl.v'…
Writing powered netlist to '/home/amostafa/vlsi/runs/RUN_2024-12-04_11-27-23/18-openroad-tapendcapinsertion/counter_dut.pnl.v'…
Writing layout to '/home/amostafa/vlsi/runs/RUN_2024-12-04_11-27-23/18-openroad-tapendcapinsertion/counter_dut.def'…
Writing timing constraints to '/home/amostafa/vlsi/runs/RUN_2024-12-04_11-27-23/18-openroad-tapendcapinsertion/counter_dut.sdc'…
