55. Printing statistics.

=== generic_ripple_carry_adder ===

   Number of wires:                 60
   Number of wire bits:             81
   Number of public wires:          13
   Number of public wire bits:      34
   Number of ports:                  5
   Number of port bits:             26
   Number of memories:               0
   Number of memory bits:            0
   Number of processes:              0
   Number of cells:                 56
     $_ANDNOT_                      28
     $_AND_                          3
     $_NAND_                         7
     $_OR_                           2
     $_XNOR_                         7
     $_XOR_                          9

   Area for cell type $_AND_ is unknown!
   Area for cell type $_NAND_ is unknown!
   Area for cell type $_OR_ is unknown!
   Area for cell type $_XOR_ is unknown!
   Area for cell type $_XNOR_ is unknown!
   Area for cell type $_ANDNOT_ is unknown!

