
===========================================================================
report_checks -path_delay min (Hold)
============================================================================
======================= min_tt_025C_1v80 Corner ===================================

Startpoint: _46_ (rising edge-triggered flip-flop clocked by clk)
Endpoint: _46_ (rising edge-triggered flip-flop clocked by clk)
Path Group: clk
Path Type: min

Fanout         Cap        Slew       Delay        Time   Description
---------------------------------------------------------------------------------------------
                                  0.000000    0.000000   clock clk (rise edge)
                                  0.000000    0.000000   clock source latency
     1    0.010531    0.053772    0.035707    0.035707 ^ clk (in)
                                                         clk (net)
                      0.053772    0.000000    0.035707 ^ clkbuf_0_clk/A (sky130_fd_sc_hd__clkbuf_16)
     2    0.018060    0.040194    0.126749    0.162456 ^ clkbuf_0_clk/X (sky130_fd_sc_hd__clkbuf_16)
                                                         clknet_0_clk (net)
                      0.040194    0.000198    0.162654 ^ clkbuf_1_0__f_clk/A (sky130_fd_sc_hd__clkbuf_16)
     2    0.006155    0.029810    0.110168    0.272822 ^ clkbuf_1_0__f_clk/X (sky130_fd_sc_hd__clkbuf_16)
                                                         clknet_1_0__leaf_clk (net)
                      0.029810    0.000060    0.272882 ^ _46_/CLK (sky130_fd_sc_hd__dfxtp_1)
     7    0.025146    0.120658    0.366839    0.639721 v _46_/Q (sky130_fd_sc_hd__dfxtp_1)
                                                         net4 (net)
                      0.120658    0.000348    0.640068 v _27_/A1 (sky130_fd_sc_hd__a21oi_1)
     1    0.002817    0.087403    0.148163    0.788232 ^ _27_/Y (sky130_fd_sc_hd__a21oi_1)
                                                         _08_ (net)
                      0.087403    0.000029    0.788261 ^ _28_/B1 (sky130_fd_sc_hd__o21ai_1)
     1    0.004161    0.041313    0.077683    0.865943 v _28_/Y (sky130_fd_sc_hd__o21ai_1)
                                                         _00_ (net)
                      0.041313    0.000070    0.866013 v _46_/D (sky130_fd_sc_hd__dfxtp_1)
                                              0.866013   data arrival time

                                  0.000000    0.000000   clock clk (rise edge)
                                  0.000000    0.000000   clock source latency
     1    0.010531    0.053772    0.035707    0.035707 ^ clk (in)
                                                         clk (net)
                      0.053772    0.000000    0.035707 ^ clkbuf_0_clk/A (sky130_fd_sc_hd__clkbuf_16)
     2    0.018060    0.040194    0.126749    0.162456 ^ clkbuf_0_clk/X (sky130_fd_sc_hd__clkbuf_16)
                                                         clknet_0_clk (net)
                      0.040194    0.000198    0.162654 ^ clkbuf_1_0__f_clk/A (sky130_fd_sc_hd__clkbuf_16)
     2    0.006155    0.029810    0.110168    0.272822 ^ clkbuf_1_0__f_clk/X (sky130_fd_sc_hd__clkbuf_16)
                                                         clknet_1_0__leaf_clk (net)
                      0.029810    0.000060    0.272882 ^ _46_/CLK (sky130_fd_sc_hd__dfxtp_1)
                                  0.250000    0.522882   clock uncertainty
                                  0.000000    0.522882   clock reconvergence pessimism
                                 -0.055428    0.467454   library hold time
                                              0.467454   data required time
---------------------------------------------------------------------------------------------
                                              0.467454   data required time
                                             -0.866013   data arrival time
---------------------------------------------------------------------------------------------
                                              0.398559   slack (MET)


Startpoint: _47_ (rising edge-triggered flip-flop clocked by clk)
Endpoint: _47_ (rising edge-triggered flip-flop clocked by clk)
Path Group: clk
Path Type: min

Fanout         Cap        Slew       Delay        Time   Description
---------------------------------------------------------------------------------------------
                                  0.000000    0.000000   clock clk (rise edge)
                                  0.000000    0.000000   clock source latency
     1    0.010531    0.053772    0.035707    0.035707 ^ clk (in)
                                                         clk (net)
                      0.053772    0.000000    0.035707 ^ clkbuf_0_clk/A (sky130_fd_sc_hd__clkbuf_16)
     2    0.018060    0.040194    0.126749    0.162456 ^ clkbuf_0_clk/X (sky130_fd_sc_hd__clkbuf_16)
                                                         clknet_0_clk (net)
                      0.040194    0.000227    0.162683 ^ clkbuf_1_1__f_clk/A (sky130_fd_sc_hd__clkbuf_16)
     2    0.005567    0.029281    0.109461    0.272144 ^ clkbuf_1_1__f_clk/X (sky130_fd_sc_hd__clkbuf_16)
                                                         clknet_1_1__leaf_clk (net)
                      0.029281    0.000063    0.272208 ^ _47_/CLK (sky130_fd_sc_hd__dfxtp_1)
     6    0.022843    0.218359    0.423604    0.695812 ^ _47_/Q (sky130_fd_sc_hd__dfxtp_1)
                                                         net5 (net)
                      0.218359    0.000333    0.696145 ^ _33_/A1 (sky130_fd_sc_hd__a21o_1)
     1    0.003586    0.044334    0.147655    0.843800 ^ _33_/X (sky130_fd_sc_hd__a21o_1)
                                                         _13_ (net)
                      0.044334    0.000041    0.843841 ^ _34_/B1 (sky130_fd_sc_hd__a31o_1)
     1    0.002357    0.036611    0.083156    0.926997 ^ _34_/X (sky130_fd_sc_hd__a31o_1)
                                                         _01_ (net)
                      0.036611    0.000023    0.927021 ^ _47_/D (sky130_fd_sc_hd__dfxtp_1)
                                              0.927021   data arrival time

                                  0.000000    0.000000   clock clk (rise edge)
                                  0.000000    0.000000   clock source latency
     1    0.010531    0.053772    0.035707    0.035707 ^ clk (in)
                                                         clk (net)
                      0.053772    0.000000    0.035707 ^ clkbuf_0_clk/A (sky130_fd_sc_hd__clkbuf_16)
     2    0.018060    0.040194    0.126749    0.162456 ^ clkbuf_0_clk/X (sky130_fd_sc_hd__clkbuf_16)
                                                         clknet_0_clk (net)
                      0.040194    0.000227    0.162683 ^ clkbuf_1_1__f_clk/A (sky130_fd_sc_hd__clkbuf_16)
     2    0.005567    0.029281    0.109461    0.272144 ^ clkbuf_1_1__f_clk/X (sky130_fd_sc_hd__clkbuf_16)
                                                         clknet_1_1__leaf_clk (net)
                      0.029281    0.000063    0.272208 ^ _47_/CLK (sky130_fd_sc_hd__dfxtp_1)
                                  0.250000    0.522208   clock uncertainty
                                  0.000000    0.522208   clock reconvergence pessimism
                                 -0.031582    0.490626   library hold time
                                              0.490626   data required time
---------------------------------------------------------------------------------------------
                                              0.490626   data required time
                                             -0.927021   data arrival time
---------------------------------------------------------------------------------------------
                                              0.436395   slack (MET)


Startpoint: _48_ (rising edge-triggered flip-flop clocked by clk)
Endpoint: _48_ (rising edge-triggered flip-flop clocked by clk)
Path Group: clk
Path Type: min

Fanout         Cap        Slew       Delay        Time   Description
---------------------------------------------------------------------------------------------
                                  0.000000    0.000000   clock clk (rise edge)
                                  0.000000    0.000000   clock source latency
     1    0.010531    0.053772    0.035707    0.035707 ^ clk (in)
                                                         clk (net)
                      0.053772    0.000000    0.035707 ^ clkbuf_0_clk/A (sky130_fd_sc_hd__clkbuf_16)
     2    0.018060    0.040194    0.126749    0.162456 ^ clkbuf_0_clk/X (sky130_fd_sc_hd__clkbuf_16)
                                                         clknet_0_clk (net)
                      0.040194    0.000198    0.162654 ^ clkbuf_1_0__f_clk/A (sky130_fd_sc_hd__clkbuf_16)
     2    0.006155    0.029810    0.110168    0.272822 ^ clkbuf_1_0__f_clk/X (sky130_fd_sc_hd__clkbuf_16)
                                                         clknet_1_0__leaf_clk (net)
                      0.029810    0.000052    0.272874 ^ _48_/CLK (sky130_fd_sc_hd__dfxtp_1)
     5    0.013735    0.071931    0.327560    0.600434 v _48_/Q (sky130_fd_sc_hd__dfxtp_1)
                                                         net6 (net)
                      0.071931    0.000227    0.600661 v _36_/C (sky130_fd_sc_hd__nand3_1)
     2    0.006338    0.083519    0.110717    0.711378 ^ _36_/Y (sky130_fd_sc_hd__nand3_1)
                                                         _15_ (net)
                      0.083519    0.000058    0.711436 ^ _37_/B (sky130_fd_sc_hd__nand2_1)
     1    0.004913    0.043403    0.069763    0.781198 v _37_/Y (sky130_fd_sc_hd__nand2_1)
                                                         _16_ (net)
                      0.043403    0.000026    0.781224 v _38_/B (sky130_fd_sc_hd__xnor2_1)
     1    0.003071    0.051742    0.129737    0.910961 ^ _38_/Y (sky130_fd_sc_hd__xnor2_1)
                                                         _17_ (net)
                      0.051742    0.000028    0.910989 ^ _40_/A2 (sky130_fd_sc_hd__o21ai_1)
     1    0.002433    0.027762    0.052168    0.963157 v _40_/Y (sky130_fd_sc_hd__o21ai_1)
                                                         _02_ (net)
                      0.027762    0.000015    0.963172 v _48_/D (sky130_fd_sc_hd__dfxtp_1)
                                              0.963172   data arrival time

                                  0.000000    0.000000   clock clk (rise edge)
                                  0.000000    0.000000   clock source latency
     1    0.010531    0.053772    0.035707    0.035707 ^ clk (in)
                                                         clk (net)
                      0.053772    0.000000    0.035707 ^ clkbuf_0_clk/A (sky130_fd_sc_hd__clkbuf_16)
     2    0.018060    0.040194    0.126749    0.162456 ^ clkbuf_0_clk/X (sky130_fd_sc_hd__clkbuf_16)
                                                         clknet_0_clk (net)
                      0.040194    0.000198    0.162654 ^ clkbuf_1_0__f_clk/A (sky130_fd_sc_hd__clkbuf_16)
     2    0.006155    0.029810    0.110168    0.272822 ^ clkbuf_1_0__f_clk/X (sky130_fd_sc_hd__clkbuf_16)
                                                         clknet_1_0__leaf_clk (net)
                      0.029810    0.000052    0.272874 ^ _48_/CLK (sky130_fd_sc_hd__dfxtp_1)
                                  0.250000    0.522874   clock uncertainty
                                  0.000000    0.522874   clock reconvergence pessimism
                                 -0.049774    0.473100   library hold time
                                              0.473100   data required time
---------------------------------------------------------------------------------------------
                                              0.473100   data required time
                                             -0.963172   data arrival time
---------------------------------------------------------------------------------------------
                                              0.490072   slack (MET)


Startpoint: _49_ (rising edge-triggered flip-flop clocked by clk)
Endpoint: _49_ (rising edge-triggered flip-flop clocked by clk)
Path Group: clk
Path Type: min

Fanout         Cap        Slew       Delay        Time   Description
---------------------------------------------------------------------------------------------
                                  0.000000    0.000000   clock clk (rise edge)
                                  0.000000    0.000000   clock source latency
     1    0.010531    0.053772    0.035707    0.035707 ^ clk (in)
                                                         clk (net)
                      0.053772    0.000000    0.035707 ^ clkbuf_0_clk/A (sky130_fd_sc_hd__clkbuf_16)
     2    0.018060    0.040194    0.126749    0.162456 ^ clkbuf_0_clk/X (sky130_fd_sc_hd__clkbuf_16)
                                                         clknet_0_clk (net)
                      0.040194    0.000227    0.162683 ^ clkbuf_1_1__f_clk/A (sky130_fd_sc_hd__clkbuf_16)
     2    0.005567    0.029281    0.109461    0.272144 ^ clkbuf_1_1__f_clk/X (sky130_fd_sc_hd__clkbuf_16)
                                                         clknet_1_1__leaf_clk (net)
                      0.029281    0.000073    0.272217 ^ _49_/CLK (sky130_fd_sc_hd__dfxtp_1)
     3    0.008953    0.093463    0.334614    0.606831 ^ _49_/Q (sky130_fd_sc_hd__dfxtp_1)
                                                         net7 (net)
                      0.093463    0.000129    0.606960 ^ _43_/B1 (sky130_fd_sc_hd__a31o_1)
     1    0.002769    0.042233    0.101764    0.708724 ^ _43_/X (sky130_fd_sc_hd__a31o_1)
                                                         _21_ (net)
                      0.042233    0.000014    0.708737 ^ _45_/A2 (sky130_fd_sc_hd__a31o_1)
     1    0.003338    0.049179    0.132987    0.841724 ^ _45_/X (sky130_fd_sc_hd__a31o_1)
                                                         _03_ (net)
                      0.049179    0.000042    0.841766 ^ hold4/A (sky130_fd_sc_hd__dlygate4sd3_1)
     1    0.001883    0.047025    0.527568    1.369334 ^ hold4/X (sky130_fd_sc_hd__dlygate4sd3_1)
                                                         net11 (net)
                      0.047025    0.000008    1.369342 ^ _49_/D (sky130_fd_sc_hd__dfxtp_1)
                                              1.369342   data arrival time

                                  0.000000    0.000000   clock clk (rise edge)
                                  0.000000    0.000000   clock source latency
     1    0.010531    0.053772    0.035707    0.035707 ^ clk (in)
                                                         clk (net)
                      0.053772    0.000000    0.035707 ^ clkbuf_0_clk/A (sky130_fd_sc_hd__clkbuf_16)
     2    0.018060    0.040194    0.126749    0.162456 ^ clkbuf_0_clk/X (sky130_fd_sc_hd__clkbuf_16)
                                                         clknet_0_clk (net)
                      0.040194    0.000227    0.162683 ^ clkbuf_1_1__f_clk/A (sky130_fd_sc_hd__clkbuf_16)
     2    0.005567    0.029281    0.109461    0.272144 ^ clkbuf_1_1__f_clk/X (sky130_fd_sc_hd__clkbuf_16)
                                                         clknet_1_1__leaf_clk (net)
                      0.029281    0.000073    0.272217 ^ _49_/CLK (sky130_fd_sc_hd__dfxtp_1)
                                  0.250000    0.522217   clock uncertainty
                                  0.000000    0.522217   clock reconvergence pessimism
                                 -0.033768    0.488449   library hold time
                                              0.488449   data required time
---------------------------------------------------------------------------------------------
                                              0.488449   data required time
                                             -1.369342   data arrival time
---------------------------------------------------------------------------------------------
                                              0.880893   slack (MET)


Startpoint: _49_ (rising edge-triggered flip-flop clocked by clk)
Endpoint: counter[3] (output port clocked by clk)
Path Group: clk
Path Type: min

Fanout         Cap        Slew       Delay        Time   Description
---------------------------------------------------------------------------------------------
                                  0.000000    0.000000   clock clk (rise edge)
                                  0.000000    0.000000   clock source latency
     1    0.010531    0.053772    0.035707    0.035707 ^ clk (in)
                                                         clk (net)
                      0.053772    0.000000    0.035707 ^ clkbuf_0_clk/A (sky130_fd_sc_hd__clkbuf_16)
     2    0.018060    0.040194    0.126749    0.162456 ^ clkbuf_0_clk/X (sky130_fd_sc_hd__clkbuf_16)
                                                         clknet_0_clk (net)
                      0.040194    0.000227    0.162683 ^ clkbuf_1_1__f_clk/A (sky130_fd_sc_hd__clkbuf_16)
     2    0.005567    0.029281    0.109461    0.272144 ^ clkbuf_1_1__f_clk/X (sky130_fd_sc_hd__clkbuf_16)
                                                         clknet_1_1__leaf_clk (net)
                      0.029281    0.000073    0.272217 ^ _49_/CLK (sky130_fd_sc_hd__dfxtp_1)
     3    0.008290    0.049424    0.308072    0.580289 v _49_/Q (sky130_fd_sc_hd__dfxtp_1)
                                                         net7 (net)
                      0.049424    0.000045    0.580333 v output7/A (sky130_fd_sc_hd__buf_2)
     1    0.034115    0.088966    0.182054    0.762387 v output7/X (sky130_fd_sc_hd__buf_2)
                                                         counter[3] (net)
                      0.088966    0.000243    0.762630 v counter[3] (out)
                                              0.762630   data arrival time

                                  0.000000    0.000000   clock clk (rise edge)
                                  0.000000    0.000000   clock network delay (propagated)
                                  0.250000    0.250000   clock uncertainty
                                  0.000000    0.250000   clock reconvergence pessimism
                                 -2.000000   -1.750000   output external delay
                                             -1.750000   data required time
---------------------------------------------------------------------------------------------
                                             -1.750000   data required time
                                             -0.762630   data arrival time
---------------------------------------------------------------------------------------------
                                              2.512630   slack (MET)


Startpoint: _48_ (rising edge-triggered flip-flop clocked by clk)
Endpoint: counter[2] (output port clocked by clk)
Path Group: clk
Path Type: min

Fanout         Cap        Slew       Delay        Time   Description
---------------------------------------------------------------------------------------------
                                  0.000000    0.000000   clock clk (rise edge)
                                  0.000000    0.000000   clock source latency
     1    0.010531    0.053772    0.035707    0.035707 ^ clk (in)
                                                         clk (net)
                      0.053772    0.000000    0.035707 ^ clkbuf_0_clk/A (sky130_fd_sc_hd__clkbuf_16)
     2    0.018060    0.040194    0.126749    0.162456 ^ clkbuf_0_clk/X (sky130_fd_sc_hd__clkbuf_16)
                                                         clknet_0_clk (net)
                      0.040194    0.000198    0.162654 ^ clkbuf_1_0__f_clk/A (sky130_fd_sc_hd__clkbuf_16)
     2    0.006155    0.029810    0.110168    0.272822 ^ clkbuf_1_0__f_clk/X (sky130_fd_sc_hd__clkbuf_16)
                                                         clknet_1_0__leaf_clk (net)
                      0.029810    0.000052    0.272874 ^ _48_/CLK (sky130_fd_sc_hd__dfxtp_1)
     5    0.013735    0.071931    0.327560    0.600434 v _48_/Q (sky130_fd_sc_hd__dfxtp_1)
                                                         net6 (net)
                      0.071931    0.000144    0.600578 v output6/A (sky130_fd_sc_hd__buf_2)
     1    0.034701    0.090243    0.193250    0.793827 v output6/X (sky130_fd_sc_hd__buf_2)
                                                         counter[2] (net)
                      0.090244    0.000304    0.794131 v counter[2] (out)
                                              0.794131   data arrival time

                                  0.000000    0.000000   clock clk (rise edge)
                                  0.000000    0.000000   clock network delay (propagated)
                                  0.250000    0.250000   clock uncertainty
                                  0.000000    0.250000   clock reconvergence pessimism
                                 -2.000000   -1.750000   output external delay
                                             -1.750000   data required time
---------------------------------------------------------------------------------------------
                                             -1.750000   data required time
                                             -0.794131   data arrival time
---------------------------------------------------------------------------------------------
                                              2.544131   slack (MET)


Startpoint: _47_ (rising edge-triggered flip-flop clocked by clk)
Endpoint: counter[1] (output port clocked by clk)
Path Group: clk
Path Type: min

Fanout         Cap        Slew       Delay        Time   Description
---------------------------------------------------------------------------------------------
                                  0.000000    0.000000   clock clk (rise edge)
                                  0.000000    0.000000   clock source latency
     1    0.010531    0.053772    0.035707    0.035707 ^ clk (in)
                                                         clk (net)
                      0.053772    0.000000    0.035707 ^ clkbuf_0_clk/A (sky130_fd_sc_hd__clkbuf_16)
     2    0.018060    0.040194    0.126749    0.162456 ^ clkbuf_0_clk/X (sky130_fd_sc_hd__clkbuf_16)
                                                         clknet_0_clk (net)
                      0.040194    0.000227    0.162683 ^ clkbuf_1_1__f_clk/A (sky130_fd_sc_hd__clkbuf_16)
     2    0.005567    0.029281    0.109461    0.272144 ^ clkbuf_1_1__f_clk/X (sky130_fd_sc_hd__clkbuf_16)
                                                         clknet_1_1__leaf_clk (net)
                      0.029281    0.000063    0.272208 ^ _47_/CLK (sky130_fd_sc_hd__dfxtp_1)
     6    0.021445    0.105394    0.353970    0.626177 v _47_/Q (sky130_fd_sc_hd__dfxtp_1)
                                                         net5 (net)
                      0.105394    0.000039    0.626216 v output5/A (sky130_fd_sc_hd__buf_2)
     1    0.034736    0.090380    0.208497    0.834713 v output5/X (sky130_fd_sc_hd__buf_2)
                                                         counter[1] (net)
                      0.090381    0.000356    0.835069 v counter[1] (out)
                                              0.835069   data arrival time

                                  0.000000    0.000000   clock clk (rise edge)
                                  0.000000    0.000000   clock network delay (propagated)
                                  0.250000    0.250000   clock uncertainty
                                  0.000000    0.250000   clock reconvergence pessimism
                                 -2.000000   -1.750000   output external delay
                                             -1.750000   data required time
---------------------------------------------------------------------------------------------
                                             -1.750000   data required time
                                             -0.835069   data arrival time
---------------------------------------------------------------------------------------------
                                              2.585070   slack (MET)


Startpoint: _46_ (rising edge-triggered flip-flop clocked by clk)
Endpoint: counter[0] (output port clocked by clk)
Path Group: clk
Path Type: min

Fanout         Cap        Slew       Delay        Time   Description
---------------------------------------------------------------------------------------------
                                  0.000000    0.000000   clock clk (rise edge)
                                  0.000000    0.000000   clock source latency
     1    0.010531    0.053772    0.035707    0.035707 ^ clk (in)
                                                         clk (net)
                      0.053772    0.000000    0.035707 ^ clkbuf_0_clk/A (sky130_fd_sc_hd__clkbuf_16)
     2    0.018060    0.040194    0.126749    0.162456 ^ clkbuf_0_clk/X (sky130_fd_sc_hd__clkbuf_16)
                                                         clknet_0_clk (net)
                      0.040194    0.000198    0.162654 ^ clkbuf_1_0__f_clk/A (sky130_fd_sc_hd__clkbuf_16)
     2    0.006155    0.029810    0.110168    0.272822 ^ clkbuf_1_0__f_clk/X (sky130_fd_sc_hd__clkbuf_16)
                                                         clknet_1_0__leaf_clk (net)
                      0.029810    0.000060    0.272882 ^ _46_/CLK (sky130_fd_sc_hd__dfxtp_1)
     7    0.025146    0.120658    0.366839    0.639721 v _46_/Q (sky130_fd_sc_hd__dfxtp_1)
                                                         net4 (net)
                      0.120659    0.000548    0.640268 v output4/A (sky130_fd_sc_hd__buf_2)
     1    0.035105    0.091244    0.216040    0.856309 v output4/X (sky130_fd_sc_hd__buf_2)
                                                         counter[0] (net)
                      0.091246    0.000473    0.856782 v counter[0] (out)
                                              0.856782   data arrival time

                                  0.000000    0.000000   clock clk (rise edge)
                                  0.000000    0.000000   clock network delay (propagated)
                                  0.250000    0.250000   clock uncertainty
                                  0.000000    0.250000   clock reconvergence pessimism
                                 -2.000000   -1.750000   output external delay
                                             -1.750000   data required time
---------------------------------------------------------------------------------------------
                                             -1.750000   data required time
                                             -0.856782   data arrival time
---------------------------------------------------------------------------------------------
                                              2.606782   slack (MET)



