Reading OpenROAD database at '/home/amostafa/vlsi/runs/RUN_2024-12-04_11-30-08/38-openroad-globalrouting/counter_dut.odb'…
Reading library file at '/home/amostafa/.volare/volare/sky130/versions/0fe599b2afb6708d281543108caf8310912f54af/sky130A/libs.ref/sky130_fd_sc_hd/lib/sky130_fd_sc_hd__tt_025C_1v80.lib'…
Reading design constraints file at './counter.sdc'…
[INFO] Setting signal min routing layer to: met1 and clock min routing layer to met1. 
[INFO] Setting signal max routing layer to: met5 and clock max routing layer to met5. 
-congestion_iterations 50 -verbose
[INFO GRT-0020] Min routing layer: met1
[INFO GRT-0021] Max routing layer: met5
[INFO GRT-0022] Global adjustment: 30%
[INFO GRT-0023] Grid origin: (0, 0)
[INFO GRT-0043] No OR_DEFAULT vias defined.
[INFO GRT-0088] Layer li1     Track-Pitch = 0.4600  line-2-Via Pitch: 0.3400
[INFO GRT-0088] Layer met1    Track-Pitch = 0.3400  line-2-Via Pitch: 0.3400
[INFO GRT-0088] Layer met2    Track-Pitch = 0.4600  line-2-Via Pitch: 0.3500
[INFO GRT-0088] Layer met3    Track-Pitch = 0.6800  line-2-Via Pitch: 0.6150
[INFO GRT-0088] Layer met4    Track-Pitch = 0.9200  line-2-Via Pitch: 1.0400
[INFO GRT-0088] Layer met5    Track-Pitch = 3.4000  line-2-Via Pitch: 3.1100
[INFO GRT-0019] Found 4 clock nets.
[INFO GRT-0001] Minimum degree: 2
[INFO GRT-0002] Maximum degree: 8
[INFO GRT-0003] Macros: 0
[INFO GRT-0043] No OR_DEFAULT vias defined.
[INFO GRT-0004] Blockages: 56

[INFO GRT-0053] Routing resources analysis:
          Routing      Original      Derated      Resource
Layer     Direction    Resources     Resources    Reduction (%)
---------------------------------------------------------------
li1        Vertical            0             0          0.00%
met1       Horizontal        645           311          51.78%
met2       Vertical          471           255          45.86%
met3       Horizontal        320           184          42.50%
met4       Vertical          198            96          51.52%
met5       Horizontal         63            28          55.56%
---------------------------------------------------------------

[INFO GRT-0197] Via related to pin nodes: 162
[INFO GRT-0198] Via related Steiner nodes: 2
[INFO GRT-0199] Via filling finished.
[INFO GRT-0111] Final number of vias: 201
[INFO GRT-0112] Final usage 3D: 668

[INFO GRT-0096] Final congestion report:
Layer         Resource        Demand        Usage (%)    Max H / Max V / Total Overflow
---------------------------------------------------------------------------------------
li1                  0             0            0.00%             0 /  0 /  0
met1               311            29            9.32%             0 /  0 /  0
met2               255            31           12.16%             0 /  0 /  0
met3               184             5            2.72%             0 /  0 /  0
met4                96             0            0.00%             0 /  0 /  0
met5                28             0            0.00%             0 /  0 /  0
---------------------------------------------------------------------------------------
Total              874            65            7.44%             0 /  0 /  0

[INFO GRT-0018] Total wirelength: 876 um
[INFO GRT-0014] Routed nets: 45
[INFO GRT-0006] Repairing antennas, iteration 1.
[INFO GRT-0043] No OR_DEFAULT vias defined.
[INFO GRT-0012] Found 0 antenna violations.
Placement Analysis
---------------------------------
total displacement          0.0 u
average displacement        0.0 u
max displacement            0.0 u
original HPWL             482.3 u
legalized HPWL            511.1 u
delta HPWL                    6 %

[INFO DPL-0020] Mirrored 13 instances
[INFO DPL-0021] HPWL before             511.1 u
[INFO DPL-0022] HPWL after              482.3 u
[INFO DPL-0023] HPWL delta               -5.6 %
-congestion_iterations 50 -verbose
[INFO GRT-0020] Min routing layer: met1
[INFO GRT-0021] Max routing layer: met5
[INFO GRT-0022] Global adjustment: 30%
[INFO GRT-0023] Grid origin: (0, 0)
[INFO GRT-0043] No OR_DEFAULT vias defined.
[INFO GRT-0088] Layer li1     Track-Pitch = 0.4600  line-2-Via Pitch: 0.3400
[INFO GRT-0088] Layer met1    Track-Pitch = 0.3400  line-2-Via Pitch: 0.3400
[INFO GRT-0088] Layer met2    Track-Pitch = 0.4600  line-2-Via Pitch: 0.3500
[INFO GRT-0088] Layer met3    Track-Pitch = 0.6800  line-2-Via Pitch: 0.6150
[INFO GRT-0088] Layer met4    Track-Pitch = 0.9200  line-2-Via Pitch: 1.0400
[INFO GRT-0088] Layer met5    Track-Pitch = 3.4000  line-2-Via Pitch: 3.1100
[INFO GRT-0019] Found 4 clock nets.
[INFO GRT-0001] Minimum degree: 2
[INFO GRT-0002] Maximum degree: 8
[INFO GRT-0003] Macros: 0
[INFO GRT-0043] No OR_DEFAULT vias defined.
[INFO GRT-0004] Blockages: 56

[INFO GRT-0053] Routing resources analysis:
          Routing      Original      Derated      Resource
Layer     Direction    Resources     Resources    Reduction (%)
---------------------------------------------------------------
li1        Vertical            0             0          0.00%
met1       Horizontal        645           311          51.78%
met2       Vertical          471           255          45.86%
met3       Horizontal        320           184          42.50%
met4       Vertical          198            96          51.52%
met5       Horizontal         63            28          55.56%
---------------------------------------------------------------

[INFO GRT-0197] Via related to pin nodes: 162
[INFO GRT-0198] Via related Steiner nodes: 2
[INFO GRT-0199] Via filling finished.
[INFO GRT-0111] Final number of vias: 201
[INFO GRT-0112] Final usage 3D: 668

[INFO GRT-0096] Final congestion report:
Layer         Resource        Demand        Usage (%)    Max H / Max V / Total Overflow
---------------------------------------------------------------------------------------
li1                  0             0            0.00%             0 /  0 /  0
met1               311            29            9.32%             0 /  0 /  0
met2               255            31           12.16%             0 /  0 /  0
met3               184             5            2.72%             0 /  0 /  0
met4                96             0            0.00%             0 /  0 /  0
met5                28             0            0.00%             0 /  0 /  0
---------------------------------------------------------------------------------------
Total              874            65            7.44%             0 /  0 /  0

[INFO GRT-0018] Total wirelength: 876 um
[INFO GRT-0014] Routed nets: 45
[INFO] Setting RC values…
Setting global connections for newly added cells…
[INFO] Setting global connections...
Updating metrics…
Cell type report:                       Count       Area
  Fill cell                                16      60.06
  Tap cell                                  5       6.26
  Clock buffer                              3      75.07
  Timing Repair Buffer                     11      71.32
  Inverter                                  1       3.75
  Sequential cell                           4      80.08
  Multi-Input combinational cell           22     132.63
  Total                                    62     429.16
Writing OpenROAD database to '/home/amostafa/vlsi/runs/RUN_2024-12-04_11-30-08/41-openroad-repairantennas/1-diodeinsertion/counter_dut.odb'…
Writing layout to '/home/amostafa/vlsi/runs/RUN_2024-12-04_11-30-08/41-openroad-repairantennas/1-diodeinsertion/counter_dut.def'…
