
===========================================================================
report_checks -path_delay min (Hold)
============================================================================
======================= nom_ff_n40C_1v95 Corner ===================================

Startpoint: _46_ (rising edge-triggered flip-flop clocked by clk)
Endpoint: _46_ (rising edge-triggered flip-flop clocked by clk)
Path Group: clk
Path Type: min

Fanout         Cap        Slew       Delay        Time   Description
---------------------------------------------------------------------------------------------
                      0.150000    0.000000    0.000000   clock clk (rise edge)
                                  0.000000    0.000000   clock network delay (ideal)
                      0.150000    0.000000    0.000000 ^ _46_/CLK (sky130_fd_sc_hd__dfxtp_2)
     7    0.061505    0.102181    0.298573    0.298573 v _46_/Q (sky130_fd_sc_hd__dfxtp_2)
                                                         counter[0] (net)
                      0.102181    0.000000    0.298573 v _28_/A1 (sky130_fd_sc_hd__o21ai_2)
     1    0.001748    0.018894    0.100523    0.399095 ^ _28_/Y (sky130_fd_sc_hd__o21ai_2)
                                                         _00_ (net)
                      0.018894    0.000000    0.399095 ^ _46_/D (sky130_fd_sc_hd__dfxtp_2)
                                              0.399095   data arrival time

                      0.150000    0.000000    0.000000   clock clk (rise edge)
                                  0.000000    0.000000   clock network delay (ideal)
                                  0.250000    0.250000   clock uncertainty
                                  0.000000    0.250000   clock reconvergence pessimism
                                              0.250000 ^ _46_/CLK (sky130_fd_sc_hd__dfxtp_2)
                                 -0.013618    0.236382   library hold time
                                              0.236382   data required time
---------------------------------------------------------------------------------------------
                                              0.236382   data required time
                                             -0.399095   data arrival time
---------------------------------------------------------------------------------------------
                                              0.162714   slack (MET)


Startpoint: _48_ (rising edge-triggered flip-flop clocked by clk)
Endpoint: _48_ (rising edge-triggered flip-flop clocked by clk)
Path Group: clk
Path Type: min

Fanout         Cap        Slew       Delay        Time   Description
---------------------------------------------------------------------------------------------
                      0.150000    0.000000    0.000000   clock clk (rise edge)
                                  0.000000    0.000000   clock network delay (ideal)
                      0.150000    0.000000    0.000000 ^ _48_/CLK (sky130_fd_sc_hd__dfxtp_2)
     5    0.050208    0.194133    0.339079    0.339079 ^ _48_/Q (sky130_fd_sc_hd__dfxtp_2)
                                                         counter[2] (net)
                      0.194133    0.000000    0.339079 ^ _39_/A1 (sky130_fd_sc_hd__a21oi_2)
     1    0.004267    0.031327    0.033712    0.372790 v _39_/Y (sky130_fd_sc_hd__a21oi_2)
                                                         _18_ (net)
                      0.031327    0.000000    0.372790 v _40_/B1 (sky130_fd_sc_hd__o21ai_2)
     1    0.001748    0.018894    0.029482    0.402272 ^ _40_/Y (sky130_fd_sc_hd__o21ai_2)
                                                         _02_ (net)
                      0.018894    0.000000    0.402272 ^ _48_/D (sky130_fd_sc_hd__dfxtp_2)
                                              0.402272   data arrival time

                      0.150000    0.000000    0.000000   clock clk (rise edge)
                                  0.000000    0.000000   clock network delay (ideal)
                                  0.250000    0.250000   clock uncertainty
                                  0.000000    0.250000   clock reconvergence pessimism
                                              0.250000 ^ _48_/CLK (sky130_fd_sc_hd__dfxtp_2)
                                 -0.013618    0.236382   library hold time
                                              0.236382   data required time
---------------------------------------------------------------------------------------------
                                              0.236382   data required time
                                             -0.402272   data arrival time
---------------------------------------------------------------------------------------------
                                              0.165890   slack (MET)


Startpoint: _49_ (rising edge-triggered flip-flop clocked by clk)
Endpoint: _49_ (rising edge-triggered flip-flop clocked by clk)
Path Group: clk
Path Type: min

Fanout         Cap        Slew       Delay        Time   Description
---------------------------------------------------------------------------------------------
                      0.150000    0.000000    0.000000   clock clk (rise edge)
                                  0.000000    0.000000   clock network delay (ideal)
                      0.150000    0.000000    0.000000 ^ _49_/CLK (sky130_fd_sc_hd__dfxtp_2)
     3    0.039997    0.070743    0.273162    0.273162 v _49_/Q (sky130_fd_sc_hd__dfxtp_2)
                                                         counter[3] (net)
                      0.070743    0.000000    0.273162 v _44_/B (sky130_fd_sc_hd__nand4_2)
     1    0.002528    0.027127    0.065662    0.338823 ^ _44_/Y (sky130_fd_sc_hd__nand4_2)
                                                         _22_ (net)
                      0.027127    0.000000    0.338823 ^ _45_/A3 (sky130_fd_sc_hd__a31o_2)
     1    0.001748    0.019656    0.078849    0.417672 ^ _45_/X (sky130_fd_sc_hd__a31o_2)
                                                         _03_ (net)
                      0.019656    0.000000    0.417672 ^ _49_/D (sky130_fd_sc_hd__dfxtp_2)
                                              0.417672   data arrival time

                      0.150000    0.000000    0.000000   clock clk (rise edge)
                                  0.000000    0.000000   clock network delay (ideal)
                                  0.250000    0.250000   clock uncertainty
                                  0.000000    0.250000   clock reconvergence pessimism
                                              0.250000 ^ _49_/CLK (sky130_fd_sc_hd__dfxtp_2)
                                 -0.013671    0.236329   library hold time
                                              0.236329   data required time
---------------------------------------------------------------------------------------------
                                              0.236329   data required time
                                             -0.417672   data arrival time
---------------------------------------------------------------------------------------------
                                              0.181343   slack (MET)


Startpoint: _47_ (rising edge-triggered flip-flop clocked by clk)
Endpoint: _47_ (rising edge-triggered flip-flop clocked by clk)
Path Group: clk
Path Type: min

Fanout         Cap        Slew       Delay        Time   Description
---------------------------------------------------------------------------------------------
                      0.150000    0.000000    0.000000   clock clk (rise edge)
                                  0.000000    0.000000   clock network delay (ideal)
                      0.150000    0.000000    0.000000 ^ _47_/CLK (sky130_fd_sc_hd__dfxtp_2)
     6    0.056013    0.215713    0.353909    0.353909 ^ _47_/Q (sky130_fd_sc_hd__dfxtp_2)
                                                         counter[1] (net)
                      0.215713    0.000000    0.353909 ^ _33_/A1 (sky130_fd_sc_hd__a21o_2)
     1    0.002557    0.020729    0.086894    0.440802 ^ _33_/X (sky130_fd_sc_hd__a21o_2)
                                                         _13_ (net)
                      0.020729    0.000000    0.440802 ^ _34_/B1 (sky130_fd_sc_hd__a31o_2)
     1    0.001748    0.016834    0.046587    0.487390 ^ _34_/X (sky130_fd_sc_hd__a31o_2)
                                                         _01_ (net)
                      0.016834    0.000000    0.487390 ^ _47_/D (sky130_fd_sc_hd__dfxtp_2)
                                              0.487390   data arrival time

                      0.150000    0.000000    0.000000   clock clk (rise edge)
                                  0.000000    0.000000   clock network delay (ideal)
                                  0.250000    0.250000   clock uncertainty
                                  0.000000    0.250000   clock reconvergence pessimism
                                              0.250000 ^ _47_/CLK (sky130_fd_sc_hd__dfxtp_2)
                                 -0.013475    0.236525   library hold time
                                              0.236525   data required time
---------------------------------------------------------------------------------------------
                                              0.236525   data required time
                                             -0.487390   data arrival time
---------------------------------------------------------------------------------------------
                                              0.250864   slack (MET)


Startpoint: _49_ (rising edge-triggered flip-flop clocked by clk)
Endpoint: counter[3] (output port clocked by clk)
Path Group: clk
Path Type: min

Fanout         Cap        Slew       Delay        Time   Description
---------------------------------------------------------------------------------------------
                      0.150000    0.000000    0.000000   clock clk (rise edge)
                                  0.000000    0.000000   clock network delay (ideal)
                      0.150000    0.000000    0.000000 ^ _49_/CLK (sky130_fd_sc_hd__dfxtp_2)
     3    0.039997    0.070743    0.273162    0.273162 v _49_/Q (sky130_fd_sc_hd__dfxtp_2)
                                                         counter[3] (net)
                      0.070743    0.000000    0.273162 v counter[3] (out)
                                              0.273162   data arrival time

                      0.150000    0.000000    0.000000   clock clk (rise edge)
                                  0.000000    0.000000   clock network delay (ideal)
                                  0.250000    0.250000   clock uncertainty
                                  0.000000    0.250000   clock reconvergence pessimism
                                 -2.000000   -1.750000   output external delay
                                             -1.750000   data required time
---------------------------------------------------------------------------------------------
                                             -1.750000   data required time
                                             -0.273162   data arrival time
---------------------------------------------------------------------------------------------
                                              2.023161   slack (MET)


Startpoint: _48_ (rising edge-triggered flip-flop clocked by clk)
Endpoint: counter[2] (output port clocked by clk)
Path Group: clk
Path Type: min

Fanout         Cap        Slew       Delay        Time   Description
---------------------------------------------------------------------------------------------
                      0.150000    0.000000    0.000000   clock clk (rise edge)
                                  0.000000    0.000000   clock network delay (ideal)
                      0.150000    0.000000    0.000000 ^ _48_/CLK (sky130_fd_sc_hd__dfxtp_2)
     5    0.048657    0.083241    0.283662    0.283662 v _48_/Q (sky130_fd_sc_hd__dfxtp_2)
                                                         counter[2] (net)
                      0.083241    0.000000    0.283662 v counter[2] (out)
                                              0.283662   data arrival time

                      0.150000    0.000000    0.000000   clock clk (rise edge)
                                  0.000000    0.000000   clock network delay (ideal)
                                  0.250000    0.250000   clock uncertainty
                                  0.000000    0.250000   clock reconvergence pessimism
                                 -2.000000   -1.750000   output external delay
                                             -1.750000   data required time
---------------------------------------------------------------------------------------------
                                             -1.750000   data required time
                                             -0.283662   data arrival time
---------------------------------------------------------------------------------------------
                                              2.033662   slack (MET)


Startpoint: _47_ (rising edge-triggered flip-flop clocked by clk)
Endpoint: counter[1] (output port clocked by clk)
Path Group: clk
Path Type: min

Fanout         Cap        Slew       Delay        Time   Description
---------------------------------------------------------------------------------------------
                      0.150000    0.000000    0.000000   clock clk (rise edge)
                                  0.000000    0.000000   clock network delay (ideal)
                      0.150000    0.000000    0.000000 ^ _47_/CLK (sky130_fd_sc_hd__dfxtp_2)
     6    0.053930    0.091014    0.289782    0.289782 v _47_/Q (sky130_fd_sc_hd__dfxtp_2)
                                                         counter[1] (net)
                      0.091014    0.000000    0.289782 v counter[1] (out)
                                              0.289782   data arrival time

                      0.150000    0.000000    0.000000   clock clk (rise edge)
                                  0.000000    0.000000   clock network delay (ideal)
                                  0.250000    0.250000   clock uncertainty
                                  0.000000    0.250000   clock reconvergence pessimism
                                 -2.000000   -1.750000   output external delay
                                             -1.750000   data required time
---------------------------------------------------------------------------------------------
                                             -1.750000   data required time
                                             -0.289782   data arrival time
---------------------------------------------------------------------------------------------
                                              2.039782   slack (MET)


Startpoint: _46_ (rising edge-triggered flip-flop clocked by clk)
Endpoint: counter[0] (output port clocked by clk)
Path Group: clk
Path Type: min

Fanout         Cap        Slew       Delay        Time   Description
---------------------------------------------------------------------------------------------
                      0.150000    0.000000    0.000000   clock clk (rise edge)
                                  0.000000    0.000000   clock network delay (ideal)
                      0.150000    0.000000    0.000000 ^ _46_/CLK (sky130_fd_sc_hd__dfxtp_2)
     7    0.061505    0.102181    0.298573    0.298573 v _46_/Q (sky130_fd_sc_hd__dfxtp_2)
                                                         counter[0] (net)
                      0.102181    0.000000    0.298573 v counter[0] (out)
                                              0.298573   data arrival time

                      0.150000    0.000000    0.000000   clock clk (rise edge)
                                  0.000000    0.000000   clock network delay (ideal)
                                  0.250000    0.250000   clock uncertainty
                                  0.000000    0.250000   clock reconvergence pessimism
                                 -2.000000   -1.750000   output external delay
                                             -1.750000   data required time
---------------------------------------------------------------------------------------------
                                             -1.750000   data required time
                                             -0.298573   data arrival time
---------------------------------------------------------------------------------------------
                                              2.048573   slack (MET)



