Reading timing models for corner nom_ff_n40C_1v95…
Reading cell library for the 'nom_ff_n40C_1v95' corner at '/home/amostafa/.volare/volare/sky130/versions/0fe599b2afb6708d281543108caf8310912f54af/sky130A/libs.ref/sky130_fd_sc_hd/lib/sky130_fd_sc_hd__ff_n40C_1v95.lib'…
Reading top-level netlist at '/home/amostafa/vlsi/runs/RUN_2024-12-04_11-27-23/06-yosys-synthesis/counter_dut.nl.v'…
Linking design 'counter_dut' from netlist…
Reading design constraints file at '/nix/store/aa5sq0vfmlwcpk9wklr9xcijzjjlc39j-python3-3.11.9-env/lib/python3.11/site-packages/openlane/scripts/base.sdc'…
[INFO] Using clock clk…
[INFO] Setting output delay to: 2.0
[INFO] Setting input delay to: 2.0
[INFO] Setting load to: 0.033442
[INFO] Setting clock uncertainty to: 0.25
[INFO] Setting clock transition to: 0.1499999999999999944488848768742172978818416595458984375
[INFO] Setting timing derate to: 5%
%OL_CREATE_REPORT min.rpt

===========================================================================
report_checks -path_delay min (Hold)
============================================================================
======================= nom_ff_n40C_1v95 Corner ===================================

Startpoint: _46_ (rising edge-triggered flip-flop clocked by clk)
Endpoint: _46_ (rising edge-triggered flip-flop clocked by clk)
Path Group: clk
Path Type: min

Fanout         Cap        Slew       Delay        Time   Description
---------------------------------------------------------------------------------------------
                      0.150000    0.000000    0.000000   clock clk (rise edge)
                                  0.000000    0.000000   clock network delay (ideal)
                      0.150000    0.000000    0.000000 ^ _46_/CLK (sky130_fd_sc_hd__dfxtp_2)
     7    0.061505    0.102181    0.298573    0.298573 v _46_/Q (sky130_fd_sc_hd__dfxtp_2)
                                                         counter[0] (net)
                      0.102181    0.000000    0.298573 v _28_/A1 (sky130_fd_sc_hd__o21ai_2)
     1    0.001748    0.018894    0.100523    0.399095 ^ _28_/Y (sky130_fd_sc_hd__o21ai_2)
                                                         _00_ (net)
                      0.018894    0.000000    0.399095 ^ _46_/D (sky130_fd_sc_hd__dfxtp_2)
                                              0.399095   data arrival time

                      0.150000    0.000000    0.000000   clock clk (rise edge)
                                  0.000000    0.000000   clock network delay (ideal)
                                  0.250000    0.250000   clock uncertainty
                                  0.000000    0.250000   clock reconvergence pessimism
                                              0.250000 ^ _46_/CLK (sky130_fd_sc_hd__dfxtp_2)
                                 -0.013618    0.236382   library hold time
                                              0.236382   data required time
---------------------------------------------------------------------------------------------
                                              0.236382   data required time
                                             -0.399095   data arrival time
---------------------------------------------------------------------------------------------
                                              0.162714   slack (MET)


Startpoint: _48_ (rising edge-triggered flip-flop clocked by clk)
Endpoint: _48_ (rising edge-triggered flip-flop clocked by clk)
Path Group: clk
Path Type: min

Fanout         Cap        Slew       Delay        Time   Description
---------------------------------------------------------------------------------------------
                      0.150000    0.000000    0.000000   clock clk (rise edge)
                                  0.000000    0.000000   clock network delay (ideal)
                      0.150000    0.000000    0.000000 ^ _48_/CLK (sky130_fd_sc_hd__dfxtp_2)
     5    0.050208    0.194133    0.339079    0.339079 ^ _48_/Q (sky130_fd_sc_hd__dfxtp_2)
                                                         counter[2] (net)
                      0.194133    0.000000    0.339079 ^ _39_/A1 (sky130_fd_sc_hd__a21oi_2)
     1    0.004267    0.031327    0.033712    0.372790 v _39_/Y (sky130_fd_sc_hd__a21oi_2)
                                                         _18_ (net)
                      0.031327    0.000000    0.372790 v _40_/B1 (sky130_fd_sc_hd__o21ai_2)
     1    0.001748    0.018894    0.029482    0.402272 ^ _40_/Y (sky130_fd_sc_hd__o21ai_2)
                                                         _02_ (net)
                      0.018894    0.000000    0.402272 ^ _48_/D (sky130_fd_sc_hd__dfxtp_2)
                                              0.402272   data arrival time

                      0.150000    0.000000    0.000000   clock clk (rise edge)
                                  0.000000    0.000000   clock network delay (ideal)
                                  0.250000    0.250000   clock uncertainty
                                  0.000000    0.250000   clock reconvergence pessimism
                                              0.250000 ^ _48_/CLK (sky130_fd_sc_hd__dfxtp_2)
                                 -0.013618    0.236382   library hold time
                                              0.236382   data required time
---------------------------------------------------------------------------------------------
                                              0.236382   data required time
                                             -0.402272   data arrival time
---------------------------------------------------------------------------------------------
                                              0.165890   slack (MET)


Startpoint: _49_ (rising edge-triggered flip-flop clocked by clk)
Endpoint: _49_ (rising edge-triggered flip-flop clocked by clk)
Path Group: clk
Path Type: min

Fanout         Cap        Slew       Delay        Time   Description
---------------------------------------------------------------------------------------------
                      0.150000    0.000000    0.000000   clock clk (rise edge)
                                  0.000000    0.000000   clock network delay (ideal)
                      0.150000    0.000000    0.000000 ^ _49_/CLK (sky130_fd_sc_hd__dfxtp_2)
     3    0.039997    0.070743    0.273162    0.273162 v _49_/Q (sky130_fd_sc_hd__dfxtp_2)
                                                         counter[3] (net)
                      0.070743    0.000000    0.273162 v _44_/B (sky130_fd_sc_hd__nand4_2)
     1    0.002528    0.027127    0.065662    0.338823 ^ _44_/Y (sky130_fd_sc_hd__nand4_2)
                                                         _22_ (net)
                      0.027127    0.000000    0.338823 ^ _45_/A3 (sky130_fd_sc_hd__a31o_2)
     1    0.001748    0.019656    0.078849    0.417672 ^ _45_/X (sky130_fd_sc_hd__a31o_2)
                                                         _03_ (net)
                      0.019656    0.000000    0.417672 ^ _49_/D (sky130_fd_sc_hd__dfxtp_2)
                                              0.417672   data arrival time

                      0.150000    0.000000    0.000000   clock clk (rise edge)
                                  0.000000    0.000000   clock network delay (ideal)
                                  0.250000    0.250000   clock uncertainty
                                  0.000000    0.250000   clock reconvergence pessimism
                                              0.250000 ^ _49_/CLK (sky130_fd_sc_hd__dfxtp_2)
                                 -0.013671    0.236329   library hold time
                                              0.236329   data required time
---------------------------------------------------------------------------------------------
                                              0.236329   data required time
                                             -0.417672   data arrival time
---------------------------------------------------------------------------------------------
                                              0.181343   slack (MET)


Startpoint: _47_ (rising edge-triggered flip-flop clocked by clk)
Endpoint: _47_ (rising edge-triggered flip-flop clocked by clk)
Path Group: clk
Path Type: min

Fanout         Cap        Slew       Delay        Time   Description
---------------------------------------------------------------------------------------------
                      0.150000    0.000000    0.000000   clock clk (rise edge)
                                  0.000000    0.000000   clock network delay (ideal)
                      0.150000    0.000000    0.000000 ^ _47_/CLK (sky130_fd_sc_hd__dfxtp_2)
     6    0.056013    0.215713    0.353909    0.353909 ^ _47_/Q (sky130_fd_sc_hd__dfxtp_2)
                                                         counter[1] (net)
                      0.215713    0.000000    0.353909 ^ _33_/A1 (sky130_fd_sc_hd__a21o_2)
     1    0.002557    0.020729    0.086894    0.440802 ^ _33_/X (sky130_fd_sc_hd__a21o_2)
                                                         _13_ (net)
                      0.020729    0.000000    0.440802 ^ _34_/B1 (sky130_fd_sc_hd__a31o_2)
     1    0.001748    0.016834    0.046587    0.487390 ^ _34_/X (sky130_fd_sc_hd__a31o_2)
                                                         _01_ (net)
                      0.016834    0.000000    0.487390 ^ _47_/D (sky130_fd_sc_hd__dfxtp_2)
                                              0.487390   data arrival time

                      0.150000    0.000000    0.000000   clock clk (rise edge)
                                  0.000000    0.000000   clock network delay (ideal)
                                  0.250000    0.250000   clock uncertainty
                                  0.000000    0.250000   clock reconvergence pessimism
                                              0.250000 ^ _47_/CLK (sky130_fd_sc_hd__dfxtp_2)
                                 -0.013475    0.236525   library hold time
                                              0.236525   data required time
---------------------------------------------------------------------------------------------
                                              0.236525   data required time
                                             -0.487390   data arrival time
---------------------------------------------------------------------------------------------
                                              0.250864   slack (MET)


Startpoint: _49_ (rising edge-triggered flip-flop clocked by clk)
Endpoint: counter[3] (output port clocked by clk)
Path Group: clk
Path Type: min

Fanout         Cap        Slew       Delay        Time   Description
---------------------------------------------------------------------------------------------
                      0.150000    0.000000    0.000000   clock clk (rise edge)
                                  0.000000    0.000000   clock network delay (ideal)
                      0.150000    0.000000    0.000000 ^ _49_/CLK (sky130_fd_sc_hd__dfxtp_2)
     3    0.039997    0.070743    0.273162    0.273162 v _49_/Q (sky130_fd_sc_hd__dfxtp_2)
                                                         counter[3] (net)
                      0.070743    0.000000    0.273162 v counter[3] (out)
                                              0.273162   data arrival time

                      0.150000    0.000000    0.000000   clock clk (rise edge)
                                  0.000000    0.000000   clock network delay (ideal)
                                  0.250000    0.250000   clock uncertainty
                                  0.000000    0.250000   clock reconvergence pessimism
                                 -2.000000   -1.750000   output external delay
                                             -1.750000   data required time
---------------------------------------------------------------------------------------------
                                             -1.750000   data required time
                                             -0.273162   data arrival time
---------------------------------------------------------------------------------------------
                                              2.023161   slack (MET)


Startpoint: _48_ (rising edge-triggered flip-flop clocked by clk)
Endpoint: counter[2] (output port clocked by clk)
Path Group: clk
Path Type: min

Fanout         Cap        Slew       Delay        Time   Description
---------------------------------------------------------------------------------------------
                      0.150000    0.000000    0.000000   clock clk (rise edge)
                                  0.000000    0.000000   clock network delay (ideal)
                      0.150000    0.000000    0.000000 ^ _48_/CLK (sky130_fd_sc_hd__dfxtp_2)
     5    0.048657    0.083241    0.283662    0.283662 v _48_/Q (sky130_fd_sc_hd__dfxtp_2)
                                                         counter[2] (net)
                      0.083241    0.000000    0.283662 v counter[2] (out)
                                              0.283662   data arrival time

                      0.150000    0.000000    0.000000   clock clk (rise edge)
                                  0.000000    0.000000   clock network delay (ideal)
                                  0.250000    0.250000   clock uncertainty
                                  0.000000    0.250000   clock reconvergence pessimism
                                 -2.000000   -1.750000   output external delay
                                             -1.750000   data required time
---------------------------------------------------------------------------------------------
                                             -1.750000   data required time
                                             -0.283662   data arrival time
---------------------------------------------------------------------------------------------
                                              2.033662   slack (MET)


Startpoint: _47_ (rising edge-triggered flip-flop clocked by clk)
Endpoint: counter[1] (output port clocked by clk)
Path Group: clk
Path Type: min

Fanout         Cap        Slew       Delay        Time   Description
---------------------------------------------------------------------------------------------
                      0.150000    0.000000    0.000000   clock clk (rise edge)
                                  0.000000    0.000000   clock network delay (ideal)
                      0.150000    0.000000    0.000000 ^ _47_/CLK (sky130_fd_sc_hd__dfxtp_2)
     6    0.053930    0.091014    0.289782    0.289782 v _47_/Q (sky130_fd_sc_hd__dfxtp_2)
                                                         counter[1] (net)
                      0.091014    0.000000    0.289782 v counter[1] (out)
                                              0.289782   data arrival time

                      0.150000    0.000000    0.000000   clock clk (rise edge)
                                  0.000000    0.000000   clock network delay (ideal)
                                  0.250000    0.250000   clock uncertainty
                                  0.000000    0.250000   clock reconvergence pessimism
                                 -2.000000   -1.750000   output external delay
                                             -1.750000   data required time
---------------------------------------------------------------------------------------------
                                             -1.750000   data required time
                                             -0.289782   data arrival time
---------------------------------------------------------------------------------------------
                                              2.039782   slack (MET)


Startpoint: _46_ (rising edge-triggered flip-flop clocked by clk)
Endpoint: counter[0] (output port clocked by clk)
Path Group: clk
Path Type: min

Fanout         Cap        Slew       Delay        Time   Description
---------------------------------------------------------------------------------------------
                      0.150000    0.000000    0.000000   clock clk (rise edge)
                                  0.000000    0.000000   clock network delay (ideal)
                      0.150000    0.000000    0.000000 ^ _46_/CLK (sky130_fd_sc_hd__dfxtp_2)
     7    0.061505    0.102181    0.298573    0.298573 v _46_/Q (sky130_fd_sc_hd__dfxtp_2)
                                                         counter[0] (net)
                      0.102181    0.000000    0.298573 v counter[0] (out)
                                              0.298573   data arrival time

                      0.150000    0.000000    0.000000   clock clk (rise edge)
                                  0.000000    0.000000   clock network delay (ideal)
                                  0.250000    0.250000   clock uncertainty
                                  0.000000    0.250000   clock reconvergence pessimism
                                 -2.000000   -1.750000   output external delay
                                             -1.750000   data required time
---------------------------------------------------------------------------------------------
                                             -1.750000   data required time
                                             -0.298573   data arrival time
---------------------------------------------------------------------------------------------
                                              2.048573   slack (MET)



%OL_END_REPORT
%OL_CREATE_REPORT max.rpt

===========================================================================
report_checks -path_delay max (Setup)
============================================================================
======================= nom_ff_n40C_1v95 Corner ===================================

Startpoint: up_down (input port clocked by clk)
Endpoint: _49_ (rising edge-triggered flip-flop clocked by clk)
Path Group: clk
Path Type: max

Fanout         Cap        Slew       Delay        Time   Description
---------------------------------------------------------------------------------------------
                      0.150000    0.000000    0.000000   clock clk (rise edge)
                                  0.000000    0.000000   clock network delay (ideal)
                                  2.000000    2.000000 v input external delay
     5    0.015628    0.025514    0.016144    2.016144 v up_down (in)
                                                         up_down (net)
                      0.025514    0.000000    2.016144 v _42_/A_N (sky130_fd_sc_hd__nand2b_2)
     2    0.006481    0.047554    0.109639    2.125783 v _42_/Y (sky130_fd_sc_hd__nand2b_2)
                                                         _20_ (net)
                      0.047554    0.000000    2.125783 v _43_/A3 (sky130_fd_sc_hd__a31o_2)
     1    0.002262    0.026837    0.152667    2.278450 v _43_/X (sky130_fd_sc_hd__a31o_2)
                                                         _21_ (net)
                      0.026837    0.000000    2.278450 v _45_/A2 (sky130_fd_sc_hd__a31o_2)
     1    0.001783    0.025667    0.135145    2.413594 v _45_/X (sky130_fd_sc_hd__a31o_2)
                                                         _03_ (net)
                      0.025667    0.000000    2.413594 v _49_/D (sky130_fd_sc_hd__dfxtp_2)
                                              2.413594   data arrival time

                      0.150000   10.000000   10.000000   clock clk (rise edge)
                                  0.000000   10.000000   clock network delay (ideal)
                                 -0.250000    9.750000   clock uncertainty
                                  0.000000    9.750000   clock reconvergence pessimism
                                              9.750000 ^ _49_/CLK (sky130_fd_sc_hd__dfxtp_2)
                                 -0.057618    9.692382   library setup time
                                              9.692382   data required time
---------------------------------------------------------------------------------------------
                                              9.692382   data required time
                                             -2.413594   data arrival time
---------------------------------------------------------------------------------------------
                                              7.278788   slack (MET)


Startpoint: up_down (input port clocked by clk)
Endpoint: _48_ (rising edge-triggered flip-flop clocked by clk)
Path Group: clk
Path Type: max

Fanout         Cap        Slew       Delay        Time   Description
---------------------------------------------------------------------------------------------
                      0.150000    0.000000    0.000000   clock clk (rise edge)
                                  0.000000    0.000000   clock network delay (ideal)
                                  2.000000    2.000000 v input external delay
     5    0.015628    0.025514    0.016144    2.016144 v up_down (in)
                                                         up_down (net)
                      0.025514    0.000000    2.016144 v _30_/A (sky130_fd_sc_hd__or2_2)
     2    0.012591    0.058060    0.194989    2.211133 v _30_/X (sky130_fd_sc_hd__or2_2)
                                                         _10_ (net)
                      0.058060    0.000000    2.211133 v _38_/A (sky130_fd_sc_hd__xnor2_2)
     1    0.004721    0.092525    0.114880    2.326013 ^ _38_/Y (sky130_fd_sc_hd__xnor2_2)
                                                         _17_ (net)
                      0.092525    0.000000    2.326013 ^ _40_/A2 (sky130_fd_sc_hd__o21ai_2)
     1    0.001783    0.022238    0.025518    2.351531 v _40_/Y (sky130_fd_sc_hd__o21ai_2)
                                                         _02_ (net)
                      0.022238    0.000000    2.351531 v _48_/D (sky130_fd_sc_hd__dfxtp_2)
                                              2.351531   data arrival time

                      0.150000   10.000000   10.000000   clock clk (rise edge)
                                  0.000000   10.000000   clock network delay (ideal)
                                 -0.250000    9.750000   clock uncertainty
                                  0.000000    9.750000   clock reconvergence pessimism
                                              9.750000 ^ _48_/CLK (sky130_fd_sc_hd__dfxtp_2)
                                 -0.056400    9.693600   library setup time
                                              9.693600   data required time
---------------------------------------------------------------------------------------------
                                              9.693600   data required time
                                             -2.351531   data arrival time
---------------------------------------------------------------------------------------------
                                              7.342069   slack (MET)


Startpoint: _46_ (rising edge-triggered flip-flop clocked by clk)
Endpoint: counter[0] (output port clocked by clk)
Path Group: clk
Path Type: max

Fanout         Cap        Slew       Delay        Time   Description
---------------------------------------------------------------------------------------------
                      0.150000    0.000000    0.000000   clock clk (rise edge)
                                  0.000000    0.000000   clock network delay (ideal)
                      0.150000    0.000000    0.000000 ^ _46_/CLK (sky130_fd_sc_hd__dfxtp_2)
     7    0.064035    0.245534    0.374402    0.374402 ^ _46_/Q (sky130_fd_sc_hd__dfxtp_2)
                                                         counter[0] (net)
                      0.245534    0.000000    0.374402 ^ counter[0] (out)
                                              0.374402   data arrival time

                      0.150000   10.000000   10.000000   clock clk (rise edge)
                                  0.000000   10.000000   clock network delay (ideal)
                                 -0.250000    9.750000   clock uncertainty
                                  0.000000    9.750000   clock reconvergence pessimism
                                 -2.000000    7.750000   output external delay
                                              7.750000   data required time
---------------------------------------------------------------------------------------------
                                              7.750000   data required time
                                             -0.374402   data arrival time
---------------------------------------------------------------------------------------------
                                              7.375597   slack (MET)


Startpoint: up_down (input port clocked by clk)
Endpoint: _47_ (rising edge-triggered flip-flop clocked by clk)
Path Group: clk
Path Type: max

Fanout         Cap        Slew       Delay        Time   Description
---------------------------------------------------------------------------------------------
                      0.150000    0.000000    0.000000   clock clk (rise edge)
                                  0.000000    0.000000   clock network delay (ideal)
                                  2.000000    2.000000 ^ input external delay
     5    0.017225    0.063846    0.042278    2.042278 ^ up_down (in)
                                                         up_down (net)
                      0.063846    0.000000    2.042278 ^ _30_/A (sky130_fd_sc_hd__or2_2)
     2    0.013558    0.060858    0.101771    2.144049 ^ _30_/X (sky130_fd_sc_hd__or2_2)
                                                         _10_ (net)
                      0.060858    0.000000    2.144049 ^ _32_/A (sky130_fd_sc_hd__nand2_2)
     1    0.002260    0.021166    0.021950    2.165999 v _32_/Y (sky130_fd_sc_hd__nand2_2)
                                                         _12_ (net)
                      0.021166    0.000000    2.165999 v _34_/A3 (sky130_fd_sc_hd__a31o_2)
     1    0.001783    0.025676    0.140634    2.306633 v _34_/X (sky130_fd_sc_hd__a31o_2)
                                                         _01_ (net)
                      0.025676    0.000000    2.306633 v _47_/D (sky130_fd_sc_hd__dfxtp_2)
                                              2.306633   data arrival time

                      0.150000   10.000000   10.000000   clock clk (rise edge)
                                  0.000000   10.000000   clock network delay (ideal)
                                 -0.250000    9.750000   clock uncertainty
                                  0.000000    9.750000   clock reconvergence pessimism
                                              9.750000 ^ _47_/CLK (sky130_fd_sc_hd__dfxtp_2)
                                 -0.057621    9.692379   library setup time
                                              9.692379   data required time
---------------------------------------------------------------------------------------------
                                              9.692379   data required time
                                             -2.306633   data arrival time
---------------------------------------------------------------------------------------------
                                              7.385746   slack (MET)


Startpoint: _47_ (rising edge-triggered flip-flop clocked by clk)
Endpoint: counter[1] (output port clocked by clk)
Path Group: clk
Path Type: max

Fanout         Cap        Slew       Delay        Time   Description
---------------------------------------------------------------------------------------------
                      0.150000    0.000000    0.000000   clock clk (rise edge)
                                  0.000000    0.000000   clock network delay (ideal)
                      0.150000    0.000000    0.000000 ^ _47_/CLK (sky130_fd_sc_hd__dfxtp_2)
     6    0.056013    0.215713    0.353909    0.353909 ^ _47_/Q (sky130_fd_sc_hd__dfxtp_2)
                                                         counter[1] (net)
                      0.215713    0.000000    0.353909 ^ counter[1] (out)
                                              0.353909   data arrival time

                      0.150000   10.000000   10.000000   clock clk (rise edge)
                                  0.000000   10.000000   clock network delay (ideal)
                                 -0.250000    9.750000   clock uncertainty
                                  0.000000    9.750000   clock reconvergence pessimism
                                 -2.000000    7.750000   output external delay
                                              7.750000   data required time
---------------------------------------------------------------------------------------------
                                              7.750000   data required time
                                             -0.353909   data arrival time
---------------------------------------------------------------------------------------------
                                              7.396091   slack (MET)


Startpoint: _48_ (rising edge-triggered flip-flop clocked by clk)
Endpoint: counter[2] (output port clocked by clk)
Path Group: clk
Path Type: max

Fanout         Cap        Slew       Delay        Time   Description
---------------------------------------------------------------------------------------------
                      0.150000    0.000000    0.000000   clock clk (rise edge)
                                  0.000000    0.000000   clock network delay (ideal)
                      0.150000    0.000000    0.000000 ^ _48_/CLK (sky130_fd_sc_hd__dfxtp_2)
     5    0.050208    0.194133    0.339079    0.339079 ^ _48_/Q (sky130_fd_sc_hd__dfxtp_2)
                                                         counter[2] (net)
                      0.194133    0.000000    0.339079 ^ counter[2] (out)
                                              0.339079   data arrival time

                      0.150000   10.000000   10.000000   clock clk (rise edge)
                                  0.000000   10.000000   clock network delay (ideal)
                                 -0.250000    9.750000   clock uncertainty
                                  0.000000    9.750000   clock reconvergence pessimism
                                 -2.000000    7.750000   output external delay
                                              7.750000   data required time
---------------------------------------------------------------------------------------------
                                              7.750000   data required time
                                             -0.339079   data arrival time
---------------------------------------------------------------------------------------------
                                              7.410922   slack (MET)


Startpoint: _49_ (rising edge-triggered flip-flop clocked by clk)
Endpoint: counter[3] (output port clocked by clk)
Path Group: clk
Path Type: max

Fanout         Cap        Slew       Delay        Time   Description
---------------------------------------------------------------------------------------------
                      0.150000    0.000000    0.000000   clock clk (rise edge)
                                  0.000000    0.000000   clock network delay (ideal)
                      0.150000    0.000000    0.000000 ^ _49_/CLK (sky130_fd_sc_hd__dfxtp_2)
     3    0.040462    0.157991    0.314142    0.314142 ^ _49_/Q (sky130_fd_sc_hd__dfxtp_2)
                                                         counter[3] (net)
                      0.157991    0.000000    0.314142 ^ counter[3] (out)
                                              0.314142   data arrival time

                      0.150000   10.000000   10.000000   clock clk (rise edge)
                                  0.000000   10.000000   clock network delay (ideal)
                                 -0.250000    9.750000   clock uncertainty
                                  0.000000    9.750000   clock reconvergence pessimism
                                 -2.000000    7.750000   output external delay
                                              7.750000   data required time
---------------------------------------------------------------------------------------------
                                              7.750000   data required time
                                             -0.314142   data arrival time
---------------------------------------------------------------------------------------------
                                              7.435858   slack (MET)


Startpoint: reset (input port clocked by clk)
Endpoint: _46_ (rising edge-triggered flip-flop clocked by clk)
Path Group: clk
Path Type: max

Fanout         Cap        Slew       Delay        Time   Description
---------------------------------------------------------------------------------------------
                      0.150000    0.000000    0.000000   clock clk (rise edge)
                                  0.000000    0.000000   clock network delay (ideal)
                                  2.000000    2.000000 ^ input external delay
     2    0.009425    0.037504    0.023638    2.023638 ^ reset (in)
                                                         reset (net)
                      0.037504    0.000000    2.023638 ^ _23_/A (sky130_fd_sc_hd__inv_2)
     4    0.012982    0.025333    0.029911    2.053549 v _23_/Y (sky130_fd_sc_hd__inv_2)
                                                         _04_ (net)
                      0.025333    0.000000    2.053549 v _25_/A (sky130_fd_sc_hd__nor2_2)
     4    0.014701    0.132310    0.123808    2.177357 ^ _25_/Y (sky130_fd_sc_hd__nor2_2)
                                                         _06_ (net)
                      0.132310    0.000000    2.177357 ^ _27_/B1 (sky130_fd_sc_hd__a21oi_2)
     1    0.004267    0.055193    0.018920    2.196277 v _27_/Y (sky130_fd_sc_hd__a21oi_2)
                                                         _08_ (net)
                      0.055193    0.000000    2.196277 v _28_/B1 (sky130_fd_sc_hd__o21ai_2)
     1    0.001748    0.056756    0.038559    2.234837 ^ _28_/Y (sky130_fd_sc_hd__o21ai_2)
                                                         _00_ (net)
                      0.056756    0.000000    2.234837 ^ _46_/D (sky130_fd_sc_hd__dfxtp_2)
                                              2.234837   data arrival time

                      0.150000   10.000000   10.000000   clock clk (rise edge)
                                  0.000000   10.000000   clock network delay (ideal)
                                 -0.250000    9.750000   clock uncertainty
                                  0.000000    9.750000   clock reconvergence pessimism
                                              9.750000 ^ _46_/CLK (sky130_fd_sc_hd__dfxtp_2)
                                 -0.029986    9.720015   library setup time
                                              9.720015   data required time
---------------------------------------------------------------------------------------------
                                              9.720015   data required time
                                             -2.234837   data arrival time
---------------------------------------------------------------------------------------------
                                              7.485178   slack (MET)



%OL_END_REPORT
%OL_CREATE_REPORT checks.rpt

===========================================================================
report_checks -unconstrained
===========================================================================
======================= nom_ff_n40C_1v95 Corner ===================================

Startpoint: up_down (input port clocked by clk)
Endpoint: _49_ (rising edge-triggered flip-flop clocked by clk)
Path Group: clk
Path Type: max

Fanout         Cap        Slew       Delay        Time   Description
---------------------------------------------------------------------------------------------
                      0.150000    0.000000    0.000000   clock clk (rise edge)
                                  0.000000    0.000000   clock network delay (ideal)
                                  2.000000    2.000000 v input external delay
     5    0.015628    0.025514    0.016144    2.016144 v up_down (in)
                                                         up_down (net)
                      0.025514    0.000000    2.016144 v _42_/A_N (sky130_fd_sc_hd__nand2b_2)
     2    0.006481    0.047554    0.109639    2.125783 v _42_/Y (sky130_fd_sc_hd__nand2b_2)
                                                         _20_ (net)
                      0.047554    0.000000    2.125783 v _43_/A3 (sky130_fd_sc_hd__a31o_2)
     1    0.002262    0.026837    0.152667    2.278450 v _43_/X (sky130_fd_sc_hd__a31o_2)
                                                         _21_ (net)
                      0.026837    0.000000    2.278450 v _45_/A2 (sky130_fd_sc_hd__a31o_2)
     1    0.001783    0.025667    0.135145    2.413594 v _45_/X (sky130_fd_sc_hd__a31o_2)
                                                         _03_ (net)
                      0.025667    0.000000    2.413594 v _49_/D (sky130_fd_sc_hd__dfxtp_2)
                                              2.413594   data arrival time

                      0.150000   10.000000   10.000000   clock clk (rise edge)
                                  0.000000   10.000000   clock network delay (ideal)
                                 -0.250000    9.750000   clock uncertainty
                                  0.000000    9.750000   clock reconvergence pessimism
                                              9.750000 ^ _49_/CLK (sky130_fd_sc_hd__dfxtp_2)
                                 -0.057618    9.692382   library setup time
                                              9.692382   data required time
---------------------------------------------------------------------------------------------
                                              9.692382   data required time
                                             -2.413594   data arrival time
---------------------------------------------------------------------------------------------
                                              7.278788   slack (MET)




===========================================================================
report_checks --slack_max -0.01
============================================================================
======================= nom_ff_n40C_1v95 Corner ===================================

No paths found.


===========================================================================
 report_check_types -max_slew -max_cap -max_fanout -violators
============================================================================
======================= nom_ff_n40C_1v95 Corner ===================================



===========================================================================
report_parasitic_annotation -report_unannotated
============================================================================
Found 31 unannotated drivers.
 clk
 enable
 reset
 up_down
 _23_/Y
 _24_/Y
 _25_/Y
 _26_/Y
 _27_/Y
 _28_/Y
 _29_/X
 _30_/X
 _31_/Y
 _32_/Y
 _33_/X
 _34_/X
 _35_/X
 _36_/Y
 _37_/Y
 _38_/Y
 _39_/Y
 _40_/Y
 _41_/Y
 _42_/Y
 _43_/X
 _44_/Y
 _45_/X
 _46_/Q
 _47_/Q
 _48_/Q
 _49_/Q
Found 0 partially unannotated drivers.

===========================================================================
max slew violation count 0
%OL_METRIC_I design__max_slew_violation__count__corner:nom_ff_n40C_1v95 0
max fanout violation count 0
%OL_METRIC_I design__max_fanout_violation__count__corner:nom_ff_n40C_1v95 0
max cap violation count 0
%OL_METRIC_I design__max_cap_violation__count__corner:nom_ff_n40C_1v95 0
============================================================================

===========================================================================
check_setup -verbose -unconstrained_endpoints -multiple_clock -no_clock -no_input_delay -loops -generated_clocks
===========================================================================
%OL_END_REPORT
%OL_CREATE_REPORT power.rpt

===========================================================================
 report_power
============================================================================
======================= nom_ff_n40C_1v95 Corner ===================================

Group                    Internal    Switching      Leakage        Total
                            Power        Power        Power        Power (Watts)
------------------------------------------------------------------------
Sequential           2.173888e-05 9.849619e-06 7.262459e-11 3.158857e-05  68.6%
Combinational        8.493082e-06 5.973458e-06 2.236210e-10 1.446676e-05  31.4%
Clock                0.000000e+00 0.000000e+00 0.000000e+00 0.000000e+00   0.0%
Macro                0.000000e+00 0.000000e+00 0.000000e+00 0.000000e+00   0.0%
Pad                  0.000000e+00 0.000000e+00 0.000000e+00 0.000000e+00   0.0%
------------------------------------------------------------------------
Total                3.023196e-05 1.582308e-05 2.962456e-10 4.605533e-05 100.0%
                            65.6%        34.4%         0.0%
%OL_METRIC_F power__internal__total 3.0231962227844633e-5
%OL_METRIC_F power__switching__total 1.5823075955267996e-5
%OL_METRIC_F power__leakage__total 2.962455836197364e-10
%OL_METRIC_F power__total 4.60553310404066e-5

%OL_END_REPORT
%OL_CREATE_REPORT skew.min.rpt

===========================================================================
Clock Skew (Hold)
============================================================================
%OL_METRIC_F clock__skew__worst_hold__corner:nom_ff_n40C_1v95 -0.25
======================= nom_ff_n40C_1v95 Corner ===================================

Clock clk
0.019703 source latency _46_/CLK ^
-0.019703 target latency _46_/CLK ^
-0.250000 clock uncertainty
0.000000 CRPR
--------------
-0.250000 hold skew

%OL_END_REPORT
%OL_CREATE_REPORT skew.max.rpt

===========================================================================
Clock Skew (Setup)
============================================================================
%OL_METRIC_F clock__skew__worst_setup__corner:nom_ff_n40C_1v95 0.25
======================= nom_ff_n40C_1v95 Corner ===================================

Clock clk
0.019703 source latency _46_/CLK ^
-0.019703 target latency _46_/CLK ^
0.250000 clock uncertainty
0.000000 CRPR
--------------
0.250000 setup skew

%OL_END_REPORT
%OL_CREATE_REPORT ws.min.rpt

===========================================================================
Worst Slack (Hold)
============================================================================
%OL_METRIC_F timing__hold__ws__corner:nom_ff_n40C_1v95 0.16271356944595095
nom_ff_n40C_1v95: 0.16271356944595095
%OL_END_REPORT
%OL_CREATE_REPORT ws.max.rpt

===========================================================================
Worst Slack (Setup)
============================================================================
%OL_METRIC_F timing__setup__ws__corner:nom_ff_n40C_1v95 7.278788000575983
nom_ff_n40C_1v95: 7.278788000575983
%OL_END_REPORT
%OL_CREATE_REPORT tns.min.rpt

===========================================================================
Total Negative Slack (Hold)
============================================================================
%OL_METRIC_F timing__hold__tns__corner:nom_ff_n40C_1v95 0.0
nom_ff_n40C_1v95: 0.0
%OL_END_REPORT
%OL_CREATE_REPORT tns.max.rpt

===========================================================================
Total Negative Slack (Setup)
============================================================================
%OL_METRIC_F timing__setup__tns__corner:nom_ff_n40C_1v95 0.0
nom_ff_n40C_1v95: 0.0
%OL_END_REPORT
%OL_CREATE_REPORT wns.min.rpt

===========================================================================
Worst Negative Slack (Hold)
============================================================================
%OL_METRIC_F timing__hold__wns__corner:nom_ff_n40C_1v95 0
nom_ff_n40C_1v95: 0
%OL_END_REPORT
%OL_CREATE_REPORT wns.max.rpt

===========================================================================
Worst Negative Slack (Setup)
============================================================================
%OL_METRIC_F timing__setup__wns__corner:nom_ff_n40C_1v95 0.0
nom_ff_n40C_1v95: 0.0
%OL_END_REPORT
%OL_CREATE_REPORT violator_list.rpt

===========================================================================
Violator List
============================================================================
%OL_METRIC_I timing__hold_vio__count__corner:nom_ff_n40C_1v95 0
%OL_METRIC_F timing__hold_r2r__ws__corner:nom_ff_n40C_1v95 0.162714
%OL_METRIC_I timing__hold_r2r_vio__count__corner:nom_ff_n40C_1v95 0
%OL_METRIC_I timing__setup_vio__count__corner:nom_ff_n40C_1v95 0
%OL_METRIC_F timing__setup_r2r__ws__corner:nom_ff_n40C_1v95 inf
%OL_METRIC_I timing__setup_r2r_vio__count__corner:nom_ff_n40C_1v95 0
%OL_END_REPORT
%OL_CREATE_REPORT unpropagated.rpt
clk
%OL_END_REPORT
%OL_CREATE_REPORT clock.rpt
Clock: clk
Sources: clk 
Generated: no
Virtual: no
Propagated: no
Period: 10.000000

===========================================================================
report_clock_properties
============================================================================
Clock                   Period          Waveform
----------------------------------------------------
clk                  10.000000    0.000000  5.000000

===========================================================================
report_clock_latency
============================================================================
Clock clk
rise -> rise
    min     max
0.000000 0.000000 source latency
0.019703         network latency _46_/CLK
        0.019703 network latency _46_/CLK
---------------
0.019703 0.019703 latency
        0.000000 skew

fall -> fall
    min     max
0.000000 0.000000 source latency
0.006477         network latency _46_/CLK
        0.006477 network latency _46_/CLK
---------------
0.006477 0.006477 latency
        0.000000 skew



===========================================================================
report_clock_min_period
============================================================================
clk period_min = 1.07 fmax = 930.99
%OL_END_REPORT
Writing SDF files for all corners…
