
===========================================================================
report_checks -path_delay min (Hold)
============================================================================
======================= nom_ss_100C_1v60 Corner ===================================

Startpoint: _46_ (rising edge-triggered flip-flop clocked by clk)
Endpoint: _46_ (rising edge-triggered flip-flop clocked by clk)
Path Group: clk
Path Type: min

Fanout         Cap        Slew       Delay        Time   Description
---------------------------------------------------------------------------------------------
                                  0.000000    0.000000   clock clk (rise edge)
                                  0.000000    0.000000   clock source latency
     1    0.009498    0.077696    0.049924    0.049924 ^ clk (in)
                                                         clk (net)
                      0.077697    0.000000    0.049924 ^ clkbuf_0_clk/A (sky130_fd_sc_hd__clkbuf_16)
     2    0.017827    0.064721    0.221918    0.271843 ^ clkbuf_0_clk/X (sky130_fd_sc_hd__clkbuf_16)
                                                         clknet_0_clk (net)
                      0.064721    0.000369    0.272212 ^ clkbuf_1_1__f_clk/A (sky130_fd_sc_hd__clkbuf_16)
     2    0.005202    0.048086    0.196115    0.468327 ^ clkbuf_1_1__f_clk/X (sky130_fd_sc_hd__clkbuf_16)
                                                         clknet_1_1__leaf_clk (net)
                      0.048087    0.000125    0.468453 ^ _46_/CLK (sky130_fd_sc_hd__dfxtp_2)
     7    0.024316    0.122689    0.670588    1.139041 v _46_/Q (sky130_fd_sc_hd__dfxtp_2)
                                                         net4 (net)
                      0.122691    0.000738    1.139779 v _28_/A1 (sky130_fd_sc_hd__o21ai_1)
     1    0.001919    0.109694    0.212566    1.352345 ^ _28_/Y (sky130_fd_sc_hd__o21ai_1)
                                                         _00_ (net)
                      0.109694    0.000055    1.352400 ^ _46_/D (sky130_fd_sc_hd__dfxtp_2)
                                              1.352400   data arrival time

                                  0.000000    0.000000   clock clk (rise edge)
                                  0.000000    0.000000   clock source latency
     1    0.009498    0.077696    0.049924    0.049924 ^ clk (in)
                                                         clk (net)
                      0.077697    0.000000    0.049924 ^ clkbuf_0_clk/A (sky130_fd_sc_hd__clkbuf_16)
     2    0.017827    0.064721    0.221918    0.271843 ^ clkbuf_0_clk/X (sky130_fd_sc_hd__clkbuf_16)
                                                         clknet_0_clk (net)
                      0.064721    0.000369    0.272212 ^ clkbuf_1_1__f_clk/A (sky130_fd_sc_hd__clkbuf_16)
     2    0.005202    0.048086    0.196115    0.468327 ^ clkbuf_1_1__f_clk/X (sky130_fd_sc_hd__clkbuf_16)
                                                         clknet_1_1__leaf_clk (net)
                      0.048087    0.000125    0.468453 ^ _46_/CLK (sky130_fd_sc_hd__dfxtp_2)
                                  0.250000    0.718453   clock uncertainty
                                  0.000000    0.718453   clock reconvergence pessimism
                                 -0.084597    0.633855   library hold time
                                              0.633855   data required time
---------------------------------------------------------------------------------------------
                                              0.633855   data required time
                                             -1.352400   data arrival time
---------------------------------------------------------------------------------------------
                                              0.718545   slack (MET)


Startpoint: _48_ (rising edge-triggered flip-flop clocked by clk)
Endpoint: _48_ (rising edge-triggered flip-flop clocked by clk)
Path Group: clk
Path Type: min

Fanout         Cap        Slew       Delay        Time   Description
---------------------------------------------------------------------------------------------
                                  0.000000    0.000000   clock clk (rise edge)
                                  0.000000    0.000000   clock source latency
     1    0.009498    0.077696    0.049924    0.049924 ^ clk (in)
                                                         clk (net)
                      0.077697    0.000000    0.049924 ^ clkbuf_0_clk/A (sky130_fd_sc_hd__clkbuf_16)
     2    0.017827    0.064721    0.221918    0.271843 ^ clkbuf_0_clk/X (sky130_fd_sc_hd__clkbuf_16)
                                                         clknet_0_clk (net)
                      0.064721    0.000369    0.272212 ^ clkbuf_1_1__f_clk/A (sky130_fd_sc_hd__clkbuf_16)
     2    0.005202    0.048086    0.196115    0.468327 ^ clkbuf_1_1__f_clk/X (sky130_fd_sc_hd__clkbuf_16)
                                                         clknet_1_1__leaf_clk (net)
                      0.048087    0.000150    0.468477 ^ _48_/CLK (sky130_fd_sc_hd__dfxtp_1)
     5    0.016513    0.157369    0.659071    1.127548 v _48_/Q (sky130_fd_sc_hd__dfxtp_1)
                                                         net6 (net)
                      0.157369    0.000563    1.128111 v _39_/A1 (sky130_fd_sc_hd__a21oi_1)
     1    0.002134    0.126185    0.221709    1.349820 ^ _39_/Y (sky130_fd_sc_hd__a21oi_1)
                                                         _18_ (net)
                      0.126185    0.000041    1.349861 ^ _40_/B1 (sky130_fd_sc_hd__o21ai_1)
     1    0.002247    0.058762    0.134586    1.484447 v _40_/Y (sky130_fd_sc_hd__o21ai_1)
                                                         _02_ (net)
                      0.058762    0.000049    1.484495 v _48_/D (sky130_fd_sc_hd__dfxtp_1)
                                              1.484495   data arrival time

                                  0.000000    0.000000   clock clk (rise edge)
                                  0.000000    0.000000   clock source latency
     1    0.009498    0.077696    0.049924    0.049924 ^ clk (in)
                                                         clk (net)
                      0.077697    0.000000    0.049924 ^ clkbuf_0_clk/A (sky130_fd_sc_hd__clkbuf_16)
     2    0.017827    0.064721    0.221918    0.271843 ^ clkbuf_0_clk/X (sky130_fd_sc_hd__clkbuf_16)
                                                         clknet_0_clk (net)
                      0.064721    0.000369    0.272212 ^ clkbuf_1_1__f_clk/A (sky130_fd_sc_hd__clkbuf_16)
     2    0.005202    0.048086    0.196115    0.468327 ^ clkbuf_1_1__f_clk/X (sky130_fd_sc_hd__clkbuf_16)
                                                         clknet_1_1__leaf_clk (net)
                      0.048087    0.000150    0.468477 ^ _48_/CLK (sky130_fd_sc_hd__dfxtp_1)
                                  0.250000    0.718477   clock uncertainty
                                  0.000000    0.718477   clock reconvergence pessimism
                                 -0.106152    0.612325   library hold time
                                              0.612325   data required time
---------------------------------------------------------------------------------------------
                                              0.612325   data required time
                                             -1.484495   data arrival time
---------------------------------------------------------------------------------------------
                                              0.872170   slack (MET)


Startpoint: _49_ (rising edge-triggered flip-flop clocked by clk)
Endpoint: _49_ (rising edge-triggered flip-flop clocked by clk)
Path Group: clk
Path Type: min

Fanout         Cap        Slew       Delay        Time   Description
---------------------------------------------------------------------------------------------
                                  0.000000    0.000000   clock clk (rise edge)
                                  0.000000    0.000000   clock source latency
     1    0.009498    0.077696    0.049924    0.049924 ^ clk (in)
                                                         clk (net)
                      0.077697    0.000000    0.049924 ^ clkbuf_0_clk/A (sky130_fd_sc_hd__clkbuf_16)
     2    0.017827    0.064721    0.221918    0.271843 ^ clkbuf_0_clk/X (sky130_fd_sc_hd__clkbuf_16)
                                                         clknet_0_clk (net)
                      0.064721    0.000386    0.272229 ^ clkbuf_1_0__f_clk/A (sky130_fd_sc_hd__clkbuf_16)
     2    0.004733    0.047438    0.195229    0.467458 ^ clkbuf_1_0__f_clk/X (sky130_fd_sc_hd__clkbuf_16)
                                                         clknet_1_0__leaf_clk (net)
                      0.047439    0.000113    0.467571 ^ _49_/CLK (sky130_fd_sc_hd__dfxtp_1)
     3    0.008876    0.096232    0.608080    1.075650 v _49_/Q (sky130_fd_sc_hd__dfxtp_1)
                                                         net7 (net)
                      0.096232    0.000205    1.075855 v _44_/B (sky130_fd_sc_hd__nand4_1)
     1    0.003539    0.101137    0.151188    1.227043 ^ _44_/Y (sky130_fd_sc_hd__nand4_1)
                                                         _22_ (net)
                      0.101137    0.000111    1.227154 ^ _45_/A3 (sky130_fd_sc_hd__a31o_1)
     1    0.002256    0.073331    0.298283    1.525437 ^ _45_/X (sky130_fd_sc_hd__a31o_1)
                                                         _03_ (net)
                      0.073331    0.000049    1.525485 ^ _49_/D (sky130_fd_sc_hd__dfxtp_1)
                                              1.525485   data arrival time

                                  0.000000    0.000000   clock clk (rise edge)
                                  0.000000    0.000000   clock source latency
     1    0.009498    0.077696    0.049924    0.049924 ^ clk (in)
                                                         clk (net)
                      0.077697    0.000000    0.049924 ^ clkbuf_0_clk/A (sky130_fd_sc_hd__clkbuf_16)
     2    0.017827    0.064721    0.221918    0.271843 ^ clkbuf_0_clk/X (sky130_fd_sc_hd__clkbuf_16)
                                                         clknet_0_clk (net)
                      0.064721    0.000386    0.272229 ^ clkbuf_1_0__f_clk/A (sky130_fd_sc_hd__clkbuf_16)
     2    0.004733    0.047438    0.195229    0.467458 ^ clkbuf_1_0__f_clk/X (sky130_fd_sc_hd__clkbuf_16)
                                                         clknet_1_0__leaf_clk (net)
                      0.047439    0.000113    0.467571 ^ _49_/CLK (sky130_fd_sc_hd__dfxtp_1)
                                  0.250000    0.717571   clock uncertainty
                                  0.000000    0.717571   clock reconvergence pessimism
                                 -0.076382    0.641189   library hold time
                                              0.641189   data required time
---------------------------------------------------------------------------------------------
                                              0.641189   data required time
                                             -1.525485   data arrival time
---------------------------------------------------------------------------------------------
                                              0.884296   slack (MET)


Startpoint: _47_ (rising edge-triggered flip-flop clocked by clk)
Endpoint: _47_ (rising edge-triggered flip-flop clocked by clk)
Path Group: clk
Path Type: min

Fanout         Cap        Slew       Delay        Time   Description
---------------------------------------------------------------------------------------------
                                  0.000000    0.000000   clock clk (rise edge)
                                  0.000000    0.000000   clock source latency
     1    0.009498    0.077696    0.049924    0.049924 ^ clk (in)
                                                         clk (net)
                      0.077697    0.000000    0.049924 ^ clkbuf_0_clk/A (sky130_fd_sc_hd__clkbuf_16)
     2    0.017827    0.064721    0.221918    0.271843 ^ clkbuf_0_clk/X (sky130_fd_sc_hd__clkbuf_16)
                                                         clknet_0_clk (net)
                      0.064721    0.000386    0.272229 ^ clkbuf_1_0__f_clk/A (sky130_fd_sc_hd__clkbuf_16)
     2    0.004733    0.047438    0.195229    0.467458 ^ clkbuf_1_0__f_clk/X (sky130_fd_sc_hd__clkbuf_16)
                                                         clknet_1_0__leaf_clk (net)
                      0.047439    0.000099    0.467557 ^ _47_/CLK (sky130_fd_sc_hd__dfxtp_1)
     6    0.020920    0.319963    0.803699    1.271256 ^ _47_/Q (sky130_fd_sc_hd__dfxtp_1)
                                                         net5 (net)
                      0.319963    0.000427    1.271684 ^ _33_/A1 (sky130_fd_sc_hd__a21o_1)
     1    0.003060    0.068676    0.298373    1.570056 ^ _33_/X (sky130_fd_sc_hd__a21o_1)
                                                         _13_ (net)
                      0.068676    0.000091    1.570148 ^ _34_/B1 (sky130_fd_sc_hd__a31o_1)
     1    0.002311    0.064256    0.153283    1.723431 ^ _34_/X (sky130_fd_sc_hd__a31o_1)
                                                         _01_ (net)
                      0.064256    0.000070    1.723500 ^ _47_/D (sky130_fd_sc_hd__dfxtp_1)
                                              1.723500   data arrival time

                                  0.000000    0.000000   clock clk (rise edge)
                                  0.000000    0.000000   clock source latency
     1    0.009498    0.077696    0.049924    0.049924 ^ clk (in)
                                                         clk (net)
                      0.077697    0.000000    0.049924 ^ clkbuf_0_clk/A (sky130_fd_sc_hd__clkbuf_16)
     2    0.017827    0.064721    0.221918    0.271843 ^ clkbuf_0_clk/X (sky130_fd_sc_hd__clkbuf_16)
                                                         clknet_0_clk (net)
                      0.064721    0.000386    0.272229 ^ clkbuf_1_0__f_clk/A (sky130_fd_sc_hd__clkbuf_16)
     2    0.004733    0.047438    0.195229    0.467458 ^ clkbuf_1_0__f_clk/X (sky130_fd_sc_hd__clkbuf_16)
                                                         clknet_1_0__leaf_clk (net)
                      0.047439    0.000099    0.467557 ^ _47_/CLK (sky130_fd_sc_hd__dfxtp_1)
                                  0.250000    0.717557   clock uncertainty
                                  0.000000    0.717557   clock reconvergence pessimism
                                 -0.074269    0.643288   library hold time
                                              0.643288   data required time
---------------------------------------------------------------------------------------------
                                              0.643288   data required time
                                             -1.723500   data arrival time
---------------------------------------------------------------------------------------------
                                              1.080212   slack (MET)


Startpoint: _49_ (rising edge-triggered flip-flop clocked by clk)
Endpoint: counter[3] (output port clocked by clk)
Path Group: clk
Path Type: min

Fanout         Cap        Slew       Delay        Time   Description
---------------------------------------------------------------------------------------------
                                  0.000000    0.000000   clock clk (rise edge)
                                  0.000000    0.000000   clock source latency
     1    0.009498    0.077696    0.049924    0.049924 ^ clk (in)
                                                         clk (net)
                      0.077697    0.000000    0.049924 ^ clkbuf_0_clk/A (sky130_fd_sc_hd__clkbuf_16)
     2    0.017827    0.064721    0.221918    0.271843 ^ clkbuf_0_clk/X (sky130_fd_sc_hd__clkbuf_16)
                                                         clknet_0_clk (net)
                      0.064721    0.000386    0.272229 ^ clkbuf_1_0__f_clk/A (sky130_fd_sc_hd__clkbuf_16)
     2    0.004733    0.047438    0.195229    0.467458 ^ clkbuf_1_0__f_clk/X (sky130_fd_sc_hd__clkbuf_16)
                                                         clknet_1_0__leaf_clk (net)
                      0.047439    0.000113    0.467571 ^ _49_/CLK (sky130_fd_sc_hd__dfxtp_1)
     3    0.008876    0.096232    0.608080    1.075650 v _49_/Q (sky130_fd_sc_hd__dfxtp_1)
                                                         net7 (net)
                      0.096232    0.000167    1.075817 v output7/A (sky130_fd_sc_hd__buf_2)
     1    0.033800    0.164022    0.355540    1.431357 v output7/X (sky130_fd_sc_hd__buf_2)
                                                         counter[3] (net)
                      0.164022    0.000605    1.431962 v counter[3] (out)
                                              1.431962   data arrival time

                                  0.000000    0.000000   clock clk (rise edge)
                                  0.000000    0.000000   clock network delay (propagated)
                                  0.250000    0.250000   clock uncertainty
                                  0.000000    0.250000   clock reconvergence pessimism
                                 -2.000000   -1.750000   output external delay
                                             -1.750000   data required time
---------------------------------------------------------------------------------------------
                                             -1.750000   data required time
                                             -1.431962   data arrival time
---------------------------------------------------------------------------------------------
                                              3.181962   slack (MET)


Startpoint: _46_ (rising edge-triggered flip-flop clocked by clk)
Endpoint: counter[0] (output port clocked by clk)
Path Group: clk
Path Type: min

Fanout         Cap        Slew       Delay        Time   Description
---------------------------------------------------------------------------------------------
                                  0.000000    0.000000   clock clk (rise edge)
                                  0.000000    0.000000   clock source latency
     1    0.009498    0.077696    0.049924    0.049924 ^ clk (in)
                                                         clk (net)
                      0.077697    0.000000    0.049924 ^ clkbuf_0_clk/A (sky130_fd_sc_hd__clkbuf_16)
     2    0.017827    0.064721    0.221918    0.271843 ^ clkbuf_0_clk/X (sky130_fd_sc_hd__clkbuf_16)
                                                         clknet_0_clk (net)
                      0.064721    0.000369    0.272212 ^ clkbuf_1_1__f_clk/A (sky130_fd_sc_hd__clkbuf_16)
     2    0.005202    0.048086    0.196115    0.468327 ^ clkbuf_1_1__f_clk/X (sky130_fd_sc_hd__clkbuf_16)
                                                         clknet_1_1__leaf_clk (net)
                      0.048087    0.000125    0.468453 ^ _46_/CLK (sky130_fd_sc_hd__dfxtp_2)
     7    0.024316    0.122689    0.670588    1.139041 v _46_/Q (sky130_fd_sc_hd__dfxtp_2)
                                                         net4 (net)
                      0.122691    0.000739    1.139780 v output4/A (sky130_fd_sc_hd__buf_2)
     1    0.033792    0.164024    0.368271    1.508051 v output4/X (sky130_fd_sc_hd__buf_2)
                                                         counter[0] (net)
                      0.164024    0.000605    1.508656 v counter[0] (out)
                                              1.508656   data arrival time

                                  0.000000    0.000000   clock clk (rise edge)
                                  0.000000    0.000000   clock network delay (propagated)
                                  0.250000    0.250000   clock uncertainty
                                  0.000000    0.250000   clock reconvergence pessimism
                                 -2.000000   -1.750000   output external delay
                                             -1.750000   data required time
---------------------------------------------------------------------------------------------
                                             -1.750000   data required time
                                             -1.508656   data arrival time
---------------------------------------------------------------------------------------------
                                              3.258656   slack (MET)


Startpoint: _48_ (rising edge-triggered flip-flop clocked by clk)
Endpoint: counter[2] (output port clocked by clk)
Path Group: clk
Path Type: min

Fanout         Cap        Slew       Delay        Time   Description
---------------------------------------------------------------------------------------------
                                  0.000000    0.000000   clock clk (rise edge)
                                  0.000000    0.000000   clock source latency
     1    0.009498    0.077696    0.049924    0.049924 ^ clk (in)
                                                         clk (net)
                      0.077697    0.000000    0.049924 ^ clkbuf_0_clk/A (sky130_fd_sc_hd__clkbuf_16)
     2    0.017827    0.064721    0.221918    0.271843 ^ clkbuf_0_clk/X (sky130_fd_sc_hd__clkbuf_16)
                                                         clknet_0_clk (net)
                      0.064721    0.000369    0.272212 ^ clkbuf_1_1__f_clk/A (sky130_fd_sc_hd__clkbuf_16)
     2    0.005202    0.048086    0.196115    0.468327 ^ clkbuf_1_1__f_clk/X (sky130_fd_sc_hd__clkbuf_16)
                                                         clknet_1_1__leaf_clk (net)
                      0.048087    0.000150    0.468477 ^ _48_/CLK (sky130_fd_sc_hd__dfxtp_1)
     5    0.016513    0.157369    0.659071    1.127548 v _48_/Q (sky130_fd_sc_hd__dfxtp_1)
                                                         net6 (net)
                      0.157369    0.000380    1.127928 v output6/A (sky130_fd_sc_hd__buf_2)
     1    0.034072    0.165186    0.385876    1.513804 v output6/X (sky130_fd_sc_hd__buf_2)
                                                         counter[2] (net)
                      0.165186    0.000627    1.514432 v counter[2] (out)
                                              1.514432   data arrival time

                                  0.000000    0.000000   clock clk (rise edge)
                                  0.000000    0.000000   clock network delay (propagated)
                                  0.250000    0.250000   clock uncertainty
                                  0.000000    0.250000   clock reconvergence pessimism
                                 -2.000000   -1.750000   output external delay
                                             -1.750000   data required time
---------------------------------------------------------------------------------------------
                                             -1.750000   data required time
                                             -1.514432   data arrival time
---------------------------------------------------------------------------------------------
                                              3.264432   slack (MET)


Startpoint: _47_ (rising edge-triggered flip-flop clocked by clk)
Endpoint: counter[1] (output port clocked by clk)
Path Group: clk
Path Type: min

Fanout         Cap        Slew       Delay        Time   Description
---------------------------------------------------------------------------------------------
                                  0.000000    0.000000   clock clk (rise edge)
                                  0.000000    0.000000   clock source latency
     1    0.009498    0.077696    0.049924    0.049924 ^ clk (in)
                                                         clk (net)
                      0.077697    0.000000    0.049924 ^ clkbuf_0_clk/A (sky130_fd_sc_hd__clkbuf_16)
     2    0.017827    0.064721    0.221918    0.271843 ^ clkbuf_0_clk/X (sky130_fd_sc_hd__clkbuf_16)
                                                         clknet_0_clk (net)
                      0.064721    0.000386    0.272229 ^ clkbuf_1_0__f_clk/A (sky130_fd_sc_hd__clkbuf_16)
     2    0.004733    0.047438    0.195229    0.467458 ^ clkbuf_1_0__f_clk/X (sky130_fd_sc_hd__clkbuf_16)
                                                         clknet_1_0__leaf_clk (net)
                      0.047439    0.000099    0.467557 ^ _47_/CLK (sky130_fd_sc_hd__dfxtp_1)
     6    0.019764    0.184646    0.679401    1.146958 v _47_/Q (sky130_fd_sc_hd__dfxtp_1)
                                                         net5 (net)
                      0.184646    0.000385    1.147343 v output5/A (sky130_fd_sc_hd__buf_2)
     1    0.033972    0.164840    0.398680    1.546023 v output5/X (sky130_fd_sc_hd__buf_2)
                                                         counter[1] (net)
                      0.164840    0.000668    1.546692 v counter[1] (out)
                                              1.546692   data arrival time

                                  0.000000    0.000000   clock clk (rise edge)
                                  0.000000    0.000000   clock network delay (propagated)
                                  0.250000    0.250000   clock uncertainty
                                  0.000000    0.250000   clock reconvergence pessimism
                                 -2.000000   -1.750000   output external delay
                                             -1.750000   data required time
---------------------------------------------------------------------------------------------
                                             -1.750000   data required time
                                             -1.546692   data arrival time
---------------------------------------------------------------------------------------------
                                              3.296692   slack (MET)



