Clock: clk
Sources: clk 
Generated: no
Virtual: yes
Propagated: no
Period: 10.000000

===========================================================================
report_clock_properties
============================================================================
Clock                   Period          Waveform
----------------------------------------------------
clk                  10.000000    0.000000  5.000000

===========================================================================
report_clock_latency
============================================================================
Clock clk
rise -> rise
    min     max
0.000000 0.000000 source latency
0.148106         network latency _48_/CLK
        0.148678 network latency _49_/CLK
---------------
0.148106 0.148678 latency
        0.000572 skew

fall -> fall
    min     max
0.000000 0.000000 source latency
0.170853         network latency _48_/CLK
        0.171376 network latency _49_/CLK
---------------
0.170853 0.171376 latency
        0.000524 skew



===========================================================================
report_clock_min_period
============================================================================
clk period_min = 0.73 fmax = 1361.37
