Clock: clk
Sources: clk 
Generated: no
Virtual: yes
Propagated: no
Period: 10.000000

===========================================================================
report_clock_properties
============================================================================
Clock                   Period          Waveform
----------------------------------------------------
clk                  10.000000    0.000000  5.000000

===========================================================================
report_clock_latency
============================================================================
Clock clk
rise -> rise
    min     max
0.000000 0.000000 source latency
0.189278         network latency _46_/CLK
        0.190519 network latency _47_/CLK
---------------
0.189278 0.190519 latency
        0.001242 skew

fall -> fall
    min     max
0.000000 0.000000 source latency
0.189307         network latency _46_/CLK
        0.190456 network latency _47_/CLK
---------------
0.189307 0.190456 latency
        0.001149 skew



===========================================================================
report_clock_min_period
============================================================================
clk period_min = 1.45 fmax = 689.44
