Reading timing models for corner nom_ss_100C_1v60…
Reading cell library for the 'nom_ss_100C_1v60' corner at '/home/amostafa/.volare/volare/sky130/versions/0fe599b2afb6708d281543108caf8310912f54af/sky130A/libs.ref/sky130_fd_sc_hd/lib/sky130_fd_sc_hd__ss_100C_1v60.lib'…
Reading top-level netlist at '/home/amostafa/vlsi/runs/RUN_2024-12-04_11-16-19/10-openroad-detailedrouting/counter_dut.nl.v'…
Linking design 'counter_dut' from netlist…
Reading design constraints file at 'counter_dut.sdc'…
%OL_CREATE_REPORT min.rpt

===========================================================================
report_checks -path_delay min (Hold)
============================================================================
======================= nom_ss_100C_1v60 Corner ===================================

Startpoint: _46_ (rising edge-triggered flip-flop clocked by clk)
Endpoint: _46_ (rising edge-triggered flip-flop clocked by clk)
Path Group: clk
Path Type: min

Fanout         Cap        Slew       Delay        Time   Description
---------------------------------------------------------------------------------------------
                                  0.000000    0.000000   clock clk (rise edge)
                                  0.000000    0.000000   clock source latency
     1    0.007894    0.000000    0.000000    0.000000 ^ clk (in)
                                                         clk (net)
                      0.000000    0.000000    0.000000 ^ clkbuf_0_clk/A (sky130_fd_sc_hd__clkbuf_16)
     2    0.015788    0.063374    0.185385    0.185385 ^ clkbuf_0_clk/X (sky130_fd_sc_hd__clkbuf_16)
                                                         clknet_0_clk (net)
                      0.063374    0.000000    0.185385 ^ clkbuf_1_1__f_clk/A (sky130_fd_sc_hd__clkbuf_16)
     2    0.003436    0.045673    0.192179    0.377564 ^ clkbuf_1_1__f_clk/X (sky130_fd_sc_hd__clkbuf_16)
                                                         clknet_1_1__leaf_clk (net)
                      0.045673    0.000000    0.377564 ^ _46_/CLK (sky130_fd_sc_hd__dfxtp_1)
     7    0.017847    0.170974    0.666757    1.044321 v _46_/Q (sky130_fd_sc_hd__dfxtp_1)
                                                         net4 (net)
                      0.170974    0.000000    1.044321 v _28_/A1 (sky130_fd_sc_hd__o21ai_1)
     1    0.001536    0.100462    0.222834    1.267155 ^ _28_/Y (sky130_fd_sc_hd__o21ai_1)
                                                         _00_ (net)
                      0.100462    0.000000    1.267155 ^ _46_/D (sky130_fd_sc_hd__dfxtp_1)
                                              1.267155   data arrival time

                                  0.000000    0.000000   clock clk (rise edge)
                                  0.000000    0.000000   clock source latency
     1    0.007894    0.000000    0.000000    0.000000 ^ clk (in)
                                                         clk (net)
                      0.000000    0.000000    0.000000 ^ clkbuf_0_clk/A (sky130_fd_sc_hd__clkbuf_16)
     2    0.015788    0.063374    0.185385    0.185385 ^ clkbuf_0_clk/X (sky130_fd_sc_hd__clkbuf_16)
                                                         clknet_0_clk (net)
                      0.063374    0.000000    0.185385 ^ clkbuf_1_1__f_clk/A (sky130_fd_sc_hd__clkbuf_16)
     2    0.003436    0.045673    0.192179    0.377564 ^ clkbuf_1_1__f_clk/X (sky130_fd_sc_hd__clkbuf_16)
                                                         clknet_1_1__leaf_clk (net)
                      0.045673    0.000000    0.377564 ^ _46_/CLK (sky130_fd_sc_hd__dfxtp_1)
                                  0.000000    0.377564   clock reconvergence pessimism
                                 -0.082978    0.294586   library hold time
                                              0.294586   data required time
---------------------------------------------------------------------------------------------
                                              0.294586   data required time
                                             -1.267155   data arrival time
---------------------------------------------------------------------------------------------
                                              0.972569   slack (MET)


Startpoint: _48_ (rising edge-triggered flip-flop clocked by clk)
Endpoint: _48_ (rising edge-triggered flip-flop clocked by clk)
Path Group: clk
Path Type: min

Fanout         Cap        Slew       Delay        Time   Description
---------------------------------------------------------------------------------------------
                                  0.000000    0.000000   clock clk (rise edge)
                                  0.000000    0.000000   clock source latency
     1    0.007894    0.000000    0.000000    0.000000 ^ clk (in)
                                                         clk (net)
                      0.000000    0.000000    0.000000 ^ clkbuf_0_clk/A (sky130_fd_sc_hd__clkbuf_16)
     2    0.015788    0.063374    0.185385    0.185385 ^ clkbuf_0_clk/X (sky130_fd_sc_hd__clkbuf_16)
                                                         clknet_0_clk (net)
                      0.063374    0.000000    0.185385 ^ clkbuf_1_1__f_clk/A (sky130_fd_sc_hd__clkbuf_16)
     2    0.003436    0.045673    0.192179    0.377564 ^ clkbuf_1_1__f_clk/X (sky130_fd_sc_hd__clkbuf_16)
                                                         clknet_1_1__leaf_clk (net)
                      0.045673    0.000000    0.377564 ^ _48_/CLK (sky130_fd_sc_hd__dfxtp_1)
     5    0.011179    0.116441    0.623415    1.000978 v _48_/Q (sky130_fd_sc_hd__dfxtp_1)
                                                         net6 (net)
                      0.116441    0.000000    1.000978 v _39_/A1 (sky130_fd_sc_hd__a21oi_1)
     1    0.001987    0.124703    0.200317    1.201295 ^ _39_/Y (sky130_fd_sc_hd__a21oi_1)
                                                         _18_ (net)
                      0.124703    0.000000    1.201295 ^ _40_/B1 (sky130_fd_sc_hd__o21ai_1)
     1    0.001620    0.051320    0.125630    1.326925 v _40_/Y (sky130_fd_sc_hd__o21ai_1)
                                                         _02_ (net)
                      0.051320    0.000000    1.326925 v _48_/D (sky130_fd_sc_hd__dfxtp_1)
                                              1.326925   data arrival time

                                  0.000000    0.000000   clock clk (rise edge)
                                  0.000000    0.000000   clock source latency
     1    0.007894    0.000000    0.000000    0.000000 ^ clk (in)
                                                         clk (net)
                      0.000000    0.000000    0.000000 ^ clkbuf_0_clk/A (sky130_fd_sc_hd__clkbuf_16)
     2    0.015788    0.063374    0.185385    0.185385 ^ clkbuf_0_clk/X (sky130_fd_sc_hd__clkbuf_16)
                                                         clknet_0_clk (net)
                      0.063374    0.000000    0.185385 ^ clkbuf_1_1__f_clk/A (sky130_fd_sc_hd__clkbuf_16)
     2    0.003436    0.045673    0.192179    0.377564 ^ clkbuf_1_1__f_clk/X (sky130_fd_sc_hd__clkbuf_16)
                                                         clknet_1_1__leaf_clk (net)
                      0.045673    0.000000    0.377564 ^ _48_/CLK (sky130_fd_sc_hd__dfxtp_1)
                                  0.000000    0.377564   clock reconvergence pessimism
                                 -0.103919    0.273644   library hold time
                                              0.273644   data required time
---------------------------------------------------------------------------------------------
                                              0.273644   data required time
                                             -1.326925   data arrival time
---------------------------------------------------------------------------------------------
                                              1.053280   slack (MET)


Startpoint: _49_ (rising edge-triggered flip-flop clocked by clk)
Endpoint: _49_ (rising edge-triggered flip-flop clocked by clk)
Path Group: clk
Path Type: min

Fanout         Cap        Slew       Delay        Time   Description
---------------------------------------------------------------------------------------------
                                  0.000000    0.000000   clock clk (rise edge)
                                  0.000000    0.000000   clock source latency
     1    0.007894    0.000000    0.000000    0.000000 ^ clk (in)
                                                         clk (net)
                      0.000000    0.000000    0.000000 ^ clkbuf_0_clk/A (sky130_fd_sc_hd__clkbuf_16)
     2    0.015788    0.063374    0.185385    0.185385 ^ clkbuf_0_clk/X (sky130_fd_sc_hd__clkbuf_16)
                                                         clknet_0_clk (net)
                      0.063374    0.000000    0.185385 ^ clkbuf_1_0__f_clk/A (sky130_fd_sc_hd__clkbuf_16)
     2    0.003436    0.045673    0.192179    0.377564 ^ clkbuf_1_0__f_clk/X (sky130_fd_sc_hd__clkbuf_16)
                                                         clknet_1_0__leaf_clk (net)
                      0.045673    0.000000    0.377564 ^ _49_/CLK (sky130_fd_sc_hd__dfxtp_1)
     3    0.006536    0.079927    0.591114    0.968678 v _49_/Q (sky130_fd_sc_hd__dfxtp_1)
                                                         net7 (net)
                      0.079927    0.000000    0.968678 v _44_/B (sky130_fd_sc_hd__nand4_1)
     1    0.002493    0.086773    0.130519    1.099197 ^ _44_/Y (sky130_fd_sc_hd__nand4_1)
                                                         _22_ (net)
                      0.086773    0.000000    1.099197 ^ _45_/A3 (sky130_fd_sc_hd__a31o_1)
     1    0.001536    0.061933    0.283477    1.382674 ^ _45_/X (sky130_fd_sc_hd__a31o_1)
                                                         _03_ (net)
                      0.061933    0.000000    1.382674 ^ _49_/D (sky130_fd_sc_hd__dfxtp_1)
                                              1.382674   data arrival time

                                  0.000000    0.000000   clock clk (rise edge)
                                  0.000000    0.000000   clock source latency
     1    0.007894    0.000000    0.000000    0.000000 ^ clk (in)
                                                         clk (net)
                      0.000000    0.000000    0.000000 ^ clkbuf_0_clk/A (sky130_fd_sc_hd__clkbuf_16)
     2    0.015788    0.063374    0.185385    0.185385 ^ clkbuf_0_clk/X (sky130_fd_sc_hd__clkbuf_16)
                                                         clknet_0_clk (net)
                      0.063374    0.000000    0.185385 ^ clkbuf_1_0__f_clk/A (sky130_fd_sc_hd__clkbuf_16)
     2    0.003436    0.045673    0.192179    0.377564 ^ clkbuf_1_0__f_clk/X (sky130_fd_sc_hd__clkbuf_16)
                                                         clknet_1_0__leaf_clk (net)
                      0.045673    0.000000    0.377564 ^ _49_/CLK (sky130_fd_sc_hd__dfxtp_1)
                                  0.000000    0.377564   clock reconvergence pessimism
                                 -0.074009    0.303555   library hold time
                                              0.303555   data required time
---------------------------------------------------------------------------------------------
                                              0.303555   data required time
                                             -1.382674   data arrival time
---------------------------------------------------------------------------------------------
                                              1.079119   slack (MET)


Startpoint: reset (input port clocked by clk)
Endpoint: _47_ (rising edge-triggered flip-flop clocked by clk)
Path Group: clk
Path Type: min

Fanout         Cap        Slew       Delay        Time   Description
---------------------------------------------------------------------------------------------
                                  0.000000    0.000000   clock clk (rise edge)
                                  0.000000    0.000000   clock network delay (propagated)
                                  1.000000    1.000000 v input external delay
     1    0.001996    0.000000    0.000000    1.000000 v reset (in)
                                                         reset (net)
                      0.000000    0.000000    1.000000 v input2/A (sky130_fd_sc_hd__buf_1)
     2    0.006527    0.091041    0.162009    1.162009 v input2/X (sky130_fd_sc_hd__buf_1)
                                                         net2 (net)
                      0.091041    0.000000    1.162009 v _23_/A (sky130_fd_sc_hd__inv_2)
     4    0.009777    0.084651    0.111682    1.273691 ^ _23_/Y (sky130_fd_sc_hd__inv_2)
                                                         _04_ (net)
                      0.084651    0.000000    1.273691 ^ _34_/A2 (sky130_fd_sc_hd__a31o_1)
     1    0.001536    0.055773    0.271925    1.545616 ^ _34_/X (sky130_fd_sc_hd__a31o_1)
                                                         _01_ (net)
                      0.055773    0.000000    1.545616 ^ _47_/D (sky130_fd_sc_hd__dfxtp_1)
                                              1.545616   data arrival time

                                  0.000000    0.000000   clock clk (rise edge)
                                  0.000000    0.000000   clock source latency
     1    0.007894    0.000000    0.000000    0.000000 ^ clk (in)
                                                         clk (net)
                      0.000000    0.000000    0.000000 ^ clkbuf_0_clk/A (sky130_fd_sc_hd__clkbuf_16)
     2    0.015788    0.063374    0.185385    0.185385 ^ clkbuf_0_clk/X (sky130_fd_sc_hd__clkbuf_16)
                                                         clknet_0_clk (net)
                      0.063374    0.000000    0.185385 ^ clkbuf_1_0__f_clk/A (sky130_fd_sc_hd__clkbuf_16)
     2    0.003436    0.045673    0.192179    0.377564 ^ clkbuf_1_0__f_clk/X (sky130_fd_sc_hd__clkbuf_16)
                                                         clknet_1_0__leaf_clk (net)
                      0.045673    0.000000    0.377564 ^ _47_/CLK (sky130_fd_sc_hd__dfxtp_1)
                                  0.000000    0.377564   clock reconvergence pessimism
                                 -0.072575    0.304989   library hold time
                                              0.304989   data required time
---------------------------------------------------------------------------------------------
                                              0.304989   data required time
                                             -1.545616   data arrival time
---------------------------------------------------------------------------------------------
                                              1.240627   slack (MET)


Startpoint: _49_ (rising edge-triggered flip-flop clocked by clk)
Endpoint: counter[3] (output port clocked by clk)
Path Group: clk
Path Type: min

Fanout         Cap        Slew       Delay        Time   Description
---------------------------------------------------------------------------------------------
                                  0.000000    0.000000   clock clk (rise edge)
                                  0.000000    0.000000   clock source latency
     1    0.007894    0.000000    0.000000    0.000000 ^ clk (in)
                                                         clk (net)
                      0.000000    0.000000    0.000000 ^ clkbuf_0_clk/A (sky130_fd_sc_hd__clkbuf_16)
     2    0.015788    0.063374    0.185385    0.185385 ^ clkbuf_0_clk/X (sky130_fd_sc_hd__clkbuf_16)
                                                         clknet_0_clk (net)
                      0.063374    0.000000    0.185385 ^ clkbuf_1_0__f_clk/A (sky130_fd_sc_hd__clkbuf_16)
     2    0.003436    0.045673    0.192179    0.377564 ^ clkbuf_1_0__f_clk/X (sky130_fd_sc_hd__clkbuf_16)
                                                         clknet_1_0__leaf_clk (net)
                      0.045673    0.000000    0.377564 ^ _49_/CLK (sky130_fd_sc_hd__dfxtp_1)
     3    0.006536    0.079927    0.591114    0.968678 v _49_/Q (sky130_fd_sc_hd__dfxtp_1)
                                                         net7 (net)
                      0.079927    0.000000    0.968678 v output7/A (sky130_fd_sc_hd__buf_1)
     1    0.000000    0.022426    0.134489    1.103166 v output7/X (sky130_fd_sc_hd__buf_1)
                                                         counter[3] (net)
                      0.022426    0.000000    1.103166 v counter[3] (out)
                                              1.103166   data arrival time

                                  0.000000    0.000000   clock clk (rise edge)
                                  0.000000    0.000000   clock network delay (propagated)
                                  0.000000    0.000000   clock reconvergence pessimism
                                 -1.000000   -1.000000   output external delay
                                             -1.000000   data required time
---------------------------------------------------------------------------------------------
                                             -1.000000   data required time
                                             -1.103166   data arrival time
---------------------------------------------------------------------------------------------
                                              2.103166   slack (MET)


Startpoint: _48_ (rising edge-triggered flip-flop clocked by clk)
Endpoint: counter[2] (output port clocked by clk)
Path Group: clk
Path Type: min

Fanout         Cap        Slew       Delay        Time   Description
---------------------------------------------------------------------------------------------
                                  0.000000    0.000000   clock clk (rise edge)
                                  0.000000    0.000000   clock source latency
     1    0.007894    0.000000    0.000000    0.000000 ^ clk (in)
                                                         clk (net)
                      0.000000    0.000000    0.000000 ^ clkbuf_0_clk/A (sky130_fd_sc_hd__clkbuf_16)
     2    0.015788    0.063374    0.185385    0.185385 ^ clkbuf_0_clk/X (sky130_fd_sc_hd__clkbuf_16)
                                                         clknet_0_clk (net)
                      0.063374    0.000000    0.185385 ^ clkbuf_1_1__f_clk/A (sky130_fd_sc_hd__clkbuf_16)
     2    0.003436    0.045673    0.192179    0.377564 ^ clkbuf_1_1__f_clk/X (sky130_fd_sc_hd__clkbuf_16)
                                                         clknet_1_1__leaf_clk (net)
                      0.045673    0.000000    0.377564 ^ _48_/CLK (sky130_fd_sc_hd__dfxtp_1)
     5    0.011179    0.116441    0.623415    1.000978 v _48_/Q (sky130_fd_sc_hd__dfxtp_1)
                                                         net6 (net)
                      0.116441    0.000000    1.000978 v output6/A (sky130_fd_sc_hd__buf_1)
     1    0.000000    0.022727    0.151821    1.152799 v output6/X (sky130_fd_sc_hd__buf_1)
                                                         counter[2] (net)
                      0.022727    0.000000    1.152799 v counter[2] (out)
                                              1.152799   data arrival time

                                  0.000000    0.000000   clock clk (rise edge)
                                  0.000000    0.000000   clock network delay (propagated)
                                  0.000000    0.000000   clock reconvergence pessimism
                                 -1.000000   -1.000000   output external delay
                                             -1.000000   data required time
---------------------------------------------------------------------------------------------
                                             -1.000000   data required time
                                             -1.152799   data arrival time
---------------------------------------------------------------------------------------------
                                              2.152799   slack (MET)


Startpoint: _47_ (rising edge-triggered flip-flop clocked by clk)
Endpoint: counter[1] (output port clocked by clk)
Path Group: clk
Path Type: min

Fanout         Cap        Slew       Delay        Time   Description
---------------------------------------------------------------------------------------------
                                  0.000000    0.000000   clock clk (rise edge)
                                  0.000000    0.000000   clock source latency
     1    0.007894    0.000000    0.000000    0.000000 ^ clk (in)
                                                         clk (net)
                      0.000000    0.000000    0.000000 ^ clkbuf_0_clk/A (sky130_fd_sc_hd__clkbuf_16)
     2    0.015788    0.063374    0.185385    0.185385 ^ clkbuf_0_clk/X (sky130_fd_sc_hd__clkbuf_16)
                                                         clknet_0_clk (net)
                      0.063374    0.000000    0.185385 ^ clkbuf_1_0__f_clk/A (sky130_fd_sc_hd__clkbuf_16)
     2    0.003436    0.045673    0.192179    0.377564 ^ clkbuf_1_0__f_clk/X (sky130_fd_sc_hd__clkbuf_16)
                                                         clknet_1_0__leaf_clk (net)
                      0.045673    0.000000    0.377564 ^ _47_/CLK (sky130_fd_sc_hd__dfxtp_1)
     6    0.015494    0.151418    0.651917    1.029480 v _47_/Q (sky130_fd_sc_hd__dfxtp_1)
                                                         net5 (net)
                      0.151418    0.000000    1.029480 v output5/A (sky130_fd_sc_hd__buf_1)
     1    0.000000    0.023016    0.168424    1.197904 v output5/X (sky130_fd_sc_hd__buf_1)
                                                         counter[1] (net)
                      0.023016    0.000000    1.197904 v counter[1] (out)
                                              1.197904   data arrival time

                                  0.000000    0.000000   clock clk (rise edge)
                                  0.000000    0.000000   clock network delay (propagated)
                                  0.000000    0.000000   clock reconvergence pessimism
                                 -1.000000   -1.000000   output external delay
                                             -1.000000   data required time
---------------------------------------------------------------------------------------------
                                             -1.000000   data required time
                                             -1.197904   data arrival time
---------------------------------------------------------------------------------------------
                                              2.197904   slack (MET)


Startpoint: _46_ (rising edge-triggered flip-flop clocked by clk)
Endpoint: counter[0] (output port clocked by clk)
Path Group: clk
Path Type: min

Fanout         Cap        Slew       Delay        Time   Description
---------------------------------------------------------------------------------------------
                                  0.000000    0.000000   clock clk (rise edge)
                                  0.000000    0.000000   clock source latency
     1    0.007894    0.000000    0.000000    0.000000 ^ clk (in)
                                                         clk (net)
                      0.000000    0.000000    0.000000 ^ clkbuf_0_clk/A (sky130_fd_sc_hd__clkbuf_16)
     2    0.015788    0.063374    0.185385    0.185385 ^ clkbuf_0_clk/X (sky130_fd_sc_hd__clkbuf_16)
                                                         clknet_0_clk (net)
                      0.063374    0.000000    0.185385 ^ clkbuf_1_1__f_clk/A (sky130_fd_sc_hd__clkbuf_16)
     2    0.003436    0.045673    0.192179    0.377564 ^ clkbuf_1_1__f_clk/X (sky130_fd_sc_hd__clkbuf_16)
                                                         clknet_1_1__leaf_clk (net)
                      0.045673    0.000000    0.377564 ^ _46_/CLK (sky130_fd_sc_hd__dfxtp_1)
     7    0.017847    0.170974    0.666757    1.044321 v _46_/Q (sky130_fd_sc_hd__dfxtp_1)
                                                         net4 (net)
                      0.170974    0.000000    1.044321 v output4/A (sky130_fd_sc_hd__buf_1)
     1    0.000000    0.023178    0.177706    1.222027 v output4/X (sky130_fd_sc_hd__buf_1)
                                                         counter[0] (net)
                      0.023178    0.000000    1.222027 v counter[0] (out)
                                              1.222027   data arrival time

                                  0.000000    0.000000   clock clk (rise edge)
                                  0.000000    0.000000   clock network delay (propagated)
                                  0.000000    0.000000   clock reconvergence pessimism
                                 -1.000000   -1.000000   output external delay
                                             -1.000000   data required time
---------------------------------------------------------------------------------------------
                                             -1.000000   data required time
                                             -1.222027   data arrival time
---------------------------------------------------------------------------------------------
                                              2.222027   slack (MET)



%OL_END_REPORT
%OL_CREATE_REPORT max.rpt

===========================================================================
report_checks -path_delay max (Setup)
============================================================================
======================= nom_ss_100C_1v60 Corner ===================================

Startpoint: _46_ (rising edge-triggered flip-flop clocked by clk)
Endpoint: counter[0] (output port clocked by clk)
Path Group: clk
Path Type: max

Fanout         Cap        Slew       Delay        Time   Description
---------------------------------------------------------------------------------------------
                                  0.000000    0.000000   clock clk (rise edge)
                                  0.000000    0.000000   clock source latency
     1    0.007894    0.000000    0.000000    0.000000 ^ clk (in)
                                                         clk (net)
                      0.000000    0.000000    0.000000 ^ clkbuf_0_clk/A (sky130_fd_sc_hd__clkbuf_16)
     2    0.015788    0.063374    0.185385    0.185385 ^ clkbuf_0_clk/X (sky130_fd_sc_hd__clkbuf_16)
                                                         clknet_0_clk (net)
                      0.063374    0.000000    0.185385 ^ clkbuf_1_1__f_clk/A (sky130_fd_sc_hd__clkbuf_16)
     2    0.003436    0.045673    0.192179    0.377564 ^ clkbuf_1_1__f_clk/X (sky130_fd_sc_hd__clkbuf_16)
                                                         clknet_1_1__leaf_clk (net)
                      0.045673    0.000000    0.377564 ^ _46_/CLK (sky130_fd_sc_hd__dfxtp_1)
     7    0.019019    0.297442    0.783699    1.161263 ^ _46_/Q (sky130_fd_sc_hd__dfxtp_1)
                                                         net4 (net)
                      0.297442    0.000000    1.161263 ^ output4/A (sky130_fd_sc_hd__buf_1)
     1    0.000000    0.030360    0.193581    1.354844 ^ output4/X (sky130_fd_sc_hd__buf_1)
                                                         counter[0] (net)
                      0.030360    0.000000    1.354844 ^ counter[0] (out)
                                              1.354844   data arrival time

                                 10.000000   10.000000   clock clk (rise edge)
                                  0.000000   10.000000   clock network delay (propagated)
                                  0.000000   10.000000   clock reconvergence pessimism
                                 -1.000000    9.000000   output external delay
                                              9.000000   data required time
---------------------------------------------------------------------------------------------
                                              9.000000   data required time
                                             -1.354844   data arrival time
---------------------------------------------------------------------------------------------
                                              7.645156   slack (MET)


Startpoint: _47_ (rising edge-triggered flip-flop clocked by clk)
Endpoint: counter[1] (output port clocked by clk)
Path Group: clk
Path Type: max

Fanout         Cap        Slew       Delay        Time   Description
---------------------------------------------------------------------------------------------
                                  0.000000    0.000000   clock clk (rise edge)
                                  0.000000    0.000000   clock source latency
     1    0.007894    0.000000    0.000000    0.000000 ^ clk (in)
                                                         clk (net)
                      0.000000    0.000000    0.000000 ^ clkbuf_0_clk/A (sky130_fd_sc_hd__clkbuf_16)
     2    0.015788    0.063374    0.185385    0.185385 ^ clkbuf_0_clk/X (sky130_fd_sc_hd__clkbuf_16)
                                                         clknet_0_clk (net)
                      0.063374    0.000000    0.185385 ^ clkbuf_1_0__f_clk/A (sky130_fd_sc_hd__clkbuf_16)
     2    0.003436    0.045673    0.192179    0.377564 ^ clkbuf_1_0__f_clk/X (sky130_fd_sc_hd__clkbuf_16)
                                                         clknet_1_0__leaf_clk (net)
                      0.045673    0.000000    0.377564 ^ _47_/CLK (sky130_fd_sc_hd__dfxtp_1)
     6    0.016651    0.263730    0.759444    1.137008 ^ _47_/Q (sky130_fd_sc_hd__dfxtp_1)
                                                         net5 (net)
                      0.263730    0.000000    1.137008 ^ output5/A (sky130_fd_sc_hd__buf_1)
     1    0.000000    0.029645    0.184571    1.321579 ^ output5/X (sky130_fd_sc_hd__buf_1)
                                                         counter[1] (net)
                      0.029645    0.000000    1.321579 ^ counter[1] (out)
                                              1.321579   data arrival time

                                 10.000000   10.000000   clock clk (rise edge)
                                  0.000000   10.000000   clock network delay (propagated)
                                  0.000000   10.000000   clock reconvergence pessimism
                                 -1.000000    9.000000   output external delay
                                              9.000000   data required time
---------------------------------------------------------------------------------------------
                                              9.000000   data required time
                                             -1.321579   data arrival time
---------------------------------------------------------------------------------------------
                                              7.678421   slack (MET)


Startpoint: up_down (input port clocked by clk)
Endpoint: _49_ (rising edge-triggered flip-flop clocked by clk)
Path Group: clk
Path Type: max

Fanout         Cap        Slew       Delay        Time   Description
---------------------------------------------------------------------------------------------
                                  0.000000    0.000000   clock clk (rise edge)
                                  0.000000    0.000000   clock network delay (propagated)
                                  1.000000    1.000000 v input external delay
     1    0.001996    0.000000    0.000000    1.000000 v up_down (in)
                                                         up_down (net)
                      0.000000    0.000000    1.000000 v input3/A (sky130_fd_sc_hd__buf_1)
     5    0.009361    0.120438    0.185427    1.185427 v input3/X (sky130_fd_sc_hd__buf_1)
                                                         net3 (net)
                      0.120438    0.000000    1.185427 v _41_/A1 (sky130_fd_sc_hd__o31ai_1)
     2    0.004901    0.430848    0.505213    1.690640 ^ _41_/Y (sky130_fd_sc_hd__o31ai_1)
                                                         _19_ (net)
                      0.430848    0.000000    1.690640 ^ _44_/C (sky130_fd_sc_hd__nand4_1)
     1    0.002292    0.171054    0.305914    1.996554 v _44_/Y (sky130_fd_sc_hd__nand4_1)
                                                         _22_ (net)
                      0.171054    0.000000    1.996554 v _45_/A3 (sky130_fd_sc_hd__a31o_1)
     1    0.001620    0.057017    0.413738    2.410292 v _45_/X (sky130_fd_sc_hd__a31o_1)
                                                         _03_ (net)
                      0.057017    0.000000    2.410292 v _49_/D (sky130_fd_sc_hd__dfxtp_1)
                                              2.410292   data arrival time

                                 10.000000   10.000000   clock clk (rise edge)
                                  0.000000   10.000000   clock source latency
     1    0.007894    0.000000    0.000000   10.000000 ^ clk (in)
                                                         clk (net)
                      0.000000    0.000000   10.000000 ^ clkbuf_0_clk/A (sky130_fd_sc_hd__clkbuf_16)
     2    0.015788    0.063374    0.185385   10.185386 ^ clkbuf_0_clk/X (sky130_fd_sc_hd__clkbuf_16)
                                                         clknet_0_clk (net)
                      0.063374    0.000000   10.185386 ^ clkbuf_1_0__f_clk/A (sky130_fd_sc_hd__clkbuf_16)
     2    0.003436    0.045673    0.192179   10.377564 ^ clkbuf_1_0__f_clk/X (sky130_fd_sc_hd__clkbuf_16)
                                                         clknet_1_0__leaf_clk (net)
                      0.045673    0.000000   10.377564 ^ _49_/CLK (sky130_fd_sc_hd__dfxtp_1)
                                  0.000000   10.377564   clock reconvergence pessimism
                                 -0.270134   10.107430   library setup time
                                             10.107430   data required time
---------------------------------------------------------------------------------------------
                                             10.107430   data required time
                                             -2.410292   data arrival time
---------------------------------------------------------------------------------------------
                                              7.697137   slack (MET)


Startpoint: _48_ (rising edge-triggered flip-flop clocked by clk)
Endpoint: counter[2] (output port clocked by clk)
Path Group: clk
Path Type: max

Fanout         Cap        Slew       Delay        Time   Description
---------------------------------------------------------------------------------------------
                                  0.000000    0.000000   clock clk (rise edge)
                                  0.000000    0.000000   clock source latency
     1    0.007894    0.000000    0.000000    0.000000 ^ clk (in)
                                                         clk (net)
                      0.000000    0.000000    0.000000 ^ clkbuf_0_clk/A (sky130_fd_sc_hd__clkbuf_16)
     2    0.015788    0.063374    0.185385    0.185385 ^ clkbuf_0_clk/X (sky130_fd_sc_hd__clkbuf_16)
                                                         clknet_0_clk (net)
                      0.063374    0.000000    0.185385 ^ clkbuf_1_1__f_clk/A (sky130_fd_sc_hd__clkbuf_16)
     2    0.003436    0.045673    0.192179    0.377564 ^ clkbuf_1_1__f_clk/X (sky130_fd_sc_hd__clkbuf_16)
                                                         clknet_1_1__leaf_clk (net)
                      0.045673    0.000000    0.377564 ^ _48_/CLK (sky130_fd_sc_hd__dfxtp_1)
     5    0.012071    0.198930    0.712203    1.089766 ^ _48_/Q (sky130_fd_sc_hd__dfxtp_1)
                                                         net6 (net)
                      0.198930    0.000000    1.089766 ^ output6/A (sky130_fd_sc_hd__buf_1)
     1    0.000000    0.028318    0.163785    1.253551 ^ output6/X (sky130_fd_sc_hd__buf_1)
                                                         counter[2] (net)
                      0.028318    0.000000    1.253551 ^ counter[2] (out)
                                              1.253551   data arrival time

                                 10.000000   10.000000   clock clk (rise edge)
                                  0.000000   10.000000   clock network delay (propagated)
                                  0.000000   10.000000   clock reconvergence pessimism
                                 -1.000000    9.000000   output external delay
                                              9.000000   data required time
---------------------------------------------------------------------------------------------
                                              9.000000   data required time
                                             -1.253551   data arrival time
---------------------------------------------------------------------------------------------
                                              7.746449   slack (MET)


Startpoint: _46_ (rising edge-triggered flip-flop clocked by clk)
Endpoint: _48_ (rising edge-triggered flip-flop clocked by clk)
Path Group: clk
Path Type: max

Fanout         Cap        Slew       Delay        Time   Description
---------------------------------------------------------------------------------------------
                                  0.000000    0.000000   clock clk (rise edge)
                                  0.000000    0.000000   clock source latency
     1    0.007894    0.000000    0.000000    0.000000 ^ clk (in)
                                                         clk (net)
                      0.000000    0.000000    0.000000 ^ clkbuf_0_clk/A (sky130_fd_sc_hd__clkbuf_16)
     2    0.015788    0.063374    0.185385    0.185385 ^ clkbuf_0_clk/X (sky130_fd_sc_hd__clkbuf_16)
                                                         clknet_0_clk (net)
                      0.063374    0.000000    0.185385 ^ clkbuf_1_1__f_clk/A (sky130_fd_sc_hd__clkbuf_16)
     2    0.003436    0.045673    0.192179    0.377564 ^ clkbuf_1_1__f_clk/X (sky130_fd_sc_hd__clkbuf_16)
                                                         clknet_1_1__leaf_clk (net)
                      0.045673    0.000000    0.377564 ^ _46_/CLK (sky130_fd_sc_hd__dfxtp_1)
     7    0.017847    0.170974    0.666757    1.044321 v _46_/Q (sky130_fd_sc_hd__dfxtp_1)
                                                         net4 (net)
                      0.170974    0.000000    1.044321 v _29_/A (sky130_fd_sc_hd__xor2_1)
     2    0.003565    0.119515    0.341383    1.385704 v _29_/X (sky130_fd_sc_hd__xor2_1)
                                                         _09_ (net)
                      0.119515    0.000000    1.385704 v _30_/B (sky130_fd_sc_hd__or2_1)
     2    0.006566    0.134147    0.520652    1.906356 v _30_/X (sky130_fd_sc_hd__or2_1)
                                                         _10_ (net)
                      0.134147    0.000000    1.906356 v _38_/A (sky130_fd_sc_hd__xnor2_1)
     1    0.002598    0.186092    0.262660    2.169015 ^ _38_/Y (sky130_fd_sc_hd__xnor2_1)
                                                         _17_ (net)
                      0.186092    0.000000    2.169015 ^ _40_/A2 (sky130_fd_sc_hd__o21ai_1)
     1    0.001620    0.077545    0.139109    2.308125 v _40_/Y (sky130_fd_sc_hd__o21ai_1)
                                                         _02_ (net)
                      0.077545    0.000000    2.308125 v _48_/D (sky130_fd_sc_hd__dfxtp_1)
                                              2.308125   data arrival time

                                 10.000000   10.000000   clock clk (rise edge)
                                  0.000000   10.000000   clock source latency
     1    0.007894    0.000000    0.000000   10.000000 ^ clk (in)
                                                         clk (net)
                      0.000000    0.000000   10.000000 ^ clkbuf_0_clk/A (sky130_fd_sc_hd__clkbuf_16)
     2    0.015788    0.063374    0.185385   10.185386 ^ clkbuf_0_clk/X (sky130_fd_sc_hd__clkbuf_16)
                                                         clknet_0_clk (net)
                      0.063374    0.000000   10.185386 ^ clkbuf_1_1__f_clk/A (sky130_fd_sc_hd__clkbuf_16)
     2    0.003436    0.045673    0.192179   10.377564 ^ clkbuf_1_1__f_clk/X (sky130_fd_sc_hd__clkbuf_16)
                                                         clknet_1_1__leaf_clk (net)
                      0.045673    0.000000   10.377564 ^ _48_/CLK (sky130_fd_sc_hd__dfxtp_1)
                                  0.000000   10.377564   clock reconvergence pessimism
                                 -0.278670   10.098893   library setup time
                                             10.098893   data required time
---------------------------------------------------------------------------------------------
                                             10.098893   data required time
                                             -2.308125   data arrival time
---------------------------------------------------------------------------------------------
                                              7.790769   slack (MET)


Startpoint: _49_ (rising edge-triggered flip-flop clocked by clk)
Endpoint: counter[3] (output port clocked by clk)
Path Group: clk
Path Type: max

Fanout         Cap        Slew       Delay        Time   Description
---------------------------------------------------------------------------------------------
                                  0.000000    0.000000   clock clk (rise edge)
                                  0.000000    0.000000   clock source latency
     1    0.007894    0.000000    0.000000    0.000000 ^ clk (in)
                                                         clk (net)
                      0.000000    0.000000    0.000000 ^ clkbuf_0_clk/A (sky130_fd_sc_hd__clkbuf_16)
     2    0.015788    0.063374    0.185385    0.185385 ^ clkbuf_0_clk/X (sky130_fd_sc_hd__clkbuf_16)
                                                         clknet_0_clk (net)
                      0.063374    0.000000    0.185385 ^ clkbuf_1_0__f_clk/A (sky130_fd_sc_hd__clkbuf_16)
     2    0.003436    0.045673    0.192179    0.377564 ^ clkbuf_1_0__f_clk/X (sky130_fd_sc_hd__clkbuf_16)
                                                         clknet_1_0__leaf_clk (net)
                      0.045673    0.000000    0.377564 ^ _49_/CLK (sky130_fd_sc_hd__dfxtp_1)
     3    0.007050    0.129307    0.659254    1.036817 ^ _49_/Q (sky130_fd_sc_hd__dfxtp_1)
                                                         net7 (net)
                      0.129307    0.000000    1.036817 ^ output7/A (sky130_fd_sc_hd__buf_1)
     1    0.000000    0.026971    0.135396    1.172213 ^ output7/X (sky130_fd_sc_hd__buf_1)
                                                         counter[3] (net)
                      0.026971    0.000000    1.172213 ^ counter[3] (out)
                                              1.172213   data arrival time

                                 10.000000   10.000000   clock clk (rise edge)
                                  0.000000   10.000000   clock network delay (propagated)
                                  0.000000   10.000000   clock reconvergence pessimism
                                 -1.000000    9.000000   output external delay
                                              9.000000   data required time
---------------------------------------------------------------------------------------------
                                              9.000000   data required time
                                             -1.172213   data arrival time
---------------------------------------------------------------------------------------------
                                              7.827786   slack (MET)


Startpoint: _46_ (rising edge-triggered flip-flop clocked by clk)
Endpoint: _47_ (rising edge-triggered flip-flop clocked by clk)
Path Group: clk
Path Type: max

Fanout         Cap        Slew       Delay        Time   Description
---------------------------------------------------------------------------------------------
                                  0.000000    0.000000   clock clk (rise edge)
                                  0.000000    0.000000   clock source latency
     1    0.007894    0.000000    0.000000    0.000000 ^ clk (in)
                                                         clk (net)
                      0.000000    0.000000    0.000000 ^ clkbuf_0_clk/A (sky130_fd_sc_hd__clkbuf_16)
     2    0.015788    0.063374    0.185385    0.185385 ^ clkbuf_0_clk/X (sky130_fd_sc_hd__clkbuf_16)
                                                         clknet_0_clk (net)
                      0.063374    0.000000    0.185385 ^ clkbuf_1_1__f_clk/A (sky130_fd_sc_hd__clkbuf_16)
     2    0.003436    0.045673    0.192179    0.377564 ^ clkbuf_1_1__f_clk/X (sky130_fd_sc_hd__clkbuf_16)
                                                         clknet_1_1__leaf_clk (net)
                      0.045673    0.000000    0.377564 ^ _46_/CLK (sky130_fd_sc_hd__dfxtp_1)
     7    0.019019    0.297442    0.783699    1.161263 ^ _46_/Q (sky130_fd_sc_hd__dfxtp_1)
                                                         net4 (net)
                      0.297442    0.000000    1.161263 ^ _29_/A (sky130_fd_sc_hd__xor2_1)
     2    0.003882    0.219386    0.335879    1.497142 ^ _29_/X (sky130_fd_sc_hd__xor2_1)
                                                         _09_ (net)
                      0.219386    0.000000    1.497142 ^ _30_/B (sky130_fd_sc_hd__or2_1)
     2    0.006937    0.125315    0.269465    1.766608 ^ _30_/X (sky130_fd_sc_hd__or2_1)
                                                         _10_ (net)
                      0.125315    0.000000    1.766608 ^ _32_/A (sky130_fd_sc_hd__nand2_1)
     1    0.002292    0.069372    0.110517    1.877125 v _32_/Y (sky130_fd_sc_hd__nand2_1)
                                                         _12_ (net)
                      0.069372    0.000000    1.877125 v _34_/A3 (sky130_fd_sc_hd__a31o_1)
     1    0.001620    0.056973    0.367522    2.244646 v _34_/X (sky130_fd_sc_hd__a31o_1)
                                                         _01_ (net)
                      0.056973    0.000000    2.244646 v _47_/D (sky130_fd_sc_hd__dfxtp_1)
                                              2.244646   data arrival time

                                 10.000000   10.000000   clock clk (rise edge)
                                  0.000000   10.000000   clock source latency
     1    0.007894    0.000000    0.000000   10.000000 ^ clk (in)
                                                         clk (net)
                      0.000000    0.000000   10.000000 ^ clkbuf_0_clk/A (sky130_fd_sc_hd__clkbuf_16)
     2    0.015788    0.063374    0.185385   10.185386 ^ clkbuf_0_clk/X (sky130_fd_sc_hd__clkbuf_16)
                                                         clknet_0_clk (net)
                      0.063374    0.000000   10.185386 ^ clkbuf_1_0__f_clk/A (sky130_fd_sc_hd__clkbuf_16)
     2    0.003436    0.045673    0.192179   10.377564 ^ clkbuf_1_0__f_clk/X (sky130_fd_sc_hd__clkbuf_16)
                                                         clknet_1_0__leaf_clk (net)
                      0.045673    0.000000   10.377564 ^ _47_/CLK (sky130_fd_sc_hd__dfxtp_1)
                                  0.000000   10.377564   clock reconvergence pessimism
                                 -0.270116   10.107449   library setup time
                                             10.107449   data required time
---------------------------------------------------------------------------------------------
                                             10.107449   data required time
                                             -2.244646   data arrival time
---------------------------------------------------------------------------------------------
                                              7.862802   slack (MET)


Startpoint: enable (input port clocked by clk)
Endpoint: _46_ (rising edge-triggered flip-flop clocked by clk)
Path Group: clk
Path Type: max

Fanout         Cap        Slew       Delay        Time   Description
---------------------------------------------------------------------------------------------
                                  0.000000    0.000000   clock clk (rise edge)
                                  0.000000    0.000000   clock network delay (propagated)
                                  1.000000    1.000000 ^ input external delay
     1    0.002125    0.000000    0.000000    1.000000 ^ enable (in)
                                                         enable (net)
                      0.000000    0.000000    1.000000 ^ input1/A (sky130_fd_sc_hd__buf_1)
     5    0.012043    0.241959    0.240538    1.240538 ^ input1/X (sky130_fd_sc_hd__buf_1)
                                                         net1 (net)
                      0.241959    0.000000    1.240538 ^ _26_/A (sky130_fd_sc_hd__nor2_1)
     3    0.006748    0.096228    0.180787    1.421324 v _26_/Y (sky130_fd_sc_hd__nor2_1)
                                                         _07_ (net)
                      0.096228    0.000000    1.421324 v _27_/A2 (sky130_fd_sc_hd__a21oi_1)
     1    0.001987    0.146093    0.217343    1.638668 ^ _27_/Y (sky130_fd_sc_hd__a21oi_1)
                                                         _08_ (net)
                      0.146093    0.000000    1.638668 ^ _28_/B1 (sky130_fd_sc_hd__o21ai_1)
     1    0.001620    0.084035    0.134623    1.773291 v _28_/Y (sky130_fd_sc_hd__o21ai_1)
                                                         _00_ (net)
                      0.084035    0.000000    1.773291 v _46_/D (sky130_fd_sc_hd__dfxtp_1)
                                              1.773291   data arrival time

                                 10.000000   10.000000   clock clk (rise edge)
                                  0.000000   10.000000   clock source latency
     1    0.007894    0.000000    0.000000   10.000000 ^ clk (in)
                                                         clk (net)
                      0.000000    0.000000   10.000000 ^ clkbuf_0_clk/A (sky130_fd_sc_hd__clkbuf_16)
     2    0.015788    0.063374    0.185385   10.185386 ^ clkbuf_0_clk/X (sky130_fd_sc_hd__clkbuf_16)
                                                         clknet_0_clk (net)
                      0.063374    0.000000   10.185386 ^ clkbuf_1_1__f_clk/A (sky130_fd_sc_hd__clkbuf_16)
     2    0.003436    0.045673    0.192179   10.377564 ^ clkbuf_1_1__f_clk/X (sky130_fd_sc_hd__clkbuf_16)
                                                         clknet_1_1__leaf_clk (net)
                      0.045673    0.000000   10.377564 ^ _46_/CLK (sky130_fd_sc_hd__dfxtp_1)
                                  0.000000   10.377564   clock reconvergence pessimism
                                 -0.281369   10.096195   library setup time
                                             10.096195   data required time
---------------------------------------------------------------------------------------------
                                             10.096195   data required time
                                             -1.773291   data arrival time
---------------------------------------------------------------------------------------------
                                              8.322905   slack (MET)



%OL_END_REPORT
%OL_CREATE_REPORT checks.rpt

===========================================================================
report_checks -unconstrained
===========================================================================
======================= nom_ss_100C_1v60 Corner ===================================

Startpoint: _46_ (rising edge-triggered flip-flop clocked by clk)
Endpoint: counter[0] (output port clocked by clk)
Path Group: clk
Path Type: max

Fanout         Cap        Slew       Delay        Time   Description
---------------------------------------------------------------------------------------------
                                  0.000000    0.000000   clock clk (rise edge)
                                  0.000000    0.000000   clock source latency
     1    0.007894    0.000000    0.000000    0.000000 ^ clk (in)
                                                         clk (net)
                      0.000000    0.000000    0.000000 ^ clkbuf_0_clk/A (sky130_fd_sc_hd__clkbuf_16)
     2    0.015788    0.063374    0.185385    0.185385 ^ clkbuf_0_clk/X (sky130_fd_sc_hd__clkbuf_16)
                                                         clknet_0_clk (net)
                      0.063374    0.000000    0.185385 ^ clkbuf_1_1__f_clk/A (sky130_fd_sc_hd__clkbuf_16)
     2    0.003436    0.045673    0.192179    0.377564 ^ clkbuf_1_1__f_clk/X (sky130_fd_sc_hd__clkbuf_16)
                                                         clknet_1_1__leaf_clk (net)
                      0.045673    0.000000    0.377564 ^ _46_/CLK (sky130_fd_sc_hd__dfxtp_1)
     7    0.019019    0.297442    0.783699    1.161263 ^ _46_/Q (sky130_fd_sc_hd__dfxtp_1)
                                                         net4 (net)
                      0.297442    0.000000    1.161263 ^ output4/A (sky130_fd_sc_hd__buf_1)
     1    0.000000    0.030360    0.193581    1.354844 ^ output4/X (sky130_fd_sc_hd__buf_1)
                                                         counter[0] (net)
                      0.030360    0.000000    1.354844 ^ counter[0] (out)
                                              1.354844   data arrival time

                                 10.000000   10.000000   clock clk (rise edge)
                                  0.000000   10.000000   clock network delay (propagated)
                                  0.000000   10.000000   clock reconvergence pessimism
                                 -1.000000    9.000000   output external delay
                                              9.000000   data required time
---------------------------------------------------------------------------------------------
                                              9.000000   data required time
                                             -1.354844   data arrival time
---------------------------------------------------------------------------------------------
                                              7.645156   slack (MET)




===========================================================================
report_checks --slack_max -0.01
============================================================================
======================= nom_ss_100C_1v60 Corner ===================================

No paths found.


===========================================================================
 report_check_types -max_slew -max_cap -max_fanout -violators
============================================================================
======================= nom_ss_100C_1v60 Corner ===================================



===========================================================================
report_parasitic_annotation -report_unannotated
============================================================================
Found 41 unannotated drivers.
 clk
 enable
 reset
 up_down
 _23_/Y
 _24_/Y
 _25_/Y
 _26_/Y
 _27_/Y
 _28_/Y
 _29_/X
 _30_/X
 _31_/Y
 _32_/Y
 _33_/X
 _34_/X
 _35_/X
 _36_/Y
 _37_/Y
 _38_/Y
 _39_/Y
 _40_/Y
 _41_/Y
 _42_/Y
 _43_/X
 _44_/Y
 _45_/X
 _46_/Q
 _47_/Q
 _48_/Q
 _49_/Q
 clkbuf_0_clk/X
 clkbuf_1_0__f_clk/X
 clkbuf_1_1__f_clk/X
 input1/X
 input2/X
 input3/X
 output4/X
 output5/X
 output6/X
 output7/X
Found 0 partially unannotated drivers.

===========================================================================
max slew violation count 0
%OL_METRIC_I design__max_slew_violation__count__corner:nom_ss_100C_1v60 0
max fanout violation count 0
%OL_METRIC_I design__max_fanout_violation__count__corner:nom_ss_100C_1v60 0
max cap violation count 0
%OL_METRIC_I design__max_cap_violation__count__corner:nom_ss_100C_1v60 0
============================================================================

===========================================================================
check_setup -verbose -unconstrained_endpoints -multiple_clock -no_clock -no_input_delay -loops -generated_clocks
===========================================================================
%OL_END_REPORT
%OL_CREATE_REPORT power.rpt

===========================================================================
 report_power
============================================================================
======================= nom_ss_100C_1v60 Corner ===================================

Group                    Internal    Switching      Leakage        Total
                            Power        Power        Power        Power (Watts)
------------------------------------------------------------------------
Sequential           1.441623e-05 1.713070e-06 5.849735e-08 1.618779e-05  22.8%
Combinational        4.707872e-06 2.873573e-06 1.053461e-07 7.686791e-06  10.8%
Clock                4.117714e-05 5.800960e-06 5.704470e-08 4.703514e-05  66.3%
Macro                0.000000e+00 0.000000e+00 0.000000e+00 0.000000e+00   0.0%
Pad                  0.000000e+00 0.000000e+00 0.000000e+00 0.000000e+00   0.0%
------------------------------------------------------------------------
Total                6.030123e-05 1.038760e-05 2.208882e-07 7.090972e-05 100.0%
                            85.0%        14.6%         0.3%
%OL_METRIC_F power__internal__total 6.030123040545732e-5
%OL_METRIC_F power__switching__total 1.038760365190683e-5
%OL_METRIC_F power__leakage__total 2.2088818241172703e-7
%OL_METRIC_F power__total 7.090972212608904e-5

%OL_END_REPORT
%OL_CREATE_REPORT skew.min.rpt

===========================================================================
Clock Skew (Hold)
============================================================================
%OL_METRIC_F clock__skew__worst_hold__corner:nom_ss_100C_1v60 0.0
======================= nom_ss_100C_1v60 Corner ===================================

Clock clk
0.377564 source latency _46_/CLK ^
-0.377564 target latency _46_/CLK ^
0.000000 CRPR
--------------
0.000000 hold skew

%OL_END_REPORT
%OL_CREATE_REPORT skew.max.rpt

===========================================================================
Clock Skew (Setup)
============================================================================
%OL_METRIC_F clock__skew__worst_setup__corner:nom_ss_100C_1v60 0.0
======================= nom_ss_100C_1v60 Corner ===================================

Clock clk
0.377564 source latency _46_/CLK ^
-0.377564 target latency _46_/CLK ^
0.000000 CRPR
--------------
0.000000 setup skew

%OL_END_REPORT
%OL_CREATE_REPORT ws.min.rpt

===========================================================================
Worst Slack (Hold)
============================================================================
%OL_METRIC_F timing__hold__ws__corner:nom_ss_100C_1v60 0.9725693858878881
nom_ss_100C_1v60: 0.9725693858878881
%OL_END_REPORT
%OL_CREATE_REPORT ws.max.rpt

===========================================================================
Worst Slack (Setup)
============================================================================
%OL_METRIC_F timing__setup__ws__corner:nom_ss_100C_1v60 7.645155835904148
nom_ss_100C_1v60: 7.645155835904148
%OL_END_REPORT
%OL_CREATE_REPORT tns.min.rpt

===========================================================================
Total Negative Slack (Hold)
============================================================================
%OL_METRIC_F timing__hold__tns__corner:nom_ss_100C_1v60 0.0
nom_ss_100C_1v60: 0.0
%OL_END_REPORT
%OL_CREATE_REPORT tns.max.rpt

===========================================================================
Total Negative Slack (Setup)
============================================================================
%OL_METRIC_F timing__setup__tns__corner:nom_ss_100C_1v60 0.0
nom_ss_100C_1v60: 0.0
%OL_END_REPORT
%OL_CREATE_REPORT wns.min.rpt

===========================================================================
Worst Negative Slack (Hold)
============================================================================
%OL_METRIC_F timing__hold__wns__corner:nom_ss_100C_1v60 0
nom_ss_100C_1v60: 0
%OL_END_REPORT
%OL_CREATE_REPORT wns.max.rpt

===========================================================================
Worst Negative Slack (Setup)
============================================================================
%OL_METRIC_F timing__setup__wns__corner:nom_ss_100C_1v60 0.0
nom_ss_100C_1v60: 0.0
%OL_END_REPORT
%OL_CREATE_REPORT violator_list.rpt

===========================================================================
Violator List
============================================================================
%OL_METRIC_I timing__hold_vio__count__corner:nom_ss_100C_1v60 0
%OL_METRIC_F timing__hold_r2r__ws__corner:nom_ss_100C_1v60 0.972569
%OL_METRIC_I timing__hold_r2r_vio__count__corner:nom_ss_100C_1v60 0
%OL_METRIC_I timing__setup_vio__count__corner:nom_ss_100C_1v60 0
%OL_METRIC_F timing__setup_r2r__ws__corner:nom_ss_100C_1v60 7.790769
%OL_METRIC_I timing__setup_r2r_vio__count__corner:nom_ss_100C_1v60 0
%OL_END_REPORT
%OL_CREATE_REPORT unpropagated.rpt
%OL_END_REPORT
%OL_CREATE_REPORT clock.rpt
Clock: clk
Sources: clk 
Generated: no
Virtual: yes
Propagated: no
Period: 10.000000

===========================================================================
report_clock_properties
============================================================================
Clock                   Period          Waveform
----------------------------------------------------
clk                  10.000000    0.000000  5.000000

===========================================================================
report_clock_latency
============================================================================
Clock clk
rise -> rise
    min     max
0.000000 0.000000 source latency
0.377564         network latency _46_/CLK
        0.377564 network latency _46_/CLK
---------------
0.377564 0.377564 latency
        0.000000 skew

fall -> fall
    min     max
0.000000 0.000000 source latency
0.443961         network latency _46_/CLK
        0.443961 network latency _46_/CLK
---------------
0.443961 0.443961 latency
        0.000000 skew



===========================================================================
report_clock_min_period
============================================================================
clk period_min = 2.21 fmax = 452.65
%OL_END_REPORT
Writing SDF files for all corners…
