Reading timing models for corner nom_ff_n40C_1v95…
Reading cell library for the 'nom_ff_n40C_1v95' corner at '/home/amostafa/.volare/volare/sky130/versions/0fe599b2afb6708d281543108caf8310912f54af/sky130A/libs.ref/sky130_fd_sc_hd/lib/sky130_fd_sc_hd__ff_n40C_1v95.lib'…
Reading top-level netlist at '/home/amostafa/vlsi/runs/RUN_2024-12-04_11-18-08/10-openroad-detailedrouting/counter_dut.nl.v'…
Linking design 'counter_dut' from netlist…
Reading design constraints file at 'counter_dut.sdc'…
%OL_CREATE_REPORT min.rpt

===========================================================================
report_checks -path_delay min (Hold)
============================================================================
======================= nom_ff_n40C_1v95 Corner ===================================

Startpoint: reset (input port clocked by clk)
Endpoint: _49_ (rising edge-triggered flip-flop clocked by clk)
Path Group: clk
Path Type: min

Fanout         Cap        Slew       Delay        Time   Description
---------------------------------------------------------------------------------------------
                                  0.000000    0.000000   clock clk (rise edge)
                                  0.000000    0.000000   clock network delay (propagated)
                                  0.000000    0.000000 v input external delay
     1    0.002070    0.000000    0.000000    0.000000 v reset (in)
                                                         reset (net)
                      0.000000    0.000000    0.000000 v input2/A (sky130_fd_sc_hd__buf_1)
     2    0.006496    0.032008    0.056829    0.056829 v input2/X (sky130_fd_sc_hd__buf_1)
                                                         net2 (net)
                      0.032008    0.000000    0.056829 v _23_/A (sky130_fd_sc_hd__inv_2)
     4    0.009819    0.039561    0.045003    0.101832 ^ _23_/Y (sky130_fd_sc_hd__inv_2)
                                                         _04_ (net)
                      0.039561    0.000000    0.101832 ^ _45_/A1 (sky130_fd_sc_hd__a31o_1)
     1    0.001748    0.023177    0.067936    0.169768 ^ _45_/X (sky130_fd_sc_hd__a31o_1)
                                                         _03_ (net)
                      0.023177    0.000000    0.169768 ^ _49_/D (sky130_fd_sc_hd__dfxtp_1)
                                              0.169768   data arrival time

                                  0.000000    0.000000   clock clk (rise edge)
                                  0.000000    0.000000   clock source latency
     1    0.007963    0.000000    0.000000    0.000000 ^ clk (in)
                                                         clk (net)
                      0.000000    0.000000    0.000000 ^ clkbuf_0_clk/A (sky130_fd_sc_hd__clkbuf_16)
     2    0.015926    0.029132    0.073266    0.073266 ^ clkbuf_0_clk/X (sky130_fd_sc_hd__clkbuf_16)
                                                         clknet_0_clk (net)
                      0.029132    0.000000    0.073266 ^ clkbuf_1_0__f_clk/A (sky130_fd_sc_hd__clkbuf_16)
     2    0.003874    0.020235    0.072240    0.145506 ^ clkbuf_1_0__f_clk/X (sky130_fd_sc_hd__clkbuf_16)
                                                         clknet_1_0__leaf_clk (net)
                      0.020235    0.000000    0.145506 ^ _49_/CLK (sky130_fd_sc_hd__dfxtp_1)
                                  0.000000    0.145506   clock reconvergence pessimism
                                 -0.017002    0.128504   library hold time
                                              0.128504   data required time
---------------------------------------------------------------------------------------------
                                              0.128504   data required time
                                             -0.169768   data arrival time
---------------------------------------------------------------------------------------------
                                              0.041265   slack (MET)


Startpoint: reset (input port clocked by clk)
Endpoint: _47_ (rising edge-triggered flip-flop clocked by clk)
Path Group: clk
Path Type: min

Fanout         Cap        Slew       Delay        Time   Description
---------------------------------------------------------------------------------------------
                                  0.000000    0.000000   clock clk (rise edge)
                                  0.000000    0.000000   clock network delay (propagated)
                                  0.000000    0.000000 v input external delay
     1    0.002070    0.000000    0.000000    0.000000 v reset (in)
                                                         reset (net)
                      0.000000    0.000000    0.000000 v input2/A (sky130_fd_sc_hd__buf_1)
     2    0.006496    0.032008    0.056829    0.056829 v input2/X (sky130_fd_sc_hd__buf_1)
                                                         net2 (net)
                      0.032008    0.000000    0.056829 v _23_/A (sky130_fd_sc_hd__inv_2)
     4    0.009819    0.039561    0.045003    0.101832 ^ _23_/Y (sky130_fd_sc_hd__inv_2)
                                                         _04_ (net)
                      0.039561    0.000000    0.101832 ^ _34_/A2 (sky130_fd_sc_hd__a31o_1)
     1    0.001748    0.021103    0.072549    0.174381 ^ _34_/X (sky130_fd_sc_hd__a31o_1)
                                                         _01_ (net)
                      0.021103    0.000000    0.174381 ^ _47_/D (sky130_fd_sc_hd__dfxtp_1)
                                              0.174381   data arrival time

                                  0.000000    0.000000   clock clk (rise edge)
                                  0.000000    0.000000   clock source latency
     1    0.007963    0.000000    0.000000    0.000000 ^ clk (in)
                                                         clk (net)
                      0.000000    0.000000    0.000000 ^ clkbuf_0_clk/A (sky130_fd_sc_hd__clkbuf_16)
     2    0.015926    0.029132    0.073266    0.073266 ^ clkbuf_0_clk/X (sky130_fd_sc_hd__clkbuf_16)
                                                         clknet_0_clk (net)
                      0.029132    0.000000    0.073266 ^ clkbuf_1_0__f_clk/A (sky130_fd_sc_hd__clkbuf_16)
     2    0.003874    0.020235    0.072240    0.145506 ^ clkbuf_1_0__f_clk/X (sky130_fd_sc_hd__clkbuf_16)
                                                         clknet_1_0__leaf_clk (net)
                      0.020235    0.000000    0.145506 ^ _47_/CLK (sky130_fd_sc_hd__dfxtp_1)
                                  0.000000    0.145506   clock reconvergence pessimism
                                 -0.016855    0.128651   library hold time
                                              0.128651   data required time
---------------------------------------------------------------------------------------------
                                              0.128651   data required time
                                             -0.174381   data arrival time
---------------------------------------------------------------------------------------------
                                              0.045730   slack (MET)


Startpoint: enable (input port clocked by clk)
Endpoint: _46_ (rising edge-triggered flip-flop clocked by clk)
Path Group: clk
Path Type: min

Fanout         Cap        Slew       Delay        Time   Description
---------------------------------------------------------------------------------------------
                                  0.000000    0.000000   clock clk (rise edge)
                                  0.000000    0.000000   clock network delay (propagated)
                                  0.000000    0.000000 v input external delay
     1    0.002070    0.000000    0.000000    0.000000 v enable (in)
                                                         enable (net)
                      0.000000    0.000000    0.000000 v input1/A (sky130_fd_sc_hd__buf_1)
     5    0.011380    0.049402    0.071562    0.071562 v input1/X (sky130_fd_sc_hd__buf_1)
                                                         net1 (net)
                      0.049402    0.000000    0.071562 v _24_/A (sky130_fd_sc_hd__nand2_1)
     2    0.005058    0.044478    0.055380    0.126942 ^ _24_/Y (sky130_fd_sc_hd__nand2_1)
                                                         _05_ (net)
                      0.044478    0.000000    0.126942 ^ _28_/A2 (sky130_fd_sc_hd__o21ai_1)
     1    0.001783    0.018028    0.029441    0.156383 v _28_/Y (sky130_fd_sc_hd__o21ai_1)
                                                         _00_ (net)
                      0.018028    0.000000    0.156383 v _46_/D (sky130_fd_sc_hd__dfxtp_1)
                                              0.156383   data arrival time

                                  0.000000    0.000000   clock clk (rise edge)
                                  0.000000    0.000000   clock source latency
     1    0.007963    0.000000    0.000000    0.000000 ^ clk (in)
                                                         clk (net)
                      0.000000    0.000000    0.000000 ^ clkbuf_0_clk/A (sky130_fd_sc_hd__clkbuf_16)
     2    0.015926    0.029132    0.073266    0.073266 ^ clkbuf_0_clk/X (sky130_fd_sc_hd__clkbuf_16)
                                                         clknet_0_clk (net)
                      0.029132    0.000000    0.073266 ^ clkbuf_1_1__f_clk/A (sky130_fd_sc_hd__clkbuf_16)
     2    0.003874    0.020235    0.072240    0.145506 ^ clkbuf_1_1__f_clk/X (sky130_fd_sc_hd__clkbuf_16)
                                                         clknet_1_1__leaf_clk (net)
                      0.020235    0.000000    0.145506 ^ _46_/CLK (sky130_fd_sc_hd__dfxtp_1)
                                  0.000000    0.145506   clock reconvergence pessimism
                                 -0.036344    0.109162   library hold time
                                              0.109162   data required time
---------------------------------------------------------------------------------------------
                                              0.109162   data required time
                                             -0.156383   data arrival time
---------------------------------------------------------------------------------------------
                                              0.047221   slack (MET)


Startpoint: enable (input port clocked by clk)
Endpoint: _48_ (rising edge-triggered flip-flop clocked by clk)
Path Group: clk
Path Type: min

Fanout         Cap        Slew       Delay        Time   Description
---------------------------------------------------------------------------------------------
                                  0.000000    0.000000   clock clk (rise edge)
                                  0.000000    0.000000   clock network delay (propagated)
                                  0.000000    0.000000 v input external delay
     1    0.002070    0.000000    0.000000    0.000000 v enable (in)
                                                         enable (net)
                      0.000000    0.000000    0.000000 v input1/A (sky130_fd_sc_hd__buf_1)
     5    0.011380    0.049402    0.071562    0.071562 v input1/X (sky130_fd_sc_hd__buf_1)
                                                         net1 (net)
                      0.049402    0.000000    0.071562 v _24_/A (sky130_fd_sc_hd__nand2_1)
     2    0.005058    0.044478    0.055380    0.126942 ^ _24_/Y (sky130_fd_sc_hd__nand2_1)
                                                         _05_ (net)
                      0.044478    0.000000    0.126942 ^ _40_/A1 (sky130_fd_sc_hd__o21ai_1)
     1    0.001783    0.016608    0.035799    0.162741 v _40_/Y (sky130_fd_sc_hd__o21ai_1)
                                                         _02_ (net)
                      0.016608    0.000000    0.162741 v _48_/D (sky130_fd_sc_hd__dfxtp_1)
                                              0.162741   data arrival time

                                  0.000000    0.000000   clock clk (rise edge)
                                  0.000000    0.000000   clock source latency
     1    0.007963    0.000000    0.000000    0.000000 ^ clk (in)
                                                         clk (net)
                      0.000000    0.000000    0.000000 ^ clkbuf_0_clk/A (sky130_fd_sc_hd__clkbuf_16)
     2    0.015926    0.029132    0.073266    0.073266 ^ clkbuf_0_clk/X (sky130_fd_sc_hd__clkbuf_16)
                                                         clknet_0_clk (net)
                      0.029132    0.000000    0.073266 ^ clkbuf_1_1__f_clk/A (sky130_fd_sc_hd__clkbuf_16)
     2    0.003874    0.020235    0.072240    0.145506 ^ clkbuf_1_1__f_clk/X (sky130_fd_sc_hd__clkbuf_16)
                                                         clknet_1_1__leaf_clk (net)
                      0.020235    0.000000    0.145506 ^ _48_/CLK (sky130_fd_sc_hd__dfxtp_1)
                                  0.000000    0.145506   clock reconvergence pessimism
                                 -0.035861    0.109645   library hold time
                                              0.109645   data required time
---------------------------------------------------------------------------------------------
                                              0.109645   data required time
                                             -0.162741   data arrival time
---------------------------------------------------------------------------------------------
                                              0.053096   slack (MET)


Startpoint: _49_ (rising edge-triggered flip-flop clocked by clk)
Endpoint: counter[3] (output port clocked by clk)
Path Group: clk
Path Type: min

Fanout         Cap        Slew       Delay        Time   Description
---------------------------------------------------------------------------------------------
                                  0.000000    0.000000   clock clk (rise edge)
                                  0.000000    0.000000   clock source latency
     1    0.007963    0.000000    0.000000    0.000000 ^ clk (in)
                                                         clk (net)
                      0.000000    0.000000    0.000000 ^ clkbuf_0_clk/A (sky130_fd_sc_hd__clkbuf_16)
     2    0.015926    0.029132    0.073266    0.073266 ^ clkbuf_0_clk/X (sky130_fd_sc_hd__clkbuf_16)
                                                         clknet_0_clk (net)
                      0.029132    0.000000    0.073266 ^ clkbuf_1_0__f_clk/A (sky130_fd_sc_hd__clkbuf_16)
     2    0.003874    0.020235    0.072240    0.145506 ^ clkbuf_1_0__f_clk/X (sky130_fd_sc_hd__clkbuf_16)
                                                         clknet_1_0__leaf_clk (net)
                      0.020235    0.000000    0.145506 ^ _49_/CLK (sky130_fd_sc_hd__dfxtp_1)
     3    0.006671    0.031004    0.192504    0.338010 v _49_/Q (sky130_fd_sc_hd__dfxtp_1)
                                                         net7 (net)
                      0.031004    0.000000    0.338010 v output7/A (sky130_fd_sc_hd__buf_1)
     1    0.000000    0.008578    0.044943    0.382953 v output7/X (sky130_fd_sc_hd__buf_1)
                                                         counter[3] (net)
                      0.008578    0.000000    0.382953 v counter[3] (out)
                                              0.382953   data arrival time

                                  0.000000    0.000000   clock clk (rise edge)
                                  0.000000    0.000000   clock network delay (propagated)
                                  0.000000    0.000000   clock reconvergence pessimism
                                  0.000000    0.000000   output external delay
                                              0.000000   data required time
---------------------------------------------------------------------------------------------
                                              0.000000   data required time
                                             -0.382953   data arrival time
---------------------------------------------------------------------------------------------
                                              0.382953   slack (MET)


Startpoint: _48_ (rising edge-triggered flip-flop clocked by clk)
Endpoint: counter[2] (output port clocked by clk)
Path Group: clk
Path Type: min

Fanout         Cap        Slew       Delay        Time   Description
---------------------------------------------------------------------------------------------
                                  0.000000    0.000000   clock clk (rise edge)
                                  0.000000    0.000000   clock source latency
     1    0.007963    0.000000    0.000000    0.000000 ^ clk (in)
                                                         clk (net)
                      0.000000    0.000000    0.000000 ^ clkbuf_0_clk/A (sky130_fd_sc_hd__clkbuf_16)
     2    0.015926    0.029132    0.073266    0.073266 ^ clkbuf_0_clk/X (sky130_fd_sc_hd__clkbuf_16)
                                                         clknet_0_clk (net)
                      0.029132    0.000000    0.073266 ^ clkbuf_1_1__f_clk/A (sky130_fd_sc_hd__clkbuf_16)
     2    0.003874    0.020235    0.072240    0.145506 ^ clkbuf_1_1__f_clk/X (sky130_fd_sc_hd__clkbuf_16)
                                                         clknet_1_1__leaf_clk (net)
                      0.020235    0.000000    0.145506 ^ _48_/CLK (sky130_fd_sc_hd__dfxtp_1)
     5    0.011243    0.043952    0.204953    0.350459 v _48_/Q (sky130_fd_sc_hd__dfxtp_1)
                                                         net6 (net)
                      0.043952    0.000000    0.350459 v output6/A (sky130_fd_sc_hd__buf_1)
     1    0.000000    0.008732    0.050250    0.400709 v output6/X (sky130_fd_sc_hd__buf_1)
                                                         counter[2] (net)
                      0.008732    0.000000    0.400709 v counter[2] (out)
                                              0.400709   data arrival time

                                  0.000000    0.000000   clock clk (rise edge)
                                  0.000000    0.000000   clock network delay (propagated)
                                  0.000000    0.000000   clock reconvergence pessimism
                                  0.000000    0.000000   output external delay
                                              0.000000   data required time
---------------------------------------------------------------------------------------------
                                              0.000000   data required time
                                             -0.400709   data arrival time
---------------------------------------------------------------------------------------------
                                              0.400709   slack (MET)


Startpoint: _47_ (rising edge-triggered flip-flop clocked by clk)
Endpoint: counter[1] (output port clocked by clk)
Path Group: clk
Path Type: min

Fanout         Cap        Slew       Delay        Time   Description
---------------------------------------------------------------------------------------------
                                  0.000000    0.000000   clock clk (rise edge)
                                  0.000000    0.000000   clock source latency
     1    0.007963    0.000000    0.000000    0.000000 ^ clk (in)
                                                         clk (net)
                      0.000000    0.000000    0.000000 ^ clkbuf_0_clk/A (sky130_fd_sc_hd__clkbuf_16)
     2    0.015926    0.029132    0.073266    0.073266 ^ clkbuf_0_clk/X (sky130_fd_sc_hd__clkbuf_16)
                                                         clknet_0_clk (net)
                      0.029132    0.000000    0.073266 ^ clkbuf_1_0__f_clk/A (sky130_fd_sc_hd__clkbuf_16)
     2    0.003874    0.020235    0.072240    0.145506 ^ clkbuf_1_0__f_clk/X (sky130_fd_sc_hd__clkbuf_16)
                                                         clknet_1_0__leaf_clk (net)
                      0.020235    0.000000    0.145506 ^ _47_/CLK (sky130_fd_sc_hd__dfxtp_1)
     6    0.015394    0.056093    0.214928    0.360434 v _47_/Q (sky130_fd_sc_hd__dfxtp_1)
                                                         net5 (net)
                      0.056093    0.000000    0.360434 v output5/A (sky130_fd_sc_hd__buf_1)
     1    0.000000    0.008976    0.054957    0.415392 v output5/X (sky130_fd_sc_hd__buf_1)
                                                         counter[1] (net)
                      0.008976    0.000000    0.415392 v counter[1] (out)
                                              0.415392   data arrival time

                                  0.000000    0.000000   clock clk (rise edge)
                                  0.000000    0.000000   clock network delay (propagated)
                                  0.000000    0.000000   clock reconvergence pessimism
                                  0.000000    0.000000   output external delay
                                              0.000000   data required time
---------------------------------------------------------------------------------------------
                                              0.000000   data required time
                                             -0.415392   data arrival time
---------------------------------------------------------------------------------------------
                                              0.415392   slack (MET)


Startpoint: _46_ (rising edge-triggered flip-flop clocked by clk)
Endpoint: counter[0] (output port clocked by clk)
Path Group: clk
Path Type: min

Fanout         Cap        Slew       Delay        Time   Description
---------------------------------------------------------------------------------------------
                                  0.000000    0.000000   clock clk (rise edge)
                                  0.000000    0.000000   clock source latency
     1    0.007963    0.000000    0.000000    0.000000 ^ clk (in)
                                                         clk (net)
                      0.000000    0.000000    0.000000 ^ clkbuf_0_clk/A (sky130_fd_sc_hd__clkbuf_16)
     2    0.015926    0.029132    0.073266    0.073266 ^ clkbuf_0_clk/X (sky130_fd_sc_hd__clkbuf_16)
                                                         clknet_0_clk (net)
                      0.029132    0.000000    0.073266 ^ clkbuf_1_1__f_clk/A (sky130_fd_sc_hd__clkbuf_16)
     2    0.003874    0.020235    0.072240    0.145506 ^ clkbuf_1_1__f_clk/X (sky130_fd_sc_hd__clkbuf_16)
                                                         clknet_1_1__leaf_clk (net)
                      0.020235    0.000000    0.145506 ^ _46_/CLK (sky130_fd_sc_hd__dfxtp_1)
     7    0.017738    0.062948    0.220561    0.366067 v _46_/Q (sky130_fd_sc_hd__dfxtp_1)
                                                         net4 (net)
                      0.062948    0.000000    0.366067 v output4/A (sky130_fd_sc_hd__buf_1)
     1    0.000000    0.009291    0.057146    0.423213 v output4/X (sky130_fd_sc_hd__buf_1)
                                                         counter[0] (net)
                      0.009291    0.000000    0.423213 v counter[0] (out)
                                              0.423213   data arrival time

                                  0.000000    0.000000   clock clk (rise edge)
                                  0.000000    0.000000   clock network delay (propagated)
                                  0.000000    0.000000   clock reconvergence pessimism
                                  0.000000    0.000000   output external delay
                                              0.000000   data required time
---------------------------------------------------------------------------------------------
                                              0.000000   data required time
                                             -0.423213   data arrival time
---------------------------------------------------------------------------------------------
                                              0.423213   slack (MET)



%OL_END_REPORT
%OL_CREATE_REPORT max.rpt

===========================================================================
report_checks -path_delay max (Setup)
============================================================================
======================= nom_ff_n40C_1v95 Corner ===================================

Startpoint: _46_ (rising edge-triggered flip-flop clocked by clk)
Endpoint: _47_ (rising edge-triggered flip-flop clocked by clk)
Path Group: clk
Path Type: max

Fanout         Cap        Slew       Delay        Time   Description
---------------------------------------------------------------------------------------------
                                  0.000000    0.000000   clock clk (rise edge)
                                  0.000000    0.000000   clock source latency
     1    0.007963    0.000000    0.000000    0.000000 ^ clk (in)
                                                         clk (net)
                      0.000000    0.000000    0.000000 ^ clkbuf_0_clk/A (sky130_fd_sc_hd__clkbuf_16)
     2    0.015926    0.029132    0.073266    0.073266 ^ clkbuf_0_clk/X (sky130_fd_sc_hd__clkbuf_16)
                                                         clknet_0_clk (net)
                      0.029132    0.000000    0.073266 ^ clkbuf_1_1__f_clk/A (sky130_fd_sc_hd__clkbuf_16)
     2    0.003874    0.020235    0.072240    0.145506 ^ clkbuf_1_1__f_clk/X (sky130_fd_sc_hd__clkbuf_16)
                                                         clknet_1_1__leaf_clk (net)
                      0.020235    0.000000    0.145506 ^ _46_/CLK (sky130_fd_sc_hd__dfxtp_1)
     7    0.019173    0.141735    0.259986    0.405492 ^ _46_/Q (sky130_fd_sc_hd__dfxtp_1)
                                                         net4 (net)
                      0.141735    0.000000    0.405492 ^ _29_/A (sky130_fd_sc_hd__xor2_1)
     2    0.004063    0.098945    0.105671    0.511163 ^ _29_/X (sky130_fd_sc_hd__xor2_1)
                                                         _09_ (net)
                      0.098945    0.000000    0.511163 ^ _30_/B (sky130_fd_sc_hd__or2_1)
     2    0.007034    0.058880    0.091359    0.602521 ^ _30_/X (sky130_fd_sc_hd__or2_1)
                                                         _10_ (net)
                      0.058880    0.000000    0.602521 ^ _32_/A (sky130_fd_sc_hd__nand2_1)
     1    0.002277    0.024114    0.026433    0.628955 v _32_/Y (sky130_fd_sc_hd__nand2_1)
                                                         _12_ (net)
                      0.024114    0.000000    0.628955 v _34_/A3 (sky130_fd_sc_hd__a31o_1)
     1    0.001783    0.025188    0.125771    0.754726 v _34_/X (sky130_fd_sc_hd__a31o_1)
                                                         _01_ (net)
                      0.025188    0.000000    0.754726 v _47_/D (sky130_fd_sc_hd__dfxtp_1)
                                              0.754726   data arrival time

                                 10.000000   10.000000   clock clk (rise edge)
                                  0.000000   10.000000   clock source latency
     1    0.007963    0.000000    0.000000   10.000000 ^ clk (in)
                                                         clk (net)
                      0.000000    0.000000   10.000000 ^ clkbuf_0_clk/A (sky130_fd_sc_hd__clkbuf_16)
     2    0.015926    0.029132    0.073266   10.073266 ^ clkbuf_0_clk/X (sky130_fd_sc_hd__clkbuf_16)
                                                         clknet_0_clk (net)
                      0.029132    0.000000   10.073266 ^ clkbuf_1_0__f_clk/A (sky130_fd_sc_hd__clkbuf_16)
     2    0.003874    0.020235    0.072240   10.145506 ^ clkbuf_1_0__f_clk/X (sky130_fd_sc_hd__clkbuf_16)
                                                         clknet_1_0__leaf_clk (net)
                      0.020235    0.000000   10.145506 ^ _47_/CLK (sky130_fd_sc_hd__dfxtp_1)
                                  0.000000   10.145506   clock reconvergence pessimism
                                 -0.068701   10.076804   library setup time
                                             10.076804   data required time
---------------------------------------------------------------------------------------------
                                             10.076804   data required time
                                             -0.754726   data arrival time
---------------------------------------------------------------------------------------------
                                              9.322079   slack (MET)


Startpoint: _46_ (rising edge-triggered flip-flop clocked by clk)
Endpoint: _48_ (rising edge-triggered flip-flop clocked by clk)
Path Group: clk
Path Type: max

Fanout         Cap        Slew       Delay        Time   Description
---------------------------------------------------------------------------------------------
                                  0.000000    0.000000   clock clk (rise edge)
                                  0.000000    0.000000   clock source latency
     1    0.007963    0.000000    0.000000    0.000000 ^ clk (in)
                                                         clk (net)
                      0.000000    0.000000    0.000000 ^ clkbuf_0_clk/A (sky130_fd_sc_hd__clkbuf_16)
     2    0.015926    0.029132    0.073266    0.073266 ^ clkbuf_0_clk/X (sky130_fd_sc_hd__clkbuf_16)
                                                         clknet_0_clk (net)
                      0.029132    0.000000    0.073266 ^ clkbuf_1_1__f_clk/A (sky130_fd_sc_hd__clkbuf_16)
     2    0.003874    0.020235    0.072240    0.145506 ^ clkbuf_1_1__f_clk/X (sky130_fd_sc_hd__clkbuf_16)
                                                         clknet_1_1__leaf_clk (net)
                      0.020235    0.000000    0.145506 ^ _46_/CLK (sky130_fd_sc_hd__dfxtp_1)
     7    0.017738    0.062948    0.220561    0.366067 v _46_/Q (sky130_fd_sc_hd__dfxtp_1)
                                                         net4 (net)
                      0.062948    0.000000    0.366067 v _29_/A (sky130_fd_sc_hd__xor2_1)
     2    0.003675    0.048303    0.111532    0.477599 v _29_/X (sky130_fd_sc_hd__xor2_1)
                                                         _09_ (net)
                      0.048303    0.000000    0.477599 v _30_/B (sky130_fd_sc_hd__or2_1)
     2    0.006580    0.046094    0.139755    0.617354 v _30_/X (sky130_fd_sc_hd__or2_1)
                                                         _10_ (net)
                      0.046094    0.000000    0.617354 v _38_/A (sky130_fd_sc_hd__xnor2_1)
     1    0.002629    0.081444    0.101112    0.718466 ^ _38_/Y (sky130_fd_sc_hd__xnor2_1)
                                                         _17_ (net)
                      0.081444    0.000000    0.718466 ^ _40_/A2 (sky130_fd_sc_hd__o21ai_1)
     1    0.001783    0.023952    0.031740    0.750206 v _40_/Y (sky130_fd_sc_hd__o21ai_1)
                                                         _02_ (net)
                      0.023952    0.000000    0.750206 v _48_/D (sky130_fd_sc_hd__dfxtp_1)
                                              0.750206   data arrival time

                                 10.000000   10.000000   clock clk (rise edge)
                                  0.000000   10.000000   clock source latency
     1    0.007963    0.000000    0.000000   10.000000 ^ clk (in)
                                                         clk (net)
                      0.000000    0.000000   10.000000 ^ clkbuf_0_clk/A (sky130_fd_sc_hd__clkbuf_16)
     2    0.015926    0.029132    0.073266   10.073266 ^ clkbuf_0_clk/X (sky130_fd_sc_hd__clkbuf_16)
                                                         clknet_0_clk (net)
                      0.029132    0.000000   10.073266 ^ clkbuf_1_1__f_clk/A (sky130_fd_sc_hd__clkbuf_16)
     2    0.003874    0.020235    0.072240   10.145506 ^ clkbuf_1_1__f_clk/X (sky130_fd_sc_hd__clkbuf_16)
                                                         clknet_1_1__leaf_clk (net)
                      0.020235    0.000000   10.145506 ^ _48_/CLK (sky130_fd_sc_hd__dfxtp_1)
                                  0.000000   10.145506   clock reconvergence pessimism
                                 -0.068260   10.077246   library setup time
                                             10.077246   data required time
---------------------------------------------------------------------------------------------
                                             10.077246   data required time
                                             -0.750206   data arrival time
---------------------------------------------------------------------------------------------
                                              9.327040   slack (MET)


Startpoint: _46_ (rising edge-triggered flip-flop clocked by clk)
Endpoint: _49_ (rising edge-triggered flip-flop clocked by clk)
Path Group: clk
Path Type: max

Fanout         Cap        Slew       Delay        Time   Description
---------------------------------------------------------------------------------------------
                                  0.000000    0.000000   clock clk (rise edge)
                                  0.000000    0.000000   clock source latency
     1    0.007963    0.000000    0.000000    0.000000 ^ clk (in)
                                                         clk (net)
                      0.000000    0.000000    0.000000 ^ clkbuf_0_clk/A (sky130_fd_sc_hd__clkbuf_16)
     2    0.015926    0.029132    0.073266    0.073266 ^ clkbuf_0_clk/X (sky130_fd_sc_hd__clkbuf_16)
                                                         clknet_0_clk (net)
                      0.029132    0.000000    0.073266 ^ clkbuf_1_1__f_clk/A (sky130_fd_sc_hd__clkbuf_16)
     2    0.003874    0.020235    0.072240    0.145506 ^ clkbuf_1_1__f_clk/X (sky130_fd_sc_hd__clkbuf_16)
                                                         clknet_1_1__leaf_clk (net)
                      0.020235    0.000000    0.145506 ^ _46_/CLK (sky130_fd_sc_hd__dfxtp_1)
     7    0.017738    0.062948    0.220561    0.366067 v _46_/Q (sky130_fd_sc_hd__dfxtp_1)
                                                         net4 (net)
                      0.062948    0.000000    0.366067 v _41_/A2 (sky130_fd_sc_hd__o31ai_1)
     2    0.004917    0.174013    0.184956    0.551023 ^ _41_/Y (sky130_fd_sc_hd__o31ai_1)
                                                         _19_ (net)
                      0.174013    0.000000    0.551023 ^ _44_/C (sky130_fd_sc_hd__nand4_1)
     1    0.002277    0.050911    0.052414    0.603437 v _44_/Y (sky130_fd_sc_hd__nand4_1)
                                                         _22_ (net)
                      0.050911    0.000000    0.603437 v _45_/A3 (sky130_fd_sc_hd__a31o_1)
     1    0.001783    0.024799    0.136297    0.739735 v _45_/X (sky130_fd_sc_hd__a31o_1)
                                                         _03_ (net)
                      0.024799    0.000000    0.739735 v _49_/D (sky130_fd_sc_hd__dfxtp_1)
                                              0.739735   data arrival time

                                 10.000000   10.000000   clock clk (rise edge)
                                  0.000000   10.000000   clock source latency
     1    0.007963    0.000000    0.000000   10.000000 ^ clk (in)
                                                         clk (net)
                      0.000000    0.000000   10.000000 ^ clkbuf_0_clk/A (sky130_fd_sc_hd__clkbuf_16)
     2    0.015926    0.029132    0.073266   10.073266 ^ clkbuf_0_clk/X (sky130_fd_sc_hd__clkbuf_16)
                                                         clknet_0_clk (net)
                      0.029132    0.000000   10.073266 ^ clkbuf_1_0__f_clk/A (sky130_fd_sc_hd__clkbuf_16)
     2    0.003874    0.020235    0.072240   10.145506 ^ clkbuf_1_0__f_clk/X (sky130_fd_sc_hd__clkbuf_16)
                                                         clknet_1_0__leaf_clk (net)
                      0.020235    0.000000   10.145506 ^ _49_/CLK (sky130_fd_sc_hd__dfxtp_1)
                                  0.000000   10.145506   clock reconvergence pessimism
                                 -0.068562   10.076944   library setup time
                                             10.076944   data required time
---------------------------------------------------------------------------------------------
                                             10.076944   data required time
                                             -0.739735   data arrival time
---------------------------------------------------------------------------------------------
                                              9.337210   slack (MET)


Startpoint: _46_ (rising edge-triggered flip-flop clocked by clk)
Endpoint: counter[0] (output port clocked by clk)
Path Group: clk
Path Type: max

Fanout         Cap        Slew       Delay        Time   Description
---------------------------------------------------------------------------------------------
                                  0.000000    0.000000   clock clk (rise edge)
                                  0.000000    0.000000   clock source latency
     1    0.007963    0.000000    0.000000    0.000000 ^ clk (in)
                                                         clk (net)
                      0.000000    0.000000    0.000000 ^ clkbuf_0_clk/A (sky130_fd_sc_hd__clkbuf_16)
     2    0.015926    0.029132    0.073266    0.073266 ^ clkbuf_0_clk/X (sky130_fd_sc_hd__clkbuf_16)
                                                         clknet_0_clk (net)
                      0.029132    0.000000    0.073266 ^ clkbuf_1_1__f_clk/A (sky130_fd_sc_hd__clkbuf_16)
     2    0.003874    0.020235    0.072240    0.145506 ^ clkbuf_1_1__f_clk/X (sky130_fd_sc_hd__clkbuf_16)
                                                         clknet_1_1__leaf_clk (net)
                      0.020235    0.000000    0.145506 ^ _46_/CLK (sky130_fd_sc_hd__dfxtp_1)
     7    0.019173    0.141735    0.259986    0.405492 ^ _46_/Q (sky130_fd_sc_hd__dfxtp_1)
                                                         net4 (net)
                      0.141735    0.000000    0.405492 ^ output4/A (sky130_fd_sc_hd__buf_1)
     1    0.000000    0.013524    0.042927    0.448419 ^ output4/X (sky130_fd_sc_hd__buf_1)
                                                         counter[0] (net)
                      0.013524    0.000000    0.448419 ^ counter[0] (out)
                                              0.448419   data arrival time

                                 10.000000   10.000000   clock clk (rise edge)
                                  0.000000   10.000000   clock network delay (propagated)
                                  0.000000   10.000000   clock reconvergence pessimism
                                  0.000000   10.000000   output external delay
                                             10.000000   data required time
---------------------------------------------------------------------------------------------
                                             10.000000   data required time
                                             -0.448419   data arrival time
---------------------------------------------------------------------------------------------
                                              9.551582   slack (MET)


Startpoint: _47_ (rising edge-triggered flip-flop clocked by clk)
Endpoint: counter[1] (output port clocked by clk)
Path Group: clk
Path Type: max

Fanout         Cap        Slew       Delay        Time   Description
---------------------------------------------------------------------------------------------
                                  0.000000    0.000000   clock clk (rise edge)
                                  0.000000    0.000000   clock source latency
     1    0.007963    0.000000    0.000000    0.000000 ^ clk (in)
                                                         clk (net)
                      0.000000    0.000000    0.000000 ^ clkbuf_0_clk/A (sky130_fd_sc_hd__clkbuf_16)
     2    0.015926    0.029132    0.073266    0.073266 ^ clkbuf_0_clk/X (sky130_fd_sc_hd__clkbuf_16)
                                                         clknet_0_clk (net)
                      0.029132    0.000000    0.073266 ^ clkbuf_1_0__f_clk/A (sky130_fd_sc_hd__clkbuf_16)
     2    0.003874    0.020235    0.072240    0.145506 ^ clkbuf_1_0__f_clk/X (sky130_fd_sc_hd__clkbuf_16)
                                                         clknet_1_0__leaf_clk (net)
                      0.020235    0.000000    0.145506 ^ _47_/CLK (sky130_fd_sc_hd__dfxtp_1)
     6    0.016844    0.125739    0.248845    0.394351 ^ _47_/Q (sky130_fd_sc_hd__dfxtp_1)
                                                         net5 (net)
                      0.125739    0.000000    0.394351 ^ output5/A (sky130_fd_sc_hd__buf_1)
     1    0.000000    0.013045    0.043212    0.437564 ^ output5/X (sky130_fd_sc_hd__buf_1)
                                                         counter[1] (net)
                      0.013045    0.000000    0.437564 ^ counter[1] (out)
                                              0.437564   data arrival time

                                 10.000000   10.000000   clock clk (rise edge)
                                  0.000000   10.000000   clock network delay (propagated)
                                  0.000000   10.000000   clock reconvergence pessimism
                                  0.000000   10.000000   output external delay
                                             10.000000   data required time
---------------------------------------------------------------------------------------------
                                             10.000000   data required time
                                             -0.437564   data arrival time
---------------------------------------------------------------------------------------------
                                              9.562436   slack (MET)


Startpoint: _48_ (rising edge-triggered flip-flop clocked by clk)
Endpoint: counter[2] (output port clocked by clk)
Path Group: clk
Path Type: max

Fanout         Cap        Slew       Delay        Time   Description
---------------------------------------------------------------------------------------------
                                  0.000000    0.000000   clock clk (rise edge)
                                  0.000000    0.000000   clock source latency
     1    0.007963    0.000000    0.000000    0.000000 ^ clk (in)
                                                         clk (net)
                      0.000000    0.000000    0.000000 ^ clkbuf_0_clk/A (sky130_fd_sc_hd__clkbuf_16)
     2    0.015926    0.029132    0.073266    0.073266 ^ clkbuf_0_clk/X (sky130_fd_sc_hd__clkbuf_16)
                                                         clknet_0_clk (net)
                      0.029132    0.000000    0.073266 ^ clkbuf_1_1__f_clk/A (sky130_fd_sc_hd__clkbuf_16)
     2    0.003874    0.020235    0.072240    0.145506 ^ clkbuf_1_1__f_clk/X (sky130_fd_sc_hd__clkbuf_16)
                                                         clknet_1_1__leaf_clk (net)
                      0.020235    0.000000    0.145506 ^ _48_/CLK (sky130_fd_sc_hd__dfxtp_1)
     5    0.012309    0.094592    0.227153    0.372659 ^ _48_/Q (sky130_fd_sc_hd__dfxtp_1)
                                                         net6 (net)
                      0.094592    0.000000    0.372659 ^ output6/A (sky130_fd_sc_hd__buf_1)
     1    0.000000    0.012104    0.041493    0.414152 ^ output6/X (sky130_fd_sc_hd__buf_1)
                                                         counter[2] (net)
                      0.012104    0.000000    0.414152 ^ counter[2] (out)
                                              0.414152   data arrival time

                                 10.000000   10.000000   clock clk (rise edge)
                                  0.000000   10.000000   clock network delay (propagated)
                                  0.000000   10.000000   clock reconvergence pessimism
                                  0.000000   10.000000   output external delay
                                             10.000000   data required time
---------------------------------------------------------------------------------------------
                                             10.000000   data required time
                                             -0.414152   data arrival time
---------------------------------------------------------------------------------------------
                                              9.585848   slack (MET)


Startpoint: _46_ (rising edge-triggered flip-flop clocked by clk)
Endpoint: _46_ (rising edge-triggered flip-flop clocked by clk)
Path Group: clk
Path Type: max

Fanout         Cap        Slew       Delay        Time   Description
---------------------------------------------------------------------------------------------
                                  0.000000    0.000000   clock clk (rise edge)
                                  0.000000    0.000000   clock source latency
     1    0.007963    0.000000    0.000000    0.000000 ^ clk (in)
                                                         clk (net)
                      0.000000    0.000000    0.000000 ^ clkbuf_0_clk/A (sky130_fd_sc_hd__clkbuf_16)
     2    0.015926    0.029132    0.073266    0.073266 ^ clkbuf_0_clk/X (sky130_fd_sc_hd__clkbuf_16)
                                                         clknet_0_clk (net)
                      0.029132    0.000000    0.073266 ^ clkbuf_1_1__f_clk/A (sky130_fd_sc_hd__clkbuf_16)
     2    0.003874    0.020235    0.072240    0.145506 ^ clkbuf_1_1__f_clk/X (sky130_fd_sc_hd__clkbuf_16)
                                                         clknet_1_1__leaf_clk (net)
                      0.020235    0.000000    0.145506 ^ _46_/CLK (sky130_fd_sc_hd__dfxtp_1)
     7    0.017738    0.062948    0.220561    0.366067 v _46_/Q (sky130_fd_sc_hd__dfxtp_1)
                                                         net4 (net)
                      0.062948    0.000000    0.366067 v _27_/A1 (sky130_fd_sc_hd__a21oi_1)
     1    0.002112    0.068304    0.084472    0.450538 ^ _27_/Y (sky130_fd_sc_hd__a21oi_1)
                                                         _08_ (net)
                      0.068304    0.000000    0.450538 ^ _28_/B1 (sky130_fd_sc_hd__o21ai_1)
     1    0.001783    0.037290    0.022701    0.473240 v _28_/Y (sky130_fd_sc_hd__o21ai_1)
                                                         _00_ (net)
                      0.037290    0.000000    0.473240 v _46_/D (sky130_fd_sc_hd__dfxtp_1)
                                              0.473240   data arrival time

                                 10.000000   10.000000   clock clk (rise edge)
                                  0.000000   10.000000   clock source latency
     1    0.007963    0.000000    0.000000   10.000000 ^ clk (in)
                                                         clk (net)
                      0.000000    0.000000   10.000000 ^ clkbuf_0_clk/A (sky130_fd_sc_hd__clkbuf_16)
     2    0.015926    0.029132    0.073266   10.073266 ^ clkbuf_0_clk/X (sky130_fd_sc_hd__clkbuf_16)
                                                         clknet_0_clk (net)
                      0.029132    0.000000   10.073266 ^ clkbuf_1_1__f_clk/A (sky130_fd_sc_hd__clkbuf_16)
     2    0.003874    0.020235    0.072240   10.145506 ^ clkbuf_1_1__f_clk/X (sky130_fd_sc_hd__clkbuf_16)
                                                         clknet_1_1__leaf_clk (net)
                      0.020235    0.000000   10.145506 ^ _46_/CLK (sky130_fd_sc_hd__dfxtp_1)
                                  0.000000   10.145506   clock reconvergence pessimism
                                 -0.073026   10.072481   library setup time
                                             10.072481   data required time
---------------------------------------------------------------------------------------------
                                             10.072481   data required time
                                             -0.473240   data arrival time
---------------------------------------------------------------------------------------------
                                              9.599241   slack (MET)


Startpoint: _49_ (rising edge-triggered flip-flop clocked by clk)
Endpoint: counter[3] (output port clocked by clk)
Path Group: clk
Path Type: max

Fanout         Cap        Slew       Delay        Time   Description
---------------------------------------------------------------------------------------------
                                  0.000000    0.000000   clock clk (rise edge)
                                  0.000000    0.000000   clock source latency
     1    0.007963    0.000000    0.000000    0.000000 ^ clk (in)
                                                         clk (net)
                      0.000000    0.000000    0.000000 ^ clkbuf_0_clk/A (sky130_fd_sc_hd__clkbuf_16)
     2    0.015926    0.029132    0.073266    0.073266 ^ clkbuf_0_clk/X (sky130_fd_sc_hd__clkbuf_16)
                                                         clknet_0_clk (net)
                      0.029132    0.000000    0.073266 ^ clkbuf_1_0__f_clk/A (sky130_fd_sc_hd__clkbuf_16)
     2    0.003874    0.020235    0.072240    0.145506 ^ clkbuf_1_0__f_clk/X (sky130_fd_sc_hd__clkbuf_16)
                                                         clknet_1_0__leaf_clk (net)
                      0.020235    0.000000    0.145506 ^ _49_/CLK (sky130_fd_sc_hd__dfxtp_1)
     3    0.007271    0.060382    0.202901    0.348407 ^ _49_/Q (sky130_fd_sc_hd__dfxtp_1)
                                                         net7 (net)
                      0.060382    0.000000    0.348407 ^ output7/A (sky130_fd_sc_hd__buf_1)
     1    0.000000    0.011070    0.039313    0.387720 ^ output7/X (sky130_fd_sc_hd__buf_1)
                                                         counter[3] (net)
                      0.011070    0.000000    0.387720 ^ counter[3] (out)
                                              0.387720   data arrival time

                                 10.000000   10.000000   clock clk (rise edge)
                                  0.000000   10.000000   clock network delay (propagated)
                                  0.000000   10.000000   clock reconvergence pessimism
                                  0.000000   10.000000   output external delay
                                             10.000000   data required time
---------------------------------------------------------------------------------------------
                                             10.000000   data required time
                                             -0.387720   data arrival time
---------------------------------------------------------------------------------------------
                                              9.612281   slack (MET)



%OL_END_REPORT
%OL_CREATE_REPORT checks.rpt

===========================================================================
report_checks -unconstrained
===========================================================================
======================= nom_ff_n40C_1v95 Corner ===================================

Startpoint: _46_ (rising edge-triggered flip-flop clocked by clk)
Endpoint: _47_ (rising edge-triggered flip-flop clocked by clk)
Path Group: clk
Path Type: max

Fanout         Cap        Slew       Delay        Time   Description
---------------------------------------------------------------------------------------------
                                  0.000000    0.000000   clock clk (rise edge)
                                  0.000000    0.000000   clock source latency
     1    0.007963    0.000000    0.000000    0.000000 ^ clk (in)
                                                         clk (net)
                      0.000000    0.000000    0.000000 ^ clkbuf_0_clk/A (sky130_fd_sc_hd__clkbuf_16)
     2    0.015926    0.029132    0.073266    0.073266 ^ clkbuf_0_clk/X (sky130_fd_sc_hd__clkbuf_16)
                                                         clknet_0_clk (net)
                      0.029132    0.000000    0.073266 ^ clkbuf_1_1__f_clk/A (sky130_fd_sc_hd__clkbuf_16)
     2    0.003874    0.020235    0.072240    0.145506 ^ clkbuf_1_1__f_clk/X (sky130_fd_sc_hd__clkbuf_16)
                                                         clknet_1_1__leaf_clk (net)
                      0.020235    0.000000    0.145506 ^ _46_/CLK (sky130_fd_sc_hd__dfxtp_1)
     7    0.019173    0.141735    0.259986    0.405492 ^ _46_/Q (sky130_fd_sc_hd__dfxtp_1)
                                                         net4 (net)
                      0.141735    0.000000    0.405492 ^ _29_/A (sky130_fd_sc_hd__xor2_1)
     2    0.004063    0.098945    0.105671    0.511163 ^ _29_/X (sky130_fd_sc_hd__xor2_1)
                                                         _09_ (net)
                      0.098945    0.000000    0.511163 ^ _30_/B (sky130_fd_sc_hd__or2_1)
     2    0.007034    0.058880    0.091359    0.602521 ^ _30_/X (sky130_fd_sc_hd__or2_1)
                                                         _10_ (net)
                      0.058880    0.000000    0.602521 ^ _32_/A (sky130_fd_sc_hd__nand2_1)
     1    0.002277    0.024114    0.026433    0.628955 v _32_/Y (sky130_fd_sc_hd__nand2_1)
                                                         _12_ (net)
                      0.024114    0.000000    0.628955 v _34_/A3 (sky130_fd_sc_hd__a31o_1)
     1    0.001783    0.025188    0.125771    0.754726 v _34_/X (sky130_fd_sc_hd__a31o_1)
                                                         _01_ (net)
                      0.025188    0.000000    0.754726 v _47_/D (sky130_fd_sc_hd__dfxtp_1)
                                              0.754726   data arrival time

                                 10.000000   10.000000   clock clk (rise edge)
                                  0.000000   10.000000   clock source latency
     1    0.007963    0.000000    0.000000   10.000000 ^ clk (in)
                                                         clk (net)
                      0.000000    0.000000   10.000000 ^ clkbuf_0_clk/A (sky130_fd_sc_hd__clkbuf_16)
     2    0.015926    0.029132    0.073266   10.073266 ^ clkbuf_0_clk/X (sky130_fd_sc_hd__clkbuf_16)
                                                         clknet_0_clk (net)
                      0.029132    0.000000   10.073266 ^ clkbuf_1_0__f_clk/A (sky130_fd_sc_hd__clkbuf_16)
     2    0.003874    0.020235    0.072240   10.145506 ^ clkbuf_1_0__f_clk/X (sky130_fd_sc_hd__clkbuf_16)
                                                         clknet_1_0__leaf_clk (net)
                      0.020235    0.000000   10.145506 ^ _47_/CLK (sky130_fd_sc_hd__dfxtp_1)
                                  0.000000   10.145506   clock reconvergence pessimism
                                 -0.068701   10.076804   library setup time
                                             10.076804   data required time
---------------------------------------------------------------------------------------------
                                             10.076804   data required time
                                             -0.754726   data arrival time
---------------------------------------------------------------------------------------------
                                              9.322079   slack (MET)




===========================================================================
report_checks --slack_max -0.01
============================================================================
======================= nom_ff_n40C_1v95 Corner ===================================

No paths found.


===========================================================================
 report_check_types -max_slew -max_cap -max_fanout -violators
============================================================================
======================= nom_ff_n40C_1v95 Corner ===================================



===========================================================================
report_parasitic_annotation -report_unannotated
============================================================================
Found 41 unannotated drivers.
 clk
 enable
 reset
 up_down
 _23_/Y
 _24_/Y
 _25_/Y
 _26_/Y
 _27_/Y
 _28_/Y
 _29_/X
 _30_/X
 _31_/Y
 _32_/Y
 _33_/X
 _34_/X
 _35_/X
 _36_/Y
 _37_/Y
 _38_/Y
 _39_/Y
 _40_/Y
 _41_/Y
 _42_/Y
 _43_/X
 _44_/Y
 _45_/X
 _46_/Q
 _47_/Q
 _48_/Q
 _49_/Q
 clkbuf_0_clk/X
 clkbuf_1_0__f_clk/X
 clkbuf_1_1__f_clk/X
 input1/X
 input2/X
 input3/X
 output4/X
 output5/X
 output6/X
 output7/X
Found 0 partially unannotated drivers.

===========================================================================
max slew violation count 0
%OL_METRIC_I design__max_slew_violation__count__corner:nom_ff_n40C_1v95 0
max fanout violation count 0
%OL_METRIC_I design__max_fanout_violation__count__corner:nom_ff_n40C_1v95 0
max cap violation count 0
%OL_METRIC_I design__max_cap_violation__count__corner:nom_ff_n40C_1v95 0
============================================================================

===========================================================================
check_setup -verbose -unconstrained_endpoints -multiple_clock -no_clock -no_input_delay -loops -generated_clocks
===========================================================================
%OL_END_REPORT
%OL_CREATE_REPORT power.rpt

===========================================================================
 report_power
============================================================================
======================= nom_ff_n40C_1v95 Corner ===================================

Group                    Internal    Switching      Leakage        Total
                            Power        Power        Power        Power (Watts)
------------------------------------------------------------------------
Sequential           2.115643e-05 2.583113e-06 5.805177e-11 2.373960e-05  23.3%
Combinational        6.165630e-06 4.370481e-06 9.854847e-11 1.053621e-05  10.4%
Clock                5.844501e-05 9.002038e-06 1.914306e-10 6.744724e-05  66.3%
Macro                0.000000e+00 0.000000e+00 0.000000e+00 0.000000e+00   0.0%
Pad                  0.000000e+00 0.000000e+00 0.000000e+00 0.000000e+00   0.0%
------------------------------------------------------------------------
Total                8.576707e-05 1.595563e-05 3.480309e-10 1.017231e-04 100.0%
                            84.3%        15.7%         0.0%
%OL_METRIC_F power__internal__total 8.57670747791417e-5
%OL_METRIC_F power__switching__total 1.5955632989061996e-5
%OL_METRIC_F power__leakage__total 3.4803090964707906e-10
%OL_METRIC_F power__total 0.00010172305337619036

%OL_END_REPORT
%OL_CREATE_REPORT skew.min.rpt

===========================================================================
Clock Skew (Hold)
============================================================================
%OL_METRIC_F clock__skew__worst_hold__corner:nom_ff_n40C_1v95 0.0
======================= nom_ff_n40C_1v95 Corner ===================================

Clock clk
0.145506 source latency _46_/CLK ^
-0.145506 target latency _46_/CLK ^
0.000000 CRPR
--------------
0.000000 hold skew

%OL_END_REPORT
%OL_CREATE_REPORT skew.max.rpt

===========================================================================
Clock Skew (Setup)
============================================================================
%OL_METRIC_F clock__skew__worst_setup__corner:nom_ff_n40C_1v95 0.0
======================= nom_ff_n40C_1v95 Corner ===================================

Clock clk
0.145506 source latency _46_/CLK ^
-0.145506 target latency _46_/CLK ^
0.000000 CRPR
--------------
0.000000 setup skew

%OL_END_REPORT
%OL_CREATE_REPORT ws.min.rpt

===========================================================================
Worst Slack (Hold)
============================================================================
%OL_METRIC_F timing__hold__ws__corner:nom_ff_n40C_1v95 0.041264937079773634
nom_ff_n40C_1v95: 0.041264937079773634
%OL_END_REPORT
%OL_CREATE_REPORT ws.max.rpt

===========================================================================
Worst Slack (Setup)
============================================================================
%OL_METRIC_F timing__setup__ws__corner:nom_ff_n40C_1v95 9.322078484110321
nom_ff_n40C_1v95: 9.322078484110321
%OL_END_REPORT
%OL_CREATE_REPORT tns.min.rpt

===========================================================================
Total Negative Slack (Hold)
============================================================================
%OL_METRIC_F timing__hold__tns__corner:nom_ff_n40C_1v95 0.0
nom_ff_n40C_1v95: 0.0
%OL_END_REPORT
%OL_CREATE_REPORT tns.max.rpt

===========================================================================
Total Negative Slack (Setup)
============================================================================
%OL_METRIC_F timing__setup__tns__corner:nom_ff_n40C_1v95 0.0
nom_ff_n40C_1v95: 0.0
%OL_END_REPORT
%OL_CREATE_REPORT wns.min.rpt

===========================================================================
Worst Negative Slack (Hold)
============================================================================
%OL_METRIC_F timing__hold__wns__corner:nom_ff_n40C_1v95 0
nom_ff_n40C_1v95: 0
%OL_END_REPORT
%OL_CREATE_REPORT wns.max.rpt

===========================================================================
Worst Negative Slack (Setup)
============================================================================
%OL_METRIC_F timing__setup__wns__corner:nom_ff_n40C_1v95 0.0
nom_ff_n40C_1v95: 0.0
%OL_END_REPORT
%OL_CREATE_REPORT violator_list.rpt

===========================================================================
Violator List
============================================================================
%OL_METRIC_I timing__hold_vio__count__corner:nom_ff_n40C_1v95 0
%OL_METRIC_F timing__hold_r2r__ws__corner:nom_ff_n40C_1v95 inf
%OL_METRIC_I timing__hold_r2r_vio__count__corner:nom_ff_n40C_1v95 0
%OL_METRIC_I timing__setup_vio__count__corner:nom_ff_n40C_1v95 0
%OL_METRIC_F timing__setup_r2r__ws__corner:nom_ff_n40C_1v95 9.322079
%OL_METRIC_I timing__setup_r2r_vio__count__corner:nom_ff_n40C_1v95 0
%OL_END_REPORT
%OL_CREATE_REPORT unpropagated.rpt
%OL_END_REPORT
%OL_CREATE_REPORT clock.rpt
Clock: clk
Sources: clk 
Generated: no
Virtual: yes
Propagated: no
Period: 10.000000

===========================================================================
report_clock_properties
============================================================================
Clock                   Period          Waveform
----------------------------------------------------
clk                  10.000000    0.000000  5.000000

===========================================================================
report_clock_latency
============================================================================
Clock clk
rise -> rise
    min     max
0.000000 0.000000 source latency
0.145506         network latency _46_/CLK
        0.145506 network latency _46_/CLK
---------------
0.145506 0.145506 latency
        0.000000 skew

fall -> fall
    min     max
0.000000 0.000000 source latency
0.168539         network latency _46_/CLK
        0.168539 network latency _46_/CLK
---------------
0.168539 0.168539 latency
        0.000000 skew



===========================================================================
report_clock_min_period
============================================================================
clk period_min = 0.68 fmax = 1475.10
%OL_END_REPORT
Writing SDF files for all corners…
