Reading OpenROAD database at '/home/amostafa/vlsi/runs/RUN_2024-12-04_10-33-24/02-openroad-floorplan/counter_dut.odb'…
Reading library file at '/home/amostafa/.volare/volare/sky130/versions/0fe599b2afb6708d281543108caf8310912f54af/sky130A/libs.ref/sky130_fd_sc_hd/lib/sky130_fd_sc_hd__tt_025C_1v80.lib'…
Reading design constraints file at 'counter_dut.sdc'…
[WARNING STA-0441] set_input_delay relative to a clock defined on the same port/pin not allowed.
[INFO] No information on clock propagation in input SDC file-- propagating all clocks.
[INFO GPL-0002] DBU: 1000
[INFO GPL-0003] SiteSize: (  0.460  2.720 ) um
[INFO GPL-0004] CoreBBox: (  5.520 10.880 ) ( 29.440 32.640 ) um
[INFO GPL-0006] NumInstances:                27
[INFO GPL-0007] NumPlaceInstances:           27
[INFO GPL-0008] NumFixedInstances:            0
[INFO GPL-0009] NumDummyInstances:            0
[INFO GPL-0010] NumNets:                     31
[INFO GPL-0011] NumPins:                     97
[INFO GPL-0012] DieBBox:  (  0.000  0.000 ) ( 35.030 45.750 ) um
[INFO GPL-0013] CoreBBox: (  5.520 10.880 ) ( 29.440 32.640 ) um
[INFO GPL-0016] CoreArea:               520.499 um^2
[INFO GPL-0017] NonPlaceInstsArea:        0.000 um^2
[INFO GPL-0018] PlaceInstsArea:         287.776 um^2
[INFO GPL-0019] Util:                    55.288 %
[INFO GPL-0020] StdInstsArea:           287.776 um^2
[INFO GPL-0021] MacroInstsArea:           0.000 um^2
[INFO GPL-0031] FillerInit:NumGCells:        32
[INFO GPL-0032] FillerInit:NumGNets:         31
[INFO GPL-0033] FillerInit:NumGPins:         97
[INFO GPL-0023] TargetDensity:            0.653
[INFO GPL-0024] AvrgPlaceInstArea:       10.658 um^2
[INFO GPL-0025] IdealBinArea:            16.325 um^2
[INFO GPL-0026] IdealBinCnt:                 31
[INFO GPL-0027] TotalBinArea:           520.499 um^2
[INFO GPL-0028] BinCnt:         4      4
[INFO GPL-0029] BinSize: (  5.980  5.440 )
[INFO GPL-0030] NumBins: 16
[NesterovSolve] Iter:    1 overflow: 0.704 HPWL: 62366
[NesterovSolve] Iter:   10 overflow: 0.704 HPWL: 57742
[NesterovSolve] Iter:   20 overflow: 0.704 HPWL: 57735
[NesterovSolve] Iter:   30 overflow: 0.704 HPWL: 57739
[NesterovSolve] Iter:   40 overflow: 0.704 HPWL: 57750
[NesterovSolve] Iter:   50 overflow: 0.704 HPWL: 57793
[NesterovSolve] Iter:   60 overflow: 0.704 HPWL: 57829
[NesterovSolve] Iter:   70 overflow: 0.704 HPWL: 57909
[NesterovSolve] Iter:   80 overflow: 0.704 HPWL: 58152
[NesterovSolve] Iter:   90 overflow: 0.704 HPWL: 58469
[NesterovSolve] Iter:  100 overflow: 0.704 HPWL: 58728
[NesterovSolve] Iter:  110 overflow: 0.704 HPWL: 57959
[NesterovSolve] Iter:  120 overflow: 0.704 HPWL: 58414
[NesterovSolve] Iter:  130 overflow: 0.704 HPWL: 57848
[NesterovSolve] Iter:  140 overflow: 0.704 HPWL: 58022
[NesterovSolve] Iter:  150 overflow: 0.704 HPWL: 58333
[NesterovSolve] Iter:  160 overflow: 0.704 HPWL: 59011
[NesterovSolve] Iter:  170 overflow: 0.700 HPWL: 64276
[NesterovSolve] Iter:  180 overflow: 0.636 HPWL: 100208
[NesterovSolve] Iter:  190 overflow: 0.584 HPWL: 116344
[NesterovSolve] Iter:  200 overflow: 0.528 HPWL: 129887
[NesterovSolve] Iter:  210 overflow: 0.476 HPWL: 143842
[NesterovSolve] Iter:  220 overflow: 0.432 HPWL: 154501
[NesterovSolve] Iter:  230 overflow: 0.540 HPWL: 129531
[NesterovSolve] Iter:  240 overflow: 0.445 HPWL: 162855
[NesterovSolve] Iter:  250 overflow: 0.341 HPWL: 178227
[NesterovSolve] Iter:  260 overflow: 0.276 HPWL: 188881
[NesterovSolve] Iter:  270 overflow: 0.161 HPWL: 215925
[NesterovSolve] Iter:  280 overflow: 0.115 HPWL: 224270
[NesterovSolve] Finished with Overflow: 0.097869
[INFO] Setting RC values…
Setting global connections for newly added cells…
[INFO] Setting global connections...
Updating metrics…
Cell type report:                       Count       Area
  Inverter                                  1       3.75
  Sequential cell                           4      85.08
  Multi-Input combinational cell           22     198.94
  Total                                    27     287.78
Writing OpenROAD database to '/home/amostafa/vlsi/runs/RUN_2024-12-04_10-33-24/03-openroad-globalplacementskipio/counter_dut.odb'…
Writing netlist to '/home/amostafa/vlsi/runs/RUN_2024-12-04_10-33-24/03-openroad-globalplacementskipio/counter_dut.nl.v'…
Writing powered netlist to '/home/amostafa/vlsi/runs/RUN_2024-12-04_10-33-24/03-openroad-globalplacementskipio/counter_dut.pnl.v'…
Writing layout to '/home/amostafa/vlsi/runs/RUN_2024-12-04_10-33-24/03-openroad-globalplacementskipio/counter_dut.def'…
Writing timing constraints to '/home/amostafa/vlsi/runs/RUN_2024-12-04_10-33-24/03-openroad-globalplacementskipio/counter_dut.sdc'…
