Clock: clk
Sources: clk 
Generated: no
Virtual: yes
Propagated: no
Period: 10.000000

===========================================================================
report_clock_properties
============================================================================
Clock                   Period          Waveform
----------------------------------------------------
clk                  10.000000    0.000000  5.000000

===========================================================================
report_clock_latency
============================================================================
Clock clk
rise -> rise
    min     max
0.000000 0.000000 source latency
0.148195         network latency _47_/CLK
        0.148704 network latency _48_/CLK
---------------
0.148195 0.148704 latency
        0.000509 skew

fall -> fall
    min     max
0.000000 0.000000 source latency
0.170905         network latency _47_/CLK
        0.171373 network latency _48_/CLK
---------------
0.170905 0.171373 latency
        0.000468 skew



===========================================================================
report_clock_min_period
============================================================================
clk period_min = 0.73 fmax = 1378.78
