Reading timing models for corner nom_tt_025C_1v80…
Reading cell library for the 'nom_tt_025C_1v80' corner at '/home/amostafa/.volare/volare/sky130/versions/0fe599b2afb6708d281543108caf8310912f54af/sky130A/libs.ref/sky130_fd_sc_hd/lib/sky130_fd_sc_hd__tt_025C_1v80.lib'…
Reading top-level netlist at '/home/amostafa/vlsi/runs/RUN_2024-12-04_10-05-49/10-openroad-detailedrouting/counter_dut.nl.v'…
Linking design 'counter_dut' from netlist…
Reading design constraints file at '/nix/store/aa5sq0vfmlwcpk9wklr9xcijzjjlc39j-python3-3.11.9-env/lib/python3.11/site-packages/openlane/scripts/base.sdc'…
[INFO] Using clock clk…
[INFO] Setting output delay to: 2.0
[INFO] Setting input delay to: 2.0
[INFO] Setting load to: 0.033442
[INFO] Setting clock uncertainty to: 0.25
[INFO] Setting clock transition to: 0.1499999999999999944488848768742172978818416595458984375
[INFO] Setting timing derate to: 5%
%OL_CREATE_REPORT min.rpt

===========================================================================
report_checks -path_delay min (Hold)
============================================================================
======================= nom_tt_025C_1v80 Corner ===================================

Startpoint: _46_ (rising edge-triggered flip-flop clocked by clk)
Endpoint: _46_ (rising edge-triggered flip-flop clocked by clk)
Path Group: clk
Path Type: min

Fanout         Cap        Slew       Delay        Time   Description
---------------------------------------------------------------------------------------------
                      0.150000    0.000000    0.000000   clock clk (rise edge)
                                  0.000000    0.000000   clock network delay (ideal)
                      0.150000    0.000000    0.000000 ^ _46_/CLK (sky130_fd_sc_hd__dfxtp_2)
     7    0.018707    0.104542    0.399552    0.399552 ^ _46_/Q (sky130_fd_sc_hd__dfxtp_2)
                                                         net4 (net)
                      0.104542    0.000000    0.399552 ^ _28_/A1 (sky130_fd_sc_hd__o21ai_1)
     1    0.001681    0.024988    0.071427    0.470979 v _28_/Y (sky130_fd_sc_hd__o21ai_1)
                                                         _00_ (net)
                      0.024988    0.000000    0.470979 v _46_/D (sky130_fd_sc_hd__dfxtp_2)
                                              0.470979   data arrival time

                      0.150000    0.000000    0.000000   clock clk (rise edge)
                                  0.000000    0.000000   clock network delay (ideal)
                                  0.250000    0.250000   clock uncertainty
                                  0.000000    0.250000   clock reconvergence pessimism
                                              0.250000 ^ _46_/CLK (sky130_fd_sc_hd__dfxtp_2)
                                 -0.014444    0.235556   library hold time
                                              0.235556   data required time
---------------------------------------------------------------------------------------------
                                              0.235556   data required time
                                             -0.470979   data arrival time
---------------------------------------------------------------------------------------------
                                              0.235422   slack (MET)


Startpoint: _48_ (rising edge-triggered flip-flop clocked by clk)
Endpoint: _48_ (rising edge-triggered flip-flop clocked by clk)
Path Group: clk
Path Type: min

Fanout         Cap        Slew       Delay        Time   Description
---------------------------------------------------------------------------------------------
                      0.150000    0.000000    0.000000   clock clk (rise edge)
                                  0.000000    0.000000   clock network delay (ideal)
                      0.150000    0.000000    0.000000 ^ _48_/CLK (sky130_fd_sc_hd__dfxtp_1)
     5    0.011797    0.121712    0.395931    0.395931 ^ _48_/Q (sky130_fd_sc_hd__dfxtp_1)
                                                         net6 (net)
                      0.121712    0.000000    0.395931 ^ _39_/A1 (sky130_fd_sc_hd__a21oi_1)
     1    0.001975    0.046262    0.072324    0.468255 v _39_/Y (sky130_fd_sc_hd__a21oi_1)
                                                         _18_ (net)
                      0.046262    0.000000    0.468255 v _40_/B1 (sky130_fd_sc_hd__o21ai_1)
     1    0.001674    0.059405    0.058293    0.526548 ^ _40_/Y (sky130_fd_sc_hd__o21ai_1)
                                                         _02_ (net)
                      0.059405    0.000000    0.526548 ^ _48_/D (sky130_fd_sc_hd__dfxtp_1)
                                              0.526548   data arrival time

                      0.150000    0.000000    0.000000   clock clk (rise edge)
                                  0.000000    0.000000   clock network delay (ideal)
                                  0.250000    0.250000   clock uncertainty
                                  0.000000    0.250000   clock reconvergence pessimism
                                              0.250000 ^ _48_/CLK (sky130_fd_sc_hd__dfxtp_1)
                                 -0.020398    0.229602   library hold time
                                              0.229602   data required time
---------------------------------------------------------------------------------------------
                                              0.229602   data required time
                                             -0.526548   data arrival time
---------------------------------------------------------------------------------------------
                                              0.296946   slack (MET)


Startpoint: _49_ (rising edge-triggered flip-flop clocked by clk)
Endpoint: _49_ (rising edge-triggered flip-flop clocked by clk)
Path Group: clk
Path Type: min

Fanout         Cap        Slew       Delay        Time   Description
---------------------------------------------------------------------------------------------
                      0.150000    0.000000    0.000000   clock clk (rise edge)
                                  0.000000    0.000000   clock network delay (ideal)
                      0.150000    0.000000    0.000000 ^ _49_/CLK (sky130_fd_sc_hd__dfxtp_1)
     3    0.006122    0.041466    0.341937    0.341937 v _49_/Q (sky130_fd_sc_hd__dfxtp_1)
                                                         net7 (net)
                      0.041466    0.000000    0.341937 v _44_/B (sky130_fd_sc_hd__nand4_1)
     1    0.002507    0.051168    0.074445    0.416382 ^ _44_/Y (sky130_fd_sc_hd__nand4_1)
                                                         _22_ (net)
                      0.051168    0.000000    0.416382 ^ _45_/A3 (sky130_fd_sc_hd__a31o_1)
     1    0.001674    0.036532    0.126406    0.542788 ^ _45_/X (sky130_fd_sc_hd__a31o_1)
                                                         _03_ (net)
                      0.036532    0.000000    0.542788 ^ _49_/D (sky130_fd_sc_hd__dfxtp_1)
                                              0.542788   data arrival time

                      0.150000    0.000000    0.000000   clock clk (rise edge)
                                  0.000000    0.000000   clock network delay (ideal)
                                  0.250000    0.250000   clock uncertainty
                                  0.000000    0.250000   clock reconvergence pessimism
                                              0.250000 ^ _49_/CLK (sky130_fd_sc_hd__dfxtp_1)
                                 -0.015681    0.234319   library hold time
                                              0.234319   data required time
---------------------------------------------------------------------------------------------
                                              0.234319   data required time
                                             -0.542788   data arrival time
---------------------------------------------------------------------------------------------
                                              0.308469   slack (MET)


Startpoint: _47_ (rising edge-triggered flip-flop clocked by clk)
Endpoint: _47_ (rising edge-triggered flip-flop clocked by clk)
Path Group: clk
Path Type: min

Fanout         Cap        Slew       Delay        Time   Description
---------------------------------------------------------------------------------------------
                      0.150000    0.000000    0.000000   clock clk (rise edge)
                                  0.000000    0.000000   clock network delay (ideal)
                      0.150000    0.000000    0.000000 ^ _47_/CLK (sky130_fd_sc_hd__dfxtp_1)
     6    0.016366    0.163015    0.425298    0.425298 ^ _47_/Q (sky130_fd_sc_hd__dfxtp_1)
                                                         net5 (net)
                      0.163015    0.000000    0.425298 ^ _33_/A1 (sky130_fd_sc_hd__a21o_1)
     1    0.002490    0.037140    0.129066    0.554364 ^ _33_/X (sky130_fd_sc_hd__a21o_1)
                                                         _13_ (net)
                      0.037140    0.000000    0.554364 ^ _34_/B1 (sky130_fd_sc_hd__a31o_1)
     1    0.001674    0.032155    0.075439    0.629803 ^ _34_/X (sky130_fd_sc_hd__a31o_1)
                                                         _01_ (net)
                      0.032155    0.000000    0.629803 ^ _47_/D (sky130_fd_sc_hd__dfxtp_1)
                                              0.629803   data arrival time

                      0.150000    0.000000    0.000000   clock clk (rise edge)
                                  0.000000    0.000000   clock network delay (ideal)
                                  0.250000    0.250000   clock uncertainty
                                  0.000000    0.250000   clock reconvergence pessimism
                                              0.250000 ^ _47_/CLK (sky130_fd_sc_hd__dfxtp_1)
                                 -0.014778    0.235222   library hold time
                                              0.235222   data required time
---------------------------------------------------------------------------------------------
                                              0.235222   data required time
                                             -0.629803   data arrival time
---------------------------------------------------------------------------------------------
                                              0.394581   slack (MET)


Startpoint: _49_ (rising edge-triggered flip-flop clocked by clk)
Endpoint: counter[3] (output port clocked by clk)
Path Group: clk
Path Type: min

Fanout         Cap        Slew       Delay        Time   Description
---------------------------------------------------------------------------------------------
                      0.150000    0.000000    0.000000   clock clk (rise edge)
                                  0.000000    0.000000   clock network delay (ideal)
                      0.150000    0.000000    0.000000 ^ _49_/CLK (sky130_fd_sc_hd__dfxtp_1)
     3    0.006122    0.041466    0.341937    0.341937 v _49_/Q (sky130_fd_sc_hd__dfxtp_1)
                                                         net7 (net)
                      0.041466    0.000000    0.341937 v output7/A (sky130_fd_sc_hd__buf_2)
     1    0.033442    0.087238    0.177563    0.519500 v output7/X (sky130_fd_sc_hd__buf_2)
                                                         counter[3] (net)
                      0.087238    0.000000    0.519500 v counter[3] (out)
                                              0.519500   data arrival time

                      0.150000    0.000000    0.000000   clock clk (rise edge)
                                  0.000000    0.000000   clock network delay (ideal)
                                  0.250000    0.250000   clock uncertainty
                                  0.000000    0.250000   clock reconvergence pessimism
                                 -2.000000   -1.750000   output external delay
                                             -1.750000   data required time
---------------------------------------------------------------------------------------------
                                             -1.750000   data required time
                                             -0.519500   data arrival time
---------------------------------------------------------------------------------------------
                                              2.269500   slack (MET)


Startpoint: _48_ (rising edge-triggered flip-flop clocked by clk)
Endpoint: counter[2] (output port clocked by clk)
Path Group: clk
Path Type: min

Fanout         Cap        Slew       Delay        Time   Description
---------------------------------------------------------------------------------------------
                      0.150000    0.000000    0.000000   clock clk (rise edge)
                                  0.000000    0.000000   clock network delay (ideal)
                      0.150000    0.000000    0.000000 ^ _48_/CLK (sky130_fd_sc_hd__dfxtp_1)
     5    0.010710    0.060425    0.359600    0.359600 v _48_/Q (sky130_fd_sc_hd__dfxtp_1)
                                                         net6 (net)
                      0.060425    0.000000    0.359600 v output6/A (sky130_fd_sc_hd__buf_2)
     1    0.033442    0.087159    0.185908    0.545507 v output6/X (sky130_fd_sc_hd__buf_2)
                                                         counter[2] (net)
                      0.087159    0.000000    0.545507 v counter[2] (out)
                                              0.545507   data arrival time

                      0.150000    0.000000    0.000000   clock clk (rise edge)
                                  0.000000    0.000000   clock network delay (ideal)
                                  0.250000    0.250000   clock uncertainty
                                  0.000000    0.250000   clock reconvergence pessimism
                                 -2.000000   -1.750000   output external delay
                                             -1.750000   data required time
---------------------------------------------------------------------------------------------
                                             -1.750000   data required time
                                             -0.545507   data arrival time
---------------------------------------------------------------------------------------------
                                              2.295507   slack (MET)


Startpoint: _46_ (rising edge-triggered flip-flop clocked by clk)
Endpoint: counter[0] (output port clocked by clk)
Path Group: clk
Path Type: min

Fanout         Cap        Slew       Delay        Time   Description
---------------------------------------------------------------------------------------------
                      0.150000    0.000000    0.000000   clock clk (rise edge)
                                  0.000000    0.000000   clock network delay (ideal)
                      0.150000    0.000000    0.000000 ^ _46_/CLK (sky130_fd_sc_hd__dfxtp_2)
     7    0.017313    0.054432    0.374030    0.374030 v _46_/Q (sky130_fd_sc_hd__dfxtp_2)
                                                         net4 (net)
                      0.054432    0.000000    0.374030 v output4/A (sky130_fd_sc_hd__buf_2)
     1    0.033442    0.087160    0.183182    0.557212 v output4/X (sky130_fd_sc_hd__buf_2)
                                                         counter[0] (net)
                      0.087160    0.000000    0.557212 v counter[0] (out)
                                              0.557212   data arrival time

                      0.150000    0.000000    0.000000   clock clk (rise edge)
                                  0.000000    0.000000   clock network delay (ideal)
                                  0.250000    0.250000   clock uncertainty
                                  0.000000    0.250000   clock reconvergence pessimism
                                 -2.000000   -1.750000   output external delay
                                             -1.750000   data required time
---------------------------------------------------------------------------------------------
                                             -1.750000   data required time
                                             -0.557212   data arrival time
---------------------------------------------------------------------------------------------
                                              2.307212   slack (MET)


Startpoint: _47_ (rising edge-triggered flip-flop clocked by clk)
Endpoint: counter[1] (output port clocked by clk)
Path Group: clk
Path Type: min

Fanout         Cap        Slew       Delay        Time   Description
---------------------------------------------------------------------------------------------
                      0.150000    0.000000    0.000000   clock clk (rise edge)
                                  0.000000    0.000000   clock network delay (ideal)
                      0.150000    0.000000    0.000000 ^ _47_/CLK (sky130_fd_sc_hd__dfxtp_1)
     6    0.014968    0.078200    0.374417    0.374417 v _47_/Q (sky130_fd_sc_hd__dfxtp_1)
                                                         net5 (net)
                      0.078200    0.000000    0.374417 v output5/A (sky130_fd_sc_hd__buf_2)
     1    0.033442    0.087156    0.193993    0.568409 v output5/X (sky130_fd_sc_hd__buf_2)
                                                         counter[1] (net)
                      0.087156    0.000000    0.568409 v counter[1] (out)
                                              0.568409   data arrival time

                      0.150000    0.000000    0.000000   clock clk (rise edge)
                                  0.000000    0.000000   clock network delay (ideal)
                                  0.250000    0.250000   clock uncertainty
                                  0.000000    0.250000   clock reconvergence pessimism
                                 -2.000000   -1.750000   output external delay
                                             -1.750000   data required time
---------------------------------------------------------------------------------------------
                                             -1.750000   data required time
                                             -0.568409   data arrival time
---------------------------------------------------------------------------------------------
                                              2.318409   slack (MET)



%OL_END_REPORT
%OL_CREATE_REPORT max.rpt

===========================================================================
report_checks -path_delay max (Setup)
============================================================================
======================= nom_tt_025C_1v80 Corner ===================================

Startpoint: up_down (input port clocked by clk)
Endpoint: _49_ (rising edge-triggered flip-flop clocked by clk)
Path Group: clk
Path Type: max

Fanout         Cap        Slew       Delay        Time   Description
---------------------------------------------------------------------------------------------
                      0.150000    0.000000    0.000000   clock clk (rise edge)
                                  0.000000    0.000000   clock network delay (ideal)
                                  2.000000    2.000000 v input external delay
     1    0.002015    0.007078    0.003088    2.003088 v up_down (in)
                                                         up_down (net)
                      0.007078    0.000000    2.003088 v input3/A (sky130_fd_sc_hd__buf_1)
     5    0.009411    0.062423    0.101905    2.104993 v input3/X (sky130_fd_sc_hd__buf_1)
                                                         net3 (net)
                      0.062423    0.000000    2.104993 v _41_/A1 (sky130_fd_sc_hd__o31ai_1)
     2    0.004897    0.251526    0.281456    2.386448 ^ _41_/Y (sky130_fd_sc_hd__o31ai_1)
                                                         _19_ (net)
                      0.251526    0.000000    2.386448 ^ _44_/C (sky130_fd_sc_hd__nand4_1)
     1    0.002259    0.078387    0.117906    2.504354 v _44_/Y (sky130_fd_sc_hd__nand4_1)
                                                         _22_ (net)
                      0.078387    0.000000    2.504354 v _45_/A3 (sky130_fd_sc_hd__a31o_1)
     1    0.001681    0.032574    0.215262    2.719616 v _45_/X (sky130_fd_sc_hd__a31o_1)
                                                         _03_ (net)
                      0.032574    0.000000    2.719616 v _49_/D (sky130_fd_sc_hd__dfxtp_1)
                                              2.719616   data arrival time

                      0.150000   10.000000   10.000000   clock clk (rise edge)
                                  0.000000   10.000000   clock network delay (ideal)
                                 -0.250000    9.750000   clock uncertainty
                                  0.000000    9.750000   clock reconvergence pessimism
                                              9.750000 ^ _49_/CLK (sky130_fd_sc_hd__dfxtp_1)
                                 -0.080572    9.669428   library setup time
                                              9.669428   data required time
---------------------------------------------------------------------------------------------
                                              9.669428   data required time
                                             -2.719616   data arrival time
---------------------------------------------------------------------------------------------
                                              6.949812   slack (MET)


Startpoint: _47_ (rising edge-triggered flip-flop clocked by clk)
Endpoint: counter[1] (output port clocked by clk)
Path Group: clk
Path Type: max

Fanout         Cap        Slew       Delay        Time   Description
---------------------------------------------------------------------------------------------
                      0.150000    0.000000    0.000000   clock clk (rise edge)
                                  0.000000    0.000000   clock network delay (ideal)
                      0.150000    0.000000    0.000000 ^ _47_/CLK (sky130_fd_sc_hd__dfxtp_1)
     6    0.016366    0.163015    0.425298    0.425298 ^ _47_/Q (sky130_fd_sc_hd__dfxtp_1)
                                                         net5 (net)
                      0.163015    0.000000    0.425298 ^ output5/A (sky130_fd_sc_hd__buf_2)
     1    0.033442    0.169326    0.235324    0.660622 ^ output5/X (sky130_fd_sc_hd__buf_2)
                                                         counter[1] (net)
                      0.169326    0.000000    0.660622 ^ counter[1] (out)
                                              0.660622   data arrival time

                      0.150000   10.000000   10.000000   clock clk (rise edge)
                                  0.000000   10.000000   clock network delay (ideal)
                                 -0.250000    9.750000   clock uncertainty
                                  0.000000    9.750000   clock reconvergence pessimism
                                 -2.000000    7.750000   output external delay
                                              7.750000   data required time
---------------------------------------------------------------------------------------------
                                              7.750000   data required time
                                             -0.660622   data arrival time
---------------------------------------------------------------------------------------------
                                              7.089377   slack (MET)


Startpoint: enable (input port clocked by clk)
Endpoint: _47_ (rising edge-triggered flip-flop clocked by clk)
Path Group: clk
Path Type: max

Fanout         Cap        Slew       Delay        Time   Description
---------------------------------------------------------------------------------------------
                      0.150000    0.000000    0.000000   clock clk (rise edge)
                                  0.000000    0.000000   clock network delay (ideal)
                                  2.000000    2.000000 ^ input external delay
     1    0.002191    0.017702    0.008159    2.008159 ^ enable (in)
                                                         enable (net)
                      0.017702    0.000000    2.008159 ^ input1/A (sky130_fd_sc_hd__buf_1)
     5    0.012034    0.150973    0.144375    2.152534 ^ input1/X (sky130_fd_sc_hd__buf_1)
                                                         net1 (net)
                      0.150973    0.000000    2.152534 ^ _26_/A (sky130_fd_sc_hd__nor2_1)
     3    0.006667    0.058890    0.086704    2.239238 v _26_/Y (sky130_fd_sc_hd__nor2_1)
                                                         _07_ (net)
                      0.058890    0.000000    2.239238 v _33_/A2 (sky130_fd_sc_hd__a21o_1)
     1    0.002152    0.031115    0.172291    2.411529 v _33_/X (sky130_fd_sc_hd__a21o_1)
                                                         _13_ (net)
                      0.031115    0.000000    2.411529 v _34_/B1 (sky130_fd_sc_hd__a31o_1)
     1    0.001681    0.032330    0.166048    2.577577 v _34_/X (sky130_fd_sc_hd__a31o_1)
                                                         _01_ (net)
                      0.032330    0.000000    2.577577 v _47_/D (sky130_fd_sc_hd__dfxtp_1)
                                              2.577577   data arrival time

                      0.150000   10.000000   10.000000   clock clk (rise edge)
                                  0.000000   10.000000   clock network delay (ideal)
                                 -0.250000    9.750000   clock uncertainty
                                  0.000000    9.750000   clock reconvergence pessimism
                                              9.750000 ^ _47_/CLK (sky130_fd_sc_hd__dfxtp_1)
                                 -0.080465    9.669535   library setup time
                                              9.669535   data required time
---------------------------------------------------------------------------------------------
                                              9.669535   data required time
                                             -2.577577   data arrival time
---------------------------------------------------------------------------------------------
                                              7.091959   slack (MET)


Startpoint: up_down (input port clocked by clk)
Endpoint: _48_ (rising edge-triggered flip-flop clocked by clk)
Path Group: clk
Path Type: max

Fanout         Cap        Slew       Delay        Time   Description
---------------------------------------------------------------------------------------------
                      0.150000    0.000000    0.000000   clock clk (rise edge)
                                  0.000000    0.000000   clock network delay (ideal)
                                  2.000000    2.000000 v input external delay
     1    0.002015    0.007078    0.003088    2.003088 v up_down (in)
                                                         up_down (net)
                      0.007078    0.000000    2.003088 v input3/A (sky130_fd_sc_hd__buf_1)
     5    0.009411    0.062423    0.101905    2.104993 v input3/X (sky130_fd_sc_hd__buf_1)
                                                         net3 (net)
                      0.062423    0.000000    2.104993 v _30_/A (sky130_fd_sc_hd__or2_1)
     2    0.006593    0.067727    0.249657    2.354650 v _30_/X (sky130_fd_sc_hd__or2_1)
                                                         _10_ (net)
                      0.067727    0.000000    2.354650 v _38_/A (sky130_fd_sc_hd__xnor2_1)
     1    0.002617    0.114602    0.150563    2.505213 ^ _38_/Y (sky130_fd_sc_hd__xnor2_1)
                                                         _17_ (net)
                      0.114602    0.000000    2.505213 ^ _40_/A2 (sky130_fd_sc_hd__o21ai_1)
     1    0.001681    0.040989    0.061433    2.566646 v _40_/Y (sky130_fd_sc_hd__o21ai_1)
                                                         _02_ (net)
                      0.040989    0.000000    2.566646 v _48_/D (sky130_fd_sc_hd__dfxtp_1)
                                              2.566646   data arrival time

                      0.150000   10.000000   10.000000   clock clk (rise edge)
                                  0.000000   10.000000   clock network delay (ideal)
                                 -0.250000    9.750000   clock uncertainty
                                  0.000000    9.750000   clock reconvergence pessimism
                                              9.750000 ^ _48_/CLK (sky130_fd_sc_hd__dfxtp_1)
                                 -0.084248    9.665753   library setup time
                                              9.665753   data required time
---------------------------------------------------------------------------------------------
                                              9.665753   data required time
                                             -2.566646   data arrival time
---------------------------------------------------------------------------------------------
                                              7.099107   slack (MET)


Startpoint: _48_ (rising edge-triggered flip-flop clocked by clk)
Endpoint: counter[2] (output port clocked by clk)
Path Group: clk
Path Type: max

Fanout         Cap        Slew       Delay        Time   Description
---------------------------------------------------------------------------------------------
                      0.150000    0.000000    0.000000   clock clk (rise edge)
                                  0.000000    0.000000   clock network delay (ideal)
                      0.150000    0.000000    0.000000 ^ _48_/CLK (sky130_fd_sc_hd__dfxtp_1)
     5    0.011797    0.121712    0.395931    0.395931 ^ _48_/Q (sky130_fd_sc_hd__dfxtp_1)
                                                         net6 (net)
                      0.121712    0.000000    0.395931 ^ output6/A (sky130_fd_sc_hd__buf_2)
     1    0.033442    0.169214    0.224078    0.620009 ^ output6/X (sky130_fd_sc_hd__buf_2)
                                                         counter[2] (net)
                      0.169214    0.000000    0.620009 ^ counter[2] (out)
                                              0.620009   data arrival time

                      0.150000   10.000000   10.000000   clock clk (rise edge)
                                  0.000000   10.000000   clock network delay (ideal)
                                 -0.250000    9.750000   clock uncertainty
                                  0.000000    9.750000   clock reconvergence pessimism
                                 -2.000000    7.750000   output external delay
                                              7.750000   data required time
---------------------------------------------------------------------------------------------
                                              7.750000   data required time
                                             -0.620009   data arrival time
---------------------------------------------------------------------------------------------
                                              7.129991   slack (MET)


Startpoint: _46_ (rising edge-triggered flip-flop clocked by clk)
Endpoint: counter[0] (output port clocked by clk)
Path Group: clk
Path Type: max

Fanout         Cap        Slew       Delay        Time   Description
---------------------------------------------------------------------------------------------
                      0.150000    0.000000    0.000000   clock clk (rise edge)
                                  0.000000    0.000000   clock network delay (ideal)
                      0.150000    0.000000    0.000000 ^ _46_/CLK (sky130_fd_sc_hd__dfxtp_2)
     7    0.018707    0.104542    0.399552    0.399552 ^ _46_/Q (sky130_fd_sc_hd__dfxtp_2)
                                                         net4 (net)
                      0.104542    0.000000    0.399552 ^ output4/A (sky130_fd_sc_hd__buf_2)
     1    0.033442    0.169082    0.217751    0.617303 ^ output4/X (sky130_fd_sc_hd__buf_2)
                                                         counter[0] (net)
                      0.169082    0.000000    0.617303 ^ counter[0] (out)
                                              0.617303   data arrival time

                      0.150000   10.000000   10.000000   clock clk (rise edge)
                                  0.000000   10.000000   clock network delay (ideal)
                                 -0.250000    9.750000   clock uncertainty
                                  0.000000    9.750000   clock reconvergence pessimism
                                 -2.000000    7.750000   output external delay
                                              7.750000   data required time
---------------------------------------------------------------------------------------------
                                              7.750000   data required time
                                             -0.617303   data arrival time
---------------------------------------------------------------------------------------------
                                              7.132697   slack (MET)


Startpoint: _49_ (rising edge-triggered flip-flop clocked by clk)
Endpoint: counter[3] (output port clocked by clk)
Path Group: clk
Path Type: max

Fanout         Cap        Slew       Delay        Time   Description
---------------------------------------------------------------------------------------------
                      0.150000    0.000000    0.000000   clock clk (rise edge)
                                  0.000000    0.000000   clock network delay (ideal)
                      0.150000    0.000000    0.000000 ^ _49_/CLK (sky130_fd_sc_hd__dfxtp_1)
     3    0.006756    0.076672    0.363185    0.363185 ^ _49_/Q (sky130_fd_sc_hd__dfxtp_1)
                                                         net7 (net)
                      0.076672    0.000000    0.363185 ^ output7/A (sky130_fd_sc_hd__buf_2)
     1    0.033442    0.168868    0.207481    0.570666 ^ output7/X (sky130_fd_sc_hd__buf_2)
                                                         counter[3] (net)
                      0.168868    0.000000    0.570666 ^ counter[3] (out)
                                              0.570666   data arrival time

                      0.150000   10.000000   10.000000   clock clk (rise edge)
                                  0.000000   10.000000   clock network delay (ideal)
                                 -0.250000    9.750000   clock uncertainty
                                  0.000000    9.750000   clock reconvergence pessimism
                                 -2.000000    7.750000   output external delay
                                              7.750000   data required time
---------------------------------------------------------------------------------------------
                                              7.750000   data required time
                                             -0.570666   data arrival time
---------------------------------------------------------------------------------------------
                                              7.179334   slack (MET)


Startpoint: enable (input port clocked by clk)
Endpoint: _46_ (rising edge-triggered flip-flop clocked by clk)
Path Group: clk
Path Type: max

Fanout         Cap        Slew       Delay        Time   Description
---------------------------------------------------------------------------------------------
                      0.150000    0.000000    0.000000   clock clk (rise edge)
                                  0.000000    0.000000   clock network delay (ideal)
                                  2.000000    2.000000 ^ input external delay
     1    0.002191    0.017702    0.008159    2.008159 ^ enable (in)
                                                         enable (net)
                      0.017702    0.000000    2.008159 ^ input1/A (sky130_fd_sc_hd__buf_1)
     5    0.012034    0.150973    0.144375    2.152534 ^ input1/X (sky130_fd_sc_hd__buf_1)
                                                         net1 (net)
                      0.150973    0.000000    2.152534 ^ _26_/A (sky130_fd_sc_hd__nor2_1)
     3    0.006667    0.058890    0.086704    2.239238 v _26_/Y (sky130_fd_sc_hd__nor2_1)
                                                         _07_ (net)
                      0.058890    0.000000    2.239238 v _27_/A2 (sky130_fd_sc_hd__a21oi_1)
     1    0.002018    0.091589    0.129402    2.368640 ^ _27_/Y (sky130_fd_sc_hd__a21oi_1)
                                                         _08_ (net)
                      0.091589    0.000000    2.368640 ^ _28_/B1 (sky130_fd_sc_hd__o21ai_1)
     1    0.001681    0.040989    0.062990    2.431631 v _28_/Y (sky130_fd_sc_hd__o21ai_1)
                                                         _00_ (net)
                      0.040989    0.000000    2.431631 v _46_/D (sky130_fd_sc_hd__dfxtp_2)
                                              2.431631   data arrival time

                      0.150000   10.000000   10.000000   clock clk (rise edge)
                                  0.000000   10.000000   clock network delay (ideal)
                                 -0.250000    9.750000   clock uncertainty
                                  0.000000    9.750000   clock reconvergence pessimism
                                              9.750000 ^ _46_/CLK (sky130_fd_sc_hd__dfxtp_2)
                                 -0.086612    9.663388   library setup time
                                              9.663388   data required time
---------------------------------------------------------------------------------------------
                                              9.663388   data required time
                                             -2.431631   data arrival time
---------------------------------------------------------------------------------------------
                                              7.231758   slack (MET)



%OL_END_REPORT
%OL_CREATE_REPORT checks.rpt

===========================================================================
report_checks -unconstrained
===========================================================================
======================= nom_tt_025C_1v80 Corner ===================================

Startpoint: up_down (input port clocked by clk)
Endpoint: _49_ (rising edge-triggered flip-flop clocked by clk)
Path Group: clk
Path Type: max

Fanout         Cap        Slew       Delay        Time   Description
---------------------------------------------------------------------------------------------
                      0.150000    0.000000    0.000000   clock clk (rise edge)
                                  0.000000    0.000000   clock network delay (ideal)
                                  2.000000    2.000000 v input external delay
     1    0.002015    0.007078    0.003088    2.003088 v up_down (in)
                                                         up_down (net)
                      0.007078    0.000000    2.003088 v input3/A (sky130_fd_sc_hd__buf_1)
     5    0.009411    0.062423    0.101905    2.104993 v input3/X (sky130_fd_sc_hd__buf_1)
                                                         net3 (net)
                      0.062423    0.000000    2.104993 v _41_/A1 (sky130_fd_sc_hd__o31ai_1)
     2    0.004897    0.251526    0.281456    2.386448 ^ _41_/Y (sky130_fd_sc_hd__o31ai_1)
                                                         _19_ (net)
                      0.251526    0.000000    2.386448 ^ _44_/C (sky130_fd_sc_hd__nand4_1)
     1    0.002259    0.078387    0.117906    2.504354 v _44_/Y (sky130_fd_sc_hd__nand4_1)
                                                         _22_ (net)
                      0.078387    0.000000    2.504354 v _45_/A3 (sky130_fd_sc_hd__a31o_1)
     1    0.001681    0.032574    0.215262    2.719616 v _45_/X (sky130_fd_sc_hd__a31o_1)
                                                         _03_ (net)
                      0.032574    0.000000    2.719616 v _49_/D (sky130_fd_sc_hd__dfxtp_1)
                                              2.719616   data arrival time

                      0.150000   10.000000   10.000000   clock clk (rise edge)
                                  0.000000   10.000000   clock network delay (ideal)
                                 -0.250000    9.750000   clock uncertainty
                                  0.000000    9.750000   clock reconvergence pessimism
                                              9.750000 ^ _49_/CLK (sky130_fd_sc_hd__dfxtp_1)
                                 -0.080572    9.669428   library setup time
                                              9.669428   data required time
---------------------------------------------------------------------------------------------
                                              9.669428   data required time
                                             -2.719616   data arrival time
---------------------------------------------------------------------------------------------
                                              6.949812   slack (MET)




===========================================================================
report_checks --slack_max -0.01
============================================================================
======================= nom_tt_025C_1v80 Corner ===================================

No paths found.


===========================================================================
 report_check_types -max_slew -max_cap -max_fanout -violators
============================================================================
======================= nom_tt_025C_1v80 Corner ===================================



===========================================================================
report_parasitic_annotation -report_unannotated
============================================================================
Found 41 unannotated drivers.
 clk
 enable
 reset
 up_down
 _23_/Y
 _24_/Y
 _25_/Y
 _26_/Y
 _27_/Y
 _28_/Y
 _29_/X
 _30_/X
 _31_/Y
 _32_/Y
 _33_/X
 _34_/X
 _35_/X
 _36_/Y
 _37_/Y
 _38_/Y
 _39_/Y
 _40_/Y
 _41_/Y
 _42_/Y
 _43_/X
 _44_/Y
 _45_/X
 _46_/Q
 _47_/Q
 _48_/Q
 _49_/Q
 clkbuf_0_clk/X
 clkbuf_1_0__f_clk/X
 clkbuf_1_1__f_clk/X
 input1/X
 input2/X
 input3/X
 output4/X
 output5/X
 output6/X
 output7/X
Found 0 partially unannotated drivers.

===========================================================================
max slew violation count 0
%OL_METRIC_I design__max_slew_violation__count__corner:nom_tt_025C_1v80 0
max fanout violation count 0
%OL_METRIC_I design__max_fanout_violation__count__corner:nom_tt_025C_1v80 0
max cap violation count 0
%OL_METRIC_I design__max_cap_violation__count__corner:nom_tt_025C_1v80 0
============================================================================

===========================================================================
check_setup -verbose -unconstrained_endpoints -multiple_clock -no_clock -no_input_delay -loops -generated_clocks
===========================================================================
%OL_END_REPORT
%OL_CREATE_REPORT power.rpt

===========================================================================
 report_power
============================================================================
======================= nom_tt_025C_1v80 Corner ===================================

Group                    Internal    Switching      Leakage        Total
                            Power        Power        Power        Power (Watts)
------------------------------------------------------------------------
Sequential           1.821909e-05 2.121664e-06 3.377588e-11 2.034078e-05  21.8%
Combinational        6.378598e-06 9.046828e-06 8.363763e-11 1.542551e-05  16.5%
Clock                4.989643e-05 7.547903e-06 3.696930e-11 5.744437e-05  61.6%
Macro                0.000000e+00 0.000000e+00 0.000000e+00 0.000000e+00   0.0%
Pad                  0.000000e+00 0.000000e+00 0.000000e+00 0.000000e+00   0.0%
------------------------------------------------------------------------
Total                7.449411e-05 1.871640e-05 1.543828e-10 9.321066e-05 100.0%
                            79.9%        20.1%         0.0%
%OL_METRIC_F power__internal__total 7.449411350535229e-5
%OL_METRIC_F power__switching__total 1.8716395061346702e-5
%OL_METRIC_F power__leakage__total 1.5438282596758057e-10
%OL_METRIC_F power__total 9.321066318079829e-5

%OL_END_REPORT
%OL_CREATE_REPORT skew.min.rpt

===========================================================================
Clock Skew (Hold)
============================================================================
%OL_METRIC_F clock__skew__worst_hold__corner:nom_tt_025C_1v80 -0.25
======================= nom_tt_025C_1v80 Corner ===================================

Clock clk
0.254934 source latency _46_/CLK ^
-0.254934 target latency _46_/CLK ^
-0.250000 clock uncertainty
0.000000 CRPR
--------------
-0.250000 hold skew

%OL_END_REPORT
%OL_CREATE_REPORT skew.max.rpt

===========================================================================
Clock Skew (Setup)
============================================================================
%OL_METRIC_F clock__skew__worst_setup__corner:nom_tt_025C_1v80 0.25
======================= nom_tt_025C_1v80 Corner ===================================

Clock clk
0.254934 source latency _46_/CLK ^
-0.254934 target latency _46_/CLK ^
0.250000 clock uncertainty
0.000000 CRPR
--------------
0.250000 setup skew

%OL_END_REPORT
%OL_CREATE_REPORT ws.min.rpt

===========================================================================
Worst Slack (Hold)
============================================================================
%OL_METRIC_F timing__hold__ws__corner:nom_tt_025C_1v80 0.23542241045190632
nom_tt_025C_1v80: 0.23542241045190632
%OL_END_REPORT
%OL_CREATE_REPORT ws.max.rpt

===========================================================================
Worst Slack (Setup)
============================================================================
%OL_METRIC_F timing__setup__ws__corner:nom_tt_025C_1v80 6.9498124777747226
nom_tt_025C_1v80: 6.9498124777747226
%OL_END_REPORT
%OL_CREATE_REPORT tns.min.rpt

===========================================================================
Total Negative Slack (Hold)
============================================================================
%OL_METRIC_F timing__hold__tns__corner:nom_tt_025C_1v80 0.0
nom_tt_025C_1v80: 0.0
%OL_END_REPORT
%OL_CREATE_REPORT tns.max.rpt

===========================================================================
Total Negative Slack (Setup)
============================================================================
%OL_METRIC_F timing__setup__tns__corner:nom_tt_025C_1v80 0.0
nom_tt_025C_1v80: 0.0
%OL_END_REPORT
%OL_CREATE_REPORT wns.min.rpt

===========================================================================
Worst Negative Slack (Hold)
============================================================================
%OL_METRIC_F timing__hold__wns__corner:nom_tt_025C_1v80 0
nom_tt_025C_1v80: 0
%OL_END_REPORT
%OL_CREATE_REPORT wns.max.rpt

===========================================================================
Worst Negative Slack (Setup)
============================================================================
%OL_METRIC_F timing__setup__wns__corner:nom_tt_025C_1v80 0.0
nom_tt_025C_1v80: 0.0
%OL_END_REPORT
%OL_CREATE_REPORT violator_list.rpt

===========================================================================
Violator List
============================================================================
%OL_METRIC_I timing__hold_vio__count__corner:nom_tt_025C_1v80 0
%OL_METRIC_F timing__hold_r2r__ws__corner:nom_tt_025C_1v80 0.235422
%OL_METRIC_I timing__hold_r2r_vio__count__corner:nom_tt_025C_1v80 0
%OL_METRIC_I timing__setup_vio__count__corner:nom_tt_025C_1v80 0
%OL_METRIC_F timing__setup_r2r__ws__corner:nom_tt_025C_1v80 inf
%OL_METRIC_I timing__setup_r2r_vio__count__corner:nom_tt_025C_1v80 0
%OL_END_REPORT
%OL_CREATE_REPORT unpropagated.rpt
clk
%OL_END_REPORT
%OL_CREATE_REPORT clock.rpt
Clock: clk
Sources: clk 
Generated: no
Virtual: no
Propagated: no
Period: 10.000000

===========================================================================
report_clock_properties
============================================================================
Clock                   Period          Waveform
----------------------------------------------------
clk                  10.000000    0.000000  5.000000

===========================================================================
report_clock_latency
============================================================================
Clock clk
rise -> rise
    min     max
0.000000 0.000000 source latency
0.254934         network latency _46_/CLK
        0.254934 network latency _46_/CLK
---------------
0.254934 0.254934 latency
        0.000000 skew

fall -> fall
    min     max
0.000000 0.000000 source latency
0.268118         network latency _46_/CLK
        0.268133 network latency _47_/CLK
---------------
0.268118 0.268133 latency
        0.000016 skew



===========================================================================
report_clock_min_period
============================================================================
clk period_min = 1.32 fmax = 758.27
%OL_END_REPORT
Writing SDF files for all corners…
