
===========================================================================
report_checks -unconstrained
===========================================================================
======================= max_ss_100C_1v60 Corner ===================================

Startpoint: up_down (input port clocked by clk)
Endpoint: _49_ (rising edge-triggered flip-flop clocked by clk)
Path Group: clk
Path Type: max

Fanout         Cap        Slew       Delay        Time   Description
---------------------------------------------------------------------------------------------
                                  0.000000    0.000000   clock clk (rise edge)
                                  0.000000    0.000000   clock network delay (propagated)
                                  1.000000    1.000000 v input external delay
     1    0.002510    0.000000    0.000000    1.000000 v up_down (in)
                                                         up_down (net)
                      0.000155    0.000077    1.000077 v input3/A (sky130_fd_sc_hd__buf_1)
     5    0.013309    0.159425    0.217186    1.217263 v input3/X (sky130_fd_sc_hd__buf_1)
                                                         net3 (net)
                      0.159425    0.000545    1.217808 v _41_/A1 (sky130_fd_sc_hd__o31ai_1)
     2    0.008224    0.573410    0.644965    1.862774 ^ _41_/Y (sky130_fd_sc_hd__o31ai_1)
                                                         _19_ (net)
                      0.573410    0.000810    1.863584 ^ _44_/C (sky130_fd_sc_hd__nand4_1)
     1    0.003572    0.211506    0.378330    2.241914 v _44_/Y (sky130_fd_sc_hd__nand4_1)
                                                         _22_ (net)
                      0.211507    0.000267    2.242181 v _45_/A3 (sky130_fd_sc_hd__a31o_1)
     1    0.002328    0.061816    0.440247    2.682428 v _45_/X (sky130_fd_sc_hd__a31o_1)
                                                         _03_ (net)
                      0.061816    0.000097    2.682525 v _49_/D (sky130_fd_sc_hd__dfxtp_1)
                                              2.682525   data arrival time

                                 10.000000   10.000000   clock clk (rise edge)
                                  0.000000   10.000000   clock source latency
     1    0.009391    0.000000    0.000000   10.000000 ^ clk (in)
                                                         clk (net)
                      0.000580    0.000290   10.000291 ^ clkbuf_0_clk/A (sky130_fd_sc_hd__clkbuf_16)
     2    0.017948    0.064756    0.188326   10.188617 ^ clkbuf_0_clk/X (sky130_fd_sc_hd__clkbuf_16)
                                                         clknet_0_clk (net)
                      0.064768    0.001083   10.189699 ^ clkbuf_1_0__f_clk/A (sky130_fd_sc_hd__clkbuf_16)
     2    0.004908    0.047685    0.195558   10.385258 ^ clkbuf_1_0__f_clk/X (sky130_fd_sc_hd__clkbuf_16)
                                                         clknet_1_0__leaf_clk (net)
                      0.047686    0.000294   10.385551 ^ _49_/CLK (sky130_fd_sc_hd__dfxtp_1)
                                  0.000000   10.385551   clock reconvergence pessimism
                                 -0.271587   10.113964   library setup time
                                             10.113964   data required time
---------------------------------------------------------------------------------------------
                                             10.113964   data required time
                                             -2.682525   data arrival time
---------------------------------------------------------------------------------------------
                                              7.431439   slack (MET)




===========================================================================
report_checks --slack_max -0.01
============================================================================
======================= max_ss_100C_1v60 Corner ===================================

No paths found.


===========================================================================
 report_check_types -max_slew -max_cap -max_fanout -violators
============================================================================
======================= max_ss_100C_1v60 Corner ===================================



===========================================================================
report_parasitic_annotation -report_unannotated
============================================================================
Found 0 unannotated drivers.
Found 0 partially unannotated drivers.

===========================================================================
max slew violation count 0
max fanout violation count 0
max cap violation count 0
============================================================================

===========================================================================
check_setup -verbose -unconstrained_endpoints -multiple_clock -no_clock -no_input_delay -loops -generated_clocks
===========================================================================
