
===========================================================================
report_checks -path_delay min (Hold)
============================================================================
======================= max_ss_100C_1v60 Corner ===================================

Startpoint: _46_ (rising edge-triggered flip-flop clocked by clk)
Endpoint: _46_ (rising edge-triggered flip-flop clocked by clk)
Path Group: clk
Path Type: min

Fanout         Cap        Slew       Delay        Time   Description
---------------------------------------------------------------------------------------------
                                  0.000000    0.000000   clock clk (rise edge)
                                  0.000000    0.000000   clock source latency
     1    0.009391    0.000000    0.000000    0.000000 ^ clk (in)
                                                         clk (net)
                      0.000580    0.000290    0.000290 ^ clkbuf_0_clk/A (sky130_fd_sc_hd__clkbuf_16)
     2    0.017948    0.064756    0.188326    0.188616 ^ clkbuf_0_clk/X (sky130_fd_sc_hd__clkbuf_16)
                                                         clknet_0_clk (net)
                      0.064768    0.001069    0.189685 ^ clkbuf_1_1__f_clk/A (sky130_fd_sc_hd__clkbuf_16)
     2    0.005540    0.048556    0.196749    0.386434 ^ clkbuf_1_1__f_clk/X (sky130_fd_sc_hd__clkbuf_16)
                                                         clknet_1_1__leaf_clk (net)
                      0.048556    0.000307    0.386741 ^ _46_/CLK (sky130_fd_sc_hd__dfxtp_1)
     7    0.024418    0.224155    0.708357    1.095098 v _46_/Q (sky130_fd_sc_hd__dfxtp_1)
                                                         net4 (net)
                      0.224157    0.001088    1.096186 v _28_/A1 (sky130_fd_sc_hd__o21ai_1)
     1    0.002308    0.119846    0.261315    1.357501 ^ _28_/Y (sky130_fd_sc_hd__o21ai_1)
                                                         _00_ (net)
                      0.119846    0.000151    1.357652 ^ _46_/D (sky130_fd_sc_hd__dfxtp_1)
                                              1.357652   data arrival time

                                  0.000000    0.000000   clock clk (rise edge)
                                  0.000000    0.000000   clock source latency
     1    0.009391    0.000000    0.000000    0.000000 ^ clk (in)
                                                         clk (net)
                      0.000580    0.000290    0.000290 ^ clkbuf_0_clk/A (sky130_fd_sc_hd__clkbuf_16)
     2    0.017948    0.064756    0.188326    0.188616 ^ clkbuf_0_clk/X (sky130_fd_sc_hd__clkbuf_16)
                                                         clknet_0_clk (net)
                      0.064768    0.001069    0.189685 ^ clkbuf_1_1__f_clk/A (sky130_fd_sc_hd__clkbuf_16)
     2    0.005540    0.048556    0.196749    0.386434 ^ clkbuf_1_1__f_clk/X (sky130_fd_sc_hd__clkbuf_16)
                                                         clknet_1_1__leaf_clk (net)
                      0.048556    0.000307    0.386741 ^ _46_/CLK (sky130_fd_sc_hd__dfxtp_1)
                                  0.000000    0.386741   clock reconvergence pessimism
                                 -0.087031    0.299709   library hold time
                                              0.299709   data required time
---------------------------------------------------------------------------------------------
                                              0.299709   data required time
                                             -1.357652   data arrival time
---------------------------------------------------------------------------------------------
                                              1.057943   slack (MET)


Startpoint: _48_ (rising edge-triggered flip-flop clocked by clk)
Endpoint: _48_ (rising edge-triggered flip-flop clocked by clk)
Path Group: clk
Path Type: min

Fanout         Cap        Slew       Delay        Time   Description
---------------------------------------------------------------------------------------------
                                  0.000000    0.000000   clock clk (rise edge)
                                  0.000000    0.000000   clock source latency
     1    0.009391    0.000000    0.000000    0.000000 ^ clk (in)
                                                         clk (net)
                      0.000580    0.000290    0.000290 ^ clkbuf_0_clk/A (sky130_fd_sc_hd__clkbuf_16)
     2    0.017948    0.064756    0.188326    0.188616 ^ clkbuf_0_clk/X (sky130_fd_sc_hd__clkbuf_16)
                                                         clknet_0_clk (net)
                      0.064768    0.001069    0.189685 ^ clkbuf_1_1__f_clk/A (sky130_fd_sc_hd__clkbuf_16)
     2    0.005540    0.048556    0.196749    0.386434 ^ clkbuf_1_1__f_clk/X (sky130_fd_sc_hd__clkbuf_16)
                                                         clknet_1_1__leaf_clk (net)
                      0.048557    0.000358    0.386792 ^ _48_/CLK (sky130_fd_sc_hd__dfxtp_1)
     5    0.016005    0.153245    0.655613    1.042405 v _48_/Q (sky130_fd_sc_hd__dfxtp_1)
                                                         net6 (net)
                      0.153254    0.001351    1.043756 v _39_/A1 (sky130_fd_sc_hd__a21oi_1)
     1    0.003220    0.157423    0.246110    1.289866 ^ _39_/Y (sky130_fd_sc_hd__a21oi_1)
                                                         _18_ (net)
                      0.157423    0.000210    1.290077 ^ _40_/B1 (sky130_fd_sc_hd__o21ai_1)
     1    0.002016    0.055549    0.144670    1.434746 v _40_/Y (sky130_fd_sc_hd__o21ai_1)
                                                         _02_ (net)
                      0.055549    0.000092    1.434838 v _48_/D (sky130_fd_sc_hd__dfxtp_1)
                                              1.434838   data arrival time

                                  0.000000    0.000000   clock clk (rise edge)
                                  0.000000    0.000000   clock source latency
     1    0.009391    0.000000    0.000000    0.000000 ^ clk (in)
                                                         clk (net)
                      0.000580    0.000290    0.000290 ^ clkbuf_0_clk/A (sky130_fd_sc_hd__clkbuf_16)
     2    0.017948    0.064756    0.188326    0.188616 ^ clkbuf_0_clk/X (sky130_fd_sc_hd__clkbuf_16)
                                                         clknet_0_clk (net)
                      0.064768    0.001069    0.189685 ^ clkbuf_1_1__f_clk/A (sky130_fd_sc_hd__clkbuf_16)
     2    0.005540    0.048556    0.196749    0.386434 ^ clkbuf_1_1__f_clk/X (sky130_fd_sc_hd__clkbuf_16)
                                                         clknet_1_1__leaf_clk (net)
                      0.048557    0.000358    0.386792 ^ _48_/CLK (sky130_fd_sc_hd__dfxtp_1)
                                  0.000000    0.386792   clock reconvergence pessimism
                                 -0.104824    0.281967   library hold time
                                              0.281967   data required time
---------------------------------------------------------------------------------------------
                                              0.281967   data required time
                                             -1.434838   data arrival time
---------------------------------------------------------------------------------------------
                                              1.152871   slack (MET)


Startpoint: _49_ (rising edge-triggered flip-flop clocked by clk)
Endpoint: _49_ (rising edge-triggered flip-flop clocked by clk)
Path Group: clk
Path Type: min

Fanout         Cap        Slew       Delay        Time   Description
---------------------------------------------------------------------------------------------
                                  0.000000    0.000000   clock clk (rise edge)
                                  0.000000    0.000000   clock source latency
     1    0.009391    0.000000    0.000000    0.000000 ^ clk (in)
                                                         clk (net)
                      0.000580    0.000290    0.000290 ^ clkbuf_0_clk/A (sky130_fd_sc_hd__clkbuf_16)
     2    0.017948    0.064756    0.188326    0.188616 ^ clkbuf_0_clk/X (sky130_fd_sc_hd__clkbuf_16)
                                                         clknet_0_clk (net)
                      0.064768    0.001082    0.189699 ^ clkbuf_1_0__f_clk/A (sky130_fd_sc_hd__clkbuf_16)
     2    0.004908    0.047685    0.195559    0.385257 ^ clkbuf_1_0__f_clk/X (sky130_fd_sc_hd__clkbuf_16)
                                                         clknet_1_0__leaf_clk (net)
                      0.047686    0.000294    0.385551 ^ _49_/CLK (sky130_fd_sc_hd__dfxtp_1)
     3    0.010264    0.107673    0.617598    1.003149 v _49_/Q (sky130_fd_sc_hd__dfxtp_1)
                                                         net7 (net)
                      0.107674    0.000596    1.003746 v _44_/B (sky130_fd_sc_hd__nand4_1)
     1    0.003773    0.105198    0.159433    1.163179 ^ _44_/Y (sky130_fd_sc_hd__nand4_1)
                                                         _22_ (net)
                      0.105198    0.000283    1.163462 ^ _45_/A3 (sky130_fd_sc_hd__a31o_1)
     1    0.002244    0.073178    0.299454    1.462916 ^ _45_/X (sky130_fd_sc_hd__a31o_1)
                                                         _03_ (net)
                      0.073178    0.000093    1.463009 ^ _49_/D (sky130_fd_sc_hd__dfxtp_1)
                                              1.463009   data arrival time

                                  0.000000    0.000000   clock clk (rise edge)
                                  0.000000    0.000000   clock source latency
     1    0.009391    0.000000    0.000000    0.000000 ^ clk (in)
                                                         clk (net)
                      0.000580    0.000290    0.000290 ^ clkbuf_0_clk/A (sky130_fd_sc_hd__clkbuf_16)
     2    0.017948    0.064756    0.188326    0.188616 ^ clkbuf_0_clk/X (sky130_fd_sc_hd__clkbuf_16)
                                                         clknet_0_clk (net)
                      0.064768    0.001082    0.189699 ^ clkbuf_1_0__f_clk/A (sky130_fd_sc_hd__clkbuf_16)
     2    0.004908    0.047685    0.195559    0.385257 ^ clkbuf_1_0__f_clk/X (sky130_fd_sc_hd__clkbuf_16)
                                                         clknet_1_0__leaf_clk (net)
                      0.047686    0.000294    0.385551 ^ _49_/CLK (sky130_fd_sc_hd__dfxtp_1)
                                  0.000000    0.385551   clock reconvergence pessimism
                                 -0.076307    0.309244   library hold time
                                              0.309244   data required time
---------------------------------------------------------------------------------------------
                                              0.309244   data required time
                                             -1.463009   data arrival time
---------------------------------------------------------------------------------------------
                                              1.153765   slack (MET)


Startpoint: reset (input port clocked by clk)
Endpoint: _47_ (rising edge-triggered flip-flop clocked by clk)
Path Group: clk
Path Type: min

Fanout         Cap        Slew       Delay        Time   Description
---------------------------------------------------------------------------------------------
                                  0.000000    0.000000   clock clk (rise edge)
                                  0.000000    0.000000   clock network delay (propagated)
                                  1.000000    1.000000 v input external delay
     1    0.002473    0.000000    0.000000    1.000000 v reset (in)
                                                         reset (net)
                      0.000155    0.000077    1.000077 v input2/A (sky130_fd_sc_hd__buf_1)
     2    0.006985    0.093279    0.165700    1.165778 v input2/X (sky130_fd_sc_hd__buf_1)
                                                         net2 (net)
                      0.093279    0.000271    1.166049 v _23_/A (sky130_fd_sc_hd__inv_2)
     4    0.013371    0.107050    0.130390    1.296439 ^ _23_/Y (sky130_fd_sc_hd__inv_2)
                                                         _04_ (net)
                      0.107059    0.000823    1.297262 ^ _34_/A2 (sky130_fd_sc_hd__a31o_1)
     1    0.002282    0.063883    0.290422    1.587684 ^ _34_/X (sky130_fd_sc_hd__a31o_1)
                                                         _01_ (net)
                      0.063883    0.000155    1.587839 ^ _47_/D (sky130_fd_sc_hd__dfxtp_1)
                                              1.587839   data arrival time

                                  0.000000    0.000000   clock clk (rise edge)
                                  0.000000    0.000000   clock source latency
     1    0.009391    0.000000    0.000000    0.000000 ^ clk (in)
                                                         clk (net)
                      0.000580    0.000290    0.000290 ^ clkbuf_0_clk/A (sky130_fd_sc_hd__clkbuf_16)
     2    0.017948    0.064756    0.188326    0.188616 ^ clkbuf_0_clk/X (sky130_fd_sc_hd__clkbuf_16)
                                                         clknet_0_clk (net)
                      0.064768    0.001082    0.189699 ^ clkbuf_1_0__f_clk/A (sky130_fd_sc_hd__clkbuf_16)
     2    0.004908    0.047685    0.195559    0.385257 ^ clkbuf_1_0__f_clk/X (sky130_fd_sc_hd__clkbuf_16)
                                                         clknet_1_0__leaf_clk (net)
                      0.047686    0.000267    0.385524 ^ _47_/CLK (sky130_fd_sc_hd__dfxtp_1)
                                  0.000000    0.385524   clock reconvergence pessimism
                                 -0.074143    0.311381   library hold time
                                              0.311381   data required time
---------------------------------------------------------------------------------------------
                                              0.311381   data required time
                                             -1.587839   data arrival time
---------------------------------------------------------------------------------------------
                                              1.276458   slack (MET)


Startpoint: _49_ (rising edge-triggered flip-flop clocked by clk)
Endpoint: counter[3] (output port clocked by clk)
Path Group: clk
Path Type: min

Fanout         Cap        Slew       Delay        Time   Description
---------------------------------------------------------------------------------------------
                                  0.000000    0.000000   clock clk (rise edge)
                                  0.000000    0.000000   clock source latency
     1    0.009391    0.000000    0.000000    0.000000 ^ clk (in)
                                                         clk (net)
                      0.000580    0.000290    0.000290 ^ clkbuf_0_clk/A (sky130_fd_sc_hd__clkbuf_16)
     2    0.017948    0.064756    0.188326    0.188616 ^ clkbuf_0_clk/X (sky130_fd_sc_hd__clkbuf_16)
                                                         clknet_0_clk (net)
                      0.064768    0.001082    0.189699 ^ clkbuf_1_0__f_clk/A (sky130_fd_sc_hd__clkbuf_16)
     2    0.004908    0.047685    0.195559    0.385257 ^ clkbuf_1_0__f_clk/X (sky130_fd_sc_hd__clkbuf_16)
                                                         clknet_1_0__leaf_clk (net)
                      0.047686    0.000294    0.385551 ^ _49_/CLK (sky130_fd_sc_hd__dfxtp_1)
     3    0.010264    0.107673    0.617598    1.003149 v _49_/Q (sky130_fd_sc_hd__dfxtp_1)
                                                         net7 (net)
                      0.107673    0.000507    1.003656 v output7/A (sky130_fd_sc_hd__buf_1)
     1    0.000326    0.026169    0.151532    1.155188 v output7/X (sky130_fd_sc_hd__buf_1)
                                                         counter[3] (net)
                      0.026169    0.000009    1.155197 v counter[3] (out)
                                              1.155197   data arrival time

                                  0.000000    0.000000   clock clk (rise edge)
                                  0.000000    0.000000   clock network delay (propagated)
                                  0.000000    0.000000   clock reconvergence pessimism
                                 -1.000000   -1.000000   output external delay
                                             -1.000000   data required time
---------------------------------------------------------------------------------------------
                                             -1.000000   data required time
                                             -1.155197   data arrival time
---------------------------------------------------------------------------------------------
                                              2.155197   slack (MET)


Startpoint: _48_ (rising edge-triggered flip-flop clocked by clk)
Endpoint: counter[2] (output port clocked by clk)
Path Group: clk
Path Type: min

Fanout         Cap        Slew       Delay        Time   Description
---------------------------------------------------------------------------------------------
                                  0.000000    0.000000   clock clk (rise edge)
                                  0.000000    0.000000   clock source latency
     1    0.009391    0.000000    0.000000    0.000000 ^ clk (in)
                                                         clk (net)
                      0.000580    0.000290    0.000290 ^ clkbuf_0_clk/A (sky130_fd_sc_hd__clkbuf_16)
     2    0.017948    0.064756    0.188326    0.188616 ^ clkbuf_0_clk/X (sky130_fd_sc_hd__clkbuf_16)
                                                         clknet_0_clk (net)
                      0.064768    0.001069    0.189685 ^ clkbuf_1_1__f_clk/A (sky130_fd_sc_hd__clkbuf_16)
     2    0.005540    0.048556    0.196749    0.386434 ^ clkbuf_1_1__f_clk/X (sky130_fd_sc_hd__clkbuf_16)
                                                         clknet_1_1__leaf_clk (net)
                      0.048557    0.000358    0.386792 ^ _48_/CLK (sky130_fd_sc_hd__dfxtp_1)
     5    0.016005    0.153245    0.655613    1.042405 v _48_/Q (sky130_fd_sc_hd__dfxtp_1)
                                                         net6 (net)
                      0.153248    0.000946    1.043350 v output6/A (sky130_fd_sc_hd__buf_1)
     1    0.000565    0.028967    0.176006    1.219356 v output6/X (sky130_fd_sc_hd__buf_1)
                                                         counter[2] (net)
                      0.028967    0.000015    1.219371 v counter[2] (out)
                                              1.219371   data arrival time

                                  0.000000    0.000000   clock clk (rise edge)
                                  0.000000    0.000000   clock network delay (propagated)
                                  0.000000    0.000000   clock reconvergence pessimism
                                 -1.000000   -1.000000   output external delay
                                             -1.000000   data required time
---------------------------------------------------------------------------------------------
                                             -1.000000   data required time
                                             -1.219371   data arrival time
---------------------------------------------------------------------------------------------
                                              2.219371   slack (MET)


Startpoint: _47_ (rising edge-triggered flip-flop clocked by clk)
Endpoint: counter[1] (output port clocked by clk)
Path Group: clk
Path Type: min

Fanout         Cap        Slew       Delay        Time   Description
---------------------------------------------------------------------------------------------
                                  0.000000    0.000000   clock clk (rise edge)
                                  0.000000    0.000000   clock source latency
     1    0.009391    0.000000    0.000000    0.000000 ^ clk (in)
                                                         clk (net)
                      0.000580    0.000290    0.000290 ^ clkbuf_0_clk/A (sky130_fd_sc_hd__clkbuf_16)
     2    0.017948    0.064756    0.188326    0.188616 ^ clkbuf_0_clk/X (sky130_fd_sc_hd__clkbuf_16)
                                                         clknet_0_clk (net)
                      0.064768    0.001082    0.189699 ^ clkbuf_1_0__f_clk/A (sky130_fd_sc_hd__clkbuf_16)
     2    0.004908    0.047685    0.195559    0.385257 ^ clkbuf_1_0__f_clk/X (sky130_fd_sc_hd__clkbuf_16)
                                                         clknet_1_0__leaf_clk (net)
                      0.047686    0.000267    0.385524 ^ _47_/CLK (sky130_fd_sc_hd__dfxtp_1)
     6    0.020726    0.192830    0.685353    1.070877 v _47_/Q (sky130_fd_sc_hd__dfxtp_1)
                                                         net5 (net)
                      0.192830    0.000659    1.071535 v output5/A (sky130_fd_sc_hd__buf_1)
     1    0.000505    0.028673    0.194080    1.265615 v output5/X (sky130_fd_sc_hd__buf_1)
                                                         counter[1] (net)
                      0.028673    0.000015    1.265630 v counter[1] (out)
                                              1.265630   data arrival time

                                  0.000000    0.000000   clock clk (rise edge)
                                  0.000000    0.000000   clock network delay (propagated)
                                  0.000000    0.000000   clock reconvergence pessimism
                                 -1.000000   -1.000000   output external delay
                                             -1.000000   data required time
---------------------------------------------------------------------------------------------
                                             -1.000000   data required time
                                             -1.265630   data arrival time
---------------------------------------------------------------------------------------------
                                              2.265630   slack (MET)


Startpoint: _46_ (rising edge-triggered flip-flop clocked by clk)
Endpoint: counter[0] (output port clocked by clk)
Path Group: clk
Path Type: min

Fanout         Cap        Slew       Delay        Time   Description
---------------------------------------------------------------------------------------------
                                  0.000000    0.000000   clock clk (rise edge)
                                  0.000000    0.000000   clock source latency
     1    0.009391    0.000000    0.000000    0.000000 ^ clk (in)
                                                         clk (net)
                      0.000580    0.000290    0.000290 ^ clkbuf_0_clk/A (sky130_fd_sc_hd__clkbuf_16)
     2    0.017948    0.064756    0.188326    0.188616 ^ clkbuf_0_clk/X (sky130_fd_sc_hd__clkbuf_16)
                                                         clknet_0_clk (net)
                      0.064768    0.001069    0.189685 ^ clkbuf_1_1__f_clk/A (sky130_fd_sc_hd__clkbuf_16)
     2    0.005540    0.048556    0.196749    0.386434 ^ clkbuf_1_1__f_clk/X (sky130_fd_sc_hd__clkbuf_16)
                                                         clknet_1_1__leaf_clk (net)
                      0.048556    0.000307    0.386741 ^ _46_/CLK (sky130_fd_sc_hd__dfxtp_1)
     7    0.024418    0.224155    0.708357    1.095098 v _46_/Q (sky130_fd_sc_hd__dfxtp_1)
                                                         net4 (net)
                      0.224155    0.000613    1.095711 v output4/A (sky130_fd_sc_hd__buf_1)
     1    0.000402    0.027884    0.207637    1.303348 v output4/X (sky130_fd_sc_hd__buf_1)
                                                         counter[0] (net)
                      0.027884    0.000011    1.303359 v counter[0] (out)
                                              1.303359   data arrival time

                                  0.000000    0.000000   clock clk (rise edge)
                                  0.000000    0.000000   clock network delay (propagated)
                                  0.000000    0.000000   clock reconvergence pessimism
                                 -1.000000   -1.000000   output external delay
                                             -1.000000   data required time
---------------------------------------------------------------------------------------------
                                             -1.000000   data required time
                                             -1.303359   data arrival time
---------------------------------------------------------------------------------------------
                                              2.303359   slack (MET)



