
===========================================================================
report_checks -unconstrained
===========================================================================
======================= nom_ss_100C_1v60 Corner ===================================

Startpoint: up_down (input port clocked by clk)
Endpoint: _49_ (rising edge-triggered flip-flop)
Path Group: unconstrained
Path Type: max

Fanout         Cap        Slew       Delay        Time   Description
---------------------------------------------------------------------------------------------
                                  2.000000    2.000000 v input external delay
     1    0.001996    0.015838    0.006678    2.006678 v up_down (in)
                                                         up_down (net)
                      0.015838    0.000000    2.006678 v input4/A (sky130_fd_sc_hd__buf_1)
     5    0.009361    0.120325    0.192127    2.198804 v input4/X (sky130_fd_sc_hd__buf_1)
                                                         net4 (net)
                      0.120325    0.000000    2.198804 v _41_/A1 (sky130_fd_sc_hd__o31ai_1)
     2    0.004901    0.430855    0.505169    2.703974 ^ _41_/Y (sky130_fd_sc_hd__o31ai_1)
                                                         _19_ (net)
                      0.430855    0.000000    2.703974 ^ _44_/C (sky130_fd_sc_hd__nand4_1)
     1    0.002292    0.171054    0.305916    3.009890 v _44_/Y (sky130_fd_sc_hd__nand4_1)
                                                         _22_ (net)
                      0.171054    0.000000    3.009890 v _45_/A3 (sky130_fd_sc_hd__a31o_1)
     1    0.001620    0.057017    0.413738    3.423628 v _45_/X (sky130_fd_sc_hd__a31o_1)
                                                         _03_ (net)
                      0.057017    0.000000    3.423628 v _49_/D (sky130_fd_sc_hd__dfxtp_1)
                                              3.423628   data arrival time
---------------------------------------------------------------------------------------------
(Path is unconstrained)




===========================================================================
report_checks --slack_max -0.01
============================================================================
======================= nom_ss_100C_1v60 Corner ===================================

No paths found.


===========================================================================
 report_check_types -max_slew -max_cap -max_fanout -violators
============================================================================
======================= nom_ss_100C_1v60 Corner ===================================



===========================================================================
report_parasitic_annotation -report_unannotated
============================================================================
Found 39 unannotated drivers.
 clock
 enable
 reset
 up_down
 _23_/Y
 _24_/Y
 _25_/Y
 _26_/Y
 _27_/Y
 _28_/Y
 _29_/X
 _30_/X
 _31_/Y
 _32_/Y
 _33_/X
 _34_/X
 _35_/X
 _36_/Y
 _37_/Y
 _38_/Y
 _39_/Y
 _40_/Y
 _41_/Y
 _42_/Y
 _43_/X
 _44_/Y
 _45_/X
 _46_/Q
 _47_/Q
 _48_/Q
 _49_/Q
 input1/X
 input2/X
 input3/X
 input4/X
 output5/X
 output6/X
 output7/X
 output8/X
Found 0 partially unannotated drivers.

===========================================================================
max slew violation count 0
max fanout violation count 0
max cap violation count 0
============================================================================

===========================================================================
check_setup -verbose -unconstrained_endpoints -multiple_clock -no_clock -no_input_delay -loops -generated_clocks
===========================================================================
Warning: There are 4 unclocked register/latch pins.
  _46_/CLK
  _47_/CLK
  _48_/CLK
  _49_/CLK
Warning: There are 8 unconstrained endpoints.
  counter[0]
  counter[1]
  counter[2]
  counter[3]
  _46_/D
  _47_/D
  _48_/D
  _49_/D
