
===========================================================================
report_checks -unconstrained
===========================================================================
======================= min_ss_100C_1v60 Corner ===================================

Startpoint: up_down (input port clocked by clk)
Endpoint: _49_ (rising edge-triggered flip-flop)
Path Group: unconstrained
Path Type: max

Fanout         Cap        Slew       Delay        Time   Description
---------------------------------------------------------------------------------------------
                                  2.000000    2.000000 v input external delay
     1    0.002268    0.016450    0.007539    2.007539 v up_down (in)
                                                         up_down (net)
                      0.016450    0.000000    2.007539 v input4/A (sky130_fd_sc_hd__buf_1)
     5    0.011915    0.144189    0.213339    2.220878 v input4/X (sky130_fd_sc_hd__buf_1)
                                                         net4 (net)
                      0.144189    0.000071    2.220948 v _41_/A1 (sky130_fd_sc_hd__o31ai_1)
     2    0.007104    0.539578    0.597632    2.818581 ^ _41_/Y (sky130_fd_sc_hd__o31ai_1)
                                                         _19_ (net)
                      0.539578    0.000100    2.818681 ^ _44_/C (sky130_fd_sc_hd__nand4_1)
     1    0.002756    0.192371    0.347629    3.166310 v _44_/Y (sky130_fd_sc_hd__nand4_1)
                                                         _22_ (net)
                      0.192371    0.000028    3.166338 v _45_/A3 (sky130_fd_sc_hd__a31o_1)
     1    0.002111    0.060001    0.429094    3.595432 v _45_/X (sky130_fd_sc_hd__a31o_1)
                                                         _03_ (net)
                      0.060001    0.000020    3.595452 v _49_/D (sky130_fd_sc_hd__dfxtp_1)
                                              3.595452   data arrival time
---------------------------------------------------------------------------------------------
(Path is unconstrained)




===========================================================================
report_checks --slack_max -0.01
============================================================================
======================= min_ss_100C_1v60 Corner ===================================

No paths found.


===========================================================================
 report_check_types -max_slew -max_cap -max_fanout -violators
============================================================================
======================= min_ss_100C_1v60 Corner ===================================



===========================================================================
report_parasitic_annotation -report_unannotated
============================================================================
Found 0 unannotated drivers.
Found 0 partially unannotated drivers.

===========================================================================
max slew violation count 0
max fanout violation count 0
max cap violation count 0
============================================================================

===========================================================================
check_setup -verbose -unconstrained_endpoints -multiple_clock -no_clock -no_input_delay -loops -generated_clocks
===========================================================================
Warning: There are 4 unclocked register/latch pins.
  _46_/CLK
  _47_/CLK
  _48_/CLK
  _49_/CLK
Warning: There are 8 unconstrained endpoints.
  counter[0]
  counter[1]
  counter[2]
  counter[3]
  _46_/D
  _47_/D
  _48_/D
  _49_/D
