Clock: clk
Sources: clk 
Generated: no
Virtual: yes
Propagated: no
Period: 10.000000

===========================================================================
report_clock_properties
============================================================================
Clock                   Period          Waveform
----------------------------------------------------
clk                  10.000000    0.000000  5.000000

===========================================================================
report_clock_latency
============================================================================
Clock clk
rise -> rise
    min     max
0.000000 0.000000 source latency
0.216907         network latency _48_/CLK
        0.217787 network latency _49_/CLK
---------------
0.216907 0.217787 latency
        0.000879 skew

fall -> fall
    min     max
0.000000 0.000000 source latency
0.253232         network latency _48_/CLK
        0.254033 network latency _49_/CLK
---------------
0.253232 0.254033 latency
        0.000801 skew



===========================================================================
report_clock_min_period
============================================================================
clk period_min = 1.17 fmax = 854.75
