
===========================================================================
report_checks -path_delay max (Setup)
============================================================================
======================= nom_ff_n40C_1v95 Corner ===================================

Startpoint: _46_ (rising edge-triggered flip-flop clocked by clk)
Endpoint: counter[0] (output port clocked by clk)
Path Group: clk
Path Type: max

Fanout         Cap        Slew       Delay        Time   Description
---------------------------------------------------------------------------------------------
                                  0.000000    0.000000   clock clk (rise edge)
                                  0.000000    0.000000   clock source latency
     1    0.009809    0.000000    0.000000    0.000000 ^ clk (in)
                                                         clk (net)
                      0.000260    0.000130    0.000130 ^ clkbuf_0_clk/A (sky130_fd_sc_hd__clkbuf_16)
     2    0.018121    0.029876    0.074697    0.074827 ^ clkbuf_0_clk/X (sky130_fd_sc_hd__clkbuf_16)
                                                         clknet_0_clk (net)
                      0.029878    0.000425    0.075252 ^ clkbuf_1_1__f_clk/A (sky130_fd_sc_hd__clkbuf_16)
     2    0.005683    0.021464    0.073985    0.149237 ^ clkbuf_1_1__f_clk/X (sky130_fd_sc_hd__clkbuf_16)
                                                         clknet_1_1__leaf_clk (net)
                      0.021464    0.000140    0.149377 ^ _46_/CLK (sky130_fd_sc_hd__dfxtp_1)
     7    0.024714    0.177196    0.286449    0.435825 ^ _46_/Q (sky130_fd_sc_hd__dfxtp_1)
                                                         net4 (net)
                      0.177196    0.000264    0.436089 ^ output4/A (sky130_fd_sc_hd__buf_1)
     1    0.000368    0.017113    0.044829    0.480918 ^ output4/X (sky130_fd_sc_hd__buf_1)
                                                         counter[0] (net)
                      0.017113    0.000004    0.480922 ^ counter[0] (out)
                                              0.480922   data arrival time

                                 10.000000   10.000000   clock clk (rise edge)
                                  0.000000   10.000000   clock network delay (propagated)
                                  0.000000   10.000000   clock reconvergence pessimism
                                 -2.000000    8.000000   output external delay
                                              8.000000   data required time
---------------------------------------------------------------------------------------------
                                              8.000000   data required time
                                             -0.480922   data arrival time
---------------------------------------------------------------------------------------------
                                              7.519078   slack (MET)


Startpoint: _47_ (rising edge-triggered flip-flop clocked by clk)
Endpoint: counter[1] (output port clocked by clk)
Path Group: clk
Path Type: max

Fanout         Cap        Slew       Delay        Time   Description
---------------------------------------------------------------------------------------------
                                  0.000000    0.000000   clock clk (rise edge)
                                  0.000000    0.000000   clock source latency
     1    0.009809    0.000000    0.000000    0.000000 ^ clk (in)
                                                         clk (net)
                      0.000260    0.000130    0.000130 ^ clkbuf_0_clk/A (sky130_fd_sc_hd__clkbuf_16)
     2    0.018121    0.029876    0.074697    0.074827 ^ clkbuf_0_clk/X (sky130_fd_sc_hd__clkbuf_16)
                                                         clknet_0_clk (net)
                      0.029878    0.000445    0.075272 ^ clkbuf_1_0__f_clk/A (sky130_fd_sc_hd__clkbuf_16)
     2    0.005063    0.021031    0.073460    0.148731 ^ clkbuf_1_0__f_clk/X (sky130_fd_sc_hd__clkbuf_16)
                                                         clknet_1_0__leaf_clk (net)
                      0.021031    0.000105    0.148836 ^ _47_/CLK (sky130_fd_sc_hd__dfxtp_1)
     6    0.022366    0.161126    0.275200    0.424037 ^ _47_/Q (sky130_fd_sc_hd__dfxtp_1)
                                                         net5 (net)
                      0.161126    0.000460    0.424496 ^ output5/A (sky130_fd_sc_hd__buf_1)
     1    0.000486    0.017461    0.045884    0.470381 ^ output5/X (sky130_fd_sc_hd__buf_1)
                                                         counter[1] (net)
                      0.017461    0.000006    0.470386 ^ counter[1] (out)
                                              0.470386   data arrival time

                                 10.000000   10.000000   clock clk (rise edge)
                                  0.000000   10.000000   clock network delay (propagated)
                                  0.000000   10.000000   clock reconvergence pessimism
                                 -2.000000    8.000000   output external delay
                                              8.000000   data required time
---------------------------------------------------------------------------------------------
                                              8.000000   data required time
                                             -0.470386   data arrival time
---------------------------------------------------------------------------------------------
                                              7.529613   slack (MET)


Startpoint: _48_ (rising edge-triggered flip-flop clocked by clk)
Endpoint: counter[2] (output port clocked by clk)
Path Group: clk
Path Type: max

Fanout         Cap        Slew       Delay        Time   Description
---------------------------------------------------------------------------------------------
                                  0.000000    0.000000   clock clk (rise edge)
                                  0.000000    0.000000   clock source latency
     1    0.009809    0.000000    0.000000    0.000000 ^ clk (in)
                                                         clk (net)
                      0.000260    0.000130    0.000130 ^ clkbuf_0_clk/A (sky130_fd_sc_hd__clkbuf_16)
     2    0.018121    0.029876    0.074697    0.074827 ^ clkbuf_0_clk/X (sky130_fd_sc_hd__clkbuf_16)
                                                         clknet_0_clk (net)
                      0.029878    0.000425    0.075252 ^ clkbuf_1_1__f_clk/A (sky130_fd_sc_hd__clkbuf_16)
     2    0.005683    0.021464    0.073985    0.149237 ^ clkbuf_1_1__f_clk/X (sky130_fd_sc_hd__clkbuf_16)
                                                         clknet_1_1__leaf_clk (net)
                      0.021464    0.000166    0.149402 ^ _48_/CLK (sky130_fd_sc_hd__dfxtp_1)
     5    0.016967    0.124269    0.249404    0.398806 ^ _48_/Q (sky130_fd_sc_hd__dfxtp_1)
                                                         net6 (net)
                      0.124269    0.000383    0.399189 ^ output6/A (sky130_fd_sc_hd__buf_1)
     1    0.000511    0.016635    0.046601    0.445791 ^ output6/X (sky130_fd_sc_hd__buf_1)
                                                         counter[2] (net)
                      0.016635    0.000005    0.445796 ^ counter[2] (out)
                                              0.445796   data arrival time

                                 10.000000   10.000000   clock clk (rise edge)
                                  0.000000   10.000000   clock network delay (propagated)
                                  0.000000   10.000000   clock reconvergence pessimism
                                 -2.000000    8.000000   output external delay
                                              8.000000   data required time
---------------------------------------------------------------------------------------------
                                              8.000000   data required time
                                             -0.445796   data arrival time
---------------------------------------------------------------------------------------------
                                              7.554204   slack (MET)


Startpoint: up_down (input port clocked by clk)
Endpoint: _49_ (rising edge-triggered flip-flop clocked by clk)
Path Group: clk
Path Type: max

Fanout         Cap        Slew       Delay        Time   Description
---------------------------------------------------------------------------------------------
                                  0.000000    0.000000   clock clk (rise edge)
                                  0.000000    0.000000   clock network delay (propagated)
                                  2.000000    2.000000 v input external delay
     1    0.002557    0.000000    0.000000    2.000000 v up_down (in)
                                                         up_down (net)
                      0.000064    0.000032    2.000032 v input3/A (sky130_fd_sc_hd__buf_1)
     5    0.012463    0.052838    0.074446    2.074478 v input3/X (sky130_fd_sc_hd__buf_1)
                                                         net3 (net)
                      0.052840    0.000363    2.074841 v _41_/A1 (sky130_fd_sc_hd__o31ai_1)
     2    0.007103    0.209815    0.220935    2.295776 ^ _41_/Y (sky130_fd_sc_hd__o31ai_1)
                                                         _19_ (net)
                      0.209815    0.000136    2.295911 ^ _44_/C (sky130_fd_sc_hd__nand4_1)
     1    0.003051    0.059016    0.058605    2.354517 v _44_/Y (sky130_fd_sc_hd__nand4_1)
                                                         _22_ (net)
                      0.059016    0.000094    2.354610 v _45_/A3 (sky130_fd_sc_hd__a31o_1)
     1    0.002494    0.026372    0.142807    2.497417 v _45_/X (sky130_fd_sc_hd__a31o_1)
                                                         _03_ (net)
                      0.026372    0.000054    2.497471 v _49_/D (sky130_fd_sc_hd__dfxtp_1)
                                              2.497471   data arrival time

                                 10.000000   10.000000   clock clk (rise edge)
                                  0.000000   10.000000   clock source latency
     1    0.009809    0.000000    0.000000   10.000000 ^ clk (in)
                                                         clk (net)
                      0.000260    0.000130   10.000130 ^ clkbuf_0_clk/A (sky130_fd_sc_hd__clkbuf_16)
     2    0.018121    0.029876    0.074698   10.074827 ^ clkbuf_0_clk/X (sky130_fd_sc_hd__clkbuf_16)
                                                         clknet_0_clk (net)
                      0.029878    0.000444   10.075272 ^ clkbuf_1_0__f_clk/A (sky130_fd_sc_hd__clkbuf_16)
     2    0.005063    0.021031    0.073460   10.148732 ^ clkbuf_1_0__f_clk/X (sky130_fd_sc_hd__clkbuf_16)
                                                         clknet_1_0__leaf_clk (net)
                      0.021031    0.000122   10.148853 ^ _49_/CLK (sky130_fd_sc_hd__dfxtp_1)
                                  0.000000   10.148853   clock reconvergence pessimism
                                 -0.069048   10.079805   library setup time
                                             10.079805   data required time
---------------------------------------------------------------------------------------------
                                             10.079805   data required time
                                             -2.497471   data arrival time
---------------------------------------------------------------------------------------------
                                              7.582335   slack (MET)


Startpoint: _49_ (rising edge-triggered flip-flop clocked by clk)
Endpoint: counter[3] (output port clocked by clk)
Path Group: clk
Path Type: max

Fanout         Cap        Slew       Delay        Time   Description
---------------------------------------------------------------------------------------------
                                  0.000000    0.000000   clock clk (rise edge)
                                  0.000000    0.000000   clock source latency
     1    0.009809    0.000000    0.000000    0.000000 ^ clk (in)
                                                         clk (net)
                      0.000260    0.000130    0.000130 ^ clkbuf_0_clk/A (sky130_fd_sc_hd__clkbuf_16)
     2    0.018121    0.029876    0.074697    0.074827 ^ clkbuf_0_clk/X (sky130_fd_sc_hd__clkbuf_16)
                                                         clknet_0_clk (net)
                      0.029878    0.000445    0.075272 ^ clkbuf_1_0__f_clk/A (sky130_fd_sc_hd__clkbuf_16)
     2    0.005063    0.021031    0.073460    0.148731 ^ clkbuf_1_0__f_clk/X (sky130_fd_sc_hd__clkbuf_16)
                                                         clknet_1_0__leaf_clk (net)
                      0.021031    0.000122    0.148853 ^ _49_/CLK (sky130_fd_sc_hd__dfxtp_1)
     3    0.009977    0.076653    0.216057    0.364911 ^ _49_/Q (sky130_fd_sc_hd__dfxtp_1)
                                                         net7 (net)
                      0.076653    0.000223    0.365134 ^ output7/A (sky130_fd_sc_hd__buf_1)
     1    0.000306    0.013907    0.042330    0.407464 ^ output7/X (sky130_fd_sc_hd__buf_1)
                                                         counter[3] (net)
                      0.013907    0.000003    0.407467 ^ counter[3] (out)
                                              0.407467   data arrival time

                                 10.000000   10.000000   clock clk (rise edge)
                                  0.000000   10.000000   clock network delay (propagated)
                                  0.000000   10.000000   clock reconvergence pessimism
                                 -2.000000    8.000000   output external delay
                                              8.000000   data required time
---------------------------------------------------------------------------------------------
                                              8.000000   data required time
                                             -0.407467   data arrival time
---------------------------------------------------------------------------------------------
                                              7.592533   slack (MET)


Startpoint: up_down (input port clocked by clk)
Endpoint: _48_ (rising edge-triggered flip-flop clocked by clk)
Path Group: clk
Path Type: max

Fanout         Cap        Slew       Delay        Time   Description
---------------------------------------------------------------------------------------------
                                  0.000000    0.000000   clock clk (rise edge)
                                  0.000000    0.000000   clock network delay (propagated)
                                  2.000000    2.000000 v input external delay
     1    0.002557    0.000000    0.000000    2.000000 v up_down (in)
                                                         up_down (net)
                      0.000064    0.000032    2.000032 v input3/A (sky130_fd_sc_hd__buf_1)
     5    0.012463    0.052838    0.074446    2.074478 v input3/X (sky130_fd_sc_hd__buf_1)
                                                         net3 (net)
                      0.052840    0.000395    2.074873 v _30_/A (sky130_fd_sc_hd__or2_1)
     2    0.007735    0.048469    0.157337    2.232210 v _30_/X (sky130_fd_sc_hd__or2_1)
                                                         _10_ (net)
                      0.048469    0.000125    2.232335 v _38_/A (sky130_fd_sc_hd__xnor2_1)
     1    0.002918    0.083752    0.105098    2.337433 ^ _38_/Y (sky130_fd_sc_hd__xnor2_1)
                                                         _17_ (net)
                      0.083752    0.000084    2.337517 ^ _40_/A2 (sky130_fd_sc_hd__o21ai_1)
     1    0.002359    0.027237    0.034888    2.372405 v _40_/Y (sky130_fd_sc_hd__o21ai_1)
                                                         _02_ (net)
                      0.027237    0.000049    2.372454 v _48_/D (sky130_fd_sc_hd__dfxtp_1)
                                              2.372454   data arrival time

                                 10.000000   10.000000   clock clk (rise edge)
                                  0.000000   10.000000   clock source latency
     1    0.009809    0.000000    0.000000   10.000000 ^ clk (in)
                                                         clk (net)
                      0.000260    0.000130   10.000130 ^ clkbuf_0_clk/A (sky130_fd_sc_hd__clkbuf_16)
     2    0.018121    0.029876    0.074698   10.074827 ^ clkbuf_0_clk/X (sky130_fd_sc_hd__clkbuf_16)
                                                         clknet_0_clk (net)
                      0.029878    0.000425   10.075252 ^ clkbuf_1_1__f_clk/A (sky130_fd_sc_hd__clkbuf_16)
     2    0.005683    0.021464    0.073985   10.149238 ^ clkbuf_1_1__f_clk/X (sky130_fd_sc_hd__clkbuf_16)
                                                         clknet_1_1__leaf_clk (net)
                      0.021464    0.000165   10.149403 ^ _48_/CLK (sky130_fd_sc_hd__dfxtp_1)
                                  0.000000   10.149403   clock reconvergence pessimism
                                 -0.069315   10.080088   library setup time
                                             10.080088   data required time
---------------------------------------------------------------------------------------------
                                             10.080088   data required time
                                             -2.372454   data arrival time
---------------------------------------------------------------------------------------------
                                              7.707633   slack (MET)


Startpoint: up_down (input port clocked by clk)
Endpoint: _47_ (rising edge-triggered flip-flop clocked by clk)
Path Group: clk
Path Type: max

Fanout         Cap        Slew       Delay        Time   Description
---------------------------------------------------------------------------------------------
                                  0.000000    0.000000   clock clk (rise edge)
                                  0.000000    0.000000   clock network delay (propagated)
                                  2.000000    2.000000 ^ input external delay
     1    0.002745    0.000000    0.000000    2.000000 ^ up_down (in)
                                                         up_down (net)
                      0.000069    0.000035    2.000035 ^ input3/A (sky130_fd_sc_hd__buf_1)
     5    0.013336    0.121019    0.105297    2.105331 ^ input3/X (sky130_fd_sc_hd__buf_1)
                                                         net3 (net)
                      0.121021    0.000425    2.105756 ^ _30_/A (sky130_fd_sc_hd__or2_1)
     2    0.008189    0.064730    0.102841    2.208597 ^ _30_/X (sky130_fd_sc_hd__or2_1)
                                                         _10_ (net)
                      0.064730    0.000145    2.208741 ^ _32_/A (sky130_fd_sc_hd__nand2_1)
     1    0.003378    0.028233    0.031897    2.240639 v _32_/Y (sky130_fd_sc_hd__nand2_1)
                                                         _12_ (net)
                      0.028233    0.000109    2.240748 v _34_/A3 (sky130_fd_sc_hd__a31o_1)
     1    0.002512    0.026739    0.130903    2.371651 v _34_/X (sky130_fd_sc_hd__a31o_1)
                                                         _01_ (net)
                      0.026739    0.000076    2.371727 v _47_/D (sky130_fd_sc_hd__dfxtp_1)
                                              2.371727   data arrival time

                                 10.000000   10.000000   clock clk (rise edge)
                                  0.000000   10.000000   clock source latency
     1    0.009809    0.000000    0.000000   10.000000 ^ clk (in)
                                                         clk (net)
                      0.000260    0.000130   10.000130 ^ clkbuf_0_clk/A (sky130_fd_sc_hd__clkbuf_16)
     2    0.018121    0.029876    0.074698   10.074827 ^ clkbuf_0_clk/X (sky130_fd_sc_hd__clkbuf_16)
                                                         clknet_0_clk (net)
                      0.029878    0.000444   10.075272 ^ clkbuf_1_0__f_clk/A (sky130_fd_sc_hd__clkbuf_16)
     2    0.005063    0.021031    0.073460   10.148732 ^ clkbuf_1_0__f_clk/X (sky130_fd_sc_hd__clkbuf_16)
                                                         clknet_1_0__leaf_clk (net)
                      0.021031    0.000105   10.148837 ^ _47_/CLK (sky130_fd_sc_hd__dfxtp_1)
                                  0.000000   10.148837   clock reconvergence pessimism
                                 -0.069179   10.079658   library setup time
                                             10.079658   data required time
---------------------------------------------------------------------------------------------
                                             10.079658   data required time
                                             -2.371727   data arrival time
---------------------------------------------------------------------------------------------
                                              7.707931   slack (MET)


Startpoint: enable (input port clocked by clk)
Endpoint: _46_ (rising edge-triggered flip-flop clocked by clk)
Path Group: clk
Path Type: max

Fanout         Cap        Slew       Delay        Time   Description
---------------------------------------------------------------------------------------------
                                  0.000000    0.000000   clock clk (rise edge)
                                  0.000000    0.000000   clock network delay (propagated)
                                  2.000000    2.000000 ^ input external delay
     1    0.002666    0.000000    0.000000    2.000000 ^ enable (in)
                                                         enable (net)
                      0.000066    0.000033    2.000033 ^ input1/A (sky130_fd_sc_hd__buf_1)
     5    0.015410    0.138657    0.117455    2.117488 ^ input1/X (sky130_fd_sc_hd__buf_1)
                                                         net1 (net)
                      0.138658    0.000288    2.117776 ^ _26_/A (sky130_fd_sc_hd__nor2_1)
     3    0.009382    0.056364    0.059908    2.177684 v _26_/Y (sky130_fd_sc_hd__nor2_1)
                                                         _07_ (net)
                      0.056365    0.000260    2.177944 v _27_/A2 (sky130_fd_sc_hd__a21oi_1)
     1    0.002912    0.077869    0.103667    2.281610 ^ _27_/Y (sky130_fd_sc_hd__a21oi_1)
                                                         _08_ (net)
                      0.077870    0.000088    2.281699 ^ _28_/B1 (sky130_fd_sc_hd__o21ai_1)
     1    0.002350    0.043650    0.025786    2.307485 v _28_/Y (sky130_fd_sc_hd__o21ai_1)
                                                         _00_ (net)
                      0.043650    0.000069    2.307554 v _46_/D (sky130_fd_sc_hd__dfxtp_1)
                                              2.307554   data arrival time

                                 10.000000   10.000000   clock clk (rise edge)
                                  0.000000   10.000000   clock source latency
     1    0.009809    0.000000    0.000000   10.000000 ^ clk (in)
                                                         clk (net)
                      0.000260    0.000130   10.000130 ^ clkbuf_0_clk/A (sky130_fd_sc_hd__clkbuf_16)
     2    0.018121    0.029876    0.074698   10.074827 ^ clkbuf_0_clk/X (sky130_fd_sc_hd__clkbuf_16)
                                                         clknet_0_clk (net)
                      0.029878    0.000425   10.075252 ^ clkbuf_1_1__f_clk/A (sky130_fd_sc_hd__clkbuf_16)
     2    0.005683    0.021464    0.073985   10.149238 ^ clkbuf_1_1__f_clk/X (sky130_fd_sc_hd__clkbuf_16)
                                                         clknet_1_1__leaf_clk (net)
                      0.021464    0.000139   10.149377 ^ _46_/CLK (sky130_fd_sc_hd__dfxtp_1)
                                  0.000000   10.149377   clock reconvergence pessimism
                                 -0.075180   10.074197   library setup time
                                             10.074197   data required time
---------------------------------------------------------------------------------------------
                                             10.074197   data required time
                                             -2.307554   data arrival time
---------------------------------------------------------------------------------------------
                                              7.766643   slack (MET)



