Clock: clk
Sources: clk 
Generated: no
Virtual: yes
Propagated: no
Period: 10.000000

===========================================================================
report_clock_properties
============================================================================
Clock                   Period          Waveform
----------------------------------------------------
clk                  10.000000    0.000000  5.000000

===========================================================================
report_clock_latency
============================================================================
Clock clk
rise -> rise
    min     max
0.000000 0.000000 source latency
0.149879         network latency _47_/CLK
        0.150491 network latency _48_/CLK
---------------
0.149879 0.150491 latency
        0.000612 skew

fall -> fall
    min     max
0.000000 0.000000 source latency
0.172545         network latency _47_/CLK
        0.173112 network latency _48_/CLK
---------------
0.172545 0.173112 latency
        0.000567 skew



===========================================================================
report_clock_min_period
============================================================================
clk period_min = 0.76 fmax = 1321.68
