Clock: clk
Sources: clk 
Generated: no
Virtual: yes
Propagated: no
Period: 10.000000

===========================================================================
report_clock_properties
============================================================================
Clock                   Period          Waveform
----------------------------------------------------
clk                  10.000000    0.000000  5.000000

===========================================================================
report_clock_latency
============================================================================
Clock clk
rise -> rise
    min     max
0.000000 0.000000 source latency
0.217107         network latency _47_/CLK
        0.217884 network latency _48_/CLK
---------------
0.217107 0.217884 latency
        0.000778 skew

fall -> fall
    min     max
0.000000 0.000000 source latency
0.253345         network latency _47_/CLK
        0.254055 network latency _48_/CLK
---------------
0.253345 0.254055 latency
        0.000710 skew



===========================================================================
report_clock_min_period
============================================================================
clk period_min = 1.17 fmax = 857.94
