
===========================================================================
report_checks -path_delay min (Hold)
============================================================================
======================= max_ff_n40C_1v95 Corner ===================================

Startpoint: _46_ (rising edge-triggered flip-flop clocked by clk)
Endpoint: _46_ (rising edge-triggered flip-flop clocked by clk)
Path Group: clk
Path Type: min

Fanout         Cap        Slew       Delay        Time   Description
---------------------------------------------------------------------------------------------
                                  0.000000    0.000000   clock clk (rise edge)
                                  0.000000    0.000000   clock source latency
     1    0.009950    0.000000    0.000000    0.000000 ^ clk (in)
                                                         clk (net)
                      0.000597    0.000298    0.000298 ^ clkbuf_0_clk/A (sky130_fd_sc_hd__clkbuf_16)
     2    0.018332    0.030039    0.074689    0.074988 ^ clkbuf_0_clk/X (sky130_fd_sc_hd__clkbuf_16)
                                                         clknet_0_clk (net)
                      0.030055    0.001092    0.076080 ^ clkbuf_1_1__f_clk/A (sky130_fd_sc_hd__clkbuf_16)
     2    0.005879    0.021608    0.074171    0.150250 ^ clkbuf_1_1__f_clk/X (sky130_fd_sc_hd__clkbuf_16)
                                                         clknet_1_1__leaf_clk (net)
                      0.021609    0.000331    0.150582 ^ _46_/CLK (sky130_fd_sc_hd__dfxtp_1)
     7    0.023660    0.080624    0.234310    0.384892 v _46_/Q (sky130_fd_sc_hd__dfxtp_1)
                                                         net4 (net)
                      0.080639    0.001090    0.385982 v _28_/A1 (sky130_fd_sc_hd__o21ai_1)
     1    0.002354    0.036032    0.096802    0.482784 ^ _28_/Y (sky130_fd_sc_hd__o21ai_1)
                                                         _00_ (net)
                      0.036032    0.000173    0.482957 ^ _46_/D (sky130_fd_sc_hd__dfxtp_1)
                                              0.482957   data arrival time

                                  0.000000    0.000000   clock clk (rise edge)
                                  0.000000    0.000000   clock source latency
     1    0.009950    0.000000    0.000000    0.000000 ^ clk (in)
                                                         clk (net)
                      0.000597    0.000298    0.000298 ^ clkbuf_0_clk/A (sky130_fd_sc_hd__clkbuf_16)
     2    0.018332    0.030039    0.074689    0.074988 ^ clkbuf_0_clk/X (sky130_fd_sc_hd__clkbuf_16)
                                                         clknet_0_clk (net)
                      0.030055    0.001092    0.076080 ^ clkbuf_1_1__f_clk/A (sky130_fd_sc_hd__clkbuf_16)
     2    0.005879    0.021608    0.074171    0.150250 ^ clkbuf_1_1__f_clk/X (sky130_fd_sc_hd__clkbuf_16)
                                                         clknet_1_1__leaf_clk (net)
                      0.021609    0.000331    0.150582 ^ _46_/CLK (sky130_fd_sc_hd__dfxtp_1)
                                  0.000000    0.150582   clock reconvergence pessimism
                                 -0.017881    0.132701   library hold time
                                              0.132701   data required time
---------------------------------------------------------------------------------------------
                                              0.132701   data required time
                                             -0.482957   data arrival time
---------------------------------------------------------------------------------------------
                                              0.350256   slack (MET)


Startpoint: _48_ (rising edge-triggered flip-flop clocked by clk)
Endpoint: _48_ (rising edge-triggered flip-flop clocked by clk)
Path Group: clk
Path Type: min

Fanout         Cap        Slew       Delay        Time   Description
---------------------------------------------------------------------------------------------
                                  0.000000    0.000000   clock clk (rise edge)
                                  0.000000    0.000000   clock source latency
     1    0.009950    0.000000    0.000000    0.000000 ^ clk (in)
                                                         clk (net)
                      0.000597    0.000298    0.000298 ^ clkbuf_0_clk/A (sky130_fd_sc_hd__clkbuf_16)
     2    0.018332    0.030039    0.074689    0.074988 ^ clkbuf_0_clk/X (sky130_fd_sc_hd__clkbuf_16)
                                                         clknet_0_clk (net)
                      0.030055    0.001092    0.076080 ^ clkbuf_1_1__f_clk/A (sky130_fd_sc_hd__clkbuf_16)
     2    0.005879    0.021608    0.074171    0.150250 ^ clkbuf_1_1__f_clk/X (sky130_fd_sc_hd__clkbuf_16)
                                                         clknet_1_1__leaf_clk (net)
                      0.021609    0.000381    0.150632 ^ _48_/CLK (sky130_fd_sc_hd__dfxtp_1)
     5    0.017346    0.126962    0.250732    0.401363 ^ _48_/Q (sky130_fd_sc_hd__dfxtp_1)
                                                         net6 (net)
                      0.126979    0.001497    0.402861 ^ _39_/A1 (sky130_fd_sc_hd__a21oi_1)
     1    0.002180    0.038828    0.039976    0.442836 v _39_/Y (sky130_fd_sc_hd__a21oi_1)
                                                         _18_ (net)
                      0.038828    0.000102    0.442938 v _40_/B1 (sky130_fd_sc_hd__o21ai_1)
     1    0.002376    0.035947    0.045678    0.488616 ^ _40_/Y (sky130_fd_sc_hd__o21ai_1)
                                                         _02_ (net)
                      0.035947    0.000100    0.488716 ^ _48_/D (sky130_fd_sc_hd__dfxtp_1)
                                              0.488716   data arrival time

                                  0.000000    0.000000   clock clk (rise edge)
                                  0.000000    0.000000   clock source latency
     1    0.009950    0.000000    0.000000    0.000000 ^ clk (in)
                                                         clk (net)
                      0.000597    0.000298    0.000298 ^ clkbuf_0_clk/A (sky130_fd_sc_hd__clkbuf_16)
     2    0.018332    0.030039    0.074689    0.074988 ^ clkbuf_0_clk/X (sky130_fd_sc_hd__clkbuf_16)
                                                         clknet_0_clk (net)
                      0.030055    0.001092    0.076080 ^ clkbuf_1_1__f_clk/A (sky130_fd_sc_hd__clkbuf_16)
     2    0.005879    0.021608    0.074171    0.150250 ^ clkbuf_1_1__f_clk/X (sky130_fd_sc_hd__clkbuf_16)
                                                         clknet_1_1__leaf_clk (net)
                      0.021609    0.000381    0.150632 ^ _48_/CLK (sky130_fd_sc_hd__dfxtp_1)
                                  0.000000    0.150632   clock reconvergence pessimism
                                 -0.017875    0.132757   library hold time
                                              0.132757   data required time
---------------------------------------------------------------------------------------------
                                              0.132757   data required time
                                             -0.488716   data arrival time
---------------------------------------------------------------------------------------------
                                              0.355959   slack (MET)


Startpoint: _49_ (rising edge-triggered flip-flop clocked by clk)
Endpoint: _49_ (rising edge-triggered flip-flop clocked by clk)
Path Group: clk
Path Type: min

Fanout         Cap        Slew       Delay        Time   Description
---------------------------------------------------------------------------------------------
                                  0.000000    0.000000   clock clk (rise edge)
                                  0.000000    0.000000   clock source latency
     1    0.009950    0.000000    0.000000    0.000000 ^ clk (in)
                                                         clk (net)
                      0.000597    0.000298    0.000298 ^ clkbuf_0_clk/A (sky130_fd_sc_hd__clkbuf_16)
     2    0.018332    0.030039    0.074689    0.074988 ^ clkbuf_0_clk/X (sky130_fd_sc_hd__clkbuf_16)
                                                         clknet_0_clk (net)
                      0.030056    0.001121    0.076108 ^ clkbuf_1_0__f_clk/A (sky130_fd_sc_hd__clkbuf_16)
     2    0.005197    0.021131    0.073598    0.149706 ^ clkbuf_1_0__f_clk/X (sky130_fd_sc_hd__clkbuf_16)
                                                         clknet_1_0__leaf_clk (net)
                      0.021132    0.000316    0.150022 ^ _49_/CLK (sky130_fd_sc_hd__dfxtp_1)
     3    0.009618    0.038963    0.200597    0.350619 v _49_/Q (sky130_fd_sc_hd__dfxtp_1)
                                                         net7 (net)
                      0.038970    0.000532    0.351151 v _44_/B (sky130_fd_sc_hd__nand4_1)
     1    0.003392    0.043089    0.061126    0.412277 ^ _44_/Y (sky130_fd_sc_hd__nand4_1)
                                                         _22_ (net)
                      0.043089    0.000235    0.412511 ^ _45_/A3 (sky130_fd_sc_hd__a31o_1)
     1    0.002529    0.027939    0.079648    0.492160 ^ _45_/X (sky130_fd_sc_hd__a31o_1)
                                                         _03_ (net)
                      0.027939    0.000106    0.492265 ^ _49_/D (sky130_fd_sc_hd__dfxtp_1)
                                              0.492265   data arrival time

                                  0.000000    0.000000   clock clk (rise edge)
                                  0.000000    0.000000   clock source latency
     1    0.009950    0.000000    0.000000    0.000000 ^ clk (in)
                                                         clk (net)
                      0.000597    0.000298    0.000298 ^ clkbuf_0_clk/A (sky130_fd_sc_hd__clkbuf_16)
     2    0.018332    0.030039    0.074689    0.074988 ^ clkbuf_0_clk/X (sky130_fd_sc_hd__clkbuf_16)
                                                         clknet_0_clk (net)
                      0.030056    0.001121    0.076108 ^ clkbuf_1_0__f_clk/A (sky130_fd_sc_hd__clkbuf_16)
     2    0.005197    0.021131    0.073598    0.149706 ^ clkbuf_1_0__f_clk/X (sky130_fd_sc_hd__clkbuf_16)
                                                         clknet_1_0__leaf_clk (net)
                      0.021132    0.000316    0.150022 ^ _49_/CLK (sky130_fd_sc_hd__dfxtp_1)
                                  0.000000    0.150022   clock reconvergence pessimism
                                 -0.017319    0.132703   library hold time
                                              0.132703   data required time
---------------------------------------------------------------------------------------------
                                              0.132703   data required time
                                             -0.492265   data arrival time
---------------------------------------------------------------------------------------------
                                              0.359562   slack (MET)


Startpoint: _47_ (rising edge-triggered flip-flop clocked by clk)
Endpoint: _47_ (rising edge-triggered flip-flop clocked by clk)
Path Group: clk
Path Type: min

Fanout         Cap        Slew       Delay        Time   Description
---------------------------------------------------------------------------------------------
                                  0.000000    0.000000   clock clk (rise edge)
                                  0.000000    0.000000   clock source latency
     1    0.009950    0.000000    0.000000    0.000000 ^ clk (in)
                                                         clk (net)
                      0.000597    0.000298    0.000298 ^ clkbuf_0_clk/A (sky130_fd_sc_hd__clkbuf_16)
     2    0.018332    0.030039    0.074689    0.074988 ^ clkbuf_0_clk/X (sky130_fd_sc_hd__clkbuf_16)
                                                         clknet_0_clk (net)
                      0.030056    0.001121    0.076108 ^ clkbuf_1_0__f_clk/A (sky130_fd_sc_hd__clkbuf_16)
     2    0.005197    0.021131    0.073598    0.149706 ^ clkbuf_1_0__f_clk/X (sky130_fd_sc_hd__clkbuf_16)
                                                         clknet_1_0__leaf_clk (net)
                      0.021132    0.000286    0.149992 ^ _47_/CLK (sky130_fd_sc_hd__dfxtp_1)
     6    0.022984    0.165444    0.277779    0.427771 ^ _47_/Q (sky130_fd_sc_hd__dfxtp_1)
                                                         net5 (net)
                      0.165450    0.001161    0.428933 ^ _33_/A1 (sky130_fd_sc_hd__a21o_1)
     1    0.003083    0.029274    0.077664    0.506597 ^ _33_/X (sky130_fd_sc_hd__a21o_1)
                                                         _13_ (net)
                      0.029275    0.000231    0.506828 ^ _34_/B1 (sky130_fd_sc_hd__a31o_1)
     1    0.002535    0.025504    0.049053    0.555881 ^ _34_/X (sky130_fd_sc_hd__a31o_1)
                                                         _01_ (net)
                      0.025505    0.000176    0.556056 ^ _47_/D (sky130_fd_sc_hd__dfxtp_1)
                                              0.556056   data arrival time

                                  0.000000    0.000000   clock clk (rise edge)
                                  0.000000    0.000000   clock source latency
     1    0.009950    0.000000    0.000000    0.000000 ^ clk (in)
                                                         clk (net)
                      0.000597    0.000298    0.000298 ^ clkbuf_0_clk/A (sky130_fd_sc_hd__clkbuf_16)
     2    0.018332    0.030039    0.074689    0.074988 ^ clkbuf_0_clk/X (sky130_fd_sc_hd__clkbuf_16)
                                                         clknet_0_clk (net)
                      0.030056    0.001121    0.076108 ^ clkbuf_1_0__f_clk/A (sky130_fd_sc_hd__clkbuf_16)
     2    0.005197    0.021131    0.073598    0.149706 ^ clkbuf_1_0__f_clk/X (sky130_fd_sc_hd__clkbuf_16)
                                                         clknet_1_0__leaf_clk (net)
                      0.021132    0.000286    0.149992 ^ _47_/CLK (sky130_fd_sc_hd__dfxtp_1)
                                  0.000000    0.149992   clock reconvergence pessimism
                                 -0.017146    0.132846   library hold time
                                              0.132846   data required time
---------------------------------------------------------------------------------------------
                                              0.132846   data required time
                                             -0.556056   data arrival time
---------------------------------------------------------------------------------------------
                                              0.423211   slack (MET)


Startpoint: _49_ (rising edge-triggered flip-flop clocked by clk)
Endpoint: counter[3] (output port clocked by clk)
Path Group: clk
Path Type: min

Fanout         Cap        Slew       Delay        Time   Description
---------------------------------------------------------------------------------------------
                                  0.000000    0.000000   clock clk (rise edge)
                                  0.000000    0.000000   clock source latency
     1    0.009950    0.000000    0.000000    0.000000 ^ clk (in)
                                                         clk (net)
                      0.000597    0.000298    0.000298 ^ clkbuf_0_clk/A (sky130_fd_sc_hd__clkbuf_16)
     2    0.018332    0.030039    0.074689    0.074988 ^ clkbuf_0_clk/X (sky130_fd_sc_hd__clkbuf_16)
                                                         clknet_0_clk (net)
                      0.030056    0.001121    0.076108 ^ clkbuf_1_0__f_clk/A (sky130_fd_sc_hd__clkbuf_16)
     2    0.005197    0.021131    0.073598    0.149706 ^ clkbuf_1_0__f_clk/X (sky130_fd_sc_hd__clkbuf_16)
                                                         clknet_1_0__leaf_clk (net)
                      0.021132    0.000316    0.150022 ^ _49_/CLK (sky130_fd_sc_hd__dfxtp_1)
     3    0.009618    0.038963    0.200597    0.350619 v _49_/Q (sky130_fd_sc_hd__dfxtp_1)
                                                         net7 (net)
                      0.038971    0.000540    0.351158 v output7/A (sky130_fd_sc_hd__buf_1)
     1    0.000326    0.009927    0.049700    0.400859 v output7/X (sky130_fd_sc_hd__buf_1)
                                                         counter[3] (net)
                      0.009927    0.000009    0.400867 v counter[3] (out)
                                              0.400867   data arrival time

                                  0.000000    0.000000   clock clk (rise edge)
                                  0.000000    0.000000   clock network delay (propagated)
                                  0.000000    0.000000   clock reconvergence pessimism
                                 -2.000000   -2.000000   output external delay
                                             -2.000000   data required time
---------------------------------------------------------------------------------------------
                                             -2.000000   data required time
                                             -0.400867   data arrival time
---------------------------------------------------------------------------------------------
                                              2.400867   slack (MET)


Startpoint: _48_ (rising edge-triggered flip-flop clocked by clk)
Endpoint: counter[2] (output port clocked by clk)
Path Group: clk
Path Type: min

Fanout         Cap        Slew       Delay        Time   Description
---------------------------------------------------------------------------------------------
                                  0.000000    0.000000   clock clk (rise edge)
                                  0.000000    0.000000   clock source latency
     1    0.009950    0.000000    0.000000    0.000000 ^ clk (in)
                                                         clk (net)
                      0.000597    0.000298    0.000298 ^ clkbuf_0_clk/A (sky130_fd_sc_hd__clkbuf_16)
     2    0.018332    0.030039    0.074689    0.074988 ^ clkbuf_0_clk/X (sky130_fd_sc_hd__clkbuf_16)
                                                         clknet_0_clk (net)
                      0.030055    0.001092    0.076080 ^ clkbuf_1_1__f_clk/A (sky130_fd_sc_hd__clkbuf_16)
     2    0.005879    0.021608    0.074171    0.150250 ^ clkbuf_1_1__f_clk/X (sky130_fd_sc_hd__clkbuf_16)
                                                         clknet_1_1__leaf_clk (net)
                      0.021609    0.000381    0.150632 ^ _48_/CLK (sky130_fd_sc_hd__dfxtp_1)
     5    0.016280    0.058018    0.216581    0.367212 v _48_/Q (sky130_fd_sc_hd__dfxtp_1)
                                                         net6 (net)
                      0.058035    0.000956    0.368168 v output6/A (sky130_fd_sc_hd__buf_1)
     1    0.000534    0.011045    0.058052    0.426220 v output6/X (sky130_fd_sc_hd__buf_1)
                                                         counter[2] (net)
                      0.011045    0.000014    0.426234 v counter[2] (out)
                                              0.426234   data arrival time

                                  0.000000    0.000000   clock clk (rise edge)
                                  0.000000    0.000000   clock network delay (propagated)
                                  0.000000    0.000000   clock reconvergence pessimism
                                 -2.000000   -2.000000   output external delay
                                             -2.000000   data required time
---------------------------------------------------------------------------------------------
                                             -2.000000   data required time
                                             -0.426234   data arrival time
---------------------------------------------------------------------------------------------
                                              2.426234   slack (MET)


Startpoint: _47_ (rising edge-triggered flip-flop clocked by clk)
Endpoint: counter[1] (output port clocked by clk)
Path Group: clk
Path Type: min

Fanout         Cap        Slew       Delay        Time   Description
---------------------------------------------------------------------------------------------
                                  0.000000    0.000000   clock clk (rise edge)
                                  0.000000    0.000000   clock source latency
     1    0.009950    0.000000    0.000000    0.000000 ^ clk (in)
                                                         clk (net)
                      0.000597    0.000298    0.000298 ^ clkbuf_0_clk/A (sky130_fd_sc_hd__clkbuf_16)
     2    0.018332    0.030039    0.074689    0.074988 ^ clkbuf_0_clk/X (sky130_fd_sc_hd__clkbuf_16)
                                                         clknet_0_clk (net)
                      0.030056    0.001121    0.076108 ^ clkbuf_1_0__f_clk/A (sky130_fd_sc_hd__clkbuf_16)
     2    0.005197    0.021131    0.073598    0.149706 ^ clkbuf_1_0__f_clk/X (sky130_fd_sc_hd__clkbuf_16)
                                                         clknet_1_0__leaf_clk (net)
                      0.021132    0.000286    0.149992 ^ _47_/CLK (sky130_fd_sc_hd__dfxtp_1)
     6    0.021534    0.074113    0.229229    0.379221 v _47_/Q (sky130_fd_sc_hd__dfxtp_1)
                                                         net5 (net)
                      0.074128    0.001021    0.380242 v output5/A (sky130_fd_sc_hd__buf_1)
     1    0.000512    0.011675    0.063169    0.443411 v output5/X (sky130_fd_sc_hd__buf_1)
                                                         counter[1] (net)
                      0.011675    0.000015    0.443426 v counter[1] (out)
                                              0.443426   data arrival time

                                  0.000000    0.000000   clock clk (rise edge)
                                  0.000000    0.000000   clock network delay (propagated)
                                  0.000000    0.000000   clock reconvergence pessimism
                                 -2.000000   -2.000000   output external delay
                                             -2.000000   data required time
---------------------------------------------------------------------------------------------
                                             -2.000000   data required time
                                             -0.443426   data arrival time
---------------------------------------------------------------------------------------------
                                              2.443426   slack (MET)


Startpoint: _46_ (rising edge-triggered flip-flop clocked by clk)
Endpoint: counter[0] (output port clocked by clk)
Path Group: clk
Path Type: min

Fanout         Cap        Slew       Delay        Time   Description
---------------------------------------------------------------------------------------------
                                  0.000000    0.000000   clock clk (rise edge)
                                  0.000000    0.000000   clock source latency
     1    0.009950    0.000000    0.000000    0.000000 ^ clk (in)
                                                         clk (net)
                      0.000597    0.000298    0.000298 ^ clkbuf_0_clk/A (sky130_fd_sc_hd__clkbuf_16)
     2    0.018332    0.030039    0.074689    0.074988 ^ clkbuf_0_clk/X (sky130_fd_sc_hd__clkbuf_16)
                                                         clknet_0_clk (net)
                      0.030055    0.001092    0.076080 ^ clkbuf_1_1__f_clk/A (sky130_fd_sc_hd__clkbuf_16)
     2    0.005879    0.021608    0.074171    0.150250 ^ clkbuf_1_1__f_clk/X (sky130_fd_sc_hd__clkbuf_16)
                                                         clknet_1_1__leaf_clk (net)
                      0.021609    0.000331    0.150582 ^ _46_/CLK (sky130_fd_sc_hd__dfxtp_1)
     7    0.023660    0.080624    0.234310    0.384892 v _46_/Q (sky130_fd_sc_hd__dfxtp_1)
                                                         net4 (net)
                      0.080627    0.000606    0.385498 v output4/A (sky130_fd_sc_hd__buf_1)
     1    0.000391    0.011534    0.064688    0.450186 v output4/X (sky130_fd_sc_hd__buf_1)
                                                         counter[0] (net)
                      0.011534    0.000010    0.450197 v counter[0] (out)
                                              0.450197   data arrival time

                                  0.000000    0.000000   clock clk (rise edge)
                                  0.000000    0.000000   clock network delay (propagated)
                                  0.000000    0.000000   clock reconvergence pessimism
                                 -2.000000   -2.000000   output external delay
                                             -2.000000   data required time
---------------------------------------------------------------------------------------------
                                             -2.000000   data required time
                                             -0.450197   data arrival time
---------------------------------------------------------------------------------------------
                                              2.450197   slack (MET)



