Clock: clk
Sources: clk 
Generated: no
Virtual: yes
Propagated: no
Period: 10.000000

===========================================================================
report_clock_properties
============================================================================
Clock                   Period          Waveform
----------------------------------------------------
clk                  10.000000    0.000000  5.000000

===========================================================================
report_clock_latency
============================================================================
Clock clk
rise -> rise
    min     max
0.000000 0.000000 source latency
0.217942         network latency _47_/CLK
        0.218745 network latency _46_/CLK
---------------
0.217942 0.218745 latency
        0.000803 skew

fall -> fall
    min     max
0.000000 0.000000 source latency
0.254143         network latency _47_/CLK
        0.254879 network latency _46_/CLK
---------------
0.254143 0.254879 latency
        0.000736 skew



===========================================================================
report_clock_min_period
============================================================================
clk period_min = 1.20 fmax = 832.51
