Reading timing models for corner max_tt_025C_1v80…
Reading cell library for the 'max_tt_025C_1v80' corner at '/home/amostafa/.volare/volare/sky130/versions/0fe599b2afb6708d281543108caf8310912f54af/sky130A/libs.ref/sky130_fd_sc_hd/lib/sky130_fd_sc_hd__tt_025C_1v80.lib'…
Reading top-level netlist at '/home/amostafa/vlsi/runs/RUN_2024-12-04_10-33-24/10-openroad-detailedrouting/counter_dut.nl.v'…
Linking design 'counter_dut' from netlist…
Reading design constraints file at 'counter_dut.sdc'…
Warning: counter_dut.sdc line 5, set_input_delay relative to a clock defined on the same port/pin not allowed.
[INFO] No information on clock propagation in input SDC file-- propagating all clocks.
Reading top-level design parasitics for the 'max_tt_025C_1v80' corner at '/home/amostafa/vlsi/runs/RUN_2024-12-04_10-33-24/12-openroad-rcx/max/counter_dut.max.spef'…
%OL_CREATE_REPORT min.rpt

===========================================================================
report_checks -path_delay min (Hold)
============================================================================
======================= max_tt_025C_1v80 Corner ===================================

Startpoint: _46_ (rising edge-triggered flip-flop clocked by clk)
Endpoint: _46_ (rising edge-triggered flip-flop clocked by clk)
Path Group: clk
Path Type: min

Fanout         Cap        Slew       Delay        Time   Description
---------------------------------------------------------------------------------------------
                                  0.000000    0.000000   clock clk (rise edge)
                                  0.000000    0.000000   clock source latency
     1    0.009594    0.000000    0.000000    0.000000 ^ clk (in)
                                                         clk (net)
                      0.000590    0.000295    0.000295 ^ clkbuf_0_clk/A (sky130_fd_sc_hd__clkbuf_16)
     2    0.018058    0.040193    0.107754    0.108050 ^ clkbuf_0_clk/X (sky130_fd_sc_hd__clkbuf_16)
                                                         clknet_0_clk (net)
                      0.040199    0.000927    0.108976 ^ clkbuf_1_1__f_clk/A (sky130_fd_sc_hd__clkbuf_16)
     2    0.005564    0.029290    0.109418    0.218394 ^ clkbuf_1_1__f_clk/X (sky130_fd_sc_hd__clkbuf_16)
                                                         clknet_1_1__leaf_clk (net)
                      0.029291    0.000351    0.218745 ^ _46_/CLK (sky130_fd_sc_hd__dfxtp_1)
     7    0.024660    0.118640    0.364605    0.583349 v _46_/Q (sky130_fd_sc_hd__dfxtp_1)
                                                         net4 (net)
                      0.118650    0.001140    0.584489 v _28_/A1 (sky130_fd_sc_hd__o21ai_1)
     1    0.003322    0.080355    0.158198    0.742688 ^ _28_/Y (sky130_fd_sc_hd__o21ai_1)
                                                         _00_ (net)
                      0.080356    0.000245    0.742932 ^ _46_/D (sky130_fd_sc_hd__dfxtp_1)
                                              0.742932   data arrival time

                                  0.000000    0.000000   clock clk (rise edge)
                                  0.000000    0.000000   clock source latency
     1    0.009594    0.000000    0.000000    0.000000 ^ clk (in)
                                                         clk (net)
                      0.000590    0.000295    0.000295 ^ clkbuf_0_clk/A (sky130_fd_sc_hd__clkbuf_16)
     2    0.018058    0.040193    0.107754    0.108050 ^ clkbuf_0_clk/X (sky130_fd_sc_hd__clkbuf_16)
                                                         clknet_0_clk (net)
                      0.040199    0.000927    0.108976 ^ clkbuf_1_1__f_clk/A (sky130_fd_sc_hd__clkbuf_16)
     2    0.005564    0.029290    0.109418    0.218394 ^ clkbuf_1_1__f_clk/X (sky130_fd_sc_hd__clkbuf_16)
                                                         clknet_1_1__leaf_clk (net)
                      0.029291    0.000351    0.218745 ^ _46_/CLK (sky130_fd_sc_hd__dfxtp_1)
                                  0.000000    0.218745   clock reconvergence pessimism
                                 -0.040763    0.177982   library hold time
                                              0.177982   data required time
---------------------------------------------------------------------------------------------
                                              0.177982   data required time
                                             -0.742932   data arrival time
---------------------------------------------------------------------------------------------
                                              0.564950   slack (MET)


Startpoint: _49_ (rising edge-triggered flip-flop clocked by clk)
Endpoint: _49_ (rising edge-triggered flip-flop clocked by clk)
Path Group: clk
Path Type: min

Fanout         Cap        Slew       Delay        Time   Description
---------------------------------------------------------------------------------------------
                                  0.000000    0.000000   clock clk (rise edge)
                                  0.000000    0.000000   clock source latency
     1    0.009594    0.000000    0.000000    0.000000 ^ clk (in)
                                                         clk (net)
                      0.000590    0.000295    0.000295 ^ clkbuf_0_clk/A (sky130_fd_sc_hd__clkbuf_16)
     2    0.018058    0.040193    0.107754    0.108050 ^ clkbuf_0_clk/X (sky130_fd_sc_hd__clkbuf_16)
                                                         clknet_0_clk (net)
                      0.040199    0.000947    0.108996 ^ clkbuf_1_0__f_clk/A (sky130_fd_sc_hd__clkbuf_16)
     2    0.004936    0.028714    0.108674    0.217670 ^ clkbuf_1_0__f_clk/X (sky130_fd_sc_hd__clkbuf_16)
                                                         clknet_1_0__leaf_clk (net)
                      0.028715    0.000302    0.217973 ^ _49_/CLK (sky130_fd_sc_hd__dfxtp_1)
     3    0.009385    0.053411    0.311904    0.529876 v _49_/Q (sky130_fd_sc_hd__dfxtp_1)
                                                         net7 (net)
                      0.053414    0.000480    0.530357 v _44_/B (sky130_fd_sc_hd__nand4_1)
     1    0.004323    0.067038    0.092941    0.623297 ^ _44_/Y (sky130_fd_sc_hd__nand4_1)
                                                         _22_ (net)
                      0.067038    0.000318    0.623615 ^ _45_/A3 (sky130_fd_sc_hd__a31o_1)
     1    0.002105    0.039110    0.133665    0.757280 ^ _45_/X (sky130_fd_sc_hd__a31o_1)
                                                         _03_ (net)
                      0.039111    0.000152    0.757432 ^ _49_/D (sky130_fd_sc_hd__dfxtp_1)
                                              0.757432   data arrival time

                                  0.000000    0.000000   clock clk (rise edge)
                                  0.000000    0.000000   clock source latency
     1    0.009594    0.000000    0.000000    0.000000 ^ clk (in)
                                                         clk (net)
                      0.000590    0.000295    0.000295 ^ clkbuf_0_clk/A (sky130_fd_sc_hd__clkbuf_16)
     2    0.018058    0.040193    0.107754    0.108050 ^ clkbuf_0_clk/X (sky130_fd_sc_hd__clkbuf_16)
                                                         clknet_0_clk (net)
                      0.040199    0.000947    0.108996 ^ clkbuf_1_0__f_clk/A (sky130_fd_sc_hd__clkbuf_16)
     2    0.004936    0.028714    0.108674    0.217670 ^ clkbuf_1_0__f_clk/X (sky130_fd_sc_hd__clkbuf_16)
                                                         clknet_1_0__leaf_clk (net)
                      0.028715    0.000302    0.217973 ^ _49_/CLK (sky130_fd_sc_hd__dfxtp_1)
                                  0.000000    0.217973   clock reconvergence pessimism
                                 -0.032181    0.185791   library hold time
                                              0.185791   data required time
---------------------------------------------------------------------------------------------
                                              0.185791   data required time
                                             -0.757432   data arrival time
---------------------------------------------------------------------------------------------
                                              0.571641   slack (MET)


Startpoint: _48_ (rising edge-triggered flip-flop clocked by clk)
Endpoint: _48_ (rising edge-triggered flip-flop clocked by clk)
Path Group: clk
Path Type: min

Fanout         Cap        Slew       Delay        Time   Description
---------------------------------------------------------------------------------------------
                                  0.000000    0.000000   clock clk (rise edge)
                                  0.000000    0.000000   clock source latency
     1    0.009594    0.000000    0.000000    0.000000 ^ clk (in)
                                                         clk (net)
                      0.000590    0.000295    0.000295 ^ clkbuf_0_clk/A (sky130_fd_sc_hd__clkbuf_16)
     2    0.018058    0.040193    0.107754    0.108050 ^ clkbuf_0_clk/X (sky130_fd_sc_hd__clkbuf_16)
                                                         clknet_0_clk (net)
                      0.040199    0.000927    0.108976 ^ clkbuf_1_1__f_clk/A (sky130_fd_sc_hd__clkbuf_16)
     2    0.005564    0.029290    0.109418    0.218394 ^ clkbuf_1_1__f_clk/X (sky130_fd_sc_hd__clkbuf_16)
                                                         clknet_1_1__leaf_clk (net)
                      0.029291    0.000319    0.218713 ^ _48_/CLK (sky130_fd_sc_hd__dfxtp_1)
     5    0.017386    0.169330    0.388220    0.606933 ^ _48_/Q (sky130_fd_sc_hd__dfxtp_1)
                                                         net6 (net)
                      0.169330    0.000502    0.607435 ^ _39_/A1 (sky130_fd_sc_hd__a21oi_1)
     1    0.002739    0.057381    0.086237    0.693672 v _39_/Y (sky130_fd_sc_hd__a21oi_1)
                                                         _18_ (net)
                      0.057381    0.000187    0.693859 v _40_/B1 (sky130_fd_sc_hd__o21ai_1)
     1    0.002521    0.069950    0.071007    0.764866 ^ _40_/Y (sky130_fd_sc_hd__o21ai_1)
                                                         _02_ (net)
                      0.069950    0.000176    0.765042 ^ _48_/D (sky130_fd_sc_hd__dfxtp_1)
                                              0.765042   data arrival time

                                  0.000000    0.000000   clock clk (rise edge)
                                  0.000000    0.000000   clock source latency
     1    0.009594    0.000000    0.000000    0.000000 ^ clk (in)
                                                         clk (net)
                      0.000590    0.000295    0.000295 ^ clkbuf_0_clk/A (sky130_fd_sc_hd__clkbuf_16)
     2    0.018058    0.040193    0.107754    0.108050 ^ clkbuf_0_clk/X (sky130_fd_sc_hd__clkbuf_16)
                                                         clknet_0_clk (net)
                      0.040199    0.000927    0.108976 ^ clkbuf_1_1__f_clk/A (sky130_fd_sc_hd__clkbuf_16)
     2    0.005564    0.029290    0.109418    0.218394 ^ clkbuf_1_1__f_clk/X (sky130_fd_sc_hd__clkbuf_16)
                                                         clknet_1_1__leaf_clk (net)
                      0.029291    0.000319    0.218713 ^ _48_/CLK (sky130_fd_sc_hd__dfxtp_1)
                                  0.000000    0.218713   clock reconvergence pessimism
                                 -0.038579    0.180134   library hold time
                                              0.180134   data required time
---------------------------------------------------------------------------------------------
                                              0.180134   data required time
                                             -0.765042   data arrival time
---------------------------------------------------------------------------------------------
                                              0.584908   slack (MET)


Startpoint: _47_ (rising edge-triggered flip-flop clocked by clk)
Endpoint: _47_ (rising edge-triggered flip-flop clocked by clk)
Path Group: clk
Path Type: min

Fanout         Cap        Slew       Delay        Time   Description
---------------------------------------------------------------------------------------------
                                  0.000000    0.000000   clock clk (rise edge)
                                  0.000000    0.000000   clock source latency
     1    0.009594    0.000000    0.000000    0.000000 ^ clk (in)
                                                         clk (net)
                      0.000590    0.000295    0.000295 ^ clkbuf_0_clk/A (sky130_fd_sc_hd__clkbuf_16)
     2    0.018058    0.040193    0.107754    0.108050 ^ clkbuf_0_clk/X (sky130_fd_sc_hd__clkbuf_16)
                                                         clknet_0_clk (net)
                      0.040199    0.000947    0.108996 ^ clkbuf_1_0__f_clk/A (sky130_fd_sc_hd__clkbuf_16)
     2    0.004936    0.028714    0.108674    0.217670 ^ clkbuf_1_0__f_clk/X (sky130_fd_sc_hd__clkbuf_16)
                                                         clknet_1_0__leaf_clk (net)
                      0.028715    0.000272    0.217942 ^ _47_/CLK (sky130_fd_sc_hd__dfxtp_1)
     6    0.022317    0.213814    0.419483    0.637425 ^ _47_/Q (sky130_fd_sc_hd__dfxtp_1)
                                                         net5 (net)
                      0.213816    0.001017    0.638442 ^ _33_/A1 (sky130_fd_sc_hd__a21o_1)
     1    0.003304    0.042661    0.144739    0.783180 ^ _33_/X (sky130_fd_sc_hd__a21o_1)
                                                         _13_ (net)
                      0.042662    0.000233    0.783413 ^ _34_/B1 (sky130_fd_sc_hd__a31o_1)
     1    0.002354    0.036577    0.082491    0.865904 ^ _34_/X (sky130_fd_sc_hd__a31o_1)
                                                         _01_ (net)
                      0.036577    0.000163    0.866068 ^ _47_/D (sky130_fd_sc_hd__dfxtp_1)
                                              0.866068   data arrival time

                                  0.000000    0.000000   clock clk (rise edge)
                                  0.000000    0.000000   clock source latency
     1    0.009594    0.000000    0.000000    0.000000 ^ clk (in)
                                                         clk (net)
                      0.000590    0.000295    0.000295 ^ clkbuf_0_clk/A (sky130_fd_sc_hd__clkbuf_16)
     2    0.018058    0.040193    0.107754    0.108050 ^ clkbuf_0_clk/X (sky130_fd_sc_hd__clkbuf_16)
                                                         clknet_0_clk (net)
                      0.040199    0.000947    0.108996 ^ clkbuf_1_0__f_clk/A (sky130_fd_sc_hd__clkbuf_16)
     2    0.004936    0.028714    0.108674    0.217670 ^ clkbuf_1_0__f_clk/X (sky130_fd_sc_hd__clkbuf_16)
                                                         clknet_1_0__leaf_clk (net)
                      0.028715    0.000272    0.217942 ^ _47_/CLK (sky130_fd_sc_hd__dfxtp_1)
                                  0.000000    0.217942   clock reconvergence pessimism
                                 -0.031649    0.186293   library hold time
                                              0.186293   data required time
---------------------------------------------------------------------------------------------
                                              0.186293   data required time
                                             -0.866068   data arrival time
---------------------------------------------------------------------------------------------
                                              0.679775   slack (MET)


Startpoint: _49_ (rising edge-triggered flip-flop clocked by clk)
Endpoint: counter[3] (output port clocked by clk)
Path Group: clk
Path Type: min

Fanout         Cap        Slew       Delay        Time   Description
---------------------------------------------------------------------------------------------
                                  0.000000    0.000000   clock clk (rise edge)
                                  0.000000    0.000000   clock source latency
     1    0.009594    0.000000    0.000000    0.000000 ^ clk (in)
                                                         clk (net)
                      0.000590    0.000295    0.000295 ^ clkbuf_0_clk/A (sky130_fd_sc_hd__clkbuf_16)
     2    0.018058    0.040193    0.107754    0.108050 ^ clkbuf_0_clk/X (sky130_fd_sc_hd__clkbuf_16)
                                                         clknet_0_clk (net)
                      0.040199    0.000947    0.108996 ^ clkbuf_1_0__f_clk/A (sky130_fd_sc_hd__clkbuf_16)
     2    0.004936    0.028714    0.108674    0.217670 ^ clkbuf_1_0__f_clk/X (sky130_fd_sc_hd__clkbuf_16)
                                                         clknet_1_0__leaf_clk (net)
                      0.028715    0.000302    0.217973 ^ _49_/CLK (sky130_fd_sc_hd__dfxtp_1)
     3    0.009385    0.053411    0.311904    0.529876 v _49_/Q (sky130_fd_sc_hd__dfxtp_1)
                                                         net7 (net)
                      0.053412    0.000374    0.530250 v output7/A (sky130_fd_sc_hd__buf_1)
     1    0.000326    0.013857    0.076476    0.606726 v output7/X (sky130_fd_sc_hd__buf_1)
                                                         counter[3] (net)
                      0.013857    0.000009    0.606735 v counter[3] (out)
                                              0.606735   data arrival time

                                  0.000000    0.000000   clock clk (rise edge)
                                  0.000000    0.000000   clock network delay (propagated)
                                  0.000000    0.000000   clock reconvergence pessimism
                               -5000.000000 -5000.000000   output external delay
                                           -5000.000000   data required time
---------------------------------------------------------------------------------------------
                                           -5000.000000   data required time
                                             -0.606735   data arrival time
---------------------------------------------------------------------------------------------
                                           5000.606445   slack (MET)


Startpoint: _48_ (rising edge-triggered flip-flop clocked by clk)
Endpoint: counter[2] (output port clocked by clk)
Path Group: clk
Path Type: min

Fanout         Cap        Slew       Delay        Time   Description
---------------------------------------------------------------------------------------------
                                  0.000000    0.000000   clock clk (rise edge)
                                  0.000000    0.000000   clock source latency
     1    0.009594    0.000000    0.000000    0.000000 ^ clk (in)
                                                         clk (net)
                      0.000590    0.000295    0.000295 ^ clkbuf_0_clk/A (sky130_fd_sc_hd__clkbuf_16)
     2    0.018058    0.040193    0.107754    0.108050 ^ clkbuf_0_clk/X (sky130_fd_sc_hd__clkbuf_16)
                                                         clknet_0_clk (net)
                      0.040199    0.000927    0.108976 ^ clkbuf_1_1__f_clk/A (sky130_fd_sc_hd__clkbuf_16)
     2    0.005564    0.029290    0.109418    0.218394 ^ clkbuf_1_1__f_clk/X (sky130_fd_sc_hd__clkbuf_16)
                                                         clknet_1_1__leaf_clk (net)
                      0.029291    0.000319    0.218713 ^ _48_/CLK (sky130_fd_sc_hd__dfxtp_1)
     5    0.016283    0.083134    0.335719    0.554432 v _48_/Q (sky130_fd_sc_hd__dfxtp_1)
                                                         net6 (net)
                      0.083144    0.000925    0.555357 v output6/A (sky130_fd_sc_hd__buf_1)
     1    0.000391    0.014734    0.089876    0.645233 v output6/X (sky130_fd_sc_hd__buf_1)
                                                         counter[2] (net)
                      0.014734    0.000010    0.645244 v counter[2] (out)
                                              0.645244   data arrival time

                                  0.000000    0.000000   clock clk (rise edge)
                                  0.000000    0.000000   clock network delay (propagated)
                                  0.000000    0.000000   clock reconvergence pessimism
                               -5000.000000 -5000.000000   output external delay
                                           -5000.000000   data required time
---------------------------------------------------------------------------------------------
                                           -5000.000000   data required time
                                             -0.645244   data arrival time
---------------------------------------------------------------------------------------------
                                           5000.645508   slack (MET)


Startpoint: _47_ (rising edge-triggered flip-flop clocked by clk)
Endpoint: counter[1] (output port clocked by clk)
Path Group: clk
Path Type: min

Fanout         Cap        Slew       Delay        Time   Description
---------------------------------------------------------------------------------------------
                                  0.000000    0.000000   clock clk (rise edge)
                                  0.000000    0.000000   clock source latency
     1    0.009594    0.000000    0.000000    0.000000 ^ clk (in)
                                                         clk (net)
                      0.000590    0.000295    0.000295 ^ clkbuf_0_clk/A (sky130_fd_sc_hd__clkbuf_16)
     2    0.018058    0.040193    0.107754    0.108050 ^ clkbuf_0_clk/X (sky130_fd_sc_hd__clkbuf_16)
                                                         clknet_0_clk (net)
                      0.040199    0.000947    0.108996 ^ clkbuf_1_0__f_clk/A (sky130_fd_sc_hd__clkbuf_16)
     2    0.004936    0.028714    0.108674    0.217670 ^ clkbuf_1_0__f_clk/X (sky130_fd_sc_hd__clkbuf_16)
                                                         clknet_1_0__leaf_clk (net)
                      0.028715    0.000272    0.217942 ^ _47_/CLK (sky130_fd_sc_hd__dfxtp_1)
     6    0.020903    0.103277    0.351328    0.569270 v _47_/Q (sky130_fd_sc_hd__dfxtp_1)
                                                         net5 (net)
                      0.103300    0.001483    0.570753 v output5/A (sky130_fd_sc_hd__buf_1)
     1    0.000489    0.015599    0.099320    0.670073 v output5/X (sky130_fd_sc_hd__buf_1)
                                                         counter[1] (net)
                      0.015599    0.000015    0.670088 v counter[1] (out)
                                              0.670088   data arrival time

                                  0.000000    0.000000   clock clk (rise edge)
                                  0.000000    0.000000   clock network delay (propagated)
                                  0.000000    0.000000   clock reconvergence pessimism
                               -5000.000000 -5000.000000   output external delay
                                           -5000.000000   data required time
---------------------------------------------------------------------------------------------
                                           -5000.000000   data required time
                                             -0.670088   data arrival time
---------------------------------------------------------------------------------------------
                                           5000.670410   slack (MET)


Startpoint: _46_ (rising edge-triggered flip-flop clocked by clk)
Endpoint: counter[0] (output port clocked by clk)
Path Group: clk
Path Type: min

Fanout         Cap        Slew       Delay        Time   Description
---------------------------------------------------------------------------------------------
                                  0.000000    0.000000   clock clk (rise edge)
                                  0.000000    0.000000   clock source latency
     1    0.009594    0.000000    0.000000    0.000000 ^ clk (in)
                                                         clk (net)
                      0.000590    0.000295    0.000295 ^ clkbuf_0_clk/A (sky130_fd_sc_hd__clkbuf_16)
     2    0.018058    0.040193    0.107754    0.108050 ^ clkbuf_0_clk/X (sky130_fd_sc_hd__clkbuf_16)
                                                         clknet_0_clk (net)
                      0.040199    0.000927    0.108976 ^ clkbuf_1_1__f_clk/A (sky130_fd_sc_hd__clkbuf_16)
     2    0.005564    0.029290    0.109418    0.218394 ^ clkbuf_1_1__f_clk/X (sky130_fd_sc_hd__clkbuf_16)
                                                         clknet_1_1__leaf_clk (net)
                      0.029291    0.000351    0.218745 ^ _46_/CLK (sky130_fd_sc_hd__dfxtp_1)
     7    0.024660    0.118640    0.364605    0.583349 v _46_/Q (sky130_fd_sc_hd__dfxtp_1)
                                                         net4 (net)
                      0.118642    0.000697    0.584047 v output4/A (sky130_fd_sc_hd__buf_1)
     1    0.000327    0.015004    0.104925    0.688971 v output4/X (sky130_fd_sc_hd__buf_1)
                                                         counter[0] (net)
                      0.015004    0.000009    0.688981 v counter[0] (out)
                                              0.688981   data arrival time

                                  0.000000    0.000000   clock clk (rise edge)
                                  0.000000    0.000000   clock network delay (propagated)
                                  0.000000    0.000000   clock reconvergence pessimism
                               -5000.000000 -5000.000000   output external delay
                                           -5000.000000   data required time
---------------------------------------------------------------------------------------------
                                           -5000.000000   data required time
                                             -0.688981   data arrival time
---------------------------------------------------------------------------------------------
                                           5000.688965   slack (MET)



%OL_END_REPORT
%OL_CREATE_REPORT max.rpt

===========================================================================
report_checks -path_delay max (Setup)
============================================================================
======================= max_tt_025C_1v80 Corner ===================================

Startpoint: _46_ (rising edge-triggered flip-flop clocked by clk)
Endpoint: counter[0] (output port clocked by clk)
Path Group: clk
Path Type: max

Fanout         Cap        Slew       Delay        Time   Description
---------------------------------------------------------------------------------------------
                                  0.000000    0.000000   clock clk (rise edge)
                                  0.000000    0.000000   clock source latency
     1    0.009594    0.000000    0.000000    0.000000 ^ clk (in)
                                                         clk (net)
                      0.000590    0.000295    0.000295 ^ clkbuf_0_clk/A (sky130_fd_sc_hd__clkbuf_16)
     2    0.018058    0.040193    0.107754    0.108050 ^ clkbuf_0_clk/X (sky130_fd_sc_hd__clkbuf_16)
                                                         clknet_0_clk (net)
                      0.040199    0.000927    0.108976 ^ clkbuf_1_1__f_clk/A (sky130_fd_sc_hd__clkbuf_16)
     2    0.005564    0.029290    0.109418    0.218394 ^ clkbuf_1_1__f_clk/X (sky130_fd_sc_hd__clkbuf_16)
                                                         clknet_1_1__leaf_clk (net)
                      0.029291    0.000351    0.218745 ^ _46_/CLK (sky130_fd_sc_hd__dfxtp_1)
     7    0.026070    0.247622    0.443836    0.662581 ^ _46_/Q (sky130_fd_sc_hd__dfxtp_1)
                                                         net4 (net)
                      0.247622    0.000740    0.663321 ^ output4/A (sky130_fd_sc_hd__buf_1)
     1    0.000327    0.022489    0.097709    0.761030 ^ output4/X (sky130_fd_sc_hd__buf_1)
                                                         counter[0] (net)
                      0.022489    0.000009    0.761039 ^ counter[0] (out)
                                              0.761039   data arrival time

                                 10.000000   10.000000   clock clk (rise edge)
                                  0.000000   10.000000   clock network delay (propagated)
                                  0.000000   10.000000   clock reconvergence pessimism
                               -5000.000000 -4990.000000   output external delay
                                           -4990.000000   data required time
---------------------------------------------------------------------------------------------
                                           -4990.000000   data required time
                                             -0.761039   data arrival time
---------------------------------------------------------------------------------------------
                                           -4990.761230   slack (VIOLATED)


Startpoint: _47_ (rising edge-triggered flip-flop clocked by clk)
Endpoint: counter[1] (output port clocked by clk)
Path Group: clk
Path Type: max

Fanout         Cap        Slew       Delay        Time   Description
---------------------------------------------------------------------------------------------
                                  0.000000    0.000000   clock clk (rise edge)
                                  0.000000    0.000000   clock source latency
     1    0.009594    0.000000    0.000000    0.000000 ^ clk (in)
                                                         clk (net)
                      0.000590    0.000295    0.000295 ^ clkbuf_0_clk/A (sky130_fd_sc_hd__clkbuf_16)
     2    0.018058    0.040193    0.107754    0.108050 ^ clkbuf_0_clk/X (sky130_fd_sc_hd__clkbuf_16)
                                                         clknet_0_clk (net)
                      0.040199    0.000947    0.108996 ^ clkbuf_1_0__f_clk/A (sky130_fd_sc_hd__clkbuf_16)
     2    0.004936    0.028714    0.108674    0.217670 ^ clkbuf_1_0__f_clk/X (sky130_fd_sc_hd__clkbuf_16)
                                                         clknet_1_0__leaf_clk (net)
                      0.028715    0.000272    0.217942 ^ _47_/CLK (sky130_fd_sc_hd__dfxtp_1)
     6    0.022317    0.213814    0.419483    0.637425 ^ _47_/Q (sky130_fd_sc_hd__dfxtp_1)
                                                         net5 (net)
                      0.213823    0.001579    0.639004 ^ output5/A (sky130_fd_sc_hd__buf_1)
     1    0.000489    0.023286    0.094542    0.733546 ^ output5/X (sky130_fd_sc_hd__buf_1)
                                                         counter[1] (net)
                      0.023286    0.000015    0.733561 ^ counter[1] (out)
                                              0.733561   data arrival time

                                 10.000000   10.000000   clock clk (rise edge)
                                  0.000000   10.000000   clock network delay (propagated)
                                  0.000000   10.000000   clock reconvergence pessimism
                               -5000.000000 -4990.000000   output external delay
                                           -4990.000000   data required time
---------------------------------------------------------------------------------------------
                                           -4990.000000   data required time
                                             -0.733561   data arrival time
---------------------------------------------------------------------------------------------
                                           -4990.733398   slack (VIOLATED)


Startpoint: _48_ (rising edge-triggered flip-flop clocked by clk)
Endpoint: counter[2] (output port clocked by clk)
Path Group: clk
Path Type: max

Fanout         Cap        Slew       Delay        Time   Description
---------------------------------------------------------------------------------------------
                                  0.000000    0.000000   clock clk (rise edge)
                                  0.000000    0.000000   clock source latency
     1    0.009594    0.000000    0.000000    0.000000 ^ clk (in)
                                                         clk (net)
                      0.000590    0.000295    0.000295 ^ clkbuf_0_clk/A (sky130_fd_sc_hd__clkbuf_16)
     2    0.018058    0.040193    0.107754    0.108050 ^ clkbuf_0_clk/X (sky130_fd_sc_hd__clkbuf_16)
                                                         clknet_0_clk (net)
                      0.040199    0.000927    0.108976 ^ clkbuf_1_1__f_clk/A (sky130_fd_sc_hd__clkbuf_16)
     2    0.005564    0.029290    0.109418    0.218394 ^ clkbuf_1_1__f_clk/X (sky130_fd_sc_hd__clkbuf_16)
                                                         clknet_1_1__leaf_clk (net)
                      0.029291    0.000319    0.218713 ^ _48_/CLK (sky130_fd_sc_hd__dfxtp_1)
     5    0.017386    0.169330    0.388220    0.606933 ^ _48_/Q (sky130_fd_sc_hd__dfxtp_1)
                                                         net6 (net)
                      0.169333    0.000994    0.607927 ^ output6/A (sky130_fd_sc_hd__buf_1)
     1    0.000391    0.021370    0.087445    0.695372 ^ output6/X (sky130_fd_sc_hd__buf_1)
                                                         counter[2] (net)
                      0.021370    0.000010    0.695382 ^ counter[2] (out)
                                              0.695382   data arrival time

                                 10.000000   10.000000   clock clk (rise edge)
                                  0.000000   10.000000   clock network delay (propagated)
                                  0.000000   10.000000   clock reconvergence pessimism
                               -5000.000000 -4990.000000   output external delay
                                           -4990.000000   data required time
---------------------------------------------------------------------------------------------
                                           -4990.000000   data required time
                                             -0.695382   data arrival time
---------------------------------------------------------------------------------------------
                                           -4990.695312   slack (VIOLATED)


Startpoint: _49_ (rising edge-triggered flip-flop clocked by clk)
Endpoint: counter[3] (output port clocked by clk)
Path Group: clk
Path Type: max

Fanout         Cap        Slew       Delay        Time   Description
---------------------------------------------------------------------------------------------
                                  0.000000    0.000000   clock clk (rise edge)
                                  0.000000    0.000000   clock source latency
     1    0.009594    0.000000    0.000000    0.000000 ^ clk (in)
                                                         clk (net)
                      0.000590    0.000295    0.000295 ^ clkbuf_0_clk/A (sky130_fd_sc_hd__clkbuf_16)
     2    0.018058    0.040193    0.107754    0.108050 ^ clkbuf_0_clk/X (sky130_fd_sc_hd__clkbuf_16)
                                                         clknet_0_clk (net)
                      0.040199    0.000947    0.108996 ^ clkbuf_1_0__f_clk/A (sky130_fd_sc_hd__clkbuf_16)
     2    0.004936    0.028714    0.108674    0.217670 ^ clkbuf_1_0__f_clk/X (sky130_fd_sc_hd__clkbuf_16)
                                                         clknet_1_0__leaf_clk (net)
                      0.028715    0.000302    0.217973 ^ _49_/CLK (sky130_fd_sc_hd__dfxtp_1)
     3    0.010035    0.103173    0.341149    0.559121 ^ _49_/Q (sky130_fd_sc_hd__dfxtp_1)
                                                         net7 (net)
                      0.103173    0.000400    0.559522 ^ output7/A (sky130_fd_sc_hd__buf_1)
     1    0.000326    0.019258    0.075425    0.634947 ^ output7/X (sky130_fd_sc_hd__buf_1)
                                                         counter[3] (net)
                      0.019258    0.000009    0.634956 ^ counter[3] (out)
                                              0.634956   data arrival time

                                 10.000000   10.000000   clock clk (rise edge)
                                  0.000000   10.000000   clock network delay (propagated)
                                  0.000000   10.000000   clock reconvergence pessimism
                               -5000.000000 -4990.000000   output external delay
                                           -4990.000000   data required time
---------------------------------------------------------------------------------------------
                                           -4990.000000   data required time
                                             -0.634956   data arrival time
---------------------------------------------------------------------------------------------
                                           -4990.634766   slack (VIOLATED)


Startpoint: up_down (input port clocked by clk)
Endpoint: _49_ (rising edge-triggered flip-flop clocked by clk)
Path Group: clk
Path Type: max

Fanout         Cap        Slew       Delay        Time   Description
---------------------------------------------------------------------------------------------
                                  0.000000    0.000000   clock clk (rise edge)
                                  0.000000    0.000000   clock network delay (propagated)
                                200.000000  200.000000 v input external delay
     1    0.002529    0.000000    0.000000  200.000000 v up_down (in)
                                                         up_down (net)
                      0.000156    0.000071  200.000061 v input3/A (sky130_fd_sc_hd__buf_1)
     5    0.012123    0.076376    0.110290  200.110352 v input3/X (sky130_fd_sc_hd__buf_1)
                                                         net3 (net)
                      0.076378    0.000540  200.110901 v _41_/A1 (sky130_fd_sc_hd__o31ai_1)
     2    0.007672    0.319257    0.345736  200.456635 ^ _41_/Y (sky130_fd_sc_hd__o31ai_1)
                                                         _19_ (net)
                      0.319257    0.000455  200.457092 ^ _44_/C (sky130_fd_sc_hd__nand4_1)
     1    0.004075    0.101935    0.146656  200.603745 v _44_/Y (sky130_fd_sc_hd__nand4_1)
                                                         _22_ (net)
                      0.101935    0.000298  200.604034 v _45_/A3 (sky130_fd_sc_hd__a31o_1)
     1    0.002112    0.033636    0.228042  200.832077 v _45_/X (sky130_fd_sc_hd__a31o_1)
                                                         _03_ (net)
                      0.033636    0.000156  200.832245 v _49_/D (sky130_fd_sc_hd__dfxtp_1)
                                            200.832245   data arrival time

                                 10.000000   10.000000   clock clk (rise edge)
                                  0.000000   10.000000   clock source latency
     1    0.009594    0.000000    0.000000   10.000000 ^ clk (in)
                                                         clk (net)
                      0.000590    0.000295   10.000295 ^ clkbuf_0_clk/A (sky130_fd_sc_hd__clkbuf_16)
     2    0.018058    0.040193    0.107755   10.108049 ^ clkbuf_0_clk/X (sky130_fd_sc_hd__clkbuf_16)
                                                         clknet_0_clk (net)
                      0.040199    0.000947   10.108996 ^ clkbuf_1_0__f_clk/A (sky130_fd_sc_hd__clkbuf_16)
     2    0.004936    0.028714    0.108674   10.217670 ^ clkbuf_1_0__f_clk/X (sky130_fd_sc_hd__clkbuf_16)
                                                         clknet_1_0__leaf_clk (net)
                      0.028715    0.000302   10.217973 ^ _49_/CLK (sky130_fd_sc_hd__dfxtp_1)
                                  0.000000   10.217973   clock reconvergence pessimism
                                 -0.109343   10.108630   library setup time
                                             10.108630   data required time
---------------------------------------------------------------------------------------------
                                             10.108630   data required time
                                           -200.832245   data arrival time
---------------------------------------------------------------------------------------------
                                           -190.723602   slack (VIOLATED)


Startpoint: enable (input port clocked by clk)
Endpoint: _47_ (rising edge-triggered flip-flop clocked by clk)
Path Group: clk
Path Type: max

Fanout         Cap        Slew       Delay        Time   Description
---------------------------------------------------------------------------------------------
                                  0.000000    0.000000   clock clk (rise edge)
                                  0.000000    0.000000   clock network delay (propagated)
                                200.000000  200.000000 ^ input external delay
     1    0.002982    0.000000    0.000000  200.000000 ^ enable (in)
                                                         enable (net)
                      0.000189    0.000099  200.000092 ^ input1/A (sky130_fd_sc_hd__buf_1)
     5    0.015433    0.186364    0.164931  200.165024 ^ input1/X (sky130_fd_sc_hd__buf_1)
                                                         net1 (net)
                      0.186365    0.000426  200.165451 ^ _26_/A (sky130_fd_sc_hd__nor2_1)
     3    0.010316    0.076273    0.109537  200.274994 v _26_/Y (sky130_fd_sc_hd__nor2_1)
                                                         _07_ (net)
                      0.076273    0.000355  200.275345 v _33_/A2 (sky130_fd_sc_hd__a21o_1)
     1    0.002966    0.033763    0.184059  200.459396 v _33_/X (sky130_fd_sc_hd__a21o_1)
                                                         _13_ (net)
                      0.033763    0.000199  200.459595 v _34_/B1 (sky130_fd_sc_hd__a31o_1)
     1    0.002361    0.034554    0.171610  200.631210 v _34_/X (sky130_fd_sc_hd__a31o_1)
                                                         _01_ (net)
                      0.034554    0.000171  200.631378 v _47_/D (sky130_fd_sc_hd__dfxtp_1)
                                            200.631378   data arrival time

                                 10.000000   10.000000   clock clk (rise edge)
                                  0.000000   10.000000   clock source latency
     1    0.009594    0.000000    0.000000   10.000000 ^ clk (in)
                                                         clk (net)
                      0.000590    0.000295   10.000295 ^ clkbuf_0_clk/A (sky130_fd_sc_hd__clkbuf_16)
     2    0.018058    0.040193    0.107755   10.108049 ^ clkbuf_0_clk/X (sky130_fd_sc_hd__clkbuf_16)
                                                         clknet_0_clk (net)
                      0.040199    0.000947   10.108996 ^ clkbuf_1_0__f_clk/A (sky130_fd_sc_hd__clkbuf_16)
     2    0.004936    0.028714    0.108674   10.217670 ^ clkbuf_1_0__f_clk/X (sky130_fd_sc_hd__clkbuf_16)
                                                         clknet_1_0__leaf_clk (net)
                      0.028715    0.000272   10.217942 ^ _47_/CLK (sky130_fd_sc_hd__dfxtp_1)
                                  0.000000   10.217942   clock reconvergence pessimism
                                 -0.109746   10.108196   library setup time
                                             10.108196   data required time
---------------------------------------------------------------------------------------------
                                             10.108196   data required time
                                           -200.631378   data arrival time
---------------------------------------------------------------------------------------------
                                           -190.523193   slack (VIOLATED)


Startpoint: up_down (input port clocked by clk)
Endpoint: _48_ (rising edge-triggered flip-flop clocked by clk)
Path Group: clk
Path Type: max

Fanout         Cap        Slew       Delay        Time   Description
---------------------------------------------------------------------------------------------
                                  0.000000    0.000000   clock clk (rise edge)
                                  0.000000    0.000000   clock network delay (propagated)
                                200.000000  200.000000 v input external delay
     1    0.002529    0.000000    0.000000  200.000000 v up_down (in)
                                                         up_down (net)
                      0.000156    0.000071  200.000061 v input3/A (sky130_fd_sc_hd__buf_1)
     5    0.012123    0.076376    0.110290  200.110352 v input3/X (sky130_fd_sc_hd__buf_1)
                                                         net3 (net)
                      0.076378    0.000497  200.110855 v _30_/A (sky130_fd_sc_hd__or2_1)
     2    0.008224    0.073456    0.263967  200.374817 v _30_/X (sky130_fd_sc_hd__or2_1)
                                                         _10_ (net)
                      0.073458    0.000526  200.375351 v _38_/A (sky130_fd_sc_hd__xnor2_1)
     1    0.003980    0.138031    0.173586  200.548935 ^ _38_/Y (sky130_fd_sc_hd__xnor2_1)
                                                         _17_ (net)
                      0.138031    0.000270  200.549194 ^ _40_/A2 (sky130_fd_sc_hd__o21ai_1)
     1    0.002528    0.047970    0.071452  200.620651 v _40_/Y (sky130_fd_sc_hd__o21ai_1)
                                                         _02_ (net)
                      0.047970    0.000171  200.620819 v _48_/D (sky130_fd_sc_hd__dfxtp_1)
                                            200.620819   data arrival time

                                 10.000000   10.000000   clock clk (rise edge)
                                  0.000000   10.000000   clock source latency
     1    0.009594    0.000000    0.000000   10.000000 ^ clk (in)
                                                         clk (net)
                      0.000590    0.000295   10.000295 ^ clkbuf_0_clk/A (sky130_fd_sc_hd__clkbuf_16)
     2    0.018058    0.040193    0.107755   10.108049 ^ clkbuf_0_clk/X (sky130_fd_sc_hd__clkbuf_16)
                                                         clknet_0_clk (net)
                      0.040199    0.000926   10.108976 ^ clkbuf_1_1__f_clk/A (sky130_fd_sc_hd__clkbuf_16)
     2    0.005564    0.029290    0.109418   10.218394 ^ clkbuf_1_1__f_clk/X (sky130_fd_sc_hd__clkbuf_16)
                                                         clknet_1_1__leaf_clk (net)
                      0.029291    0.000319   10.218713 ^ _48_/CLK (sky130_fd_sc_hd__dfxtp_1)
                                  0.000000   10.218713   clock reconvergence pessimism
                                 -0.115505   10.103209   library setup time
                                             10.103209   data required time
---------------------------------------------------------------------------------------------
                                             10.103209   data required time
                                           -200.620819   data arrival time
---------------------------------------------------------------------------------------------
                                           -190.517609   slack (VIOLATED)


Startpoint: reset (input port clocked by clk)
Endpoint: _46_ (rising edge-triggered flip-flop clocked by clk)
Path Group: clk
Path Type: max

Fanout         Cap        Slew       Delay        Time   Description
---------------------------------------------------------------------------------------------
                                  0.000000    0.000000   clock clk (rise edge)
                                  0.000000    0.000000   clock network delay (propagated)
                                200.000000  200.000000 ^ input external delay
     1    0.002661    0.000000    0.000000  200.000000 ^ reset (in)
                                                         reset (net)
                      0.000168    0.000085  200.000076 ^ input2/A (sky130_fd_sc_hd__buf_1)
     2    0.008545    0.108137    0.110518  200.110596 ^ input2/X (sky130_fd_sc_hd__buf_1)
                                                         net2 (net)
                      0.108142    0.000597  200.111191 ^ _23_/A (sky130_fd_sc_hd__inv_2)
     4    0.011901    0.044889    0.061689  200.172882 v _23_/Y (sky130_fd_sc_hd__inv_2)
                                                         _04_ (net)
                      0.044895    0.000526  200.173416 v _25_/A (sky130_fd_sc_hd__nor2_1)
     4    0.015046    0.279296    0.246615  200.420029 ^ _25_/Y (sky130_fd_sc_hd__nor2_1)
                                                         _06_ (net)
                      0.279302    0.001151  200.421173 ^ _27_/B1 (sky130_fd_sc_hd__a21oi_1)
     1    0.003844    0.078442    0.079794  200.500977 v _27_/Y (sky130_fd_sc_hd__a21oi_1)
                                                         _08_ (net)
                      0.078442    0.000242  200.501205 v _28_/B1 (sky130_fd_sc_hd__o21ai_1)
     1    0.003322    0.107022    0.087965  200.589172 ^ _28_/Y (sky130_fd_sc_hd__o21ai_1)
                                                         _00_ (net)
                      0.107022    0.000242  200.589417 ^ _46_/D (sky130_fd_sc_hd__dfxtp_1)
                                            200.589417   data arrival time

                                 10.000000   10.000000   clock clk (rise edge)
                                  0.000000   10.000000   clock source latency
     1    0.009594    0.000000    0.000000   10.000000 ^ clk (in)
                                                         clk (net)
                      0.000590    0.000295   10.000295 ^ clkbuf_0_clk/A (sky130_fd_sc_hd__clkbuf_16)
     2    0.018058    0.040193    0.107755   10.108049 ^ clkbuf_0_clk/X (sky130_fd_sc_hd__clkbuf_16)
                                                         clknet_0_clk (net)
                      0.040199    0.000926   10.108976 ^ clkbuf_1_1__f_clk/A (sky130_fd_sc_hd__clkbuf_16)
     2    0.005564    0.029290    0.109418   10.218394 ^ clkbuf_1_1__f_clk/X (sky130_fd_sc_hd__clkbuf_16)
                                                         clknet_1_1__leaf_clk (net)
                      0.029291    0.000351   10.218745 ^ _46_/CLK (sky130_fd_sc_hd__dfxtp_1)
                                  0.000000   10.218745   clock reconvergence pessimism
                                 -0.070616   10.148129   library setup time
                                             10.148129   data required time
---------------------------------------------------------------------------------------------
                                             10.148129   data required time
                                           -200.589417   data arrival time
---------------------------------------------------------------------------------------------
                                           -190.441284   slack (VIOLATED)



%OL_END_REPORT
%OL_CREATE_REPORT checks.rpt

===========================================================================
report_checks -unconstrained
===========================================================================
======================= max_tt_025C_1v80 Corner ===================================

Startpoint: _46_ (rising edge-triggered flip-flop clocked by clk)
Endpoint: counter[0] (output port clocked by clk)
Path Group: clk
Path Type: max

Fanout         Cap        Slew       Delay        Time   Description
---------------------------------------------------------------------------------------------
                                  0.000000    0.000000   clock clk (rise edge)
                                  0.000000    0.000000   clock source latency
     1    0.009594    0.000000    0.000000    0.000000 ^ clk (in)
                                                         clk (net)
                      0.000590    0.000295    0.000295 ^ clkbuf_0_clk/A (sky130_fd_sc_hd__clkbuf_16)
     2    0.018058    0.040193    0.107754    0.108050 ^ clkbuf_0_clk/X (sky130_fd_sc_hd__clkbuf_16)
                                                         clknet_0_clk (net)
                      0.040199    0.000927    0.108976 ^ clkbuf_1_1__f_clk/A (sky130_fd_sc_hd__clkbuf_16)
     2    0.005564    0.029290    0.109418    0.218394 ^ clkbuf_1_1__f_clk/X (sky130_fd_sc_hd__clkbuf_16)
                                                         clknet_1_1__leaf_clk (net)
                      0.029291    0.000351    0.218745 ^ _46_/CLK (sky130_fd_sc_hd__dfxtp_1)
     7    0.026070    0.247622    0.443836    0.662581 ^ _46_/Q (sky130_fd_sc_hd__dfxtp_1)
                                                         net4 (net)
                      0.247622    0.000740    0.663321 ^ output4/A (sky130_fd_sc_hd__buf_1)
     1    0.000327    0.022489    0.097709    0.761030 ^ output4/X (sky130_fd_sc_hd__buf_1)
                                                         counter[0] (net)
                      0.022489    0.000009    0.761039 ^ counter[0] (out)
                                              0.761039   data arrival time

                                 10.000000   10.000000   clock clk (rise edge)
                                  0.000000   10.000000   clock network delay (propagated)
                                  0.000000   10.000000   clock reconvergence pessimism
                               -5000.000000 -4990.000000   output external delay
                                           -4990.000000   data required time
---------------------------------------------------------------------------------------------
                                           -4990.000000   data required time
                                             -0.761039   data arrival time
---------------------------------------------------------------------------------------------
                                           -4990.761230   slack (VIOLATED)




===========================================================================
report_checks --slack_max -0.01
============================================================================
======================= max_tt_025C_1v80 Corner ===================================

Startpoint: _46_ (rising edge-triggered flip-flop clocked by clk)
Endpoint: counter[0] (output port clocked by clk)
Path Group: clk
Path Type: max

Fanout         Cap        Slew       Delay        Time   Description
---------------------------------------------------------------------------------------------
                                  0.000000    0.000000   clock clk (rise edge)
                                  0.000000    0.000000   clock source latency
     1    0.009594    0.000000    0.000000    0.000000 ^ clk (in)
                                                         clk (net)
                      0.000590    0.000295    0.000295 ^ clkbuf_0_clk/A (sky130_fd_sc_hd__clkbuf_16)
     2    0.018058    0.040193    0.107754    0.108050 ^ clkbuf_0_clk/X (sky130_fd_sc_hd__clkbuf_16)
                                                         clknet_0_clk (net)
                      0.040199    0.000927    0.108976 ^ clkbuf_1_1__f_clk/A (sky130_fd_sc_hd__clkbuf_16)
     2    0.005564    0.029290    0.109418    0.218394 ^ clkbuf_1_1__f_clk/X (sky130_fd_sc_hd__clkbuf_16)
                                                         clknet_1_1__leaf_clk (net)
                      0.029291    0.000351    0.218745 ^ _46_/CLK (sky130_fd_sc_hd__dfxtp_1)
     7    0.026070    0.247622    0.443836    0.662581 ^ _46_/Q (sky130_fd_sc_hd__dfxtp_1)
                                                         net4 (net)
                      0.247622    0.000740    0.663321 ^ output4/A (sky130_fd_sc_hd__buf_1)
     1    0.000327    0.022489    0.097709    0.761030 ^ output4/X (sky130_fd_sc_hd__buf_1)
                                                         counter[0] (net)
                      0.022489    0.000009    0.761039 ^ counter[0] (out)
                                              0.761039   data arrival time

                                 10.000000   10.000000   clock clk (rise edge)
                                  0.000000   10.000000   clock network delay (propagated)
                                  0.000000   10.000000   clock reconvergence pessimism
                               -5000.000000 -4990.000000   output external delay
                                           -4990.000000   data required time
---------------------------------------------------------------------------------------------
                                           -4990.000000   data required time
                                             -0.761039   data arrival time
---------------------------------------------------------------------------------------------
                                           -4990.761230   slack (VIOLATED)




===========================================================================
 report_check_types -max_slew -max_cap -max_fanout -violators
============================================================================
======================= max_tt_025C_1v80 Corner ===================================



===========================================================================
report_parasitic_annotation -report_unannotated
============================================================================
Found 0 unannotated drivers.
Found 0 partially unannotated drivers.

===========================================================================
max slew violation count 0
%OL_METRIC_I design__max_slew_violation__count__corner:max_tt_025C_1v80 0
max fanout violation count 0
%OL_METRIC_I design__max_fanout_violation__count__corner:max_tt_025C_1v80 0
max cap violation count 0
%OL_METRIC_I design__max_cap_violation__count__corner:max_tt_025C_1v80 0
============================================================================

===========================================================================
check_setup -verbose -unconstrained_endpoints -multiple_clock -no_clock -no_input_delay -loops -generated_clocks
===========================================================================
%OL_END_REPORT
%OL_CREATE_REPORT power.rpt

===========================================================================
 report_power
============================================================================
======================= max_tt_025C_1v80 Corner ===================================

Group                    Internal    Switching      Leakage        Total
                            Power        Power        Power        Power (Watts)
------------------------------------------------------------------------
Sequential           1.827204e-05 3.006608e-06 3.369405e-11 2.127868e-05  23.0%
Combinational        5.765735e-06 5.145944e-06 7.147118e-11 1.091175e-05  11.8%
Clock                5.089799e-05 9.252975e-06 3.696930e-11 6.015100e-05  65.1%
Macro                0.000000e+00 0.000000e+00 0.000000e+00 0.000000e+00   0.0%
Pad                  0.000000e+00 0.000000e+00 0.000000e+00 0.000000e+00   0.0%
------------------------------------------------------------------------
Total                7.493577e-05 1.740553e-05 1.421345e-10 9.234145e-05 100.0%
                            81.2%        18.8%         0.0%
%OL_METRIC_F power__internal__total 7.493577140849084e-5
%OL_METRIC_F power__switching__total 1.7405527614755556e-5
%OL_METRIC_F power__leakage__total 1.4213452637079627e-10
%OL_METRIC_F power__total 9.234144818037748e-5

%OL_END_REPORT
%OL_CREATE_REPORT skew.min.rpt

===========================================================================
Clock Skew (Hold)
============================================================================
%OL_METRIC_F clock__skew__worst_hold__corner:max_tt_025C_1v80 0.0008027051472938479
======================= max_tt_025C_1v80 Corner ===================================

Clock clk
0.218745 source latency _46_/CLK ^
-0.217942 target latency _47_/CLK ^
0.000000 CRPR
--------------
0.000803 hold skew

%OL_END_REPORT
%OL_CREATE_REPORT skew.max.rpt

===========================================================================
Clock Skew (Setup)
============================================================================
%OL_METRIC_F clock__skew__worst_setup__corner:max_tt_025C_1v80 0.0008027051472938479
======================= max_tt_025C_1v80 Corner ===================================

Clock clk
0.218745 source latency _46_/CLK ^
-0.217942 target latency _47_/CLK ^
0.000000 CRPR
--------------
0.000803 setup skew

%OL_END_REPORT
%OL_CREATE_REPORT ws.min.rpt

===========================================================================
Worst Slack (Hold)
============================================================================
%OL_METRIC_F timing__hold__ws__corner:max_tt_025C_1v80 0.5649503247346928
max_tt_025C_1v80: 0.5649503247346928
%OL_END_REPORT
%OL_CREATE_REPORT ws.max.rpt

===========================================================================
Worst Slack (Setup)
============================================================================
%OL_METRIC_F timing__setup__ws__corner:max_tt_025C_1v80 -4990.761367657137
max_tt_025C_1v80: -4990.761367657137
%OL_END_REPORT
%OL_CREATE_REPORT tns.min.rpt

===========================================================================
Total Negative Slack (Hold)
============================================================================
%OL_METRIC_F timing__hold__tns__corner:max_tt_025C_1v80 0.0
max_tt_025C_1v80: 0.0
%OL_END_REPORT
%OL_CREATE_REPORT tns.max.rpt

===========================================================================
Total Negative Slack (Setup)
============================================================================
%OL_METRIC_F timing__setup__tns__corner:max_tt_025C_1v80 -20725.031067260756
max_tt_025C_1v80: -20725.031067260756
%OL_END_REPORT
%OL_CREATE_REPORT wns.min.rpt

===========================================================================
Worst Negative Slack (Hold)
============================================================================
%OL_METRIC_F timing__hold__wns__corner:max_tt_025C_1v80 0
max_tt_025C_1v80: 0
%OL_END_REPORT
%OL_CREATE_REPORT wns.max.rpt

===========================================================================
Worst Negative Slack (Setup)
============================================================================
%OL_METRIC_F timing__setup__wns__corner:max_tt_025C_1v80 -4990.761367657137
max_tt_025C_1v80: -4990.761367657137
%OL_END_REPORT
%OL_CREATE_REPORT violator_list.rpt

===========================================================================
Violator List
============================================================================
[setup reg-out] _46_/Q -> counter[0] : -4990.761230
[setup reg-out] _47_/Q -> counter[1] : -4990.733398
[setup reg-out] _48_/Q -> counter[2] : -4990.695312
[setup reg-out] _49_/Q -> counter[3] : -4990.634766
[setup in-reg] up_down -> _49_/D : -190.723602
[setup in-reg] enable -> _47_/D : -190.523193
[setup in-reg] up_down -> _48_/D : -190.517609
[setup in-reg] reset -> _46_/D : -190.441284
%OL_METRIC_I timing__hold_vio__count__corner:max_tt_025C_1v80 0
%OL_METRIC_F timing__hold_r2r__ws__corner:max_tt_025C_1v80 0.564950
%OL_METRIC_I timing__hold_r2r_vio__count__corner:max_tt_025C_1v80 0
%OL_METRIC_I timing__setup_vio__count__corner:max_tt_025C_1v80 8
%OL_METRIC_F timing__setup_r2r__ws__corner:max_tt_025C_1v80 inf
%OL_METRIC_I timing__setup_r2r_vio__count__corner:max_tt_025C_1v80 0
%OL_END_REPORT
%OL_CREATE_REPORT unpropagated.rpt
%OL_END_REPORT
%OL_CREATE_REPORT clock.rpt
Clock: clk
Sources: clk 
Generated: no
Virtual: yes
Propagated: no
Period: 10.000000

===========================================================================
report_clock_properties
============================================================================
Clock                   Period          Waveform
----------------------------------------------------
clk                  10.000000    0.000000  5.000000

===========================================================================
report_clock_latency
============================================================================
Clock clk
rise -> rise
    min     max
0.000000 0.000000 source latency
0.217942         network latency _47_/CLK
        0.218745 network latency _46_/CLK
---------------
0.217942 0.218745 latency
        0.000803 skew

fall -> fall
    min     max
0.000000 0.000000 source latency
0.254143         network latency _47_/CLK
        0.254879 network latency _46_/CLK
---------------
0.254143 0.254879 latency
        0.000736 skew



===========================================================================
report_clock_min_period
============================================================================
clk period_min = 1.20 fmax = 832.51
%OL_END_REPORT
Writing SDF files for all corners…
Removing Clock latencies before writing libs…
Writing timing models for all corners…
Writing timing models for the max_tt_025C_1v80 corner to /home/amostafa/vlsi/runs/RUN_2024-12-04_10-33-24/13-openroad-stapostpnr/max_tt_025C_1v80/counter_dut__max_tt_025C_1v80.lib…
