
===========================================================================
report_checks -path_delay min (Hold)
============================================================================
======================= nom_ss_100C_1v60 Corner ===================================

Startpoint: _46_ (rising edge-triggered flip-flop clocked by clk)
Endpoint: _46_ (rising edge-triggered flip-flop clocked by clk)
Path Group: clk
Path Type: min

Fanout         Cap        Slew       Delay        Time   Description
---------------------------------------------------------------------------------------------
                                  0.000000    0.000000   clock clk (rise edge)
                                  0.000000    0.000000   clock source latency
     1    0.009301    0.000000    0.000000    0.000000 ^ clk (in)
                                                         clk (net)
                      0.000250    0.000125    0.000125 ^ clkbuf_0_clk/A (sky130_fd_sc_hd__clkbuf_16)
     2    0.017726    0.064461    0.188098    0.188223 ^ clkbuf_0_clk/X (sky130_fd_sc_hd__clkbuf_16)
                                                         clknet_0_clk (net)
                      0.064470    0.000410    0.188633 ^ clkbuf_1_1__f_clk/A (sky130_fd_sc_hd__clkbuf_16)
     2    0.005333    0.048265    0.196249    0.384883 ^ clkbuf_1_1__f_clk/X (sky130_fd_sc_hd__clkbuf_16)
                                                         clknet_1_1__leaf_clk (net)
                      0.048266    0.000129    0.385012 ^ _46_/CLK (sky130_fd_sc_hd__dfxtp_1)
     7    0.024056    0.220871    0.706603    1.091614 v _46_/Q (sky130_fd_sc_hd__dfxtp_1)
                                                         net4 (net)
                      0.220871    0.000447    1.092061 v _28_/A1 (sky130_fd_sc_hd__o21ai_1)
     1    0.002257    0.118610    0.258909    1.350970 ^ _28_/Y (sky130_fd_sc_hd__o21ai_1)
                                                         _00_ (net)
                      0.118610    0.000067    1.351037 ^ _46_/D (sky130_fd_sc_hd__dfxtp_1)
                                              1.351037   data arrival time

                                  0.000000    0.000000   clock clk (rise edge)
                                  0.000000    0.000000   clock source latency
     1    0.009301    0.000000    0.000000    0.000000 ^ clk (in)
                                                         clk (net)
                      0.000250    0.000125    0.000125 ^ clkbuf_0_clk/A (sky130_fd_sc_hd__clkbuf_16)
     2    0.017726    0.064461    0.188098    0.188223 ^ clkbuf_0_clk/X (sky130_fd_sc_hd__clkbuf_16)
                                                         clknet_0_clk (net)
                      0.064470    0.000410    0.188633 ^ clkbuf_1_1__f_clk/A (sky130_fd_sc_hd__clkbuf_16)
     2    0.005333    0.048265    0.196249    0.384883 ^ clkbuf_1_1__f_clk/X (sky130_fd_sc_hd__clkbuf_16)
                                                         clknet_1_1__leaf_clk (net)
                      0.048266    0.000129    0.385012 ^ _46_/CLK (sky130_fd_sc_hd__dfxtp_1)
                                  0.000000    0.385012   clock reconvergence pessimism
                                 -0.086790    0.298222   library hold time
                                              0.298222   data required time
---------------------------------------------------------------------------------------------
                                              0.298222   data required time
                                             -1.351037   data arrival time
---------------------------------------------------------------------------------------------
                                              1.052815   slack (MET)


Startpoint: _48_ (rising edge-triggered flip-flop clocked by clk)
Endpoint: _48_ (rising edge-triggered flip-flop clocked by clk)
Path Group: clk
Path Type: min

Fanout         Cap        Slew       Delay        Time   Description
---------------------------------------------------------------------------------------------
                                  0.000000    0.000000   clock clk (rise edge)
                                  0.000000    0.000000   clock source latency
     1    0.009301    0.000000    0.000000    0.000000 ^ clk (in)
                                                         clk (net)
                      0.000250    0.000125    0.000125 ^ clkbuf_0_clk/A (sky130_fd_sc_hd__clkbuf_16)
     2    0.017726    0.064461    0.188098    0.188223 ^ clkbuf_0_clk/X (sky130_fd_sc_hd__clkbuf_16)
                                                         clknet_0_clk (net)
                      0.064470    0.000410    0.188633 ^ clkbuf_1_1__f_clk/A (sky130_fd_sc_hd__clkbuf_16)
     2    0.005333    0.048265    0.196249    0.384883 ^ clkbuf_1_1__f_clk/X (sky130_fd_sc_hd__clkbuf_16)
                                                         clknet_1_1__leaf_clk (net)
                      0.048266    0.000154    0.385037 ^ _48_/CLK (sky130_fd_sc_hd__dfxtp_1)
     5    0.015606    0.149739    0.653464    1.038502 v _48_/Q (sky130_fd_sc_hd__dfxtp_1)
                                                         net6 (net)
                      0.149739    0.000547    1.039048 v _39_/A1 (sky130_fd_sc_hd__a21oi_1)
     1    0.003109    0.154157    0.241922    1.280970 ^ _39_/Y (sky130_fd_sc_hd__a21oi_1)
                                                         _18_ (net)
                      0.154157    0.000098    1.281069 ^ _40_/B1 (sky130_fd_sc_hd__o21ai_1)
     1    0.001979    0.055056    0.142821    1.423889 v _40_/Y (sky130_fd_sc_hd__o21ai_1)
                                                         _02_ (net)
                      0.055056    0.000040    1.423929 v _48_/D (sky130_fd_sc_hd__dfxtp_1)
                                              1.423929   data arrival time

                                  0.000000    0.000000   clock clk (rise edge)
                                  0.000000    0.000000   clock source latency
     1    0.009301    0.000000    0.000000    0.000000 ^ clk (in)
                                                         clk (net)
                      0.000250    0.000125    0.000125 ^ clkbuf_0_clk/A (sky130_fd_sc_hd__clkbuf_16)
     2    0.017726    0.064461    0.188098    0.188223 ^ clkbuf_0_clk/X (sky130_fd_sc_hd__clkbuf_16)
                                                         clknet_0_clk (net)
                      0.064470    0.000410    0.188633 ^ clkbuf_1_1__f_clk/A (sky130_fd_sc_hd__clkbuf_16)
     2    0.005333    0.048265    0.196249    0.384883 ^ clkbuf_1_1__f_clk/X (sky130_fd_sc_hd__clkbuf_16)
                                                         clknet_1_1__leaf_clk (net)
                      0.048266    0.000154    0.385037 ^ _48_/CLK (sky130_fd_sc_hd__dfxtp_1)
                                  0.000000    0.385037   clock reconvergence pessimism
                                 -0.104708    0.280329   library hold time
                                              0.280329   data required time
---------------------------------------------------------------------------------------------
                                              0.280329   data required time
                                             -1.423929   data arrival time
---------------------------------------------------------------------------------------------
                                              1.143600   slack (MET)


Startpoint: _49_ (rising edge-triggered flip-flop clocked by clk)
Endpoint: _49_ (rising edge-triggered flip-flop clocked by clk)
Path Group: clk
Path Type: min

Fanout         Cap        Slew       Delay        Time   Description
---------------------------------------------------------------------------------------------
                                  0.000000    0.000000   clock clk (rise edge)
                                  0.000000    0.000000   clock source latency
     1    0.009301    0.000000    0.000000    0.000000 ^ clk (in)
                                                         clk (net)
                      0.000250    0.000125    0.000125 ^ clkbuf_0_clk/A (sky130_fd_sc_hd__clkbuf_16)
     2    0.017726    0.064461    0.188098    0.188223 ^ clkbuf_0_clk/X (sky130_fd_sc_hd__clkbuf_16)
                                                         clknet_0_clk (net)
                      0.064470    0.000423    0.188646 ^ clkbuf_1_0__f_clk/A (sky130_fd_sc_hd__clkbuf_16)
     2    0.004766    0.047484    0.195179    0.383825 ^ clkbuf_1_0__f_clk/X (sky130_fd_sc_hd__clkbuf_16)
                                                         clknet_1_0__leaf_clk (net)
                      0.047484    0.000113    0.383938 ^ _49_/CLK (sky130_fd_sc_hd__dfxtp_1)
     3    0.009956    0.105047    0.615590    0.999528 v _49_/Q (sky130_fd_sc_hd__dfxtp_1)
                                                         net7 (net)
                      0.105047    0.000244    0.999772 v _44_/B (sky130_fd_sc_hd__nand4_1)
     1    0.003632    0.103086    0.156533    1.156305 ^ _44_/Y (sky130_fd_sc_hd__nand4_1)
                                                         _22_ (net)
                      0.103087    0.000117    1.156421 ^ _45_/A3 (sky130_fd_sc_hd__a31o_1)
     1    0.002196    0.072251    0.298105    1.454526 ^ _45_/X (sky130_fd_sc_hd__a31o_1)
                                                         _03_ (net)
                      0.072251    0.000047    1.454573 ^ _49_/D (sky130_fd_sc_hd__dfxtp_1)
                                              1.454573   data arrival time

                                  0.000000    0.000000   clock clk (rise edge)
                                  0.000000    0.000000   clock source latency
     1    0.009301    0.000000    0.000000    0.000000 ^ clk (in)
                                                         clk (net)
                      0.000250    0.000125    0.000125 ^ clkbuf_0_clk/A (sky130_fd_sc_hd__clkbuf_16)
     2    0.017726    0.064461    0.188098    0.188223 ^ clkbuf_0_clk/X (sky130_fd_sc_hd__clkbuf_16)
                                                         clknet_0_clk (net)
                      0.064470    0.000423    0.188646 ^ clkbuf_1_0__f_clk/A (sky130_fd_sc_hd__clkbuf_16)
     2    0.004766    0.047484    0.195179    0.383825 ^ clkbuf_1_0__f_clk/X (sky130_fd_sc_hd__clkbuf_16)
                                                         clknet_1_0__leaf_clk (net)
                      0.047484    0.000113    0.383938 ^ _49_/CLK (sky130_fd_sc_hd__dfxtp_1)
                                  0.000000    0.383938   clock reconvergence pessimism
                                 -0.076123    0.307815   library hold time
                                              0.307815   data required time
---------------------------------------------------------------------------------------------
                                              0.307815   data required time
                                             -1.454573   data arrival time
---------------------------------------------------------------------------------------------
                                              1.146758   slack (MET)


Startpoint: reset (input port clocked by clk)
Endpoint: _47_ (rising edge-triggered flip-flop clocked by clk)
Path Group: clk
Path Type: min

Fanout         Cap        Slew       Delay        Time   Description
---------------------------------------------------------------------------------------------
                                  0.000000    0.000000   clock clk (rise edge)
                                  0.000000    0.000000   clock network delay (propagated)
                                  1.000000    1.000000 v input external delay
     1    0.002446    0.000000    0.000000    1.000000 v reset (in)
                                                         reset (net)
                      0.000061    0.000031    1.000031 v input2/A (sky130_fd_sc_hd__buf_1)
     2    0.006967    0.093066    0.165605    1.165636 v input2/X (sky130_fd_sc_hd__buf_1)
                                                         net2 (net)
                      0.093066    0.000116    1.165752 v _23_/A (sky130_fd_sc_hd__inv_2)
     4    0.013011    0.104441    0.128854    1.294605 ^ _23_/Y (sky130_fd_sc_hd__inv_2)
                                                         _04_ (net)
                      0.104441    0.000322    1.294927 ^ _34_/A2 (sky130_fd_sc_hd__a31o_1)
     1    0.002239    0.063349    0.288898    1.583825 ^ _34_/X (sky130_fd_sc_hd__a31o_1)
                                                         _01_ (net)
                      0.063349    0.000065    1.583889 ^ _47_/D (sky130_fd_sc_hd__dfxtp_1)
                                              1.583889   data arrival time

                                  0.000000    0.000000   clock clk (rise edge)
                                  0.000000    0.000000   clock source latency
     1    0.009301    0.000000    0.000000    0.000000 ^ clk (in)
                                                         clk (net)
                      0.000250    0.000125    0.000125 ^ clkbuf_0_clk/A (sky130_fd_sc_hd__clkbuf_16)
     2    0.017726    0.064461    0.188098    0.188223 ^ clkbuf_0_clk/X (sky130_fd_sc_hd__clkbuf_16)
                                                         clknet_0_clk (net)
                      0.064470    0.000423    0.188646 ^ clkbuf_1_0__f_clk/A (sky130_fd_sc_hd__clkbuf_16)
     2    0.004766    0.047484    0.195179    0.383825 ^ clkbuf_1_0__f_clk/X (sky130_fd_sc_hd__clkbuf_16)
                                                         clknet_1_0__leaf_clk (net)
                      0.047484    0.000098    0.383923 ^ _47_/CLK (sky130_fd_sc_hd__dfxtp_1)
                                  0.000000    0.383923   clock reconvergence pessimism
                                 -0.074051    0.309873   library hold time
                                              0.309873   data required time
---------------------------------------------------------------------------------------------
                                              0.309873   data required time
                                             -1.583889   data arrival time
---------------------------------------------------------------------------------------------
                                              1.274017   slack (MET)


Startpoint: _49_ (rising edge-triggered flip-flop clocked by clk)
Endpoint: counter[3] (output port clocked by clk)
Path Group: clk
Path Type: min

Fanout         Cap        Slew       Delay        Time   Description
---------------------------------------------------------------------------------------------
                                  0.000000    0.000000   clock clk (rise edge)
                                  0.000000    0.000000   clock source latency
     1    0.009301    0.000000    0.000000    0.000000 ^ clk (in)
                                                         clk (net)
                      0.000250    0.000125    0.000125 ^ clkbuf_0_clk/A (sky130_fd_sc_hd__clkbuf_16)
     2    0.017726    0.064461    0.188098    0.188223 ^ clkbuf_0_clk/X (sky130_fd_sc_hd__clkbuf_16)
                                                         clknet_0_clk (net)
                      0.064470    0.000423    0.188646 ^ clkbuf_1_0__f_clk/A (sky130_fd_sc_hd__clkbuf_16)
     2    0.004766    0.047484    0.195179    0.383825 ^ clkbuf_1_0__f_clk/X (sky130_fd_sc_hd__clkbuf_16)
                                                         clknet_1_0__leaf_clk (net)
                      0.047484    0.000113    0.383938 ^ _49_/CLK (sky130_fd_sc_hd__dfxtp_1)
     3    0.009956    0.105047    0.615590    0.999528 v _49_/Q (sky130_fd_sc_hd__dfxtp_1)
                                                         net7 (net)
                      0.105047    0.000191    0.999719 v output7/A (sky130_fd_sc_hd__buf_1)
     1    0.000306    0.025943    0.150054    1.149773 v output7/X (sky130_fd_sc_hd__buf_1)
                                                         counter[3] (net)
                      0.025943    0.000003    1.149777 v counter[3] (out)
                                              1.149777   data arrival time

                                  0.000000    0.000000   clock clk (rise edge)
                                  0.000000    0.000000   clock network delay (propagated)
                                  0.000000    0.000000   clock reconvergence pessimism
                                 -1.000000   -1.000000   output external delay
                                             -1.000000   data required time
---------------------------------------------------------------------------------------------
                                             -1.000000   data required time
                                             -1.149777   data arrival time
---------------------------------------------------------------------------------------------
                                              2.149776   slack (MET)


Startpoint: _48_ (rising edge-triggered flip-flop clocked by clk)
Endpoint: counter[2] (output port clocked by clk)
Path Group: clk
Path Type: min

Fanout         Cap        Slew       Delay        Time   Description
---------------------------------------------------------------------------------------------
                                  0.000000    0.000000   clock clk (rise edge)
                                  0.000000    0.000000   clock source latency
     1    0.009301    0.000000    0.000000    0.000000 ^ clk (in)
                                                         clk (net)
                      0.000250    0.000125    0.000125 ^ clkbuf_0_clk/A (sky130_fd_sc_hd__clkbuf_16)
     2    0.017726    0.064461    0.188098    0.188223 ^ clkbuf_0_clk/X (sky130_fd_sc_hd__clkbuf_16)
                                                         clknet_0_clk (net)
                      0.064470    0.000410    0.188633 ^ clkbuf_1_1__f_clk/A (sky130_fd_sc_hd__clkbuf_16)
     2    0.005333    0.048265    0.196249    0.384883 ^ clkbuf_1_1__f_clk/X (sky130_fd_sc_hd__clkbuf_16)
                                                         clknet_1_1__leaf_clk (net)
                      0.048266    0.000154    0.385037 ^ _48_/CLK (sky130_fd_sc_hd__dfxtp_1)
     5    0.015606    0.149739    0.653464    1.038502 v _48_/Q (sky130_fd_sc_hd__dfxtp_1)
                                                         net6 (net)
                      0.149739    0.000355    1.038856 v output6/A (sky130_fd_sc_hd__buf_1)
     1    0.000524    0.028525    0.173853    1.212709 v output6/X (sky130_fd_sc_hd__buf_1)
                                                         counter[2] (net)
                      0.028525    0.000005    1.212715 v counter[2] (out)
                                              1.212715   data arrival time

                                  0.000000    0.000000   clock clk (rise edge)
                                  0.000000    0.000000   clock network delay (propagated)
                                  0.000000    0.000000   clock reconvergence pessimism
                                 -1.000000   -1.000000   output external delay
                                             -1.000000   data required time
---------------------------------------------------------------------------------------------
                                             -1.000000   data required time
                                             -1.212715   data arrival time
---------------------------------------------------------------------------------------------
                                              2.212714   slack (MET)


Startpoint: _47_ (rising edge-triggered flip-flop clocked by clk)
Endpoint: counter[1] (output port clocked by clk)
Path Group: clk
Path Type: min

Fanout         Cap        Slew       Delay        Time   Description
---------------------------------------------------------------------------------------------
                                  0.000000    0.000000   clock clk (rise edge)
                                  0.000000    0.000000   clock source latency
     1    0.009301    0.000000    0.000000    0.000000 ^ clk (in)
                                                         clk (net)
                      0.000250    0.000125    0.000125 ^ clkbuf_0_clk/A (sky130_fd_sc_hd__clkbuf_16)
     2    0.017726    0.064461    0.188098    0.188223 ^ clkbuf_0_clk/X (sky130_fd_sc_hd__clkbuf_16)
                                                         clknet_0_clk (net)
                      0.064470    0.000423    0.188646 ^ clkbuf_1_0__f_clk/A (sky130_fd_sc_hd__clkbuf_16)
     2    0.004766    0.047484    0.195179    0.383825 ^ clkbuf_1_0__f_clk/X (sky130_fd_sc_hd__clkbuf_16)
                                                         clknet_1_0__leaf_clk (net)
                      0.047484    0.000098    0.383923 ^ _47_/CLK (sky130_fd_sc_hd__dfxtp_1)
     6    0.020330    0.189399    0.683033    1.066956 v _47_/Q (sky130_fd_sc_hd__dfxtp_1)
                                                         net5 (net)
                      0.189399    0.000315    1.067271 v output5/A (sky130_fd_sc_hd__buf_1)
     1    0.000481    0.028412    0.192167    1.259438 v output5/X (sky130_fd_sc_hd__buf_1)
                                                         counter[1] (net)
                      0.028412    0.000006    1.259444 v counter[1] (out)
                                              1.259444   data arrival time

                                  0.000000    0.000000   clock clk (rise edge)
                                  0.000000    0.000000   clock network delay (propagated)
                                  0.000000    0.000000   clock reconvergence pessimism
                                 -1.000000   -1.000000   output external delay
                                             -1.000000   data required time
---------------------------------------------------------------------------------------------
                                             -1.000000   data required time
                                             -1.259444   data arrival time
---------------------------------------------------------------------------------------------
                                              2.259444   slack (MET)


Startpoint: _46_ (rising edge-triggered flip-flop clocked by clk)
Endpoint: counter[0] (output port clocked by clk)
Path Group: clk
Path Type: min

Fanout         Cap        Slew       Delay        Time   Description
---------------------------------------------------------------------------------------------
                                  0.000000    0.000000   clock clk (rise edge)
                                  0.000000    0.000000   clock source latency
     1    0.009301    0.000000    0.000000    0.000000 ^ clk (in)
                                                         clk (net)
                      0.000250    0.000125    0.000125 ^ clkbuf_0_clk/A (sky130_fd_sc_hd__clkbuf_16)
     2    0.017726    0.064461    0.188098    0.188223 ^ clkbuf_0_clk/X (sky130_fd_sc_hd__clkbuf_16)
                                                         clknet_0_clk (net)
                      0.064470    0.000410    0.188633 ^ clkbuf_1_1__f_clk/A (sky130_fd_sc_hd__clkbuf_16)
     2    0.005333    0.048265    0.196249    0.384883 ^ clkbuf_1_1__f_clk/X (sky130_fd_sc_hd__clkbuf_16)
                                                         clknet_1_1__leaf_clk (net)
                      0.048266    0.000129    0.385012 ^ _46_/CLK (sky130_fd_sc_hd__dfxtp_1)
     7    0.024056    0.220871    0.706603    1.091614 v _46_/Q (sky130_fd_sc_hd__dfxtp_1)
                                                         net4 (net)
                      0.220871    0.000246    1.091861 v output4/A (sky130_fd_sc_hd__buf_1)
     1    0.000376    0.027591    0.205858    1.297719 v output4/X (sky130_fd_sc_hd__buf_1)
                                                         counter[0] (net)
                      0.027591    0.000004    1.297723 v counter[0] (out)
                                              1.297723   data arrival time

                                  0.000000    0.000000   clock clk (rise edge)
                                  0.000000    0.000000   clock network delay (propagated)
                                  0.000000    0.000000   clock reconvergence pessimism
                                 -1.000000   -1.000000   output external delay
                                             -1.000000   data required time
---------------------------------------------------------------------------------------------
                                             -1.000000   data required time
                                             -1.297723   data arrival time
---------------------------------------------------------------------------------------------
                                              2.297723   slack (MET)



