Clock: clk
Sources: clk 
Generated: no
Virtual: yes
Propagated: no
Period: 10.000000

===========================================================================
report_clock_properties
============================================================================
Clock                   Period          Waveform
----------------------------------------------------
clk                  10.000000    0.000000  5.000000

===========================================================================
report_clock_latency
============================================================================
Clock clk
rise -> rise
    min     max
0.000000 0.000000 source latency
0.189926         network latency _47_/CLK
        0.190543 network latency _46_/CLK
---------------
0.189926 0.190543 latency
        0.000617 skew

fall -> fall
    min     max
0.000000 0.000000 source latency
0.189775         network latency _47_/CLK
        0.190346 network latency _46_/CLK
---------------
0.189775 0.190346 latency
        0.000571 skew



===========================================================================
report_clock_min_period
============================================================================
clk period_min = 1.46 fmax = 683.60
