Clock: clk
Sources: clk 
Generated: no
Virtual: yes
Propagated: no
Period: 10.000000

===========================================================================
report_clock_properties
============================================================================
Clock                   Period          Waveform
----------------------------------------------------
clk                  10.000000    0.000000  5.000000

===========================================================================
report_clock_latency
============================================================================
Clock clk
rise -> rise
    min     max
0.000000 0.000000 source latency
0.151355         network latency _46_/CLK
        0.151668 network latency _49_/CLK
---------------
0.151355 0.151668 latency
        0.000312 skew

fall -> fall
    min     max
0.000000 0.000000 source latency
0.173813         network latency _46_/CLK
        0.174136 network latency _49_/CLK
---------------
0.173813 0.174136 latency
        0.000323 skew



===========================================================================
report_clock_min_period
============================================================================
clk period_min = 0.74 fmax = 1356.32
