Clock: clk
Sources: clk 
Generated: no
Virtual: yes
Propagated: no
Period: 10.000000

===========================================================================
report_clock_properties
============================================================================
Clock                   Period          Waveform
----------------------------------------------------
clk                  10.000000    0.000000  5.000000

===========================================================================
report_clock_latency
============================================================================
Clock clk
rise -> rise
    min     max
0.000000 0.000000 source latency
0.277597         network latency _46_/CLK
        0.279270 network latency _47_/CLK
---------------
0.277597 0.279270 latency
        0.001672 skew

fall -> fall
    min     max
0.000000 0.000000 source latency
0.283156         network latency _46_/CLK
        0.284716 network latency _47_/CLK
---------------
0.283156 0.284716 latency
        0.001560 skew



===========================================================================
report_clock_min_period
============================================================================
clk period_min = 2.09 fmax = 477.68
