
===========================================================================
report_checks -path_delay min (Hold)
============================================================================
======================= max_tt_025C_1v80 Corner ===================================

Startpoint: _46_ (rising edge-triggered flip-flop clocked by clk)
Endpoint: _46_ (rising edge-triggered flip-flop clocked by clk)
Path Group: clk
Path Type: min

Fanout         Cap        Slew       Delay        Time   Description
---------------------------------------------------------------------------------------------
                                  0.000000    0.000000   clock clk (rise edge)
                                  0.000000    0.000000   clock source latency
     1    0.010880    0.055379    0.037015    0.037015 ^ clk (in)
                                                         clk (net)
                      0.055384    0.000000    0.037015 ^ clkbuf_0_clk/A (sky130_fd_sc_hd__clkbuf_16)
     2    0.019012    0.040992    0.127875    0.164891 ^ clkbuf_0_clk/X (sky130_fd_sc_hd__clkbuf_16)
                                                         clknet_0_clk (net)
                      0.041010    0.001189    0.166079 ^ clkbuf_1_0__f_clk/A (sky130_fd_sc_hd__clkbuf_16)
     2    0.006769    0.030450    0.111138    0.277218 ^ clkbuf_1_0__f_clk/X (sky130_fd_sc_hd__clkbuf_16)
                                                         clknet_1_0__leaf_clk (net)
                      0.030451    0.000380    0.277597 ^ _46_/CLK (sky130_fd_sc_hd__dfxtp_1)
     7    0.024232    0.116910    0.362973    0.640570 v _46_/Q (sky130_fd_sc_hd__dfxtp_1)
                                                         net4 (net)
                      0.116919    0.001099    0.641669 v _27_/A1 (sky130_fd_sc_hd__a21oi_1)
     1    0.002158    0.076112    0.137156    0.778825 ^ _27_/Y (sky130_fd_sc_hd__a21oi_1)
                                                         _08_ (net)
                      0.076112    0.000099    0.778924 ^ _28_/B1 (sky130_fd_sc_hd__o21ai_1)
     1    0.002079    0.030170    0.060973    0.839897 v _28_/Y (sky130_fd_sc_hd__o21ai_1)
                                                         _00_ (net)
                      0.030170    0.000150    0.840047 v _46_/D (sky130_fd_sc_hd__dfxtp_1)
                                              0.840047   data arrival time

                                  0.000000    0.000000   clock clk (rise edge)
                                  0.000000    0.000000   clock source latency
     1    0.010880    0.055379    0.037015    0.037015 ^ clk (in)
                                                         clk (net)
                      0.055384    0.000000    0.037015 ^ clkbuf_0_clk/A (sky130_fd_sc_hd__clkbuf_16)
     2    0.019012    0.040992    0.127875    0.164891 ^ clkbuf_0_clk/X (sky130_fd_sc_hd__clkbuf_16)
                                                         clknet_0_clk (net)
                      0.041010    0.001189    0.166079 ^ clkbuf_1_0__f_clk/A (sky130_fd_sc_hd__clkbuf_16)
     2    0.006769    0.030450    0.111138    0.277218 ^ clkbuf_1_0__f_clk/X (sky130_fd_sc_hd__clkbuf_16)
                                                         clknet_1_0__leaf_clk (net)
                      0.030451    0.000380    0.277597 ^ _46_/CLK (sky130_fd_sc_hd__dfxtp_1)
                                  0.250000    0.527597   clock uncertainty
                                  0.000000    0.527597   clock reconvergence pessimism
                                 -0.050634    0.476963   library hold time
                                              0.476963   data required time
---------------------------------------------------------------------------------------------
                                              0.476963   data required time
                                             -0.840047   data arrival time
---------------------------------------------------------------------------------------------
                                              0.363084   slack (MET)


Startpoint: _47_ (rising edge-triggered flip-flop clocked by clk)
Endpoint: _47_ (rising edge-triggered flip-flop clocked by clk)
Path Group: clk
Path Type: min

Fanout         Cap        Slew       Delay        Time   Description
---------------------------------------------------------------------------------------------
                                  0.000000    0.000000   clock clk (rise edge)
                                  0.000000    0.000000   clock source latency
     1    0.010880    0.055379    0.037015    0.037015 ^ clk (in)
                                                         clk (net)
                      0.055384    0.000000    0.037015 ^ clkbuf_0_clk/A (sky130_fd_sc_hd__clkbuf_16)
     2    0.019012    0.040992    0.127875    0.164891 ^ clkbuf_0_clk/X (sky130_fd_sc_hd__clkbuf_16)
                                                         clknet_0_clk (net)
                      0.041011    0.001240    0.166131 ^ clkbuf_1_1__f_clk/A (sky130_fd_sc_hd__clkbuf_16)
     2    0.008269    0.031850    0.112709    0.278839 ^ clkbuf_1_1__f_clk/X (sky130_fd_sc_hd__clkbuf_16)
                                                         clknet_1_1__leaf_clk (net)
                      0.031851    0.000430    0.279270 ^ _47_/CLK (sky130_fd_sc_hd__dfxtp_1)
     6    0.024812    0.236286    0.436264    0.715533 ^ _47_/Q (sky130_fd_sc_hd__dfxtp_1)
                                                         net5 (net)
                      0.236298    0.001883    0.717416 ^ _33_/A1 (sky130_fd_sc_hd__a21o_1)
     1    0.002681    0.038208    0.144927    0.862343 ^ _33_/X (sky130_fd_sc_hd__a21o_1)
                                                         _13_ (net)
                      0.038208    0.000124    0.862468 ^ _34_/B1 (sky130_fd_sc_hd__a31o_1)
     1    0.004131    0.051292    0.093757    0.956224 ^ _34_/X (sky130_fd_sc_hd__a31o_1)
                                                         _01_ (net)
                      0.051293    0.000280    0.956504 ^ _47_/D (sky130_fd_sc_hd__dfxtp_1)
                                              0.956504   data arrival time

                                  0.000000    0.000000   clock clk (rise edge)
                                  0.000000    0.000000   clock source latency
     1    0.010880    0.055379    0.037015    0.037015 ^ clk (in)
                                                         clk (net)
                      0.055384    0.000000    0.037015 ^ clkbuf_0_clk/A (sky130_fd_sc_hd__clkbuf_16)
     2    0.019012    0.040992    0.127875    0.164891 ^ clkbuf_0_clk/X (sky130_fd_sc_hd__clkbuf_16)
                                                         clknet_0_clk (net)
                      0.041011    0.001240    0.166131 ^ clkbuf_1_1__f_clk/A (sky130_fd_sc_hd__clkbuf_16)
     2    0.008269    0.031850    0.112709    0.278839 ^ clkbuf_1_1__f_clk/X (sky130_fd_sc_hd__clkbuf_16)
                                                         clknet_1_1__leaf_clk (net)
                      0.031851    0.000430    0.279270 ^ _47_/CLK (sky130_fd_sc_hd__dfxtp_1)
                                  0.250000    0.529270   clock uncertainty
                                  0.000000    0.529270   clock reconvergence pessimism
                                 -0.034324    0.494945   library hold time
                                              0.494945   data required time
---------------------------------------------------------------------------------------------
                                              0.494945   data required time
                                             -0.956504   data arrival time
---------------------------------------------------------------------------------------------
                                              0.461559   slack (MET)


Startpoint: _48_ (rising edge-triggered flip-flop clocked by clk)
Endpoint: _48_ (rising edge-triggered flip-flop clocked by clk)
Path Group: clk
Path Type: min

Fanout         Cap        Slew       Delay        Time   Description
---------------------------------------------------------------------------------------------
                                  0.000000    0.000000   clock clk (rise edge)
                                  0.000000    0.000000   clock source latency
     1    0.010880    0.055379    0.037015    0.037015 ^ clk (in)
                                                         clk (net)
                      0.055384    0.000000    0.037015 ^ clkbuf_0_clk/A (sky130_fd_sc_hd__clkbuf_16)
     2    0.019012    0.040992    0.127875    0.164891 ^ clkbuf_0_clk/X (sky130_fd_sc_hd__clkbuf_16)
                                                         clknet_0_clk (net)
                      0.041010    0.001189    0.166079 ^ clkbuf_1_0__f_clk/A (sky130_fd_sc_hd__clkbuf_16)
     2    0.006769    0.030450    0.111138    0.277218 ^ clkbuf_1_0__f_clk/X (sky130_fd_sc_hd__clkbuf_16)
                                                         clknet_1_0__leaf_clk (net)
                      0.030452    0.000410    0.277628 ^ _48_/CLK (sky130_fd_sc_hd__dfxtp_1)
     5    0.015864    0.081289    0.334772    0.612399 v _48_/Q (sky130_fd_sc_hd__dfxtp_1)
                                                         net6 (net)
                      0.081303    0.001051    0.613450 v _36_/C (sky130_fd_sc_hd__nand3_1)
     2    0.006750    0.086429    0.117512    0.730963 ^ _36_/Y (sky130_fd_sc_hd__nand3_1)
                                                         _15_ (net)
                      0.086429    0.000375    0.731337 ^ _37_/B (sky130_fd_sc_hd__nand2_1)
     1    0.004947    0.043636    0.070629    0.801966 v _37_/Y (sky130_fd_sc_hd__nand2_1)
                                                         _16_ (net)
                      0.043653    0.000238    0.802204 v _38_/B (sky130_fd_sc_hd__xnor2_1)
     1    0.003086    0.051849    0.129974    0.932178 ^ _38_/Y (sky130_fd_sc_hd__xnor2_1)
                                                         _17_ (net)
                      0.051850    0.000219    0.932397 ^ _40_/A2 (sky130_fd_sc_hd__o21ai_1)
     1    0.003126    0.031992    0.055842    0.988240 v _40_/Y (sky130_fd_sc_hd__o21ai_1)
                                                         _02_ (net)
                      0.031993    0.000189    0.988429 v _48_/D (sky130_fd_sc_hd__dfxtp_1)
                                              0.988429   data arrival time

                                  0.000000    0.000000   clock clk (rise edge)
                                  0.000000    0.000000   clock source latency
     1    0.010880    0.055379    0.037015    0.037015 ^ clk (in)
                                                         clk (net)
                      0.055384    0.000000    0.037015 ^ clkbuf_0_clk/A (sky130_fd_sc_hd__clkbuf_16)
     2    0.019012    0.040992    0.127875    0.164891 ^ clkbuf_0_clk/X (sky130_fd_sc_hd__clkbuf_16)
                                                         clknet_0_clk (net)
                      0.041010    0.001189    0.166079 ^ clkbuf_1_0__f_clk/A (sky130_fd_sc_hd__clkbuf_16)
     2    0.006769    0.030450    0.111138    0.277218 ^ clkbuf_1_0__f_clk/X (sky130_fd_sc_hd__clkbuf_16)
                                                         clknet_1_0__leaf_clk (net)
                      0.030452    0.000410    0.277628 ^ _48_/CLK (sky130_fd_sc_hd__dfxtp_1)
                                  0.250000    0.527628   clock uncertainty
                                  0.000000    0.527628   clock reconvergence pessimism
                                 -0.051394    0.476233   library hold time
                                              0.476233   data required time
---------------------------------------------------------------------------------------------
                                              0.476233   data required time
                                             -0.988429   data arrival time
---------------------------------------------------------------------------------------------
                                              0.512196   slack (MET)


Startpoint: _49_ (rising edge-triggered flip-flop clocked by clk)
Endpoint: _49_ (rising edge-triggered flip-flop clocked by clk)
Path Group: clk
Path Type: min

Fanout         Cap        Slew       Delay        Time   Description
---------------------------------------------------------------------------------------------
                                  0.000000    0.000000   clock clk (rise edge)
                                  0.000000    0.000000   clock source latency
     1    0.010880    0.055379    0.037015    0.037015 ^ clk (in)
                                                         clk (net)
                      0.055384    0.000000    0.037015 ^ clkbuf_0_clk/A (sky130_fd_sc_hd__clkbuf_16)
     2    0.019012    0.040992    0.127875    0.164891 ^ clkbuf_0_clk/X (sky130_fd_sc_hd__clkbuf_16)
                                                         clknet_0_clk (net)
                      0.041011    0.001240    0.166131 ^ clkbuf_1_1__f_clk/A (sky130_fd_sc_hd__clkbuf_16)
     2    0.008269    0.031850    0.112709    0.278839 ^ clkbuf_1_1__f_clk/X (sky130_fd_sc_hd__clkbuf_16)
                                                         clknet_1_1__leaf_clk (net)
                      0.031851    0.000370    0.279210 ^ _49_/CLK (sky130_fd_sc_hd__dfxtp_1)
     3    0.007998    0.085377    0.329024    0.608233 ^ _49_/Q (sky130_fd_sc_hd__dfxtp_1)
                                                         net7 (net)
                      0.085380    0.000571    0.608804 ^ _43_/B1 (sky130_fd_sc_hd__a31o_1)
     1    0.002996    0.042372    0.100918    0.709723 ^ _43_/X (sky130_fd_sc_hd__a31o_1)
                                                         _21_ (net)
                      0.042373    0.000210    0.709933 ^ _45_/A2 (sky130_fd_sc_hd__a31o_1)
     1    0.002605    0.043128    0.127062    0.836995 ^ _45_/X (sky130_fd_sc_hd__a31o_1)
                                                         _03_ (net)
                      0.043131    0.000165    0.837160 ^ hold4/A (sky130_fd_sc_hd__dlygate4sd3_1)
     1    0.001911    0.046060    0.525854    1.363014 ^ hold4/X (sky130_fd_sc_hd__dlygate4sd3_1)
                                                         net11 (net)
                      0.046060    0.000086    1.363099 ^ _49_/D (sky130_fd_sc_hd__dfxtp_1)
                                              1.363099   data arrival time

                                  0.000000    0.000000   clock clk (rise edge)
                                  0.000000    0.000000   clock source latency
     1    0.010880    0.055379    0.037015    0.037015 ^ clk (in)
                                                         clk (net)
                      0.055384    0.000000    0.037015 ^ clkbuf_0_clk/A (sky130_fd_sc_hd__clkbuf_16)
     2    0.019012    0.040992    0.127875    0.164891 ^ clkbuf_0_clk/X (sky130_fd_sc_hd__clkbuf_16)
                                                         clknet_0_clk (net)
                      0.041011    0.001240    0.166131 ^ clkbuf_1_1__f_clk/A (sky130_fd_sc_hd__clkbuf_16)
     2    0.008269    0.031850    0.112709    0.278839 ^ clkbuf_1_1__f_clk/X (sky130_fd_sc_hd__clkbuf_16)
                                                         clknet_1_1__leaf_clk (net)
                      0.031851    0.000370    0.279210 ^ _49_/CLK (sky130_fd_sc_hd__dfxtp_1)
                                  0.250000    0.529210   clock uncertainty
                                  0.000000    0.529210   clock reconvergence pessimism
                                 -0.033226    0.495983   library hold time
                                              0.495983   data required time
---------------------------------------------------------------------------------------------
                                              0.495983   data required time
                                             -1.363099   data arrival time
---------------------------------------------------------------------------------------------
                                              0.867116   slack (MET)


Startpoint: _49_ (rising edge-triggered flip-flop clocked by clk)
Endpoint: counter[3] (output port clocked by clk)
Path Group: clk
Path Type: min

Fanout         Cap        Slew       Delay        Time   Description
---------------------------------------------------------------------------------------------
                                  0.000000    0.000000   clock clk (rise edge)
                                  0.000000    0.000000   clock source latency
     1    0.010880    0.055379    0.037015    0.037015 ^ clk (in)
                                                         clk (net)
                      0.055384    0.000000    0.037015 ^ clkbuf_0_clk/A (sky130_fd_sc_hd__clkbuf_16)
     2    0.019012    0.040992    0.127875    0.164891 ^ clkbuf_0_clk/X (sky130_fd_sc_hd__clkbuf_16)
                                                         clknet_0_clk (net)
                      0.041011    0.001240    0.166131 ^ clkbuf_1_1__f_clk/A (sky130_fd_sc_hd__clkbuf_16)
     2    0.008269    0.031850    0.112709    0.278839 ^ clkbuf_1_1__f_clk/X (sky130_fd_sc_hd__clkbuf_16)
                                                         clknet_1_1__leaf_clk (net)
                      0.031851    0.000370    0.279210 ^ _49_/CLK (sky130_fd_sc_hd__dfxtp_1)
     3    0.007335    0.045654    0.304903    0.584113 v _49_/Q (sky130_fd_sc_hd__dfxtp_1)
                                                         net7 (net)
                      0.045717    0.000362    0.584474 v output7/A (sky130_fd_sc_hd__buf_2)
     1    0.034183    0.089756    0.179419    0.763894 v output7/X (sky130_fd_sc_hd__buf_2)
                                                         counter[3] (net)
                      0.089794    0.001710    0.765603 v counter[3] (out)
                                              0.765603   data arrival time

                                  0.000000    0.000000   clock clk (rise edge)
                                  0.000000    0.000000   clock network delay (propagated)
                                  0.250000    0.250000   clock uncertainty
                                  0.000000    0.250000   clock reconvergence pessimism
                                 -2.000000   -1.750000   output external delay
                                             -1.750000   data required time
---------------------------------------------------------------------------------------------
                                             -1.750000   data required time
                                             -0.765603   data arrival time
---------------------------------------------------------------------------------------------
                                              2.515603   slack (MET)


Startpoint: _48_ (rising edge-triggered flip-flop clocked by clk)
Endpoint: counter[2] (output port clocked by clk)
Path Group: clk
Path Type: min

Fanout         Cap        Slew       Delay        Time   Description
---------------------------------------------------------------------------------------------
                                  0.000000    0.000000   clock clk (rise edge)
                                  0.000000    0.000000   clock source latency
     1    0.010880    0.055379    0.037015    0.037015 ^ clk (in)
                                                         clk (net)
                      0.055384    0.000000    0.037015 ^ clkbuf_0_clk/A (sky130_fd_sc_hd__clkbuf_16)
     2    0.019012    0.040992    0.127875    0.164891 ^ clkbuf_0_clk/X (sky130_fd_sc_hd__clkbuf_16)
                                                         clknet_0_clk (net)
                      0.041010    0.001189    0.166079 ^ clkbuf_1_0__f_clk/A (sky130_fd_sc_hd__clkbuf_16)
     2    0.006769    0.030450    0.111138    0.277218 ^ clkbuf_1_0__f_clk/X (sky130_fd_sc_hd__clkbuf_16)
                                                         clknet_1_0__leaf_clk (net)
                      0.030452    0.000410    0.277628 ^ _48_/CLK (sky130_fd_sc_hd__dfxtp_1)
     5    0.015864    0.081289    0.334772    0.612399 v _48_/Q (sky130_fd_sc_hd__dfxtp_1)
                                                         net6 (net)
                      0.081293    0.000662    0.613061 v output6/A (sky130_fd_sc_hd__buf_2)
     1    0.035034    0.091605    0.196927    0.809988 v output6/X (sky130_fd_sc_hd__buf_2)
                                                         counter[2] (net)
                      0.091647    0.001814    0.811802 v counter[2] (out)
                                              0.811802   data arrival time

                                  0.000000    0.000000   clock clk (rise edge)
                                  0.000000    0.000000   clock network delay (propagated)
                                  0.250000    0.250000   clock uncertainty
                                  0.000000    0.250000   clock reconvergence pessimism
                                 -2.000000   -1.750000   output external delay
                                             -1.750000   data required time
---------------------------------------------------------------------------------------------
                                             -1.750000   data required time
                                             -0.811802   data arrival time
---------------------------------------------------------------------------------------------
                                              2.561802   slack (MET)


Startpoint: _47_ (rising edge-triggered flip-flop clocked by clk)
Endpoint: counter[1] (output port clocked by clk)
Path Group: clk
Path Type: min

Fanout         Cap        Slew       Delay        Time   Description
---------------------------------------------------------------------------------------------
                                  0.000000    0.000000   clock clk (rise edge)
                                  0.000000    0.000000   clock source latency
     1    0.010880    0.055379    0.037015    0.037015 ^ clk (in)
                                                         clk (net)
                      0.055384    0.000000    0.037015 ^ clkbuf_0_clk/A (sky130_fd_sc_hd__clkbuf_16)
     2    0.019012    0.040992    0.127875    0.164891 ^ clkbuf_0_clk/X (sky130_fd_sc_hd__clkbuf_16)
                                                         clknet_0_clk (net)
                      0.041011    0.001240    0.166131 ^ clkbuf_1_1__f_clk/A (sky130_fd_sc_hd__clkbuf_16)
     2    0.008269    0.031850    0.112709    0.278839 ^ clkbuf_1_1__f_clk/X (sky130_fd_sc_hd__clkbuf_16)
                                                         clknet_1_1__leaf_clk (net)
                      0.031851    0.000430    0.279270 ^ _47_/CLK (sky130_fd_sc_hd__dfxtp_1)
     6    0.023414    0.113483    0.360843    0.640112 v _47_/Q (sky130_fd_sc_hd__dfxtp_1)
                                                         net5 (net)
                      0.113486    0.000666    0.640778 v output5/A (sky130_fd_sc_hd__buf_2)
     1    0.035149    0.091929    0.211708    0.852487 v output5/X (sky130_fd_sc_hd__buf_2)
                                                         counter[1] (net)
                      0.091977    0.001915    0.854401 v counter[1] (out)
                                              0.854401   data arrival time

                                  0.000000    0.000000   clock clk (rise edge)
                                  0.000000    0.000000   clock network delay (propagated)
                                  0.250000    0.250000   clock uncertainty
                                  0.000000    0.250000   clock reconvergence pessimism
                                 -2.000000   -1.750000   output external delay
                                             -1.750000   data required time
---------------------------------------------------------------------------------------------
                                             -1.750000   data required time
                                             -0.854401   data arrival time
---------------------------------------------------------------------------------------------
                                              2.604401   slack (MET)


Startpoint: _46_ (rising edge-triggered flip-flop clocked by clk)
Endpoint: counter[0] (output port clocked by clk)
Path Group: clk
Path Type: min

Fanout         Cap        Slew       Delay        Time   Description
---------------------------------------------------------------------------------------------
                                  0.000000    0.000000   clock clk (rise edge)
                                  0.000000    0.000000   clock source latency
     1    0.010880    0.055379    0.037015    0.037015 ^ clk (in)
                                                         clk (net)
                      0.055384    0.000000    0.037015 ^ clkbuf_0_clk/A (sky130_fd_sc_hd__clkbuf_16)
     2    0.019012    0.040992    0.127875    0.164891 ^ clkbuf_0_clk/X (sky130_fd_sc_hd__clkbuf_16)
                                                         clknet_0_clk (net)
                      0.041010    0.001189    0.166079 ^ clkbuf_1_0__f_clk/A (sky130_fd_sc_hd__clkbuf_16)
     2    0.006769    0.030450    0.111138    0.277218 ^ clkbuf_1_0__f_clk/X (sky130_fd_sc_hd__clkbuf_16)
                                                         clknet_1_0__leaf_clk (net)
                      0.030451    0.000380    0.277597 ^ _46_/CLK (sky130_fd_sc_hd__dfxtp_1)
     7    0.024232    0.116910    0.362973    0.640570 v _46_/Q (sky130_fd_sc_hd__dfxtp_1)
                                                         net4 (net)
                      0.116928    0.001431    0.642001 v output4/A (sky130_fd_sc_hd__buf_2)
     1    0.034705    0.090938    0.212526    0.854526 v output4/X (sky130_fd_sc_hd__buf_2)
                                                         counter[0] (net)
                      0.090981    0.001809    0.856335 v counter[0] (out)
                                              0.856335   data arrival time

                                  0.000000    0.000000   clock clk (rise edge)
                                  0.000000    0.000000   clock network delay (propagated)
                                  0.250000    0.250000   clock uncertainty
                                  0.000000    0.250000   clock reconvergence pessimism
                                 -2.000000   -1.750000   output external delay
                                             -1.750000   data required time
---------------------------------------------------------------------------------------------
                                             -1.750000   data required time
                                             -0.856335   data arrival time
---------------------------------------------------------------------------------------------
                                              2.606335   slack (MET)



