Reading timing models for corner nom_tt_025C_1v80…
Reading cell library for the 'nom_tt_025C_1v80' corner at '/home/amostafa/.volare/volare/sky130/versions/0fe599b2afb6708d281543108caf8310912f54af/sky130A/libs.ref/sky130_fd_sc_hd/lib/sky130_fd_sc_hd__tt_025C_1v80.lib'…
Reading top-level netlist at '/home/amostafa/vlsi/runs/RUN_2024-12-04_11-00-19/10-openroad-detailedrouting/counter_dut.nl.v'…
Linking design 'counter_dut' from netlist…
Reading design constraints file at 'counter_dut.sdc'…
Warning: counter_dut.sdc line 5, set_input_delay relative to a clock defined on the same port/pin not allowed.
[INFO] No information on clock propagation in input SDC file-- unpropagating all clocks.
%OL_CREATE_REPORT min.rpt

===========================================================================
report_checks -path_delay min (Hold)
============================================================================
======================= nom_tt_025C_1v80 Corner ===================================

Startpoint: _46_ (rising edge-triggered flip-flop clocked by clk)
Endpoint: _46_ (rising edge-triggered flip-flop clocked by clk)
Path Group: clk
Path Type: min

Fanout         Cap        Slew       Delay        Time   Description
---------------------------------------------------------------------------------------------
                      0.000000    0.000000    0.000000   clock clk (rise edge)
                                  0.000000    0.000000   clock network delay (ideal)
                      0.000000    0.000000    0.000000 ^ _46_/CLK (sky130_fd_sc_hd__dfxtp_1)
     7    0.017681    0.089426    0.330761    0.330761 v _46_/Q (sky130_fd_sc_hd__dfxtp_1)
                                                         net4 (net)
                      0.089426    0.000000    0.330761 v _28_/A1 (sky130_fd_sc_hd__o21ai_1)
     1    0.001674    0.059405    0.125539    0.456300 ^ _28_/Y (sky130_fd_sc_hd__o21ai_1)
                                                         _00_ (net)
                      0.059405    0.000000    0.456300 ^ _46_/D (sky130_fd_sc_hd__dfxtp_1)
                                              0.456300   data arrival time

                      0.000000    0.000000    0.000000   clock clk (rise edge)
                                  0.000000    0.000000   clock network delay (ideal)
                                  0.000000    0.000000   clock reconvergence pessimism
                                              0.000000 ^ _46_/CLK (sky130_fd_sc_hd__dfxtp_1)
                                 -0.040240   -0.040240   library hold time
                                             -0.040240   data required time
---------------------------------------------------------------------------------------------
                                             -0.040240   data required time
                                             -0.456300   data arrival time
---------------------------------------------------------------------------------------------
                                              0.496539   slack (MET)


Startpoint: _48_ (rising edge-triggered flip-flop clocked by clk)
Endpoint: _48_ (rising edge-triggered flip-flop clocked by clk)
Path Group: clk
Path Type: min

Fanout         Cap        Slew       Delay        Time   Description
---------------------------------------------------------------------------------------------
                      0.000000    0.000000    0.000000   clock clk (rise edge)
                                  0.000000    0.000000   clock network delay (ideal)
                      0.000000    0.000000    0.000000 ^ _48_/CLK (sky130_fd_sc_hd__dfxtp_1)
     5    0.012181    0.125129    0.344845    0.344845 ^ _48_/Q (sky130_fd_sc_hd__dfxtp_1)
                                                         net6 (net)
                      0.125129    0.000000    0.344845 ^ _39_/A1 (sky130_fd_sc_hd__a21oi_1)
     1    0.001975    0.046262    0.072969    0.417814 v _39_/Y (sky130_fd_sc_hd__a21oi_1)
                                                         _18_ (net)
                      0.046262    0.000000    0.417814 v _40_/B1 (sky130_fd_sc_hd__o21ai_1)
     1    0.001674    0.059405    0.058293    0.476107 ^ _40_/Y (sky130_fd_sc_hd__o21ai_1)
                                                         _02_ (net)
                      0.059405    0.000000    0.476107 ^ _48_/D (sky130_fd_sc_hd__dfxtp_1)
                                              0.476107   data arrival time

                      0.000000    0.000000    0.000000   clock clk (rise edge)
                                  0.000000    0.000000   clock network delay (ideal)
                                  0.000000    0.000000   clock reconvergence pessimism
                                              0.000000 ^ _48_/CLK (sky130_fd_sc_hd__dfxtp_1)
                                 -0.040240   -0.040240   library hold time
                                             -0.040240   data required time
---------------------------------------------------------------------------------------------
                                             -0.040240   data required time
                                             -0.476107   data arrival time
---------------------------------------------------------------------------------------------
                                              0.516347   slack (MET)


Startpoint: _49_ (rising edge-triggered flip-flop clocked by clk)
Endpoint: _49_ (rising edge-triggered flip-flop clocked by clk)
Path Group: clk
Path Type: min

Fanout         Cap        Slew       Delay        Time   Description
---------------------------------------------------------------------------------------------
                      0.000000    0.000000    0.000000   clock clk (rise edge)
                                  0.000000    0.000000   clock network delay (ideal)
                      0.000000    0.000000    0.000000 ^ _49_/CLK (sky130_fd_sc_hd__dfxtp_1)
     3    0.006490    0.043051    0.290293    0.290293 v _49_/Q (sky130_fd_sc_hd__dfxtp_1)
                                                         net7 (net)
                      0.043051    0.000000    0.290293 v _44_/B (sky130_fd_sc_hd__nand4_1)
     1    0.002507    0.051181    0.075117    0.365410 ^ _44_/Y (sky130_fd_sc_hd__nand4_1)
                                                         _22_ (net)
                      0.051181    0.000000    0.365410 ^ _45_/A3 (sky130_fd_sc_hd__a31o_1)
     1    0.001674    0.036532    0.126410    0.491820 ^ _45_/X (sky130_fd_sc_hd__a31o_1)
                                                         _03_ (net)
                      0.036532    0.000000    0.491820 ^ _49_/D (sky130_fd_sc_hd__dfxtp_1)
                                              0.491820   data arrival time

                      0.000000    0.000000    0.000000   clock clk (rise edge)
                                  0.000000    0.000000   clock network delay (ideal)
                                  0.000000    0.000000   clock reconvergence pessimism
                                              0.000000 ^ _49_/CLK (sky130_fd_sc_hd__dfxtp_1)
                                 -0.035418   -0.035418   library hold time
                                             -0.035418   data required time
---------------------------------------------------------------------------------------------
                                             -0.035418   data required time
                                             -0.491820   data arrival time
---------------------------------------------------------------------------------------------
                                              0.527238   slack (MET)


Startpoint: _47_ (rising edge-triggered flip-flop clocked by clk)
Endpoint: _47_ (rising edge-triggered flip-flop clocked by clk)
Path Group: clk
Path Type: min

Fanout         Cap        Slew       Delay        Time   Description
---------------------------------------------------------------------------------------------
                      0.000000    0.000000    0.000000   clock clk (rise edge)
                                  0.000000    0.000000   clock network delay (ideal)
                      0.000000    0.000000    0.000000 ^ _47_/CLK (sky130_fd_sc_hd__dfxtp_1)
     6    0.016750    0.166391    0.374222    0.374222 ^ _47_/Q (sky130_fd_sc_hd__dfxtp_1)
                                                         net5 (net)
                      0.166391    0.000000    0.374222 ^ _33_/A1 (sky130_fd_sc_hd__a21o_1)
     1    0.002490    0.037140    0.129737    0.503959 ^ _33_/X (sky130_fd_sc_hd__a21o_1)
                                                         _13_ (net)
                      0.037140    0.000000    0.503959 ^ _34_/B1 (sky130_fd_sc_hd__a31o_1)
     1    0.001674    0.032155    0.075439    0.579398 ^ _34_/X (sky130_fd_sc_hd__a31o_1)
                                                         _01_ (net)
                      0.032155    0.000000    0.579398 ^ _47_/D (sky130_fd_sc_hd__dfxtp_1)
                                              0.579398   data arrival time

                      0.000000    0.000000    0.000000   clock clk (rise edge)
                                  0.000000    0.000000   clock network delay (ideal)
                                  0.000000    0.000000   clock reconvergence pessimism
                                              0.000000 ^ _47_/CLK (sky130_fd_sc_hd__dfxtp_1)
                                 -0.034495   -0.034495   library hold time
                                             -0.034495   data required time
---------------------------------------------------------------------------------------------
                                             -0.034495   data required time
                                             -0.579398   data arrival time
---------------------------------------------------------------------------------------------
                                              0.613894   slack (MET)


Startpoint: _49_ (rising edge-triggered flip-flop clocked by clk)
Endpoint: counter[3] (output port clocked by clk)
Path Group: clk
Path Type: min

Fanout         Cap        Slew       Delay        Time   Description
---------------------------------------------------------------------------------------------
                      0.000000    0.000000    0.000000   clock clk (rise edge)
                                  0.000000    0.000000   clock network delay (ideal)
                      0.000000    0.000000    0.000000 ^ _49_/CLK (sky130_fd_sc_hd__dfxtp_1)
     3    0.006490    0.043051    0.290293    0.290293 v _49_/Q (sky130_fd_sc_hd__dfxtp_1)
                                                         net7 (net)
                      0.043051    0.000000    0.290293 v output7/A (sky130_fd_sc_hd__buf_1)
     1    0.000000    0.012028    0.069751    0.360044 v output7/X (sky130_fd_sc_hd__buf_1)
                                                         counter[3] (net)
                      0.012028    0.000000    0.360044 v counter[3] (out)
                                              0.360044   data arrival time

                      0.000000    0.000000    0.000000   clock clk (rise edge)
                                  0.000000    0.000000   clock network delay (ideal)
                                  0.000000    0.000000   clock reconvergence pessimism
                                 -2.000000   -2.000000   output external delay
                                             -2.000000   data required time
---------------------------------------------------------------------------------------------
                                             -2.000000   data required time
                                             -0.360044   data arrival time
---------------------------------------------------------------------------------------------
                                              2.360044   slack (MET)


Startpoint: _48_ (rising edge-triggered flip-flop clocked by clk)
Endpoint: counter[2] (output port clocked by clk)
Path Group: clk
Path Type: min

Fanout         Cap        Slew       Delay        Time   Description
---------------------------------------------------------------------------------------------
                      0.000000    0.000000    0.000000   clock clk (rise edge)
                                  0.000000    0.000000   clock network delay (ideal)
                      0.000000    0.000000    0.000000 ^ _48_/CLK (sky130_fd_sc_hd__dfxtp_1)
     5    0.011078    0.061945    0.307760    0.307760 v _48_/Q (sky130_fd_sc_hd__dfxtp_1)
                                                         net6 (net)
                      0.061945    0.000000    0.307760 v output6/A (sky130_fd_sc_hd__buf_1)
     1    0.000000    0.012141    0.078030    0.385790 v output6/X (sky130_fd_sc_hd__buf_1)
                                                         counter[2] (net)
                      0.012141    0.000000    0.385790 v counter[2] (out)
                                              0.385790   data arrival time

                      0.000000    0.000000    0.000000   clock clk (rise edge)
                                  0.000000    0.000000   clock network delay (ideal)
                                  0.000000    0.000000   clock reconvergence pessimism
                                 -2.000000   -2.000000   output external delay
                                             -2.000000   data required time
---------------------------------------------------------------------------------------------
                                             -2.000000   data required time
                                             -0.385790   data arrival time
---------------------------------------------------------------------------------------------
                                              2.385790   slack (MET)


Startpoint: _47_ (rising edge-triggered flip-flop clocked by clk)
Endpoint: counter[1] (output port clocked by clk)
Path Group: clk
Path Type: min

Fanout         Cap        Slew       Delay        Time   Description
---------------------------------------------------------------------------------------------
                      0.000000    0.000000    0.000000   clock clk (rise edge)
                                  0.000000    0.000000   clock network delay (ideal)
                      0.000000    0.000000    0.000000 ^ _47_/CLK (sky130_fd_sc_hd__dfxtp_1)
     6    0.015336    0.079666    0.322592    0.322592 v _47_/Q (sky130_fd_sc_hd__dfxtp_1)
                                                         net5 (net)
                      0.079666    0.000000    0.322592 v output5/A (sky130_fd_sc_hd__buf_1)
     1    0.000000    0.012470    0.085745    0.408337 v output5/X (sky130_fd_sc_hd__buf_1)
                                                         counter[1] (net)
                      0.012470    0.000000    0.408337 v counter[1] (out)
                                              0.408337   data arrival time

                      0.000000    0.000000    0.000000   clock clk (rise edge)
                                  0.000000    0.000000   clock network delay (ideal)
                                  0.000000    0.000000   clock reconvergence pessimism
                                 -2.000000   -2.000000   output external delay
                                             -2.000000   data required time
---------------------------------------------------------------------------------------------
                                             -2.000000   data required time
                                             -0.408337   data arrival time
---------------------------------------------------------------------------------------------
                                              2.408337   slack (MET)


Startpoint: _46_ (rising edge-triggered flip-flop clocked by clk)
Endpoint: counter[0] (output port clocked by clk)
Path Group: clk
Path Type: min

Fanout         Cap        Slew       Delay        Time   Description
---------------------------------------------------------------------------------------------
                      0.000000    0.000000    0.000000   clock clk (rise edge)
                                  0.000000    0.000000   clock network delay (ideal)
                      0.000000    0.000000    0.000000 ^ _46_/CLK (sky130_fd_sc_hd__dfxtp_1)
     7    0.017681    0.089426    0.330761    0.330761 v _46_/Q (sky130_fd_sc_hd__dfxtp_1)
                                                         net4 (net)
                      0.089426    0.000000    0.330761 v output4/A (sky130_fd_sc_hd__buf_1)
     1    0.000000    0.012650    0.089994    0.420755 v output4/X (sky130_fd_sc_hd__buf_1)
                                                         counter[0] (net)
                      0.012650    0.000000    0.420755 v counter[0] (out)
                                              0.420755   data arrival time

                      0.000000    0.000000    0.000000   clock clk (rise edge)
                                  0.000000    0.000000   clock network delay (ideal)
                                  0.000000    0.000000   clock reconvergence pessimism
                                 -2.000000   -2.000000   output external delay
                                             -2.000000   data required time
---------------------------------------------------------------------------------------------
                                             -2.000000   data required time
                                             -0.420755   data arrival time
---------------------------------------------------------------------------------------------
                                              2.420755   slack (MET)



%OL_END_REPORT
%OL_CREATE_REPORT max.rpt

===========================================================================
report_checks -path_delay max (Setup)
============================================================================
======================= nom_tt_025C_1v80 Corner ===================================

Startpoint: up_down (input port clocked by clk)
Endpoint: _49_ (rising edge-triggered flip-flop clocked by clk)
Path Group: clk
Path Type: max

Fanout         Cap        Slew       Delay        Time   Description
---------------------------------------------------------------------------------------------
                      0.000000    0.000000    0.000000   clock clk (rise edge)
                                  0.000000    0.000000   clock network delay (ideal)
                                  2.000000    2.000000 v input external delay
     1    0.002015    0.000000    0.000000    2.000000 v up_down (in)
                                                         up_down (net)
                      0.000000    0.000000    2.000000 v input3/A (sky130_fd_sc_hd__buf_1)
     5    0.009411    0.062468    0.099123    2.099123 v input3/X (sky130_fd_sc_hd__buf_1)
                                                         net3 (net)
                      0.062468    0.000000    2.099123 v _41_/A1 (sky130_fd_sc_hd__o31ai_1)
     2    0.004897    0.251625    0.281472    2.380595 ^ _41_/Y (sky130_fd_sc_hd__o31ai_1)
                                                         _19_ (net)
                      0.251625    0.000000    2.380595 ^ _44_/C (sky130_fd_sc_hd__nand4_1)
     1    0.002259    0.078398    0.117922    2.498516 v _44_/Y (sky130_fd_sc_hd__nand4_1)
                                                         _22_ (net)
                      0.078398    0.000000    2.498516 v _45_/A3 (sky130_fd_sc_hd__a31o_1)
     1    0.001681    0.032574    0.215266    2.713783 v _45_/X (sky130_fd_sc_hd__a31o_1)
                                                         _03_ (net)
                      0.032574    0.000000    2.713783 v _49_/D (sky130_fd_sc_hd__dfxtp_1)
                                              2.713783   data arrival time

                      0.000000   10.000000   10.000000   clock clk (rise edge)
                                  0.000000   10.000000   clock network delay (ideal)
                                  0.000000   10.000000   clock reconvergence pessimism
                                             10.000000 ^ _49_/CLK (sky130_fd_sc_hd__dfxtp_1)
                                 -0.115578    9.884422   library setup time
                                              9.884422   data required time
---------------------------------------------------------------------------------------------
                                              9.884422   data required time
                                             -2.713783   data arrival time
---------------------------------------------------------------------------------------------
                                              7.170640   slack (MET)


Startpoint: up_down (input port clocked by clk)
Endpoint: _48_ (rising edge-triggered flip-flop clocked by clk)
Path Group: clk
Path Type: max

Fanout         Cap        Slew       Delay        Time   Description
---------------------------------------------------------------------------------------------
                      0.000000    0.000000    0.000000   clock clk (rise edge)
                                  0.000000    0.000000   clock network delay (ideal)
                                  2.000000    2.000000 v input external delay
     1    0.002015    0.000000    0.000000    2.000000 v up_down (in)
                                                         up_down (net)
                      0.000000    0.000000    2.000000 v input3/A (sky130_fd_sc_hd__buf_1)
     5    0.009411    0.062468    0.099123    2.099123 v input3/X (sky130_fd_sc_hd__buf_1)
                                                         net3 (net)
                      0.062468    0.000000    2.099123 v _30_/A (sky130_fd_sc_hd__or2_1)
     2    0.006593    0.067727    0.249674    2.348797 v _30_/X (sky130_fd_sc_hd__or2_1)
                                                         _10_ (net)
                      0.067727    0.000000    2.348797 v _38_/A (sky130_fd_sc_hd__xnor2_1)
     1    0.002617    0.114602    0.150563    2.499360 ^ _38_/Y (sky130_fd_sc_hd__xnor2_1)
                                                         _17_ (net)
                      0.114602    0.000000    2.499360 ^ _40_/A2 (sky130_fd_sc_hd__o21ai_1)
     1    0.001681    0.040989    0.061433    2.560793 v _40_/Y (sky130_fd_sc_hd__o21ai_1)
                                                         _02_ (net)
                      0.040989    0.000000    2.560793 v _48_/D (sky130_fd_sc_hd__dfxtp_1)
                                              2.560793   data arrival time

                      0.000000   10.000000   10.000000   clock clk (rise edge)
                                  0.000000   10.000000   clock network delay (ideal)
                                  0.000000   10.000000   clock reconvergence pessimism
                                             10.000000 ^ _48_/CLK (sky130_fd_sc_hd__dfxtp_1)
                                 -0.119279    9.880721   library setup time
                                              9.880721   data required time
---------------------------------------------------------------------------------------------
                                              9.880721   data required time
                                             -2.560793   data arrival time
---------------------------------------------------------------------------------------------
                                              7.319928   slack (MET)


Startpoint: enable (input port clocked by clk)
Endpoint: _47_ (rising edge-triggered flip-flop clocked by clk)
Path Group: clk
Path Type: max

Fanout         Cap        Slew       Delay        Time   Description
---------------------------------------------------------------------------------------------
                      0.000000    0.000000    0.000000   clock clk (rise edge)
                                  0.000000    0.000000   clock network delay (ideal)
                                  2.000000    2.000000 ^ input external delay
     1    0.002191    0.000000    0.000000    2.000000 ^ enable (in)
                                                         enable (net)
                      0.000000    0.000000    2.000000 ^ input1/A (sky130_fd_sc_hd__buf_1)
     5    0.012034    0.150741    0.138442    2.138442 ^ input1/X (sky130_fd_sc_hd__buf_1)
                                                         net1 (net)
                      0.150741    0.000000    2.138442 ^ _26_/A (sky130_fd_sc_hd__nor2_1)
     3    0.006667    0.058844    0.086654    2.225096 v _26_/Y (sky130_fd_sc_hd__nor2_1)
                                                         _07_ (net)
                      0.058844    0.000000    2.225096 v _33_/A2 (sky130_fd_sc_hd__a21o_1)
     1    0.002152    0.031115    0.172272    2.397369 v _33_/X (sky130_fd_sc_hd__a21o_1)
                                                         _13_ (net)
                      0.031115    0.000000    2.397369 v _34_/B1 (sky130_fd_sc_hd__a31o_1)
     1    0.001681    0.032330    0.166048    2.563416 v _34_/X (sky130_fd_sc_hd__a31o_1)
                                                         _01_ (net)
                      0.032330    0.000000    2.563416 v _47_/D (sky130_fd_sc_hd__dfxtp_1)
                                              2.563416   data arrival time

                      0.000000   10.000000   10.000000   clock clk (rise edge)
                                  0.000000   10.000000   clock network delay (ideal)
                                  0.000000   10.000000   clock reconvergence pessimism
                                             10.000000 ^ _47_/CLK (sky130_fd_sc_hd__dfxtp_1)
                                 -0.115470    9.884530   library setup time
                                              9.884530   data required time
---------------------------------------------------------------------------------------------
                                              9.884530   data required time
                                             -2.563416   data arrival time
---------------------------------------------------------------------------------------------
                                              7.321114   slack (MET)


Startpoint: enable (input port clocked by clk)
Endpoint: _46_ (rising edge-triggered flip-flop clocked by clk)
Path Group: clk
Path Type: max

Fanout         Cap        Slew       Delay        Time   Description
---------------------------------------------------------------------------------------------
                      0.000000    0.000000    0.000000   clock clk (rise edge)
                                  0.000000    0.000000   clock network delay (ideal)
                                  2.000000    2.000000 ^ input external delay
     1    0.002191    0.000000    0.000000    2.000000 ^ enable (in)
                                                         enable (net)
                      0.000000    0.000000    2.000000 ^ input1/A (sky130_fd_sc_hd__buf_1)
     5    0.012034    0.150741    0.138442    2.138442 ^ input1/X (sky130_fd_sc_hd__buf_1)
                                                         net1 (net)
                      0.150741    0.000000    2.138442 ^ _26_/A (sky130_fd_sc_hd__nor2_1)
     3    0.006667    0.058844    0.086654    2.225096 v _26_/Y (sky130_fd_sc_hd__nor2_1)
                                                         _07_ (net)
                      0.058844    0.000000    2.225096 v _27_/A2 (sky130_fd_sc_hd__a21oi_1)
     1    0.002018    0.091589    0.129384    2.354480 ^ _27_/Y (sky130_fd_sc_hd__a21oi_1)
                                                         _08_ (net)
                      0.091589    0.000000    2.354480 ^ _28_/B1 (sky130_fd_sc_hd__o21ai_1)
     1    0.001681    0.047897    0.062990    2.417470 v _28_/Y (sky130_fd_sc_hd__o21ai_1)
                                                         _00_ (net)
                      0.047897    0.000000    2.417470 v _46_/D (sky130_fd_sc_hd__dfxtp_1)
                                              2.417470   data arrival time

                      0.000000   10.000000   10.000000   clock clk (rise edge)
                                  0.000000   10.000000   clock network delay (ideal)
                                  0.000000   10.000000   clock reconvergence pessimism
                                             10.000000 ^ _46_/CLK (sky130_fd_sc_hd__dfxtp_1)
                                 -0.122318    9.877682   library setup time
                                              9.877682   data required time
---------------------------------------------------------------------------------------------
                                              9.877682   data required time
                                             -2.417470   data arrival time
---------------------------------------------------------------------------------------------
                                              7.460212   slack (MET)


Startpoint: _46_ (rising edge-triggered flip-flop clocked by clk)
Endpoint: counter[0] (output port clocked by clk)
Path Group: clk
Path Type: max

Fanout         Cap        Slew       Delay        Time   Description
---------------------------------------------------------------------------------------------
                      0.000000    0.000000    0.000000   clock clk (rise edge)
                                  0.000000    0.000000   clock network delay (ideal)
                      0.000000    0.000000    0.000000 ^ _46_/CLK (sky130_fd_sc_hd__dfxtp_1)
     7    0.019091    0.187532    0.389274    0.389274 ^ _46_/Q (sky130_fd_sc_hd__dfxtp_1)
                                                         net4 (net)
                      0.187532    0.000000    0.389274 ^ output4/A (sky130_fd_sc_hd__buf_1)
     1    0.000000    0.017811    0.086327    0.475601 ^ output4/X (sky130_fd_sc_hd__buf_1)
                                                         counter[0] (net)
                      0.017811    0.000000    0.475601 ^ counter[0] (out)
                                              0.475601   data arrival time

                      0.000000   10.000000   10.000000   clock clk (rise edge)
                                  0.000000   10.000000   clock network delay (ideal)
                                  0.000000   10.000000   clock reconvergence pessimism
                                 -2.000000    8.000000   output external delay
                                              8.000000   data required time
---------------------------------------------------------------------------------------------
                                              8.000000   data required time
                                             -0.475601   data arrival time
---------------------------------------------------------------------------------------------
                                              7.524399   slack (MET)


Startpoint: _47_ (rising edge-triggered flip-flop clocked by clk)
Endpoint: counter[1] (output port clocked by clk)
Path Group: clk
Path Type: max

Fanout         Cap        Slew       Delay        Time   Description
---------------------------------------------------------------------------------------------
                      0.000000    0.000000    0.000000   clock clk (rise edge)
                                  0.000000    0.000000   clock network delay (ideal)
                      0.000000    0.000000    0.000000 ^ _47_/CLK (sky130_fd_sc_hd__dfxtp_1)
     6    0.016750    0.166391    0.374222    0.374222 ^ _47_/Q (sky130_fd_sc_hd__dfxtp_1)
                                                         net5 (net)
                      0.166391    0.000000    0.374222 ^ output5/A (sky130_fd_sc_hd__buf_1)
     1    0.000000    0.017291    0.083423    0.457645 ^ output5/X (sky130_fd_sc_hd__buf_1)
                                                         counter[1] (net)
                      0.017291    0.000000    0.457645 ^ counter[1] (out)
                                              0.457645   data arrival time

                      0.000000   10.000000   10.000000   clock clk (rise edge)
                                  0.000000   10.000000   clock network delay (ideal)
                                  0.000000   10.000000   clock reconvergence pessimism
                                 -2.000000    8.000000   output external delay
                                              8.000000   data required time
---------------------------------------------------------------------------------------------
                                              8.000000   data required time
                                             -0.457645   data arrival time
---------------------------------------------------------------------------------------------
                                              7.542356   slack (MET)


Startpoint: _48_ (rising edge-triggered flip-flop clocked by clk)
Endpoint: counter[2] (output port clocked by clk)
Path Group: clk
Path Type: max

Fanout         Cap        Slew       Delay        Time   Description
---------------------------------------------------------------------------------------------
                      0.000000    0.000000    0.000000   clock clk (rise edge)
                                  0.000000    0.000000   clock network delay (ideal)
                      0.000000    0.000000    0.000000 ^ _48_/CLK (sky130_fd_sc_hd__dfxtp_1)
     5    0.012181    0.125129    0.344845    0.344845 ^ _48_/Q (sky130_fd_sc_hd__dfxtp_1)
                                                         net6 (net)
                      0.125129    0.000000    0.344845 ^ output6/A (sky130_fd_sc_hd__buf_1)
     1    0.000000    0.016277    0.077755    0.422600 ^ output6/X (sky130_fd_sc_hd__buf_1)
                                                         counter[2] (net)
                      0.016277    0.000000    0.422600 ^ counter[2] (out)
                                              0.422600   data arrival time

                      0.000000   10.000000   10.000000   clock clk (rise edge)
                                  0.000000   10.000000   clock network delay (ideal)
                                  0.000000   10.000000   clock reconvergence pessimism
                                 -2.000000    8.000000   output external delay
                                              8.000000   data required time
---------------------------------------------------------------------------------------------
                                              8.000000   data required time
                                             -0.422600   data arrival time
---------------------------------------------------------------------------------------------
                                              7.577400   slack (MET)


Startpoint: _49_ (rising edge-triggered flip-flop clocked by clk)
Endpoint: counter[3] (output port clocked by clk)
Path Group: clk
Path Type: max

Fanout         Cap        Slew       Delay        Time   Description
---------------------------------------------------------------------------------------------
                      0.000000    0.000000    0.000000   clock clk (rise edge)
                                  0.000000    0.000000   clock network delay (ideal)
                      0.000000    0.000000    0.000000 ^ _49_/CLK (sky130_fd_sc_hd__dfxtp_1)
     3    0.007140    0.080069    0.312134    0.312134 ^ _49_/Q (sky130_fd_sc_hd__dfxtp_1)
                                                         net7 (net)
                      0.080069    0.000000    0.312134 ^ output7/A (sky130_fd_sc_hd__buf_1)
     1    0.000000    0.015263    0.066653    0.378787 ^ output7/X (sky130_fd_sc_hd__buf_1)
                                                         counter[3] (net)
                      0.015263    0.000000    0.378787 ^ counter[3] (out)
                                              0.378787   data arrival time

                      0.000000   10.000000   10.000000   clock clk (rise edge)
                                  0.000000   10.000000   clock network delay (ideal)
                                  0.000000   10.000000   clock reconvergence pessimism
                                 -2.000000    8.000000   output external delay
                                              8.000000   data required time
---------------------------------------------------------------------------------------------
                                              8.000000   data required time
                                             -0.378787   data arrival time
---------------------------------------------------------------------------------------------
                                              7.621213   slack (MET)



%OL_END_REPORT
%OL_CREATE_REPORT checks.rpt

===========================================================================
report_checks -unconstrained
===========================================================================
======================= nom_tt_025C_1v80 Corner ===================================

Startpoint: up_down (input port clocked by clk)
Endpoint: _49_ (rising edge-triggered flip-flop clocked by clk)
Path Group: clk
Path Type: max

Fanout         Cap        Slew       Delay        Time   Description
---------------------------------------------------------------------------------------------
                      0.000000    0.000000    0.000000   clock clk (rise edge)
                                  0.000000    0.000000   clock network delay (ideal)
                                  2.000000    2.000000 v input external delay
     1    0.002015    0.000000    0.000000    2.000000 v up_down (in)
                                                         up_down (net)
                      0.000000    0.000000    2.000000 v input3/A (sky130_fd_sc_hd__buf_1)
     5    0.009411    0.062468    0.099123    2.099123 v input3/X (sky130_fd_sc_hd__buf_1)
                                                         net3 (net)
                      0.062468    0.000000    2.099123 v _41_/A1 (sky130_fd_sc_hd__o31ai_1)
     2    0.004897    0.251625    0.281472    2.380595 ^ _41_/Y (sky130_fd_sc_hd__o31ai_1)
                                                         _19_ (net)
                      0.251625    0.000000    2.380595 ^ _44_/C (sky130_fd_sc_hd__nand4_1)
     1    0.002259    0.078398    0.117922    2.498516 v _44_/Y (sky130_fd_sc_hd__nand4_1)
                                                         _22_ (net)
                      0.078398    0.000000    2.498516 v _45_/A3 (sky130_fd_sc_hd__a31o_1)
     1    0.001681    0.032574    0.215266    2.713783 v _45_/X (sky130_fd_sc_hd__a31o_1)
                                                         _03_ (net)
                      0.032574    0.000000    2.713783 v _49_/D (sky130_fd_sc_hd__dfxtp_1)
                                              2.713783   data arrival time

                      0.000000   10.000000   10.000000   clock clk (rise edge)
                                  0.000000   10.000000   clock network delay (ideal)
                                  0.000000   10.000000   clock reconvergence pessimism
                                             10.000000 ^ _49_/CLK (sky130_fd_sc_hd__dfxtp_1)
                                 -0.115578    9.884422   library setup time
                                              9.884422   data required time
---------------------------------------------------------------------------------------------
                                              9.884422   data required time
                                             -2.713783   data arrival time
---------------------------------------------------------------------------------------------
                                              7.170640   slack (MET)




===========================================================================
report_checks --slack_max -0.01
============================================================================
======================= nom_tt_025C_1v80 Corner ===================================

No paths found.


===========================================================================
 report_check_types -max_slew -max_cap -max_fanout -violators
============================================================================
======================= nom_tt_025C_1v80 Corner ===================================



===========================================================================
report_parasitic_annotation -report_unannotated
============================================================================
Found 41 unannotated drivers.
 clk
 enable
 reset
 up_down
 _23_/Y
 _24_/Y
 _25_/Y
 _26_/Y
 _27_/Y
 _28_/Y
 _29_/X
 _30_/X
 _31_/Y
 _32_/Y
 _33_/X
 _34_/X
 _35_/X
 _36_/Y
 _37_/Y
 _38_/Y
 _39_/Y
 _40_/Y
 _41_/Y
 _42_/Y
 _43_/X
 _44_/Y
 _45_/X
 _46_/Q
 _47_/Q
 _48_/Q
 _49_/Q
 clkbuf_0_clk/X
 clkbuf_1_0__f_clk/X
 clkbuf_1_1__f_clk/X
 input1/X
 input2/X
 input3/X
 output4/X
 output5/X
 output6/X
 output7/X
Found 0 partially unannotated drivers.

===========================================================================
max slew violation count 0
%OL_METRIC_I design__max_slew_violation__count__corner:nom_tt_025C_1v80 0
max fanout violation count 0
%OL_METRIC_I design__max_fanout_violation__count__corner:nom_tt_025C_1v80 0
max cap violation count 0
%OL_METRIC_I design__max_cap_violation__count__corner:nom_tt_025C_1v80 0
============================================================================

===========================================================================
check_setup -verbose -unconstrained_endpoints -multiple_clock -no_clock -no_input_delay -loops -generated_clocks
===========================================================================
%OL_END_REPORT
%OL_CREATE_REPORT power.rpt

===========================================================================
 report_power
============================================================================
======================= nom_tt_025C_1v80 Corner ===================================

Group                    Internal    Switching      Leakage        Total
                            Power        Power        Power        Power (Watts)
------------------------------------------------------------------------
Sequential           1.848443e-05 2.183271e-06 3.369405e-11 2.066774e-05  23.3%
Combinational        5.742394e-06 3.681480e-06 7.147118e-11 9.423946e-06  10.6%
Clock                5.115621e-05 7.547903e-06 3.696930e-11 5.870415e-05  66.1%
Macro                0.000000e+00 0.000000e+00 0.000000e+00 0.000000e+00   0.0%
Pad                  0.000000e+00 0.000000e+00 0.000000e+00 0.000000e+00   0.0%
------------------------------------------------------------------------
Total                7.538305e-05 1.341266e-05 1.421345e-10 8.879584e-05 100.0%
                            84.9%        15.1%         0.0%
%OL_METRIC_F power__internal__total 7.538304635090753e-5
%OL_METRIC_F power__switching__total 1.3412656699074432e-5
%OL_METRIC_F power__leakage__total 1.4213452637079627e-10
%OL_METRIC_F power__total 8.879584493115544e-5

%OL_END_REPORT
%OL_CREATE_REPORT skew.min.rpt

===========================================================================
Clock Skew (Hold)
============================================================================
%OL_METRIC_F clock__skew__worst_hold__corner:nom_tt_025C_1v80 0.0
======================= nom_tt_025C_1v80 Corner ===================================

Clock clk
0.212666 source latency _46_/CLK ^
-0.212666 target latency _46_/CLK ^
0.000000 CRPR
--------------
0.000000 hold skew

%OL_END_REPORT
%OL_CREATE_REPORT skew.max.rpt

===========================================================================
Clock Skew (Setup)
============================================================================
%OL_METRIC_F clock__skew__worst_setup__corner:nom_tt_025C_1v80 0.0
======================= nom_tt_025C_1v80 Corner ===================================

Clock clk
0.212666 source latency _46_/CLK ^
-0.212666 target latency _46_/CLK ^
0.000000 CRPR
--------------
0.000000 setup skew

%OL_END_REPORT
%OL_CREATE_REPORT ws.min.rpt

===========================================================================
Worst Slack (Hold)
============================================================================
%OL_METRIC_F timing__hold__ws__corner:nom_tt_025C_1v80 0.4965393792232191
nom_tt_025C_1v80: 0.4965393792232191
%OL_END_REPORT
%OL_CREATE_REPORT ws.max.rpt

===========================================================================
Worst Slack (Setup)
============================================================================
%OL_METRIC_F timing__setup__ws__corner:nom_tt_025C_1v80 7.170639396331756
nom_tt_025C_1v80: 7.170639396331756
%OL_END_REPORT
%OL_CREATE_REPORT tns.min.rpt

===========================================================================
Total Negative Slack (Hold)
============================================================================
%OL_METRIC_F timing__hold__tns__corner:nom_tt_025C_1v80 0.0
nom_tt_025C_1v80: 0.0
%OL_END_REPORT
%OL_CREATE_REPORT tns.max.rpt

===========================================================================
Total Negative Slack (Setup)
============================================================================
%OL_METRIC_F timing__setup__tns__corner:nom_tt_025C_1v80 0.0
nom_tt_025C_1v80: 0.0
%OL_END_REPORT
%OL_CREATE_REPORT wns.min.rpt

===========================================================================
Worst Negative Slack (Hold)
============================================================================
%OL_METRIC_F timing__hold__wns__corner:nom_tt_025C_1v80 0
nom_tt_025C_1v80: 0
%OL_END_REPORT
%OL_CREATE_REPORT wns.max.rpt

===========================================================================
Worst Negative Slack (Setup)
============================================================================
%OL_METRIC_F timing__setup__wns__corner:nom_tt_025C_1v80 0.0
nom_tt_025C_1v80: 0.0
%OL_END_REPORT
%OL_CREATE_REPORT violator_list.rpt

===========================================================================
Violator List
============================================================================
%OL_METRIC_I timing__hold_vio__count__corner:nom_tt_025C_1v80 0
%OL_METRIC_F timing__hold_r2r__ws__corner:nom_tt_025C_1v80 0.496539
%OL_METRIC_I timing__hold_r2r_vio__count__corner:nom_tt_025C_1v80 0
%OL_METRIC_I timing__setup_vio__count__corner:nom_tt_025C_1v80 0
%OL_METRIC_F timing__setup_r2r__ws__corner:nom_tt_025C_1v80 inf
%OL_METRIC_I timing__setup_r2r_vio__count__corner:nom_tt_025C_1v80 0
%OL_END_REPORT
%OL_CREATE_REPORT unpropagated.rpt
clk
%OL_END_REPORT
%OL_CREATE_REPORT clock.rpt
Clock: clk
Sources: clk 
Generated: no
Virtual: no
Propagated: no
Period: 10.000000

===========================================================================
report_clock_properties
============================================================================
Clock                   Period          Waveform
----------------------------------------------------
clk                  10.000000    0.000000  5.000000

===========================================================================
report_clock_latency
============================================================================
Clock clk
rise -> rise
    min     max
0.000000 0.000000 source latency
0.212666         network latency _46_/CLK
        0.212666 network latency _46_/CLK
---------------
0.212666 0.212666 latency
        0.000000 skew

fall -> fall
    min     max
0.000000 0.000000 source latency
0.249468         network latency _46_/CLK
        0.249468 network latency _46_/CLK
---------------
0.249468 0.249468 latency
        0.000000 skew



===========================================================================
report_clock_min_period
============================================================================
clk period_min = 1.07 fmax = 934.93
%OL_END_REPORT
Writing SDF files for all corners…
