Reading OpenROAD database at '/home/amostafa/vlsi/runs/RUN_2024-12-04_11-27-23/41-openroad-repairantennas/1-diodeinsertion/counter_dut.odb'…
Reading library file at '/home/amostafa/.volare/volare/sky130/versions/0fe599b2afb6708d281543108caf8310912f54af/sky130A/libs.ref/sky130_fd_sc_hd/lib/sky130_fd_sc_hd__tt_025C_1v80.lib'…
Reading design constraints file at '/nix/store/aa5sq0vfmlwcpk9wklr9xcijzjjlc39j-python3-3.11.9-env/lib/python3.11/site-packages/openlane/scripts/base.sdc'…
[INFO] Using clock clk…
[INFO] Setting output delay to: 2.0
[INFO] Setting input delay to: 2.0
[INFO] Setting load to: 0.033442
[INFO] Setting clock uncertainty to: 0.25
[INFO] Setting clock transition to: 0.1499999999999999944488848768742172978818416595458984375
[INFO] Setting timing derate to: 5%
[INFO ORD-0030] Using 8 thread(s).
[INFO DRT-0149] Reading tech and libs.
[WARNING DRT-0349] LEF58_ENCLOSURE with no CUTCLASS is not supported. Skipping for layer mcon
[WARNING DRT-0349] LEF58_ENCLOSURE with no CUTCLASS is not supported. Skipping for layer mcon
[WARNING DRT-0349] LEF58_ENCLOSURE with no CUTCLASS is not supported. Skipping for layer via
[WARNING DRT-0349] LEF58_ENCLOSURE with no CUTCLASS is not supported. Skipping for layer via
[WARNING DRT-0349] LEF58_ENCLOSURE with no CUTCLASS is not supported. Skipping for layer via2
[WARNING DRT-0349] LEF58_ENCLOSURE with no CUTCLASS is not supported. Skipping for layer via2
[WARNING DRT-0349] LEF58_ENCLOSURE with no CUTCLASS is not supported. Skipping for layer via3
[WARNING DRT-0349] LEF58_ENCLOSURE with no CUTCLASS is not supported. Skipping for layer via3
[WARNING DRT-0349] LEF58_ENCLOSURE with no CUTCLASS is not supported. Skipping for layer via4
[WARNING DRT-0349] LEF58_ENCLOSURE with no CUTCLASS is not supported. Skipping for layer via4

Units:                1000
Number of layers:     13
Number of macros:     441
Number of vias:       28
Number of viarulegen: 25

[INFO DRT-0150] Reading design.

Design:                   counter_dut
Die area:                 ( 0 0 ) ( 35030 45750 )
Number of track patterns: 12
Number of DEF vias:       0
Number of components:     62
Number of terminals:      10
Number of snets:          2
Number of nets:           45

[INFO DRT-0167] List of default vias:
  Layer via
    default via: M1M2_PR
  Layer via2
    default via: M2M3_PR
  Layer via3
    default via: M3M4_PR
  Layer via4
    default via: M4M5_PR
[INFO DRT-0162] Library cell analysis.
[INFO DRT-0163] Instance analysis.
[INFO DRT-0164] Number of unique instances = 37.
[INFO DRT-0168] Init region query.
[INFO DRT-0024]   Complete FR_MASTERSLICE.
[INFO DRT-0024]   Complete licon.
[INFO DRT-0024]   Complete li1.
[INFO DRT-0024]   Complete mcon.
[INFO DRT-0024]   Complete met1.
[INFO DRT-0024]   Complete via.
[INFO DRT-0024]   Complete met2.
[INFO DRT-0024]   Complete via2.
[INFO DRT-0024]   Complete met3.
[INFO DRT-0024]   Complete via3.
[INFO DRT-0024]   Complete met4.
[INFO DRT-0024]   Complete via4.
[INFO DRT-0024]   Complete met5.
[INFO DRT-0033] FR_MASTERSLICE shape region query size = 0.
[INFO DRT-0033] licon shape region query size = 0.
[INFO DRT-0033] li1 shape region query size = 1107.
[INFO DRT-0033] mcon shape region query size = 0.
[INFO DRT-0033] met1 shape region query size = 174.
[INFO DRT-0033] via shape region query size = 45.
[INFO DRT-0033] met2 shape region query size = 27.
[INFO DRT-0033] via2 shape region query size = 36.
[INFO DRT-0033] met3 shape region query size = 35.
[INFO DRT-0033] via3 shape region query size = 36.
[INFO DRT-0033] met4 shape region query size = 13.
[INFO DRT-0033] via4 shape region query size = 0.
[INFO DRT-0033] met5 shape region query size = 0.
[INFO DRT-0165] Start pin access.
[INFO DRT-0078]   Complete 98 pins.
[INFO DRT-0081]   Complete 31 unique inst patterns.
[INFO DRT-0084]   Complete 20 groups.
#scanned instances     = 62
#unique  instances     = 37
#stdCellGenAp          = 911
#stdCellValidPlanarAp  = 0
#stdCellValidViaAp     = 680
#stdCellPinNoAp        = 0
#stdCellPinCnt         = 125
#instTermValidViaApCnt = 0
#macroGenAp            = 0
#macroValidPlanarAp    = 0
#macroValidViaAp       = 0
#macroNoAp             = 0
[INFO DRT-0166] Complete pin access.
[INFO DRT-0267] cpu time = 00:00:04, elapsed time = 00:00:00, memory = 135.39 (MB), peak = 135.39 (MB)

[INFO DRT-0157] Number of guides:     239

[INFO DRT-0169] Post process guides.
[INFO DRT-0176] GCELLGRID X 0 DO 5 STEP 6900 ;
[INFO DRT-0177] GCELLGRID Y 0 DO 6 STEP 6900 ;
[INFO DRT-0028]   Complete FR_MASTERSLICE.
[INFO DRT-0028]   Complete licon.
[INFO DRT-0028]   Complete li1.
[INFO DRT-0028]   Complete mcon.
[INFO DRT-0028]   Complete met1.
[INFO DRT-0028]   Complete via.
[INFO DRT-0028]   Complete met2.
[INFO DRT-0028]   Complete via2.
[INFO DRT-0028]   Complete met3.
[INFO DRT-0028]   Complete via3.
[INFO DRT-0028]   Complete met4.
[INFO DRT-0028]   Complete via4.
[INFO DRT-0028]   Complete met5.
[INFO DRT-0178] Init guide query.
[INFO DRT-0035]   Complete FR_MASTERSLICE (guide).
[INFO DRT-0035]   Complete licon (guide).
[INFO DRT-0035]   Complete li1 (guide).
[INFO DRT-0035]   Complete mcon (guide).
[INFO DRT-0035]   Complete met1 (guide).
[INFO DRT-0035]   Complete via (guide).
[INFO DRT-0035]   Complete met2 (guide).
[INFO DRT-0035]   Complete via2 (guide).
[INFO DRT-0035]   Complete met3 (guide).
[INFO DRT-0035]   Complete via3 (guide).
[INFO DRT-0035]   Complete met4 (guide).
[INFO DRT-0035]   Complete via4 (guide).
[INFO DRT-0035]   Complete met5 (guide).
[INFO DRT-0036] FR_MASTERSLICE guide region query size = 0.
[INFO DRT-0036] licon guide region query size = 0.
[INFO DRT-0036] li1 guide region query size = 89.
[INFO DRT-0036] mcon guide region query size = 0.
[INFO DRT-0036] met1 guide region query size = 60.
[INFO DRT-0036] via guide region query size = 0.
[INFO DRT-0036] met2 guide region query size = 28.
[INFO DRT-0036] via2 guide region query size = 0.
[INFO DRT-0036] met3 guide region query size = 8.
[INFO DRT-0036] via3 guide region query size = 0.
[INFO DRT-0036] met4 guide region query size = 0.
[INFO DRT-0036] via4 guide region query size = 0.
[INFO DRT-0036] met5 guide region query size = 0.
[INFO DRT-0179] Init gr pin query.
[INFO DRT-0245] skipped writing guide updates to database.
[INFO DRT-0185] Post process initialize RPin region query.
[INFO DRT-0181] Start track assignment.
[INFO DRT-0184] Done with 117 vertical wires in 1 frboxes and 68 horizontal wires in 1 frboxes.
[INFO DRT-0186] Done with 6 vertical wires in 1 frboxes and 18 horizontal wires in 1 frboxes.
[INFO DRT-0182] Complete track assignment.
[INFO DRT-0267] cpu time = 00:00:00, elapsed time = 00:00:00, memory = 136.39 (MB), peak = 136.39 (MB)
[INFO DRT-0187] Start routing data preparation.
[INFO DRT-0267] cpu time = 00:00:00, elapsed time = 00:00:00, memory = 136.39 (MB), peak = 136.39 (MB)
[INFO DRT-0194] Start detail routing.
[INFO DRT-0195] Start 0th optimization iteration.
    Completing 10% with 0 violations.
    elapsed time = 00:00:00, memory = 141.17 (MB).
[INFO DRT-0199]   Number of violations = 10.
Viol/Layer        met1   met3
Metal Spacing        0      3
Short                7      0
[INFO DRT-0267] cpu time = 00:00:02, elapsed time = 00:00:00, memory = 503.42 (MB), peak = 503.42 (MB)
Total wire length = 553 um.
Total wire length on LAYER li1 = 0 um.
Total wire length on LAYER met1 = 271 um.
Total wire length on LAYER met2 = 244 um.
Total wire length on LAYER met3 = 37 um.
Total wire length on LAYER met4 = 0 um.
Total wire length on LAYER met5 = 0 um.
Total number of vias = 242.
Up-via summary (total 242):

----------------------
 FR_MASTERSLICE      0
            li1    125
           met1    109
           met2      8
           met3      0
           met4      0
----------------------
                   242


[INFO DRT-0195] Start 1st optimization iteration.
    Completing 10% with 10 violations.
    elapsed time = 00:00:00, memory = 503.55 (MB).
    Completing 20% with 3 violations.
    elapsed time = 00:00:00, memory = 503.55 (MB).
[INFO DRT-0199]   Number of violations = 3.
Viol/Layer        met1
Short                3
[INFO DRT-0267] cpu time = 00:00:03, elapsed time = 00:00:00, memory = 504.67 (MB), peak = 504.67 (MB)
Total wire length = 555 um.
Total wire length on LAYER li1 = 0 um.
Total wire length on LAYER met1 = 272 um.
Total wire length on LAYER met2 = 243 um.
Total wire length on LAYER met3 = 39 um.
Total wire length on LAYER met4 = 0 um.
Total wire length on LAYER met5 = 0 um.
Total number of vias = 244.
Up-via summary (total 244):

----------------------
 FR_MASTERSLICE      0
            li1    125
           met1    111
           met2      8
           met3      0
           met4      0
----------------------
                   244


[INFO DRT-0195] Start 2nd optimization iteration.
    Completing 10% with 3 violations.
    elapsed time = 00:00:00, memory = 504.67 (MB).
    Completing 20% with 3 violations.
    elapsed time = 00:00:00, memory = 504.67 (MB).
    Completing 30% with 3 violations.
    elapsed time = 00:00:00, memory = 504.67 (MB).
    Completing 40% with 3 violations.
    elapsed time = 00:00:00, memory = 504.67 (MB).
[INFO DRT-0199]   Number of violations = 1.
Viol/Layer        met2
Metal Spacing        1
[INFO DRT-0267] cpu time = 00:00:02, elapsed time = 00:00:00, memory = 504.67 (MB), peak = 504.67 (MB)
Total wire length = 558 um.
Total wire length on LAYER li1 = 0 um.
Total wire length on LAYER met1 = 280 um.
Total wire length on LAYER met2 = 238 um.
Total wire length on LAYER met3 = 39 um.
Total wire length on LAYER met4 = 0 um.
Total wire length on LAYER met5 = 0 um.
Total number of vias = 248.
Up-via summary (total 248):

----------------------
 FR_MASTERSLICE      0
            li1    125
           met1    115
           met2      8
           met3      0
           met4      0
----------------------
                   248


[INFO DRT-0195] Start 3rd optimization iteration.
    Completing 10% with 1 violations.
    elapsed time = 00:00:00, memory = 515.05 (MB).
[INFO DRT-0199]   Number of violations = 0.
[INFO DRT-0267] cpu time = 00:00:01, elapsed time = 00:00:00, memory = 515.05 (MB), peak = 515.05 (MB)
Total wire length = 558 um.
Total wire length on LAYER li1 = 0 um.
Total wire length on LAYER met1 = 275 um.
Total wire length on LAYER met2 = 237 um.
Total wire length on LAYER met3 = 44 um.
Total wire length on LAYER met4 = 0 um.
Total wire length on LAYER met5 = 0 um.
Total number of vias = 248.
Up-via summary (total 248):

----------------------
 FR_MASTERSLICE      0
            li1    125
           met1    113
           met2     10
           met3      0
           met4      0
----------------------
                   248


[INFO DRT-0198] Complete detail routing.
Total wire length = 558 um.
Total wire length on LAYER li1 = 0 um.
Total wire length on LAYER met1 = 275 um.
Total wire length on LAYER met2 = 237 um.
Total wire length on LAYER met3 = 44 um.
Total wire length on LAYER met4 = 0 um.
Total wire length on LAYER met5 = 0 um.
Total number of vias = 248.
Up-via summary (total 248):

----------------------
 FR_MASTERSLICE      0
            li1    125
           met1    113
           met2     10
           met3      0
           met4      0
----------------------
                   248


[INFO DRT-0267] cpu time = 00:00:10, elapsed time = 00:00:02, memory = 515.05 (MB), peak = 515.05 (MB)

[INFO DRT-0180] Post processing.
Setting global connections for newly added cells…
[INFO] Setting global connections...
Updating metrics…
Cell type report:                       Count       Area
  Fill cell                                16      60.06
  Tap cell                                  5       6.26
  Clock buffer                              3      75.07
  Timing Repair Buffer                     11      71.32
  Inverter                                  1       3.75
  Sequential cell                           4      80.08
  Multi-Input combinational cell           22     132.63
  Total                                    62     429.16
Writing OpenROAD database to '/home/amostafa/vlsi/runs/RUN_2024-12-04_11-27-23/43-openroad-detailedrouting/counter_dut.odb'…
Writing netlist to '/home/amostafa/vlsi/runs/RUN_2024-12-04_11-27-23/43-openroad-detailedrouting/counter_dut.nl.v'…
Writing powered netlist to '/home/amostafa/vlsi/runs/RUN_2024-12-04_11-27-23/43-openroad-detailedrouting/counter_dut.pnl.v'…
Writing layout to '/home/amostafa/vlsi/runs/RUN_2024-12-04_11-27-23/43-openroad-detailedrouting/counter_dut.def'…
Writing timing constraints to '/home/amostafa/vlsi/runs/RUN_2024-12-04_11-27-23/43-openroad-detailedrouting/counter_dut.sdc'…
