Clock: clk
Sources: clk 
Generated: no
Virtual: yes
Propagated: no
Period: 10.000000

===========================================================================
report_clock_properties
============================================================================
Clock                   Period          Waveform
----------------------------------------------------
clk                  10.000000    0.000000  5.000000

===========================================================================
report_clock_latency
============================================================================
Clock clk
rise -> rise
    min     max
0.000000 0.000000 source latency
0.275516         network latency _46_/CLK
        0.277092 network latency _47_/CLK
---------------
0.275516 0.277092 latency
        0.001576 skew

fall -> fall
    min     max
0.000000 0.000000 source latency
0.281485         network latency _46_/CLK
        0.282981 network latency _47_/CLK
---------------
0.281485 0.282981 latency
        0.001496 skew



===========================================================================
report_clock_min_period
============================================================================
clk period_min = 2.09 fmax = 478.81
