Clock: clk
Sources: clk 
Generated: no
Virtual: yes
Propagated: no
Period: 10.000000

===========================================================================
report_clock_properties
============================================================================
Clock                   Period          Waveform
----------------------------------------------------
clk                  10.000000    0.000000  5.000000

===========================================================================
report_clock_latency
============================================================================
Clock clk
rise -> rise
    min     max
0.000000 0.000000 source latency
0.385577         network latency _46_/CLK
        0.386126 network latency _49_/CLK
---------------
0.385577 0.386126 latency
        0.000549 skew

fall -> fall
    min     max
0.000000 0.000000 source latency
0.450802         network latency _46_/CLK
        0.451280 network latency _49_/CLK
---------------
0.450802 0.451280 latency
        0.000478 skew



===========================================================================
report_clock_min_period
============================================================================
clk period_min = 2.44 fmax = 409.29
