Reading timing models for corner min_ss_100C_1v60…
Reading cell library for the 'min_ss_100C_1v60' corner at '/home/amostafa/.volare/volare/sky130/versions/0fe599b2afb6708d281543108caf8310912f54af/sky130A/libs.ref/sky130_fd_sc_hd/lib/sky130_fd_sc_hd__ss_100C_1v60.lib'…
Reading top-level netlist at '/home/amostafa/vlsi/runs/RUN_2024-12-04_11-23-35/51-openroad-fillinsertion/counter_dut.nl.v'…
Linking design 'counter_dut' from netlist…
Warning: /home/amostafa/vlsi/runs/RUN_2024-12-04_11-23-35/51-openroad-fillinsertion/counter_dut.nl.v line 159, module sky130_fd_sc_hd__tapvpwrvgnd_1 not found. Creating black box for TAP_TAPCELL_ROW_0_16.
Warning: /home/amostafa/vlsi/runs/RUN_2024-12-04_11-23-35/51-openroad-fillinsertion/counter_dut.nl.v line 184, module sky130_ef_sc_hd__decap_12 not found. Creating black box for FILLER_0_3.
Warning: /home/amostafa/vlsi/runs/RUN_2024-12-04_11-23-35/51-openroad-fillinsertion/counter_dut.nl.v line 186, module sky130_fd_sc_hd__fill_1 not found. Creating black box for FILLER_0_27.
Warning: /home/amostafa/vlsi/runs/RUN_2024-12-04_11-23-35/51-openroad-fillinsertion/counter_dut.nl.v line 189, module sky130_fd_sc_hd__fill_2 not found. Creating black box for FILLER_0_47.
Reading design constraints file at 'counter_dut.sdc'…
Reading top-level design parasitics for the 'min_ss_100C_1v60' corner at '/home/amostafa/vlsi/runs/RUN_2024-12-04_11-23-35/53-openroad-rcx/min/counter_dut.min.spef'…
%OL_CREATE_REPORT min.rpt

===========================================================================
report_checks -path_delay min (Hold)
============================================================================
======================= min_ss_100C_1v60 Corner ===================================

Startpoint: _46_ (rising edge-triggered flip-flop clocked by clk)
Endpoint: _46_ (rising edge-triggered flip-flop clocked by clk)
Path Group: clk
Path Type: min

Fanout         Cap        Slew       Delay        Time   Description
---------------------------------------------------------------------------------------------
                                  0.000000    0.000000   clock clk (rise edge)
                                  0.000000    0.000000   clock source latency
     1    0.009166    0.000000    0.000000    0.000000 ^ clk (in)
                                                         clk (net)
                      0.000069    0.000034    0.000034 ^ clkbuf_0_clk/A (sky130_fd_sc_hd__clkbuf_16)
     2    0.018119    0.064941    0.188671    0.188705 ^ clkbuf_0_clk/X (sky130_fd_sc_hd__clkbuf_16)
                                                         clknet_0_clk (net)
                      0.064951    0.000151    0.188857 ^ clkbuf_1_1__f_clk/A (sky130_fd_sc_hd__clkbuf_16)
     2    0.005440    0.048408    0.196683    0.385539 ^ clkbuf_1_1__f_clk/X (sky130_fd_sc_hd__clkbuf_16)
                                                         clknet_1_1__leaf_clk (net)
                      0.048408    0.000037    0.385577 ^ _46_/CLK (sky130_fd_sc_hd__dfxtp_2)
     7    0.025167    0.125916    0.673724    1.059301 v _46_/Q (sky130_fd_sc_hd__dfxtp_2)
                                                         net4 (net)
                      0.125916    0.000363    1.059664 v _28_/A1 (sky130_fd_sc_hd__o21ai_1)
     1    0.002270    0.119844    0.221858    1.281523 ^ _28_/Y (sky130_fd_sc_hd__o21ai_1)
                                                         _00_ (net)
                      0.119844    0.000022    1.281545 ^ _46_/D (sky130_fd_sc_hd__dfxtp_2)
                                              1.281545   data arrival time

                                  0.000000    0.000000   clock clk (rise edge)
                                  0.000000    0.000000   clock source latency
     1    0.009166    0.000000    0.000000    0.000000 ^ clk (in)
                                                         clk (net)
                      0.000069    0.000034    0.000034 ^ clkbuf_0_clk/A (sky130_fd_sc_hd__clkbuf_16)
     2    0.018119    0.064941    0.188671    0.188705 ^ clkbuf_0_clk/X (sky130_fd_sc_hd__clkbuf_16)
                                                         clknet_0_clk (net)
                      0.064951    0.000151    0.188857 ^ clkbuf_1_1__f_clk/A (sky130_fd_sc_hd__clkbuf_16)
     2    0.005440    0.048408    0.196683    0.385539 ^ clkbuf_1_1__f_clk/X (sky130_fd_sc_hd__clkbuf_16)
                                                         clknet_1_1__leaf_clk (net)
                      0.048408    0.000037    0.385577 ^ _46_/CLK (sky130_fd_sc_hd__dfxtp_2)
                                  0.000000    0.385577   clock reconvergence pessimism
                                 -0.086894    0.298682   library hold time
                                              0.298682   data required time
---------------------------------------------------------------------------------------------
                                              0.298682   data required time
                                             -1.281545   data arrival time
---------------------------------------------------------------------------------------------
                                              0.982863   slack (MET)


Startpoint: _48_ (rising edge-triggered flip-flop clocked by clk)
Endpoint: _48_ (rising edge-triggered flip-flop clocked by clk)
Path Group: clk
Path Type: min

Fanout         Cap        Slew       Delay        Time   Description
---------------------------------------------------------------------------------------------
                                  0.000000    0.000000   clock clk (rise edge)
                                  0.000000    0.000000   clock source latency
     1    0.009166    0.000000    0.000000    0.000000 ^ clk (in)
                                                         clk (net)
                      0.000069    0.000034    0.000034 ^ clkbuf_0_clk/A (sky130_fd_sc_hd__clkbuf_16)
     2    0.018119    0.064941    0.188671    0.188705 ^ clkbuf_0_clk/X (sky130_fd_sc_hd__clkbuf_16)
                                                         clknet_0_clk (net)
                      0.064951    0.000151    0.188857 ^ clkbuf_1_1__f_clk/A (sky130_fd_sc_hd__clkbuf_16)
     2    0.005440    0.048408    0.196683    0.385539 ^ clkbuf_1_1__f_clk/X (sky130_fd_sc_hd__clkbuf_16)
                                                         clknet_1_1__leaf_clk (net)
                      0.048408    0.000048    0.385587 ^ _48_/CLK (sky130_fd_sc_hd__dfxtp_1)
     5    0.015414    0.148062    0.652530    1.038118 v _48_/Q (sky130_fd_sc_hd__dfxtp_1)
                                                         net6 (net)
                      0.148062    0.000215    1.038333 v _39_/A1 (sky130_fd_sc_hd__a21oi_1)
     1    0.002815    0.150539    0.234145    1.272478 ^ _39_/Y (sky130_fd_sc_hd__a21oi_1)
                                                         _18_ (net)
                      0.150539    0.000029    1.272506 ^ _40_/B1 (sky130_fd_sc_hd__o21ai_1)
     1    0.002011    0.055973    0.141729    1.414235 v _40_/Y (sky130_fd_sc_hd__o21ai_1)
                                                         _02_ (net)
                      0.055973    0.000018    1.414253 v _48_/D (sky130_fd_sc_hd__dfxtp_1)
                                              1.414253   data arrival time

                                  0.000000    0.000000   clock clk (rise edge)
                                  0.000000    0.000000   clock source latency
     1    0.009166    0.000000    0.000000    0.000000 ^ clk (in)
                                                         clk (net)
                      0.000069    0.000034    0.000034 ^ clkbuf_0_clk/A (sky130_fd_sc_hd__clkbuf_16)
     2    0.018119    0.064941    0.188671    0.188705 ^ clkbuf_0_clk/X (sky130_fd_sc_hd__clkbuf_16)
                                                         clknet_0_clk (net)
                      0.064951    0.000151    0.188857 ^ clkbuf_1_1__f_clk/A (sky130_fd_sc_hd__clkbuf_16)
     2    0.005440    0.048408    0.196683    0.385539 ^ clkbuf_1_1__f_clk/X (sky130_fd_sc_hd__clkbuf_16)
                                                         clknet_1_1__leaf_clk (net)
                      0.048408    0.000048    0.385587 ^ _48_/CLK (sky130_fd_sc_hd__dfxtp_1)
                                  0.000000    0.385587   clock reconvergence pessimism
                                 -0.105021    0.280567   library hold time
                                              0.280567   data required time
---------------------------------------------------------------------------------------------
                                              0.280567   data required time
                                             -1.414253   data arrival time
---------------------------------------------------------------------------------------------
                                              1.133686   slack (MET)


Startpoint: _49_ (rising edge-triggered flip-flop clocked by clk)
Endpoint: _49_ (rising edge-triggered flip-flop clocked by clk)
Path Group: clk
Path Type: min

Fanout         Cap        Slew       Delay        Time   Description
---------------------------------------------------------------------------------------------
                                  0.000000    0.000000   clock clk (rise edge)
                                  0.000000    0.000000   clock source latency
     1    0.009166    0.000000    0.000000    0.000000 ^ clk (in)
                                                         clk (net)
                      0.000069    0.000034    0.000034 ^ clkbuf_0_clk/A (sky130_fd_sc_hd__clkbuf_16)
     2    0.018119    0.064941    0.188671    0.188705 ^ clkbuf_0_clk/X (sky130_fd_sc_hd__clkbuf_16)
                                                         clknet_0_clk (net)
                      0.064951    0.000135    0.188840 ^ clkbuf_1_0__f_clk/A (sky130_fd_sc_hd__clkbuf_16)
     2    0.005735    0.048808    0.197242    0.386082 ^ clkbuf_1_0__f_clk/X (sky130_fd_sc_hd__clkbuf_16)
                                                         clknet_1_0__leaf_clk (net)
                      0.048808    0.000043    0.386126 ^ _49_/CLK (sky130_fd_sc_hd__dfxtp_1)
     3    0.009451    0.100870    0.612774    0.998900 v _49_/Q (sky130_fd_sc_hd__dfxtp_1)
                                                         net7 (net)
                      0.100870    0.000103    0.999003 v _44_/B (sky130_fd_sc_hd__nand4_1)
     1    0.003578    0.102497    0.153901    1.152904 ^ _44_/Y (sky130_fd_sc_hd__nand4_1)
                                                         _22_ (net)
                      0.102497    0.000043    1.152947 ^ _45_/A3 (sky130_fd_sc_hd__a31o_1)
     1    0.001826    0.069938    0.292759    1.445706 ^ _45_/X (sky130_fd_sc_hd__a31o_1)
                                                         _03_ (net)
                      0.069938    0.000009    1.445714 ^ _49_/D (sky130_fd_sc_hd__dfxtp_1)
                                              1.445714   data arrival time

                                  0.000000    0.000000   clock clk (rise edge)
                                  0.000000    0.000000   clock source latency
     1    0.009166    0.000000    0.000000    0.000000 ^ clk (in)
                                                         clk (net)
                      0.000069    0.000034    0.000034 ^ clkbuf_0_clk/A (sky130_fd_sc_hd__clkbuf_16)
     2    0.018119    0.064941    0.188671    0.188705 ^ clkbuf_0_clk/X (sky130_fd_sc_hd__clkbuf_16)
                                                         clknet_0_clk (net)
                      0.064951    0.000135    0.188840 ^ clkbuf_1_0__f_clk/A (sky130_fd_sc_hd__clkbuf_16)
     2    0.005735    0.048808    0.197242    0.386082 ^ clkbuf_1_0__f_clk/X (sky130_fd_sc_hd__clkbuf_16)
                                                         clknet_1_0__leaf_clk (net)
                      0.048808    0.000043    0.386126 ^ _49_/CLK (sky130_fd_sc_hd__dfxtp_1)
                                  0.000000    0.386126   clock reconvergence pessimism
                                 -0.075374    0.310751   library hold time
                                              0.310751   data required time
---------------------------------------------------------------------------------------------
                                              0.310751   data required time
                                             -1.445714   data arrival time
---------------------------------------------------------------------------------------------
                                              1.134963   slack (MET)


Startpoint: _47_ (rising edge-triggered flip-flop clocked by clk)
Endpoint: _47_ (rising edge-triggered flip-flop clocked by clk)
Path Group: clk
Path Type: min

Fanout         Cap        Slew       Delay        Time   Description
---------------------------------------------------------------------------------------------
                                  0.000000    0.000000   clock clk (rise edge)
                                  0.000000    0.000000   clock source latency
     1    0.009166    0.000000    0.000000    0.000000 ^ clk (in)
                                                         clk (net)
                      0.000069    0.000034    0.000034 ^ clkbuf_0_clk/A (sky130_fd_sc_hd__clkbuf_16)
     2    0.018119    0.064941    0.188671    0.188705 ^ clkbuf_0_clk/X (sky130_fd_sc_hd__clkbuf_16)
                                                         clknet_0_clk (net)
                      0.064951    0.000135    0.188840 ^ clkbuf_1_0__f_clk/A (sky130_fd_sc_hd__clkbuf_16)
     2    0.005735    0.048808    0.197242    0.386082 ^ clkbuf_1_0__f_clk/X (sky130_fd_sc_hd__clkbuf_16)
                                                         clknet_1_0__leaf_clk (net)
                      0.048808    0.000034    0.386117 ^ _47_/CLK (sky130_fd_sc_hd__dfxtp_1)
     6    0.023336    0.354380    0.829158    1.215275 ^ _47_/Q (sky130_fd_sc_hd__dfxtp_1)
                                                         net5 (net)
                      0.354380    0.000293    1.215568 ^ _33_/A1 (sky130_fd_sc_hd__a21o_1)
     1    0.003397    0.072565    0.313717    1.529286 ^ _33_/X (sky130_fd_sc_hd__a21o_1)
                                                         _13_ (net)
                      0.072565    0.000039    1.529325 ^ _34_/B1 (sky130_fd_sc_hd__a31o_1)
     1    0.002014    0.060580    0.151273    1.680597 ^ _34_/X (sky130_fd_sc_hd__a31o_1)
                                                         _01_ (net)
                      0.060580    0.000019    1.680617 ^ _47_/D (sky130_fd_sc_hd__dfxtp_1)
                                              1.680617   data arrival time

                                  0.000000    0.000000   clock clk (rise edge)
                                  0.000000    0.000000   clock source latency
     1    0.009166    0.000000    0.000000    0.000000 ^ clk (in)
                                                         clk (net)
                      0.000069    0.000034    0.000034 ^ clkbuf_0_clk/A (sky130_fd_sc_hd__clkbuf_16)
     2    0.018119    0.064941    0.188671    0.188705 ^ clkbuf_0_clk/X (sky130_fd_sc_hd__clkbuf_16)
                                                         clknet_0_clk (net)
                      0.064951    0.000135    0.188840 ^ clkbuf_1_0__f_clk/A (sky130_fd_sc_hd__clkbuf_16)
     2    0.005735    0.048808    0.197242    0.386082 ^ clkbuf_1_0__f_clk/X (sky130_fd_sc_hd__clkbuf_16)
                                                         clknet_1_0__leaf_clk (net)
                      0.048808    0.000034    0.386117 ^ _47_/CLK (sky130_fd_sc_hd__dfxtp_1)
                                  0.000000    0.386117   clock reconvergence pessimism
                                 -0.073196    0.312921   library hold time
                                              0.312921   data required time
---------------------------------------------------------------------------------------------
                                              0.312921   data required time
                                             -1.680617   data arrival time
---------------------------------------------------------------------------------------------
                                              1.367696   slack (MET)


Startpoint: _49_ (rising edge-triggered flip-flop clocked by clk)
Endpoint: counter[3] (output port clocked by clk)
Path Group: clk
Path Type: min

Fanout         Cap        Slew       Delay        Time   Description
---------------------------------------------------------------------------------------------
                                  0.000000    0.000000   clock clk (rise edge)
                                  0.000000    0.000000   clock source latency
     1    0.009166    0.000000    0.000000    0.000000 ^ clk (in)
                                                         clk (net)
                      0.000069    0.000034    0.000034 ^ clkbuf_0_clk/A (sky130_fd_sc_hd__clkbuf_16)
     2    0.018119    0.064941    0.188671    0.188705 ^ clkbuf_0_clk/X (sky130_fd_sc_hd__clkbuf_16)
                                                         clknet_0_clk (net)
                      0.064951    0.000135    0.188840 ^ clkbuf_1_0__f_clk/A (sky130_fd_sc_hd__clkbuf_16)
     2    0.005735    0.048808    0.197242    0.386082 ^ clkbuf_1_0__f_clk/X (sky130_fd_sc_hd__clkbuf_16)
                                                         clknet_1_0__leaf_clk (net)
                      0.048808    0.000043    0.386126 ^ _49_/CLK (sky130_fd_sc_hd__dfxtp_1)
     3    0.009451    0.100870    0.612774    0.998900 v _49_/Q (sky130_fd_sc_hd__dfxtp_1)
                                                         net7 (net)
                      0.100870    0.000038    0.998937 v output7/A (sky130_fd_sc_hd__buf_1)
     1    0.000600    0.029137    0.151561    1.150498 v output7/X (sky130_fd_sc_hd__buf_1)
                                                         counter[3] (net)
                      0.029137    0.000002    1.150501 v counter[3] (out)
                                              1.150501   data arrival time

                                  0.000000    0.000000   clock clk (rise edge)
                                  0.000000    0.000000   clock network delay (propagated)
                                  0.000000    0.000000   clock reconvergence pessimism
                                 -2.000000   -2.000000   output external delay
                                             -2.000000   data required time
---------------------------------------------------------------------------------------------
                                             -2.000000   data required time
                                             -1.150501   data arrival time
---------------------------------------------------------------------------------------------
                                              3.150500   slack (MET)


Startpoint: _48_ (rising edge-triggered flip-flop clocked by clk)
Endpoint: counter[2] (output port clocked by clk)
Path Group: clk
Path Type: min

Fanout         Cap        Slew       Delay        Time   Description
---------------------------------------------------------------------------------------------
                                  0.000000    0.000000   clock clk (rise edge)
                                  0.000000    0.000000   clock source latency
     1    0.009166    0.000000    0.000000    0.000000 ^ clk (in)
                                                         clk (net)
                      0.000069    0.000034    0.000034 ^ clkbuf_0_clk/A (sky130_fd_sc_hd__clkbuf_16)
     2    0.018119    0.064941    0.188671    0.188705 ^ clkbuf_0_clk/X (sky130_fd_sc_hd__clkbuf_16)
                                                         clknet_0_clk (net)
                      0.064951    0.000151    0.188857 ^ clkbuf_1_1__f_clk/A (sky130_fd_sc_hd__clkbuf_16)
     2    0.005440    0.048408    0.196683    0.385539 ^ clkbuf_1_1__f_clk/X (sky130_fd_sc_hd__clkbuf_16)
                                                         clknet_1_1__leaf_clk (net)
                      0.048408    0.000048    0.385587 ^ _48_/CLK (sky130_fd_sc_hd__dfxtp_1)
     5    0.015414    0.148062    0.652530    1.038118 v _48_/Q (sky130_fd_sc_hd__dfxtp_1)
                                                         net6 (net)
                      0.148062    0.000165    1.038283 v output6/A (sky130_fd_sc_hd__buf_1)
     1    0.000507    0.028495    0.172859    1.211142 v output6/X (sky130_fd_sc_hd__buf_1)
                                                         counter[2] (net)
                      0.028495    0.000002    1.211143 v counter[2] (out)
                                              1.211143   data arrival time

                                  0.000000    0.000000   clock clk (rise edge)
                                  0.000000    0.000000   clock network delay (propagated)
                                  0.000000    0.000000   clock reconvergence pessimism
                                 -2.000000   -2.000000   output external delay
                                             -2.000000   data required time
---------------------------------------------------------------------------------------------
                                             -2.000000   data required time
                                             -1.211143   data arrival time
---------------------------------------------------------------------------------------------
                                              3.211143   slack (MET)


Startpoint: _46_ (rising edge-triggered flip-flop clocked by clk)
Endpoint: counter[0] (output port clocked by clk)
Path Group: clk
Path Type: min

Fanout         Cap        Slew       Delay        Time   Description
---------------------------------------------------------------------------------------------
                                  0.000000    0.000000   clock clk (rise edge)
                                  0.000000    0.000000   clock source latency
     1    0.009166    0.000000    0.000000    0.000000 ^ clk (in)
                                                         clk (net)
                      0.000069    0.000034    0.000034 ^ clkbuf_0_clk/A (sky130_fd_sc_hd__clkbuf_16)
     2    0.018119    0.064941    0.188671    0.188705 ^ clkbuf_0_clk/X (sky130_fd_sc_hd__clkbuf_16)
                                                         clknet_0_clk (net)
                      0.064951    0.000151    0.188857 ^ clkbuf_1_1__f_clk/A (sky130_fd_sc_hd__clkbuf_16)
     2    0.005440    0.048408    0.196683    0.385539 ^ clkbuf_1_1__f_clk/X (sky130_fd_sc_hd__clkbuf_16)
                                                         clknet_1_1__leaf_clk (net)
                      0.048408    0.000037    0.385577 ^ _46_/CLK (sky130_fd_sc_hd__dfxtp_2)
     7    0.025167    0.125916    0.673724    1.059301 v _46_/Q (sky130_fd_sc_hd__dfxtp_2)
                                                         net4 (net)
                      0.125916    0.000247    1.059548 v output4/A (sky130_fd_sc_hd__buf_1)
     1    0.001013    0.033264    0.168363    1.227912 v output4/X (sky130_fd_sc_hd__buf_1)
                                                         counter[0] (net)
                      0.033264    0.000006    1.227918 v counter[0] (out)
                                              1.227918   data arrival time

                                  0.000000    0.000000   clock clk (rise edge)
                                  0.000000    0.000000   clock network delay (propagated)
                                  0.000000    0.000000   clock reconvergence pessimism
                                 -2.000000   -2.000000   output external delay
                                             -2.000000   data required time
---------------------------------------------------------------------------------------------
                                             -2.000000   data required time
                                             -1.227918   data arrival time
---------------------------------------------------------------------------------------------
                                              3.227918   slack (MET)


Startpoint: _47_ (rising edge-triggered flip-flop clocked by clk)
Endpoint: counter[1] (output port clocked by clk)
Path Group: clk
Path Type: min

Fanout         Cap        Slew       Delay        Time   Description
---------------------------------------------------------------------------------------------
                                  0.000000    0.000000   clock clk (rise edge)
                                  0.000000    0.000000   clock source latency
     1    0.009166    0.000000    0.000000    0.000000 ^ clk (in)
                                                         clk (net)
                      0.000069    0.000034    0.000034 ^ clkbuf_0_clk/A (sky130_fd_sc_hd__clkbuf_16)
     2    0.018119    0.064941    0.188671    0.188705 ^ clkbuf_0_clk/X (sky130_fd_sc_hd__clkbuf_16)
                                                         clknet_0_clk (net)
                      0.064951    0.000135    0.188840 ^ clkbuf_1_0__f_clk/A (sky130_fd_sc_hd__clkbuf_16)
     2    0.005735    0.048808    0.197242    0.386082 ^ clkbuf_1_0__f_clk/X (sky130_fd_sc_hd__clkbuf_16)
                                                         clknet_1_0__leaf_clk (net)
                      0.048808    0.000034    0.386117 ^ _47_/CLK (sky130_fd_sc_hd__dfxtp_1)
     6    0.022179    0.204926    0.695349    1.081466 v _47_/Q (sky130_fd_sc_hd__dfxtp_1)
                                                         net5 (net)
                      0.204926    0.000258    1.081724 v output5/A (sky130_fd_sc_hd__buf_1)
     1    0.000753    0.031588    0.202765    1.284488 v output5/X (sky130_fd_sc_hd__buf_1)
                                                         counter[1] (net)
                      0.031588    0.000004    1.284492 v counter[1] (out)
                                              1.284492   data arrival time

                                  0.000000    0.000000   clock clk (rise edge)
                                  0.000000    0.000000   clock network delay (propagated)
                                  0.000000    0.000000   clock reconvergence pessimism
                                 -2.000000   -2.000000   output external delay
                                             -2.000000   data required time
---------------------------------------------------------------------------------------------
                                             -2.000000   data required time
                                             -1.284492   data arrival time
---------------------------------------------------------------------------------------------
                                              3.284492   slack (MET)



%OL_END_REPORT
%OL_CREATE_REPORT max.rpt

===========================================================================
report_checks -path_delay max (Setup)
============================================================================
======================= min_ss_100C_1v60 Corner ===================================

Startpoint: up_down (input port clocked by clk)
Endpoint: _49_ (rising edge-triggered flip-flop clocked by clk)
Path Group: clk
Path Type: max

Fanout         Cap        Slew       Delay        Time   Description
---------------------------------------------------------------------------------------------
                                  0.000000    0.000000   clock clk (rise edge)
                                  0.000000    0.000000   clock network delay (propagated)
                                  2.000000    2.000000 v input external delay
     1    0.002651    0.000000    0.000000    2.000000 v up_down (in)
                                                         up_down (net)
                      0.000025    0.000013    2.000013 v input3/A (sky130_fd_sc_hd__buf_1)
     5    0.013530    0.161743    0.219142    2.219155 v input3/X (sky130_fd_sc_hd__buf_1)
                                                         net3 (net)
                      0.161743    0.000156    2.219311 v _41_/A1 (sky130_fd_sc_hd__o31ai_1)
     2    0.007770    0.572100    0.629258    2.848569 ^ _41_/Y (sky130_fd_sc_hd__o31ai_1)
                                                         _19_ (net)
                      0.572100    0.000084    2.848653 ^ _44_/C (sky130_fd_sc_hd__nand4_1)
     1    0.003377    0.211676    0.373111    3.221764 v _44_/Y (sky130_fd_sc_hd__nand4_1)
                                                         _22_ (net)
                      0.211676    0.000040    3.221804 v _45_/A3 (sky130_fd_sc_hd__a31o_1)
     1    0.001910    0.059784    0.435514    3.657319 v _45_/X (sky130_fd_sc_hd__a31o_1)
                                                         _03_ (net)
                      0.059784    0.000009    3.657327 v _49_/D (sky130_fd_sc_hd__dfxtp_1)
                                              3.657327   data arrival time

                                 10.000000   10.000000   clock clk (rise edge)
                                  0.000000   10.000000   clock source latency
     1    0.009166    0.000000    0.000000   10.000000 ^ clk (in)
                                                         clk (net)
                      0.000069    0.000035   10.000035 ^ clkbuf_0_clk/A (sky130_fd_sc_hd__clkbuf_16)
     2    0.018119    0.064941    0.188670   10.188705 ^ clkbuf_0_clk/X (sky130_fd_sc_hd__clkbuf_16)
                                                         clknet_0_clk (net)
                      0.064951    0.000135   10.188840 ^ clkbuf_1_0__f_clk/A (sky130_fd_sc_hd__clkbuf_16)
     2    0.005735    0.048808    0.197242   10.386083 ^ clkbuf_1_0__f_clk/X (sky130_fd_sc_hd__clkbuf_16)
                                                         clknet_1_0__leaf_clk (net)
                      0.048808    0.000044   10.386126 ^ _49_/CLK (sky130_fd_sc_hd__dfxtp_1)
                                  0.000000   10.386126   clock reconvergence pessimism
                                 -0.270440   10.115685   library setup time
                                             10.115685   data required time
---------------------------------------------------------------------------------------------
                                             10.115685   data required time
                                             -3.657327   data arrival time
---------------------------------------------------------------------------------------------
                                              6.458358   slack (MET)


Startpoint: _47_ (rising edge-triggered flip-flop clocked by clk)
Endpoint: counter[1] (output port clocked by clk)
Path Group: clk
Path Type: max

Fanout         Cap        Slew       Delay        Time   Description
---------------------------------------------------------------------------------------------
                                  0.000000    0.000000   clock clk (rise edge)
                                  0.000000    0.000000   clock source latency
     1    0.009166    0.000000    0.000000    0.000000 ^ clk (in)
                                                         clk (net)
                      0.000069    0.000034    0.000034 ^ clkbuf_0_clk/A (sky130_fd_sc_hd__clkbuf_16)
     2    0.018119    0.064941    0.188671    0.188705 ^ clkbuf_0_clk/X (sky130_fd_sc_hd__clkbuf_16)
                                                         clknet_0_clk (net)
                      0.064951    0.000135    0.188840 ^ clkbuf_1_0__f_clk/A (sky130_fd_sc_hd__clkbuf_16)
     2    0.005735    0.048808    0.197242    0.386082 ^ clkbuf_1_0__f_clk/X (sky130_fd_sc_hd__clkbuf_16)
                                                         clknet_1_0__leaf_clk (net)
                      0.048808    0.000034    0.386117 ^ _47_/CLK (sky130_fd_sc_hd__dfxtp_1)
     6    0.023336    0.354380    0.829158    1.215275 ^ _47_/Q (sky130_fd_sc_hd__dfxtp_1)
                                                         net5 (net)
                      0.354380    0.000270    1.215546 ^ output5/A (sky130_fd_sc_hd__buf_1)
     1    0.000753    0.043798    0.220718    1.436263 ^ output5/X (sky130_fd_sc_hd__buf_1)
                                                         counter[1] (net)
                      0.043798    0.000004    1.436267 ^ counter[1] (out)
                                              1.436267   data arrival time

                                 10.000000   10.000000   clock clk (rise edge)
                                  0.000000   10.000000   clock network delay (propagated)
                                  0.000000   10.000000   clock reconvergence pessimism
                                 -2.000000    8.000000   output external delay
                                              8.000000   data required time
---------------------------------------------------------------------------------------------
                                              8.000000   data required time
                                             -1.436267   data arrival time
---------------------------------------------------------------------------------------------
                                              6.563733   slack (MET)


Startpoint: _46_ (rising edge-triggered flip-flop clocked by clk)
Endpoint: counter[0] (output port clocked by clk)
Path Group: clk
Path Type: max

Fanout         Cap        Slew       Delay        Time   Description
---------------------------------------------------------------------------------------------
                                  0.000000    0.000000   clock clk (rise edge)
                                  0.000000    0.000000   clock source latency
     1    0.009166    0.000000    0.000000    0.000000 ^ clk (in)
                                                         clk (net)
                      0.000069    0.000034    0.000034 ^ clkbuf_0_clk/A (sky130_fd_sc_hd__clkbuf_16)
     2    0.018119    0.064941    0.188671    0.188705 ^ clkbuf_0_clk/X (sky130_fd_sc_hd__clkbuf_16)
                                                         clknet_0_clk (net)
                      0.064951    0.000151    0.188857 ^ clkbuf_1_1__f_clk/A (sky130_fd_sc_hd__clkbuf_16)
     2    0.005440    0.048408    0.196683    0.385539 ^ clkbuf_1_1__f_clk/X (sky130_fd_sc_hd__clkbuf_16)
                                                         clknet_1_1__leaf_clk (net)
                      0.048408    0.000037    0.385577 ^ _46_/CLK (sky130_fd_sc_hd__dfxtp_2)
     7    0.026339    0.222276    0.765637    1.151214 ^ _46_/Q (sky130_fd_sc_hd__dfxtp_2)
                                                         net4 (net)
                      0.222276    0.000259    1.151473 ^ output4/A (sky130_fd_sc_hd__buf_1)
     1    0.001013    0.045653    0.188663    1.340136 ^ output4/X (sky130_fd_sc_hd__buf_1)
                                                         counter[0] (net)
                      0.045653    0.000006    1.340142 ^ counter[0] (out)
                                              1.340142   data arrival time

                                 10.000000   10.000000   clock clk (rise edge)
                                  0.000000   10.000000   clock network delay (propagated)
                                  0.000000   10.000000   clock reconvergence pessimism
                                 -2.000000    8.000000   output external delay
                                              8.000000   data required time
---------------------------------------------------------------------------------------------
                                              8.000000   data required time
                                             -1.340142   data arrival time
---------------------------------------------------------------------------------------------
                                              6.659858   slack (MET)


Startpoint: _48_ (rising edge-triggered flip-flop clocked by clk)
Endpoint: counter[2] (output port clocked by clk)
Path Group: clk
Path Type: max

Fanout         Cap        Slew       Delay        Time   Description
---------------------------------------------------------------------------------------------
                                  0.000000    0.000000   clock clk (rise edge)
                                  0.000000    0.000000   clock source latency
     1    0.009166    0.000000    0.000000    0.000000 ^ clk (in)
                                                         clk (net)
                      0.000069    0.000034    0.000034 ^ clkbuf_0_clk/A (sky130_fd_sc_hd__clkbuf_16)
     2    0.018119    0.064941    0.188671    0.188705 ^ clkbuf_0_clk/X (sky130_fd_sc_hd__clkbuf_16)
                                                         clknet_0_clk (net)
                      0.064951    0.000151    0.188857 ^ clkbuf_1_1__f_clk/A (sky130_fd_sc_hd__clkbuf_16)
     2    0.005440    0.048408    0.196683    0.385539 ^ clkbuf_1_1__f_clk/X (sky130_fd_sc_hd__clkbuf_16)
                                                         clknet_1_1__leaf_clk (net)
                      0.048408    0.000048    0.385587 ^ _48_/CLK (sky130_fd_sc_hd__dfxtp_1)
     5    0.016306    0.254212    0.757004    1.142592 ^ _48_/Q (sky130_fd_sc_hd__dfxtp_1)
                                                         net6 (net)
                      0.254212    0.000175    1.142766 ^ output6/A (sky130_fd_sc_hd__buf_1)
     1    0.000507    0.037844    0.189797    1.332563 ^ output6/X (sky130_fd_sc_hd__buf_1)
                                                         counter[2] (net)
                      0.037844    0.000002    1.332565 ^ counter[2] (out)
                                              1.332565   data arrival time

                                 10.000000   10.000000   clock clk (rise edge)
                                  0.000000   10.000000   clock network delay (propagated)
                                  0.000000   10.000000   clock reconvergence pessimism
                                 -2.000000    8.000000   output external delay
                                              8.000000   data required time
---------------------------------------------------------------------------------------------
                                              8.000000   data required time
                                             -1.332565   data arrival time
---------------------------------------------------------------------------------------------
                                              6.667435   slack (MET)


Startpoint: _49_ (rising edge-triggered flip-flop clocked by clk)
Endpoint: counter[3] (output port clocked by clk)
Path Group: clk
Path Type: max

Fanout         Cap        Slew       Delay        Time   Description
---------------------------------------------------------------------------------------------
                                  0.000000    0.000000   clock clk (rise edge)
                                  0.000000    0.000000   clock source latency
     1    0.009166    0.000000    0.000000    0.000000 ^ clk (in)
                                                         clk (net)
                      0.000069    0.000034    0.000034 ^ clkbuf_0_clk/A (sky130_fd_sc_hd__clkbuf_16)
     2    0.018119    0.064941    0.188671    0.188705 ^ clkbuf_0_clk/X (sky130_fd_sc_hd__clkbuf_16)
                                                         clknet_0_clk (net)
                      0.064951    0.000135    0.188840 ^ clkbuf_1_0__f_clk/A (sky130_fd_sc_hd__clkbuf_16)
     2    0.005735    0.048808    0.197242    0.386082 ^ clkbuf_1_0__f_clk/X (sky130_fd_sc_hd__clkbuf_16)
                                                         clknet_1_0__leaf_clk (net)
                      0.048808    0.000043    0.386126 ^ _49_/CLK (sky130_fd_sc_hd__dfxtp_1)
     3    0.009965    0.165719    0.691359    1.077485 ^ _49_/Q (sky130_fd_sc_hd__dfxtp_1)
                                                         net7 (net)
                      0.165719    0.000040    1.077525 ^ output7/A (sky130_fd_sc_hd__buf_1)
     1    0.000600    0.037836    0.159234    1.236758 ^ output7/X (sky130_fd_sc_hd__buf_1)
                                                         counter[3] (net)
                      0.037836    0.000002    1.236760 ^ counter[3] (out)
                                              1.236760   data arrival time

                                 10.000000   10.000000   clock clk (rise edge)
                                  0.000000   10.000000   clock network delay (propagated)
                                  0.000000   10.000000   clock reconvergence pessimism
                                 -2.000000    8.000000   output external delay
                                              8.000000   data required time
---------------------------------------------------------------------------------------------
                                              8.000000   data required time
                                             -1.236760   data arrival time
---------------------------------------------------------------------------------------------
                                              6.763239   slack (MET)


Startpoint: up_down (input port clocked by clk)
Endpoint: _48_ (rising edge-triggered flip-flop clocked by clk)
Path Group: clk
Path Type: max

Fanout         Cap        Slew       Delay        Time   Description
---------------------------------------------------------------------------------------------
                                  0.000000    0.000000   clock clk (rise edge)
                                  0.000000    0.000000   clock network delay (propagated)
                                  2.000000    2.000000 v input external delay
     1    0.002651    0.000000    0.000000    2.000000 v up_down (in)
                                                         up_down (net)
                      0.000025    0.000013    2.000013 v input3/A (sky130_fd_sc_hd__buf_1)
     5    0.013530    0.161743    0.219142    2.219155 v input3/X (sky130_fd_sc_hd__buf_1)
                                                         net3 (net)
                      0.161743    0.000094    2.219249 v _30_/A (sky130_fd_sc_hd__or2_1)
     2    0.007253    0.140465    0.583184    2.802433 v _30_/X (sky130_fd_sc_hd__or2_1)
                                                         _10_ (net)
                      0.140465    0.000038    2.802471 v _38_/A (sky130_fd_sc_hd__xnor2_1)
     1    0.003751    0.224506    0.294727    3.097198 ^ _38_/Y (sky130_fd_sc_hd__xnor2_1)
                                                         _17_ (net)
                      0.224506    0.000043    3.097241 ^ _40_/A2 (sky130_fd_sc_hd__o21ai_1)
     1    0.002011    0.084257    0.157838    3.255080 v _40_/Y (sky130_fd_sc_hd__o21ai_1)
                                                         _02_ (net)
                      0.084257    0.000018    3.255097 v _48_/D (sky130_fd_sc_hd__dfxtp_1)
                                              3.255097   data arrival time

                                 10.000000   10.000000   clock clk (rise edge)
                                  0.000000   10.000000   clock source latency
     1    0.009166    0.000000    0.000000   10.000000 ^ clk (in)
                                                         clk (net)
                      0.000069    0.000035   10.000035 ^ clkbuf_0_clk/A (sky130_fd_sc_hd__clkbuf_16)
     2    0.018119    0.064941    0.188670   10.188705 ^ clkbuf_0_clk/X (sky130_fd_sc_hd__clkbuf_16)
                                                         clknet_0_clk (net)
                      0.064951    0.000152   10.188857 ^ clkbuf_1_1__f_clk/A (sky130_fd_sc_hd__clkbuf_16)
     2    0.005440    0.048408    0.196683   10.385540 ^ clkbuf_1_1__f_clk/X (sky130_fd_sc_hd__clkbuf_16)
                                                         clknet_1_1__leaf_clk (net)
                      0.048408    0.000048   10.385588 ^ _48_/CLK (sky130_fd_sc_hd__dfxtp_1)
                                  0.000000   10.385588   clock reconvergence pessimism
                                 -0.280724   10.104864   library setup time
                                             10.104864   data required time
---------------------------------------------------------------------------------------------
                                             10.104864   data required time
                                             -3.255097   data arrival time
---------------------------------------------------------------------------------------------
                                              6.849766   slack (MET)


Startpoint: enable (input port clocked by clk)
Endpoint: _47_ (rising edge-triggered flip-flop clocked by clk)
Path Group: clk
Path Type: max

Fanout         Cap        Slew       Delay        Time   Description
---------------------------------------------------------------------------------------------
                                  0.000000    0.000000   clock clk (rise edge)
                                  0.000000    0.000000   clock network delay (propagated)
                                  2.000000    2.000000 ^ input external delay
     1    0.003007    0.000000    0.000000    2.000000 ^ enable (in)
                                                         enable (net)
                      0.000033    0.000017    2.000017 ^ input1/A (sky130_fd_sc_hd__buf_1)
     5    0.016357    0.315524    0.296061    2.296078 ^ input1/X (sky130_fd_sc_hd__buf_1)
                                                         net1 (net)
                      0.315524    0.000306    2.296384 ^ _26_/A (sky130_fd_sc_hd__nor2_1)
     3    0.010707    0.131482    0.237162    2.533546 v _26_/Y (sky130_fd_sc_hd__nor2_1)
                                                         _07_ (net)
                      0.131482    0.000100    2.533646 v _33_/A2 (sky130_fd_sc_hd__a21o_1)
     1    0.003130    0.062519    0.342416    2.876062 v _33_/X (sky130_fd_sc_hd__a21o_1)
                                                         _13_ (net)
                      0.062519    0.000036    2.876097 v _34_/B1 (sky130_fd_sc_hd__a31o_1)
     1    0.002098    0.059847    0.318723    3.194821 v _34_/X (sky130_fd_sc_hd__a31o_1)
                                                         _01_ (net)
                      0.059847    0.000020    3.194841 v _47_/D (sky130_fd_sc_hd__dfxtp_1)
                                              3.194841   data arrival time

                                 10.000000   10.000000   clock clk (rise edge)
                                  0.000000   10.000000   clock source latency
     1    0.009166    0.000000    0.000000   10.000000 ^ clk (in)
                                                         clk (net)
                      0.000069    0.000035   10.000035 ^ clkbuf_0_clk/A (sky130_fd_sc_hd__clkbuf_16)
     2    0.018119    0.064941    0.188670   10.188705 ^ clkbuf_0_clk/X (sky130_fd_sc_hd__clkbuf_16)
                                                         clknet_0_clk (net)
                      0.064951    0.000135   10.188840 ^ clkbuf_1_0__f_clk/A (sky130_fd_sc_hd__clkbuf_16)
     2    0.005735    0.048808    0.197242   10.386083 ^ clkbuf_1_0__f_clk/X (sky130_fd_sc_hd__clkbuf_16)
                                                         clknet_1_0__leaf_clk (net)
                      0.048808    0.000035   10.386117 ^ _47_/CLK (sky130_fd_sc_hd__dfxtp_1)
                                  0.000000   10.386117   clock reconvergence pessimism
                                 -0.270467   10.115651   library setup time
                                             10.115651   data required time
---------------------------------------------------------------------------------------------
                                             10.115651   data required time
                                             -3.194841   data arrival time
---------------------------------------------------------------------------------------------
                                              6.920810   slack (MET)


Startpoint: reset (input port clocked by clk)
Endpoint: _46_ (rising edge-triggered flip-flop clocked by clk)
Path Group: clk
Path Type: max

Fanout         Cap        Slew       Delay        Time   Description
---------------------------------------------------------------------------------------------
                                  0.000000    0.000000   clock clk (rise edge)
                                  0.000000    0.000000   clock network delay (propagated)
                                  2.000000    2.000000 ^ input external delay
     1    0.002836    0.000000    0.000000    2.000000 ^ reset (in)
                                                         reset (net)
                      0.000027    0.000013    2.000013 ^ input2/A (sky130_fd_sc_hd__buf_1)
     2    0.009262    0.187615    0.204332    2.204346 ^ input2/X (sky130_fd_sc_hd__buf_1)
                                                         net2 (net)
                      0.187615    0.000041    2.204387 ^ _23_/A (sky130_fd_sc_hd__inv_2)
     4    0.012463    0.075224    0.134690    2.339077 v _23_/Y (sky130_fd_sc_hd__inv_2)
                                                         _04_ (net)
                      0.075224    0.000048    2.339125 v _25_/A (sky130_fd_sc_hd__nor2_1)
     4    0.014772    0.458347    0.417657    2.756782 ^ _25_/Y (sky130_fd_sc_hd__nor2_1)
                                                         _06_ (net)
                      0.458347    0.000263    2.757046 ^ _27_/B1 (sky130_fd_sc_hd__a21oi_1)
     1    0.003559    0.122794    0.197070    2.954115 v _27_/Y (sky130_fd_sc_hd__a21oi_1)
                                                         _08_ (net)
                      0.122794    0.000049    2.954165 v _28_/B1 (sky130_fd_sc_hd__o21ai_1)
     1    0.002270    0.152302    0.136310    3.090475 ^ _28_/Y (sky130_fd_sc_hd__o21ai_1)
                                                         _00_ (net)
                      0.152302    0.000022    3.090497 ^ _46_/D (sky130_fd_sc_hd__dfxtp_2)
                                              3.090497   data arrival time

                                 10.000000   10.000000   clock clk (rise edge)
                                  0.000000   10.000000   clock source latency
     1    0.009166    0.000000    0.000000   10.000000 ^ clk (in)
                                                         clk (net)
                      0.000069    0.000035   10.000035 ^ clkbuf_0_clk/A (sky130_fd_sc_hd__clkbuf_16)
     2    0.018119    0.064941    0.188670   10.188705 ^ clkbuf_0_clk/X (sky130_fd_sc_hd__clkbuf_16)
                                                         clknet_0_clk (net)
                      0.064951    0.000152   10.188857 ^ clkbuf_1_1__f_clk/A (sky130_fd_sc_hd__clkbuf_16)
     2    0.005440    0.048408    0.196683   10.385540 ^ clkbuf_1_1__f_clk/X (sky130_fd_sc_hd__clkbuf_16)
                                                         clknet_1_1__leaf_clk (net)
                      0.048408    0.000037   10.385577 ^ _46_/CLK (sky130_fd_sc_hd__dfxtp_2)
                                  0.000000   10.385577   clock reconvergence pessimism
                                 -0.166405   10.219172   library setup time
                                             10.219172   data required time
---------------------------------------------------------------------------------------------
                                             10.219172   data required time
                                             -3.090497   data arrival time
---------------------------------------------------------------------------------------------
                                              7.128675   slack (MET)



%OL_END_REPORT
%OL_CREATE_REPORT checks.rpt

===========================================================================
report_checks -unconstrained
===========================================================================
======================= min_ss_100C_1v60 Corner ===================================

Startpoint: up_down (input port clocked by clk)
Endpoint: _49_ (rising edge-triggered flip-flop clocked by clk)
Path Group: clk
Path Type: max

Fanout         Cap        Slew       Delay        Time   Description
---------------------------------------------------------------------------------------------
                                  0.000000    0.000000   clock clk (rise edge)
                                  0.000000    0.000000   clock network delay (propagated)
                                  2.000000    2.000000 v input external delay
     1    0.002651    0.000000    0.000000    2.000000 v up_down (in)
                                                         up_down (net)
                      0.000025    0.000013    2.000013 v input3/A (sky130_fd_sc_hd__buf_1)
     5    0.013530    0.161743    0.219142    2.219155 v input3/X (sky130_fd_sc_hd__buf_1)
                                                         net3 (net)
                      0.161743    0.000156    2.219311 v _41_/A1 (sky130_fd_sc_hd__o31ai_1)
     2    0.007770    0.572100    0.629258    2.848569 ^ _41_/Y (sky130_fd_sc_hd__o31ai_1)
                                                         _19_ (net)
                      0.572100    0.000084    2.848653 ^ _44_/C (sky130_fd_sc_hd__nand4_1)
     1    0.003377    0.211676    0.373111    3.221764 v _44_/Y (sky130_fd_sc_hd__nand4_1)
                                                         _22_ (net)
                      0.211676    0.000040    3.221804 v _45_/A3 (sky130_fd_sc_hd__a31o_1)
     1    0.001910    0.059784    0.435514    3.657319 v _45_/X (sky130_fd_sc_hd__a31o_1)
                                                         _03_ (net)
                      0.059784    0.000009    3.657327 v _49_/D (sky130_fd_sc_hd__dfxtp_1)
                                              3.657327   data arrival time

                                 10.000000   10.000000   clock clk (rise edge)
                                  0.000000   10.000000   clock source latency
     1    0.009166    0.000000    0.000000   10.000000 ^ clk (in)
                                                         clk (net)
                      0.000069    0.000035   10.000035 ^ clkbuf_0_clk/A (sky130_fd_sc_hd__clkbuf_16)
     2    0.018119    0.064941    0.188670   10.188705 ^ clkbuf_0_clk/X (sky130_fd_sc_hd__clkbuf_16)
                                                         clknet_0_clk (net)
                      0.064951    0.000135   10.188840 ^ clkbuf_1_0__f_clk/A (sky130_fd_sc_hd__clkbuf_16)
     2    0.005735    0.048808    0.197242   10.386083 ^ clkbuf_1_0__f_clk/X (sky130_fd_sc_hd__clkbuf_16)
                                                         clknet_1_0__leaf_clk (net)
                      0.048808    0.000044   10.386126 ^ _49_/CLK (sky130_fd_sc_hd__dfxtp_1)
                                  0.000000   10.386126   clock reconvergence pessimism
                                 -0.270440   10.115685   library setup time
                                             10.115685   data required time
---------------------------------------------------------------------------------------------
                                             10.115685   data required time
                                             -3.657327   data arrival time
---------------------------------------------------------------------------------------------
                                              6.458358   slack (MET)




===========================================================================
report_checks --slack_max -0.01
============================================================================
======================= min_ss_100C_1v60 Corner ===================================

No paths found.


===========================================================================
 report_check_types -max_slew -max_cap -max_fanout -violators
============================================================================
======================= min_ss_100C_1v60 Corner ===================================



===========================================================================
report_parasitic_annotation -report_unannotated
============================================================================
Found 0 unannotated drivers.
Found 0 partially unannotated drivers.

===========================================================================
max slew violation count 0
%OL_METRIC_I design__max_slew_violation__count__corner:min_ss_100C_1v60 0
max fanout violation count 0
%OL_METRIC_I design__max_fanout_violation__count__corner:min_ss_100C_1v60 0
max cap violation count 0
%OL_METRIC_I design__max_cap_violation__count__corner:min_ss_100C_1v60 0
============================================================================

===========================================================================
check_setup -verbose -unconstrained_endpoints -multiple_clock -no_clock -no_input_delay -loops -generated_clocks
===========================================================================
%OL_END_REPORT
%OL_CREATE_REPORT power.rpt

===========================================================================
 report_power
============================================================================
======================= min_ss_100C_1v60 Corner ===================================

Group                    Internal    Switching      Leakage        Total
                            Power        Power        Power        Power (Watts)
------------------------------------------------------------------------
Sequential           1.448169e-05 2.371201e-06 5.932519e-08 1.691221e-05  22.7%
Combinational        4.719021e-06 3.907517e-06 1.053461e-07 8.731883e-06  11.7%
Clock                4.137874e-05 7.499250e-06 5.711917e-08 4.893511e-05  65.6%
Macro                0.000000e+00 0.000000e+00 0.000000e+00 0.000000e+00   0.0%
Pad                  0.000000e+00 0.000000e+00 0.000000e+00 0.000000e+00   0.0%
------------------------------------------------------------------------
Total                6.057944e-05 1.377797e-05 2.217905e-07 7.457921e-05 100.0%
                            81.2%        18.5%         0.3%
%OL_METRIC_F power__internal__total 6.0579444834729657e-5
%OL_METRIC_F power__switching__total 1.3777967069472652e-5
%OL_METRIC_F power__leakage__total 2.2179050063186878e-7
%OL_METRIC_F power__total 7.457920582965016e-5

%OL_END_REPORT
%OL_CREATE_REPORT skew.min.rpt

===========================================================================
Clock Skew (Hold)
============================================================================
%OL_METRIC_F clock__skew__worst_hold__corner:min_ss_100C_1v60 -0.0005488665233220672
======================= min_ss_100C_1v60 Corner ===================================

Clock clk
0.385577 source latency _46_/CLK ^
-0.386126 target latency _49_/CLK ^
0.000000 CRPR
--------------
-0.000549 hold skew

%OL_END_REPORT
%OL_CREATE_REPORT skew.max.rpt

===========================================================================
Clock Skew (Setup)
============================================================================
%OL_METRIC_F clock__skew__worst_setup__corner:min_ss_100C_1v60 -0.0005488665233220672
======================= min_ss_100C_1v60 Corner ===================================

Clock clk
0.385577 source latency _46_/CLK ^
-0.386126 target latency _49_/CLK ^
0.000000 CRPR
--------------
-0.000549 setup skew

%OL_END_REPORT
%OL_CREATE_REPORT ws.min.rpt

===========================================================================
Worst Slack (Hold)
============================================================================
%OL_METRIC_F timing__hold__ws__corner:min_ss_100C_1v60 0.9828627079295128
min_ss_100C_1v60: 0.9828627079295128
%OL_END_REPORT
%OL_CREATE_REPORT ws.max.rpt

===========================================================================
Worst Slack (Setup)
============================================================================
%OL_METRIC_F timing__setup__ws__corner:min_ss_100C_1v60 6.4583580311704
min_ss_100C_1v60: 6.4583580311704
%OL_END_REPORT
%OL_CREATE_REPORT tns.min.rpt

===========================================================================
Total Negative Slack (Hold)
============================================================================
%OL_METRIC_F timing__hold__tns__corner:min_ss_100C_1v60 0.0
min_ss_100C_1v60: 0.0
%OL_END_REPORT
%OL_CREATE_REPORT tns.max.rpt

===========================================================================
Total Negative Slack (Setup)
============================================================================
%OL_METRIC_F timing__setup__tns__corner:min_ss_100C_1v60 0.0
min_ss_100C_1v60: 0.0
%OL_END_REPORT
%OL_CREATE_REPORT wns.min.rpt

===========================================================================
Worst Negative Slack (Hold)
============================================================================
%OL_METRIC_F timing__hold__wns__corner:min_ss_100C_1v60 0
min_ss_100C_1v60: 0
%OL_END_REPORT
%OL_CREATE_REPORT wns.max.rpt

===========================================================================
Worst Negative Slack (Setup)
============================================================================
%OL_METRIC_F timing__setup__wns__corner:min_ss_100C_1v60 0.0
min_ss_100C_1v60: 0.0
%OL_END_REPORT
%OL_CREATE_REPORT violator_list.rpt

===========================================================================
Violator List
============================================================================
%OL_METRIC_I timing__hold_vio__count__corner:min_ss_100C_1v60 0
%OL_METRIC_F timing__hold_r2r__ws__corner:min_ss_100C_1v60 0.982863
%OL_METRIC_I timing__hold_r2r_vio__count__corner:min_ss_100C_1v60 0
%OL_METRIC_I timing__setup_vio__count__corner:min_ss_100C_1v60 0
%OL_METRIC_F timing__setup_r2r__ws__corner:min_ss_100C_1v60 inf
%OL_METRIC_I timing__setup_r2r_vio__count__corner:min_ss_100C_1v60 0
%OL_END_REPORT
%OL_CREATE_REPORT unpropagated.rpt
%OL_END_REPORT
%OL_CREATE_REPORT clock.rpt
Clock: clk
Sources: clk 
Generated: no
Virtual: yes
Propagated: no
Period: 10.000000

===========================================================================
report_clock_properties
============================================================================
Clock                   Period          Waveform
----------------------------------------------------
clk                  10.000000    0.000000  5.000000

===========================================================================
report_clock_latency
============================================================================
Clock clk
rise -> rise
    min     max
0.000000 0.000000 source latency
0.385577         network latency _46_/CLK
        0.386126 network latency _49_/CLK
---------------
0.385577 0.386126 latency
        0.000549 skew

fall -> fall
    min     max
0.000000 0.000000 source latency
0.450802         network latency _46_/CLK
        0.451280 network latency _49_/CLK
---------------
0.450802 0.451280 latency
        0.000478 skew



===========================================================================
report_clock_min_period
============================================================================
clk period_min = 2.44 fmax = 409.29
%OL_END_REPORT
Writing SDF files for all corners…
Removing Clock latencies before writing libs…
Writing timing models for all corners…
Writing timing models for the min_ss_100C_1v60 corner to /home/amostafa/vlsi/runs/RUN_2024-12-04_11-23-35/54-openroad-stapostpnr/min_ss_100C_1v60/counter_dut__min_ss_100C_1v60.lib…
