Clock: clk
Sources: clk 
Generated: no
Virtual: yes
Propagated: no
Period: 10.000000

===========================================================================
report_clock_properties
============================================================================
Clock                   Period          Waveform
----------------------------------------------------
clk                  10.000000    0.000000  5.000000

===========================================================================
report_clock_latency
============================================================================
Clock clk
rise -> rise
    min     max
0.000000 0.000000 source latency
0.384182         network latency _47_/CLK
        0.385391 network latency _48_/CLK
---------------
0.384182 0.385391 latency
        0.001209 skew

fall -> fall
    min     max
0.000000 0.000000 source latency
0.449639         network latency _47_/CLK
        0.450698 network latency _48_/CLK
---------------
0.449639 0.450698 latency
        0.001060 skew



===========================================================================
report_clock_min_period
============================================================================
clk period_min = 2.41 fmax = 414.64
