Clock: clk
Sources: clk 
Generated: no
Virtual: yes
Propagated: no
Period: 10.000000

===========================================================================
report_clock_properties
============================================================================
Clock                   Period          Waveform
----------------------------------------------------
clk                  10.000000    0.000000  5.000000

===========================================================================
report_clock_latency
============================================================================
Clock clk
rise -> rise
    min     max
0.000000 0.000000 source latency
0.479305         network latency _46_/CLK
        0.481666 network latency _47_/CLK
---------------
0.479305 0.481666 latency
        0.002361 skew

fall -> fall
    min     max
0.000000 0.000000 source latency
0.503351         network latency _46_/CLK
        0.505416 network latency _47_/CLK
---------------
0.503351 0.505416 latency
        0.002065 skew



===========================================================================
report_clock_min_period
============================================================================
clk period_min = 4.02 fmax = 248.54
