
===========================================================================
report_checks -path_delay max (Setup)
============================================================================
======================= nom_ff_n40C_1v95 Corner ===================================

Startpoint: _47_ (rising edge-triggered flip-flop clocked by clk)
Endpoint: counter[1] (output port clocked by clk)
Path Group: clk
Path Type: max

Fanout         Cap        Slew       Delay        Time   Description
---------------------------------------------------------------------------------------------
                                  0.000000    0.000000   clock clk (rise edge)
                                  0.000000    0.000000   clock source latency
     1    0.009567    0.037055    0.024056    0.024056 ^ clk (in)
                                                         clk (net)
                      0.037056    0.000000    0.024056 ^ clkbuf_0_clk/A (sky130_fd_sc_hd__clkbuf_16)
     2    0.017965    0.029822    0.084797    0.108853 ^ clkbuf_0_clk/X (sky130_fd_sc_hd__clkbuf_16)
                                                         clknet_0_clk (net)
                      0.029823    0.000389    0.109242 ^ clkbuf_1_0__f_clk/A (sky130_fd_sc_hd__clkbuf_16)
     2    0.005171    0.021106    0.073536    0.182778 ^ clkbuf_1_0__f_clk/X (sky130_fd_sc_hd__clkbuf_16)
                                                         clknet_1_0__leaf_clk (net)
                      0.021107    0.000109    0.182887 ^ _47_/CLK (sky130_fd_sc_hd__dfxtp_1)
     6    0.021105    0.152502    0.269216    0.452104 ^ _47_/Q (sky130_fd_sc_hd__dfxtp_1)
                                                         net5 (net)
                      0.152502    0.000415    0.452518 ^ output5/A (sky130_fd_sc_hd__buf_2)
     1    0.033972    0.127251    0.162206    0.614725 ^ output5/X (sky130_fd_sc_hd__buf_2)
                                                         counter[1] (net)
                      0.127252    0.000668    0.615393 ^ counter[1] (out)
                                              0.615393   data arrival time

                                 10.000000   10.000000   clock clk (rise edge)
                                  0.000000   10.000000   clock network delay (propagated)
                                 -0.250000    9.750000   clock uncertainty
                                  0.000000    9.750000   clock reconvergence pessimism
                                 -2.000000    7.750000   output external delay
                                              7.750000   data required time
---------------------------------------------------------------------------------------------
                                              7.750000   data required time
                                             -0.615393   data arrival time
---------------------------------------------------------------------------------------------
                                              7.134607   slack (MET)


Startpoint: _48_ (rising edge-triggered flip-flop clocked by clk)
Endpoint: counter[2] (output port clocked by clk)
Path Group: clk
Path Type: max

Fanout         Cap        Slew       Delay        Time   Description
---------------------------------------------------------------------------------------------
                                  0.000000    0.000000   clock clk (rise edge)
                                  0.000000    0.000000   clock source latency
     1    0.009567    0.037055    0.024056    0.024056 ^ clk (in)
                                                         clk (net)
                      0.037056    0.000000    0.024056 ^ clkbuf_0_clk/A (sky130_fd_sc_hd__clkbuf_16)
     2    0.017965    0.029822    0.084797    0.108853 ^ clkbuf_0_clk/X (sky130_fd_sc_hd__clkbuf_16)
                                                         clknet_0_clk (net)
                      0.029823    0.000372    0.109225 ^ clkbuf_1_1__f_clk/A (sky130_fd_sc_hd__clkbuf_16)
     2    0.005653    0.021443    0.073944    0.183169 ^ clkbuf_1_1__f_clk/X (sky130_fd_sc_hd__clkbuf_16)
                                                         clknet_1_1__leaf_clk (net)
                      0.021443    0.000163    0.183332 ^ _48_/CLK (sky130_fd_sc_hd__dfxtp_1)
     5    0.017634    0.128831    0.252579    0.435911 ^ _48_/Q (sky130_fd_sc_hd__dfxtp_1)
                                                         net6 (net)
                      0.128831    0.000408    0.436319 ^ output6/A (sky130_fd_sc_hd__buf_2)
     1    0.034072    0.127476    0.160035    0.596354 ^ output6/X (sky130_fd_sc_hd__buf_2)
                                                         counter[2] (net)
                      0.127477    0.000627    0.596981 ^ counter[2] (out)
                                              0.596981   data arrival time

                                 10.000000   10.000000   clock clk (rise edge)
                                  0.000000   10.000000   clock network delay (propagated)
                                 -0.250000    9.750000   clock uncertainty
                                  0.000000    9.750000   clock reconvergence pessimism
                                 -2.000000    7.750000   output external delay
                                              7.750000   data required time
---------------------------------------------------------------------------------------------
                                              7.750000   data required time
                                             -0.596981   data arrival time
---------------------------------------------------------------------------------------------
                                              7.153019   slack (MET)


Startpoint: _46_ (rising edge-triggered flip-flop clocked by clk)
Endpoint: counter[0] (output port clocked by clk)
Path Group: clk
Path Type: max

Fanout         Cap        Slew       Delay        Time   Description
---------------------------------------------------------------------------------------------
                                  0.000000    0.000000   clock clk (rise edge)
                                  0.000000    0.000000   clock source latency
     1    0.009567    0.037055    0.024056    0.024056 ^ clk (in)
                                                         clk (net)
                      0.037056    0.000000    0.024056 ^ clkbuf_0_clk/A (sky130_fd_sc_hd__clkbuf_16)
     2    0.017965    0.029822    0.084797    0.108853 ^ clkbuf_0_clk/X (sky130_fd_sc_hd__clkbuf_16)
                                                         clknet_0_clk (net)
                      0.029823    0.000372    0.109225 ^ clkbuf_1_1__f_clk/A (sky130_fd_sc_hd__clkbuf_16)
     2    0.005653    0.021443    0.073944    0.183169 ^ clkbuf_1_1__f_clk/X (sky130_fd_sc_hd__clkbuf_16)
                                                         clknet_1_1__leaf_clk (net)
                      0.021443    0.000138    0.183307 ^ _46_/CLK (sky130_fd_sc_hd__dfxtp_2)
     7    0.025633    0.101482    0.244163    0.427470 ^ _46_/Q (sky130_fd_sc_hd__dfxtp_2)
                                                         net4 (net)
                      0.101487    0.000783    0.428252 ^ output4/A (sky130_fd_sc_hd__buf_2)
     1    0.033792    0.126458    0.153887    0.582139 ^ output4/X (sky130_fd_sc_hd__buf_2)
                                                         counter[0] (net)
                      0.126459    0.000605    0.582744 ^ counter[0] (out)
                                              0.582744   data arrival time

                                 10.000000   10.000000   clock clk (rise edge)
                                  0.000000   10.000000   clock network delay (propagated)
                                 -0.250000    9.750000   clock uncertainty
                                  0.000000    9.750000   clock reconvergence pessimism
                                 -2.000000    7.750000   output external delay
                                              7.750000   data required time
---------------------------------------------------------------------------------------------
                                              7.750000   data required time
                                             -0.582744   data arrival time
---------------------------------------------------------------------------------------------
                                              7.167256   slack (MET)


Startpoint: _49_ (rising edge-triggered flip-flop clocked by clk)
Endpoint: counter[3] (output port clocked by clk)
Path Group: clk
Path Type: max

Fanout         Cap        Slew       Delay        Time   Description
---------------------------------------------------------------------------------------------
                                  0.000000    0.000000   clock clk (rise edge)
                                  0.000000    0.000000   clock source latency
     1    0.009567    0.037055    0.024056    0.024056 ^ clk (in)
                                                         clk (net)
                      0.037056    0.000000    0.024056 ^ clkbuf_0_clk/A (sky130_fd_sc_hd__clkbuf_16)
     2    0.017965    0.029822    0.084797    0.108853 ^ clkbuf_0_clk/X (sky130_fd_sc_hd__clkbuf_16)
                                                         clknet_0_clk (net)
                      0.029823    0.000389    0.109242 ^ clkbuf_1_0__f_clk/A (sky130_fd_sc_hd__clkbuf_16)
     2    0.005171    0.021106    0.073536    0.182778 ^ clkbuf_1_0__f_clk/X (sky130_fd_sc_hd__clkbuf_16)
                                                         clknet_1_0__leaf_clk (net)
                      0.021107    0.000124    0.182901 ^ _49_/CLK (sky130_fd_sc_hd__dfxtp_1)
     3    0.009602    0.074174    0.214288    0.397189 ^ _49_/Q (sky130_fd_sc_hd__dfxtp_1)
                                                         net7 (net)
                      0.074174    0.000182    0.397371 ^ output7/A (sky130_fd_sc_hd__buf_2)
     1    0.033800    0.126446    0.147642    0.545013 ^ output7/X (sky130_fd_sc_hd__buf_2)
                                                         counter[3] (net)
                      0.126487    0.000605    0.545617 ^ counter[3] (out)
                                              0.545617   data arrival time

                                 10.000000   10.000000   clock clk (rise edge)
                                  0.000000   10.000000   clock network delay (propagated)
                                 -0.250000    9.750000   clock uncertainty
                                  0.000000    9.750000   clock reconvergence pessimism
                                 -2.000000    7.750000   output external delay
                                              7.750000   data required time
---------------------------------------------------------------------------------------------
                                              7.750000   data required time
                                             -0.545617   data arrival time
---------------------------------------------------------------------------------------------
                                              7.204382   slack (MET)


Startpoint: up_down (input port clocked by clk)
Endpoint: _49_ (rising edge-triggered flip-flop clocked by clk)
Path Group: clk
Path Type: max

Fanout         Cap        Slew       Delay        Time   Description
---------------------------------------------------------------------------------------------
                                  0.000000    0.000000   clock clk (rise edge)
                                  0.000000    0.000000   clock network delay (propagated)
                                  2.000000    2.000000 v input external delay
     1    0.002557    0.004365    0.002063    2.002063 v up_down (in)
                                                         up_down (net)
                      0.004366    0.000000    2.002063 v input3/A (sky130_fd_sc_hd__buf_1)
     5    0.012458    0.052861    0.076140    2.078203 v input3/X (sky130_fd_sc_hd__buf_1)
                                                         net3 (net)
                      0.052861    0.000250    2.078452 v _41_/A1 (sky130_fd_sc_hd__o31ai_1)
     2    0.006944    0.206804    0.218611    2.297063 ^ _41_/Y (sky130_fd_sc_hd__o31ai_1)
                                                         _19_ (net)
                      0.206804    0.000155    2.297218 ^ _44_/C (sky130_fd_sc_hd__nand4_1)
     1    0.003323    0.060136    0.060750    2.357967 v _44_/Y (sky130_fd_sc_hd__nand4_1)
                                                         _22_ (net)
                      0.060136    0.000104    2.358071 v _45_/A3 (sky130_fd_sc_hd__a31o_1)
     1    0.002503    0.026402    0.143271    2.501343 v _45_/X (sky130_fd_sc_hd__a31o_1)
                                                         _03_ (net)
                      0.026402    0.000055    2.501397 v _49_/D (sky130_fd_sc_hd__dfxtp_1)
                                              2.501397   data arrival time

                                 10.000000   10.000000   clock clk (rise edge)
                                  0.000000   10.000000   clock source latency
     1    0.009567    0.037055    0.024056   10.024056 ^ clk (in)
                                                         clk (net)
                      0.037056    0.000000   10.024056 ^ clkbuf_0_clk/A (sky130_fd_sc_hd__clkbuf_16)
     2    0.017965    0.029822    0.084797   10.108853 ^ clkbuf_0_clk/X (sky130_fd_sc_hd__clkbuf_16)
                                                         clknet_0_clk (net)
                      0.029823    0.000389   10.109242 ^ clkbuf_1_0__f_clk/A (sky130_fd_sc_hd__clkbuf_16)
     2    0.005171    0.021106    0.073536   10.182778 ^ clkbuf_1_0__f_clk/X (sky130_fd_sc_hd__clkbuf_16)
                                                         clknet_1_0__leaf_clk (net)
                      0.021107    0.000123   10.182902 ^ _49_/CLK (sky130_fd_sc_hd__dfxtp_1)
                                 -0.250000    9.932902   clock uncertainty
                                  0.000000    9.932902   clock reconvergence pessimism
                                 -0.069051    9.863851   library setup time
                                              9.863851   data required time
---------------------------------------------------------------------------------------------
                                              9.863851   data required time
                                             -2.501397   data arrival time
---------------------------------------------------------------------------------------------
                                              7.362453   slack (MET)


Startpoint: up_down (input port clocked by clk)
Endpoint: _47_ (rising edge-triggered flip-flop clocked by clk)
Path Group: clk
Path Type: max

Fanout         Cap        Slew       Delay        Time   Description
---------------------------------------------------------------------------------------------
                                  0.000000    0.000000   clock clk (rise edge)
                                  0.000000    0.000000   clock network delay (propagated)
                                  2.000000    2.000000 ^ input external delay
     1    0.002745    0.013720    0.007094    2.007094 ^ up_down (in)
                                                         up_down (net)
                      0.013720    0.000000    2.007094 ^ input3/A (sky130_fd_sc_hd__buf_1)
     5    0.013331    0.120887    0.109227    2.116321 ^ input3/X (sky130_fd_sc_hd__buf_1)
                                                         net3 (net)
                      0.120888    0.000247    2.116568 ^ _30_/A (sky130_fd_sc_hd__or2_1)
     2    0.008609    0.067535    0.104806    2.221374 ^ _30_/X (sky130_fd_sc_hd__or2_1)
                                                         _10_ (net)
                      0.067535    0.000161    2.221536 ^ _32_/A (sky130_fd_sc_hd__nand2_1)
     1    0.003944    0.030846    0.034698    2.256234 v _32_/Y (sky130_fd_sc_hd__nand2_1)
                                                         _12_ (net)
                      0.030846    0.000137    2.256371 v _34_/A3 (sky130_fd_sc_hd__a31o_1)
     1    0.002558    0.026839    0.132150    2.388521 v _34_/X (sky130_fd_sc_hd__a31o_1)
                                                         _01_ (net)
                      0.026839    0.000078    2.388599 v _47_/D (sky130_fd_sc_hd__dfxtp_1)
                                              2.388599   data arrival time

                                 10.000000   10.000000   clock clk (rise edge)
                                  0.000000   10.000000   clock source latency
     1    0.009567    0.037055    0.024056   10.024056 ^ clk (in)
                                                         clk (net)
                      0.037056    0.000000   10.024056 ^ clkbuf_0_clk/A (sky130_fd_sc_hd__clkbuf_16)
     2    0.017965    0.029822    0.084797   10.108853 ^ clkbuf_0_clk/X (sky130_fd_sc_hd__clkbuf_16)
                                                         clknet_0_clk (net)
                      0.029823    0.000389   10.109242 ^ clkbuf_1_0__f_clk/A (sky130_fd_sc_hd__clkbuf_16)
     2    0.005171    0.021106    0.073536   10.182778 ^ clkbuf_1_0__f_clk/X (sky130_fd_sc_hd__clkbuf_16)
                                                         clknet_1_0__leaf_clk (net)
                      0.021107    0.000109   10.182888 ^ _47_/CLK (sky130_fd_sc_hd__dfxtp_1)
                                 -0.250000    9.932888   clock uncertainty
                                  0.000000    9.932888   clock reconvergence pessimism
                                 -0.069207    9.863680   library setup time
                                              9.863680   data required time
---------------------------------------------------------------------------------------------
                                              9.863680   data required time
                                             -2.388599   data arrival time
---------------------------------------------------------------------------------------------
                                              7.475081   slack (MET)


Startpoint: up_down (input port clocked by clk)
Endpoint: _48_ (rising edge-triggered flip-flop clocked by clk)
Path Group: clk
Path Type: max

Fanout         Cap        Slew       Delay        Time   Description
---------------------------------------------------------------------------------------------
                                  0.000000    0.000000   clock clk (rise edge)
                                  0.000000    0.000000   clock network delay (propagated)
                                  2.000000    2.000000 v input external delay
     1    0.002557    0.004365    0.002063    2.002063 v up_down (in)
                                                         up_down (net)
                      0.004366    0.000000    2.002063 v input3/A (sky130_fd_sc_hd__buf_1)
     5    0.012458    0.052861    0.076140    2.078203 v input3/X (sky130_fd_sc_hd__buf_1)
                                                         net3 (net)
                      0.052861    0.000230    2.078433 v _30_/A (sky130_fd_sc_hd__or2_1)
     2    0.008155    0.049910    0.158926    2.237358 v _30_/X (sky130_fd_sc_hd__or2_1)
                                                         _10_ (net)
                      0.049910    0.000133    2.237491 v _38_/A (sky130_fd_sc_hd__xnor2_1)
     1    0.002927    0.083865    0.105729    2.343220 ^ _38_/Y (sky130_fd_sc_hd__xnor2_1)
                                                         _17_ (net)
                      0.083865    0.000085    2.343305 ^ _40_/A2 (sky130_fd_sc_hd__o21ai_1)
     1    0.002410    0.027493    0.035167    2.378472 v _40_/Y (sky130_fd_sc_hd__o21ai_1)
                                                         _02_ (net)
                      0.027493    0.000052    2.378524 v _48_/D (sky130_fd_sc_hd__dfxtp_1)
                                              2.378524   data arrival time

                                 10.000000   10.000000   clock clk (rise edge)
                                  0.000000   10.000000   clock source latency
     1    0.009567    0.037055    0.024056   10.024056 ^ clk (in)
                                                         clk (net)
                      0.037056    0.000000   10.024056 ^ clkbuf_0_clk/A (sky130_fd_sc_hd__clkbuf_16)
     2    0.017965    0.029822    0.084797   10.108853 ^ clkbuf_0_clk/X (sky130_fd_sc_hd__clkbuf_16)
                                                         clknet_0_clk (net)
                      0.029823    0.000371   10.109225 ^ clkbuf_1_1__f_clk/A (sky130_fd_sc_hd__clkbuf_16)
     2    0.005653    0.021443    0.073944   10.183169 ^ clkbuf_1_1__f_clk/X (sky130_fd_sc_hd__clkbuf_16)
                                                         clknet_1_1__leaf_clk (net)
                      0.021443    0.000163   10.183332 ^ _48_/CLK (sky130_fd_sc_hd__dfxtp_1)
                                 -0.250000    9.933332   clock uncertainty
                                  0.000000    9.933332   clock reconvergence pessimism
                                 -0.069409    9.863924   library setup time
                                              9.863924   data required time
---------------------------------------------------------------------------------------------
                                              9.863924   data required time
                                             -2.378524   data arrival time
---------------------------------------------------------------------------------------------
                                              7.485400   slack (MET)


Startpoint: enable (input port clocked by clk)
Endpoint: _46_ (rising edge-triggered flip-flop clocked by clk)
Path Group: clk
Path Type: max

Fanout         Cap        Slew       Delay        Time   Description
---------------------------------------------------------------------------------------------
                                  0.000000    0.000000   clock clk (rise edge)
                                  0.000000    0.000000   clock network delay (propagated)
                                  2.000000    2.000000 ^ input external delay
     1    0.002666    0.013437    0.006885    2.006885 ^ enable (in)
                                                         enable (net)
                      0.013437    0.000000    2.006885 ^ input1/A (sky130_fd_sc_hd__buf_1)
     5    0.015578    0.140043    0.122149    2.129034 ^ input1/X (sky130_fd_sc_hd__buf_1)
                                                         net1 (net)
                      0.140044    0.000347    2.129382 ^ _26_/A (sky130_fd_sc_hd__nor2_1)
     3    0.009431    0.056735    0.060158    2.189540 v _26_/Y (sky130_fd_sc_hd__nor2_1)
                                                         _07_ (net)
                      0.056735    0.000185    2.189724 v _27_/A2 (sky130_fd_sc_hd__a21oi_1)
     1    0.003257    0.082422    0.107320    2.297044 ^ _27_/Y (sky130_fd_sc_hd__a21oi_1)
                                                         _08_ (net)
                      0.082422    0.000103    2.297148 ^ _28_/B1 (sky130_fd_sc_hd__o21ai_1)
     1    0.002165    0.032737    0.024905    2.322053 v _28_/Y (sky130_fd_sc_hd__o21ai_1)
                                                         _00_ (net)
                      0.032737    0.000062    2.322115 v _46_/D (sky130_fd_sc_hd__dfxtp_2)
                                              2.322115   data arrival time

                                 10.000000   10.000000   clock clk (rise edge)
                                  0.000000   10.000000   clock source latency
     1    0.009567    0.037055    0.024056   10.024056 ^ clk (in)
                                                         clk (net)
                      0.037056    0.000000   10.024056 ^ clkbuf_0_clk/A (sky130_fd_sc_hd__clkbuf_16)
     2    0.017965    0.029822    0.084797   10.108853 ^ clkbuf_0_clk/X (sky130_fd_sc_hd__clkbuf_16)
                                                         clknet_0_clk (net)
                      0.029823    0.000371   10.109225 ^ clkbuf_1_1__f_clk/A (sky130_fd_sc_hd__clkbuf_16)
     2    0.005653    0.021443    0.073944   10.183169 ^ clkbuf_1_1__f_clk/X (sky130_fd_sc_hd__clkbuf_16)
                                                         clknet_1_1__leaf_clk (net)
                      0.021443    0.000138   10.183307 ^ _46_/CLK (sky130_fd_sc_hd__dfxtp_2)
                                 -0.250000    9.933307   clock uncertainty
                                  0.000000    9.933307   clock reconvergence pessimism
                                 -0.072503    9.860804   library setup time
                                              9.860804   data required time
---------------------------------------------------------------------------------------------
                                              9.860804   data required time
                                             -2.322115   data arrival time
---------------------------------------------------------------------------------------------
                                              7.538689   slack (MET)



