Reading OpenROAD database at '/home/amostafa/CMP/VLSI/runs/RUN_2024-12-02_11-51-31/04-openroad-ioplacement/generic_ripple_carry_adder.odb'…
Reading library file at '/home/amostafa/.volare/volare/sky130/versions/0fe599b2afb6708d281543108caf8310912f54af/sky130A/libs.ref/sky130_fd_sc_hd/lib/sky130_fd_sc_hd__tt_025C_1v80.lib'…
Reading design constraints file at '/nix/store/giv9dbfir1g36hiqrccwznrmafdg2jhb-python3-3.11.9-env/lib/python3.11/site-packages/openlane/scripts/base.sdc'…
[WARNING STA-0366] port 'clk' not found.
[INFO] Using clock clk…
[INFO] Setting output delay to: 2.0
[INFO] Setting input delay to: 2.0
[WARNING STA-0366] port 'clk' not found.
[INFO] Setting load to: 0.033442
[INFO] Setting clock uncertainty to: 0.25
[INFO] Setting clock transition to: 0.1499999999999999944488848768742172978818416595458984375
[WARNING STA-0419] transition time can not be specified for virtual clocks.
[INFO] Setting timing derate to: 5%
[WARNING STA-0450] virtual clock clk can not be propagated.
[INFO] Setting RC values…
[INFO] Setting signal min routing layer to: met1 and clock min routing layer to met1. 
[INFO] Setting signal max routing layer to: met5 and clock max routing layer to met5. 
[INFO GPL-0002] DBU: 1000
[INFO GPL-0003] SiteSize: (  0.460  2.720 ) um
[INFO GPL-0004] CoreBBox: (  5.520 10.880 ) ( 33.580 38.080 ) um
[INFO GPL-0006] NumInstances:                51
[INFO GPL-0007] NumPlaceInstances:           51
[INFO GPL-0008] NumFixedInstances:            0
[INFO GPL-0009] NumDummyInstances:            0
[INFO GPL-0010] NumNets:                     68
[INFO GPL-0011] NumPins:                    192
[INFO GPL-0012] DieBBox:  (  0.000  0.000 ) ( 39.380 50.100 ) um
[INFO GPL-0013] CoreBBox: (  5.520 10.880 ) ( 33.580 38.080 ) um
[INFO GPL-0016] CoreArea:               763.232 um^2
[INFO GPL-0017] NonPlaceInstsArea:        0.000 um^2
[INFO GPL-0018] PlaceInstsArea:         401.635 um^2
[INFO GPL-0019] Util:                    52.623 %
[INFO GPL-0020] StdInstsArea:           401.635 um^2
[INFO GPL-0021] MacroInstsArea:           0.000 um^2
[InitialPlace]  Iter: 1 CG residual: 0.00000003 HPWL: 951734
[InitialPlace]  Iter: 2 CG residual: 0.00000003 HPWL: 967488
[InitialPlace]  Iter: 3 CG residual: 0.00000005 HPWL: 916926
[InitialPlace]  Iter: 4 CG residual: 0.00000005 HPWL: 888353
[InitialPlace]  Iter: 5 CG residual: 0.00000006 HPWL: 872833
[INFO GPL-0031] FillerInit:NumGCells:        61
[INFO GPL-0032] FillerInit:NumGNets:         68
[INFO GPL-0033] FillerInit:NumGPins:        192
[INFO GPL-0023] TargetDensity:            0.626
[INFO GPL-0024] AvrgPlaceInstArea:        7.875 um^2
[INFO GPL-0025] IdealBinArea:            12.576 um^2
[INFO GPL-0026] IdealBinCnt:                 60
[INFO GPL-0027] TotalBinArea:           763.232 um^2
[INFO GPL-0028] BinCnt:         4      4
[INFO GPL-0029] BinSize: (  7.015  6.800 )
[INFO GPL-0030] NumBins: 16
[NesterovSolve] Iter:    1 overflow: 0.064 HPWL: 523522
[INFO GPL-0100] Timing-driven: executing resizer for reweighting nets.
[INFO GPL-0101] Timing-driven: worst slack 4.16e-09
[INFO GPL-0103] Timing-driven: weighted 1 nets.
[NesterovSolve] Snapshot saved at iter = 0
[INFO GPL-0075] Routability numCall: 1 inflationIterCnt: 1 bloatIterCnt: 0
[INFO GPL-0036] TileBBox: (    0    0 ) ( 6900 6900 ) DBU
[INFO GPL-0038] TileCnt:       5    7
[INFO GPL-0040] NumTiles: 35
[INFO GPL-0081] TotalRouteOverflow: 0
[INFO GPL-0082] OverflowTileCnt: 0
[INFO GPL-0083] 0.5%RC: 0.5912930369377136
[INFO GPL-0084] 1.0%RC: 0.5912930369377136
[INFO GPL-0085] 2.0%RC: 0.5912930369377136
[INFO GPL-0086] 5.0%RC: 0.5848360955715179
[INFO GPL-0087] FinalRC: 0.59129304
[INFO GPL-0077] FinalRC lower than targetRC(1.01), routability not needed.
[NesterovSolve] Finished with Overflow: 0.064274
[INFO] Setting RC values…
Setting global connections for newly added cells…
[INFO] Setting global connections...
Updating metrics…
Cell type report:                       Count       Area
  Buffer                                    8      40.04
  Inverter                                  1       3.75
  Multi-Input combinational cell           42     357.84
  Total                                    51     401.64
Writing OpenROAD database to '/home/amostafa/CMP/VLSI/runs/RUN_2024-12-02_11-51-31/05-openroad-globalplacement/generic_ripple_carry_adder.odb'…
Writing netlist to '/home/amostafa/CMP/VLSI/runs/RUN_2024-12-02_11-51-31/05-openroad-globalplacement/generic_ripple_carry_adder.nl.v'…
Writing powered netlist to '/home/amostafa/CMP/VLSI/runs/RUN_2024-12-02_11-51-31/05-openroad-globalplacement/generic_ripple_carry_adder.pnl.v'…
Writing layout to '/home/amostafa/CMP/VLSI/runs/RUN_2024-12-02_11-51-31/05-openroad-globalplacement/generic_ripple_carry_adder.def'…
Writing timing constraints to '/home/amostafa/CMP/VLSI/runs/RUN_2024-12-02_11-51-31/05-openroad-globalplacement/generic_ripple_carry_adder.sdc'…
