Starting…
Running 'Yosys.Synthesis' at 'runs/RUN_2024-11-27_13-36-28/01-yosys-synthesis'…
Logging subprocess to [repr.filename]'runs/RUN_2024-11-27_13-36-28/01-yosys-synthesis/yosys-synthesis.log'[/repr.filename]…
Parsing synthesis checks…
Running 'OpenROAD.Floorplan' at 'runs/RUN_2024-11-27_13-36-28/02-openroad-floorplan'…
Logging subprocess to [repr.filename]'runs/RUN_2024-11-27_13-36-28/02-openroad-floorplan/openroad-floorplan.log'[/repr.filename]…
Running 'OpenROAD.GlobalPlacementSkipIO' at 'runs/RUN_2024-11-27_13-36-28/03-openroad-globalplacementskipio'…
'PL_TARGET_DENSITY_PCT' not explicitly set, using dynamically calculated target density: 60.493300…
Logging subprocess to [repr.filename]'runs/RUN_2024-11-27_13-36-28/03-openroad-globalplacementskipio/openroad-globalplacementskipio.log'[/repr.filename]…
Running 'OpenROAD.IOPlacement' at 'runs/RUN_2024-11-27_13-36-28/04-openroad-ioplacement'…
Logging subprocess to [repr.filename]'runs/RUN_2024-11-27_13-36-28/04-openroad-ioplacement/openroad-ioplacement.log'[/repr.filename]…
Running 'OpenROAD.GlobalPlacement' at 'runs/RUN_2024-11-27_13-36-28/05-openroad-globalplacement'…
'PL_TARGET_DENSITY_PCT' not explicitly set, using dynamically calculated target density: 60.493300…
Logging subprocess to [repr.filename]'runs/RUN_2024-11-27_13-36-28/05-openroad-globalplacement/openroad-globalplacement.log'[/repr.filename]…
Running 'OpenROAD.RepairDesignPostGPL' at 'runs/RUN_2024-11-27_13-36-28/06-openroad-repairdesignpostgpl'…
Logging subprocess to [repr.filename]'runs/RUN_2024-11-27_13-36-28/06-openroad-repairdesignpostgpl/openroad-repairdesignpostgpl.log'[/repr.filename]…
Running 'OpenROAD.DetailedPlacement' at 'runs/RUN_2024-11-27_13-36-28/07-openroad-detailedplacement'…
Logging subprocess to [repr.filename]'runs/RUN_2024-11-27_13-36-28/07-openroad-detailedplacement/openroad-detailedplacement.log'[/repr.filename]…
Running 'OpenROAD.CTS' at 'runs/RUN_2024-11-27_13-36-28/08-openroad-cts'…
Logging subprocess to [repr.filename]'runs/RUN_2024-11-27_13-36-28/08-openroad-cts/openroad-cts.log'[/repr.filename]…
Running 'OpenROAD.GlobalRouting' at 'runs/RUN_2024-11-27_13-36-28/09-openroad-globalrouting'…
Logging subprocess to [repr.filename]'runs/RUN_2024-11-27_13-36-28/09-openroad-globalrouting/openroad-globalrouting.log'[/repr.filename]…
Running 'OpenROAD.DetailedRouting' at 'runs/RUN_2024-11-27_13-36-28/10-openroad-detailedrouting'…
Running TritonRoute with 8 threads…
Logging subprocess to [repr.filename]'runs/RUN_2024-11-27_13-36-28/10-openroad-detailedrouting/openroad-detailedrouting.log'[/repr.filename]…
[DRT-0349] LEF58_ENCLOSURE with no CUTCLASS is not supported. Skipping for layer mcon
[DRT-0349] LEF58_ENCLOSURE with no CUTCLASS is not supported. Skipping for layer mcon
[DRT-0349] LEF58_ENCLOSURE with no CUTCLASS is not supported. Skipping for layer via
[DRT-0349] LEF58_ENCLOSURE with no CUTCLASS is not supported. Skipping for layer via
[DRT-0349] LEF58_ENCLOSURE with no CUTCLASS is not supported. Skipping for layer via2
[DRT-0349] LEF58_ENCLOSURE with no CUTCLASS is not supported. Skipping for layer via2
[DRT-0349] LEF58_ENCLOSURE with no CUTCLASS is not supported. Skipping for layer via3
[DRT-0349] LEF58_ENCLOSURE with no CUTCLASS is not supported. Skipping for layer via3
[DRT-0349] LEF58_ENCLOSURE with no CUTCLASS is not supported. Skipping for layer via4
[DRT-0349] LEF58_ENCLOSURE with no CUTCLASS is not supported. Skipping for layer via4
Saving views to '/home/amostafa/CMP/VLSI/runs/RUN_2024-11-27_13-36-28/final'…
Flow complete.
