
===========================================================================
report_checks -path_delay max (Setup)
============================================================================
======================= nom_ff_n40C_1v95 Corner ===================================

Startpoint: _46_ (rising edge-triggered flip-flop clocked by clk)
Endpoint: counter[0] (output port clocked by clk)
Path Group: clk
Path Type: max

Fanout         Cap        Slew       Delay        Time   Description
---------------------------------------------------------------------------------------------
                                  0.000000    0.000000   clock clk (rise edge)
                                  0.000000    0.000000   clock source latency
     1    0.009370    0.000000    0.000000    0.000000 ^ clk (in)
                                                         clk (net)
                      0.000252    0.000126    0.000126 ^ clkbuf_0_clk/A (sky130_fd_sc_hd__clkbuf_16)
     2    0.017864    0.029707    0.074524    0.074649 ^ clkbuf_0_clk/X (sky130_fd_sc_hd__clkbuf_16)
                                                         clknet_0_clk (net)
                      0.029709    0.000413    0.075063 ^ clkbuf_1_1__f_clk/A (sky130_fd_sc_hd__clkbuf_16)
     2    0.005771    0.021524    0.074010    0.149073 ^ clkbuf_1_1__f_clk/X (sky130_fd_sc_hd__clkbuf_16)
                                                         clknet_1_1__leaf_clk (net)
                      0.021524    0.000141    0.149215 ^ _46_/CLK (sky130_fd_sc_hd__dfxtp_1)
     7    0.025382    0.181781    0.289561    0.438775 ^ _46_/Q (sky130_fd_sc_hd__dfxtp_1)
                                                         net4 (net)
                      0.181781    0.000261    0.439037 ^ output4/A (sky130_fd_sc_hd__buf_1)
     1    0.000376    0.017296    0.044815    0.483851 ^ output4/X (sky130_fd_sc_hd__buf_1)
                                                         counter[0] (net)
                      0.017296    0.000004    0.483855 ^ counter[0] (out)
                                              0.483855   data arrival time

                                 10.000000   10.000000   clock clk (rise edge)
                                  0.000000   10.000000   clock network delay (propagated)
                                  0.000000   10.000000   clock reconvergence pessimism
                                 -1.000000    9.000000   output external delay
                                              9.000000   data required time
---------------------------------------------------------------------------------------------
                                              9.000000   data required time
                                             -0.483855   data arrival time
---------------------------------------------------------------------------------------------
                                              8.516145   slack (MET)


Startpoint: _47_ (rising edge-triggered flip-flop clocked by clk)
Endpoint: counter[1] (output port clocked by clk)
Path Group: clk
Path Type: max

Fanout         Cap        Slew       Delay        Time   Description
---------------------------------------------------------------------------------------------
                                  0.000000    0.000000   clock clk (rise edge)
                                  0.000000    0.000000   clock source latency
     1    0.009370    0.000000    0.000000    0.000000 ^ clk (in)
                                                         clk (net)
                      0.000252    0.000126    0.000126 ^ clkbuf_0_clk/A (sky130_fd_sc_hd__clkbuf_16)
     2    0.017864    0.029707    0.074524    0.074649 ^ clkbuf_0_clk/X (sky130_fd_sc_hd__clkbuf_16)
                                                         clknet_0_clk (net)
                      0.029709    0.000426    0.075076 ^ clkbuf_1_0__f_clk/A (sky130_fd_sc_hd__clkbuf_16)
     2    0.005204    0.021129    0.073531    0.148607 ^ clkbuf_1_0__f_clk/X (sky130_fd_sc_hd__clkbuf_16)
                                                         clknet_1_0__leaf_clk (net)
                      0.021129    0.000108    0.148715 ^ _47_/CLK (sky130_fd_sc_hd__dfxtp_1)
     6    0.021680    0.156424    0.272017    0.420732 ^ _47_/Q (sky130_fd_sc_hd__dfxtp_1)
                                                         net5 (net)
                      0.156424    0.000337    0.421069 ^ output5/A (sky130_fd_sc_hd__buf_1)
     1    0.000481    0.017302    0.045922    0.466991 ^ output5/X (sky130_fd_sc_hd__buf_1)
                                                         counter[1] (net)
                      0.017302    0.000006    0.466997 ^ counter[1] (out)
                                              0.466997   data arrival time

                                 10.000000   10.000000   clock clk (rise edge)
                                  0.000000   10.000000   clock network delay (propagated)
                                  0.000000   10.000000   clock reconvergence pessimism
                                 -1.000000    9.000000   output external delay
                                              9.000000   data required time
---------------------------------------------------------------------------------------------
                                              9.000000   data required time
                                             -0.466997   data arrival time
---------------------------------------------------------------------------------------------
                                              8.533004   slack (MET)


Startpoint: _48_ (rising edge-triggered flip-flop clocked by clk)
Endpoint: counter[2] (output port clocked by clk)
Path Group: clk
Path Type: max

Fanout         Cap        Slew       Delay        Time   Description
---------------------------------------------------------------------------------------------
                                  0.000000    0.000000   clock clk (rise edge)
                                  0.000000    0.000000   clock source latency
     1    0.009370    0.000000    0.000000    0.000000 ^ clk (in)
                                                         clk (net)
                      0.000252    0.000126    0.000126 ^ clkbuf_0_clk/A (sky130_fd_sc_hd__clkbuf_16)
     2    0.017864    0.029707    0.074524    0.074649 ^ clkbuf_0_clk/X (sky130_fd_sc_hd__clkbuf_16)
                                                         clknet_0_clk (net)
                      0.029709    0.000413    0.075063 ^ clkbuf_1_1__f_clk/A (sky130_fd_sc_hd__clkbuf_16)
     2    0.005771    0.021524    0.074010    0.149073 ^ clkbuf_1_1__f_clk/X (sky130_fd_sc_hd__clkbuf_16)
                                                         clknet_1_1__leaf_clk (net)
                      0.021524    0.000168    0.149241 ^ _48_/CLK (sky130_fd_sc_hd__dfxtp_1)
     5    0.016736    0.122688    0.248337    0.397578 ^ _48_/Q (sky130_fd_sc_hd__dfxtp_1)
                                                         net6 (net)
                      0.122688    0.000382    0.397960 ^ output6/A (sky130_fd_sc_hd__buf_1)
     1    0.000524    0.016682    0.046711    0.444670 ^ output6/X (sky130_fd_sc_hd__buf_1)
                                                         counter[2] (net)
                      0.016682    0.000005    0.444676 ^ counter[2] (out)
                                              0.444676   data arrival time

                                 10.000000   10.000000   clock clk (rise edge)
                                  0.000000   10.000000   clock network delay (propagated)
                                  0.000000   10.000000   clock reconvergence pessimism
                                 -1.000000    9.000000   output external delay
                                              9.000000   data required time
---------------------------------------------------------------------------------------------
                                              9.000000   data required time
                                             -0.444676   data arrival time
---------------------------------------------------------------------------------------------
                                              8.555325   slack (MET)


Startpoint: up_down (input port clocked by clk)
Endpoint: _49_ (rising edge-triggered flip-flop clocked by clk)
Path Group: clk
Path Type: max

Fanout         Cap        Slew       Delay        Time   Description
---------------------------------------------------------------------------------------------
                                  0.000000    0.000000   clock clk (rise edge)
                                  0.000000    0.000000   clock network delay (propagated)
                                  1.000000    1.000000 v input external delay
     1    0.002557    0.000000    0.000000    1.000000 v up_down (in)
                                                         up_down (net)
                      0.000064    0.000032    1.000032 v input3/A (sky130_fd_sc_hd__buf_1)
     5    0.013188    0.055491    0.076593    1.076625 v input3/X (sky130_fd_sc_hd__buf_1)
                                                         net3 (net)
                      0.055491    0.000267    1.076892 v _41_/A1 (sky130_fd_sc_hd__o31ai_1)
     2    0.007931    0.225511    0.233722    1.310614 ^ _41_/Y (sky130_fd_sc_hd__o31ai_1)
                                                         _19_ (net)
                      0.225511    0.000333    1.310947 ^ _44_/C (sky130_fd_sc_hd__nand4_1)
     1    0.003416    0.063384    0.061882    1.372829 v _44_/Y (sky130_fd_sc_hd__nand4_1)
                                                         _22_ (net)
                      0.063384    0.000109    1.372938 v _45_/A3 (sky130_fd_sc_hd__a31o_1)
     1    0.002443    0.026237    0.144210    1.517148 v _45_/X (sky130_fd_sc_hd__a31o_1)
                                                         _03_ (net)
                      0.026237    0.000053    1.517201 v _49_/D (sky130_fd_sc_hd__dfxtp_1)
                                              1.517201   data arrival time

                                 10.000000   10.000000   clock clk (rise edge)
                                  0.000000   10.000000   clock source latency
     1    0.009370    0.000000    0.000000   10.000000 ^ clk (in)
                                                         clk (net)
                      0.000252    0.000126   10.000126 ^ clkbuf_0_clk/A (sky130_fd_sc_hd__clkbuf_16)
     2    0.017864    0.029707    0.074524   10.074650 ^ clkbuf_0_clk/X (sky130_fd_sc_hd__clkbuf_16)
                                                         clknet_0_clk (net)
                      0.029709    0.000426   10.075076 ^ clkbuf_1_0__f_clk/A (sky130_fd_sc_hd__clkbuf_16)
     2    0.005204    0.021129    0.073531   10.148606 ^ clkbuf_1_0__f_clk/X (sky130_fd_sc_hd__clkbuf_16)
                                                         clknet_1_0__leaf_clk (net)
                      0.021129    0.000124   10.148731 ^ _49_/CLK (sky130_fd_sc_hd__dfxtp_1)
                                  0.000000   10.148731   clock reconvergence pessimism
                                 -0.068990   10.079741   library setup time
                                             10.079741   data required time
---------------------------------------------------------------------------------------------
                                             10.079741   data required time
                                             -1.517201   data arrival time
---------------------------------------------------------------------------------------------
                                              8.562539   slack (MET)


Startpoint: _49_ (rising edge-triggered flip-flop clocked by clk)
Endpoint: counter[3] (output port clocked by clk)
Path Group: clk
Path Type: max

Fanout         Cap        Slew       Delay        Time   Description
---------------------------------------------------------------------------------------------
                                  0.000000    0.000000   clock clk (rise edge)
                                  0.000000    0.000000   clock source latency
     1    0.009370    0.000000    0.000000    0.000000 ^ clk (in)
                                                         clk (net)
                      0.000252    0.000126    0.000126 ^ clkbuf_0_clk/A (sky130_fd_sc_hd__clkbuf_16)
     2    0.017864    0.029707    0.074524    0.074649 ^ clkbuf_0_clk/X (sky130_fd_sc_hd__clkbuf_16)
                                                         clknet_0_clk (net)
                      0.029709    0.000426    0.075076 ^ clkbuf_1_0__f_clk/A (sky130_fd_sc_hd__clkbuf_16)
     2    0.005204    0.021129    0.073531    0.148607 ^ clkbuf_1_0__f_clk/X (sky130_fd_sc_hd__clkbuf_16)
                                                         clknet_1_0__leaf_clk (net)
                      0.021129    0.000124    0.148730 ^ _49_/CLK (sky130_fd_sc_hd__dfxtp_1)
     3    0.010691    0.081429    0.219524    0.368255 ^ _49_/Q (sky130_fd_sc_hd__dfxtp_1)
                                                         net7 (net)
                      0.081429    0.000207    0.368462 ^ output7/A (sky130_fd_sc_hd__buf_1)
     1    0.000306    0.014037    0.042638    0.411099 ^ output7/X (sky130_fd_sc_hd__buf_1)
                                                         counter[3] (net)
                      0.014037    0.000003    0.411103 ^ counter[3] (out)
                                              0.411103   data arrival time

                                 10.000000   10.000000   clock clk (rise edge)
                                  0.000000   10.000000   clock network delay (propagated)
                                  0.000000   10.000000   clock reconvergence pessimism
                                 -1.000000    9.000000   output external delay
                                              9.000000   data required time
---------------------------------------------------------------------------------------------
                                              9.000000   data required time
                                             -0.411103   data arrival time
---------------------------------------------------------------------------------------------
                                              8.588898   slack (MET)


Startpoint: up_down (input port clocked by clk)
Endpoint: _47_ (rising edge-triggered flip-flop clocked by clk)
Path Group: clk
Path Type: max

Fanout         Cap        Slew       Delay        Time   Description
---------------------------------------------------------------------------------------------
                                  0.000000    0.000000   clock clk (rise edge)
                                  0.000000    0.000000   clock network delay (propagated)
                                  1.000000    1.000000 ^ input external delay
     1    0.002745    0.000000    0.000000    1.000000 ^ up_down (in)
                                                         up_down (net)
                      0.000069    0.000035    1.000035 ^ input3/A (sky130_fd_sc_hd__buf_1)
     5    0.014061    0.127175    0.109586    1.109621 ^ input3/X (sky130_fd_sc_hd__buf_1)
                                                         net3 (net)
                      0.127176    0.000245    1.109866 ^ _30_/A (sky130_fd_sc_hd__or2_1)
     2    0.008254    0.065208    0.103582    1.213448 ^ _30_/X (sky130_fd_sc_hd__or2_1)
                                                         _10_ (net)
                      0.065208    0.000242    1.213691 ^ _32_/A (sky130_fd_sc_hd__nand2_1)
     1    0.003356    0.028241    0.031824    1.245515 v _32_/Y (sky130_fd_sc_hd__nand2_1)
                                                         _12_ (net)
                      0.028241    0.000107    1.245622 v _34_/A3 (sky130_fd_sc_hd__a31o_1)
     1    0.002486    0.026662    0.130779    1.376401 v _34_/X (sky130_fd_sc_hd__a31o_1)
                                                         _01_ (net)
                      0.026662    0.000073    1.376474 v _47_/D (sky130_fd_sc_hd__dfxtp_1)
                                              1.376474   data arrival time

                                 10.000000   10.000000   clock clk (rise edge)
                                  0.000000   10.000000   clock source latency
     1    0.009370    0.000000    0.000000   10.000000 ^ clk (in)
                                                         clk (net)
                      0.000252    0.000126   10.000126 ^ clkbuf_0_clk/A (sky130_fd_sc_hd__clkbuf_16)
     2    0.017864    0.029707    0.074524   10.074650 ^ clkbuf_0_clk/X (sky130_fd_sc_hd__clkbuf_16)
                                                         clknet_0_clk (net)
                      0.029709    0.000426   10.075076 ^ clkbuf_1_0__f_clk/A (sky130_fd_sc_hd__clkbuf_16)
     2    0.005204    0.021129    0.073531   10.148606 ^ clkbuf_1_0__f_clk/X (sky130_fd_sc_hd__clkbuf_16)
                                                         clknet_1_0__leaf_clk (net)
                      0.021129    0.000108   10.148715 ^ _47_/CLK (sky130_fd_sc_hd__dfxtp_1)
                                  0.000000   10.148715   clock reconvergence pessimism
                                 -0.069142   10.079573   library setup time
                                             10.079573   data required time
---------------------------------------------------------------------------------------------
                                             10.079573   data required time
                                             -1.376474   data arrival time
---------------------------------------------------------------------------------------------
                                              8.703099   slack (MET)


Startpoint: up_down (input port clocked by clk)
Endpoint: _48_ (rising edge-triggered flip-flop clocked by clk)
Path Group: clk
Path Type: max

Fanout         Cap        Slew       Delay        Time   Description
---------------------------------------------------------------------------------------------
                                  0.000000    0.000000   clock clk (rise edge)
                                  0.000000    0.000000   clock network delay (propagated)
                                  1.000000    1.000000 v input external delay
     1    0.002557    0.000000    0.000000    1.000000 v up_down (in)
                                                         up_down (net)
                      0.000064    0.000032    1.000032 v input3/A (sky130_fd_sc_hd__buf_1)
     5    0.013188    0.055491    0.076593    1.076625 v input3/X (sky130_fd_sc_hd__buf_1)
                                                         net3 (net)
                      0.055491    0.000229    1.076854 v _30_/A (sky130_fd_sc_hd__or2_1)
     2    0.007800    0.048722    0.158396    1.235250 v _30_/X (sky130_fd_sc_hd__or2_1)
                                                         _10_ (net)
                      0.048722    0.000216    1.235466 v _38_/A (sky130_fd_sc_hd__xnor2_1)
     1    0.002893    0.083406    0.104920    1.340386 ^ _38_/Y (sky130_fd_sc_hd__xnor2_1)
                                                         _17_ (net)
                      0.083406    0.000084    1.340470 ^ _40_/A2 (sky130_fd_sc_hd__o21ai_1)
     1    0.002142    0.026277    0.033713    1.374183 v _40_/Y (sky130_fd_sc_hd__o21ai_1)
                                                         _02_ (net)
                      0.026277    0.000043    1.374226 v _48_/D (sky130_fd_sc_hd__dfxtp_1)
                                              1.374226   data arrival time

                                 10.000000   10.000000   clock clk (rise edge)
                                  0.000000   10.000000   clock source latency
     1    0.009370    0.000000    0.000000   10.000000 ^ clk (in)
                                                         clk (net)
                      0.000252    0.000126   10.000126 ^ clkbuf_0_clk/A (sky130_fd_sc_hd__clkbuf_16)
     2    0.017864    0.029707    0.074524   10.074650 ^ clkbuf_0_clk/X (sky130_fd_sc_hd__clkbuf_16)
                                                         clknet_0_clk (net)
                      0.029709    0.000413   10.075063 ^ clkbuf_1_1__f_clk/A (sky130_fd_sc_hd__clkbuf_16)
     2    0.005771    0.021524    0.074010   10.149073 ^ clkbuf_1_1__f_clk/X (sky130_fd_sc_hd__clkbuf_16)
                                                         clknet_1_1__leaf_clk (net)
                      0.021524    0.000168   10.149240 ^ _48_/CLK (sky130_fd_sc_hd__dfxtp_1)
                                  0.000000   10.149240   clock reconvergence pessimism
                                 -0.068967   10.080274   library setup time
                                             10.080274   data required time
---------------------------------------------------------------------------------------------
                                             10.080274   data required time
                                             -1.374226   data arrival time
---------------------------------------------------------------------------------------------
                                              8.706048   slack (MET)


Startpoint: enable (input port clocked by clk)
Endpoint: _46_ (rising edge-triggered flip-flop clocked by clk)
Path Group: clk
Path Type: max

Fanout         Cap        Slew       Delay        Time   Description
---------------------------------------------------------------------------------------------
                                  0.000000    0.000000   clock clk (rise edge)
                                  0.000000    0.000000   clock network delay (propagated)
                                  1.000000    1.000000 ^ input external delay
     1    0.002666    0.000000    0.000000    1.000000 ^ enable (in)
                                                         enable (net)
                      0.000066    0.000033    1.000033 ^ input1/A (sky130_fd_sc_hd__buf_1)
     5    0.016338    0.146556    0.122893    1.122926 ^ input1/X (sky130_fd_sc_hd__buf_1)
                                                         net1 (net)
                      0.146557    0.000210    1.123136 ^ _26_/A (sky130_fd_sc_hd__nor2_1)
     3    0.009995    0.059231    0.062256    1.185392 v _26_/Y (sky130_fd_sc_hd__nor2_1)
                                                         _07_ (net)
                      0.059253    0.000304    1.185695 v _27_/A2 (sky130_fd_sc_hd__a21oi_1)
     1    0.003620    0.087255    0.111900    1.297596 ^ _27_/Y (sky130_fd_sc_hd__a21oi_1)
                                                         _08_ (net)
                      0.087255    0.000124    1.297719 ^ _28_/B1 (sky130_fd_sc_hd__o21ai_1)
     1    0.002504    0.044945    0.026908    1.324627 v _28_/Y (sky130_fd_sc_hd__o21ai_1)
                                                         _00_ (net)
                      0.044945    0.000075    1.324703 v _46_/D (sky130_fd_sc_hd__dfxtp_1)
                                              1.324703   data arrival time

                                 10.000000   10.000000   clock clk (rise edge)
                                  0.000000   10.000000   clock source latency
     1    0.009370    0.000000    0.000000   10.000000 ^ clk (in)
                                                         clk (net)
                      0.000252    0.000126   10.000126 ^ clkbuf_0_clk/A (sky130_fd_sc_hd__clkbuf_16)
     2    0.017864    0.029707    0.074524   10.074650 ^ clkbuf_0_clk/X (sky130_fd_sc_hd__clkbuf_16)
                                                         clknet_0_clk (net)
                      0.029709    0.000413   10.075063 ^ clkbuf_1_1__f_clk/A (sky130_fd_sc_hd__clkbuf_16)
     2    0.005771    0.021524    0.074010   10.149073 ^ clkbuf_1_1__f_clk/X (sky130_fd_sc_hd__clkbuf_16)
                                                         clknet_1_1__leaf_clk (net)
                      0.021524    0.000142   10.149215 ^ _46_/CLK (sky130_fd_sc_hd__dfxtp_1)
                                  0.000000   10.149215   clock reconvergence pessimism
                                 -0.075637   10.073579   library setup time
                                             10.073579   data required time
---------------------------------------------------------------------------------------------
                                             10.073579   data required time
                                             -1.324703   data arrival time
---------------------------------------------------------------------------------------------
                                              8.748877   slack (MET)



