
===========================================================================
report_checks -unconstrained
===========================================================================
======================= min_ss_100C_1v60 Corner ===================================

Startpoint: up_down (input port clocked by clk)
Endpoint: _49_ (rising edge-triggered flip-flop clocked by clk)
Path Group: clk
Path Type: max

Fanout         Cap        Slew       Delay        Time   Description
---------------------------------------------------------------------------------------------
                                  0.000000    0.000000   clock clk (rise edge)
                                  0.000000    0.000000   clock network delay (propagated)
                                  2.000000    2.000000 v input external delay
     1    0.002453    0.000000    0.000000    2.000000 v up_down (in)
                                                         up_down (net)
                      0.000019    0.000010    2.000010 v input3/A (sky130_fd_sc_hd__buf_1)
     5    0.011992    0.145100    0.206969    2.206979 v input3/X (sky130_fd_sc_hd__buf_1)
                                                         net3 (net)
                      0.145100    0.000171    2.207150 v _41_/A1 (sky130_fd_sc_hd__o31ai_1)
     2    0.006876    0.528413    0.589450    2.796599 ^ _41_/Y (sky130_fd_sc_hd__o31ai_1)
                                                         _19_ (net)
                      0.528413    0.000039    2.796638 ^ _44_/C (sky130_fd_sc_hd__nand4_1)
     1    0.002992    0.197875    0.350667    3.147305 v _44_/Y (sky130_fd_sc_hd__nand4_1)
                                                         _22_ (net)
                      0.197875    0.000034    3.147339 v _45_/A3 (sky130_fd_sc_hd__a31o_1)
     1    0.002268    0.061298    0.433409    3.580748 v _45_/X (sky130_fd_sc_hd__a31o_1)
                                                         _03_ (net)
                      0.061298    0.000016    3.580764 v _49_/D (sky130_fd_sc_hd__dfxtp_1)
                                              3.580764   data arrival time

                                 10.000000   10.000000   clock clk (rise edge)
                                  0.000000   10.000000   clock source latency
     1    0.009620    0.000000    0.000000   10.000000 ^ clk (in)
                                                         clk (net)
                      0.000087    0.000044   10.000044 ^ clkbuf_0_clk/A (sky130_fd_sc_hd__clkbuf_16)
     2    0.017771    0.064510    0.188185   10.188229 ^ clkbuf_0_clk/X (sky130_fd_sc_hd__clkbuf_16)
                                                         clknet_0_clk (net)
                      0.064510    0.000154   10.188382 ^ clkbuf_1_0__f_clk/A (sky130_fd_sc_hd__clkbuf_16)
     2    0.004539    0.047168    0.194776   10.383158 ^ clkbuf_1_0__f_clk/X (sky130_fd_sc_hd__clkbuf_16)
                                                         clknet_1_0__leaf_clk (net)
                      0.047168    0.000038   10.383196 ^ _49_/CLK (sky130_fd_sc_hd__dfxtp_1)
                                  0.000000   10.383196   clock reconvergence pessimism
                                 -0.271511   10.111684   library setup time
                                             10.111684   data required time
---------------------------------------------------------------------------------------------
                                             10.111684   data required time
                                             -3.580764   data arrival time
---------------------------------------------------------------------------------------------
                                              6.530921   slack (MET)




===========================================================================
report_checks --slack_max -0.01
============================================================================
======================= min_ss_100C_1v60 Corner ===================================

No paths found.


===========================================================================
 report_check_types -max_slew -max_cap -max_fanout -violators
============================================================================
======================= min_ss_100C_1v60 Corner ===================================



===========================================================================
report_parasitic_annotation -report_unannotated
============================================================================
Found 0 unannotated drivers.
Found 0 partially unannotated drivers.

===========================================================================
max slew violation count 0
max fanout violation count 0
max cap violation count 0
============================================================================

===========================================================================
check_setup -verbose -unconstrained_endpoints -multiple_clock -no_clock -no_input_delay -loops -generated_clocks
===========================================================================
