Clock: clk
Sources: clk 
Generated: no
Virtual: yes
Propagated: no
Period: 10.000000

===========================================================================
report_clock_properties
============================================================================
Clock                   Period          Waveform
----------------------------------------------------
clk                  10.000000    0.000000  5.000000

===========================================================================
report_clock_latency
============================================================================
Clock clk
rise -> rise
    min     max
0.000000 0.000000 source latency
0.190986         network latency _46_/CLK
        0.192302 network latency _47_/CLK
---------------
0.190986 0.192302 latency
        0.001316 skew

fall -> fall
    min     max
0.000000 0.000000 source latency
0.190723         network latency _46_/CLK
        0.191974 network latency _47_/CLK
---------------
0.190723 0.191974 latency
        0.001251 skew



===========================================================================
report_clock_min_period
============================================================================
clk period_min = 1.45 fmax = 687.88
