
===========================================================================
report_checks -path_delay max (Setup)
============================================================================
======================= max_ff_n40C_1v95 Corner ===================================

Startpoint: up_down (input port clocked by clk)
Endpoint: _49_ (rising edge-triggered flip-flop clocked by clk)
Path Group: clk
Path Type: max

Fanout         Cap        Slew       Delay        Time   Description
---------------------------------------------------------------------------------------------
                                  0.000000    0.000000   clock clk (rise edge)
                                  0.000000    0.000000   clock network delay (propagated)
                                  2.000000    2.000000 v input external delay
     1    0.003072    0.005113    0.002562    2.002562 v up_down (in)
                                                         up_down (net)
                      0.005122    0.000000    2.002562 v input3/A (sky130_fd_sc_hd__buf_1)
     5    0.012248    0.052180    0.075594    2.078156 v input3/X (sky130_fd_sc_hd__buf_1)
                                                         net3 (net)
                      0.052185    0.000568    2.078724 v _41_/A1 (sky130_fd_sc_hd__o31ai_1)
     2    0.005919    0.187674    0.203467    2.282190 ^ _41_/Y (sky130_fd_sc_hd__o31ai_1)
                                                         _19_ (net)
                      0.187674    0.000285    2.282475 ^ _44_/C (sky130_fd_sc_hd__nand4_1)
     1    0.003475    0.058242    0.061500    2.343975 v _44_/Y (sky130_fd_sc_hd__nand4_1)
                                                         _22_ (net)
                      0.058242    0.000264    2.344239 v _45_/A3 (sky130_fd_sc_hd__a31o_1)
     1    0.002549    0.026540    0.142747    2.486986 v _45_/X (sky130_fd_sc_hd__a31o_1)
                                                         _03_ (net)
                      0.026540    0.000160    2.487147 v hold4/A (sky130_fd_sc_hd__dlygate4sd3_1)
     1    0.002020    0.035365    0.353507    2.840654 v hold4/X (sky130_fd_sc_hd__dlygate4sd3_1)
                                                         net11 (net)
                      0.035365    0.000091    2.840745 v _49_/D (sky130_fd_sc_hd__dfxtp_1)
                                              2.840745   data arrival time

                                 10.000000   10.000000   clock clk (rise edge)
                                  0.000000   10.000000   clock source latency
     1    0.010949    0.041757    0.027540   10.027540 ^ clk (in)
                                                         clk (net)
                      0.041765    0.000000   10.027540 ^ clkbuf_0_clk/A (sky130_fd_sc_hd__clkbuf_16)
     2    0.019150    0.030644    0.086668   10.114208 ^ clkbuf_0_clk/X (sky130_fd_sc_hd__clkbuf_16)
                                                         clknet_0_clk (net)
                      0.030664    0.001249   10.115458 ^ clkbuf_1_1__f_clk/A (sky130_fd_sc_hd__clkbuf_16)
     2    0.008389    0.023444    0.076408   10.191865 ^ clkbuf_1_1__f_clk/X (sky130_fd_sc_hd__clkbuf_16)
                                                         clknet_1_1__leaf_clk (net)
                      0.023445    0.000377   10.192242 ^ _49_/CLK (sky130_fd_sc_hd__dfxtp_1)
                                 -0.250000    9.942242   clock uncertainty
                                  0.000000    9.942242   clock reconvergence pessimism
                                 -0.072029    9.870214   library setup time
                                              9.870214   data required time
---------------------------------------------------------------------------------------------
                                              9.870214   data required time
                                             -2.840745   data arrival time
---------------------------------------------------------------------------------------------
                                              7.029469   slack (MET)


Startpoint: _46_ (rising edge-triggered flip-flop clocked by clk)
Endpoint: counter[0] (output port clocked by clk)
Path Group: clk
Path Type: max

Fanout         Cap        Slew       Delay        Time   Description
---------------------------------------------------------------------------------------------
                                  0.000000    0.000000   clock clk (rise edge)
                                  0.000000    0.000000   clock source latency
     1    0.010949    0.041757    0.027539    0.027539 ^ clk (in)
                                                         clk (net)
                      0.041765    0.000000    0.027539 ^ clkbuf_0_clk/A (sky130_fd_sc_hd__clkbuf_16)
     2    0.019150    0.030644    0.086669    0.114208 ^ clkbuf_0_clk/X (sky130_fd_sc_hd__clkbuf_16)
                                                         clknet_0_clk (net)
                      0.030662    0.001197    0.115405 ^ clkbuf_1_0__f_clk/A (sky130_fd_sc_hd__clkbuf_16)
     2    0.006889    0.022308    0.075194    0.190599 ^ clkbuf_1_0__f_clk/X (sky130_fd_sc_hd__clkbuf_16)
                                                         clknet_1_0__leaf_clk (net)
                      0.022310    0.000387    0.190986 ^ _46_/CLK (sky130_fd_sc_hd__dfxtp_1)
     7    0.025795    0.184786    0.290862    0.481848 ^ _46_/Q (sky130_fd_sc_hd__dfxtp_1)
                                                         net4 (net)
                      0.184796    0.001526    0.483374 ^ output4/A (sky130_fd_sc_hd__buf_2)
     1    0.034705    0.129655    0.166622    0.649996 ^ output4/X (sky130_fd_sc_hd__buf_2)
                                                         counter[0] (net)
                      0.129734    0.001810    0.651806 ^ counter[0] (out)
                                              0.651806   data arrival time

                                 10.000000   10.000000   clock clk (rise edge)
                                  0.000000   10.000000   clock network delay (propagated)
                                 -0.250000    9.750000   clock uncertainty
                                  0.000000    9.750000   clock reconvergence pessimism
                                 -2.000000    7.750000   output external delay
                                              7.750000   data required time
---------------------------------------------------------------------------------------------
                                              7.750000   data required time
                                             -0.651806   data arrival time
---------------------------------------------------------------------------------------------
                                              7.098193   slack (MET)


Startpoint: _47_ (rising edge-triggered flip-flop clocked by clk)
Endpoint: counter[1] (output port clocked by clk)
Path Group: clk
Path Type: max

Fanout         Cap        Slew       Delay        Time   Description
---------------------------------------------------------------------------------------------
                                  0.000000    0.000000   clock clk (rise edge)
                                  0.000000    0.000000   clock source latency
     1    0.010949    0.041757    0.027539    0.027539 ^ clk (in)
                                                         clk (net)
                      0.041765    0.000000    0.027539 ^ clkbuf_0_clk/A (sky130_fd_sc_hd__clkbuf_16)
     2    0.019150    0.030644    0.086669    0.114208 ^ clkbuf_0_clk/X (sky130_fd_sc_hd__clkbuf_16)
                                                         clknet_0_clk (net)
                      0.030664    0.001248    0.115457 ^ clkbuf_1_1__f_clk/A (sky130_fd_sc_hd__clkbuf_16)
     2    0.008389    0.023444    0.076408    0.191865 ^ clkbuf_1_1__f_clk/X (sky130_fd_sc_hd__clkbuf_16)
                                                         clknet_1_1__leaf_clk (net)
                      0.023446    0.000438    0.192302 ^ _47_/CLK (sky130_fd_sc_hd__dfxtp_1)
     6    0.024910    0.178704    0.287115    0.479417 ^ _47_/Q (sky130_fd_sc_hd__dfxtp_1)
                                                         net5 (net)
                      0.178704    0.000715    0.480132 ^ output5/A (sky130_fd_sc_hd__buf_2)
     1    0.035149    0.131169    0.167013    0.647145 ^ output5/X (sky130_fd_sc_hd__buf_2)
                                                         counter[1] (net)
                      0.131253    0.001917    0.649062 ^ counter[1] (out)
                                              0.649062   data arrival time

                                 10.000000   10.000000   clock clk (rise edge)
                                  0.000000   10.000000   clock network delay (propagated)
                                 -0.250000    9.750000   clock uncertainty
                                  0.000000    9.750000   clock reconvergence pessimism
                                 -2.000000    7.750000   output external delay
                                              7.750000   data required time
---------------------------------------------------------------------------------------------
                                              7.750000   data required time
                                             -0.649062   data arrival time
---------------------------------------------------------------------------------------------
                                              7.100938   slack (MET)


Startpoint: _48_ (rising edge-triggered flip-flop clocked by clk)
Endpoint: counter[2] (output port clocked by clk)
Path Group: clk
Path Type: max

Fanout         Cap        Slew       Delay        Time   Description
---------------------------------------------------------------------------------------------
                                  0.000000    0.000000   clock clk (rise edge)
                                  0.000000    0.000000   clock source latency
     1    0.010949    0.041757    0.027539    0.027539 ^ clk (in)
                                                         clk (net)
                      0.041765    0.000000    0.027539 ^ clkbuf_0_clk/A (sky130_fd_sc_hd__clkbuf_16)
     2    0.019150    0.030644    0.086669    0.114208 ^ clkbuf_0_clk/X (sky130_fd_sc_hd__clkbuf_16)
                                                         clknet_0_clk (net)
                      0.030662    0.001197    0.115405 ^ clkbuf_1_0__f_clk/A (sky130_fd_sc_hd__clkbuf_16)
     2    0.006889    0.022308    0.075194    0.190599 ^ clkbuf_1_0__f_clk/X (sky130_fd_sc_hd__clkbuf_16)
                                                         clknet_1_0__leaf_clk (net)
                      0.022310    0.000418    0.191017 ^ _48_/CLK (sky130_fd_sc_hd__dfxtp_1)
     5    0.017200    0.125900    0.250565    0.441582 ^ _48_/Q (sky130_fd_sc_hd__dfxtp_1)
                                                         net6 (net)
                      0.125902    0.000721    0.442302 ^ output6/A (sky130_fd_sc_hd__buf_2)
     1    0.035034    0.130519    0.161342    0.603645 ^ output6/X (sky130_fd_sc_hd__buf_2)
                                                         counter[2] (net)
                      0.130598    0.001816    0.605461 ^ counter[2] (out)
                                              0.605461   data arrival time

                                 10.000000   10.000000   clock clk (rise edge)
                                  0.000000   10.000000   clock network delay (propagated)
                                 -0.250000    9.750000   clock uncertainty
                                  0.000000    9.750000   clock reconvergence pessimism
                                 -2.000000    7.750000   output external delay
                                              7.750000   data required time
---------------------------------------------------------------------------------------------
                                              7.750000   data required time
                                             -0.605461   data arrival time
---------------------------------------------------------------------------------------------
                                              7.144539   slack (MET)


Startpoint: _49_ (rising edge-triggered flip-flop clocked by clk)
Endpoint: counter[3] (output port clocked by clk)
Path Group: clk
Path Type: max

Fanout         Cap        Slew       Delay        Time   Description
---------------------------------------------------------------------------------------------
                                  0.000000    0.000000   clock clk (rise edge)
                                  0.000000    0.000000   clock source latency
     1    0.010949    0.041757    0.027539    0.027539 ^ clk (in)
                                                         clk (net)
                      0.041765    0.000000    0.027539 ^ clkbuf_0_clk/A (sky130_fd_sc_hd__clkbuf_16)
     2    0.019150    0.030644    0.086669    0.114208 ^ clkbuf_0_clk/X (sky130_fd_sc_hd__clkbuf_16)
                                                         clknet_0_clk (net)
                      0.030664    0.001248    0.115457 ^ clkbuf_1_1__f_clk/A (sky130_fd_sc_hd__clkbuf_16)
     2    0.008389    0.023444    0.076408    0.191865 ^ clkbuf_1_1__f_clk/X (sky130_fd_sc_hd__clkbuf_16)
                                                         clknet_1_1__leaf_clk (net)
                      0.023445    0.000377    0.192242 ^ _49_/CLK (sky130_fd_sc_hd__dfxtp_1)
     3    0.008231    0.065039    0.208164    0.400406 ^ _49_/Q (sky130_fd_sc_hd__dfxtp_1)
                                                         net7 (net)
                      0.065040    0.000407    0.400812 ^ output7/A (sky130_fd_sc_hd__buf_2)
     1    0.034183    0.127571    0.145785    0.546597 ^ output7/X (sky130_fd_sc_hd__buf_2)
                                                         counter[3] (net)
                      0.127605    0.001711    0.548309 ^ counter[3] (out)
                                              0.548309   data arrival time

                                 10.000000   10.000000   clock clk (rise edge)
                                  0.000000   10.000000   clock network delay (propagated)
                                 -0.250000    9.750000   clock uncertainty
                                  0.000000    9.750000   clock reconvergence pessimism
                                 -2.000000    7.750000   output external delay
                                              7.750000   data required time
---------------------------------------------------------------------------------------------
                                              7.750000   data required time
                                             -0.548309   data arrival time
---------------------------------------------------------------------------------------------
                                              7.201692   slack (MET)


Startpoint: up_down (input port clocked by clk)
Endpoint: _47_ (rising edge-triggered flip-flop clocked by clk)
Path Group: clk
Path Type: max

Fanout         Cap        Slew       Delay        Time   Description
---------------------------------------------------------------------------------------------
                                  0.000000    0.000000   clock clk (rise edge)
                                  0.000000    0.000000   clock network delay (propagated)
                                  2.000000    2.000000 ^ input external delay
     1    0.003260    0.015567    0.008493    2.008492 ^ up_down (in)
                                                         up_down (net)
                      0.015569    0.000000    2.008492 ^ input3/A (sky130_fd_sc_hd__buf_1)
     5    0.013121    0.119131    0.108306    2.116799 ^ input3/X (sky130_fd_sc_hd__buf_1)
                                                         net3 (net)
                      0.119134    0.000467    2.117266 ^ _30_/A (sky130_fd_sc_hd__or2_1)
     2    0.008681    0.068034    0.104632    2.221898 ^ _30_/X (sky130_fd_sc_hd__or2_1)
                                                         _10_ (net)
                      0.068036    0.000455    2.222353 ^ _32_/A (sky130_fd_sc_hd__nand2_1)
     1    0.003190    0.028169    0.031174    2.253527 v _32_/Y (sky130_fd_sc_hd__nand2_1)
                                                         _12_ (net)
                      0.028171    0.000213    2.253740 v _34_/A3 (sky130_fd_sc_hd__a31o_1)
     1    0.004240    0.032228    0.138567    2.392307 v _34_/X (sky130_fd_sc_hd__a31o_1)
                                                         _01_ (net)
                      0.032228    0.000290    2.392596 v _47_/D (sky130_fd_sc_hd__dfxtp_1)
                                              2.392596   data arrival time

                                 10.000000   10.000000   clock clk (rise edge)
                                  0.000000   10.000000   clock source latency
     1    0.010949    0.041757    0.027540   10.027540 ^ clk (in)
                                                         clk (net)
                      0.041765    0.000000   10.027540 ^ clkbuf_0_clk/A (sky130_fd_sc_hd__clkbuf_16)
     2    0.019150    0.030644    0.086668   10.114208 ^ clkbuf_0_clk/X (sky130_fd_sc_hd__clkbuf_16)
                                                         clknet_0_clk (net)
                      0.030664    0.001249   10.115458 ^ clkbuf_1_1__f_clk/A (sky130_fd_sc_hd__clkbuf_16)
     2    0.008389    0.023444    0.076408   10.191865 ^ clkbuf_1_1__f_clk/X (sky130_fd_sc_hd__clkbuf_16)
                                                         clknet_1_1__leaf_clk (net)
                      0.023446    0.000437   10.192303 ^ _47_/CLK (sky130_fd_sc_hd__dfxtp_1)
                                 -0.250000    9.942303   clock uncertainty
                                  0.000000    9.942303   clock reconvergence pessimism
                                 -0.070908    9.871395   library setup time
                                              9.871395   data required time
---------------------------------------------------------------------------------------------
                                              9.871395   data required time
                                             -2.392596   data arrival time
---------------------------------------------------------------------------------------------
                                              7.478798   slack (MET)


Startpoint: up_down (input port clocked by clk)
Endpoint: _48_ (rising edge-triggered flip-flop clocked by clk)
Path Group: clk
Path Type: max

Fanout         Cap        Slew       Delay        Time   Description
---------------------------------------------------------------------------------------------
                                  0.000000    0.000000   clock clk (rise edge)
                                  0.000000    0.000000   clock network delay (propagated)
                                  2.000000    2.000000 v input external delay
     1    0.003072    0.005113    0.002562    2.002562 v up_down (in)
                                                         up_down (net)
                      0.005122    0.000000    2.002562 v input3/A (sky130_fd_sc_hd__buf_1)
     5    0.012248    0.052180    0.075594    2.078156 v input3/X (sky130_fd_sc_hd__buf_1)
                                                         net3 (net)
                      0.052182    0.000436    2.078592 v _30_/A (sky130_fd_sc_hd__or2_1)
     2    0.008227    0.050295    0.158771    2.237364 v _30_/X (sky130_fd_sc_hd__or2_1)
                                                         _10_ (net)
                      0.050300    0.000527    2.237890 v _38_/A (sky130_fd_sc_hd__xnor2_1)
     1    0.003098    0.086154    0.107643    2.345533 ^ _38_/Y (sky130_fd_sc_hd__xnor2_1)
                                                         _17_ (net)
                      0.086154    0.000220    2.345753 ^ _40_/A2 (sky130_fd_sc_hd__o21ai_1)
     1    0.003228    0.032100    0.039477    2.385230 v _40_/Y (sky130_fd_sc_hd__o21ai_1)
                                                         _02_ (net)
                      0.032100    0.000198    2.385428 v _48_/D (sky130_fd_sc_hd__dfxtp_1)
                                              2.385428   data arrival time

                                 10.000000   10.000000   clock clk (rise edge)
                                  0.000000   10.000000   clock source latency
     1    0.010949    0.041757    0.027540   10.027540 ^ clk (in)
                                                         clk (net)
                      0.041765    0.000000   10.027540 ^ clkbuf_0_clk/A (sky130_fd_sc_hd__clkbuf_16)
     2    0.019150    0.030644    0.086668   10.114208 ^ clkbuf_0_clk/X (sky130_fd_sc_hd__clkbuf_16)
                                                         clknet_0_clk (net)
                      0.030662    0.001197   10.115406 ^ clkbuf_1_0__f_clk/A (sky130_fd_sc_hd__clkbuf_16)
     2    0.006889    0.022308    0.075194   10.190599 ^ clkbuf_1_0__f_clk/X (sky130_fd_sc_hd__clkbuf_16)
                                                         clknet_1_0__leaf_clk (net)
                      0.022310    0.000417   10.191017 ^ _48_/CLK (sky130_fd_sc_hd__dfxtp_1)
                                 -0.250000    9.941017   clock uncertainty
                                  0.000000    9.941017   clock reconvergence pessimism
                                 -0.070971    9.870046   library setup time
                                              9.870046   data required time
---------------------------------------------------------------------------------------------
                                              9.870046   data required time
                                             -2.385428   data arrival time
---------------------------------------------------------------------------------------------
                                              7.484618   slack (MET)


Startpoint: reset (input port clocked by clk)
Endpoint: _46_ (rising edge-triggered flip-flop clocked by clk)
Path Group: clk
Path Type: max

Fanout         Cap        Slew       Delay        Time   Description
---------------------------------------------------------------------------------------------
                                  0.000000    0.000000   clock clk (rise edge)
                                  0.000000    0.000000   clock network delay (propagated)
                                  2.000000    2.000000 ^ input external delay
     1    0.003591    0.016758    0.009361    2.009361 ^ reset (in)
                                                         reset (net)
                      0.016760    0.000000    2.009361 ^ input2/A (sky130_fd_sc_hd__buf_1)
     2    0.009140    0.085280    0.085433    2.094795 ^ input2/X (sky130_fd_sc_hd__buf_1)
                                                         net2 (net)
                      0.085288    0.000681    2.095475 ^ _23_/A (sky130_fd_sc_hd__inv_2)
     4    0.012777    0.036151    0.035769    2.131244 v _23_/Y (sky130_fd_sc_hd__inv_2)
                                                         _04_ (net)
                      0.036179    0.000848    2.132092 v _25_/A (sky130_fd_sc_hd__nor2_1)
     4    0.015591    0.205172    0.177478    2.309569 ^ _25_/Y (sky130_fd_sc_hd__nor2_1)
                                                         _06_ (net)
                      0.205179    0.001023    2.310592 ^ _27_/B1 (sky130_fd_sc_hd__a21oi_1)
     1    0.002159    0.048153    0.017896    2.328488 v _27_/Y (sky130_fd_sc_hd__a21oi_1)
                                                         _08_ (net)
                      0.048153    0.000099    2.328587 v _28_/B1 (sky130_fd_sc_hd__o21ai_1)
     1    0.002146    0.063207    0.047913    2.376501 ^ _28_/Y (sky130_fd_sc_hd__o21ai_1)
                                                         _00_ (net)
                      0.063207    0.000155    2.376656 ^ _46_/D (sky130_fd_sc_hd__dfxtp_1)
                                              2.376656   data arrival time

                                 10.000000   10.000000   clock clk (rise edge)
                                  0.000000   10.000000   clock source latency
     1    0.010949    0.041757    0.027540   10.027540 ^ clk (in)
                                                         clk (net)
                      0.041765    0.000000   10.027540 ^ clkbuf_0_clk/A (sky130_fd_sc_hd__clkbuf_16)
     2    0.019150    0.030644    0.086668   10.114208 ^ clkbuf_0_clk/X (sky130_fd_sc_hd__clkbuf_16)
                                                         clknet_0_clk (net)
                      0.030662    0.001197   10.115406 ^ clkbuf_1_0__f_clk/A (sky130_fd_sc_hd__clkbuf_16)
     2    0.006889    0.022308    0.075194   10.190599 ^ clkbuf_1_0__f_clk/X (sky130_fd_sc_hd__clkbuf_16)
                                                         clknet_1_0__leaf_clk (net)
                      0.022310    0.000386   10.190986 ^ _46_/CLK (sky130_fd_sc_hd__dfxtp_1)
                                 -0.250000    9.940986   clock uncertainty
                                  0.000000    9.940986   clock reconvergence pessimism
                                 -0.032096    9.908890   library setup time
                                              9.908890   data required time
---------------------------------------------------------------------------------------------
                                              9.908890   data required time
                                             -2.376656   data arrival time
---------------------------------------------------------------------------------------------
                                              7.532234   slack (MET)



