
===========================================================================
report_checks -path_delay min (Hold)
============================================================================
======================= nom_ff_n40C_1v95 Corner ===================================

Startpoint: _46_ (rising edge-triggered flip-flop clocked by clk)
Endpoint: _46_ (rising edge-triggered flip-flop clocked by clk)
Path Group: clk
Path Type: min

Fanout         Cap        Slew       Delay        Time   Description
---------------------------------------------------------------------------------------------
                                  0.000000    0.000000   clock clk (rise edge)
                                  0.000000    0.000000   clock source latency
     4    0.007800    0.031982    0.019703    0.019703 ^ clk (in)
                                                         clk (net)
                      0.031982    0.000000    0.019703 ^ _46_/CLK (sky130_fd_sc_hd__dfxtp_2)
     7    0.061463    0.102314    0.271232    0.290935 v _46_/Q (sky130_fd_sc_hd__dfxtp_2)
                                                         counter[0] (net)
                      0.102314    0.000000    0.290935 v _28_/A1 (sky130_fd_sc_hd__o21ai_2)
     1    0.001748    0.018894    0.100571    0.391506 ^ _28_/Y (sky130_fd_sc_hd__o21ai_2)
                                                         _00_ (net)
                      0.018894    0.000000    0.391506 ^ _46_/D (sky130_fd_sc_hd__dfxtp_2)
                                              0.391506   data arrival time

                                  0.000000    0.000000   clock clk (rise edge)
                                  0.000000    0.000000   clock source latency
     4    0.007800    0.031982    0.019703    0.019703 ^ clk (in)
                                                         clk (net)
                      0.031982    0.000000    0.019703 ^ _46_/CLK (sky130_fd_sc_hd__dfxtp_2)
                                  0.250000    0.269703   clock uncertainty
                                  0.000000    0.269703   clock reconvergence pessimism
                                 -0.016420    0.253283   library hold time
                                              0.253283   data required time
---------------------------------------------------------------------------------------------
                                              0.253283   data required time
                                             -0.391506   data arrival time
---------------------------------------------------------------------------------------------
                                              0.138222   slack (MET)


Startpoint: _48_ (rising edge-triggered flip-flop clocked by clk)
Endpoint: _48_ (rising edge-triggered flip-flop clocked by clk)
Path Group: clk
Path Type: min

Fanout         Cap        Slew       Delay        Time   Description
---------------------------------------------------------------------------------------------
                                  0.000000    0.000000   clock clk (rise edge)
                                  0.000000    0.000000   clock source latency
     4    0.007800    0.031982    0.019703    0.019703 ^ clk (in)
                                                         clk (net)
                      0.031982    0.000000    0.019703 ^ _48_/CLK (sky130_fd_sc_hd__dfxtp_2)
     5    0.050166    0.193982    0.310709    0.330412 ^ _48_/Q (sky130_fd_sc_hd__dfxtp_2)
                                                         counter[2] (net)
                      0.193982    0.000000    0.330412 ^ _39_/A1 (sky130_fd_sc_hd__a21oi_2)
     1    0.004267    0.031327    0.033716    0.364128 v _39_/Y (sky130_fd_sc_hd__a21oi_2)
                                                         _18_ (net)
                      0.031327    0.000000    0.364128 v _40_/B1 (sky130_fd_sc_hd__o21ai_2)
     1    0.001748    0.018894    0.029482    0.393610 ^ _40_/Y (sky130_fd_sc_hd__o21ai_2)
                                                         _02_ (net)
                      0.018894    0.000000    0.393610 ^ _48_/D (sky130_fd_sc_hd__dfxtp_2)
                                              0.393610   data arrival time

                                  0.000000    0.000000   clock clk (rise edge)
                                  0.000000    0.000000   clock source latency
     4    0.007800    0.031982    0.019703    0.019703 ^ clk (in)
                                                         clk (net)
                      0.031982    0.000000    0.019703 ^ _48_/CLK (sky130_fd_sc_hd__dfxtp_2)
                                  0.250000    0.269703   clock uncertainty
                                  0.000000    0.269703   clock reconvergence pessimism
                                 -0.016420    0.253283   library hold time
                                              0.253283   data required time
---------------------------------------------------------------------------------------------
                                              0.253283   data required time
                                             -0.393610   data arrival time
---------------------------------------------------------------------------------------------
                                              0.140327   slack (MET)


Startpoint: _49_ (rising edge-triggered flip-flop clocked by clk)
Endpoint: _49_ (rising edge-triggered flip-flop clocked by clk)
Path Group: clk
Path Type: min

Fanout         Cap        Slew       Delay        Time   Description
---------------------------------------------------------------------------------------------
                                  0.000000    0.000000   clock clk (rise edge)
                                  0.000000    0.000000   clock source latency
     4    0.007800    0.031982    0.019703    0.019703 ^ clk (in)
                                                         clk (net)
                      0.031982    0.000000    0.019703 ^ _49_/CLK (sky130_fd_sc_hd__dfxtp_2)
     3    0.039955    0.070729    0.245815    0.265518 v _49_/Q (sky130_fd_sc_hd__dfxtp_2)
                                                         counter[3] (net)
                      0.070729    0.000000    0.265518 v _44_/B (sky130_fd_sc_hd__nand4_2)
     1    0.002528    0.027127    0.065656    0.331174 ^ _44_/Y (sky130_fd_sc_hd__nand4_2)
                                                         _22_ (net)
                      0.027127    0.000000    0.331174 ^ _45_/A3 (sky130_fd_sc_hd__a31o_2)
     1    0.001748    0.019656    0.078849    0.410023 ^ _45_/X (sky130_fd_sc_hd__a31o_2)
                                                         _03_ (net)
                      0.019656    0.000000    0.410023 ^ _49_/D (sky130_fd_sc_hd__dfxtp_2)
                                              0.410023   data arrival time

                                  0.000000    0.000000   clock clk (rise edge)
                                  0.000000    0.000000   clock source latency
     4    0.007800    0.031982    0.019703    0.019703 ^ clk (in)
                                                         clk (net)
                      0.031982    0.000000    0.019703 ^ _49_/CLK (sky130_fd_sc_hd__dfxtp_2)
                                  0.250000    0.269703   clock uncertainty
                                  0.000000    0.269703   clock reconvergence pessimism
                                 -0.016474    0.253229   library hold time
                                              0.253229   data required time
---------------------------------------------------------------------------------------------
                                              0.253229   data required time
                                             -0.410023   data arrival time
---------------------------------------------------------------------------------------------
                                              0.156793   slack (MET)


Startpoint: _47_ (rising edge-triggered flip-flop clocked by clk)
Endpoint: _47_ (rising edge-triggered flip-flop clocked by clk)
Path Group: clk
Path Type: min

Fanout         Cap        Slew       Delay        Time   Description
---------------------------------------------------------------------------------------------
                                  0.000000    0.000000   clock clk (rise edge)
                                  0.000000    0.000000   clock source latency
     4    0.007800    0.031982    0.019703    0.019703 ^ clk (in)
                                                         clk (net)
                      0.031982    0.000000    0.019703 ^ _47_/CLK (sky130_fd_sc_hd__dfxtp_2)
     6    0.055971    0.215552    0.325528    0.345232 ^ _47_/Q (sky130_fd_sc_hd__dfxtp_2)
                                                         counter[1] (net)
                      0.215552    0.000000    0.345232 ^ _33_/A1 (sky130_fd_sc_hd__a21o_2)
     1    0.002557    0.020729    0.086885    0.432117 ^ _33_/X (sky130_fd_sc_hd__a21o_2)
                                                         _13_ (net)
                      0.020729    0.000000    0.432117 ^ _34_/B1 (sky130_fd_sc_hd__a31o_2)
     1    0.001748    0.016834    0.046587    0.478704 ^ _34_/X (sky130_fd_sc_hd__a31o_2)
                                                         _01_ (net)
                      0.016834    0.000000    0.478704 ^ _47_/D (sky130_fd_sc_hd__dfxtp_2)
                                              0.478704   data arrival time

                                  0.000000    0.000000   clock clk (rise edge)
                                  0.000000    0.000000   clock source latency
     4    0.007800    0.031982    0.019703    0.019703 ^ clk (in)
                                                         clk (net)
                      0.031982    0.000000    0.019703 ^ _47_/CLK (sky130_fd_sc_hd__dfxtp_2)
                                  0.250000    0.269703   clock uncertainty
                                  0.000000    0.269703   clock reconvergence pessimism
                                 -0.016274    0.253429   library hold time
                                              0.253429   data required time
---------------------------------------------------------------------------------------------
                                              0.253429   data required time
                                             -0.478704   data arrival time
---------------------------------------------------------------------------------------------
                                              0.225275   slack (MET)


Startpoint: _49_ (rising edge-triggered flip-flop clocked by clk)
Endpoint: counter[3] (output port clocked by clk)
Path Group: clk
Path Type: min

Fanout         Cap        Slew       Delay        Time   Description
---------------------------------------------------------------------------------------------
                                  0.000000    0.000000   clock clk (rise edge)
                                  0.000000    0.000000   clock source latency
     4    0.007800    0.031982    0.019703    0.019703 ^ clk (in)
                                                         clk (net)
                      0.031982    0.000000    0.019703 ^ _49_/CLK (sky130_fd_sc_hd__dfxtp_2)
     3    0.039955    0.070729    0.245815    0.265518 v _49_/Q (sky130_fd_sc_hd__dfxtp_2)
                                                         counter[3] (net)
                      0.070729    0.000000    0.265518 v counter[3] (out)
                                              0.265518   data arrival time

                                  0.000000    0.000000   clock clk (rise edge)
                                  0.000000    0.000000   clock network delay (propagated)
                                  0.250000    0.250000   clock uncertainty
                                  0.000000    0.250000   clock reconvergence pessimism
                                 -2.000000   -1.750000   output external delay
                                             -1.750000   data required time
---------------------------------------------------------------------------------------------
                                             -1.750000   data required time
                                             -0.265518   data arrival time
---------------------------------------------------------------------------------------------
                                              2.015518   slack (MET)


Startpoint: _48_ (rising edge-triggered flip-flop clocked by clk)
Endpoint: counter[2] (output port clocked by clk)
Path Group: clk
Path Type: min

Fanout         Cap        Slew       Delay        Time   Description
---------------------------------------------------------------------------------------------
                                  0.000000    0.000000   clock clk (rise edge)
                                  0.000000    0.000000   clock source latency
     4    0.007800    0.031982    0.019703    0.019703 ^ clk (in)
                                                         clk (net)
                      0.031982    0.000000    0.019703 ^ _48_/CLK (sky130_fd_sc_hd__dfxtp_2)
     5    0.048615    0.083265    0.256319    0.276022 v _48_/Q (sky130_fd_sc_hd__dfxtp_2)
                                                         counter[2] (net)
                      0.083265    0.000000    0.276022 v counter[2] (out)
                                              0.276022   data arrival time

                                  0.000000    0.000000   clock clk (rise edge)
                                  0.000000    0.000000   clock network delay (propagated)
                                  0.250000    0.250000   clock uncertainty
                                  0.000000    0.250000   clock reconvergence pessimism
                                 -2.000000   -1.750000   output external delay
                                             -1.750000   data required time
---------------------------------------------------------------------------------------------
                                             -1.750000   data required time
                                             -0.276022   data arrival time
---------------------------------------------------------------------------------------------
                                              2.026022   slack (MET)


Startpoint: _47_ (rising edge-triggered flip-flop clocked by clk)
Endpoint: counter[1] (output port clocked by clk)
Path Group: clk
Path Type: min

Fanout         Cap        Slew       Delay        Time   Description
---------------------------------------------------------------------------------------------
                                  0.000000    0.000000   clock clk (rise edge)
                                  0.000000    0.000000   clock source latency
     4    0.007800    0.031982    0.019703    0.019703 ^ clk (in)
                                                         clk (net)
                      0.031982    0.000000    0.019703 ^ _47_/CLK (sky130_fd_sc_hd__dfxtp_2)
     6    0.053888    0.091083    0.262439    0.282142 v _47_/Q (sky130_fd_sc_hd__dfxtp_2)
                                                         counter[1] (net)
                      0.091083    0.000000    0.282142 v counter[1] (out)
                                              0.282142   data arrival time

                                  0.000000    0.000000   clock clk (rise edge)
                                  0.000000    0.000000   clock network delay (propagated)
                                  0.250000    0.250000   clock uncertainty
                                  0.000000    0.250000   clock reconvergence pessimism
                                 -2.000000   -1.750000   output external delay
                                             -1.750000   data required time
---------------------------------------------------------------------------------------------
                                             -1.750000   data required time
                                             -0.282142   data arrival time
---------------------------------------------------------------------------------------------
                                              2.032142   slack (MET)


Startpoint: _46_ (rising edge-triggered flip-flop clocked by clk)
Endpoint: counter[0] (output port clocked by clk)
Path Group: clk
Path Type: min

Fanout         Cap        Slew       Delay        Time   Description
---------------------------------------------------------------------------------------------
                                  0.000000    0.000000   clock clk (rise edge)
                                  0.000000    0.000000   clock source latency
     4    0.007800    0.031982    0.019703    0.019703 ^ clk (in)
                                                         clk (net)
                      0.031982    0.000000    0.019703 ^ _46_/CLK (sky130_fd_sc_hd__dfxtp_2)
     7    0.061463    0.102314    0.271232    0.290935 v _46_/Q (sky130_fd_sc_hd__dfxtp_2)
                                                         counter[0] (net)
                      0.102314    0.000000    0.290935 v counter[0] (out)
                                              0.290935   data arrival time

                                  0.000000    0.000000   clock clk (rise edge)
                                  0.000000    0.000000   clock network delay (propagated)
                                  0.250000    0.250000   clock uncertainty
                                  0.000000    0.250000   clock reconvergence pessimism
                                 -2.000000   -1.750000   output external delay
                                             -1.750000   data required time
---------------------------------------------------------------------------------------------
                                             -1.750000   data required time
                                             -0.290935   data arrival time
---------------------------------------------------------------------------------------------
                                              2.040935   slack (MET)



