Reading timing models for corner nom_ff_n40C_1v95…
Reading cell library for the 'nom_ff_n40C_1v95' corner at '/home/amostafa/.volare/volare/sky130/versions/0fe599b2afb6708d281543108caf8310912f54af/sky130A/libs.ref/sky130_fd_sc_hd/lib/sky130_fd_sc_hd__ff_n40C_1v95.lib'…
Reading top-level netlist at '/home/amostafa/vlsi/runs/RUN_2024-12-04_11-30-08/06-yosys-synthesis/counter_dut.nl.v'…
Linking design 'counter_dut' from netlist…
Reading design constraints file at './counter.sdc'…
%OL_CREATE_REPORT min.rpt

===========================================================================
report_checks -path_delay min (Hold)
============================================================================
======================= nom_ff_n40C_1v95 Corner ===================================

Startpoint: _46_ (rising edge-triggered flip-flop clocked by clk)
Endpoint: _46_ (rising edge-triggered flip-flop clocked by clk)
Path Group: clk
Path Type: min

Fanout         Cap        Slew       Delay        Time   Description
---------------------------------------------------------------------------------------------
                                  0.000000    0.000000   clock clk (rise edge)
                                  0.000000    0.000000   clock source latency
     4    0.007800    0.031982    0.019703    0.019703 ^ clk (in)
                                                         clk (net)
                      0.031982    0.000000    0.019703 ^ _46_/CLK (sky130_fd_sc_hd__dfxtp_2)
     7    0.061463    0.102314    0.271232    0.290935 v _46_/Q (sky130_fd_sc_hd__dfxtp_2)
                                                         counter[0] (net)
                      0.102314    0.000000    0.290935 v _28_/A1 (sky130_fd_sc_hd__o21ai_2)
     1    0.001748    0.018894    0.100571    0.391506 ^ _28_/Y (sky130_fd_sc_hd__o21ai_2)
                                                         _00_ (net)
                      0.018894    0.000000    0.391506 ^ _46_/D (sky130_fd_sc_hd__dfxtp_2)
                                              0.391506   data arrival time

                                  0.000000    0.000000   clock clk (rise edge)
                                  0.000000    0.000000   clock source latency
     4    0.007800    0.031982    0.019703    0.019703 ^ clk (in)
                                                         clk (net)
                      0.031982    0.000000    0.019703 ^ _46_/CLK (sky130_fd_sc_hd__dfxtp_2)
                                  0.250000    0.269703   clock uncertainty
                                  0.000000    0.269703   clock reconvergence pessimism
                                 -0.016420    0.253283   library hold time
                                              0.253283   data required time
---------------------------------------------------------------------------------------------
                                              0.253283   data required time
                                             -0.391506   data arrival time
---------------------------------------------------------------------------------------------
                                              0.138222   slack (MET)


Startpoint: _48_ (rising edge-triggered flip-flop clocked by clk)
Endpoint: _48_ (rising edge-triggered flip-flop clocked by clk)
Path Group: clk
Path Type: min

Fanout         Cap        Slew       Delay        Time   Description
---------------------------------------------------------------------------------------------
                                  0.000000    0.000000   clock clk (rise edge)
                                  0.000000    0.000000   clock source latency
     4    0.007800    0.031982    0.019703    0.019703 ^ clk (in)
                                                         clk (net)
                      0.031982    0.000000    0.019703 ^ _48_/CLK (sky130_fd_sc_hd__dfxtp_2)
     5    0.050166    0.193982    0.310709    0.330412 ^ _48_/Q (sky130_fd_sc_hd__dfxtp_2)
                                                         counter[2] (net)
                      0.193982    0.000000    0.330412 ^ _39_/A1 (sky130_fd_sc_hd__a21oi_2)
     1    0.004267    0.031327    0.033716    0.364128 v _39_/Y (sky130_fd_sc_hd__a21oi_2)
                                                         _18_ (net)
                      0.031327    0.000000    0.364128 v _40_/B1 (sky130_fd_sc_hd__o21ai_2)
     1    0.001748    0.018894    0.029482    0.393610 ^ _40_/Y (sky130_fd_sc_hd__o21ai_2)
                                                         _02_ (net)
                      0.018894    0.000000    0.393610 ^ _48_/D (sky130_fd_sc_hd__dfxtp_2)
                                              0.393610   data arrival time

                                  0.000000    0.000000   clock clk (rise edge)
                                  0.000000    0.000000   clock source latency
     4    0.007800    0.031982    0.019703    0.019703 ^ clk (in)
                                                         clk (net)
                      0.031982    0.000000    0.019703 ^ _48_/CLK (sky130_fd_sc_hd__dfxtp_2)
                                  0.250000    0.269703   clock uncertainty
                                  0.000000    0.269703   clock reconvergence pessimism
                                 -0.016420    0.253283   library hold time
                                              0.253283   data required time
---------------------------------------------------------------------------------------------
                                              0.253283   data required time
                                             -0.393610   data arrival time
---------------------------------------------------------------------------------------------
                                              0.140327   slack (MET)


Startpoint: _49_ (rising edge-triggered flip-flop clocked by clk)
Endpoint: _49_ (rising edge-triggered flip-flop clocked by clk)
Path Group: clk
Path Type: min

Fanout         Cap        Slew       Delay        Time   Description
---------------------------------------------------------------------------------------------
                                  0.000000    0.000000   clock clk (rise edge)
                                  0.000000    0.000000   clock source latency
     4    0.007800    0.031982    0.019703    0.019703 ^ clk (in)
                                                         clk (net)
                      0.031982    0.000000    0.019703 ^ _49_/CLK (sky130_fd_sc_hd__dfxtp_2)
     3    0.039955    0.070729    0.245815    0.265518 v _49_/Q (sky130_fd_sc_hd__dfxtp_2)
                                                         counter[3] (net)
                      0.070729    0.000000    0.265518 v _44_/B (sky130_fd_sc_hd__nand4_2)
     1    0.002528    0.027127    0.065656    0.331174 ^ _44_/Y (sky130_fd_sc_hd__nand4_2)
                                                         _22_ (net)
                      0.027127    0.000000    0.331174 ^ _45_/A3 (sky130_fd_sc_hd__a31o_2)
     1    0.001748    0.019656    0.078849    0.410023 ^ _45_/X (sky130_fd_sc_hd__a31o_2)
                                                         _03_ (net)
                      0.019656    0.000000    0.410023 ^ _49_/D (sky130_fd_sc_hd__dfxtp_2)
                                              0.410023   data arrival time

                                  0.000000    0.000000   clock clk (rise edge)
                                  0.000000    0.000000   clock source latency
     4    0.007800    0.031982    0.019703    0.019703 ^ clk (in)
                                                         clk (net)
                      0.031982    0.000000    0.019703 ^ _49_/CLK (sky130_fd_sc_hd__dfxtp_2)
                                  0.250000    0.269703   clock uncertainty
                                  0.000000    0.269703   clock reconvergence pessimism
                                 -0.016474    0.253229   library hold time
                                              0.253229   data required time
---------------------------------------------------------------------------------------------
                                              0.253229   data required time
                                             -0.410023   data arrival time
---------------------------------------------------------------------------------------------
                                              0.156793   slack (MET)


Startpoint: _47_ (rising edge-triggered flip-flop clocked by clk)
Endpoint: _47_ (rising edge-triggered flip-flop clocked by clk)
Path Group: clk
Path Type: min

Fanout         Cap        Slew       Delay        Time   Description
---------------------------------------------------------------------------------------------
                                  0.000000    0.000000   clock clk (rise edge)
                                  0.000000    0.000000   clock source latency
     4    0.007800    0.031982    0.019703    0.019703 ^ clk (in)
                                                         clk (net)
                      0.031982    0.000000    0.019703 ^ _47_/CLK (sky130_fd_sc_hd__dfxtp_2)
     6    0.055971    0.215552    0.325528    0.345232 ^ _47_/Q (sky130_fd_sc_hd__dfxtp_2)
                                                         counter[1] (net)
                      0.215552    0.000000    0.345232 ^ _33_/A1 (sky130_fd_sc_hd__a21o_2)
     1    0.002557    0.020729    0.086885    0.432117 ^ _33_/X (sky130_fd_sc_hd__a21o_2)
                                                         _13_ (net)
                      0.020729    0.000000    0.432117 ^ _34_/B1 (sky130_fd_sc_hd__a31o_2)
     1    0.001748    0.016834    0.046587    0.478704 ^ _34_/X (sky130_fd_sc_hd__a31o_2)
                                                         _01_ (net)
                      0.016834    0.000000    0.478704 ^ _47_/D (sky130_fd_sc_hd__dfxtp_2)
                                              0.478704   data arrival time

                                  0.000000    0.000000   clock clk (rise edge)
                                  0.000000    0.000000   clock source latency
     4    0.007800    0.031982    0.019703    0.019703 ^ clk (in)
                                                         clk (net)
                      0.031982    0.000000    0.019703 ^ _47_/CLK (sky130_fd_sc_hd__dfxtp_2)
                                  0.250000    0.269703   clock uncertainty
                                  0.000000    0.269703   clock reconvergence pessimism
                                 -0.016274    0.253429   library hold time
                                              0.253429   data required time
---------------------------------------------------------------------------------------------
                                              0.253429   data required time
                                             -0.478704   data arrival time
---------------------------------------------------------------------------------------------
                                              0.225275   slack (MET)


Startpoint: _49_ (rising edge-triggered flip-flop clocked by clk)
Endpoint: counter[3] (output port clocked by clk)
Path Group: clk
Path Type: min

Fanout         Cap        Slew       Delay        Time   Description
---------------------------------------------------------------------------------------------
                                  0.000000    0.000000   clock clk (rise edge)
                                  0.000000    0.000000   clock source latency
     4    0.007800    0.031982    0.019703    0.019703 ^ clk (in)
                                                         clk (net)
                      0.031982    0.000000    0.019703 ^ _49_/CLK (sky130_fd_sc_hd__dfxtp_2)
     3    0.039955    0.070729    0.245815    0.265518 v _49_/Q (sky130_fd_sc_hd__dfxtp_2)
                                                         counter[3] (net)
                      0.070729    0.000000    0.265518 v counter[3] (out)
                                              0.265518   data arrival time

                                  0.000000    0.000000   clock clk (rise edge)
                                  0.000000    0.000000   clock network delay (propagated)
                                  0.250000    0.250000   clock uncertainty
                                  0.000000    0.250000   clock reconvergence pessimism
                                 -2.000000   -1.750000   output external delay
                                             -1.750000   data required time
---------------------------------------------------------------------------------------------
                                             -1.750000   data required time
                                             -0.265518   data arrival time
---------------------------------------------------------------------------------------------
                                              2.015518   slack (MET)


Startpoint: _48_ (rising edge-triggered flip-flop clocked by clk)
Endpoint: counter[2] (output port clocked by clk)
Path Group: clk
Path Type: min

Fanout         Cap        Slew       Delay        Time   Description
---------------------------------------------------------------------------------------------
                                  0.000000    0.000000   clock clk (rise edge)
                                  0.000000    0.000000   clock source latency
     4    0.007800    0.031982    0.019703    0.019703 ^ clk (in)
                                                         clk (net)
                      0.031982    0.000000    0.019703 ^ _48_/CLK (sky130_fd_sc_hd__dfxtp_2)
     5    0.048615    0.083265    0.256319    0.276022 v _48_/Q (sky130_fd_sc_hd__dfxtp_2)
                                                         counter[2] (net)
                      0.083265    0.000000    0.276022 v counter[2] (out)
                                              0.276022   data arrival time

                                  0.000000    0.000000   clock clk (rise edge)
                                  0.000000    0.000000   clock network delay (propagated)
                                  0.250000    0.250000   clock uncertainty
                                  0.000000    0.250000   clock reconvergence pessimism
                                 -2.000000   -1.750000   output external delay
                                             -1.750000   data required time
---------------------------------------------------------------------------------------------
                                             -1.750000   data required time
                                             -0.276022   data arrival time
---------------------------------------------------------------------------------------------
                                              2.026022   slack (MET)


Startpoint: _47_ (rising edge-triggered flip-flop clocked by clk)
Endpoint: counter[1] (output port clocked by clk)
Path Group: clk
Path Type: min

Fanout         Cap        Slew       Delay        Time   Description
---------------------------------------------------------------------------------------------
                                  0.000000    0.000000   clock clk (rise edge)
                                  0.000000    0.000000   clock source latency
     4    0.007800    0.031982    0.019703    0.019703 ^ clk (in)
                                                         clk (net)
                      0.031982    0.000000    0.019703 ^ _47_/CLK (sky130_fd_sc_hd__dfxtp_2)
     6    0.053888    0.091083    0.262439    0.282142 v _47_/Q (sky130_fd_sc_hd__dfxtp_2)
                                                         counter[1] (net)
                      0.091083    0.000000    0.282142 v counter[1] (out)
                                              0.282142   data arrival time

                                  0.000000    0.000000   clock clk (rise edge)
                                  0.000000    0.000000   clock network delay (propagated)
                                  0.250000    0.250000   clock uncertainty
                                  0.000000    0.250000   clock reconvergence pessimism
                                 -2.000000   -1.750000   output external delay
                                             -1.750000   data required time
---------------------------------------------------------------------------------------------
                                             -1.750000   data required time
                                             -0.282142   data arrival time
---------------------------------------------------------------------------------------------
                                              2.032142   slack (MET)


Startpoint: _46_ (rising edge-triggered flip-flop clocked by clk)
Endpoint: counter[0] (output port clocked by clk)
Path Group: clk
Path Type: min

Fanout         Cap        Slew       Delay        Time   Description
---------------------------------------------------------------------------------------------
                                  0.000000    0.000000   clock clk (rise edge)
                                  0.000000    0.000000   clock source latency
     4    0.007800    0.031982    0.019703    0.019703 ^ clk (in)
                                                         clk (net)
                      0.031982    0.000000    0.019703 ^ _46_/CLK (sky130_fd_sc_hd__dfxtp_2)
     7    0.061463    0.102314    0.271232    0.290935 v _46_/Q (sky130_fd_sc_hd__dfxtp_2)
                                                         counter[0] (net)
                      0.102314    0.000000    0.290935 v counter[0] (out)
                                              0.290935   data arrival time

                                  0.000000    0.000000   clock clk (rise edge)
                                  0.000000    0.000000   clock network delay (propagated)
                                  0.250000    0.250000   clock uncertainty
                                  0.000000    0.250000   clock reconvergence pessimism
                                 -2.000000   -1.750000   output external delay
                                             -1.750000   data required time
---------------------------------------------------------------------------------------------
                                             -1.750000   data required time
                                             -0.290935   data arrival time
---------------------------------------------------------------------------------------------
                                              2.040935   slack (MET)



%OL_END_REPORT
%OL_CREATE_REPORT max.rpt

===========================================================================
report_checks -path_delay max (Setup)
============================================================================
======================= nom_ff_n40C_1v95 Corner ===================================

Startpoint: up_down (input port clocked by clk)
Endpoint: _49_ (rising edge-triggered flip-flop clocked by clk)
Path Group: clk
Path Type: max

Fanout         Cap        Slew       Delay        Time   Description
---------------------------------------------------------------------------------------------
                                  0.000000    0.000000   clock clk (rise edge)
                                  0.000000    0.000000   clock network delay (propagated)
                                  2.000000    2.000000 v input external delay
     5    0.015628    0.025514    0.016144    2.016144 v up_down (in)
                                                         up_down (net)
                      0.025514    0.000000    2.016144 v _42_/A_N (sky130_fd_sc_hd__nand2b_2)
     2    0.006481    0.047535    0.109639    2.125783 v _42_/Y (sky130_fd_sc_hd__nand2b_2)
                                                         _20_ (net)
                      0.047535    0.000000    2.125783 v _43_/A3 (sky130_fd_sc_hd__a31o_2)
     1    0.002262    0.026837    0.152659    2.278442 v _43_/X (sky130_fd_sc_hd__a31o_2)
                                                         _21_ (net)
                      0.026837    0.000000    2.278442 v _45_/A2 (sky130_fd_sc_hd__a31o_2)
     1    0.001783    0.025667    0.135145    2.413587 v _45_/X (sky130_fd_sc_hd__a31o_2)
                                                         _03_ (net)
                      0.025667    0.000000    2.413587 v _49_/D (sky130_fd_sc_hd__dfxtp_2)
                                              2.413587   data arrival time

                                 10.000000   10.000000   clock clk (rise edge)
                                  0.000000   10.000000   clock source latency
     4    0.007800    0.031982    0.019703   10.019704 ^ clk (in)
                                                         clk (net)
                      0.031982    0.000000   10.019704 ^ _49_/CLK (sky130_fd_sc_hd__dfxtp_2)
                                 -0.250000    9.769704   clock uncertainty
                                  0.000000    9.769704   clock reconvergence pessimism
                                 -0.068964    9.700739   library setup time
                                              9.700739   data required time
---------------------------------------------------------------------------------------------
                                              9.700739   data required time
                                             -2.413587   data arrival time
---------------------------------------------------------------------------------------------
                                              7.287152   slack (MET)


Startpoint: up_down (input port clocked by clk)
Endpoint: _48_ (rising edge-triggered flip-flop clocked by clk)
Path Group: clk
Path Type: max

Fanout         Cap        Slew       Delay        Time   Description
---------------------------------------------------------------------------------------------
                                  0.000000    0.000000   clock clk (rise edge)
                                  0.000000    0.000000   clock network delay (propagated)
                                  2.000000    2.000000 v input external delay
     5    0.015628    0.025514    0.016144    2.016144 v up_down (in)
                                                         up_down (net)
                      0.025514    0.000000    2.016144 v _30_/A (sky130_fd_sc_hd__or2_2)
     2    0.012591    0.058060    0.194989    2.211133 v _30_/X (sky130_fd_sc_hd__or2_2)
                                                         _10_ (net)
                      0.058060    0.000000    2.211133 v _38_/A (sky130_fd_sc_hd__xnor2_2)
     1    0.004721    0.092525    0.114880    2.326013 ^ _38_/Y (sky130_fd_sc_hd__xnor2_2)
                                                         _17_ (net)
                      0.092525    0.000000    2.326013 ^ _40_/A2 (sky130_fd_sc_hd__o21ai_2)
     1    0.001783    0.022238    0.025518    2.351531 v _40_/Y (sky130_fd_sc_hd__o21ai_2)
                                                         _02_ (net)
                      0.022238    0.000000    2.351531 v _48_/D (sky130_fd_sc_hd__dfxtp_2)
                                              2.351531   data arrival time

                                 10.000000   10.000000   clock clk (rise edge)
                                  0.000000   10.000000   clock source latency
     4    0.007800    0.031982    0.019703   10.019704 ^ clk (in)
                                                         clk (net)
                      0.031982    0.000000   10.019704 ^ _48_/CLK (sky130_fd_sc_hd__dfxtp_2)
                                 -0.250000    9.769704   clock uncertainty
                                  0.000000    9.769704   clock reconvergence pessimism
                                 -0.067739    9.701964   library setup time
                                              9.701964   data required time
---------------------------------------------------------------------------------------------
                                              9.701964   data required time
                                             -2.351531   data arrival time
---------------------------------------------------------------------------------------------
                                              7.350432   slack (MET)


Startpoint: _46_ (rising edge-triggered flip-flop clocked by clk)
Endpoint: counter[0] (output port clocked by clk)
Path Group: clk
Path Type: max

Fanout         Cap        Slew       Delay        Time   Description
---------------------------------------------------------------------------------------------
                                  0.000000    0.000000   clock clk (rise edge)
                                  0.000000    0.000000   clock source latency
     4    0.007800    0.031982    0.019703    0.019703 ^ clk (in)
                                                         clk (net)
                      0.031982    0.000000    0.019703 ^ _46_/CLK (sky130_fd_sc_hd__dfxtp_2)
     7    0.063993    0.245361    0.346008    0.365712 ^ _46_/Q (sky130_fd_sc_hd__dfxtp_2)
                                                         counter[0] (net)
                      0.245361    0.000000    0.365712 ^ counter[0] (out)
                                              0.365712   data arrival time

                                 10.000000   10.000000   clock clk (rise edge)
                                  0.000000   10.000000   clock network delay (propagated)
                                 -0.250000    9.750000   clock uncertainty
                                  0.000000    9.750000   clock reconvergence pessimism
                                 -2.000000    7.750000   output external delay
                                              7.750000   data required time
---------------------------------------------------------------------------------------------
                                              7.750000   data required time
                                             -0.365712   data arrival time
---------------------------------------------------------------------------------------------
                                              7.384288   slack (MET)


Startpoint: up_down (input port clocked by clk)
Endpoint: _47_ (rising edge-triggered flip-flop clocked by clk)
Path Group: clk
Path Type: max

Fanout         Cap        Slew       Delay        Time   Description
---------------------------------------------------------------------------------------------
                                  0.000000    0.000000   clock clk (rise edge)
                                  0.000000    0.000000   clock network delay (propagated)
                                  2.000000    2.000000 ^ input external delay
     5    0.017225    0.063846    0.042278    2.042278 ^ up_down (in)
                                                         up_down (net)
                      0.063846    0.000000    2.042278 ^ _30_/A (sky130_fd_sc_hd__or2_2)
     2    0.013558    0.060858    0.101771    2.144049 ^ _30_/X (sky130_fd_sc_hd__or2_2)
                                                         _10_ (net)
                      0.060858    0.000000    2.144049 ^ _32_/A (sky130_fd_sc_hd__nand2_2)
     1    0.002260    0.021166    0.021950    2.165999 v _32_/Y (sky130_fd_sc_hd__nand2_2)
                                                         _12_ (net)
                      0.021166    0.000000    2.165999 v _34_/A3 (sky130_fd_sc_hd__a31o_2)
     1    0.001783    0.025676    0.140634    2.306633 v _34_/X (sky130_fd_sc_hd__a31o_2)
                                                         _01_ (net)
                      0.025676    0.000000    2.306633 v _47_/D (sky130_fd_sc_hd__dfxtp_2)
                                              2.306633   data arrival time

                                 10.000000   10.000000   clock clk (rise edge)
                                  0.000000   10.000000   clock source latency
     4    0.007800    0.031982    0.019703   10.019704 ^ clk (in)
                                                         clk (net)
                      0.031982    0.000000   10.019704 ^ _47_/CLK (sky130_fd_sc_hd__dfxtp_2)
                                 -0.250000    9.769704   clock uncertainty
                                  0.000000    9.769704   clock reconvergence pessimism
                                 -0.068967    9.700736   library setup time
                                              9.700736   data required time
---------------------------------------------------------------------------------------------
                                              9.700736   data required time
                                             -2.306633   data arrival time
---------------------------------------------------------------------------------------------
                                              7.394104   slack (MET)


Startpoint: _47_ (rising edge-triggered flip-flop clocked by clk)
Endpoint: counter[1] (output port clocked by clk)
Path Group: clk
Path Type: max

Fanout         Cap        Slew       Delay        Time   Description
---------------------------------------------------------------------------------------------
                                  0.000000    0.000000   clock clk (rise edge)
                                  0.000000    0.000000   clock source latency
     4    0.007800    0.031982    0.019703    0.019703 ^ clk (in)
                                                         clk (net)
                      0.031982    0.000000    0.019703 ^ _47_/CLK (sky130_fd_sc_hd__dfxtp_2)
     6    0.055971    0.215552    0.325528    0.345232 ^ _47_/Q (sky130_fd_sc_hd__dfxtp_2)
                                                         counter[1] (net)
                      0.215552    0.000000    0.345232 ^ counter[1] (out)
                                              0.345232   data arrival time

                                 10.000000   10.000000   clock clk (rise edge)
                                  0.000000   10.000000   clock network delay (propagated)
                                 -0.250000    9.750000   clock uncertainty
                                  0.000000    9.750000   clock reconvergence pessimism
                                 -2.000000    7.750000   output external delay
                                              7.750000   data required time
---------------------------------------------------------------------------------------------
                                              7.750000   data required time
                                             -0.345232   data arrival time
---------------------------------------------------------------------------------------------
                                              7.404768   slack (MET)


Startpoint: _48_ (rising edge-triggered flip-flop clocked by clk)
Endpoint: counter[2] (output port clocked by clk)
Path Group: clk
Path Type: max

Fanout         Cap        Slew       Delay        Time   Description
---------------------------------------------------------------------------------------------
                                  0.000000    0.000000   clock clk (rise edge)
                                  0.000000    0.000000   clock source latency
     4    0.007800    0.031982    0.019703    0.019703 ^ clk (in)
                                                         clk (net)
                      0.031982    0.000000    0.019703 ^ _48_/CLK (sky130_fd_sc_hd__dfxtp_2)
     5    0.050166    0.193982    0.310709    0.330412 ^ _48_/Q (sky130_fd_sc_hd__dfxtp_2)
                                                         counter[2] (net)
                      0.193982    0.000000    0.330412 ^ counter[2] (out)
                                              0.330412   data arrival time

                                 10.000000   10.000000   clock clk (rise edge)
                                  0.000000   10.000000   clock network delay (propagated)
                                 -0.250000    9.750000   clock uncertainty
                                  0.000000    9.750000   clock reconvergence pessimism
                                 -2.000000    7.750000   output external delay
                                              7.750000   data required time
---------------------------------------------------------------------------------------------
                                              7.750000   data required time
                                             -0.330412   data arrival time
---------------------------------------------------------------------------------------------
                                              7.419588   slack (MET)


Startpoint: _49_ (rising edge-triggered flip-flop clocked by clk)
Endpoint: counter[3] (output port clocked by clk)
Path Group: clk
Path Type: max

Fanout         Cap        Slew       Delay        Time   Description
---------------------------------------------------------------------------------------------
                                  0.000000    0.000000   clock clk (rise edge)
                                  0.000000    0.000000   clock source latency
     4    0.007800    0.031982    0.019703    0.019703 ^ clk (in)
                                                         clk (net)
                      0.031982    0.000000    0.019703 ^ _49_/CLK (sky130_fd_sc_hd__dfxtp_2)
     3    0.040420    0.157862    0.285795    0.305498 ^ _49_/Q (sky130_fd_sc_hd__dfxtp_2)
                                                         counter[3] (net)
                      0.157862    0.000000    0.305498 ^ counter[3] (out)
                                              0.305498   data arrival time

                                 10.000000   10.000000   clock clk (rise edge)
                                  0.000000   10.000000   clock network delay (propagated)
                                 -0.250000    9.750000   clock uncertainty
                                  0.000000    9.750000   clock reconvergence pessimism
                                 -2.000000    7.750000   output external delay
                                              7.750000   data required time
---------------------------------------------------------------------------------------------
                                              7.750000   data required time
                                             -0.305498   data arrival time
---------------------------------------------------------------------------------------------
                                              7.444502   slack (MET)


Startpoint: enable (input port clocked by clk)
Endpoint: _46_ (rising edge-triggered flip-flop clocked by clk)
Path Group: clk
Path Type: max

Fanout         Cap        Slew       Delay        Time   Description
---------------------------------------------------------------------------------------------
                                  0.000000    0.000000   clock clk (rise edge)
                                  0.000000    0.000000   clock network delay (propagated)
                                  2.000000    2.000000 ^ input external delay
     5    0.018541    0.068230    0.045335    2.045335 ^ enable (in)
                                                         enable (net)
                      0.068230    0.000000    2.045335 ^ _26_/A (sky130_fd_sc_hd__nor2_2)
     3    0.011433    0.034187    0.039099    2.084435 v _26_/Y (sky130_fd_sc_hd__nor2_2)
                                                         _07_ (net)
                      0.034187    0.000000    2.084435 v _27_/A2 (sky130_fd_sc_hd__a21oi_2)
     1    0.004594    0.072910    0.093566    2.178000 ^ _27_/Y (sky130_fd_sc_hd__a21oi_2)
                                                         _08_ (net)
                      0.072910    0.000000    2.178000 ^ _28_/B1 (sky130_fd_sc_hd__o21ai_2)
     1    0.001783    0.044518    0.017194    2.195195 v _28_/Y (sky130_fd_sc_hd__o21ai_2)
                                                         _00_ (net)
                      0.044518    0.000000    2.195195 v _46_/D (sky130_fd_sc_hd__dfxtp_2)
                                              2.195195   data arrival time

                                 10.000000   10.000000   clock clk (rise edge)
                                  0.000000   10.000000   clock source latency
     4    0.007800    0.031982    0.019703   10.019704 ^ clk (in)
                                                         clk (net)
                      0.031982    0.000000   10.019704 ^ _46_/CLK (sky130_fd_sc_hd__dfxtp_2)
                                 -0.250000    9.769704   clock uncertainty
                                  0.000000    9.769704   clock reconvergence pessimism
                                 -0.075697    9.694007   library setup time
                                              9.694007   data required time
---------------------------------------------------------------------------------------------
                                              9.694007   data required time
                                             -2.195195   data arrival time
---------------------------------------------------------------------------------------------
                                              7.498813   slack (MET)



%OL_END_REPORT
%OL_CREATE_REPORT checks.rpt

===========================================================================
report_checks -unconstrained
===========================================================================
======================= nom_ff_n40C_1v95 Corner ===================================

Startpoint: up_down (input port clocked by clk)
Endpoint: _49_ (rising edge-triggered flip-flop clocked by clk)
Path Group: clk
Path Type: max

Fanout         Cap        Slew       Delay        Time   Description
---------------------------------------------------------------------------------------------
                                  0.000000    0.000000   clock clk (rise edge)
                                  0.000000    0.000000   clock network delay (propagated)
                                  2.000000    2.000000 v input external delay
     5    0.015628    0.025514    0.016144    2.016144 v up_down (in)
                                                         up_down (net)
                      0.025514    0.000000    2.016144 v _42_/A_N (sky130_fd_sc_hd__nand2b_2)
     2    0.006481    0.047535    0.109639    2.125783 v _42_/Y (sky130_fd_sc_hd__nand2b_2)
                                                         _20_ (net)
                      0.047535    0.000000    2.125783 v _43_/A3 (sky130_fd_sc_hd__a31o_2)
     1    0.002262    0.026837    0.152659    2.278442 v _43_/X (sky130_fd_sc_hd__a31o_2)
                                                         _21_ (net)
                      0.026837    0.000000    2.278442 v _45_/A2 (sky130_fd_sc_hd__a31o_2)
     1    0.001783    0.025667    0.135145    2.413587 v _45_/X (sky130_fd_sc_hd__a31o_2)
                                                         _03_ (net)
                      0.025667    0.000000    2.413587 v _49_/D (sky130_fd_sc_hd__dfxtp_2)
                                              2.413587   data arrival time

                                 10.000000   10.000000   clock clk (rise edge)
                                  0.000000   10.000000   clock source latency
     4    0.007800    0.031982    0.019703   10.019704 ^ clk (in)
                                                         clk (net)
                      0.031982    0.000000   10.019704 ^ _49_/CLK (sky130_fd_sc_hd__dfxtp_2)
                                 -0.250000    9.769704   clock uncertainty
                                  0.000000    9.769704   clock reconvergence pessimism
                                 -0.068964    9.700739   library setup time
                                              9.700739   data required time
---------------------------------------------------------------------------------------------
                                              9.700739   data required time
                                             -2.413587   data arrival time
---------------------------------------------------------------------------------------------
                                              7.287152   slack (MET)




===========================================================================
report_checks --slack_max -0.01
============================================================================
======================= nom_ff_n40C_1v95 Corner ===================================

No paths found.


===========================================================================
 report_check_types -max_slew -max_cap -max_fanout -violators
============================================================================
======================= nom_ff_n40C_1v95 Corner ===================================



===========================================================================
report_parasitic_annotation -report_unannotated
============================================================================
Found 31 unannotated drivers.
 clk
 enable
 reset
 up_down
 _23_/Y
 _24_/Y
 _25_/Y
 _26_/Y
 _27_/Y
 _28_/Y
 _29_/X
 _30_/X
 _31_/Y
 _32_/Y
 _33_/X
 _34_/X
 _35_/X
 _36_/Y
 _37_/Y
 _38_/Y
 _39_/Y
 _40_/Y
 _41_/Y
 _42_/Y
 _43_/X
 _44_/Y
 _45_/X
 _46_/Q
 _47_/Q
 _48_/Q
 _49_/Q
Found 0 partially unannotated drivers.

===========================================================================
max slew violation count 0
%OL_METRIC_I design__max_slew_violation__count__corner:nom_ff_n40C_1v95 0
max fanout violation count 0
%OL_METRIC_I design__max_fanout_violation__count__corner:nom_ff_n40C_1v95 0
max cap violation count 0
%OL_METRIC_I design__max_cap_violation__count__corner:nom_ff_n40C_1v95 0
============================================================================

===========================================================================
check_setup -verbose -unconstrained_endpoints -multiple_clock -no_clock -no_input_delay -loops -generated_clocks
===========================================================================
%OL_END_REPORT
%OL_CREATE_REPORT power.rpt

===========================================================================
 report_power
============================================================================
======================= nom_ff_n40C_1v95 Corner ===================================

Group                    Internal    Switching      Leakage        Total
                            Power        Power        Power        Power (Watts)
------------------------------------------------------------------------
Sequential           2.171993e-05 9.841711e-06 7.262459e-11 3.156171e-05  68.6%
Combinational        8.493020e-06 5.973458e-06 2.236210e-10 1.446670e-05  31.4%
Clock                0.000000e+00 0.000000e+00 0.000000e+00 0.000000e+00   0.0%
Macro                0.000000e+00 0.000000e+00 0.000000e+00 0.000000e+00   0.0%
Pad                  0.000000e+00 0.000000e+00 0.000000e+00 0.000000e+00   0.0%
------------------------------------------------------------------------
Total                3.021295e-05 1.581517e-05 2.962456e-10 4.602841e-05 100.0%
                            65.6%        34.4%         0.0%
%OL_METRIC_F power__internal__total 3.0212946512619965e-5
%OL_METRIC_F power__switching__total 1.5815168808330782e-5
%OL_METRIC_F power__leakage__total 2.962455836197364e-10
%OL_METRIC_F power__total 4.602840999723412e-5

%OL_END_REPORT
%OL_CREATE_REPORT skew.min.rpt

===========================================================================
Clock Skew (Hold)
============================================================================
%OL_METRIC_F clock__skew__worst_hold__corner:nom_ff_n40C_1v95 -0.25
======================= nom_ff_n40C_1v95 Corner ===================================

Clock clk
0.019703 source latency _46_/CLK ^
-0.019703 target latency _46_/CLK ^
-0.250000 clock uncertainty
0.000000 CRPR
--------------
-0.250000 hold skew

%OL_END_REPORT
%OL_CREATE_REPORT skew.max.rpt

===========================================================================
Clock Skew (Setup)
============================================================================
%OL_METRIC_F clock__skew__worst_setup__corner:nom_ff_n40C_1v95 0.25
======================= nom_ff_n40C_1v95 Corner ===================================

Clock clk
0.019703 source latency _46_/CLK ^
-0.019703 target latency _46_/CLK ^
0.250000 clock uncertainty
0.000000 CRPR
--------------
0.250000 setup skew

%OL_END_REPORT
%OL_CREATE_REPORT ws.min.rpt

===========================================================================
Worst Slack (Hold)
============================================================================
%OL_METRIC_F timing__hold__ws__corner:nom_ff_n40C_1v95 0.1382222986302401
nom_ff_n40C_1v95: 0.1382222986302401
%OL_END_REPORT
%OL_CREATE_REPORT ws.max.rpt

===========================================================================
Worst Slack (Setup)
============================================================================
%OL_METRIC_F timing__setup__ws__corner:nom_ff_n40C_1v95 7.287152421080072
nom_ff_n40C_1v95: 7.287152421080072
%OL_END_REPORT
%OL_CREATE_REPORT tns.min.rpt

===========================================================================
Total Negative Slack (Hold)
============================================================================
%OL_METRIC_F timing__hold__tns__corner:nom_ff_n40C_1v95 0.0
nom_ff_n40C_1v95: 0.0
%OL_END_REPORT
%OL_CREATE_REPORT tns.max.rpt

===========================================================================
Total Negative Slack (Setup)
============================================================================
%OL_METRIC_F timing__setup__tns__corner:nom_ff_n40C_1v95 0.0
nom_ff_n40C_1v95: 0.0
%OL_END_REPORT
%OL_CREATE_REPORT wns.min.rpt

===========================================================================
Worst Negative Slack (Hold)
============================================================================
%OL_METRIC_F timing__hold__wns__corner:nom_ff_n40C_1v95 0
nom_ff_n40C_1v95: 0
%OL_END_REPORT
%OL_CREATE_REPORT wns.max.rpt

===========================================================================
Worst Negative Slack (Setup)
============================================================================
%OL_METRIC_F timing__setup__wns__corner:nom_ff_n40C_1v95 0.0
nom_ff_n40C_1v95: 0.0
%OL_END_REPORT
%OL_CREATE_REPORT violator_list.rpt

===========================================================================
Violator List
============================================================================
%OL_METRIC_I timing__hold_vio__count__corner:nom_ff_n40C_1v95 0
%OL_METRIC_F timing__hold_r2r__ws__corner:nom_ff_n40C_1v95 0.138222
%OL_METRIC_I timing__hold_r2r_vio__count__corner:nom_ff_n40C_1v95 0
%OL_METRIC_I timing__setup_vio__count__corner:nom_ff_n40C_1v95 0
%OL_METRIC_F timing__setup_r2r__ws__corner:nom_ff_n40C_1v95 inf
%OL_METRIC_I timing__setup_r2r_vio__count__corner:nom_ff_n40C_1v95 0
%OL_END_REPORT
%OL_CREATE_REPORT unpropagated.rpt
%OL_END_REPORT
%OL_CREATE_REPORT clock.rpt
Clock: clk
Sources: clk 
Generated: no
Virtual: yes
Propagated: no
Period: 10.000000

===========================================================================
report_clock_properties
============================================================================
Clock                   Period          Waveform
----------------------------------------------------
clk                  10.000000    0.000000  5.000000

===========================================================================
report_clock_latency
============================================================================
Clock clk
rise -> rise
    min     max
0.000000 0.000000 source latency
0.019703         network latency _46_/CLK
        0.019703 network latency _46_/CLK
---------------
0.019703 0.019703 latency
        0.000000 skew

fall -> fall
    min     max
0.000000 0.000000 source latency
0.006477         network latency _46_/CLK
        0.006477 network latency _46_/CLK
---------------
0.006477 0.006477 latency
        0.000000 skew



===========================================================================
report_clock_min_period
============================================================================
clk period_min = 1.06 fmax = 945.03
%OL_END_REPORT
Writing SDF files for all corners…
