Reading OpenROAD database at '/home/amostafa/vlsi/runs/RUN_2024-12-04_11-23-35/47-odb-reportdisconnectedpins/counter_dut.odb'…
Reading library file at '/home/amostafa/.volare/volare/sky130/versions/0fe599b2afb6708d281543108caf8310912f54af/sky130A/libs.ref/sky130_fd_sc_hd/lib/sky130_fd_sc_hd__tt_025C_1v80.lib'…
Reading design constraints file at 'counter_dut.sdc'…
sky130_ef_sc_hd__decap_12 sky130_fd_sc_hd__decap_8 sky130_fd_sc_hd__decap_6 sky130_fd_sc_hd__decap_4 sky130_fd_sc_hd__decap_3 sky130_fd_sc_hd__fill*
[INFO DPL-0001] Placed 22 filler instances.
Setting global connections for newly added cells…
[INFO] Setting global connections...
Updating metrics…
Cell type report:                       Count       Area
  Fill cell                                38     195.19
  Tap cell                                  5       6.26
  Clock buffer                              3      75.07
  Timing Repair Buffer                      7      26.28
  Inverter                                  1       3.75
  Sequential cell                           4      81.33
  Multi-Input combinational cell           22     132.63
  Total                                    80     520.50
Writing OpenROAD database to '/home/amostafa/vlsi/runs/RUN_2024-12-04_11-23-35/51-openroad-fillinsertion/counter_dut.odb'…
Writing netlist to '/home/amostafa/vlsi/runs/RUN_2024-12-04_11-23-35/51-openroad-fillinsertion/counter_dut.nl.v'…
Writing powered netlist to '/home/amostafa/vlsi/runs/RUN_2024-12-04_11-23-35/51-openroad-fillinsertion/counter_dut.pnl.v'…
Writing layout to '/home/amostafa/vlsi/runs/RUN_2024-12-04_11-23-35/51-openroad-fillinsertion/counter_dut.def'…
Writing timing constraints to '/home/amostafa/vlsi/runs/RUN_2024-12-04_11-23-35/51-openroad-fillinsertion/counter_dut.sdc'…
