Clock: clk
Sources: clk 
Generated: no
Virtual: yes
Propagated: no
Period: 10.000000

===========================================================================
report_clock_properties
============================================================================
Clock                   Period          Waveform
----------------------------------------------------
clk                  10.000000    0.000000  5.000000

===========================================================================
report_clock_latency
============================================================================
Clock clk
rise -> rise
    min     max
0.000000 0.000000 source latency
0.216207         network latency _47_/CLK
        0.216853 network latency _48_/CLK
---------------
0.216207 0.216853 latency
        0.000646 skew

fall -> fall
    min     max
0.000000 0.000000 source latency
0.252542         network latency _47_/CLK
        0.253131 network latency _48_/CLK
---------------
0.252542 0.253131 latency
        0.000589 skew



===========================================================================
report_clock_min_period
============================================================================
clk period_min = 1.18 fmax = 845.65
