
===========================================================================
report_checks -unconstrained
===========================================================================
======================= nom_tt_025C_1v80 Corner ===================================

Startpoint: up_down (input port clocked by clk)
Endpoint: _49_ (rising edge-triggered flip-flop clocked by clk)
Path Group: clk
Path Type: max

Fanout         Cap        Slew       Delay        Time   Description
---------------------------------------------------------------------------------------------
                                  0.000000    0.000000   clock clk (rise edge)
                                  0.000000    0.000000   clock network delay (propagated)
                                  2.000000    2.000000 v input external delay
     5    0.016965    0.039459    0.027307    2.027307 v up_down (in)
                                                         up_down (net)
                      0.039459    0.000000    2.027307 v _41_/A1 (sky130_fd_sc_hd__o31ai_2)
     2    0.007390    0.244043    0.279621    2.306928 ^ _41_/Y (sky130_fd_sc_hd__o31ai_2)
                                                         _19_ (net)
                      0.244043    0.000020    2.306948 ^ _44_/C (sky130_fd_sc_hd__nand4_2)
     1    0.002392    0.075838    0.115574    2.422522 v _44_/Y (sky130_fd_sc_hd__nand4_2)
                                                         _22_ (net)
                      0.075838    0.000002    2.422523 v _45_/A3 (sky130_fd_sc_hd__a31o_2)
     1    0.002026    0.035069    0.244892    2.667415 v _45_/X (sky130_fd_sc_hd__a31o_2)
                                                         _03_ (net)
                      0.035069    0.000004    2.667419 v _49_/D (sky130_fd_sc_hd__dfxtp_2)
                                              2.667419   data arrival time

                                 10.000000   10.000000   clock clk (rise edge)
                                  0.000000   10.000000   clock source latency
     4    0.010615    0.054149    0.035953   10.035954 ^ clk (in)
                                                         clk (net)
                      0.054149    0.000000   10.035954 ^ _49_/CLK (sky130_fd_sc_hd__dfxtp_2)
                                 -0.250000    9.785954   clock uncertainty
                                  0.000000    9.785954   clock reconvergence pessimism
                                 -0.106414    9.679540   library setup time
                                              9.679540   data required time
---------------------------------------------------------------------------------------------
                                              9.679540   data required time
                                             -2.667419   data arrival time
---------------------------------------------------------------------------------------------
                                              7.012120   slack (MET)




===========================================================================
report_checks --slack_max -0.01
============================================================================
======================= nom_tt_025C_1v80 Corner ===================================

No paths found.


===========================================================================
 report_check_types -max_slew -max_cap -max_fanout -violators
============================================================================
======================= nom_tt_025C_1v80 Corner ===================================



===========================================================================
report_parasitic_annotation -report_unannotated
============================================================================
Found 0 unannotated drivers.
Found 0 partially unannotated drivers.

===========================================================================
max slew violation count 0
Writing metric design__max_slew_violation__count__corner:nom_tt_025C_1v80: 0
max fanout violation count 0
Writing metric design__max_fanout_violation__count__corner:nom_tt_025C_1v80: 0
max cap violation count 0
Writing metric design__max_cap_violation__count__corner:nom_tt_025C_1v80: 0
============================================================================

===========================================================================
check_setup -verbose -unconstrained_endpoints -multiple_clock -no_clock -no_input_delay -loops -generated_clocks
===========================================================================
