
===========================================================================
report_checks -path_delay min (Hold)
============================================================================
======================= nom_tt_025C_1v80 Corner ===================================

Startpoint: _46_ (rising edge-triggered flip-flop clocked by clk)
Endpoint: _46_ (rising edge-triggered flip-flop clocked by clk)
Path Group: clk
Path Type: min

Fanout         Cap        Slew       Delay        Time   Description
---------------------------------------------------------------------------------------------
                                  0.000000    0.000000   clock clk (rise edge)
                                  0.000000    0.000000   clock source latency
     4    0.010615    0.054149    0.035988    0.035988 ^ clk (in)
                                                         clk (net)
                      0.054149    0.000000    0.035988 ^ _46_/CLK (sky130_fd_sc_hd__dfxtp_2)
     7    0.064840    0.152097    0.423523    0.459512 v _46_/Q (sky130_fd_sc_hd__dfxtp_2)
                                                         counter[0] (net)
                      0.152097    0.000128    0.459640 v _28_/A1 (sky130_fd_sc_hd__o21ai_2)
     1    0.001796    0.033330    0.151867    0.611506 ^ _28_/Y (sky130_fd_sc_hd__o21ai_2)
                                                         _00_ (net)
                      0.033330    0.000001    0.611508 ^ _46_/D (sky130_fd_sc_hd__dfxtp_2)
                                              0.611508   data arrival time

                                  0.000000    0.000000   clock clk (rise edge)
                                  0.000000    0.000000   clock source latency
     4    0.010615    0.054149    0.035988    0.035988 ^ clk (in)
                                                         clk (net)
                      0.054149    0.000000    0.035988 ^ _46_/CLK (sky130_fd_sc_hd__dfxtp_2)
                                  0.250000    0.285988   clock uncertainty
                                  0.000000    0.285988   clock reconvergence pessimism
                                 -0.027571    0.258418   library hold time
                                              0.258418   data required time
---------------------------------------------------------------------------------------------
                                              0.258418   data required time
                                             -0.611508   data arrival time
---------------------------------------------------------------------------------------------
                                              0.353090   slack (MET)


Startpoint: _48_ (rising edge-triggered flip-flop clocked by clk)
Endpoint: _48_ (rising edge-triggered flip-flop clocked by clk)
Path Group: clk
Path Type: min

Fanout         Cap        Slew       Delay        Time   Description
---------------------------------------------------------------------------------------------
                                  0.000000    0.000000   clock clk (rise edge)
                                  0.000000    0.000000   clock source latency
     4    0.010615    0.054149    0.036000    0.036000 ^ clk (in)
                                                         clk (net)
                      0.054150    0.000000    0.036000 ^ _48_/CLK (sky130_fd_sc_hd__dfxtp_2)
     5    0.050901    0.122186    0.400538    0.436538 v _48_/Q (sky130_fd_sc_hd__dfxtp_2)
                                                         counter[2] (net)
                      0.122186    0.000047    0.436586 v _39_/A1 (sky130_fd_sc_hd__a21oi_2)
     1    0.004718    0.091944    0.152494    0.589079 ^ _39_/Y (sky130_fd_sc_hd__a21oi_2)
                                                         _18_ (net)
                      0.091944    0.000006    0.589085 ^ _40_/B1 (sky130_fd_sc_hd__o21ai_2)
     1    0.001862    0.019365    0.052836    0.641921 v _40_/Y (sky130_fd_sc_hd__o21ai_2)
                                                         _02_ (net)
                      0.019365    0.000002    0.641923 v _48_/D (sky130_fd_sc_hd__dfxtp_2)
                                              0.641923   data arrival time

                                  0.000000    0.000000   clock clk (rise edge)
                                  0.000000    0.000000   clock source latency
     4    0.010615    0.054149    0.036000    0.036000 ^ clk (in)
                                                         clk (net)
                      0.054150    0.000000    0.036000 ^ _48_/CLK (sky130_fd_sc_hd__dfxtp_2)
                                  0.250000    0.286000   clock uncertainty
                                  0.000000    0.286000   clock reconvergence pessimism
                                 -0.033500    0.252500   library hold time
                                              0.252500   data required time
---------------------------------------------------------------------------------------------
                                              0.252500   data required time
                                             -0.641923   data arrival time
---------------------------------------------------------------------------------------------
                                              0.389423   slack (MET)


Startpoint: _49_ (rising edge-triggered flip-flop clocked by clk)
Endpoint: _49_ (rising edge-triggered flip-flop clocked by clk)
Path Group: clk
Path Type: min

Fanout         Cap        Slew       Delay        Time   Description
---------------------------------------------------------------------------------------------
                                  0.000000    0.000000   clock clk (rise edge)
                                  0.000000    0.000000   clock source latency
     4    0.010615    0.054149    0.035954    0.035954 ^ clk (in)
                                                         clk (net)
                      0.054149    0.000000    0.035954 ^ _49_/CLK (sky130_fd_sc_hd__dfxtp_2)
     3    0.041361    0.101830    0.384679    0.420633 v _49_/Q (sky130_fd_sc_hd__dfxtp_2)
                                                         counter[3] (net)
                      0.101830    0.000026    0.420659 v _44_/B (sky130_fd_sc_hd__nand4_2)
     1    0.002659    0.037943    0.097252    0.517911 ^ _44_/Y (sky130_fd_sc_hd__nand4_2)
                                                         _22_ (net)
                      0.037943    0.000002    0.517913 ^ _45_/A3 (sky130_fd_sc_hd__a31o_2)
     1    0.002019    0.032771    0.136243    0.654156 ^ _45_/X (sky130_fd_sc_hd__a31o_2)
                                                         _03_ (net)
                      0.032771    0.000003    0.654159 ^ _49_/D (sky130_fd_sc_hd__dfxtp_2)
                                              0.654159   data arrival time

                                  0.000000    0.000000   clock clk (rise edge)
                                  0.000000    0.000000   clock source latency
     4    0.010615    0.054149    0.035954    0.035954 ^ clk (in)
                                                         clk (net)
                      0.054149    0.000000    0.035954 ^ _49_/CLK (sky130_fd_sc_hd__dfxtp_2)
                                  0.250000    0.285954   clock uncertainty
                                  0.000000    0.285954   clock reconvergence pessimism
                                 -0.027455    0.258499   library hold time
                                              0.258499   data required time
---------------------------------------------------------------------------------------------
                                              0.258499   data required time
                                             -0.654159   data arrival time
---------------------------------------------------------------------------------------------
                                              0.395661   slack (MET)


Startpoint: _47_ (rising edge-triggered flip-flop clocked by clk)
Endpoint: _47_ (rising edge-triggered flip-flop clocked by clk)
Path Group: clk
Path Type: min

Fanout         Cap        Slew       Delay        Time   Description
---------------------------------------------------------------------------------------------
                                  0.000000    0.000000   clock clk (rise edge)
                                  0.000000    0.000000   clock source latency
     4    0.010615    0.054149    0.035982    0.035982 ^ clk (in)
                                                         clk (net)
                      0.054149    0.000000    0.035982 ^ _47_/CLK (sky130_fd_sc_hd__dfxtp_2)
     6    0.059558    0.299730    0.506438    0.542419 ^ _47_/Q (sky130_fd_sc_hd__dfxtp_2)
                                                         counter[1] (net)
                      0.299730    0.000119    0.542538 ^ _33_/A1 (sky130_fd_sc_hd__a21o_2)
     1    0.002579    0.029780    0.171529    0.714067 ^ _33_/X (sky130_fd_sc_hd__a21o_2)
                                                         _13_ (net)
                      0.029780    0.000001    0.714068 ^ _34_/B1 (sky130_fd_sc_hd__a31o_2)
     1    0.002151    0.028990    0.079562    0.793630 ^ _34_/X (sky130_fd_sc_hd__a31o_2)
                                                         _01_ (net)
                      0.028990    0.000004    0.793634 ^ _47_/D (sky130_fd_sc_hd__dfxtp_2)
                                              0.793634   data arrival time

                                  0.000000    0.000000   clock clk (rise edge)
                                  0.000000    0.000000   clock source latency
     4    0.010615    0.054149    0.035982    0.035982 ^ clk (in)
                                                         clk (net)
                      0.054149    0.000000    0.035982 ^ _47_/CLK (sky130_fd_sc_hd__dfxtp_2)
                                  0.250000    0.285982   clock uncertainty
                                  0.000000    0.285982   clock reconvergence pessimism
                                 -0.026673    0.259309   library hold time
                                              0.259309   data required time
---------------------------------------------------------------------------------------------
                                              0.259309   data required time
                                             -0.793634   data arrival time
---------------------------------------------------------------------------------------------
                                              0.534325   slack (MET)


Startpoint: _49_ (rising edge-triggered flip-flop clocked by clk)
Endpoint: counter[3] (output port clocked by clk)
Path Group: clk
Path Type: min

Fanout         Cap        Slew       Delay        Time   Description
---------------------------------------------------------------------------------------------
                                  0.000000    0.000000   clock clk (rise edge)
                                  0.000000    0.000000   clock source latency
     4    0.010615    0.054149    0.035954    0.035954 ^ clk (in)
                                                         clk (net)
                      0.054149    0.000000    0.035954 ^ _49_/CLK (sky130_fd_sc_hd__dfxtp_2)
     3    0.041361    0.101830    0.384679    0.420633 v _49_/Q (sky130_fd_sc_hd__dfxtp_2)
                                                         counter[3] (net)
                      0.101830    0.000186    0.420818 v counter[3] (out)
                                              0.420818   data arrival time

                                  0.000000    0.000000   clock clk (rise edge)
                                  0.000000    0.000000   clock network delay (propagated)
                                  0.250000    0.250000   clock uncertainty
                                  0.000000    0.250000   clock reconvergence pessimism
                                 -2.000000   -1.750000   output external delay
                                             -1.750000   data required time
---------------------------------------------------------------------------------------------
                                             -1.750000   data required time
                                             -0.420818   data arrival time
---------------------------------------------------------------------------------------------
                                              2.170819   slack (MET)


Startpoint: _48_ (rising edge-triggered flip-flop clocked by clk)
Endpoint: counter[2] (output port clocked by clk)
Path Group: clk
Path Type: min

Fanout         Cap        Slew       Delay        Time   Description
---------------------------------------------------------------------------------------------
                                  0.000000    0.000000   clock clk (rise edge)
                                  0.000000    0.000000   clock source latency
     4    0.010615    0.054149    0.036000    0.036000 ^ clk (in)
                                                         clk (net)
                      0.054150    0.000000    0.036000 ^ _48_/CLK (sky130_fd_sc_hd__dfxtp_2)
     5    0.050901    0.122186    0.400538    0.436538 v _48_/Q (sky130_fd_sc_hd__dfxtp_2)
                                                         counter[2] (net)
                      0.122186    0.000066    0.436604 v counter[2] (out)
                                              0.436604   data arrival time

                                  0.000000    0.000000   clock clk (rise edge)
                                  0.000000    0.000000   clock network delay (propagated)
                                  0.250000    0.250000   clock uncertainty
                                  0.000000    0.250000   clock reconvergence pessimism
                                 -2.000000   -1.750000   output external delay
                                             -1.750000   data required time
---------------------------------------------------------------------------------------------
                                             -1.750000   data required time
                                             -0.436604   data arrival time
---------------------------------------------------------------------------------------------
                                              2.186604   slack (MET)


Startpoint: _47_ (rising edge-triggered flip-flop clocked by clk)
Endpoint: counter[1] (output port clocked by clk)
Path Group: clk
Path Type: min

Fanout         Cap        Slew       Delay        Time   Description
---------------------------------------------------------------------------------------------
                                  0.000000    0.000000   clock clk (rise edge)
                                  0.000000    0.000000   clock source latency
     4    0.010615    0.054149    0.035982    0.035982 ^ clk (in)
                                                         clk (net)
                      0.054149    0.000000    0.035982 ^ _47_/CLK (sky130_fd_sc_hd__dfxtp_2)
     6    0.057544    0.136471    0.411406    0.447388 v _47_/Q (sky130_fd_sc_hd__dfxtp_2)
                                                         counter[1] (net)
                      0.136471    0.000238    0.447625 v counter[1] (out)
                                              0.447625   data arrival time

                                  0.000000    0.000000   clock clk (rise edge)
                                  0.000000    0.000000   clock network delay (propagated)
                                  0.250000    0.250000   clock uncertainty
                                  0.000000    0.250000   clock reconvergence pessimism
                                 -2.000000   -1.750000   output external delay
                                             -1.750000   data required time
---------------------------------------------------------------------------------------------
                                             -1.750000   data required time
                                             -0.447625   data arrival time
---------------------------------------------------------------------------------------------
                                              2.197625   slack (MET)


Startpoint: _46_ (rising edge-triggered flip-flop clocked by clk)
Endpoint: counter[0] (output port clocked by clk)
Path Group: clk
Path Type: min

Fanout         Cap        Slew       Delay        Time   Description
---------------------------------------------------------------------------------------------
                                  0.000000    0.000000   clock clk (rise edge)
                                  0.000000    0.000000   clock source latency
     4    0.010615    0.054149    0.035988    0.035988 ^ clk (in)
                                                         clk (net)
                      0.054149    0.000000    0.035988 ^ _46_/CLK (sky130_fd_sc_hd__dfxtp_2)
     7    0.064840    0.152097    0.423523    0.459512 v _46_/Q (sky130_fd_sc_hd__dfxtp_2)
                                                         counter[0] (net)
                      0.152097    0.000125    0.459637 v counter[0] (out)
                                              0.459637   data arrival time

                                  0.000000    0.000000   clock clk (rise edge)
                                  0.000000    0.000000   clock network delay (propagated)
                                  0.250000    0.250000   clock uncertainty
                                  0.000000    0.250000   clock reconvergence pessimism
                                 -2.000000   -1.750000   output external delay
                                             -1.750000   data required time
---------------------------------------------------------------------------------------------
                                             -1.750000   data required time
                                             -0.459637   data arrival time
---------------------------------------------------------------------------------------------
                                              2.209637   slack (MET)



