
===========================================================================
report_checks -path_delay max (Setup)
============================================================================
======================= nom_tt_025C_1v80 Corner ===================================

Startpoint: _46_ (rising edge-triggered flip-flop clocked by clk)
Endpoint: counter[0] (output port clocked by clk)
Path Group: clk
Path Type: max

Fanout         Cap        Slew       Delay        Time   Description
---------------------------------------------------------------------------------------------
                                  0.000000    0.000000   clock clk (rise edge)
                                  0.000000    0.000000   clock source latency
     1    0.009525    0.049291    0.032454    0.032454 ^ clk (in)
                                                         clk (net)
                      0.049291    0.000000    0.032454 ^ clkbuf_0_clk/A (sky130_fd_sc_hd__clkbuf_16)
     2    0.017083    0.039362    0.124236    0.156690 ^ clkbuf_0_clk/X (sky130_fd_sc_hd__clkbuf_16)
                                                         clknet_0_clk (net)
                      0.039362    0.000042    0.156731 ^ clkbuf_1_0__f_clk/A (sky130_fd_sc_hd__clkbuf_16)
     2    0.004689    0.028480    0.108113    0.264845 ^ clkbuf_1_0__f_clk/X (sky130_fd_sc_hd__clkbuf_16)
                                                         clknet_1_0__leaf_clk (net)
                      0.028480    0.000012    0.264856 ^ _46_/CLK (sky130_fd_sc_hd__dfxtp_1)
     7    0.022442    0.214714    0.420999    0.685856 ^ _46_/Q (sky130_fd_sc_hd__dfxtp_1)
                                                         net4 (net)
                      0.214714    0.000069    0.685925 ^ output4/A (sky130_fd_sc_hd__buf_2)
     1    0.034622    0.172264    0.253056    0.938981 ^ output4/X (sky130_fd_sc_hd__buf_2)
                                                         counter[0] (net)
                      0.172264    0.000230    0.939211 ^ counter[0] (out)
                                              0.939211   data arrival time

                                 10.000000   10.000000   clock clk (rise edge)
                                  0.000000   10.000000   clock network delay (propagated)
                                 -0.250000    9.750000   clock uncertainty
                                  0.000000    9.750000   clock reconvergence pessimism
                                 -2.000000    7.750000   output external delay
                                              7.750000   data required time
---------------------------------------------------------------------------------------------
                                              7.750000   data required time
                                             -0.939211   data arrival time
---------------------------------------------------------------------------------------------
                                              6.810789   slack (MET)


Startpoint: _47_ (rising edge-triggered flip-flop clocked by clk)
Endpoint: counter[1] (output port clocked by clk)
Path Group: clk
Path Type: max

Fanout         Cap        Slew       Delay        Time   Description
---------------------------------------------------------------------------------------------
                                  0.000000    0.000000   clock clk (rise edge)
                                  0.000000    0.000000   clock source latency
     1    0.009525    0.049291    0.032454    0.032454 ^ clk (in)
                                                         clk (net)
                      0.049291    0.000000    0.032454 ^ clkbuf_0_clk/A (sky130_fd_sc_hd__clkbuf_16)
     2    0.017083    0.039362    0.124236    0.156690 ^ clkbuf_0_clk/X (sky130_fd_sc_hd__clkbuf_16)
                                                         clknet_0_clk (net)
                      0.039362    0.000069    0.156758 ^ clkbuf_1_1__f_clk/A (sky130_fd_sc_hd__clkbuf_16)
     2    0.004870    0.028646    0.108330    0.265088 ^ clkbuf_1_1__f_clk/X (sky130_fd_sc_hd__clkbuf_16)
                                                         clknet_1_1__leaf_clk (net)
                      0.028646    0.000015    0.265103 ^ _47_/CLK (sky130_fd_sc_hd__dfxtp_1)
     6    0.019327    0.186654    0.401041    0.666144 ^ _47_/Q (sky130_fd_sc_hd__dfxtp_1)
                                                         net5 (net)
                      0.186654    0.000000    0.666145 ^ output5/A (sky130_fd_sc_hd__buf_2)
     1    0.034518    0.171744    0.245139    0.911284 ^ output5/X (sky130_fd_sc_hd__buf_2)
                                                         counter[1] (net)
                      0.171744    0.000205    0.911489 ^ counter[1] (out)
                                              0.911489   data arrival time

                                 10.000000   10.000000   clock clk (rise edge)
                                  0.000000   10.000000   clock network delay (propagated)
                                 -0.250000    9.750000   clock uncertainty
                                  0.000000    9.750000   clock reconvergence pessimism
                                 -2.000000    7.750000   output external delay
                                              7.750000   data required time
---------------------------------------------------------------------------------------------
                                              7.750000   data required time
                                             -0.911489   data arrival time
---------------------------------------------------------------------------------------------
                                              6.838511   slack (MET)


Startpoint: _48_ (rising edge-triggered flip-flop clocked by clk)
Endpoint: counter[2] (output port clocked by clk)
Path Group: clk
Path Type: max

Fanout         Cap        Slew       Delay        Time   Description
---------------------------------------------------------------------------------------------
                                  0.000000    0.000000   clock clk (rise edge)
                                  0.000000    0.000000   clock source latency
     1    0.009525    0.049291    0.032454    0.032454 ^ clk (in)
                                                         clk (net)
                      0.049291    0.000000    0.032454 ^ clkbuf_0_clk/A (sky130_fd_sc_hd__clkbuf_16)
     2    0.017083    0.039362    0.124236    0.156690 ^ clkbuf_0_clk/X (sky130_fd_sc_hd__clkbuf_16)
                                                         clknet_0_clk (net)
                      0.039362    0.000042    0.156731 ^ clkbuf_1_0__f_clk/A (sky130_fd_sc_hd__clkbuf_16)
     2    0.004689    0.028480    0.108113    0.264845 ^ clkbuf_1_0__f_clk/X (sky130_fd_sc_hd__clkbuf_16)
                                                         clknet_1_0__leaf_clk (net)
                      0.028480    0.000009    0.264853 ^ _48_/CLK (sky130_fd_sc_hd__dfxtp_1)
     5    0.013896    0.137766    0.366108    0.630961 ^ _48_/Q (sky130_fd_sc_hd__dfxtp_1)
                                                         net6 (net)
                      0.137766    0.000032    0.630993 ^ output6/A (sky130_fd_sc_hd__buf_2)
     1    0.034258    0.170461    0.231109    0.862102 ^ output6/X (sky130_fd_sc_hd__buf_2)
                                                         counter[2] (net)
                      0.170461    0.000130    0.862232 ^ counter[2] (out)
                                              0.862232   data arrival time

                                 10.000000   10.000000   clock clk (rise edge)
                                  0.000000   10.000000   clock network delay (propagated)
                                 -0.250000    9.750000   clock uncertainty
                                  0.000000    9.750000   clock reconvergence pessimism
                                 -2.000000    7.750000   output external delay
                                              7.750000   data required time
---------------------------------------------------------------------------------------------
                                              7.750000   data required time
                                             -0.862232   data arrival time
---------------------------------------------------------------------------------------------
                                              6.887767   slack (MET)


Startpoint: _49_ (rising edge-triggered flip-flop clocked by clk)
Endpoint: counter[3] (output port clocked by clk)
Path Group: clk
Path Type: max

Fanout         Cap        Slew       Delay        Time   Description
---------------------------------------------------------------------------------------------
                                  0.000000    0.000000   clock clk (rise edge)
                                  0.000000    0.000000   clock source latency
     1    0.009525    0.049291    0.032454    0.032454 ^ clk (in)
                                                         clk (net)
                      0.049291    0.000000    0.032454 ^ clkbuf_0_clk/A (sky130_fd_sc_hd__clkbuf_16)
     2    0.017083    0.039362    0.124236    0.156690 ^ clkbuf_0_clk/X (sky130_fd_sc_hd__clkbuf_16)
                                                         clknet_0_clk (net)
                      0.039362    0.000069    0.156758 ^ clkbuf_1_1__f_clk/A (sky130_fd_sc_hd__clkbuf_16)
     2    0.004870    0.028646    0.108330    0.265088 ^ clkbuf_1_1__f_clk/X (sky130_fd_sc_hd__clkbuf_16)
                                                         clknet_1_1__leaf_clk (net)
                      0.028646    0.000019    0.265107 ^ _49_/CLK (sky130_fd_sc_hd__dfxtp_1)
     3    0.007684    0.084892    0.326061    0.591168 ^ _49_/Q (sky130_fd_sc_hd__dfxtp_1)
                                                         net7 (net)
                      0.084892    0.000007    0.591175 ^ output7/A (sky130_fd_sc_hd__buf_2)
     1    0.033953    0.171319    0.212207    0.803382 ^ output7/X (sky130_fd_sc_hd__buf_2)
                                                         counter[3] (net)
                      0.171319    0.000074    0.803457 ^ counter[3] (out)
                                              0.803457   data arrival time

                                 10.000000   10.000000   clock clk (rise edge)
                                  0.000000   10.000000   clock network delay (propagated)
                                 -0.250000    9.750000   clock uncertainty
                                  0.000000    9.750000   clock reconvergence pessimism
                                 -2.000000    7.750000   output external delay
                                              7.750000   data required time
---------------------------------------------------------------------------------------------
                                              7.750000   data required time
                                             -0.803457   data arrival time
---------------------------------------------------------------------------------------------
                                              6.946543   slack (MET)


Startpoint: up_down (input port clocked by clk)
Endpoint: _49_ (rising edge-triggered flip-flop clocked by clk)
Path Group: clk
Path Type: max

Fanout         Cap        Slew       Delay        Time   Description
---------------------------------------------------------------------------------------------
                                  0.000000    0.000000   clock clk (rise edge)
                                  0.000000    0.000000   clock network delay (propagated)
                                  2.000000    2.000000 v input external delay
     1    0.002472    0.007875    0.003859    2.003859 v up_down (in)
                                                         up_down (net)
                      0.007875    0.000000    2.003859 v input3/A (sky130_fd_sc_hd__buf_1)
     5    0.010525    0.068500    0.106917    2.110776 v input3/X (sky130_fd_sc_hd__buf_1)
                                                         net3 (net)
                      0.068500    0.000007    2.110783 v _41_/A1 (sky130_fd_sc_hd__o31ai_1)
     2    0.005537    0.269943    0.297349    2.408132 ^ _41_/Y (sky130_fd_sc_hd__o31ai_1)
                                                         _19_ (net)
                      0.269943    0.000013    2.408145 ^ _44_/C (sky130_fd_sc_hd__nand4_1)
     1    0.002487    0.082782    0.123527    2.531672 v _44_/Y (sky130_fd_sc_hd__nand4_1)
                                                         _22_ (net)
                      0.082782    0.000002    2.531674 v _45_/A3 (sky130_fd_sc_hd__a31o_1)
     1    0.002114    0.034651    0.220069    2.751744 v _45_/X (sky130_fd_sc_hd__a31o_1)
                                                         _03_ (net)
                      0.034651    0.000004    2.751748 v _49_/D (sky130_fd_sc_hd__dfxtp_1)
                                              2.751748   data arrival time

                                 10.000000   10.000000   clock clk (rise edge)
                                  0.000000   10.000000   clock source latency
     1    0.009525    0.049291    0.032454   10.032454 ^ clk (in)
                                                         clk (net)
                      0.049291    0.000000   10.032454 ^ clkbuf_0_clk/A (sky130_fd_sc_hd__clkbuf_16)
     2    0.017083    0.039362    0.124236   10.156690 ^ clkbuf_0_clk/X (sky130_fd_sc_hd__clkbuf_16)
                                                         clknet_0_clk (net)
                      0.039362    0.000068   10.156758 ^ clkbuf_1_1__f_clk/A (sky130_fd_sc_hd__clkbuf_16)
     2    0.004870    0.028646    0.108329   10.265088 ^ clkbuf_1_1__f_clk/X (sky130_fd_sc_hd__clkbuf_16)
                                                         clknet_1_1__leaf_clk (net)
                      0.028646    0.000020   10.265107 ^ _49_/CLK (sky130_fd_sc_hd__dfxtp_1)
                                 -0.250000   10.015107   clock uncertainty
                                  0.000000   10.015107   clock reconvergence pessimism
                                 -0.109805    9.905303   library setup time
                                              9.905303   data required time
---------------------------------------------------------------------------------------------
                                              9.905303   data required time
                                             -2.751748   data arrival time
---------------------------------------------------------------------------------------------
                                              7.153554   slack (MET)


Startpoint: enable (input port clocked by clk)
Endpoint: _47_ (rising edge-triggered flip-flop clocked by clk)
Path Group: clk
Path Type: max

Fanout         Cap        Slew       Delay        Time   Description
---------------------------------------------------------------------------------------------
                                  0.000000    0.000000   clock clk (rise edge)
                                  0.000000    0.000000   clock network delay (propagated)
                                  2.000000    2.000000 ^ input external delay
     1    0.002730    0.019431    0.010046    2.010046 ^ enable (in)
                                                         enable (net)
                      0.019431    0.000000    2.010046 ^ input1/A (sky130_fd_sc_hd__buf_1)
     5    0.013208    0.164449    0.154185    2.164231 ^ input1/X (sky130_fd_sc_hd__buf_1)
                                                         net1 (net)
                      0.164449    0.000029    2.164259 ^ _26_/A (sky130_fd_sc_hd__nor2_1)
     3    0.007729    0.065233    0.093846    2.258105 v _26_/Y (sky130_fd_sc_hd__nor2_1)
                                                         _07_ (net)
                      0.065233    0.000014    2.258119 v _33_/A2 (sky130_fd_sc_hd__a21o_1)
     1    0.002389    0.032244    0.176242    2.434361 v _33_/X (sky130_fd_sc_hd__a21o_1)
                                                         _13_ (net)
                      0.032244    0.000002    2.434364 v _34_/B1 (sky130_fd_sc_hd__a31o_1)
     1    0.002098    0.034427    0.169329    2.603693 v _34_/X (sky130_fd_sc_hd__a31o_1)
                                                         _01_ (net)
                      0.034427    0.000004    2.603697 v _47_/D (sky130_fd_sc_hd__dfxtp_1)
                                              2.603697   data arrival time

                                 10.000000   10.000000   clock clk (rise edge)
                                  0.000000   10.000000   clock source latency
     1    0.009525    0.049291    0.032454   10.032454 ^ clk (in)
                                                         clk (net)
                      0.049291    0.000000   10.032454 ^ clkbuf_0_clk/A (sky130_fd_sc_hd__clkbuf_16)
     2    0.017083    0.039362    0.124236   10.156690 ^ clkbuf_0_clk/X (sky130_fd_sc_hd__clkbuf_16)
                                                         clknet_0_clk (net)
                      0.039362    0.000068   10.156758 ^ clkbuf_1_1__f_clk/A (sky130_fd_sc_hd__clkbuf_16)
     2    0.004870    0.028646    0.108329   10.265088 ^ clkbuf_1_1__f_clk/X (sky130_fd_sc_hd__clkbuf_16)
                                                         clknet_1_1__leaf_clk (net)
                      0.028646    0.000016   10.265103 ^ _47_/CLK (sky130_fd_sc_hd__dfxtp_1)
                                 -0.250000   10.015103   clock uncertainty
                                  0.000000   10.015103   clock reconvergence pessimism
                                 -0.109707    9.905396   library setup time
                                              9.905396   data required time
---------------------------------------------------------------------------------------------
                                              9.905396   data required time
                                             -2.603697   data arrival time
---------------------------------------------------------------------------------------------
                                              7.301700   slack (MET)


Startpoint: up_down (input port clocked by clk)
Endpoint: _48_ (rising edge-triggered flip-flop clocked by clk)
Path Group: clk
Path Type: max

Fanout         Cap        Slew       Delay        Time   Description
---------------------------------------------------------------------------------------------
                                  0.000000    0.000000   clock clk (rise edge)
                                  0.000000    0.000000   clock network delay (propagated)
                                  2.000000    2.000000 v input external delay
     1    0.002472    0.007875    0.003859    2.003859 v up_down (in)
                                                         up_down (net)
                      0.007875    0.000000    2.003859 v input3/A (sky130_fd_sc_hd__buf_1)
     5    0.010525    0.068500    0.106917    2.110776 v input3/X (sky130_fd_sc_hd__buf_1)
                                                         net3 (net)
                      0.068500    0.000012    2.110788 v _30_/A (sky130_fd_sc_hd__or2_1)
     2    0.007072    0.069916    0.254682    2.365470 v _30_/X (sky130_fd_sc_hd__or2_1)
                                                         _10_ (net)
                      0.069916    0.000014    2.365483 v _38_/A (sky130_fd_sc_hd__xnor2_1)
     1    0.002997    0.122321    0.157248    2.522732 ^ _38_/Y (sky130_fd_sc_hd__xnor2_1)
                                                         _17_ (net)
                      0.122321    0.000006    2.522738 ^ _40_/A2 (sky130_fd_sc_hd__o21ai_1)
     1    0.001871    0.043610    0.064491    2.587229 v _40_/Y (sky130_fd_sc_hd__o21ai_1)
                                                         _02_ (net)
                      0.043610    0.000002    2.587230 v _48_/D (sky130_fd_sc_hd__dfxtp_1)
                                              2.587230   data arrival time

                                 10.000000   10.000000   clock clk (rise edge)
                                  0.000000   10.000000   clock source latency
     1    0.009525    0.049291    0.032454   10.032454 ^ clk (in)
                                                         clk (net)
                      0.049291    0.000000   10.032454 ^ clkbuf_0_clk/A (sky130_fd_sc_hd__clkbuf_16)
     2    0.017083    0.039362    0.124236   10.156690 ^ clkbuf_0_clk/X (sky130_fd_sc_hd__clkbuf_16)
                                                         clknet_0_clk (net)
                      0.039362    0.000042   10.156732 ^ clkbuf_1_0__f_clk/A (sky130_fd_sc_hd__clkbuf_16)
     2    0.004689    0.028480    0.108114   10.264845 ^ clkbuf_1_0__f_clk/X (sky130_fd_sc_hd__clkbuf_16)
                                                         clknet_1_0__leaf_clk (net)
                      0.028480    0.000008   10.264853 ^ _48_/CLK (sky130_fd_sc_hd__dfxtp_1)
                                 -0.250000   10.014853   clock uncertainty
                                  0.000000   10.014853   clock reconvergence pessimism
                                 -0.113779    9.901074   library setup time
                                              9.901074   data required time
---------------------------------------------------------------------------------------------
                                              9.901074   data required time
                                             -2.587230   data arrival time
---------------------------------------------------------------------------------------------
                                              7.313844   slack (MET)


Startpoint: reset (input port clocked by clk)
Endpoint: _46_ (rising edge-triggered flip-flop clocked by clk)
Path Group: clk
Path Type: max

Fanout         Cap        Slew       Delay        Time   Description
---------------------------------------------------------------------------------------------
                                  0.000000    0.000000   clock clk (rise edge)
                                  0.000000    0.000000   clock network delay (propagated)
                                  2.000000    2.000000 ^ input external delay
     1    0.003097    0.021012    0.011334    2.011334 ^ reset (in)
                                                         reset (net)
                      0.021012    0.000000    2.011334 ^ input2/A (sky130_fd_sc_hd__buf_1)
     2    0.008335    0.105760    0.116395    2.127729 ^ input2/X (sky130_fd_sc_hd__buf_1)
                                                         net2 (net)
                      0.105760    0.000048    2.127776 ^ _23_/A (sky130_fd_sc_hd__inv_2)
     4    0.010271    0.040676    0.057053    2.184829 v _23_/Y (sky130_fd_sc_hd__inv_2)
                                                         _04_ (net)
                      0.040676    0.000004    2.184833 v _25_/A (sky130_fd_sc_hd__nor2_1)
     4    0.011329    0.221303    0.199799    2.384631 ^ _25_/Y (sky130_fd_sc_hd__nor2_1)
                                                         _06_ (net)
                      0.221303    0.000015    2.384647 ^ _27_/B1 (sky130_fd_sc_hd__a21oi_1)
     1    0.002059    0.062550    0.057891    2.442538 v _27_/Y (sky130_fd_sc_hd__a21oi_1)
                                                         _08_ (net)
                      0.062550    0.000000    2.442538 v _28_/B1 (sky130_fd_sc_hd__o21ai_1)
     1    0.002429    0.094336    0.072507    2.515045 ^ _28_/Y (sky130_fd_sc_hd__o21ai_1)
                                                         _00_ (net)
                      0.094336    0.000008    2.515053 ^ _46_/D (sky130_fd_sc_hd__dfxtp_1)
                                              2.515053   data arrival time

                                 10.000000   10.000000   clock clk (rise edge)
                                  0.000000   10.000000   clock source latency
     1    0.009525    0.049291    0.032454   10.032454 ^ clk (in)
                                                         clk (net)
                      0.049291    0.000000   10.032454 ^ clkbuf_0_clk/A (sky130_fd_sc_hd__clkbuf_16)
     2    0.017083    0.039362    0.124236   10.156690 ^ clkbuf_0_clk/X (sky130_fd_sc_hd__clkbuf_16)
                                                         clknet_0_clk (net)
                      0.039362    0.000042   10.156732 ^ clkbuf_1_0__f_clk/A (sky130_fd_sc_hd__clkbuf_16)
     2    0.004689    0.028480    0.108114   10.264845 ^ clkbuf_1_0__f_clk/X (sky130_fd_sc_hd__clkbuf_16)
                                                         clknet_1_0__leaf_clk (net)
                      0.028480    0.000012   10.264856 ^ _46_/CLK (sky130_fd_sc_hd__dfxtp_1)
                                 -0.250000   10.014856   clock uncertainty
                                  0.000000   10.014856   clock reconvergence pessimism
                                 -0.067791    9.947065   library setup time
                                              9.947065   data required time
---------------------------------------------------------------------------------------------
                                              9.947065   data required time
                                             -2.515053   data arrival time
---------------------------------------------------------------------------------------------
                                              7.432013   slack (MET)



