
===========================================================================
report_checks -path_delay min (Hold)
============================================================================
======================= min_ff_n40C_1v95 Corner ===================================

Startpoint: _46_ (rising edge-triggered flip-flop clocked by clk)
Endpoint: _46_ (rising edge-triggered flip-flop clocked by clk)
Path Group: clk
Path Type: min

Fanout         Cap        Slew       Delay        Time   Description
---------------------------------------------------------------------------------------------
                                  0.000000    0.000000   clock clk (rise edge)
                                  0.000000    0.000000   clock source latency
     1    0.010628    0.040627    0.026581    0.026581 ^ clk (in)
                                                         clk (net)
                      0.040627    0.000000    0.026581 ^ clkbuf_0_clk/A (sky130_fd_sc_hd__clkbuf_16)
     2    0.018539    0.030219    0.086277    0.112858 ^ clkbuf_0_clk/X (sky130_fd_sc_hd__clkbuf_16)
                                                         clknet_0_clk (net)
                      0.030220    0.000215    0.113073 ^ clkbuf_1_0__f_clk/A (sky130_fd_sc_hd__clkbuf_16)
     2    0.006355    0.021923    0.074674    0.187747 ^ clkbuf_1_0__f_clk/X (sky130_fd_sc_hd__clkbuf_16)
                                                         clknet_1_0__leaf_clk (net)
                      0.021923    0.000053    0.187800 ^ _46_/CLK (sky130_fd_sc_hd__dfxtp_1)
     7    0.023158    0.078868    0.233754    0.421554 v _46_/Q (sky130_fd_sc_hd__dfxtp_1)
                                                         net4 (net)
                      0.078868    0.000130    0.421684 v _27_/A1 (sky130_fd_sc_hd__a21oi_1)
     1    0.002229    0.043087    0.091522    0.513205 ^ _27_/Y (sky130_fd_sc_hd__a21oi_1)
                                                         _08_ (net)
                      0.043087    0.000009    0.513214 ^ _28_/B1 (sky130_fd_sc_hd__o21ai_1)
     1    0.002101    0.018975    0.022524    0.535738 v _28_/Y (sky130_fd_sc_hd__o21ai_1)
                                                         _00_ (net)
                      0.018975    0.000018    0.535757 v _46_/D (sky130_fd_sc_hd__dfxtp_1)
                                              0.535757   data arrival time

                                  0.000000    0.000000   clock clk (rise edge)
                                  0.000000    0.000000   clock source latency
     1    0.010628    0.040627    0.026581    0.026581 ^ clk (in)
                                                         clk (net)
                      0.040627    0.000000    0.026581 ^ clkbuf_0_clk/A (sky130_fd_sc_hd__clkbuf_16)
     2    0.018539    0.030219    0.086277    0.112858 ^ clkbuf_0_clk/X (sky130_fd_sc_hd__clkbuf_16)
                                                         clknet_0_clk (net)
                      0.030220    0.000215    0.113073 ^ clkbuf_1_0__f_clk/A (sky130_fd_sc_hd__clkbuf_16)
     2    0.006355    0.021923    0.074674    0.187747 ^ clkbuf_1_0__f_clk/X (sky130_fd_sc_hd__clkbuf_16)
                                                         clknet_1_0__leaf_clk (net)
                      0.021923    0.000053    0.187800 ^ _46_/CLK (sky130_fd_sc_hd__dfxtp_1)
                                  0.250000    0.437800   clock uncertainty
                                  0.000000    0.437800   clock reconvergence pessimism
                                 -0.036499    0.401301   library hold time
                                              0.401301   data required time
---------------------------------------------------------------------------------------------
                                              0.401301   data required time
                                             -0.535757   data arrival time
---------------------------------------------------------------------------------------------
                                              0.134456   slack (MET)


Startpoint: _47_ (rising edge-triggered flip-flop clocked by clk)
Endpoint: _47_ (rising edge-triggered flip-flop clocked by clk)
Path Group: clk
Path Type: min

Fanout         Cap        Slew       Delay        Time   Description
---------------------------------------------------------------------------------------------
                                  0.000000    0.000000   clock clk (rise edge)
                                  0.000000    0.000000   clock source latency
     1    0.010628    0.040627    0.026581    0.026581 ^ clk (in)
                                                         clk (net)
                      0.040627    0.000000    0.026581 ^ clkbuf_0_clk/A (sky130_fd_sc_hd__clkbuf_16)
     2    0.018539    0.030219    0.086277    0.112858 ^ clkbuf_0_clk/X (sky130_fd_sc_hd__clkbuf_16)
                                                         clknet_0_clk (net)
                      0.030220    0.000245    0.113103 ^ clkbuf_1_1__f_clk/A (sky130_fd_sc_hd__clkbuf_16)
     2    0.007564    0.022835    0.075705    0.188808 ^ clkbuf_1_1__f_clk/X (sky130_fd_sc_hd__clkbuf_16)
                                                         clknet_1_1__leaf_clk (net)
                      0.022835    0.000098    0.188906 ^ _47_/CLK (sky130_fd_sc_hd__dfxtp_1)
     6    0.023387    0.168067    0.280653    0.469559 ^ _47_/Q (sky130_fd_sc_hd__dfxtp_1)
                                                         net5 (net)
                      0.168067    0.000358    0.469917 ^ _33_/A1 (sky130_fd_sc_hd__a21o_1)
     1    0.002689    0.027299    0.075858    0.545775 ^ _33_/X (sky130_fd_sc_hd__a21o_1)
                                                         _13_ (net)
                      0.027299    0.000011    0.545786 ^ _34_/B1 (sky130_fd_sc_hd__a31o_1)
     1    0.003725    0.033314    0.054815    0.600601 ^ _34_/X (sky130_fd_sc_hd__a31o_1)
                                                         _01_ (net)
                      0.033314    0.000054    0.600655 ^ _47_/D (sky130_fd_sc_hd__dfxtp_1)
                                              0.600655   data arrival time

                                  0.000000    0.000000   clock clk (rise edge)
                                  0.000000    0.000000   clock source latency
     1    0.010628    0.040627    0.026581    0.026581 ^ clk (in)
                                                         clk (net)
                      0.040627    0.000000    0.026581 ^ clkbuf_0_clk/A (sky130_fd_sc_hd__clkbuf_16)
     2    0.018539    0.030219    0.086277    0.112858 ^ clkbuf_0_clk/X (sky130_fd_sc_hd__clkbuf_16)
                                                         clknet_0_clk (net)
                      0.030220    0.000245    0.113103 ^ clkbuf_1_1__f_clk/A (sky130_fd_sc_hd__clkbuf_16)
     2    0.007564    0.022835    0.075705    0.188808 ^ clkbuf_1_1__f_clk/X (sky130_fd_sc_hd__clkbuf_16)
                                                         clknet_1_1__leaf_clk (net)
                      0.022835    0.000098    0.188906 ^ _47_/CLK (sky130_fd_sc_hd__dfxtp_1)
                                  0.250000    0.438906   clock uncertainty
                                  0.000000    0.438906   clock reconvergence pessimism
                                 -0.017659    0.421247   library hold time
                                              0.421247   data required time
---------------------------------------------------------------------------------------------
                                              0.421247   data required time
                                             -0.600655   data arrival time
---------------------------------------------------------------------------------------------
                                              0.179408   slack (MET)


Startpoint: _48_ (rising edge-triggered flip-flop clocked by clk)
Endpoint: _48_ (rising edge-triggered flip-flop clocked by clk)
Path Group: clk
Path Type: min

Fanout         Cap        Slew       Delay        Time   Description
---------------------------------------------------------------------------------------------
                                  0.000000    0.000000   clock clk (rise edge)
                                  0.000000    0.000000   clock source latency
     1    0.010628    0.040627    0.026581    0.026581 ^ clk (in)
                                                         clk (net)
                      0.040627    0.000000    0.026581 ^ clkbuf_0_clk/A (sky130_fd_sc_hd__clkbuf_16)
     2    0.018539    0.030219    0.086277    0.112858 ^ clkbuf_0_clk/X (sky130_fd_sc_hd__clkbuf_16)
                                                         clknet_0_clk (net)
                      0.030220    0.000215    0.113073 ^ clkbuf_1_0__f_clk/A (sky130_fd_sc_hd__clkbuf_16)
     2    0.006355    0.021923    0.074674    0.187747 ^ clkbuf_1_0__f_clk/X (sky130_fd_sc_hd__clkbuf_16)
                                                         clknet_1_0__leaf_clk (net)
                      0.021923    0.000062    0.187808 ^ _48_/CLK (sky130_fd_sc_hd__dfxtp_1)
     5    0.015041    0.054271    0.214444    0.402252 v _48_/Q (sky130_fd_sc_hd__dfxtp_1)
                                                         net6 (net)
                      0.054271    0.000081    0.402333 v _35_/B1 (sky130_fd_sc_hd__a21o_1)
     1    0.002887    0.019307    0.076396    0.478729 v _35_/X (sky130_fd_sc_hd__a21o_1)
                                                         _14_ (net)
                      0.019307    0.000018    0.478747 v _37_/A (sky130_fd_sc_hd__nand2_1)
     1    0.005066    0.041548    0.043429    0.522176 ^ _37_/Y (sky130_fd_sc_hd__nand2_1)
                                                         _16_ (net)
                      0.041548    0.000025    0.522201 ^ _38_/B (sky130_fd_sc_hd__xnor2_1)
     1    0.002679    0.021260    0.034310    0.556511 v _38_/Y (sky130_fd_sc_hd__xnor2_1)
                                                         _17_ (net)
                      0.021260    0.000023    0.556535 v _40_/A2 (sky130_fd_sc_hd__o21ai_1)
     1    0.002941    0.039671    0.072963    0.629497 ^ _40_/Y (sky130_fd_sc_hd__o21ai_1)
                                                         _02_ (net)
                      0.039671    0.000033    0.629530 ^ _48_/D (sky130_fd_sc_hd__dfxtp_1)
                                              0.629530   data arrival time

                                  0.000000    0.000000   clock clk (rise edge)
                                  0.000000    0.000000   clock source latency
     1    0.010628    0.040627    0.026581    0.026581 ^ clk (in)
                                                         clk (net)
                      0.040627    0.000000    0.026581 ^ clkbuf_0_clk/A (sky130_fd_sc_hd__clkbuf_16)
     2    0.018539    0.030219    0.086277    0.112858 ^ clkbuf_0_clk/X (sky130_fd_sc_hd__clkbuf_16)
                                                         clknet_0_clk (net)
                      0.030220    0.000215    0.113073 ^ clkbuf_1_0__f_clk/A (sky130_fd_sc_hd__clkbuf_16)
     2    0.006355    0.021923    0.074674    0.187747 ^ clkbuf_1_0__f_clk/X (sky130_fd_sc_hd__clkbuf_16)
                                                         clknet_1_0__leaf_clk (net)
                      0.021923    0.000062    0.187808 ^ _48_/CLK (sky130_fd_sc_hd__dfxtp_1)
                                  0.250000    0.437808   clock uncertainty
                                  0.000000    0.437808   clock reconvergence pessimism
                                 -0.018131    0.419677   library hold time
                                              0.419677   data required time
---------------------------------------------------------------------------------------------
                                              0.419677   data required time
                                             -0.629530   data arrival time
---------------------------------------------------------------------------------------------
                                              0.209853   slack (MET)


Startpoint: _49_ (rising edge-triggered flip-flop clocked by clk)
Endpoint: _49_ (rising edge-triggered flip-flop clocked by clk)
Path Group: clk
Path Type: min

Fanout         Cap        Slew       Delay        Time   Description
---------------------------------------------------------------------------------------------
                                  0.000000    0.000000   clock clk (rise edge)
                                  0.000000    0.000000   clock source latency
     1    0.010628    0.040627    0.026581    0.026581 ^ clk (in)
                                                         clk (net)
                      0.040627    0.000000    0.026581 ^ clkbuf_0_clk/A (sky130_fd_sc_hd__clkbuf_16)
     2    0.018539    0.030219    0.086277    0.112858 ^ clkbuf_0_clk/X (sky130_fd_sc_hd__clkbuf_16)
                                                         clknet_0_clk (net)
                      0.030220    0.000245    0.113103 ^ clkbuf_1_1__f_clk/A (sky130_fd_sc_hd__clkbuf_16)
     2    0.007564    0.022835    0.075705    0.188808 ^ clkbuf_1_1__f_clk/X (sky130_fd_sc_hd__clkbuf_16)
                                                         clknet_1_1__leaf_clk (net)
                      0.022835    0.000073    0.188881 ^ _49_/CLK (sky130_fd_sc_hd__dfxtp_1)
     3    0.007865    0.062549    0.206468    0.395349 ^ _49_/Q (sky130_fd_sc_hd__dfxtp_1)
                                                         net7 (net)
                      0.062549    0.000091    0.395441 ^ _43_/B1 (sky130_fd_sc_hd__a31o_1)
     1    0.002895    0.028180    0.056512    0.451952 ^ _43_/X (sky130_fd_sc_hd__a31o_1)
                                                         _21_ (net)
                      0.028180    0.000025    0.451978 ^ _45_/A2 (sky130_fd_sc_hd__a31o_1)
     1    0.002569    0.028213    0.074411    0.526389 ^ _45_/X (sky130_fd_sc_hd__a31o_1)
                                                         _03_ (net)
                      0.028213    0.000025    0.526414 ^ hold4/A (sky130_fd_sc_hd__dlygate4sd3_1)
     1    0.001953    0.032500    0.364760    0.891173 ^ hold4/X (sky130_fd_sc_hd__dlygate4sd3_1)
                                                         net11 (net)
                      0.032500    0.000008    0.891182 ^ _49_/D (sky130_fd_sc_hd__dfxtp_1)
                                              0.891182   data arrival time

                                  0.000000    0.000000   clock clk (rise edge)
                                  0.000000    0.000000   clock source latency
     1    0.010628    0.040627    0.026581    0.026581 ^ clk (in)
                                                         clk (net)
                      0.040627    0.000000    0.026581 ^ clkbuf_0_clk/A (sky130_fd_sc_hd__clkbuf_16)
     2    0.018539    0.030219    0.086277    0.112858 ^ clkbuf_0_clk/X (sky130_fd_sc_hd__clkbuf_16)
                                                         clknet_0_clk (net)
                      0.030220    0.000245    0.113103 ^ clkbuf_1_1__f_clk/A (sky130_fd_sc_hd__clkbuf_16)
     2    0.007564    0.022835    0.075705    0.188808 ^ clkbuf_1_1__f_clk/X (sky130_fd_sc_hd__clkbuf_16)
                                                         clknet_1_1__leaf_clk (net)
                      0.022835    0.000073    0.188881 ^ _49_/CLK (sky130_fd_sc_hd__dfxtp_1)
                                  0.250000    0.438881   clock uncertainty
                                  0.000000    0.438881   clock reconvergence pessimism
                                 -0.017601    0.421280   library hold time
                                              0.421280   data required time
---------------------------------------------------------------------------------------------
                                              0.421280   data required time
                                             -0.891182   data arrival time
---------------------------------------------------------------------------------------------
                                              0.469902   slack (MET)


Startpoint: _49_ (rising edge-triggered flip-flop clocked by clk)
Endpoint: counter[3] (output port clocked by clk)
Path Group: clk
Path Type: min

Fanout         Cap        Slew       Delay        Time   Description
---------------------------------------------------------------------------------------------
                                  0.000000    0.000000   clock clk (rise edge)
                                  0.000000    0.000000   clock source latency
     1    0.010628    0.040627    0.026581    0.026581 ^ clk (in)
                                                         clk (net)
                      0.040627    0.000000    0.026581 ^ clkbuf_0_clk/A (sky130_fd_sc_hd__clkbuf_16)
     2    0.018539    0.030219    0.086277    0.112858 ^ clkbuf_0_clk/X (sky130_fd_sc_hd__clkbuf_16)
                                                         clknet_0_clk (net)
                      0.030220    0.000245    0.113103 ^ clkbuf_1_1__f_clk/A (sky130_fd_sc_hd__clkbuf_16)
     2    0.007564    0.022835    0.075705    0.188808 ^ clkbuf_1_1__f_clk/X (sky130_fd_sc_hd__clkbuf_16)
                                                         clknet_1_1__leaf_clk (net)
                      0.022835    0.000073    0.188881 ^ _49_/CLK (sky130_fd_sc_hd__dfxtp_1)
     3    0.007269    0.031951    0.194873    0.383754 v _49_/Q (sky130_fd_sc_hd__dfxtp_1)
                                                         net7 (net)
                      0.031951    0.000044    0.383798 v output7/A (sky130_fd_sc_hd__buf_2)
     1    0.034080    0.062336    0.118067    0.501864 v output7/X (sky130_fd_sc_hd__buf_2)
                                                         counter[3] (net)
                      0.062337    0.000251    0.502115 v counter[3] (out)
                                              0.502115   data arrival time

                                  0.000000    0.000000   clock clk (rise edge)
                                  0.000000    0.000000   clock network delay (propagated)
                                  0.250000    0.250000   clock uncertainty
                                  0.000000    0.250000   clock reconvergence pessimism
                                 -2.000000   -1.750000   output external delay
                                             -1.750000   data required time
---------------------------------------------------------------------------------------------
                                             -1.750000   data required time
                                             -0.502115   data arrival time
---------------------------------------------------------------------------------------------
                                              2.252115   slack (MET)


Startpoint: _48_ (rising edge-triggered flip-flop clocked by clk)
Endpoint: counter[2] (output port clocked by clk)
Path Group: clk
Path Type: min

Fanout         Cap        Slew       Delay        Time   Description
---------------------------------------------------------------------------------------------
                                  0.000000    0.000000   clock clk (rise edge)
                                  0.000000    0.000000   clock source latency
     1    0.010628    0.040627    0.026581    0.026581 ^ clk (in)
                                                         clk (net)
                      0.040627    0.000000    0.026581 ^ clkbuf_0_clk/A (sky130_fd_sc_hd__clkbuf_16)
     2    0.018539    0.030219    0.086277    0.112858 ^ clkbuf_0_clk/X (sky130_fd_sc_hd__clkbuf_16)
                                                         clknet_0_clk (net)
                      0.030220    0.000215    0.113073 ^ clkbuf_1_0__f_clk/A (sky130_fd_sc_hd__clkbuf_16)
     2    0.006355    0.021923    0.074674    0.187747 ^ clkbuf_1_0__f_clk/X (sky130_fd_sc_hd__clkbuf_16)
                                                         clknet_1_0__leaf_clk (net)
                      0.021923    0.000062    0.187808 ^ _48_/CLK (sky130_fd_sc_hd__dfxtp_1)
     5    0.015041    0.054271    0.214444    0.402252 v _48_/Q (sky130_fd_sc_hd__dfxtp_1)
                                                         net6 (net)
                      0.054271    0.000093    0.402345 v output6/A (sky130_fd_sc_hd__buf_2)
     1    0.034725    0.063318    0.127800    0.530145 v output6/X (sky130_fd_sc_hd__buf_2)
                                                         counter[2] (net)
                      0.063319    0.000304    0.530449 v counter[2] (out)
                                              0.530449   data arrival time

                                  0.000000    0.000000   clock clk (rise edge)
                                  0.000000    0.000000   clock network delay (propagated)
                                  0.250000    0.250000   clock uncertainty
                                  0.000000    0.250000   clock reconvergence pessimism
                                 -2.000000   -1.750000   output external delay
                                             -1.750000   data required time
---------------------------------------------------------------------------------------------
                                             -1.750000   data required time
                                             -0.530449   data arrival time
---------------------------------------------------------------------------------------------
                                              2.280449   slack (MET)


Startpoint: _47_ (rising edge-triggered flip-flop clocked by clk)
Endpoint: counter[1] (output port clocked by clk)
Path Group: clk
Path Type: min

Fanout         Cap        Slew       Delay        Time   Description
---------------------------------------------------------------------------------------------
                                  0.000000    0.000000   clock clk (rise edge)
                                  0.000000    0.000000   clock source latency
     1    0.010628    0.040627    0.026581    0.026581 ^ clk (in)
                                                         clk (net)
                      0.040627    0.000000    0.026581 ^ clkbuf_0_clk/A (sky130_fd_sc_hd__clkbuf_16)
     2    0.018539    0.030219    0.086277    0.112858 ^ clkbuf_0_clk/X (sky130_fd_sc_hd__clkbuf_16)
                                                         clknet_0_clk (net)
                      0.030220    0.000245    0.113103 ^ clkbuf_1_1__f_clk/A (sky130_fd_sc_hd__clkbuf_16)
     2    0.007564    0.022835    0.075705    0.188808 ^ clkbuf_1_1__f_clk/X (sky130_fd_sc_hd__clkbuf_16)
                                                         clknet_1_1__leaf_clk (net)
                      0.022835    0.000098    0.188906 ^ _47_/CLK (sky130_fd_sc_hd__dfxtp_1)
     6    0.021966    0.075229    0.231216    0.420122 v _47_/Q (sky130_fd_sc_hd__dfxtp_1)
                                                         net5 (net)
                      0.075229    0.000060    0.420182 v output5/A (sky130_fd_sc_hd__buf_2)
     1    0.034852    0.063594    0.136419    0.556600 v output5/X (sky130_fd_sc_hd__buf_2)
                                                         counter[1] (net)
                      0.063596    0.000376    0.556976 v counter[1] (out)
                                              0.556976   data arrival time

                                  0.000000    0.000000   clock clk (rise edge)
                                  0.000000    0.000000   clock network delay (propagated)
                                  0.250000    0.250000   clock uncertainty
                                  0.000000    0.250000   clock reconvergence pessimism
                                 -2.000000   -1.750000   output external delay
                                             -1.750000   data required time
---------------------------------------------------------------------------------------------
                                             -1.750000   data required time
                                             -0.556976   data arrival time
---------------------------------------------------------------------------------------------
                                              2.306976   slack (MET)


Startpoint: _46_ (rising edge-triggered flip-flop clocked by clk)
Endpoint: counter[0] (output port clocked by clk)
Path Group: clk
Path Type: min

Fanout         Cap        Slew       Delay        Time   Description
---------------------------------------------------------------------------------------------
                                  0.000000    0.000000   clock clk (rise edge)
                                  0.000000    0.000000   clock source latency
     1    0.010628    0.040627    0.026581    0.026581 ^ clk (in)
                                                         clk (net)
                      0.040627    0.000000    0.026581 ^ clkbuf_0_clk/A (sky130_fd_sc_hd__clkbuf_16)
     2    0.018539    0.030219    0.086277    0.112858 ^ clkbuf_0_clk/X (sky130_fd_sc_hd__clkbuf_16)
                                                         clknet_0_clk (net)
                      0.030220    0.000215    0.113073 ^ clkbuf_1_0__f_clk/A (sky130_fd_sc_hd__clkbuf_16)
     2    0.006355    0.021923    0.074674    0.187747 ^ clkbuf_1_0__f_clk/X (sky130_fd_sc_hd__clkbuf_16)
                                                         clknet_1_0__leaf_clk (net)
                      0.021923    0.000053    0.187800 ^ _46_/CLK (sky130_fd_sc_hd__dfxtp_1)
     7    0.023158    0.078868    0.233754    0.421554 v _46_/Q (sky130_fd_sc_hd__dfxtp_1)
                                                         net4 (net)
                      0.078868    0.000259    0.421812 v output4/A (sky130_fd_sc_hd__buf_2)
     1    0.034510    0.063069    0.137513    0.559325 v output4/X (sky130_fd_sc_hd__buf_2)
                                                         counter[0] (net)
                      0.063070    0.000307    0.559632 v counter[0] (out)
                                              0.559632   data arrival time

                                  0.000000    0.000000   clock clk (rise edge)
                                  0.000000    0.000000   clock network delay (propagated)
                                  0.250000    0.250000   clock uncertainty
                                  0.000000    0.250000   clock reconvergence pessimism
                                 -2.000000   -1.750000   output external delay
                                             -1.750000   data required time
---------------------------------------------------------------------------------------------
                                             -1.750000   data required time
                                             -0.559632   data arrival time
---------------------------------------------------------------------------------------------
                                              2.309632   slack (MET)



