Reading timing models for corner min_ff_n40C_1v95…
Reading cell library for the 'min_ff_n40C_1v95' corner at '/home/amostafa/.volare/volare/sky130/versions/0fe599b2afb6708d281543108caf8310912f54af/sky130A/libs.ref/sky130_fd_sc_hd/lib/sky130_fd_sc_hd__ff_n40C_1v95.lib'…
Reading top-level netlist at '/home/amostafa/vlsi/runs/RUN_2024-12-04_11-30-08/51-openroad-fillinsertion/counter_dut.nl.v'…
Linking design 'counter_dut' from netlist…
Warning: /home/amostafa/vlsi/runs/RUN_2024-12-04_11-30-08/51-openroad-fillinsertion/counter_dut.nl.v line 163, module sky130_fd_sc_hd__tapvpwrvgnd_1 not found. Creating black box for TAP_TAPCELL_ROW_0_16.
Warning: /home/amostafa/vlsi/runs/RUN_2024-12-04_11-30-08/51-openroad-fillinsertion/counter_dut.nl.v line 196, module sky130_ef_sc_hd__decap_12 not found. Creating black box for FILLER_0_3.
Warning: /home/amostafa/vlsi/runs/RUN_2024-12-04_11-30-08/51-openroad-fillinsertion/counter_dut.nl.v line 198, module sky130_fd_sc_hd__fill_1 not found. Creating black box for FILLER_0_27.
Warning: /home/amostafa/vlsi/runs/RUN_2024-12-04_11-30-08/51-openroad-fillinsertion/counter_dut.nl.v line 202, module sky130_fd_sc_hd__fill_2 not found. Creating black box for FILLER_2_18.
Reading design constraints file at './counter.sdc'…
Reading top-level design parasitics for the 'min_ff_n40C_1v95' corner at '/home/amostafa/vlsi/runs/RUN_2024-12-04_11-30-08/53-openroad-rcx/min/counter_dut.min.spef'…
%OL_CREATE_REPORT min.rpt

===========================================================================
report_checks -path_delay min (Hold)
============================================================================
======================= min_ff_n40C_1v95 Corner ===================================

Startpoint: _46_ (rising edge-triggered flip-flop clocked by clk)
Endpoint: _46_ (rising edge-triggered flip-flop clocked by clk)
Path Group: clk
Path Type: min

Fanout         Cap        Slew       Delay        Time   Description
---------------------------------------------------------------------------------------------
                                  0.000000    0.000000   clock clk (rise edge)
                                  0.000000    0.000000   clock source latency
     1    0.010628    0.040627    0.026581    0.026581 ^ clk (in)
                                                         clk (net)
                      0.040627    0.000000    0.026581 ^ clkbuf_0_clk/A (sky130_fd_sc_hd__clkbuf_16)
     2    0.018539    0.030219    0.086277    0.112858 ^ clkbuf_0_clk/X (sky130_fd_sc_hd__clkbuf_16)
                                                         clknet_0_clk (net)
                      0.030220    0.000215    0.113073 ^ clkbuf_1_0__f_clk/A (sky130_fd_sc_hd__clkbuf_16)
     2    0.006355    0.021923    0.074674    0.187747 ^ clkbuf_1_0__f_clk/X (sky130_fd_sc_hd__clkbuf_16)
                                                         clknet_1_0__leaf_clk (net)
                      0.021923    0.000053    0.187800 ^ _46_/CLK (sky130_fd_sc_hd__dfxtp_1)
     7    0.023158    0.078868    0.233754    0.421554 v _46_/Q (sky130_fd_sc_hd__dfxtp_1)
                                                         net4 (net)
                      0.078868    0.000130    0.421684 v _27_/A1 (sky130_fd_sc_hd__a21oi_1)
     1    0.002229    0.043087    0.091522    0.513205 ^ _27_/Y (sky130_fd_sc_hd__a21oi_1)
                                                         _08_ (net)
                      0.043087    0.000009    0.513214 ^ _28_/B1 (sky130_fd_sc_hd__o21ai_1)
     1    0.002101    0.018975    0.022524    0.535738 v _28_/Y (sky130_fd_sc_hd__o21ai_1)
                                                         _00_ (net)
                      0.018975    0.000018    0.535757 v _46_/D (sky130_fd_sc_hd__dfxtp_1)
                                              0.535757   data arrival time

                                  0.000000    0.000000   clock clk (rise edge)
                                  0.000000    0.000000   clock source latency
     1    0.010628    0.040627    0.026581    0.026581 ^ clk (in)
                                                         clk (net)
                      0.040627    0.000000    0.026581 ^ clkbuf_0_clk/A (sky130_fd_sc_hd__clkbuf_16)
     2    0.018539    0.030219    0.086277    0.112858 ^ clkbuf_0_clk/X (sky130_fd_sc_hd__clkbuf_16)
                                                         clknet_0_clk (net)
                      0.030220    0.000215    0.113073 ^ clkbuf_1_0__f_clk/A (sky130_fd_sc_hd__clkbuf_16)
     2    0.006355    0.021923    0.074674    0.187747 ^ clkbuf_1_0__f_clk/X (sky130_fd_sc_hd__clkbuf_16)
                                                         clknet_1_0__leaf_clk (net)
                      0.021923    0.000053    0.187800 ^ _46_/CLK (sky130_fd_sc_hd__dfxtp_1)
                                  0.250000    0.437800   clock uncertainty
                                  0.000000    0.437800   clock reconvergence pessimism
                                 -0.036499    0.401301   library hold time
                                              0.401301   data required time
---------------------------------------------------------------------------------------------
                                              0.401301   data required time
                                             -0.535757   data arrival time
---------------------------------------------------------------------------------------------
                                              0.134456   slack (MET)


Startpoint: _47_ (rising edge-triggered flip-flop clocked by clk)
Endpoint: _47_ (rising edge-triggered flip-flop clocked by clk)
Path Group: clk
Path Type: min

Fanout         Cap        Slew       Delay        Time   Description
---------------------------------------------------------------------------------------------
                                  0.000000    0.000000   clock clk (rise edge)
                                  0.000000    0.000000   clock source latency
     1    0.010628    0.040627    0.026581    0.026581 ^ clk (in)
                                                         clk (net)
                      0.040627    0.000000    0.026581 ^ clkbuf_0_clk/A (sky130_fd_sc_hd__clkbuf_16)
     2    0.018539    0.030219    0.086277    0.112858 ^ clkbuf_0_clk/X (sky130_fd_sc_hd__clkbuf_16)
                                                         clknet_0_clk (net)
                      0.030220    0.000245    0.113103 ^ clkbuf_1_1__f_clk/A (sky130_fd_sc_hd__clkbuf_16)
     2    0.007564    0.022835    0.075705    0.188808 ^ clkbuf_1_1__f_clk/X (sky130_fd_sc_hd__clkbuf_16)
                                                         clknet_1_1__leaf_clk (net)
                      0.022835    0.000098    0.188906 ^ _47_/CLK (sky130_fd_sc_hd__dfxtp_1)
     6    0.023387    0.168067    0.280653    0.469559 ^ _47_/Q (sky130_fd_sc_hd__dfxtp_1)
                                                         net5 (net)
                      0.168067    0.000358    0.469917 ^ _33_/A1 (sky130_fd_sc_hd__a21o_1)
     1    0.002689    0.027299    0.075858    0.545775 ^ _33_/X (sky130_fd_sc_hd__a21o_1)
                                                         _13_ (net)
                      0.027299    0.000011    0.545786 ^ _34_/B1 (sky130_fd_sc_hd__a31o_1)
     1    0.003725    0.033314    0.054815    0.600601 ^ _34_/X (sky130_fd_sc_hd__a31o_1)
                                                         _01_ (net)
                      0.033314    0.000054    0.600655 ^ _47_/D (sky130_fd_sc_hd__dfxtp_1)
                                              0.600655   data arrival time

                                  0.000000    0.000000   clock clk (rise edge)
                                  0.000000    0.000000   clock source latency
     1    0.010628    0.040627    0.026581    0.026581 ^ clk (in)
                                                         clk (net)
                      0.040627    0.000000    0.026581 ^ clkbuf_0_clk/A (sky130_fd_sc_hd__clkbuf_16)
     2    0.018539    0.030219    0.086277    0.112858 ^ clkbuf_0_clk/X (sky130_fd_sc_hd__clkbuf_16)
                                                         clknet_0_clk (net)
                      0.030220    0.000245    0.113103 ^ clkbuf_1_1__f_clk/A (sky130_fd_sc_hd__clkbuf_16)
     2    0.007564    0.022835    0.075705    0.188808 ^ clkbuf_1_1__f_clk/X (sky130_fd_sc_hd__clkbuf_16)
                                                         clknet_1_1__leaf_clk (net)
                      0.022835    0.000098    0.188906 ^ _47_/CLK (sky130_fd_sc_hd__dfxtp_1)
                                  0.250000    0.438906   clock uncertainty
                                  0.000000    0.438906   clock reconvergence pessimism
                                 -0.017659    0.421247   library hold time
                                              0.421247   data required time
---------------------------------------------------------------------------------------------
                                              0.421247   data required time
                                             -0.600655   data arrival time
---------------------------------------------------------------------------------------------
                                              0.179408   slack (MET)


Startpoint: _48_ (rising edge-triggered flip-flop clocked by clk)
Endpoint: _48_ (rising edge-triggered flip-flop clocked by clk)
Path Group: clk
Path Type: min

Fanout         Cap        Slew       Delay        Time   Description
---------------------------------------------------------------------------------------------
                                  0.000000    0.000000   clock clk (rise edge)
                                  0.000000    0.000000   clock source latency
     1    0.010628    0.040627    0.026581    0.026581 ^ clk (in)
                                                         clk (net)
                      0.040627    0.000000    0.026581 ^ clkbuf_0_clk/A (sky130_fd_sc_hd__clkbuf_16)
     2    0.018539    0.030219    0.086277    0.112858 ^ clkbuf_0_clk/X (sky130_fd_sc_hd__clkbuf_16)
                                                         clknet_0_clk (net)
                      0.030220    0.000215    0.113073 ^ clkbuf_1_0__f_clk/A (sky130_fd_sc_hd__clkbuf_16)
     2    0.006355    0.021923    0.074674    0.187747 ^ clkbuf_1_0__f_clk/X (sky130_fd_sc_hd__clkbuf_16)
                                                         clknet_1_0__leaf_clk (net)
                      0.021923    0.000062    0.187808 ^ _48_/CLK (sky130_fd_sc_hd__dfxtp_1)
     5    0.015041    0.054271    0.214444    0.402252 v _48_/Q (sky130_fd_sc_hd__dfxtp_1)
                                                         net6 (net)
                      0.054271    0.000081    0.402333 v _35_/B1 (sky130_fd_sc_hd__a21o_1)
     1    0.002887    0.019307    0.076396    0.478729 v _35_/X (sky130_fd_sc_hd__a21o_1)
                                                         _14_ (net)
                      0.019307    0.000018    0.478747 v _37_/A (sky130_fd_sc_hd__nand2_1)
     1    0.005066    0.041548    0.043429    0.522176 ^ _37_/Y (sky130_fd_sc_hd__nand2_1)
                                                         _16_ (net)
                      0.041548    0.000025    0.522201 ^ _38_/B (sky130_fd_sc_hd__xnor2_1)
     1    0.002679    0.021260    0.034310    0.556511 v _38_/Y (sky130_fd_sc_hd__xnor2_1)
                                                         _17_ (net)
                      0.021260    0.000023    0.556535 v _40_/A2 (sky130_fd_sc_hd__o21ai_1)
     1    0.002941    0.039671    0.072963    0.629497 ^ _40_/Y (sky130_fd_sc_hd__o21ai_1)
                                                         _02_ (net)
                      0.039671    0.000033    0.629530 ^ _48_/D (sky130_fd_sc_hd__dfxtp_1)
                                              0.629530   data arrival time

                                  0.000000    0.000000   clock clk (rise edge)
                                  0.000000    0.000000   clock source latency
     1    0.010628    0.040627    0.026581    0.026581 ^ clk (in)
                                                         clk (net)
                      0.040627    0.000000    0.026581 ^ clkbuf_0_clk/A (sky130_fd_sc_hd__clkbuf_16)
     2    0.018539    0.030219    0.086277    0.112858 ^ clkbuf_0_clk/X (sky130_fd_sc_hd__clkbuf_16)
                                                         clknet_0_clk (net)
                      0.030220    0.000215    0.113073 ^ clkbuf_1_0__f_clk/A (sky130_fd_sc_hd__clkbuf_16)
     2    0.006355    0.021923    0.074674    0.187747 ^ clkbuf_1_0__f_clk/X (sky130_fd_sc_hd__clkbuf_16)
                                                         clknet_1_0__leaf_clk (net)
                      0.021923    0.000062    0.187808 ^ _48_/CLK (sky130_fd_sc_hd__dfxtp_1)
                                  0.250000    0.437808   clock uncertainty
                                  0.000000    0.437808   clock reconvergence pessimism
                                 -0.018131    0.419677   library hold time
                                              0.419677   data required time
---------------------------------------------------------------------------------------------
                                              0.419677   data required time
                                             -0.629530   data arrival time
---------------------------------------------------------------------------------------------
                                              0.209853   slack (MET)


Startpoint: _49_ (rising edge-triggered flip-flop clocked by clk)
Endpoint: _49_ (rising edge-triggered flip-flop clocked by clk)
Path Group: clk
Path Type: min

Fanout         Cap        Slew       Delay        Time   Description
---------------------------------------------------------------------------------------------
                                  0.000000    0.000000   clock clk (rise edge)
                                  0.000000    0.000000   clock source latency
     1    0.010628    0.040627    0.026581    0.026581 ^ clk (in)
                                                         clk (net)
                      0.040627    0.000000    0.026581 ^ clkbuf_0_clk/A (sky130_fd_sc_hd__clkbuf_16)
     2    0.018539    0.030219    0.086277    0.112858 ^ clkbuf_0_clk/X (sky130_fd_sc_hd__clkbuf_16)
                                                         clknet_0_clk (net)
                      0.030220    0.000245    0.113103 ^ clkbuf_1_1__f_clk/A (sky130_fd_sc_hd__clkbuf_16)
     2    0.007564    0.022835    0.075705    0.188808 ^ clkbuf_1_1__f_clk/X (sky130_fd_sc_hd__clkbuf_16)
                                                         clknet_1_1__leaf_clk (net)
                      0.022835    0.000073    0.188881 ^ _49_/CLK (sky130_fd_sc_hd__dfxtp_1)
     3    0.007865    0.062549    0.206468    0.395349 ^ _49_/Q (sky130_fd_sc_hd__dfxtp_1)
                                                         net7 (net)
                      0.062549    0.000091    0.395441 ^ _43_/B1 (sky130_fd_sc_hd__a31o_1)
     1    0.002895    0.028180    0.056512    0.451952 ^ _43_/X (sky130_fd_sc_hd__a31o_1)
                                                         _21_ (net)
                      0.028180    0.000025    0.451978 ^ _45_/A2 (sky130_fd_sc_hd__a31o_1)
     1    0.002569    0.028213    0.074411    0.526389 ^ _45_/X (sky130_fd_sc_hd__a31o_1)
                                                         _03_ (net)
                      0.028213    0.000025    0.526414 ^ hold4/A (sky130_fd_sc_hd__dlygate4sd3_1)
     1    0.001953    0.032500    0.364760    0.891173 ^ hold4/X (sky130_fd_sc_hd__dlygate4sd3_1)
                                                         net11 (net)
                      0.032500    0.000008    0.891182 ^ _49_/D (sky130_fd_sc_hd__dfxtp_1)
                                              0.891182   data arrival time

                                  0.000000    0.000000   clock clk (rise edge)
                                  0.000000    0.000000   clock source latency
     1    0.010628    0.040627    0.026581    0.026581 ^ clk (in)
                                                         clk (net)
                      0.040627    0.000000    0.026581 ^ clkbuf_0_clk/A (sky130_fd_sc_hd__clkbuf_16)
     2    0.018539    0.030219    0.086277    0.112858 ^ clkbuf_0_clk/X (sky130_fd_sc_hd__clkbuf_16)
                                                         clknet_0_clk (net)
                      0.030220    0.000245    0.113103 ^ clkbuf_1_1__f_clk/A (sky130_fd_sc_hd__clkbuf_16)
     2    0.007564    0.022835    0.075705    0.188808 ^ clkbuf_1_1__f_clk/X (sky130_fd_sc_hd__clkbuf_16)
                                                         clknet_1_1__leaf_clk (net)
                      0.022835    0.000073    0.188881 ^ _49_/CLK (sky130_fd_sc_hd__dfxtp_1)
                                  0.250000    0.438881   clock uncertainty
                                  0.000000    0.438881   clock reconvergence pessimism
                                 -0.017601    0.421280   library hold time
                                              0.421280   data required time
---------------------------------------------------------------------------------------------
                                              0.421280   data required time
                                             -0.891182   data arrival time
---------------------------------------------------------------------------------------------
                                              0.469902   slack (MET)


Startpoint: _49_ (rising edge-triggered flip-flop clocked by clk)
Endpoint: counter[3] (output port clocked by clk)
Path Group: clk
Path Type: min

Fanout         Cap        Slew       Delay        Time   Description
---------------------------------------------------------------------------------------------
                                  0.000000    0.000000   clock clk (rise edge)
                                  0.000000    0.000000   clock source latency
     1    0.010628    0.040627    0.026581    0.026581 ^ clk (in)
                                                         clk (net)
                      0.040627    0.000000    0.026581 ^ clkbuf_0_clk/A (sky130_fd_sc_hd__clkbuf_16)
     2    0.018539    0.030219    0.086277    0.112858 ^ clkbuf_0_clk/X (sky130_fd_sc_hd__clkbuf_16)
                                                         clknet_0_clk (net)
                      0.030220    0.000245    0.113103 ^ clkbuf_1_1__f_clk/A (sky130_fd_sc_hd__clkbuf_16)
     2    0.007564    0.022835    0.075705    0.188808 ^ clkbuf_1_1__f_clk/X (sky130_fd_sc_hd__clkbuf_16)
                                                         clknet_1_1__leaf_clk (net)
                      0.022835    0.000073    0.188881 ^ _49_/CLK (sky130_fd_sc_hd__dfxtp_1)
     3    0.007269    0.031951    0.194873    0.383754 v _49_/Q (sky130_fd_sc_hd__dfxtp_1)
                                                         net7 (net)
                      0.031951    0.000044    0.383798 v output7/A (sky130_fd_sc_hd__buf_2)
     1    0.034080    0.062336    0.118067    0.501864 v output7/X (sky130_fd_sc_hd__buf_2)
                                                         counter[3] (net)
                      0.062337    0.000251    0.502115 v counter[3] (out)
                                              0.502115   data arrival time

                                  0.000000    0.000000   clock clk (rise edge)
                                  0.000000    0.000000   clock network delay (propagated)
                                  0.250000    0.250000   clock uncertainty
                                  0.000000    0.250000   clock reconvergence pessimism
                                 -2.000000   -1.750000   output external delay
                                             -1.750000   data required time
---------------------------------------------------------------------------------------------
                                             -1.750000   data required time
                                             -0.502115   data arrival time
---------------------------------------------------------------------------------------------
                                              2.252115   slack (MET)


Startpoint: _48_ (rising edge-triggered flip-flop clocked by clk)
Endpoint: counter[2] (output port clocked by clk)
Path Group: clk
Path Type: min

Fanout         Cap        Slew       Delay        Time   Description
---------------------------------------------------------------------------------------------
                                  0.000000    0.000000   clock clk (rise edge)
                                  0.000000    0.000000   clock source latency
     1    0.010628    0.040627    0.026581    0.026581 ^ clk (in)
                                                         clk (net)
                      0.040627    0.000000    0.026581 ^ clkbuf_0_clk/A (sky130_fd_sc_hd__clkbuf_16)
     2    0.018539    0.030219    0.086277    0.112858 ^ clkbuf_0_clk/X (sky130_fd_sc_hd__clkbuf_16)
                                                         clknet_0_clk (net)
                      0.030220    0.000215    0.113073 ^ clkbuf_1_0__f_clk/A (sky130_fd_sc_hd__clkbuf_16)
     2    0.006355    0.021923    0.074674    0.187747 ^ clkbuf_1_0__f_clk/X (sky130_fd_sc_hd__clkbuf_16)
                                                         clknet_1_0__leaf_clk (net)
                      0.021923    0.000062    0.187808 ^ _48_/CLK (sky130_fd_sc_hd__dfxtp_1)
     5    0.015041    0.054271    0.214444    0.402252 v _48_/Q (sky130_fd_sc_hd__dfxtp_1)
                                                         net6 (net)
                      0.054271    0.000093    0.402345 v output6/A (sky130_fd_sc_hd__buf_2)
     1    0.034725    0.063318    0.127800    0.530145 v output6/X (sky130_fd_sc_hd__buf_2)
                                                         counter[2] (net)
                      0.063319    0.000304    0.530449 v counter[2] (out)
                                              0.530449   data arrival time

                                  0.000000    0.000000   clock clk (rise edge)
                                  0.000000    0.000000   clock network delay (propagated)
                                  0.250000    0.250000   clock uncertainty
                                  0.000000    0.250000   clock reconvergence pessimism
                                 -2.000000   -1.750000   output external delay
                                             -1.750000   data required time
---------------------------------------------------------------------------------------------
                                             -1.750000   data required time
                                             -0.530449   data arrival time
---------------------------------------------------------------------------------------------
                                              2.280449   slack (MET)


Startpoint: _47_ (rising edge-triggered flip-flop clocked by clk)
Endpoint: counter[1] (output port clocked by clk)
Path Group: clk
Path Type: min

Fanout         Cap        Slew       Delay        Time   Description
---------------------------------------------------------------------------------------------
                                  0.000000    0.000000   clock clk (rise edge)
                                  0.000000    0.000000   clock source latency
     1    0.010628    0.040627    0.026581    0.026581 ^ clk (in)
                                                         clk (net)
                      0.040627    0.000000    0.026581 ^ clkbuf_0_clk/A (sky130_fd_sc_hd__clkbuf_16)
     2    0.018539    0.030219    0.086277    0.112858 ^ clkbuf_0_clk/X (sky130_fd_sc_hd__clkbuf_16)
                                                         clknet_0_clk (net)
                      0.030220    0.000245    0.113103 ^ clkbuf_1_1__f_clk/A (sky130_fd_sc_hd__clkbuf_16)
     2    0.007564    0.022835    0.075705    0.188808 ^ clkbuf_1_1__f_clk/X (sky130_fd_sc_hd__clkbuf_16)
                                                         clknet_1_1__leaf_clk (net)
                      0.022835    0.000098    0.188906 ^ _47_/CLK (sky130_fd_sc_hd__dfxtp_1)
     6    0.021966    0.075229    0.231216    0.420122 v _47_/Q (sky130_fd_sc_hd__dfxtp_1)
                                                         net5 (net)
                      0.075229    0.000060    0.420182 v output5/A (sky130_fd_sc_hd__buf_2)
     1    0.034852    0.063594    0.136419    0.556600 v output5/X (sky130_fd_sc_hd__buf_2)
                                                         counter[1] (net)
                      0.063596    0.000376    0.556976 v counter[1] (out)
                                              0.556976   data arrival time

                                  0.000000    0.000000   clock clk (rise edge)
                                  0.000000    0.000000   clock network delay (propagated)
                                  0.250000    0.250000   clock uncertainty
                                  0.000000    0.250000   clock reconvergence pessimism
                                 -2.000000   -1.750000   output external delay
                                             -1.750000   data required time
---------------------------------------------------------------------------------------------
                                             -1.750000   data required time
                                             -0.556976   data arrival time
---------------------------------------------------------------------------------------------
                                              2.306976   slack (MET)


Startpoint: _46_ (rising edge-triggered flip-flop clocked by clk)
Endpoint: counter[0] (output port clocked by clk)
Path Group: clk
Path Type: min

Fanout         Cap        Slew       Delay        Time   Description
---------------------------------------------------------------------------------------------
                                  0.000000    0.000000   clock clk (rise edge)
                                  0.000000    0.000000   clock source latency
     1    0.010628    0.040627    0.026581    0.026581 ^ clk (in)
                                                         clk (net)
                      0.040627    0.000000    0.026581 ^ clkbuf_0_clk/A (sky130_fd_sc_hd__clkbuf_16)
     2    0.018539    0.030219    0.086277    0.112858 ^ clkbuf_0_clk/X (sky130_fd_sc_hd__clkbuf_16)
                                                         clknet_0_clk (net)
                      0.030220    0.000215    0.113073 ^ clkbuf_1_0__f_clk/A (sky130_fd_sc_hd__clkbuf_16)
     2    0.006355    0.021923    0.074674    0.187747 ^ clkbuf_1_0__f_clk/X (sky130_fd_sc_hd__clkbuf_16)
                                                         clknet_1_0__leaf_clk (net)
                      0.021923    0.000053    0.187800 ^ _46_/CLK (sky130_fd_sc_hd__dfxtp_1)
     7    0.023158    0.078868    0.233754    0.421554 v _46_/Q (sky130_fd_sc_hd__dfxtp_1)
                                                         net4 (net)
                      0.078868    0.000259    0.421812 v output4/A (sky130_fd_sc_hd__buf_2)
     1    0.034510    0.063069    0.137513    0.559325 v output4/X (sky130_fd_sc_hd__buf_2)
                                                         counter[0] (net)
                      0.063070    0.000307    0.559632 v counter[0] (out)
                                              0.559632   data arrival time

                                  0.000000    0.000000   clock clk (rise edge)
                                  0.000000    0.000000   clock network delay (propagated)
                                  0.250000    0.250000   clock uncertainty
                                  0.000000    0.250000   clock reconvergence pessimism
                                 -2.000000   -1.750000   output external delay
                                             -1.750000   data required time
---------------------------------------------------------------------------------------------
                                             -1.750000   data required time
                                             -0.559632   data arrival time
---------------------------------------------------------------------------------------------
                                              2.309632   slack (MET)



%OL_END_REPORT
%OL_CREATE_REPORT max.rpt

===========================================================================
report_checks -path_delay max (Setup)
============================================================================
======================= min_ff_n40C_1v95 Corner ===================================

Startpoint: up_down (input port clocked by clk)
Endpoint: _49_ (rising edge-triggered flip-flop clocked by clk)
Path Group: clk
Path Type: max

Fanout         Cap        Slew       Delay        Time   Description
---------------------------------------------------------------------------------------------
                                  0.000000    0.000000   clock clk (rise edge)
                                  0.000000    0.000000   clock network delay (propagated)
                                  2.000000    2.000000 v input external delay
     1    0.002927    0.004916    0.002372    2.002372 v up_down (in)
                                                         up_down (net)
                      0.004916    0.000000    2.002372 v input3/A (sky130_fd_sc_hd__buf_1)
     5    0.011782    0.050323    0.074507    2.076880 v input3/X (sky130_fd_sc_hd__buf_1)
                                                         net3 (net)
                      0.050323    0.000066    2.076946 v _41_/A1 (sky130_fd_sc_hd__o31ai_1)
     2    0.005733    0.190166    0.200220    2.277165 ^ _41_/Y (sky130_fd_sc_hd__o31ai_1)
                                                         _19_ (net)
                      0.190166    0.000031    2.277196 ^ _44_/C (sky130_fd_sc_hd__nand4_1)
     1    0.003270    0.057430    0.060049    2.337245 v _44_/Y (sky130_fd_sc_hd__nand4_1)
                                                         _22_ (net)
                      0.057430    0.000037    2.337282 v _45_/A3 (sky130_fd_sc_hd__a31o_1)
     1    0.002399    0.026086    0.141760    2.479042 v _45_/X (sky130_fd_sc_hd__a31o_1)
                                                         _03_ (net)
                      0.026086    0.000023    2.479065 v hold4/A (sky130_fd_sc_hd__dlygate4sd3_1)
     1    0.001988    0.035230    0.353159    2.832224 v hold4/X (sky130_fd_sc_hd__dlygate4sd3_1)
                                                         net11 (net)
                      0.035230    0.000009    2.832233 v _49_/D (sky130_fd_sc_hd__dfxtp_1)
                                              2.832233   data arrival time

                                 10.000000   10.000000   clock clk (rise edge)
                                  0.000000   10.000000   clock source latency
     1    0.010628    0.040627    0.026581   10.026582 ^ clk (in)
                                                         clk (net)
                      0.040627    0.000000   10.026582 ^ clkbuf_0_clk/A (sky130_fd_sc_hd__clkbuf_16)
     2    0.018539    0.030219    0.086277   10.112859 ^ clkbuf_0_clk/X (sky130_fd_sc_hd__clkbuf_16)
                                                         clknet_0_clk (net)
                      0.030220    0.000245   10.113104 ^ clkbuf_1_1__f_clk/A (sky130_fd_sc_hd__clkbuf_16)
     2    0.007564    0.022835    0.075705   10.188808 ^ clkbuf_1_1__f_clk/X (sky130_fd_sc_hd__clkbuf_16)
                                                         clknet_1_1__leaf_clk (net)
                      0.022835    0.000073   10.188881 ^ _49_/CLK (sky130_fd_sc_hd__dfxtp_1)
                                 -0.250000    9.938881   clock uncertainty
                                  0.000000    9.938881   clock reconvergence pessimism
                                 -0.072039    9.866842   library setup time
                                              9.866842   data required time
---------------------------------------------------------------------------------------------
                                              9.866842   data required time
                                             -2.832233   data arrival time
---------------------------------------------------------------------------------------------
                                              7.034609   slack (MET)


Startpoint: _46_ (rising edge-triggered flip-flop clocked by clk)
Endpoint: counter[0] (output port clocked by clk)
Path Group: clk
Path Type: max

Fanout         Cap        Slew       Delay        Time   Description
---------------------------------------------------------------------------------------------
                                  0.000000    0.000000   clock clk (rise edge)
                                  0.000000    0.000000   clock source latency
     1    0.010628    0.040627    0.026581    0.026581 ^ clk (in)
                                                         clk (net)
                      0.040627    0.000000    0.026581 ^ clkbuf_0_clk/A (sky130_fd_sc_hd__clkbuf_16)
     2    0.018539    0.030219    0.086277    0.112858 ^ clkbuf_0_clk/X (sky130_fd_sc_hd__clkbuf_16)
                                                         clknet_0_clk (net)
                      0.030220    0.000215    0.113073 ^ clkbuf_1_0__f_clk/A (sky130_fd_sc_hd__clkbuf_16)
     2    0.006355    0.021923    0.074674    0.187747 ^ clkbuf_1_0__f_clk/X (sky130_fd_sc_hd__clkbuf_16)
                                                         clknet_1_0__leaf_clk (net)
                      0.021923    0.000053    0.187800 ^ _46_/CLK (sky130_fd_sc_hd__dfxtp_1)
     7    0.024534    0.175926    0.285817    0.473617 ^ _46_/Q (sky130_fd_sc_hd__dfxtp_1)
                                                         net4 (net)
                      0.175926    0.000274    0.473891 ^ output4/A (sky130_fd_sc_hd__buf_2)
     1    0.034510    0.129189    0.166194    0.640085 ^ output4/X (sky130_fd_sc_hd__buf_2)
                                                         counter[0] (net)
                      0.129189    0.000307    0.640392 ^ counter[0] (out)
                                              0.640392   data arrival time

                                 10.000000   10.000000   clock clk (rise edge)
                                  0.000000   10.000000   clock network delay (propagated)
                                 -0.250000    9.750000   clock uncertainty
                                  0.000000    9.750000   clock reconvergence pessimism
                                 -2.000000    7.750000   output external delay
                                              7.750000   data required time
---------------------------------------------------------------------------------------------
                                              7.750000   data required time
                                             -0.640392   data arrival time
---------------------------------------------------------------------------------------------
                                              7.109608   slack (MET)


Startpoint: _47_ (rising edge-triggered flip-flop clocked by clk)
Endpoint: counter[1] (output port clocked by clk)
Path Group: clk
Path Type: max

Fanout         Cap        Slew       Delay        Time   Description
---------------------------------------------------------------------------------------------
                                  0.000000    0.000000   clock clk (rise edge)
                                  0.000000    0.000000   clock source latency
     1    0.010628    0.040627    0.026581    0.026581 ^ clk (in)
                                                         clk (net)
                      0.040627    0.000000    0.026581 ^ clkbuf_0_clk/A (sky130_fd_sc_hd__clkbuf_16)
     2    0.018539    0.030219    0.086277    0.112858 ^ clkbuf_0_clk/X (sky130_fd_sc_hd__clkbuf_16)
                                                         clknet_0_clk (net)
                      0.030220    0.000245    0.113103 ^ clkbuf_1_1__f_clk/A (sky130_fd_sc_hd__clkbuf_16)
     2    0.007564    0.022835    0.075705    0.188808 ^ clkbuf_1_1__f_clk/X (sky130_fd_sc_hd__clkbuf_16)
                                                         clknet_1_1__leaf_clk (net)
                      0.022835    0.000098    0.188906 ^ _47_/CLK (sky130_fd_sc_hd__dfxtp_1)
     6    0.023387    0.168067    0.280653    0.469559 ^ _47_/Q (sky130_fd_sc_hd__dfxtp_1)
                                                         net5 (net)
                      0.168067    0.000064    0.469623 ^ output5/A (sky130_fd_sc_hd__buf_2)
     1    0.034852    0.130362    0.166175    0.635798 ^ output5/X (sky130_fd_sc_hd__buf_2)
                                                         counter[1] (net)
                      0.130362    0.000376    0.636174 ^ counter[1] (out)
                                              0.636174   data arrival time

                                 10.000000   10.000000   clock clk (rise edge)
                                  0.000000   10.000000   clock network delay (propagated)
                                 -0.250000    9.750000   clock uncertainty
                                  0.000000    9.750000   clock reconvergence pessimism
                                 -2.000000    7.750000   output external delay
                                              7.750000   data required time
---------------------------------------------------------------------------------------------
                                              7.750000   data required time
                                             -0.636174   data arrival time
---------------------------------------------------------------------------------------------
                                              7.113826   slack (MET)


Startpoint: _48_ (rising edge-triggered flip-flop clocked by clk)
Endpoint: counter[2] (output port clocked by clk)
Path Group: clk
Path Type: max

Fanout         Cap        Slew       Delay        Time   Description
---------------------------------------------------------------------------------------------
                                  0.000000    0.000000   clock clk (rise edge)
                                  0.000000    0.000000   clock source latency
     1    0.010628    0.040627    0.026581    0.026581 ^ clk (in)
                                                         clk (net)
                      0.040627    0.000000    0.026581 ^ clkbuf_0_clk/A (sky130_fd_sc_hd__clkbuf_16)
     2    0.018539    0.030219    0.086277    0.112858 ^ clkbuf_0_clk/X (sky130_fd_sc_hd__clkbuf_16)
                                                         clknet_0_clk (net)
                      0.030220    0.000215    0.113073 ^ clkbuf_1_0__f_clk/A (sky130_fd_sc_hd__clkbuf_16)
     2    0.006355    0.021923    0.074674    0.187747 ^ clkbuf_1_0__f_clk/X (sky130_fd_sc_hd__clkbuf_16)
                                                         clknet_1_0__leaf_clk (net)
                      0.021923    0.000062    0.187808 ^ _48_/CLK (sky130_fd_sc_hd__dfxtp_1)
     5    0.016089    0.118218    0.245598    0.433407 ^ _48_/Q (sky130_fd_sc_hd__dfxtp_1)
                                                         net6 (net)
                      0.118218    0.000100    0.433506 ^ output6/A (sky130_fd_sc_hd__buf_2)
     1    0.034725    0.129691    0.160227    0.593734 ^ output6/X (sky130_fd_sc_hd__buf_2)
                                                         counter[2] (net)
                      0.129691    0.000304    0.594037 ^ counter[2] (out)
                                              0.594037   data arrival time

                                 10.000000   10.000000   clock clk (rise edge)
                                  0.000000   10.000000   clock network delay (propagated)
                                 -0.250000    9.750000   clock uncertainty
                                  0.000000    9.750000   clock reconvergence pessimism
                                 -2.000000    7.750000   output external delay
                                              7.750000   data required time
---------------------------------------------------------------------------------------------
                                              7.750000   data required time
                                             -0.594037   data arrival time
---------------------------------------------------------------------------------------------
                                              7.155962   slack (MET)


Startpoint: _49_ (rising edge-triggered flip-flop clocked by clk)
Endpoint: counter[3] (output port clocked by clk)
Path Group: clk
Path Type: max

Fanout         Cap        Slew       Delay        Time   Description
---------------------------------------------------------------------------------------------
                                  0.000000    0.000000   clock clk (rise edge)
                                  0.000000    0.000000   clock source latency
     1    0.010628    0.040627    0.026581    0.026581 ^ clk (in)
                                                         clk (net)
                      0.040627    0.000000    0.026581 ^ clkbuf_0_clk/A (sky130_fd_sc_hd__clkbuf_16)
     2    0.018539    0.030219    0.086277    0.112858 ^ clkbuf_0_clk/X (sky130_fd_sc_hd__clkbuf_16)
                                                         clknet_0_clk (net)
                      0.030220    0.000245    0.113103 ^ clkbuf_1_1__f_clk/A (sky130_fd_sc_hd__clkbuf_16)
     2    0.007564    0.022835    0.075705    0.188808 ^ clkbuf_1_1__f_clk/X (sky130_fd_sc_hd__clkbuf_16)
                                                         clknet_1_1__leaf_clk (net)
                      0.022835    0.000073    0.188881 ^ _49_/CLK (sky130_fd_sc_hd__dfxtp_1)
     3    0.007865    0.062549    0.206468    0.395349 ^ _49_/Q (sky130_fd_sc_hd__dfxtp_1)
                                                         net7 (net)
                      0.062549    0.000048    0.395397 ^ output7/A (sky130_fd_sc_hd__buf_2)
     1    0.034080    0.127407    0.145908    0.541305 ^ output7/X (sky130_fd_sc_hd__buf_2)
                                                         counter[3] (net)
                      0.127407    0.000251    0.541556 ^ counter[3] (out)
                                              0.541556   data arrival time

                                 10.000000   10.000000   clock clk (rise edge)
                                  0.000000   10.000000   clock network delay (propagated)
                                 -0.250000    9.750000   clock uncertainty
                                  0.000000    9.750000   clock reconvergence pessimism
                                 -2.000000    7.750000   output external delay
                                              7.750000   data required time
---------------------------------------------------------------------------------------------
                                              7.750000   data required time
                                             -0.541556   data arrival time
---------------------------------------------------------------------------------------------
                                              7.208444   slack (MET)


Startpoint: up_down (input port clocked by clk)
Endpoint: _47_ (rising edge-triggered flip-flop clocked by clk)
Path Group: clk
Path Type: max

Fanout         Cap        Slew       Delay        Time   Description
---------------------------------------------------------------------------------------------
                                  0.000000    0.000000   clock clk (rise edge)
                                  0.000000    0.000000   clock network delay (propagated)
                                  2.000000    2.000000 ^ input external delay
     1    0.003115    0.015041    0.008048    2.008048 ^ up_down (in)
                                                         up_down (net)
                      0.015041    0.000000    2.008048 ^ input3/A (sky130_fd_sc_hd__buf_1)
     5    0.012655    0.115109    0.105773    2.113821 ^ input3/X (sky130_fd_sc_hd__buf_1)
                                                         net3 (net)
                      0.115109    0.000052    2.113873 ^ _30_/A (sky130_fd_sc_hd__or2_1)
     2    0.008348    0.065777    0.102635    2.216507 ^ _30_/X (sky130_fd_sc_hd__or2_1)
                                                         _10_ (net)
                      0.065777    0.000057    2.216564 ^ _32_/A (sky130_fd_sc_hd__nand2_1)
     1    0.002994    0.027015    0.030151    2.246715 v _32_/Y (sky130_fd_sc_hd__nand2_1)
                                                         _12_ (net)
                      0.027015    0.000032    2.246747 v _34_/A3 (sky130_fd_sc_hd__a31o_1)
     1    0.003760    0.030968    0.136489    2.383235 v _34_/X (sky130_fd_sc_hd__a31o_1)
                                                         _01_ (net)
                      0.030968    0.000054    2.383290 v _47_/D (sky130_fd_sc_hd__dfxtp_1)
                                              2.383290   data arrival time

                                 10.000000   10.000000   clock clk (rise edge)
                                  0.000000   10.000000   clock source latency
     1    0.010628    0.040627    0.026581   10.026582 ^ clk (in)
                                                         clk (net)
                      0.040627    0.000000   10.026582 ^ clkbuf_0_clk/A (sky130_fd_sc_hd__clkbuf_16)
     2    0.018539    0.030219    0.086277   10.112859 ^ clkbuf_0_clk/X (sky130_fd_sc_hd__clkbuf_16)
                                                         clknet_0_clk (net)
                      0.030220    0.000245   10.113104 ^ clkbuf_1_1__f_clk/A (sky130_fd_sc_hd__clkbuf_16)
     2    0.007564    0.022835    0.075705   10.188808 ^ clkbuf_1_1__f_clk/X (sky130_fd_sc_hd__clkbuf_16)
                                                         clknet_1_1__leaf_clk (net)
                      0.022835    0.000098   10.188906 ^ _47_/CLK (sky130_fd_sc_hd__dfxtp_1)
                                 -0.250000    9.938906   clock uncertainty
                                  0.000000    9.938906   clock reconvergence pessimism
                                 -0.070516    9.868389   library setup time
                                              9.868389   data required time
---------------------------------------------------------------------------------------------
                                              9.868389   data required time
                                             -2.383290   data arrival time
---------------------------------------------------------------------------------------------
                                              7.485099   slack (MET)


Startpoint: up_down (input port clocked by clk)
Endpoint: _48_ (rising edge-triggered flip-flop clocked by clk)
Path Group: clk
Path Type: max

Fanout         Cap        Slew       Delay        Time   Description
---------------------------------------------------------------------------------------------
                                  0.000000    0.000000   clock clk (rise edge)
                                  0.000000    0.000000   clock network delay (propagated)
                                  2.000000    2.000000 v input external delay
     1    0.002927    0.004916    0.002372    2.002372 v up_down (in)
                                                         up_down (net)
                      0.004916    0.000000    2.002372 v input3/A (sky130_fd_sc_hd__buf_1)
     5    0.011782    0.050323    0.074507    2.076880 v input3/X (sky130_fd_sc_hd__buf_1)
                                                         net3 (net)
                      0.050323    0.000048    2.076928 v _30_/A (sky130_fd_sc_hd__or2_1)
     2    0.007894    0.048974    0.157186    2.234114 v _30_/X (sky130_fd_sc_hd__or2_1)
                                                         _10_ (net)
                      0.048974    0.000068    2.234182 v _38_/A (sky130_fd_sc_hd__xnor2_1)
     1    0.002999    0.084839    0.106158    2.340340 ^ _38_/Y (sky130_fd_sc_hd__xnor2_1)
                                                         _17_ (net)
                      0.084839    0.000026    2.340366 ^ _40_/A2 (sky130_fd_sc_hd__o21ai_1)
     1    0.002976    0.030387    0.038275    2.378642 v _40_/Y (sky130_fd_sc_hd__o21ai_1)
                                                         _02_ (net)
                      0.030387    0.000034    2.378675 v _48_/D (sky130_fd_sc_hd__dfxtp_1)
                                              2.378675   data arrival time

                                 10.000000   10.000000   clock clk (rise edge)
                                  0.000000   10.000000   clock source latency
     1    0.010628    0.040627    0.026581   10.026582 ^ clk (in)
                                                         clk (net)
                      0.040627    0.000000   10.026582 ^ clkbuf_0_clk/A (sky130_fd_sc_hd__clkbuf_16)
     2    0.018539    0.030219    0.086277   10.112859 ^ clkbuf_0_clk/X (sky130_fd_sc_hd__clkbuf_16)
                                                         clknet_0_clk (net)
                      0.030220    0.000215   10.113073 ^ clkbuf_1_0__f_clk/A (sky130_fd_sc_hd__clkbuf_16)
     2    0.006355    0.021923    0.074674   10.187747 ^ clkbuf_1_0__f_clk/X (sky130_fd_sc_hd__clkbuf_16)
                                                         clknet_1_0__leaf_clk (net)
                      0.021923    0.000061   10.187808 ^ _48_/CLK (sky130_fd_sc_hd__dfxtp_1)
                                 -0.250000    9.937808   clock uncertainty
                                  0.000000    9.937808   clock reconvergence pessimism
                                 -0.070396    9.867412   library setup time
                                              9.867412   data required time
---------------------------------------------------------------------------------------------
                                              9.867412   data required time
                                             -2.378675   data arrival time
---------------------------------------------------------------------------------------------
                                              7.488737   slack (MET)


Startpoint: reset (input port clocked by clk)
Endpoint: _46_ (rising edge-triggered flip-flop clocked by clk)
Path Group: clk
Path Type: max

Fanout         Cap        Slew       Delay        Time   Description
---------------------------------------------------------------------------------------------
                                  0.000000    0.000000   clock clk (rise edge)
                                  0.000000    0.000000   clock network delay (propagated)
                                  2.000000    2.000000 ^ input external delay
     1    0.003394    0.016041    0.008777    2.008777 ^ reset (in)
                                                         reset (net)
                      0.016046    0.000000    2.008777 ^ input2/A (sky130_fd_sc_hd__buf_1)
     2    0.008772    0.082156    0.083389    2.092166 ^ input2/X (sky130_fd_sc_hd__buf_1)
                                                         net2 (net)
                      0.082156    0.000134    2.092301 ^ _23_/A (sky130_fd_sc_hd__inv_2)
     4    0.012115    0.033946    0.034610    2.126910 v _23_/Y (sky130_fd_sc_hd__inv_2)
                                                         _04_ (net)
                      0.033954    0.000144    2.127054 v _25_/A (sky130_fd_sc_hd__nor2_1)
     4    0.014595    0.192931    0.168672    2.295727 ^ _25_/Y (sky130_fd_sc_hd__nor2_1)
                                                         _06_ (net)
                      0.192931    0.000216    2.295943 ^ _27_/B1 (sky130_fd_sc_hd__a21oi_1)
     1    0.002136    0.047503    0.018487    2.314430 v _27_/Y (sky130_fd_sc_hd__a21oi_1)
                                                         _08_ (net)
                      0.047503    0.000008    2.314439 v _28_/B1 (sky130_fd_sc_hd__o21ai_1)
     1    0.002066    0.061805    0.047171    2.361609 ^ _28_/Y (sky130_fd_sc_hd__o21ai_1)
                                                         _00_ (net)
                      0.061805    0.000018    2.361627 ^ _46_/D (sky130_fd_sc_hd__dfxtp_1)
                                              2.361627   data arrival time

                                 10.000000   10.000000   clock clk (rise edge)
                                  0.000000   10.000000   clock source latency
     1    0.010628    0.040627    0.026581   10.026582 ^ clk (in)
                                                         clk (net)
                      0.040627    0.000000   10.026582 ^ clkbuf_0_clk/A (sky130_fd_sc_hd__clkbuf_16)
     2    0.018539    0.030219    0.086277   10.112859 ^ clkbuf_0_clk/X (sky130_fd_sc_hd__clkbuf_16)
                                                         clknet_0_clk (net)
                      0.030220    0.000215   10.113073 ^ clkbuf_1_0__f_clk/A (sky130_fd_sc_hd__clkbuf_16)
     2    0.006355    0.021923    0.074674   10.187747 ^ clkbuf_1_0__f_clk/X (sky130_fd_sc_hd__clkbuf_16)
                                                         clknet_1_0__leaf_clk (net)
                      0.021923    0.000053   10.187800 ^ _46_/CLK (sky130_fd_sc_hd__dfxtp_1)
                                 -0.250000    9.937800   clock uncertainty
                                  0.000000    9.937800   clock reconvergence pessimism
                                 -0.031981    9.905819   library setup time
                                              9.905819   data required time
---------------------------------------------------------------------------------------------
                                              9.905819   data required time
                                             -2.361627   data arrival time
---------------------------------------------------------------------------------------------
                                              7.544191   slack (MET)



%OL_END_REPORT
%OL_CREATE_REPORT checks.rpt

===========================================================================
report_checks -unconstrained
===========================================================================
======================= min_ff_n40C_1v95 Corner ===================================

Startpoint: up_down (input port clocked by clk)
Endpoint: _49_ (rising edge-triggered flip-flop clocked by clk)
Path Group: clk
Path Type: max

Fanout         Cap        Slew       Delay        Time   Description
---------------------------------------------------------------------------------------------
                                  0.000000    0.000000   clock clk (rise edge)
                                  0.000000    0.000000   clock network delay (propagated)
                                  2.000000    2.000000 v input external delay
     1    0.002927    0.004916    0.002372    2.002372 v up_down (in)
                                                         up_down (net)
                      0.004916    0.000000    2.002372 v input3/A (sky130_fd_sc_hd__buf_1)
     5    0.011782    0.050323    0.074507    2.076880 v input3/X (sky130_fd_sc_hd__buf_1)
                                                         net3 (net)
                      0.050323    0.000066    2.076946 v _41_/A1 (sky130_fd_sc_hd__o31ai_1)
     2    0.005733    0.190166    0.200220    2.277165 ^ _41_/Y (sky130_fd_sc_hd__o31ai_1)
                                                         _19_ (net)
                      0.190166    0.000031    2.277196 ^ _44_/C (sky130_fd_sc_hd__nand4_1)
     1    0.003270    0.057430    0.060049    2.337245 v _44_/Y (sky130_fd_sc_hd__nand4_1)
                                                         _22_ (net)
                      0.057430    0.000037    2.337282 v _45_/A3 (sky130_fd_sc_hd__a31o_1)
     1    0.002399    0.026086    0.141760    2.479042 v _45_/X (sky130_fd_sc_hd__a31o_1)
                                                         _03_ (net)
                      0.026086    0.000023    2.479065 v hold4/A (sky130_fd_sc_hd__dlygate4sd3_1)
     1    0.001988    0.035230    0.353159    2.832224 v hold4/X (sky130_fd_sc_hd__dlygate4sd3_1)
                                                         net11 (net)
                      0.035230    0.000009    2.832233 v _49_/D (sky130_fd_sc_hd__dfxtp_1)
                                              2.832233   data arrival time

                                 10.000000   10.000000   clock clk (rise edge)
                                  0.000000   10.000000   clock source latency
     1    0.010628    0.040627    0.026581   10.026582 ^ clk (in)
                                                         clk (net)
                      0.040627    0.000000   10.026582 ^ clkbuf_0_clk/A (sky130_fd_sc_hd__clkbuf_16)
     2    0.018539    0.030219    0.086277   10.112859 ^ clkbuf_0_clk/X (sky130_fd_sc_hd__clkbuf_16)
                                                         clknet_0_clk (net)
                      0.030220    0.000245   10.113104 ^ clkbuf_1_1__f_clk/A (sky130_fd_sc_hd__clkbuf_16)
     2    0.007564    0.022835    0.075705   10.188808 ^ clkbuf_1_1__f_clk/X (sky130_fd_sc_hd__clkbuf_16)
                                                         clknet_1_1__leaf_clk (net)
                      0.022835    0.000073   10.188881 ^ _49_/CLK (sky130_fd_sc_hd__dfxtp_1)
                                 -0.250000    9.938881   clock uncertainty
                                  0.000000    9.938881   clock reconvergence pessimism
                                 -0.072039    9.866842   library setup time
                                              9.866842   data required time
---------------------------------------------------------------------------------------------
                                              9.866842   data required time
                                             -2.832233   data arrival time
---------------------------------------------------------------------------------------------
                                              7.034609   slack (MET)




===========================================================================
report_checks --slack_max -0.01
============================================================================
======================= min_ff_n40C_1v95 Corner ===================================

No paths found.


===========================================================================
 report_check_types -max_slew -max_cap -max_fanout -violators
============================================================================
======================= min_ff_n40C_1v95 Corner ===================================



===========================================================================
report_parasitic_annotation -report_unannotated
============================================================================
Found 0 unannotated drivers.
Found 0 partially unannotated drivers.

===========================================================================
max slew violation count 0
%OL_METRIC_I design__max_slew_violation__count__corner:min_ff_n40C_1v95 0
max fanout violation count 0
%OL_METRIC_I design__max_fanout_violation__count__corner:min_ff_n40C_1v95 0
max cap violation count 0
%OL_METRIC_I design__max_cap_violation__count__corner:min_ff_n40C_1v95 0
============================================================================

===========================================================================
check_setup -verbose -unconstrained_endpoints -multiple_clock -no_clock -no_input_delay -loops -generated_clocks
===========================================================================
%OL_END_REPORT
%OL_CREATE_REPORT power.rpt

===========================================================================
 report_power
============================================================================
======================= min_ff_n40C_1v95 Corner ===================================

Group                    Internal    Switching      Leakage        Total
                            Power        Power        Power        Power (Watts)
------------------------------------------------------------------------
Sequential           2.113629e-05 3.347776e-06 5.805177e-11 2.448412e-05  20.8%
Combinational        9.778798e-06 1.248513e-05 2.383508e-10 2.226416e-05  18.9%
Clock                5.850642e-05 1.234216e-05 2.636781e-10 7.084884e-05  60.2%
Macro                0.000000e+00 0.000000e+00 0.000000e+00 0.000000e+00   0.0%
Pad                  0.000000e+00 0.000000e+00 0.000000e+00 0.000000e+00   0.0%
------------------------------------------------------------------------
Total                8.942150e-05 2.817506e-05 5.600806e-10 1.175971e-04 100.0%
                            76.0%        24.0%         0.0%
%OL_METRIC_F power__internal__total 8.942150452639908e-5
%OL_METRIC_F power__switching__total 2.8175061743240803e-5
%OL_METRIC_F power__leakage__total 5.600806485261955e-10
%OL_METRIC_F power__total 0.00011759712651837617

%OL_END_REPORT
%OL_CREATE_REPORT skew.min.rpt

===========================================================================
Clock Skew (Hold)
============================================================================
%OL_METRIC_F clock__skew__worst_hold__corner:min_ff_n40C_1v95 -0.2511055878747655
======================= min_ff_n40C_1v95 Corner ===================================

Clock clk
0.187800 source latency _46_/CLK ^
-0.188906 target latency _47_/CLK ^
-0.250000 clock uncertainty
0.000000 CRPR
--------------
-0.251106 hold skew

%OL_END_REPORT
%OL_CREATE_REPORT skew.max.rpt

===========================================================================
Clock Skew (Setup)
============================================================================
%OL_METRIC_F clock__skew__worst_setup__corner:min_ff_n40C_1v95 0.25109745549088014
======================= min_ff_n40C_1v95 Corner ===================================

Clock clk
0.188906 source latency _47_/CLK ^
-0.187808 target latency _48_/CLK ^
0.250000 clock uncertainty
0.000000 CRPR
--------------
0.251097 setup skew

%OL_END_REPORT
%OL_CREATE_REPORT ws.min.rpt

===========================================================================
Worst Slack (Hold)
============================================================================
%OL_METRIC_F timing__hold__ws__corner:min_ff_n40C_1v95 0.1344557836459481
min_ff_n40C_1v95: 0.1344557836459481
%OL_END_REPORT
%OL_CREATE_REPORT ws.max.rpt

===========================================================================
Worst Slack (Setup)
============================================================================
%OL_METRIC_F timing__setup__ws__corner:min_ff_n40C_1v95 7.034609094347754
min_ff_n40C_1v95: 7.034609094347754
%OL_END_REPORT
%OL_CREATE_REPORT tns.min.rpt

===========================================================================
Total Negative Slack (Hold)
============================================================================
%OL_METRIC_F timing__hold__tns__corner:min_ff_n40C_1v95 0.0
min_ff_n40C_1v95: 0.0
%OL_END_REPORT
%OL_CREATE_REPORT tns.max.rpt

===========================================================================
Total Negative Slack (Setup)
============================================================================
%OL_METRIC_F timing__setup__tns__corner:min_ff_n40C_1v95 0.0
min_ff_n40C_1v95: 0.0
%OL_END_REPORT
%OL_CREATE_REPORT wns.min.rpt

===========================================================================
Worst Negative Slack (Hold)
============================================================================
%OL_METRIC_F timing__hold__wns__corner:min_ff_n40C_1v95 0
min_ff_n40C_1v95: 0
%OL_END_REPORT
%OL_CREATE_REPORT wns.max.rpt

===========================================================================
Worst Negative Slack (Setup)
============================================================================
%OL_METRIC_F timing__setup__wns__corner:min_ff_n40C_1v95 0.0
min_ff_n40C_1v95: 0.0
%OL_END_REPORT
%OL_CREATE_REPORT violator_list.rpt

===========================================================================
Violator List
============================================================================
%OL_METRIC_I timing__hold_vio__count__corner:min_ff_n40C_1v95 0
%OL_METRIC_F timing__hold_r2r__ws__corner:min_ff_n40C_1v95 0.134456
%OL_METRIC_I timing__hold_r2r_vio__count__corner:min_ff_n40C_1v95 0
%OL_METRIC_I timing__setup_vio__count__corner:min_ff_n40C_1v95 0
%OL_METRIC_F timing__setup_r2r__ws__corner:min_ff_n40C_1v95 inf
%OL_METRIC_I timing__setup_r2r_vio__count__corner:min_ff_n40C_1v95 0
%OL_END_REPORT
%OL_CREATE_REPORT unpropagated.rpt
%OL_END_REPORT
%OL_CREATE_REPORT clock.rpt
Clock: clk
Sources: clk 
Generated: no
Virtual: yes
Propagated: no
Period: 10.000000

===========================================================================
report_clock_properties
============================================================================
Clock                   Period          Waveform
----------------------------------------------------
clk                  10.000000    0.000000  5.000000

===========================================================================
report_clock_latency
============================================================================
Clock clk
rise -> rise
    min     max
0.000000 0.000000 source latency
0.187800         network latency _46_/CLK
        0.188906 network latency _47_/CLK
---------------
0.187800 0.188906 latency
        0.001106 skew

fall -> fall
    min     max
0.000000 0.000000 source latency
0.188209         network latency _46_/CLK
        0.189223 network latency _47_/CLK
---------------
0.188209 0.189223 latency
        0.001013 skew



===========================================================================
report_clock_min_period
============================================================================
clk period_min = 1.45 fmax = 690.87
%OL_END_REPORT
Writing SDF files for all corners…
Removing Clock latencies before writing libs…
Writing timing models for all corners…
Writing timing models for the min_ff_n40C_1v95 corner to /home/amostafa/vlsi/runs/RUN_2024-12-04_11-30-08/54-openroad-stapostpnr/min_ff_n40C_1v95/counter_dut__min_ff_n40C_1v95.lib…
