Clock: clk
Sources: clk 
Generated: no
Virtual: yes
Propagated: no
Period: 10.000000

===========================================================================
report_clock_properties
============================================================================
Clock                   Period          Waveform
----------------------------------------------------
clk                  10.000000    0.000000  5.000000

===========================================================================
report_clock_latency
============================================================================
Clock clk
rise -> rise
    min     max
0.000000 0.000000 source latency
0.266466         network latency _47_/CLK
        0.267060 network latency _48_/CLK
---------------
0.266466 0.267060 latency
        0.000594 skew

fall -> fall
    min     max
0.000000 0.000000 source latency
0.275663         network latency _47_/CLK
        0.276189 network latency _48_/CLK
---------------
0.275663 0.276189 latency
        0.000526 skew



===========================================================================
report_clock_min_period
============================================================================
clk period_min = 1.39 fmax = 719.45
