
===========================================================================
report_checks -path_delay max (Setup)
============================================================================
======================= nom_tt_025C_1v80 Corner ===================================

Startpoint: _47_ (rising edge-triggered flip-flop clocked by clk)
Endpoint: counter[1] (output port clocked by clk)
Path Group: clk
Path Type: max

Fanout         Cap        Slew       Delay        Time   Description
---------------------------------------------------------------------------------------------
                                  0.000000    0.000000   clock clk (rise edge)
                                  0.000000    0.000000   clock source latency
     1    0.009498    0.049187    0.032415    0.032415 ^ clk (in)
                                                         clk (net)
                      0.049188    0.000000    0.032415 ^ clkbuf_0_clk/A (sky130_fd_sc_hd__clkbuf_16)
     2    0.017827    0.039996    0.124795    0.157210 ^ clkbuf_0_clk/X (sky130_fd_sc_hd__clkbuf_16)
                                                         clknet_0_clk (net)
                      0.039997    0.000386    0.157596 ^ clkbuf_1_0__f_clk/A (sky130_fd_sc_hd__clkbuf_16)
     2    0.005051    0.028814    0.108763    0.266359 ^ clkbuf_1_0__f_clk/X (sky130_fd_sc_hd__clkbuf_16)
                                                         clknet_1_0__leaf_clk (net)
                      0.028814    0.000106    0.266466 ^ _47_/CLK (sky130_fd_sc_hd__dfxtp_1)
     6    0.021007    0.201837    0.411717    0.678182 ^ _47_/Q (sky130_fd_sc_hd__dfxtp_1)
                                                         net5 (net)
                      0.201837    0.000411    0.678593 ^ output5/A (sky130_fd_sc_hd__buf_2)
     1    0.033972    0.169335    0.247111    0.925704 ^ output5/X (sky130_fd_sc_hd__buf_2)
                                                         counter[1] (net)
                      0.169335    0.000668    0.926373 ^ counter[1] (out)
                                              0.926373   data arrival time

                                 10.000000   10.000000   clock clk (rise edge)
                                  0.000000   10.000000   clock network delay (propagated)
                                 -0.250000    9.750000   clock uncertainty
                                  0.000000    9.750000   clock reconvergence pessimism
                                 -2.000000    7.750000   output external delay
                                              7.750000   data required time
---------------------------------------------------------------------------------------------
                                              7.750000   data required time
                                             -0.926373   data arrival time
---------------------------------------------------------------------------------------------
                                              6.823627   slack (MET)


Startpoint: _48_ (rising edge-triggered flip-flop clocked by clk)
Endpoint: counter[2] (output port clocked by clk)
Path Group: clk
Path Type: max

Fanout         Cap        Slew       Delay        Time   Description
---------------------------------------------------------------------------------------------
                                  0.000000    0.000000   clock clk (rise edge)
                                  0.000000    0.000000   clock source latency
     1    0.009498    0.049187    0.032415    0.032415 ^ clk (in)
                                                         clk (net)
                      0.049188    0.000000    0.032415 ^ clkbuf_0_clk/A (sky130_fd_sc_hd__clkbuf_16)
     2    0.017827    0.039996    0.124795    0.157210 ^ clkbuf_0_clk/X (sky130_fd_sc_hd__clkbuf_16)
                                                         clknet_0_clk (net)
                      0.039997    0.000369    0.157579 ^ clkbuf_1_1__f_clk/A (sky130_fd_sc_hd__clkbuf_16)
     2    0.005520    0.029242    0.109321    0.266900 ^ clkbuf_1_1__f_clk/X (sky130_fd_sc_hd__clkbuf_16)
                                                         clknet_1_1__leaf_clk (net)
                      0.029242    0.000159    0.267060 ^ _48_/CLK (sky130_fd_sc_hd__dfxtp_1)
     5    0.017502    0.170312    0.389217    0.656276 ^ _48_/Q (sky130_fd_sc_hd__dfxtp_1)
                                                         net6 (net)
                      0.170312    0.000404    0.656680 ^ output6/A (sky130_fd_sc_hd__buf_2)
     1    0.034072    0.169744    0.238946    0.895626 ^ output6/X (sky130_fd_sc_hd__buf_2)
                                                         counter[2] (net)
                      0.169744    0.000627    0.896253 ^ counter[2] (out)
                                              0.896253   data arrival time

                                 10.000000   10.000000   clock clk (rise edge)
                                  0.000000   10.000000   clock network delay (propagated)
                                 -0.250000    9.750000   clock uncertainty
                                  0.000000    9.750000   clock reconvergence pessimism
                                 -2.000000    7.750000   output external delay
                                              7.750000   data required time
---------------------------------------------------------------------------------------------
                                              7.750000   data required time
                                             -0.896253   data arrival time
---------------------------------------------------------------------------------------------
                                              6.853747   slack (MET)


Startpoint: _46_ (rising edge-triggered flip-flop clocked by clk)
Endpoint: counter[0] (output port clocked by clk)
Path Group: clk
Path Type: max

Fanout         Cap        Slew       Delay        Time   Description
---------------------------------------------------------------------------------------------
                                  0.000000    0.000000   clock clk (rise edge)
                                  0.000000    0.000000   clock source latency
     1    0.009498    0.049187    0.032415    0.032415 ^ clk (in)
                                                         clk (net)
                      0.049188    0.000000    0.032415 ^ clkbuf_0_clk/A (sky130_fd_sc_hd__clkbuf_16)
     2    0.017827    0.039996    0.124795    0.157210 ^ clkbuf_0_clk/X (sky130_fd_sc_hd__clkbuf_16)
                                                         clknet_0_clk (net)
                      0.039997    0.000369    0.157579 ^ clkbuf_1_1__f_clk/A (sky130_fd_sc_hd__clkbuf_16)
     2    0.005520    0.029242    0.109321    0.266900 ^ clkbuf_1_1__f_clk/X (sky130_fd_sc_hd__clkbuf_16)
                                                         clknet_1_1__leaf_clk (net)
                      0.029242    0.000134    0.267034 ^ _46_/CLK (sky130_fd_sc_hd__dfxtp_2)
     7    0.025547    0.135203    0.380154    0.647189 ^ _46_/Q (sky130_fd_sc_hd__dfxtp_2)
                                                         net4 (net)
                      0.135205    0.000779    0.647968 ^ output4/A (sky130_fd_sc_hd__buf_2)
     1    0.033792    0.168383    0.228535    0.876503 ^ output4/X (sky130_fd_sc_hd__buf_2)
                                                         counter[0] (net)
                      0.168383    0.000605    0.877107 ^ counter[0] (out)
                                              0.877107   data arrival time

                                 10.000000   10.000000   clock clk (rise edge)
                                  0.000000   10.000000   clock network delay (propagated)
                                 -0.250000    9.750000   clock uncertainty
                                  0.000000    9.750000   clock reconvergence pessimism
                                 -2.000000    7.750000   output external delay
                                              7.750000   data required time
---------------------------------------------------------------------------------------------
                                              7.750000   data required time
                                             -0.877107   data arrival time
---------------------------------------------------------------------------------------------
                                              6.872893   slack (MET)


Startpoint: _49_ (rising edge-triggered flip-flop clocked by clk)
Endpoint: counter[3] (output port clocked by clk)
Path Group: clk
Path Type: max

Fanout         Cap        Slew       Delay        Time   Description
---------------------------------------------------------------------------------------------
                                  0.000000    0.000000   clock clk (rise edge)
                                  0.000000    0.000000   clock source latency
     1    0.009498    0.049187    0.032415    0.032415 ^ clk (in)
                                                         clk (net)
                      0.049188    0.000000    0.032415 ^ clkbuf_0_clk/A (sky130_fd_sc_hd__clkbuf_16)
     2    0.017827    0.039996    0.124795    0.157210 ^ clkbuf_0_clk/X (sky130_fd_sc_hd__clkbuf_16)
                                                         clknet_0_clk (net)
                      0.039997    0.000386    0.157596 ^ clkbuf_1_0__f_clk/A (sky130_fd_sc_hd__clkbuf_16)
     2    0.005051    0.028814    0.108763    0.266359 ^ clkbuf_1_0__f_clk/X (sky130_fd_sc_hd__clkbuf_16)
                                                         clknet_1_0__leaf_clk (net)
                      0.028814    0.000121    0.266480 ^ _49_/CLK (sky130_fd_sc_hd__dfxtp_1)
     3    0.009467    0.098051    0.337686    0.604166 ^ _49_/Q (sky130_fd_sc_hd__dfxtp_1)
                                                         net7 (net)
                      0.098051    0.000179    0.604345 ^ output7/A (sky130_fd_sc_hd__buf_2)
     1    0.033800    0.168264    0.216119    0.820464 ^ output7/X (sky130_fd_sc_hd__buf_2)
                                                         counter[3] (net)
                      0.168264    0.000605    0.821069 ^ counter[3] (out)
                                              0.821069   data arrival time

                                 10.000000   10.000000   clock clk (rise edge)
                                  0.000000   10.000000   clock network delay (propagated)
                                 -0.250000    9.750000   clock uncertainty
                                  0.000000    9.750000   clock reconvergence pessimism
                                 -2.000000    7.750000   output external delay
                                              7.750000   data required time
---------------------------------------------------------------------------------------------
                                              7.750000   data required time
                                             -0.821069   data arrival time
---------------------------------------------------------------------------------------------
                                              6.928931   slack (MET)


Startpoint: up_down (input port clocked by clk)
Endpoint: _49_ (rising edge-triggered flip-flop clocked by clk)
Path Group: clk
Path Type: max

Fanout         Cap        Slew       Delay        Time   Description
---------------------------------------------------------------------------------------------
                                  0.000000    0.000000   clock clk (rise edge)
                                  0.000000    0.000000   clock network delay (propagated)
                                  2.000000    2.000000 v input external delay
     1    0.002502    0.007936    0.003932    2.003932 v up_down (in)
                                                         up_down (net)
                      0.007936    0.000000    2.003932 v input3/A (sky130_fd_sc_hd__buf_1)
     5    0.012278    0.077082    0.114189    2.118121 v input3/X (sky130_fd_sc_hd__buf_1)
                                                         net3 (net)
                      0.077082    0.000247    2.118368 v _41_/A1 (sky130_fd_sc_hd__o31ai_1)
     2    0.006924    0.298786    0.330064    2.448432 ^ _41_/Y (sky130_fd_sc_hd__o31ai_1)
                                                         _19_ (net)
                      0.298786    0.000154    2.448586 ^ _44_/C (sky130_fd_sc_hd__nand4_1)
     1    0.003305    0.092473    0.136581    2.585167 v _44_/Y (sky130_fd_sc_hd__nand4_1)
                                                         _22_ (net)
                      0.092473    0.000103    2.585270 v _45_/A3 (sky130_fd_sc_hd__a31o_1)
     1    0.002401    0.034835    0.226076    2.811347 v _45_/X (sky130_fd_sc_hd__a31o_1)
                                                         _03_ (net)
                      0.034835    0.000052    2.811399 v _49_/D (sky130_fd_sc_hd__dfxtp_1)
                                              2.811399   data arrival time

                                 10.000000   10.000000   clock clk (rise edge)
                                  0.000000   10.000000   clock source latency
     1    0.009498    0.049187    0.032415   10.032415 ^ clk (in)
                                                         clk (net)
                      0.049188    0.000000   10.032415 ^ clkbuf_0_clk/A (sky130_fd_sc_hd__clkbuf_16)
     2    0.017827    0.039996    0.124795   10.157210 ^ clkbuf_0_clk/X (sky130_fd_sc_hd__clkbuf_16)
                                                         clknet_0_clk (net)
                      0.039997    0.000385   10.157596 ^ clkbuf_1_0__f_clk/A (sky130_fd_sc_hd__clkbuf_16)
     2    0.005051    0.028814    0.108764   10.266359 ^ clkbuf_1_0__f_clk/X (sky130_fd_sc_hd__clkbuf_16)
                                                         clknet_1_0__leaf_clk (net)
                      0.028814    0.000121   10.266480 ^ _49_/CLK (sky130_fd_sc_hd__dfxtp_1)
                                 -0.250000   10.016480   clock uncertainty
                                  0.000000   10.016480   clock reconvergence pessimism
                                 -0.109847    9.906634   library setup time
                                              9.906634   data required time
---------------------------------------------------------------------------------------------
                                              9.906634   data required time
                                             -2.811399   data arrival time
---------------------------------------------------------------------------------------------
                                              7.095235   slack (MET)


Startpoint: enable (input port clocked by clk)
Endpoint: _47_ (rising edge-triggered flip-flop clocked by clk)
Path Group: clk
Path Type: max

Fanout         Cap        Slew       Delay        Time   Description
---------------------------------------------------------------------------------------------
                                  0.000000    0.000000   clock clk (rise edge)
                                  0.000000    0.000000   clock network delay (propagated)
                                  2.000000    2.000000 ^ input external delay
     1    0.002599    0.018872    0.009612    2.009612 ^ enable (in)
                                                         enable (net)
                      0.018872    0.000000    2.009612 ^ input1/A (sky130_fd_sc_hd__buf_1)
     5    0.015496    0.187069    0.171755    2.181367 ^ input1/X (sky130_fd_sc_hd__buf_1)
                                                         net1 (net)
                      0.187070    0.000346    2.181713 ^ _26_/A (sky130_fd_sc_hd__nor2_1)
     3    0.009435    0.073173    0.106152    2.287865 v _26_/Y (sky130_fd_sc_hd__nor2_1)
                                                         _07_ (net)
                      0.073173    0.000162    2.288027 v _33_/A2 (sky130_fd_sc_hd__a21o_1)
     1    0.002747    0.032746    0.181534    2.469561 v _33_/X (sky130_fd_sc_hd__a21o_1)
                                                         _13_ (net)
                      0.032746    0.000082    2.469643 v _34_/B1 (sky130_fd_sc_hd__a31o_1)
     1    0.002456    0.034981    0.171956    2.641598 v _34_/X (sky130_fd_sc_hd__a31o_1)
                                                         _01_ (net)
                      0.034982    0.000075    2.641673 v _47_/D (sky130_fd_sc_hd__dfxtp_1)
                                              2.641673   data arrival time

                                 10.000000   10.000000   clock clk (rise edge)
                                  0.000000   10.000000   clock source latency
     1    0.009498    0.049187    0.032415   10.032415 ^ clk (in)
                                                         clk (net)
                      0.049188    0.000000   10.032415 ^ clkbuf_0_clk/A (sky130_fd_sc_hd__clkbuf_16)
     2    0.017827    0.039996    0.124795   10.157210 ^ clkbuf_0_clk/X (sky130_fd_sc_hd__clkbuf_16)
                                                         clknet_0_clk (net)
                      0.039997    0.000385   10.157596 ^ clkbuf_1_0__f_clk/A (sky130_fd_sc_hd__clkbuf_16)
     2    0.005051    0.028814    0.108764   10.266359 ^ clkbuf_1_0__f_clk/X (sky130_fd_sc_hd__clkbuf_16)
                                                         clknet_1_0__leaf_clk (net)
                      0.028814    0.000107   10.266466 ^ _47_/CLK (sky130_fd_sc_hd__dfxtp_1)
                                 -0.250000   10.016466   clock uncertainty
                                  0.000000   10.016466   clock reconvergence pessimism
                                 -0.109911    9.906555   library setup time
                                              9.906555   data required time
---------------------------------------------------------------------------------------------
                                              9.906555   data required time
                                             -2.641673   data arrival time
---------------------------------------------------------------------------------------------
                                              7.264882   slack (MET)


Startpoint: up_down (input port clocked by clk)
Endpoint: _48_ (rising edge-triggered flip-flop clocked by clk)
Path Group: clk
Path Type: max

Fanout         Cap        Slew       Delay        Time   Description
---------------------------------------------------------------------------------------------
                                  0.000000    0.000000   clock clk (rise edge)
                                  0.000000    0.000000   clock network delay (propagated)
                                  2.000000    2.000000 v input external delay
     1    0.002502    0.007936    0.003932    2.003932 v up_down (in)
                                                         up_down (net)
                      0.007936    0.000000    2.003932 v input3/A (sky130_fd_sc_hd__buf_1)
     5    0.012278    0.077082    0.114189    2.118121 v input3/X (sky130_fd_sc_hd__buf_1)
                                                         net3 (net)
                      0.077082    0.000226    2.118346 v _30_/A (sky130_fd_sc_hd__or2_1)
     2    0.008168    0.073153    0.264122    2.382468 v _30_/X (sky130_fd_sc_hd__or2_1)
                                                         _10_ (net)
                      0.073153    0.000133    2.382601 v _38_/A (sky130_fd_sc_hd__xnor2_1)
     1    0.002915    0.117887    0.157268    2.539870 ^ _38_/Y (sky130_fd_sc_hd__xnor2_1)
                                                         _17_ (net)
                      0.117887    0.000085    2.539954 ^ _40_/A2 (sky130_fd_sc_hd__o21ai_1)
     1    0.002308    0.044692    0.066744    2.606698 v _40_/Y (sky130_fd_sc_hd__o21ai_1)
                                                         _02_ (net)
                      0.044692    0.000050    2.606748 v _48_/D (sky130_fd_sc_hd__dfxtp_1)
                                              2.606748   data arrival time

                                 10.000000   10.000000   clock clk (rise edge)
                                  0.000000   10.000000   clock source latency
     1    0.009498    0.049187    0.032415   10.032415 ^ clk (in)
                                                         clk (net)
                      0.049188    0.000000   10.032415 ^ clkbuf_0_clk/A (sky130_fd_sc_hd__clkbuf_16)
     2    0.017827    0.039996    0.124795   10.157210 ^ clkbuf_0_clk/X (sky130_fd_sc_hd__clkbuf_16)
                                                         clknet_0_clk (net)
                      0.039997    0.000369   10.157579 ^ clkbuf_1_1__f_clk/A (sky130_fd_sc_hd__clkbuf_16)
     2    0.005520    0.029242    0.109321   10.266900 ^ clkbuf_1_1__f_clk/X (sky130_fd_sc_hd__clkbuf_16)
                                                         clknet_1_1__leaf_clk (net)
                      0.029242    0.000159   10.267059 ^ _48_/CLK (sky130_fd_sc_hd__dfxtp_1)
                                 -0.250000   10.017059   clock uncertainty
                                  0.000000   10.017059   clock reconvergence pessimism
                                 -0.114076    9.902983   library setup time
                                              9.902983   data required time
---------------------------------------------------------------------------------------------
                                              9.902983   data required time
                                             -2.606748   data arrival time
---------------------------------------------------------------------------------------------
                                              7.296235   slack (MET)


Startpoint: reset (input port clocked by clk)
Endpoint: _46_ (rising edge-triggered flip-flop clocked by clk)
Path Group: clk
Path Type: max

Fanout         Cap        Slew       Delay        Time   Description
---------------------------------------------------------------------------------------------
                                  0.000000    0.000000   clock clk (rise edge)
                                  0.000000    0.000000   clock network delay (propagated)
                                  2.000000    2.000000 ^ input external delay
     1    0.002641    0.019054    0.009762    2.009762 ^ reset (in)
                                                         reset (net)
                      0.019054    0.000000    2.009762 ^ input2/A (sky130_fd_sc_hd__buf_1)
     2    0.007567    0.097156    0.109589    2.119350 ^ input2/X (sky130_fd_sc_hd__buf_1)
                                                         net2 (net)
                      0.097157    0.000128    2.119479 ^ _23_/A (sky130_fd_sc_hd__inv_2)
     4    0.012495    0.041941    0.060358    2.179837 v _23_/Y (sky130_fd_sc_hd__inv_2)
                                                         _04_ (net)
                      0.041942    0.000293    2.180130 v _25_/A (sky130_fd_sc_hd__nor2_1)
     4    0.014520    0.270365    0.239223    2.419354 ^ _25_/Y (sky130_fd_sc_hd__nor2_1)
                                                         _06_ (net)
                      0.270366    0.000433    2.419787 ^ _27_/B1 (sky130_fd_sc_hd__a21oi_1)
     1    0.003120    0.072256    0.072613    2.492400 v _27_/Y (sky130_fd_sc_hd__a21oi_1)
                                                         _08_ (net)
                      0.072256    0.000099    2.492499 v _28_/B1 (sky130_fd_sc_hd__o21ai_1)
     1    0.002056    0.086578    0.073204    2.565703 ^ _28_/Y (sky130_fd_sc_hd__o21ai_1)
                                                         _00_ (net)
                      0.086578    0.000059    2.565762 ^ _46_/D (sky130_fd_sc_hd__dfxtp_2)
                                              2.565762   data arrival time

                                 10.000000   10.000000   clock clk (rise edge)
                                  0.000000   10.000000   clock source latency
     1    0.009498    0.049187    0.032415   10.032415 ^ clk (in)
                                                         clk (net)
                      0.049188    0.000000   10.032415 ^ clkbuf_0_clk/A (sky130_fd_sc_hd__clkbuf_16)
     2    0.017827    0.039996    0.124795   10.157210 ^ clkbuf_0_clk/X (sky130_fd_sc_hd__clkbuf_16)
                                                         clknet_0_clk (net)
                      0.039997    0.000369   10.157579 ^ clkbuf_1_1__f_clk/A (sky130_fd_sc_hd__clkbuf_16)
     2    0.005520    0.029242    0.109321   10.266900 ^ clkbuf_1_1__f_clk/X (sky130_fd_sc_hd__clkbuf_16)
                                                         clknet_1_1__leaf_clk (net)
                      0.029242    0.000134   10.267035 ^ _46_/CLK (sky130_fd_sc_hd__dfxtp_2)
                                 -0.250000   10.017035   clock uncertainty
                                  0.000000   10.017035   clock reconvergence pessimism
                                 -0.071035    9.946000   library setup time
                                              9.946000   data required time
---------------------------------------------------------------------------------------------
                                              9.946000   data required time
                                             -2.565762   data arrival time
---------------------------------------------------------------------------------------------
                                              7.380238   slack (MET)



