
===========================================================================
report_checks -path_delay min (Hold)
============================================================================
======================= max_ss_100C_1v60 Corner ===================================

Startpoint: _46_ (rising edge-triggered flip-flop clocked by clk)
Endpoint: _46_ (rising edge-triggered flip-flop clocked by clk)
Path Group: clk
Path Type: min

Fanout         Cap        Slew       Delay        Time   Description
---------------------------------------------------------------------------------------------
                                  0.000000    0.000000   clock clk (rise edge)
                                  0.000000    0.000000   clock source latency
     1    0.010880    0.087175    0.056920    0.056920 ^ clk (in)
                                                         clk (net)
                      0.087178    0.000000    0.056920 ^ clkbuf_0_clk/A (sky130_fd_sc_hd__clkbuf_16)
     2    0.019012    0.066213    0.227672    0.284592 ^ clkbuf_0_clk/X (sky130_fd_sc_hd__clkbuf_16)
                                                         clknet_0_clk (net)
                      0.066228    0.001190    0.285782 ^ clkbuf_1_0__f_clk/A (sky130_fd_sc_hd__clkbuf_16)
     2    0.006451    0.049789    0.199118    0.484899 ^ clkbuf_1_0__f_clk/X (sky130_fd_sc_hd__clkbuf_16)
                                                         clknet_1_0__leaf_clk (net)
                      0.049790    0.000360    0.485259 ^ _46_/CLK (sky130_fd_sc_hd__dfxtp_1)
     7    0.024321    0.223408    0.708071    1.193330 v _46_/Q (sky130_fd_sc_hd__dfxtp_1)
                                                         net4 (net)
                      0.223410    0.001103    1.194433 v _27_/A1 (sky130_fd_sc_hd__a21oi_1)
     1    0.002127    0.126570    0.250270    1.444703 ^ _27_/Y (sky130_fd_sc_hd__a21oi_1)
                                                         _08_ (net)
                      0.126570    0.000098    1.444801 ^ _28_/B1 (sky130_fd_sc_hd__o21ai_1)
     1    0.002018    0.060025    0.131668    1.576468 v _28_/Y (sky130_fd_sc_hd__o21ai_1)
                                                         _00_ (net)
                      0.060025    0.000145    1.576614 v _46_/D (sky130_fd_sc_hd__dfxtp_1)
                                              1.576614   data arrival time

                                  0.000000    0.000000   clock clk (rise edge)
                                  0.000000    0.000000   clock source latency
     1    0.010880    0.087175    0.056920    0.056920 ^ clk (in)
                                                         clk (net)
                      0.087178    0.000000    0.056920 ^ clkbuf_0_clk/A (sky130_fd_sc_hd__clkbuf_16)
     2    0.019012    0.066213    0.227672    0.284592 ^ clkbuf_0_clk/X (sky130_fd_sc_hd__clkbuf_16)
                                                         clknet_0_clk (net)
                      0.066228    0.001190    0.285782 ^ clkbuf_1_0__f_clk/A (sky130_fd_sc_hd__clkbuf_16)
     2    0.006451    0.049789    0.199118    0.484899 ^ clkbuf_1_0__f_clk/X (sky130_fd_sc_hd__clkbuf_16)
                                                         clknet_1_0__leaf_clk (net)
                      0.049790    0.000360    0.485259 ^ _46_/CLK (sky130_fd_sc_hd__dfxtp_1)
                                  0.250000    0.735259   clock uncertainty
                                  0.000000    0.735259   clock reconvergence pessimism
                                 -0.106220    0.629039   library hold time
                                              0.629039   data required time
---------------------------------------------------------------------------------------------
                                              0.629039   data required time
                                             -1.576614   data arrival time
---------------------------------------------------------------------------------------------
                                              0.947574   slack (MET)


Startpoint: _47_ (rising edge-triggered flip-flop clocked by clk)
Endpoint: _47_ (rising edge-triggered flip-flop clocked by clk)
Path Group: clk
Path Type: min

Fanout         Cap        Slew       Delay        Time   Description
---------------------------------------------------------------------------------------------
                                  0.000000    0.000000   clock clk (rise edge)
                                  0.000000    0.000000   clock source latency
     1    0.010880    0.087175    0.056920    0.056920 ^ clk (in)
                                                         clk (net)
                      0.087178    0.000000    0.056920 ^ clkbuf_0_clk/A (sky130_fd_sc_hd__clkbuf_16)
     2    0.019012    0.066213    0.227672    0.284592 ^ clkbuf_0_clk/X (sky130_fd_sc_hd__clkbuf_16)
                                                         clknet_0_clk (net)
                      0.066229    0.001241    0.285833 ^ clkbuf_1_1__f_clk/A (sky130_fd_sc_hd__clkbuf_16)
     2    0.007951    0.051780    0.201958    0.487791 ^ clkbuf_1_1__f_clk/X (sky130_fd_sc_hd__clkbuf_16)
                                                         clknet_1_1__leaf_clk (net)
                      0.051781    0.000410    0.488201 ^ _47_/CLK (sky130_fd_sc_hd__dfxtp_1)
     6    0.024725    0.374568    0.843611    1.331812 ^ _47_/Q (sky130_fd_sc_hd__dfxtp_1)
                                                         net5 (net)
                      0.374572    0.001879    1.333691 ^ _33_/A1 (sky130_fd_sc_hd__a21o_1)
     1    0.002656    0.064619    0.312097    1.645788 ^ _33_/X (sky130_fd_sc_hd__a21o_1)
                                                         _13_ (net)
                      0.064619    0.000123    1.645911 ^ _34_/B1 (sky130_fd_sc_hd__a31o_1)
     1    0.003993    0.086196    0.172837    1.818748 ^ _34_/X (sky130_fd_sc_hd__a31o_1)
                                                         _01_ (net)
                      0.086196    0.000268    1.819016 ^ _47_/D (sky130_fd_sc_hd__dfxtp_1)
                                              1.819016   data arrival time

                                  0.000000    0.000000   clock clk (rise edge)
                                  0.000000    0.000000   clock source latency
     1    0.010880    0.087175    0.056920    0.056920 ^ clk (in)
                                                         clk (net)
                      0.087178    0.000000    0.056920 ^ clkbuf_0_clk/A (sky130_fd_sc_hd__clkbuf_16)
     2    0.019012    0.066213    0.227672    0.284592 ^ clkbuf_0_clk/X (sky130_fd_sc_hd__clkbuf_16)
                                                         clknet_0_clk (net)
                      0.066229    0.001241    0.285833 ^ clkbuf_1_1__f_clk/A (sky130_fd_sc_hd__clkbuf_16)
     2    0.007951    0.051780    0.201958    0.487791 ^ clkbuf_1_1__f_clk/X (sky130_fd_sc_hd__clkbuf_16)
                                                         clknet_1_1__leaf_clk (net)
                      0.051781    0.000410    0.488201 ^ _47_/CLK (sky130_fd_sc_hd__dfxtp_1)
                                  0.250000    0.738201   clock uncertainty
                                  0.000000    0.738201   clock reconvergence pessimism
                                 -0.078686    0.659515   library hold time
                                              0.659515   data required time
---------------------------------------------------------------------------------------------
                                              0.659515   data required time
                                             -1.819016   data arrival time
---------------------------------------------------------------------------------------------
                                              1.159501   slack (MET)


Startpoint: _48_ (rising edge-triggered flip-flop clocked by clk)
Endpoint: _48_ (rising edge-triggered flip-flop clocked by clk)
Path Group: clk
Path Type: min

Fanout         Cap        Slew       Delay        Time   Description
---------------------------------------------------------------------------------------------
                                  0.000000    0.000000   clock clk (rise edge)
                                  0.000000    0.000000   clock source latency
     1    0.010880    0.087175    0.056920    0.056920 ^ clk (in)
                                                         clk (net)
                      0.087178    0.000000    0.056920 ^ clkbuf_0_clk/A (sky130_fd_sc_hd__clkbuf_16)
     2    0.019012    0.066213    0.227672    0.284592 ^ clkbuf_0_clk/X (sky130_fd_sc_hd__clkbuf_16)
                                                         clknet_0_clk (net)
                      0.066228    0.001190    0.285782 ^ clkbuf_1_0__f_clk/A (sky130_fd_sc_hd__clkbuf_16)
     2    0.006451    0.049789    0.199118    0.484899 ^ clkbuf_1_0__f_clk/X (sky130_fd_sc_hd__clkbuf_16)
                                                         clknet_1_0__leaf_clk (net)
                      0.049790    0.000390    0.485289 ^ _48_/CLK (sky130_fd_sc_hd__dfxtp_1)
     5    0.015883    0.152124    0.655712    1.141001 v _48_/Q (sky130_fd_sc_hd__dfxtp_1)
                                                         net6 (net)
                      0.152128    0.001052    1.142053 v _36_/C (sky130_fd_sc_hd__nand3_1)
     2    0.006737    0.141348    0.202344    1.344397 ^ _36_/Y (sky130_fd_sc_hd__nand3_1)
                                                         _15_ (net)
                      0.141348    0.000374    1.344771 ^ _37_/B (sky130_fd_sc_hd__nand2_1)
     1    0.004875    0.099464    0.157387    1.502159 v _37_/Y (sky130_fd_sc_hd__nand2_1)
                                                         _16_ (net)
                      0.099464    0.000235    1.502393 v _38_/B (sky130_fd_sc_hd__xnor2_1)
     1    0.003067    0.077665    0.229974    1.732368 ^ _38_/Y (sky130_fd_sc_hd__xnor2_1)
                                                         _17_ (net)
                      0.077665    0.000218    1.732585 ^ _40_/A2 (sky130_fd_sc_hd__o21ai_1)
     1    0.003065    0.070302    0.118498    1.851083 v _40_/Y (sky130_fd_sc_hd__o21ai_1)
                                                         _02_ (net)
                      0.070302    0.000184    1.851268 v _48_/D (sky130_fd_sc_hd__dfxtp_1)
                                              1.851268   data arrival time

                                  0.000000    0.000000   clock clk (rise edge)
                                  0.000000    0.000000   clock source latency
     1    0.010880    0.087175    0.056920    0.056920 ^ clk (in)
                                                         clk (net)
                      0.087178    0.000000    0.056920 ^ clkbuf_0_clk/A (sky130_fd_sc_hd__clkbuf_16)
     2    0.019012    0.066213    0.227672    0.284592 ^ clkbuf_0_clk/X (sky130_fd_sc_hd__clkbuf_16)
                                                         clknet_0_clk (net)
                      0.066228    0.001190    0.285782 ^ clkbuf_1_0__f_clk/A (sky130_fd_sc_hd__clkbuf_16)
     2    0.006451    0.049789    0.199118    0.484899 ^ clkbuf_1_0__f_clk/X (sky130_fd_sc_hd__clkbuf_16)
                                                         clknet_1_0__leaf_clk (net)
                      0.049790    0.000390    0.485289 ^ _48_/CLK (sky130_fd_sc_hd__dfxtp_1)
                                  0.250000    0.735289   clock uncertainty
                                  0.000000    0.735289   clock reconvergence pessimism
                                 -0.110103    0.625186   library hold time
                                              0.625186   data required time
---------------------------------------------------------------------------------------------
                                              0.625186   data required time
                                             -1.851268   data arrival time
---------------------------------------------------------------------------------------------
                                              1.226082   slack (MET)


Startpoint: _49_ (rising edge-triggered flip-flop clocked by clk)
Endpoint: _49_ (rising edge-triggered flip-flop clocked by clk)
Path Group: clk
Path Type: min

Fanout         Cap        Slew       Delay        Time   Description
---------------------------------------------------------------------------------------------
                                  0.000000    0.000000   clock clk (rise edge)
                                  0.000000    0.000000   clock source latency
     1    0.010880    0.087175    0.056920    0.056920 ^ clk (in)
                                                         clk (net)
                      0.087178    0.000000    0.056920 ^ clkbuf_0_clk/A (sky130_fd_sc_hd__clkbuf_16)
     2    0.019012    0.066213    0.227672    0.284592 ^ clkbuf_0_clk/X (sky130_fd_sc_hd__clkbuf_16)
                                                         clknet_0_clk (net)
                      0.066229    0.001241    0.285833 ^ clkbuf_1_1__f_clk/A (sky130_fd_sc_hd__clkbuf_16)
     2    0.007951    0.051780    0.201958    0.487791 ^ clkbuf_1_1__f_clk/X (sky130_fd_sc_hd__clkbuf_16)
                                                         clknet_1_1__leaf_clk (net)
                      0.051781    0.000351    0.488142 ^ _49_/CLK (sky130_fd_sc_hd__dfxtp_1)
     3    0.007821    0.136020    0.669879    1.158021 ^ _49_/Q (sky130_fd_sc_hd__dfxtp_1)
                                                         net7 (net)
                      0.136020    0.000560    1.158581 ^ _43_/B1 (sky130_fd_sc_hd__a31o_1)
     1    0.003002    0.073755    0.191107    1.349689 ^ _43_/X (sky130_fd_sc_hd__a31o_1)
                                                         _21_ (net)
                      0.073755    0.000211    1.349899 ^ _45_/A2 (sky130_fd_sc_hd__a31o_1)
     1    0.002507    0.076972    0.281429    1.631328 ^ _45_/X (sky130_fd_sc_hd__a31o_1)
                                                         _03_ (net)
                      0.076972    0.000157    1.631485 ^ hold4/A (sky130_fd_sc_hd__dlygate4sd3_1)
     1    0.001773    0.079940    1.028112    2.659597 ^ hold4/X (sky130_fd_sc_hd__dlygate4sd3_1)
                                                         net11 (net)
                      0.079940    0.000079    2.659676 ^ _49_/D (sky130_fd_sc_hd__dfxtp_1)
                                              2.659676   data arrival time

                                  0.000000    0.000000   clock clk (rise edge)
                                  0.000000    0.000000   clock source latency
     1    0.010880    0.087175    0.056920    0.056920 ^ clk (in)
                                                         clk (net)
                      0.087178    0.000000    0.056920 ^ clkbuf_0_clk/A (sky130_fd_sc_hd__clkbuf_16)
     2    0.019012    0.066213    0.227672    0.284592 ^ clkbuf_0_clk/X (sky130_fd_sc_hd__clkbuf_16)
                                                         clknet_0_clk (net)
                      0.066229    0.001241    0.285833 ^ clkbuf_1_1__f_clk/A (sky130_fd_sc_hd__clkbuf_16)
     2    0.007951    0.051780    0.201958    0.487791 ^ clkbuf_1_1__f_clk/X (sky130_fd_sc_hd__clkbuf_16)
                                                         clknet_1_1__leaf_clk (net)
                      0.051781    0.000351    0.488142 ^ _49_/CLK (sky130_fd_sc_hd__dfxtp_1)
                                  0.250000    0.738142   clock uncertainty
                                  0.000000    0.738142   clock reconvergence pessimism
                                 -0.077230    0.660912   library hold time
                                              0.660912   data required time
---------------------------------------------------------------------------------------------
                                              0.660912   data required time
                                             -2.659676   data arrival time
---------------------------------------------------------------------------------------------
                                              1.998764   slack (MET)


Startpoint: _49_ (rising edge-triggered flip-flop clocked by clk)
Endpoint: counter[3] (output port clocked by clk)
Path Group: clk
Path Type: min

Fanout         Cap        Slew       Delay        Time   Description
---------------------------------------------------------------------------------------------
                                  0.000000    0.000000   clock clk (rise edge)
                                  0.000000    0.000000   clock source latency
     1    0.010880    0.087175    0.056920    0.056920 ^ clk (in)
                                                         clk (net)
                      0.087178    0.000000    0.056920 ^ clkbuf_0_clk/A (sky130_fd_sc_hd__clkbuf_16)
     2    0.019012    0.066213    0.227672    0.284592 ^ clkbuf_0_clk/X (sky130_fd_sc_hd__clkbuf_16)
                                                         clknet_0_clk (net)
                      0.066229    0.001241    0.285833 ^ clkbuf_1_1__f_clk/A (sky130_fd_sc_hd__clkbuf_16)
     2    0.007951    0.051780    0.201958    0.487791 ^ clkbuf_1_1__f_clk/X (sky130_fd_sc_hd__clkbuf_16)
                                                         clknet_1_1__leaf_clk (net)
                      0.051781    0.000351    0.488142 ^ _49_/CLK (sky130_fd_sc_hd__dfxtp_1)
     3    0.007308    0.083536    0.599022    1.087164 v _49_/Q (sky130_fd_sc_hd__dfxtp_1)
                                                         net7 (net)
                      0.083536    0.000360    1.087524 v output7/A (sky130_fd_sc_hd__buf_2)
     1    0.034183    0.165826    0.349880    1.437404 v output7/X (sky130_fd_sc_hd__buf_2)
                                                         counter[3] (net)
                      0.165842    0.001712    1.439116 v counter[3] (out)
                                              1.439116   data arrival time

                                  0.000000    0.000000   clock clk (rise edge)
                                  0.000000    0.000000   clock network delay (propagated)
                                  0.250000    0.250000   clock uncertainty
                                  0.000000    0.250000   clock reconvergence pessimism
                                 -2.000000   -1.750000   output external delay
                                             -1.750000   data required time
---------------------------------------------------------------------------------------------
                                             -1.750000   data required time
                                             -1.439116   data arrival time
---------------------------------------------------------------------------------------------
                                              3.189116   slack (MET)


Startpoint: _48_ (rising edge-triggered flip-flop clocked by clk)
Endpoint: counter[2] (output port clocked by clk)
Path Group: clk
Path Type: min

Fanout         Cap        Slew       Delay        Time   Description
---------------------------------------------------------------------------------------------
                                  0.000000    0.000000   clock clk (rise edge)
                                  0.000000    0.000000   clock source latency
     1    0.010880    0.087175    0.056920    0.056920 ^ clk (in)
                                                         clk (net)
                      0.087178    0.000000    0.056920 ^ clkbuf_0_clk/A (sky130_fd_sc_hd__clkbuf_16)
     2    0.019012    0.066213    0.227672    0.284592 ^ clkbuf_0_clk/X (sky130_fd_sc_hd__clkbuf_16)
                                                         clknet_0_clk (net)
                      0.066228    0.001190    0.285782 ^ clkbuf_1_0__f_clk/A (sky130_fd_sc_hd__clkbuf_16)
     2    0.006451    0.049789    0.199118    0.484899 ^ clkbuf_1_0__f_clk/X (sky130_fd_sc_hd__clkbuf_16)
                                                         clknet_1_0__leaf_clk (net)
                      0.049790    0.000390    0.485289 ^ _48_/CLK (sky130_fd_sc_hd__dfxtp_1)
     5    0.015883    0.152124    0.655712    1.141001 v _48_/Q (sky130_fd_sc_hd__dfxtp_1)
                                                         net6 (net)
                      0.152124    0.000661    1.141662 v output6/A (sky130_fd_sc_hd__buf_2)
     1    0.035034    0.169319    0.385602    1.527264 v output6/X (sky130_fd_sc_hd__buf_2)
                                                         counter[2] (net)
                      0.169337    0.001817    1.529081 v counter[2] (out)
                                              1.529081   data arrival time

                                  0.000000    0.000000   clock clk (rise edge)
                                  0.000000    0.000000   clock network delay (propagated)
                                  0.250000    0.250000   clock uncertainty
                                  0.000000    0.250000   clock reconvergence pessimism
                                 -2.000000   -1.750000   output external delay
                                             -1.750000   data required time
---------------------------------------------------------------------------------------------
                                             -1.750000   data required time
                                             -1.529081   data arrival time
---------------------------------------------------------------------------------------------
                                              3.279081   slack (MET)


Startpoint: _47_ (rising edge-triggered flip-flop clocked by clk)
Endpoint: counter[1] (output port clocked by clk)
Path Group: clk
Path Type: min

Fanout         Cap        Slew       Delay        Time   Description
---------------------------------------------------------------------------------------------
                                  0.000000    0.000000   clock clk (rise edge)
                                  0.000000    0.000000   clock source latency
     1    0.010880    0.087175    0.056920    0.056920 ^ clk (in)
                                                         clk (net)
                      0.087178    0.000000    0.056920 ^ clkbuf_0_clk/A (sky130_fd_sc_hd__clkbuf_16)
     2    0.019012    0.066213    0.227672    0.284592 ^ clkbuf_0_clk/X (sky130_fd_sc_hd__clkbuf_16)
                                                         clknet_0_clk (net)
                      0.066229    0.001241    0.285833 ^ clkbuf_1_1__f_clk/A (sky130_fd_sc_hd__clkbuf_16)
     2    0.007951    0.051780    0.201958    0.487791 ^ clkbuf_1_1__f_clk/X (sky130_fd_sc_hd__clkbuf_16)
                                                         clknet_1_1__leaf_clk (net)
                      0.051781    0.000410    0.488201 ^ _47_/CLK (sky130_fd_sc_hd__dfxtp_1)
     6    0.023569    0.217009    0.704400    1.192601 v _47_/Q (sky130_fd_sc_hd__dfxtp_1)
                                                         net5 (net)
                      0.217009    0.000669    1.193270 v output5/A (sky130_fd_sc_hd__buf_2)
     1    0.035149    0.169891    0.417191    1.610461 v output5/X (sky130_fd_sc_hd__buf_2)
                                                         counter[1] (net)
                      0.169911    0.001918    1.612378 v counter[1] (out)
                                              1.612378   data arrival time

                                  0.000000    0.000000   clock clk (rise edge)
                                  0.000000    0.000000   clock network delay (propagated)
                                  0.250000    0.250000   clock uncertainty
                                  0.000000    0.250000   clock reconvergence pessimism
                                 -2.000000   -1.750000   output external delay
                                             -1.750000   data required time
---------------------------------------------------------------------------------------------
                                             -1.750000   data required time
                                             -1.612378   data arrival time
---------------------------------------------------------------------------------------------
                                              3.362378   slack (MET)


Startpoint: _46_ (rising edge-triggered flip-flop clocked by clk)
Endpoint: counter[0] (output port clocked by clk)
Path Group: clk
Path Type: min

Fanout         Cap        Slew       Delay        Time   Description
---------------------------------------------------------------------------------------------
                                  0.000000    0.000000   clock clk (rise edge)
                                  0.000000    0.000000   clock source latency
     1    0.010880    0.087175    0.056920    0.056920 ^ clk (in)
                                                         clk (net)
                      0.087178    0.000000    0.056920 ^ clkbuf_0_clk/A (sky130_fd_sc_hd__clkbuf_16)
     2    0.019012    0.066213    0.227672    0.284592 ^ clkbuf_0_clk/X (sky130_fd_sc_hd__clkbuf_16)
                                                         clknet_0_clk (net)
                      0.066228    0.001190    0.285782 ^ clkbuf_1_0__f_clk/A (sky130_fd_sc_hd__clkbuf_16)
     2    0.006451    0.049789    0.199118    0.484899 ^ clkbuf_1_0__f_clk/X (sky130_fd_sc_hd__clkbuf_16)
                                                         clknet_1_0__leaf_clk (net)
                      0.049790    0.000360    0.485259 ^ _46_/CLK (sky130_fd_sc_hd__dfxtp_1)
     7    0.024321    0.223408    0.708071    1.193330 v _46_/Q (sky130_fd_sc_hd__dfxtp_1)
                                                         net4 (net)
                      0.223413    0.001438    1.194767 v output4/A (sky130_fd_sc_hd__buf_2)
     1    0.034705    0.168112    0.418930    1.613698 v output4/X (sky130_fd_sc_hd__buf_2)
                                                         counter[0] (net)
                      0.168130    0.001811    1.615509 v counter[0] (out)
                                              1.615509   data arrival time

                                  0.000000    0.000000   clock clk (rise edge)
                                  0.000000    0.000000   clock network delay (propagated)
                                  0.250000    0.250000   clock uncertainty
                                  0.000000    0.250000   clock reconvergence pessimism
                                 -2.000000   -1.750000   output external delay
                                             -1.750000   data required time
---------------------------------------------------------------------------------------------
                                             -1.750000   data required time
                                             -1.615509   data arrival time
---------------------------------------------------------------------------------------------
                                              3.365509   slack (MET)



