Reading timing models for corner max_ss_100C_1v60…
Reading cell library for the 'max_ss_100C_1v60' corner at '/home/amostafa/.volare/volare/sky130/versions/0fe599b2afb6708d281543108caf8310912f54af/sky130A/libs.ref/sky130_fd_sc_hd/lib/sky130_fd_sc_hd__ss_100C_1v60.lib'…
Reading top-level netlist at '/home/amostafa/vlsi/runs/RUN_2024-12-04_11-30-08/51-openroad-fillinsertion/counter_dut.nl.v'…
Linking design 'counter_dut' from netlist…
Warning: /home/amostafa/vlsi/runs/RUN_2024-12-04_11-30-08/51-openroad-fillinsertion/counter_dut.nl.v line 163, module sky130_fd_sc_hd__tapvpwrvgnd_1 not found. Creating black box for TAP_TAPCELL_ROW_0_16.
Warning: /home/amostafa/vlsi/runs/RUN_2024-12-04_11-30-08/51-openroad-fillinsertion/counter_dut.nl.v line 196, module sky130_ef_sc_hd__decap_12 not found. Creating black box for FILLER_0_3.
Warning: /home/amostafa/vlsi/runs/RUN_2024-12-04_11-30-08/51-openroad-fillinsertion/counter_dut.nl.v line 198, module sky130_fd_sc_hd__fill_1 not found. Creating black box for FILLER_0_27.
Warning: /home/amostafa/vlsi/runs/RUN_2024-12-04_11-30-08/51-openroad-fillinsertion/counter_dut.nl.v line 202, module sky130_fd_sc_hd__fill_2 not found. Creating black box for FILLER_2_18.
Reading design constraints file at './counter.sdc'…
Reading top-level design parasitics for the 'max_ss_100C_1v60' corner at '/home/amostafa/vlsi/runs/RUN_2024-12-04_11-30-08/53-openroad-rcx/max/counter_dut.max.spef'…
%OL_CREATE_REPORT min.rpt

===========================================================================
report_checks -path_delay min (Hold)
============================================================================
======================= max_ss_100C_1v60 Corner ===================================

Startpoint: _46_ (rising edge-triggered flip-flop clocked by clk)
Endpoint: _46_ (rising edge-triggered flip-flop clocked by clk)
Path Group: clk
Path Type: min

Fanout         Cap        Slew       Delay        Time   Description
---------------------------------------------------------------------------------------------
                                  0.000000    0.000000   clock clk (rise edge)
                                  0.000000    0.000000   clock source latency
     1    0.010880    0.087175    0.056920    0.056920 ^ clk (in)
                                                         clk (net)
                      0.087178    0.000000    0.056920 ^ clkbuf_0_clk/A (sky130_fd_sc_hd__clkbuf_16)
     2    0.019012    0.066213    0.227672    0.284592 ^ clkbuf_0_clk/X (sky130_fd_sc_hd__clkbuf_16)
                                                         clknet_0_clk (net)
                      0.066228    0.001190    0.285782 ^ clkbuf_1_0__f_clk/A (sky130_fd_sc_hd__clkbuf_16)
     2    0.006451    0.049789    0.199118    0.484899 ^ clkbuf_1_0__f_clk/X (sky130_fd_sc_hd__clkbuf_16)
                                                         clknet_1_0__leaf_clk (net)
                      0.049790    0.000360    0.485259 ^ _46_/CLK (sky130_fd_sc_hd__dfxtp_1)
     7    0.024321    0.223408    0.708071    1.193330 v _46_/Q (sky130_fd_sc_hd__dfxtp_1)
                                                         net4 (net)
                      0.223410    0.001103    1.194433 v _27_/A1 (sky130_fd_sc_hd__a21oi_1)
     1    0.002127    0.126570    0.250270    1.444703 ^ _27_/Y (sky130_fd_sc_hd__a21oi_1)
                                                         _08_ (net)
                      0.126570    0.000098    1.444801 ^ _28_/B1 (sky130_fd_sc_hd__o21ai_1)
     1    0.002018    0.060025    0.131668    1.576468 v _28_/Y (sky130_fd_sc_hd__o21ai_1)
                                                         _00_ (net)
                      0.060025    0.000145    1.576614 v _46_/D (sky130_fd_sc_hd__dfxtp_1)
                                              1.576614   data arrival time

                                  0.000000    0.000000   clock clk (rise edge)
                                  0.000000    0.000000   clock source latency
     1    0.010880    0.087175    0.056920    0.056920 ^ clk (in)
                                                         clk (net)
                      0.087178    0.000000    0.056920 ^ clkbuf_0_clk/A (sky130_fd_sc_hd__clkbuf_16)
     2    0.019012    0.066213    0.227672    0.284592 ^ clkbuf_0_clk/X (sky130_fd_sc_hd__clkbuf_16)
                                                         clknet_0_clk (net)
                      0.066228    0.001190    0.285782 ^ clkbuf_1_0__f_clk/A (sky130_fd_sc_hd__clkbuf_16)
     2    0.006451    0.049789    0.199118    0.484899 ^ clkbuf_1_0__f_clk/X (sky130_fd_sc_hd__clkbuf_16)
                                                         clknet_1_0__leaf_clk (net)
                      0.049790    0.000360    0.485259 ^ _46_/CLK (sky130_fd_sc_hd__dfxtp_1)
                                  0.250000    0.735259   clock uncertainty
                                  0.000000    0.735259   clock reconvergence pessimism
                                 -0.106220    0.629039   library hold time
                                              0.629039   data required time
---------------------------------------------------------------------------------------------
                                              0.629039   data required time
                                             -1.576614   data arrival time
---------------------------------------------------------------------------------------------
                                              0.947574   slack (MET)


Startpoint: _47_ (rising edge-triggered flip-flop clocked by clk)
Endpoint: _47_ (rising edge-triggered flip-flop clocked by clk)
Path Group: clk
Path Type: min

Fanout         Cap        Slew       Delay        Time   Description
---------------------------------------------------------------------------------------------
                                  0.000000    0.000000   clock clk (rise edge)
                                  0.000000    0.000000   clock source latency
     1    0.010880    0.087175    0.056920    0.056920 ^ clk (in)
                                                         clk (net)
                      0.087178    0.000000    0.056920 ^ clkbuf_0_clk/A (sky130_fd_sc_hd__clkbuf_16)
     2    0.019012    0.066213    0.227672    0.284592 ^ clkbuf_0_clk/X (sky130_fd_sc_hd__clkbuf_16)
                                                         clknet_0_clk (net)
                      0.066229    0.001241    0.285833 ^ clkbuf_1_1__f_clk/A (sky130_fd_sc_hd__clkbuf_16)
     2    0.007951    0.051780    0.201958    0.487791 ^ clkbuf_1_1__f_clk/X (sky130_fd_sc_hd__clkbuf_16)
                                                         clknet_1_1__leaf_clk (net)
                      0.051781    0.000410    0.488201 ^ _47_/CLK (sky130_fd_sc_hd__dfxtp_1)
     6    0.024725    0.374568    0.843611    1.331812 ^ _47_/Q (sky130_fd_sc_hd__dfxtp_1)
                                                         net5 (net)
                      0.374572    0.001879    1.333691 ^ _33_/A1 (sky130_fd_sc_hd__a21o_1)
     1    0.002656    0.064619    0.312097    1.645788 ^ _33_/X (sky130_fd_sc_hd__a21o_1)
                                                         _13_ (net)
                      0.064619    0.000123    1.645911 ^ _34_/B1 (sky130_fd_sc_hd__a31o_1)
     1    0.003993    0.086196    0.172837    1.818748 ^ _34_/X (sky130_fd_sc_hd__a31o_1)
                                                         _01_ (net)
                      0.086196    0.000268    1.819016 ^ _47_/D (sky130_fd_sc_hd__dfxtp_1)
                                              1.819016   data arrival time

                                  0.000000    0.000000   clock clk (rise edge)
                                  0.000000    0.000000   clock source latency
     1    0.010880    0.087175    0.056920    0.056920 ^ clk (in)
                                                         clk (net)
                      0.087178    0.000000    0.056920 ^ clkbuf_0_clk/A (sky130_fd_sc_hd__clkbuf_16)
     2    0.019012    0.066213    0.227672    0.284592 ^ clkbuf_0_clk/X (sky130_fd_sc_hd__clkbuf_16)
                                                         clknet_0_clk (net)
                      0.066229    0.001241    0.285833 ^ clkbuf_1_1__f_clk/A (sky130_fd_sc_hd__clkbuf_16)
     2    0.007951    0.051780    0.201958    0.487791 ^ clkbuf_1_1__f_clk/X (sky130_fd_sc_hd__clkbuf_16)
                                                         clknet_1_1__leaf_clk (net)
                      0.051781    0.000410    0.488201 ^ _47_/CLK (sky130_fd_sc_hd__dfxtp_1)
                                  0.250000    0.738201   clock uncertainty
                                  0.000000    0.738201   clock reconvergence pessimism
                                 -0.078686    0.659515   library hold time
                                              0.659515   data required time
---------------------------------------------------------------------------------------------
                                              0.659515   data required time
                                             -1.819016   data arrival time
---------------------------------------------------------------------------------------------
                                              1.159501   slack (MET)


Startpoint: _48_ (rising edge-triggered flip-flop clocked by clk)
Endpoint: _48_ (rising edge-triggered flip-flop clocked by clk)
Path Group: clk
Path Type: min

Fanout         Cap        Slew       Delay        Time   Description
---------------------------------------------------------------------------------------------
                                  0.000000    0.000000   clock clk (rise edge)
                                  0.000000    0.000000   clock source latency
     1    0.010880    0.087175    0.056920    0.056920 ^ clk (in)
                                                         clk (net)
                      0.087178    0.000000    0.056920 ^ clkbuf_0_clk/A (sky130_fd_sc_hd__clkbuf_16)
     2    0.019012    0.066213    0.227672    0.284592 ^ clkbuf_0_clk/X (sky130_fd_sc_hd__clkbuf_16)
                                                         clknet_0_clk (net)
                      0.066228    0.001190    0.285782 ^ clkbuf_1_0__f_clk/A (sky130_fd_sc_hd__clkbuf_16)
     2    0.006451    0.049789    0.199118    0.484899 ^ clkbuf_1_0__f_clk/X (sky130_fd_sc_hd__clkbuf_16)
                                                         clknet_1_0__leaf_clk (net)
                      0.049790    0.000390    0.485289 ^ _48_/CLK (sky130_fd_sc_hd__dfxtp_1)
     5    0.015883    0.152124    0.655712    1.141001 v _48_/Q (sky130_fd_sc_hd__dfxtp_1)
                                                         net6 (net)
                      0.152128    0.001052    1.142053 v _36_/C (sky130_fd_sc_hd__nand3_1)
     2    0.006737    0.141348    0.202344    1.344397 ^ _36_/Y (sky130_fd_sc_hd__nand3_1)
                                                         _15_ (net)
                      0.141348    0.000374    1.344771 ^ _37_/B (sky130_fd_sc_hd__nand2_1)
     1    0.004875    0.099464    0.157387    1.502159 v _37_/Y (sky130_fd_sc_hd__nand2_1)
                                                         _16_ (net)
                      0.099464    0.000235    1.502393 v _38_/B (sky130_fd_sc_hd__xnor2_1)
     1    0.003067    0.077665    0.229974    1.732368 ^ _38_/Y (sky130_fd_sc_hd__xnor2_1)
                                                         _17_ (net)
                      0.077665    0.000218    1.732585 ^ _40_/A2 (sky130_fd_sc_hd__o21ai_1)
     1    0.003065    0.070302    0.118498    1.851083 v _40_/Y (sky130_fd_sc_hd__o21ai_1)
                                                         _02_ (net)
                      0.070302    0.000184    1.851268 v _48_/D (sky130_fd_sc_hd__dfxtp_1)
                                              1.851268   data arrival time

                                  0.000000    0.000000   clock clk (rise edge)
                                  0.000000    0.000000   clock source latency
     1    0.010880    0.087175    0.056920    0.056920 ^ clk (in)
                                                         clk (net)
                      0.087178    0.000000    0.056920 ^ clkbuf_0_clk/A (sky130_fd_sc_hd__clkbuf_16)
     2    0.019012    0.066213    0.227672    0.284592 ^ clkbuf_0_clk/X (sky130_fd_sc_hd__clkbuf_16)
                                                         clknet_0_clk (net)
                      0.066228    0.001190    0.285782 ^ clkbuf_1_0__f_clk/A (sky130_fd_sc_hd__clkbuf_16)
     2    0.006451    0.049789    0.199118    0.484899 ^ clkbuf_1_0__f_clk/X (sky130_fd_sc_hd__clkbuf_16)
                                                         clknet_1_0__leaf_clk (net)
                      0.049790    0.000390    0.485289 ^ _48_/CLK (sky130_fd_sc_hd__dfxtp_1)
                                  0.250000    0.735289   clock uncertainty
                                  0.000000    0.735289   clock reconvergence pessimism
                                 -0.110103    0.625186   library hold time
                                              0.625186   data required time
---------------------------------------------------------------------------------------------
                                              0.625186   data required time
                                             -1.851268   data arrival time
---------------------------------------------------------------------------------------------
                                              1.226082   slack (MET)


Startpoint: _49_ (rising edge-triggered flip-flop clocked by clk)
Endpoint: _49_ (rising edge-triggered flip-flop clocked by clk)
Path Group: clk
Path Type: min

Fanout         Cap        Slew       Delay        Time   Description
---------------------------------------------------------------------------------------------
                                  0.000000    0.000000   clock clk (rise edge)
                                  0.000000    0.000000   clock source latency
     1    0.010880    0.087175    0.056920    0.056920 ^ clk (in)
                                                         clk (net)
                      0.087178    0.000000    0.056920 ^ clkbuf_0_clk/A (sky130_fd_sc_hd__clkbuf_16)
     2    0.019012    0.066213    0.227672    0.284592 ^ clkbuf_0_clk/X (sky130_fd_sc_hd__clkbuf_16)
                                                         clknet_0_clk (net)
                      0.066229    0.001241    0.285833 ^ clkbuf_1_1__f_clk/A (sky130_fd_sc_hd__clkbuf_16)
     2    0.007951    0.051780    0.201958    0.487791 ^ clkbuf_1_1__f_clk/X (sky130_fd_sc_hd__clkbuf_16)
                                                         clknet_1_1__leaf_clk (net)
                      0.051781    0.000351    0.488142 ^ _49_/CLK (sky130_fd_sc_hd__dfxtp_1)
     3    0.007821    0.136020    0.669879    1.158021 ^ _49_/Q (sky130_fd_sc_hd__dfxtp_1)
                                                         net7 (net)
                      0.136020    0.000560    1.158581 ^ _43_/B1 (sky130_fd_sc_hd__a31o_1)
     1    0.003002    0.073755    0.191107    1.349689 ^ _43_/X (sky130_fd_sc_hd__a31o_1)
                                                         _21_ (net)
                      0.073755    0.000211    1.349899 ^ _45_/A2 (sky130_fd_sc_hd__a31o_1)
     1    0.002507    0.076972    0.281429    1.631328 ^ _45_/X (sky130_fd_sc_hd__a31o_1)
                                                         _03_ (net)
                      0.076972    0.000157    1.631485 ^ hold4/A (sky130_fd_sc_hd__dlygate4sd3_1)
     1    0.001773    0.079940    1.028112    2.659597 ^ hold4/X (sky130_fd_sc_hd__dlygate4sd3_1)
                                                         net11 (net)
                      0.079940    0.000079    2.659676 ^ _49_/D (sky130_fd_sc_hd__dfxtp_1)
                                              2.659676   data arrival time

                                  0.000000    0.000000   clock clk (rise edge)
                                  0.000000    0.000000   clock source latency
     1    0.010880    0.087175    0.056920    0.056920 ^ clk (in)
                                                         clk (net)
                      0.087178    0.000000    0.056920 ^ clkbuf_0_clk/A (sky130_fd_sc_hd__clkbuf_16)
     2    0.019012    0.066213    0.227672    0.284592 ^ clkbuf_0_clk/X (sky130_fd_sc_hd__clkbuf_16)
                                                         clknet_0_clk (net)
                      0.066229    0.001241    0.285833 ^ clkbuf_1_1__f_clk/A (sky130_fd_sc_hd__clkbuf_16)
     2    0.007951    0.051780    0.201958    0.487791 ^ clkbuf_1_1__f_clk/X (sky130_fd_sc_hd__clkbuf_16)
                                                         clknet_1_1__leaf_clk (net)
                      0.051781    0.000351    0.488142 ^ _49_/CLK (sky130_fd_sc_hd__dfxtp_1)
                                  0.250000    0.738142   clock uncertainty
                                  0.000000    0.738142   clock reconvergence pessimism
                                 -0.077230    0.660912   library hold time
                                              0.660912   data required time
---------------------------------------------------------------------------------------------
                                              0.660912   data required time
                                             -2.659676   data arrival time
---------------------------------------------------------------------------------------------
                                              1.998764   slack (MET)


Startpoint: _49_ (rising edge-triggered flip-flop clocked by clk)
Endpoint: counter[3] (output port clocked by clk)
Path Group: clk
Path Type: min

Fanout         Cap        Slew       Delay        Time   Description
---------------------------------------------------------------------------------------------
                                  0.000000    0.000000   clock clk (rise edge)
                                  0.000000    0.000000   clock source latency
     1    0.010880    0.087175    0.056920    0.056920 ^ clk (in)
                                                         clk (net)
                      0.087178    0.000000    0.056920 ^ clkbuf_0_clk/A (sky130_fd_sc_hd__clkbuf_16)
     2    0.019012    0.066213    0.227672    0.284592 ^ clkbuf_0_clk/X (sky130_fd_sc_hd__clkbuf_16)
                                                         clknet_0_clk (net)
                      0.066229    0.001241    0.285833 ^ clkbuf_1_1__f_clk/A (sky130_fd_sc_hd__clkbuf_16)
     2    0.007951    0.051780    0.201958    0.487791 ^ clkbuf_1_1__f_clk/X (sky130_fd_sc_hd__clkbuf_16)
                                                         clknet_1_1__leaf_clk (net)
                      0.051781    0.000351    0.488142 ^ _49_/CLK (sky130_fd_sc_hd__dfxtp_1)
     3    0.007308    0.083536    0.599022    1.087164 v _49_/Q (sky130_fd_sc_hd__dfxtp_1)
                                                         net7 (net)
                      0.083536    0.000360    1.087524 v output7/A (sky130_fd_sc_hd__buf_2)
     1    0.034183    0.165826    0.349880    1.437404 v output7/X (sky130_fd_sc_hd__buf_2)
                                                         counter[3] (net)
                      0.165842    0.001712    1.439116 v counter[3] (out)
                                              1.439116   data arrival time

                                  0.000000    0.000000   clock clk (rise edge)
                                  0.000000    0.000000   clock network delay (propagated)
                                  0.250000    0.250000   clock uncertainty
                                  0.000000    0.250000   clock reconvergence pessimism
                                 -2.000000   -1.750000   output external delay
                                             -1.750000   data required time
---------------------------------------------------------------------------------------------
                                             -1.750000   data required time
                                             -1.439116   data arrival time
---------------------------------------------------------------------------------------------
                                              3.189116   slack (MET)


Startpoint: _48_ (rising edge-triggered flip-flop clocked by clk)
Endpoint: counter[2] (output port clocked by clk)
Path Group: clk
Path Type: min

Fanout         Cap        Slew       Delay        Time   Description
---------------------------------------------------------------------------------------------
                                  0.000000    0.000000   clock clk (rise edge)
                                  0.000000    0.000000   clock source latency
     1    0.010880    0.087175    0.056920    0.056920 ^ clk (in)
                                                         clk (net)
                      0.087178    0.000000    0.056920 ^ clkbuf_0_clk/A (sky130_fd_sc_hd__clkbuf_16)
     2    0.019012    0.066213    0.227672    0.284592 ^ clkbuf_0_clk/X (sky130_fd_sc_hd__clkbuf_16)
                                                         clknet_0_clk (net)
                      0.066228    0.001190    0.285782 ^ clkbuf_1_0__f_clk/A (sky130_fd_sc_hd__clkbuf_16)
     2    0.006451    0.049789    0.199118    0.484899 ^ clkbuf_1_0__f_clk/X (sky130_fd_sc_hd__clkbuf_16)
                                                         clknet_1_0__leaf_clk (net)
                      0.049790    0.000390    0.485289 ^ _48_/CLK (sky130_fd_sc_hd__dfxtp_1)
     5    0.015883    0.152124    0.655712    1.141001 v _48_/Q (sky130_fd_sc_hd__dfxtp_1)
                                                         net6 (net)
                      0.152124    0.000661    1.141662 v output6/A (sky130_fd_sc_hd__buf_2)
     1    0.035034    0.169319    0.385602    1.527264 v output6/X (sky130_fd_sc_hd__buf_2)
                                                         counter[2] (net)
                      0.169337    0.001817    1.529081 v counter[2] (out)
                                              1.529081   data arrival time

                                  0.000000    0.000000   clock clk (rise edge)
                                  0.000000    0.000000   clock network delay (propagated)
                                  0.250000    0.250000   clock uncertainty
                                  0.000000    0.250000   clock reconvergence pessimism
                                 -2.000000   -1.750000   output external delay
                                             -1.750000   data required time
---------------------------------------------------------------------------------------------
                                             -1.750000   data required time
                                             -1.529081   data arrival time
---------------------------------------------------------------------------------------------
                                              3.279081   slack (MET)


Startpoint: _47_ (rising edge-triggered flip-flop clocked by clk)
Endpoint: counter[1] (output port clocked by clk)
Path Group: clk
Path Type: min

Fanout         Cap        Slew       Delay        Time   Description
---------------------------------------------------------------------------------------------
                                  0.000000    0.000000   clock clk (rise edge)
                                  0.000000    0.000000   clock source latency
     1    0.010880    0.087175    0.056920    0.056920 ^ clk (in)
                                                         clk (net)
                      0.087178    0.000000    0.056920 ^ clkbuf_0_clk/A (sky130_fd_sc_hd__clkbuf_16)
     2    0.019012    0.066213    0.227672    0.284592 ^ clkbuf_0_clk/X (sky130_fd_sc_hd__clkbuf_16)
                                                         clknet_0_clk (net)
                      0.066229    0.001241    0.285833 ^ clkbuf_1_1__f_clk/A (sky130_fd_sc_hd__clkbuf_16)
     2    0.007951    0.051780    0.201958    0.487791 ^ clkbuf_1_1__f_clk/X (sky130_fd_sc_hd__clkbuf_16)
                                                         clknet_1_1__leaf_clk (net)
                      0.051781    0.000410    0.488201 ^ _47_/CLK (sky130_fd_sc_hd__dfxtp_1)
     6    0.023569    0.217009    0.704400    1.192601 v _47_/Q (sky130_fd_sc_hd__dfxtp_1)
                                                         net5 (net)
                      0.217009    0.000669    1.193270 v output5/A (sky130_fd_sc_hd__buf_2)
     1    0.035149    0.169891    0.417191    1.610461 v output5/X (sky130_fd_sc_hd__buf_2)
                                                         counter[1] (net)
                      0.169911    0.001918    1.612378 v counter[1] (out)
                                              1.612378   data arrival time

                                  0.000000    0.000000   clock clk (rise edge)
                                  0.000000    0.000000   clock network delay (propagated)
                                  0.250000    0.250000   clock uncertainty
                                  0.000000    0.250000   clock reconvergence pessimism
                                 -2.000000   -1.750000   output external delay
                                             -1.750000   data required time
---------------------------------------------------------------------------------------------
                                             -1.750000   data required time
                                             -1.612378   data arrival time
---------------------------------------------------------------------------------------------
                                              3.362378   slack (MET)


Startpoint: _46_ (rising edge-triggered flip-flop clocked by clk)
Endpoint: counter[0] (output port clocked by clk)
Path Group: clk
Path Type: min

Fanout         Cap        Slew       Delay        Time   Description
---------------------------------------------------------------------------------------------
                                  0.000000    0.000000   clock clk (rise edge)
                                  0.000000    0.000000   clock source latency
     1    0.010880    0.087175    0.056920    0.056920 ^ clk (in)
                                                         clk (net)
                      0.087178    0.000000    0.056920 ^ clkbuf_0_clk/A (sky130_fd_sc_hd__clkbuf_16)
     2    0.019012    0.066213    0.227672    0.284592 ^ clkbuf_0_clk/X (sky130_fd_sc_hd__clkbuf_16)
                                                         clknet_0_clk (net)
                      0.066228    0.001190    0.285782 ^ clkbuf_1_0__f_clk/A (sky130_fd_sc_hd__clkbuf_16)
     2    0.006451    0.049789    0.199118    0.484899 ^ clkbuf_1_0__f_clk/X (sky130_fd_sc_hd__clkbuf_16)
                                                         clknet_1_0__leaf_clk (net)
                      0.049790    0.000360    0.485259 ^ _46_/CLK (sky130_fd_sc_hd__dfxtp_1)
     7    0.024321    0.223408    0.708071    1.193330 v _46_/Q (sky130_fd_sc_hd__dfxtp_1)
                                                         net4 (net)
                      0.223413    0.001438    1.194767 v output4/A (sky130_fd_sc_hd__buf_2)
     1    0.034705    0.168112    0.418930    1.613698 v output4/X (sky130_fd_sc_hd__buf_2)
                                                         counter[0] (net)
                      0.168130    0.001811    1.615509 v counter[0] (out)
                                              1.615509   data arrival time

                                  0.000000    0.000000   clock clk (rise edge)
                                  0.000000    0.000000   clock network delay (propagated)
                                  0.250000    0.250000   clock uncertainty
                                  0.000000    0.250000   clock reconvergence pessimism
                                 -2.000000   -1.750000   output external delay
                                             -1.750000   data required time
---------------------------------------------------------------------------------------------
                                             -1.750000   data required time
                                             -1.615509   data arrival time
---------------------------------------------------------------------------------------------
                                              3.365509   slack (MET)



%OL_END_REPORT
%OL_CREATE_REPORT max.rpt

===========================================================================
report_checks -path_delay max (Setup)
============================================================================
======================= max_ss_100C_1v60 Corner ===================================

Startpoint: up_down (input port clocked by clk)
Endpoint: _49_ (rising edge-triggered flip-flop clocked by clk)
Path Group: clk
Path Type: max

Fanout         Cap        Slew       Delay        Time   Description
---------------------------------------------------------------------------------------------
                                  0.000000    0.000000   clock clk (rise edge)
                                  0.000000    0.000000   clock network delay (propagated)
                                  2.000000    2.000000 v input external delay
     1    0.002998    0.019215    0.009904    2.009904 v up_down (in)
                                                         up_down (net)
                      0.019216    0.000000    2.009904 v input3/A (sky130_fd_sc_hd__buf_1)
     5    0.012018    0.145376    0.215053    2.224957 v input3/X (sky130_fd_sc_hd__buf_1)
                                                         net3 (net)
                      0.145376    0.000560    2.225517 v _41_/A1 (sky130_fd_sc_hd__o31ai_1)
     2    0.005903    0.463925    0.552596    2.778114 ^ _41_/Y (sky130_fd_sc_hd__o31ai_1)
                                                         _19_ (net)
                      0.463925    0.000284    2.778397 ^ _44_/C (sky130_fd_sc_hd__nand4_1)
     1    0.003490    0.201079    0.345033    3.123430 v _44_/Y (sky130_fd_sc_hd__nand4_1)
                                                         _22_ (net)
                      0.201079    0.000265    3.123695 v _45_/A3 (sky130_fd_sc_hd__a31o_1)
     1    0.002389    0.062316    0.436220    3.559915 v _45_/X (sky130_fd_sc_hd__a31o_1)
                                                         _03_ (net)
                      0.062316    0.000147    3.560063 v hold4/A (sky130_fd_sc_hd__dlygate4sd3_1)
     1    0.001857    0.097695    1.104157    4.664219 v hold4/X (sky130_fd_sc_hd__dlygate4sd3_1)
                                                         net11 (net)
                      0.097695    0.000083    4.664303 v _49_/D (sky130_fd_sc_hd__dfxtp_1)
                                              4.664303   data arrival time

                                 10.000000   10.000000   clock clk (rise edge)
                                  0.000000   10.000000   clock source latency
     1    0.010880    0.087175    0.056920   10.056920 ^ clk (in)
                                                         clk (net)
                      0.087178    0.000000   10.056920 ^ clkbuf_0_clk/A (sky130_fd_sc_hd__clkbuf_16)
     2    0.019012    0.066213    0.227672   10.284592 ^ clkbuf_0_clk/X (sky130_fd_sc_hd__clkbuf_16)
                                                         clknet_0_clk (net)
                      0.066229    0.001241   10.285833 ^ clkbuf_1_1__f_clk/A (sky130_fd_sc_hd__clkbuf_16)
     2    0.007951    0.051780    0.201958   10.487791 ^ clkbuf_1_1__f_clk/X (sky130_fd_sc_hd__clkbuf_16)
                                                         clknet_1_1__leaf_clk (net)
                      0.051781    0.000351   10.488142 ^ _49_/CLK (sky130_fd_sc_hd__dfxtp_1)
                                 -0.250000   10.238142   clock uncertainty
                                  0.000000   10.238142   clock reconvergence pessimism
                                 -0.285402    9.952741   library setup time
                                              9.952741   data required time
---------------------------------------------------------------------------------------------
                                              9.952741   data required time
                                             -4.664303   data arrival time
---------------------------------------------------------------------------------------------
                                              5.288437   slack (MET)


Startpoint: _46_ (rising edge-triggered flip-flop clocked by clk)
Endpoint: counter[0] (output port clocked by clk)
Path Group: clk
Path Type: max

Fanout         Cap        Slew       Delay        Time   Description
---------------------------------------------------------------------------------------------
                                  0.000000    0.000000   clock clk (rise edge)
                                  0.000000    0.000000   clock source latency
     1    0.010880    0.087175    0.056920    0.056920 ^ clk (in)
                                                         clk (net)
                      0.087178    0.000000    0.056920 ^ clkbuf_0_clk/A (sky130_fd_sc_hd__clkbuf_16)
     2    0.019012    0.066213    0.227672    0.284592 ^ clkbuf_0_clk/X (sky130_fd_sc_hd__clkbuf_16)
                                                         clknet_0_clk (net)
                      0.066228    0.001190    0.285782 ^ clkbuf_1_0__f_clk/A (sky130_fd_sc_hd__clkbuf_16)
     2    0.006451    0.049789    0.199118    0.484899 ^ clkbuf_1_0__f_clk/X (sky130_fd_sc_hd__clkbuf_16)
                                                         clknet_1_0__leaf_clk (net)
                      0.049790    0.000360    0.485259 ^ _46_/CLK (sky130_fd_sc_hd__dfxtp_1)
     7    0.025433    0.384692    0.849809    1.335068 ^ _46_/Q (sky130_fd_sc_hd__dfxtp_1)
                                                         net4 (net)
                      0.384693    0.001506    1.336574 ^ output4/A (sky130_fd_sc_hd__buf_2)
     1    0.034705    0.276645    0.479503    1.816076 ^ output4/X (sky130_fd_sc_hd__buf_2)
                                                         counter[0] (net)
                      0.276653    0.001812    1.817888 ^ counter[0] (out)
                                              1.817888   data arrival time

                                 10.000000   10.000000   clock clk (rise edge)
                                  0.000000   10.000000   clock network delay (propagated)
                                 -0.250000    9.750000   clock uncertainty
                                  0.000000    9.750000   clock reconvergence pessimism
                                 -2.000000    7.750000   output external delay
                                              7.750000   data required time
---------------------------------------------------------------------------------------------
                                              7.750000   data required time
                                             -1.817888   data arrival time
---------------------------------------------------------------------------------------------
                                              5.932112   slack (MET)


Startpoint: _47_ (rising edge-triggered flip-flop clocked by clk)
Endpoint: counter[1] (output port clocked by clk)
Path Group: clk
Path Type: max

Fanout         Cap        Slew       Delay        Time   Description
---------------------------------------------------------------------------------------------
                                  0.000000    0.000000   clock clk (rise edge)
                                  0.000000    0.000000   clock source latency
     1    0.010880    0.087175    0.056920    0.056920 ^ clk (in)
                                                         clk (net)
                      0.087178    0.000000    0.056920 ^ clkbuf_0_clk/A (sky130_fd_sc_hd__clkbuf_16)
     2    0.019012    0.066213    0.227672    0.284592 ^ clkbuf_0_clk/X (sky130_fd_sc_hd__clkbuf_16)
                                                         clknet_0_clk (net)
                      0.066229    0.001241    0.285833 ^ clkbuf_1_1__f_clk/A (sky130_fd_sc_hd__clkbuf_16)
     2    0.007951    0.051780    0.201958    0.487791 ^ clkbuf_1_1__f_clk/X (sky130_fd_sc_hd__clkbuf_16)
                                                         clknet_1_1__leaf_clk (net)
                      0.051781    0.000410    0.488201 ^ _47_/CLK (sky130_fd_sc_hd__dfxtp_1)
     6    0.024725    0.374568    0.843611    1.331812 ^ _47_/Q (sky130_fd_sc_hd__dfxtp_1)
                                                         net5 (net)
                      0.374568    0.000703    1.332515 ^ output5/A (sky130_fd_sc_hd__buf_2)
     1    0.035149    0.279900    0.477860    1.810376 ^ output5/X (sky130_fd_sc_hd__buf_2)
                                                         counter[1] (net)
                      0.279909    0.001918    1.812294 ^ counter[1] (out)
                                              1.812294   data arrival time

                                 10.000000   10.000000   clock clk (rise edge)
                                  0.000000   10.000000   clock network delay (propagated)
                                 -0.250000    9.750000   clock uncertainty
                                  0.000000    9.750000   clock reconvergence pessimism
                                 -2.000000    7.750000   output external delay
                                              7.750000   data required time
---------------------------------------------------------------------------------------------
                                              7.750000   data required time
                                             -1.812294   data arrival time
---------------------------------------------------------------------------------------------
                                              5.937706   slack (MET)


Startpoint: _48_ (rising edge-triggered flip-flop clocked by clk)
Endpoint: counter[2] (output port clocked by clk)
Path Group: clk
Path Type: max

Fanout         Cap        Slew       Delay        Time   Description
---------------------------------------------------------------------------------------------
                                  0.000000    0.000000   clock clk (rise edge)
                                  0.000000    0.000000   clock source latency
     1    0.010880    0.087175    0.056920    0.056920 ^ clk (in)
                                                         clk (net)
                      0.087178    0.000000    0.056920 ^ clkbuf_0_clk/A (sky130_fd_sc_hd__clkbuf_16)
     2    0.019012    0.066213    0.227672    0.284592 ^ clkbuf_0_clk/X (sky130_fd_sc_hd__clkbuf_16)
                                                         clknet_0_clk (net)
                      0.066228    0.001190    0.285782 ^ clkbuf_1_0__f_clk/A (sky130_fd_sc_hd__clkbuf_16)
     2    0.006451    0.049789    0.199118    0.484899 ^ clkbuf_1_0__f_clk/X (sky130_fd_sc_hd__clkbuf_16)
                                                         clknet_1_0__leaf_clk (net)
                      0.049790    0.000390    0.485289 ^ _48_/CLK (sky130_fd_sc_hd__dfxtp_1)
     5    0.016777    0.261041    0.762018    1.247307 ^ _48_/Q (sky130_fd_sc_hd__dfxtp_1)
                                                         net6 (net)
                      0.261041    0.000700    1.248007 ^ output6/A (sky130_fd_sc_hd__buf_2)
     1    0.035034    0.278519    0.433246    1.681253 ^ output6/X (sky130_fd_sc_hd__buf_2)
                                                         counter[2] (net)
                      0.278526    0.001817    1.683070 ^ counter[2] (out)
                                              1.683070   data arrival time

                                 10.000000   10.000000   clock clk (rise edge)
                                  0.000000   10.000000   clock network delay (propagated)
                                 -0.250000    9.750000   clock uncertainty
                                  0.000000    9.750000   clock reconvergence pessimism
                                 -2.000000    7.750000   output external delay
                                              7.750000   data required time
---------------------------------------------------------------------------------------------
                                              7.750000   data required time
                                             -1.683070   data arrival time
---------------------------------------------------------------------------------------------
                                              6.066929   slack (MET)


Startpoint: _49_ (rising edge-triggered flip-flop clocked by clk)
Endpoint: counter[3] (output port clocked by clk)
Path Group: clk
Path Type: max

Fanout         Cap        Slew       Delay        Time   Description
---------------------------------------------------------------------------------------------
                                  0.000000    0.000000   clock clk (rise edge)
                                  0.000000    0.000000   clock source latency
     1    0.010880    0.087175    0.056920    0.056920 ^ clk (in)
                                                         clk (net)
                      0.087178    0.000000    0.056920 ^ clkbuf_0_clk/A (sky130_fd_sc_hd__clkbuf_16)
     2    0.019012    0.066213    0.227672    0.284592 ^ clkbuf_0_clk/X (sky130_fd_sc_hd__clkbuf_16)
                                                         clknet_0_clk (net)
                      0.066229    0.001241    0.285833 ^ clkbuf_1_1__f_clk/A (sky130_fd_sc_hd__clkbuf_16)
     2    0.007951    0.051780    0.201958    0.487791 ^ clkbuf_1_1__f_clk/X (sky130_fd_sc_hd__clkbuf_16)
                                                         clknet_1_1__leaf_clk (net)
                      0.051781    0.000351    0.488142 ^ _49_/CLK (sky130_fd_sc_hd__dfxtp_1)
     3    0.007821    0.136020    0.669879    1.158021 ^ _49_/Q (sky130_fd_sc_hd__dfxtp_1)
                                                         net7 (net)
                      0.136020    0.000385    1.158406 ^ output7/A (sky130_fd_sc_hd__buf_2)
     1    0.034183    0.271842    0.373181    1.531588 ^ output7/X (sky130_fd_sc_hd__buf_2)
                                                         counter[3] (net)
                      0.271849    0.001713    1.533300 ^ counter[3] (out)
                                              1.533300   data arrival time

                                 10.000000   10.000000   clock clk (rise edge)
                                  0.000000   10.000000   clock network delay (propagated)
                                 -0.250000    9.750000   clock uncertainty
                                  0.000000    9.750000   clock reconvergence pessimism
                                 -2.000000    7.750000   output external delay
                                              7.750000   data required time
---------------------------------------------------------------------------------------------
                                              7.750000   data required time
                                             -1.533300   data arrival time
---------------------------------------------------------------------------------------------
                                              6.216700   slack (MET)


Startpoint: up_down (input port clocked by clk)
Endpoint: _48_ (rising edge-triggered flip-flop clocked by clk)
Path Group: clk
Path Type: max

Fanout         Cap        Slew       Delay        Time   Description
---------------------------------------------------------------------------------------------
                                  0.000000    0.000000   clock clk (rise edge)
                                  0.000000    0.000000   clock network delay (propagated)
                                  2.000000    2.000000 v input external delay
     1    0.002998    0.019215    0.009904    2.009904 v up_down (in)
                                                         up_down (net)
                      0.019216    0.000000    2.009904 v input3/A (sky130_fd_sc_hd__buf_1)
     5    0.012018    0.145376    0.215053    2.224957 v input3/X (sky130_fd_sc_hd__buf_1)
                                                         net3 (net)
                      0.145376    0.000423    2.225380 v _30_/A (sky130_fd_sc_hd__or2_1)
     2    0.008213    0.143831    0.585751    2.811131 v _30_/X (sky130_fd_sc_hd__or2_1)
                                                         _10_ (net)
                      0.143831    0.000526    2.811657 v _38_/A (sky130_fd_sc_hd__xnor2_1)
     1    0.003067    0.196688    0.278782    3.090438 ^ _38_/Y (sky130_fd_sc_hd__xnor2_1)
                                                         _17_ (net)
                      0.196688    0.000218    3.090656 ^ _40_/A2 (sky130_fd_sc_hd__o21ai_1)
     1    0.003065    0.096871    0.162274    3.252930 v _40_/Y (sky130_fd_sc_hd__o21ai_1)
                                                         _02_ (net)
                      0.096871    0.000184    3.253114 v _48_/D (sky130_fd_sc_hd__dfxtp_1)
                                              3.253114   data arrival time

                                 10.000000   10.000000   clock clk (rise edge)
                                  0.000000   10.000000   clock source latency
     1    0.010880    0.087175    0.056920   10.056920 ^ clk (in)
                                                         clk (net)
                      0.087178    0.000000   10.056920 ^ clkbuf_0_clk/A (sky130_fd_sc_hd__clkbuf_16)
     2    0.019012    0.066213    0.227672   10.284592 ^ clkbuf_0_clk/X (sky130_fd_sc_hd__clkbuf_16)
                                                         clknet_0_clk (net)
                      0.066228    0.001189   10.285782 ^ clkbuf_1_0__f_clk/A (sky130_fd_sc_hd__clkbuf_16)
     2    0.006451    0.049789    0.199118   10.484900 ^ clkbuf_1_0__f_clk/X (sky130_fd_sc_hd__clkbuf_16)
                                                         clknet_1_0__leaf_clk (net)
                      0.049790    0.000390   10.485290 ^ _48_/CLK (sky130_fd_sc_hd__dfxtp_1)
                                 -0.250000   10.235290   clock uncertainty
                                  0.000000   10.235290   clock reconvergence pessimism
                                 -0.285596    9.949693   library setup time
                                              9.949693   data required time
---------------------------------------------------------------------------------------------
                                              9.949693   data required time
                                             -3.253114   data arrival time
---------------------------------------------------------------------------------------------
                                              6.696579   slack (MET)


Startpoint: enable (input port clocked by clk)
Endpoint: _47_ (rising edge-triggered flip-flop clocked by clk)
Path Group: clk
Path Type: max

Fanout         Cap        Slew       Delay        Time   Description
---------------------------------------------------------------------------------------------
                                  0.000000    0.000000   clock clk (rise edge)
                                  0.000000    0.000000   clock network delay (propagated)
                                  2.000000    2.000000 ^ input external delay
     1    0.003451    0.036588    0.019282    2.019282 ^ enable (in)
                                                         enable (net)
                      0.036588    0.000000    2.019282 ^ input1/A (sky130_fd_sc_hd__buf_1)
     5    0.016151    0.313040    0.307949    2.327231 ^ input1/X (sky130_fd_sc_hd__buf_1)
                                                         net1 (net)
                      0.313050    0.001416    2.328647 ^ _26_/A (sky130_fd_sc_hd__nor2_1)
     3    0.011059    0.133472    0.238179    2.566827 v _26_/Y (sky130_fd_sc_hd__nor2_1)
                                                         _07_ (net)
                      0.133473    0.000709    2.567536 v _33_/A2 (sky130_fd_sc_hd__a21o_1)
     1    0.002389    0.056495    0.335317    2.902853 v _33_/X (sky130_fd_sc_hd__a21o_1)
                                                         _13_ (net)
                      0.056495    0.000110    2.902963 v _34_/B1 (sky130_fd_sc_hd__a31o_1)
     1    0.004077    0.077579    0.339469    3.242432 v _34_/X (sky130_fd_sc_hd__a31o_1)
                                                         _01_ (net)
                      0.077579    0.000275    3.242707 v _47_/D (sky130_fd_sc_hd__dfxtp_1)
                                              3.242707   data arrival time

                                 10.000000   10.000000   clock clk (rise edge)
                                  0.000000   10.000000   clock source latency
     1    0.010880    0.087175    0.056920   10.056920 ^ clk (in)
                                                         clk (net)
                      0.087178    0.000000   10.056920 ^ clkbuf_0_clk/A (sky130_fd_sc_hd__clkbuf_16)
     2    0.019012    0.066213    0.227672   10.284592 ^ clkbuf_0_clk/X (sky130_fd_sc_hd__clkbuf_16)
                                                         clknet_0_clk (net)
                      0.066229    0.001241   10.285833 ^ clkbuf_1_1__f_clk/A (sky130_fd_sc_hd__clkbuf_16)
     2    0.007951    0.051780    0.201958   10.487791 ^ clkbuf_1_1__f_clk/X (sky130_fd_sc_hd__clkbuf_16)
                                                         clknet_1_1__leaf_clk (net)
                      0.051781    0.000409   10.488201 ^ _47_/CLK (sky130_fd_sc_hd__dfxtp_1)
                                 -0.250000   10.238201   clock uncertainty
                                  0.000000   10.238201   clock reconvergence pessimism
                                 -0.277039    9.961162   library setup time
                                              9.961162   data required time
---------------------------------------------------------------------------------------------
                                              9.961162   data required time
                                             -3.242707   data arrival time
---------------------------------------------------------------------------------------------
                                              6.718454   slack (MET)


Startpoint: reset (input port clocked by clk)
Endpoint: _46_ (rising edge-triggered flip-flop clocked by clk)
Path Group: clk
Path Type: max

Fanout         Cap        Slew       Delay        Time   Description
---------------------------------------------------------------------------------------------
                                  0.000000    0.000000   clock clk (rise edge)
                                  0.000000    0.000000   clock network delay (propagated)
                                  2.000000    2.000000 ^ input external delay
     1    0.003458    0.036635    0.019311    2.019310 ^ reset (in)
                                                         reset (net)
                      0.036635    0.000000    2.019310 ^ input2/A (sky130_fd_sc_hd__buf_1)
     2    0.009062    0.184120    0.216851    2.236161 ^ input2/X (sky130_fd_sc_hd__buf_1)
                                                         net2 (net)
                      0.184181    0.000675    2.236836 ^ _23_/A (sky130_fd_sc_hd__inv_2)
     4    0.012859    0.076457    0.134424    2.371260 v _23_/Y (sky130_fd_sc_hd__inv_2)
                                                         _04_ (net)
                      0.076467    0.000855    2.372115 v _25_/A (sky130_fd_sc_hd__nor2_1)
     4    0.015345    0.474461    0.429534    2.801650 ^ _25_/Y (sky130_fd_sc_hd__nor2_1)
                                                         _06_ (net)
                      0.474464    0.001006    2.802656 ^ _27_/B1 (sky130_fd_sc_hd__a21oi_1)
     1    0.002096    0.115329    0.175216    2.977872 v _27_/Y (sky130_fd_sc_hd__a21oi_1)
                                                         _08_ (net)
                      0.115329    0.000096    2.977968 v _28_/B1 (sky130_fd_sc_hd__o21ai_1)
     1    0.001934    0.140742    0.127178    3.105146 ^ _28_/Y (sky130_fd_sc_hd__o21ai_1)
                                                         _00_ (net)
                      0.140742    0.000139    3.105285 ^ _46_/D (sky130_fd_sc_hd__dfxtp_1)
                                              3.105285   data arrival time

                                 10.000000   10.000000   clock clk (rise edge)
                                  0.000000   10.000000   clock source latency
     1    0.010880    0.087175    0.056920   10.056920 ^ clk (in)
                                                         clk (net)
                      0.087178    0.000000   10.056920 ^ clkbuf_0_clk/A (sky130_fd_sc_hd__clkbuf_16)
     2    0.019012    0.066213    0.227672   10.284592 ^ clkbuf_0_clk/X (sky130_fd_sc_hd__clkbuf_16)
                                                         clknet_0_clk (net)
                      0.066228    0.001189   10.285782 ^ clkbuf_1_0__f_clk/A (sky130_fd_sc_hd__clkbuf_16)
     2    0.006451    0.049789    0.199118   10.484900 ^ clkbuf_1_0__f_clk/X (sky130_fd_sc_hd__clkbuf_16)
                                                         clknet_1_0__leaf_clk (net)
                      0.049790    0.000360   10.485259 ^ _46_/CLK (sky130_fd_sc_hd__dfxtp_1)
                                 -0.250000   10.235259   clock uncertainty
                                  0.000000   10.235259   clock reconvergence pessimism
                                 -0.150203   10.085055   library setup time
                                             10.085055   data required time
---------------------------------------------------------------------------------------------
                                             10.085055   data required time
                                             -3.105285   data arrival time
---------------------------------------------------------------------------------------------
                                              6.979771   slack (MET)



%OL_END_REPORT
%OL_CREATE_REPORT checks.rpt

===========================================================================
report_checks -unconstrained
===========================================================================
======================= max_ss_100C_1v60 Corner ===================================

Startpoint: up_down (input port clocked by clk)
Endpoint: _49_ (rising edge-triggered flip-flop clocked by clk)
Path Group: clk
Path Type: max

Fanout         Cap        Slew       Delay        Time   Description
---------------------------------------------------------------------------------------------
                                  0.000000    0.000000   clock clk (rise edge)
                                  0.000000    0.000000   clock network delay (propagated)
                                  2.000000    2.000000 v input external delay
     1    0.002998    0.019215    0.009904    2.009904 v up_down (in)
                                                         up_down (net)
                      0.019216    0.000000    2.009904 v input3/A (sky130_fd_sc_hd__buf_1)
     5    0.012018    0.145376    0.215053    2.224957 v input3/X (sky130_fd_sc_hd__buf_1)
                                                         net3 (net)
                      0.145376    0.000560    2.225517 v _41_/A1 (sky130_fd_sc_hd__o31ai_1)
     2    0.005903    0.463925    0.552596    2.778114 ^ _41_/Y (sky130_fd_sc_hd__o31ai_1)
                                                         _19_ (net)
                      0.463925    0.000284    2.778397 ^ _44_/C (sky130_fd_sc_hd__nand4_1)
     1    0.003490    0.201079    0.345033    3.123430 v _44_/Y (sky130_fd_sc_hd__nand4_1)
                                                         _22_ (net)
                      0.201079    0.000265    3.123695 v _45_/A3 (sky130_fd_sc_hd__a31o_1)
     1    0.002389    0.062316    0.436220    3.559915 v _45_/X (sky130_fd_sc_hd__a31o_1)
                                                         _03_ (net)
                      0.062316    0.000147    3.560063 v hold4/A (sky130_fd_sc_hd__dlygate4sd3_1)
     1    0.001857    0.097695    1.104157    4.664219 v hold4/X (sky130_fd_sc_hd__dlygate4sd3_1)
                                                         net11 (net)
                      0.097695    0.000083    4.664303 v _49_/D (sky130_fd_sc_hd__dfxtp_1)
                                              4.664303   data arrival time

                                 10.000000   10.000000   clock clk (rise edge)
                                  0.000000   10.000000   clock source latency
     1    0.010880    0.087175    0.056920   10.056920 ^ clk (in)
                                                         clk (net)
                      0.087178    0.000000   10.056920 ^ clkbuf_0_clk/A (sky130_fd_sc_hd__clkbuf_16)
     2    0.019012    0.066213    0.227672   10.284592 ^ clkbuf_0_clk/X (sky130_fd_sc_hd__clkbuf_16)
                                                         clknet_0_clk (net)
                      0.066229    0.001241   10.285833 ^ clkbuf_1_1__f_clk/A (sky130_fd_sc_hd__clkbuf_16)
     2    0.007951    0.051780    0.201958   10.487791 ^ clkbuf_1_1__f_clk/X (sky130_fd_sc_hd__clkbuf_16)
                                                         clknet_1_1__leaf_clk (net)
                      0.051781    0.000351   10.488142 ^ _49_/CLK (sky130_fd_sc_hd__dfxtp_1)
                                 -0.250000   10.238142   clock uncertainty
                                  0.000000   10.238142   clock reconvergence pessimism
                                 -0.285402    9.952741   library setup time
                                              9.952741   data required time
---------------------------------------------------------------------------------------------
                                              9.952741   data required time
                                             -4.664303   data arrival time
---------------------------------------------------------------------------------------------
                                              5.288437   slack (MET)




===========================================================================
report_checks --slack_max -0.01
============================================================================
======================= max_ss_100C_1v60 Corner ===================================

No paths found.


===========================================================================
 report_check_types -max_slew -max_cap -max_fanout -violators
============================================================================
======================= max_ss_100C_1v60 Corner ===================================



===========================================================================
report_parasitic_annotation -report_unannotated
============================================================================
Found 0 unannotated drivers.
Found 0 partially unannotated drivers.

===========================================================================
max slew violation count 0
%OL_METRIC_I design__max_slew_violation__count__corner:max_ss_100C_1v60 0
max fanout violation count 0
%OL_METRIC_I design__max_fanout_violation__count__corner:max_ss_100C_1v60 0
max cap violation count 0
%OL_METRIC_I design__max_cap_violation__count__corner:max_ss_100C_1v60 0
============================================================================

===========================================================================
check_setup -verbose -unconstrained_endpoints -multiple_clock -no_clock -no_input_delay -loops -generated_clocks
===========================================================================
%OL_END_REPORT
%OL_CREATE_REPORT power.rpt

===========================================================================
 report_power
============================================================================
======================= max_ss_100C_1v60 Corner ===================================

Group                    Internal    Switching      Leakage        Total
                            Power        Power        Power        Power (Watts)
------------------------------------------------------------------------
Sequential           1.437488e-05 2.345645e-06 5.849735e-08 1.677903e-05  20.3%
Combinational        7.149379e-06 8.541021e-06 1.344130e-07 1.582481e-05  19.2%
Clock                4.134012e-05 8.554068e-06 5.710257e-08 4.995129e-05  60.5%
Macro                0.000000e+00 0.000000e+00 0.000000e+00 0.000000e+00   0.0%
Pad                  0.000000e+00 0.000000e+00 0.000000e+00 0.000000e+00   0.0%
------------------------------------------------------------------------
Total                6.286439e-05 1.944073e-05 2.500129e-07 8.255514e-05 100.0%
                            76.1%        23.5%         0.3%
%OL_METRIC_F power__internal__total 6.286439020186663e-5
%OL_METRIC_F power__switching__total 1.9440734831732698e-5
%OL_METRIC_F power__leakage__total 2.500129028248921e-7
%OL_METRIC_F power__total 8.255513967014849e-5

%OL_END_REPORT
%OL_CREATE_REPORT skew.min.rpt

===========================================================================
Clock Skew (Hold)
============================================================================
%OL_METRIC_F clock__skew__worst_hold__corner:max_ss_100C_1v60 -0.2529419245650063
======================= max_ss_100C_1v60 Corner ===================================

Clock clk
0.485259 source latency _46_/CLK ^
-0.488201 target latency _47_/CLK ^
-0.250000 clock uncertainty
0.000000 CRPR
--------------
-0.252942 hold skew

%OL_END_REPORT
%OL_CREATE_REPORT skew.max.rpt

===========================================================================
Clock Skew (Setup)
============================================================================
%OL_METRIC_F clock__skew__worst_setup__corner:max_ss_100C_1v60 0.25291183752018803
======================= max_ss_100C_1v60 Corner ===================================

Clock clk
0.488201 source latency _47_/CLK ^
-0.485289 target latency _48_/CLK ^
0.250000 clock uncertainty
0.000000 CRPR
--------------
0.252912 setup skew

%OL_END_REPORT
%OL_CREATE_REPORT ws.min.rpt

===========================================================================
Worst Slack (Hold)
============================================================================
%OL_METRIC_F timing__hold__ws__corner:max_ss_100C_1v60 0.9475744901383882
max_ss_100C_1v60: 0.9475744901383882
%OL_END_REPORT
%OL_CREATE_REPORT ws.max.rpt

===========================================================================
Worst Slack (Setup)
============================================================================
%OL_METRIC_F timing__setup__ws__corner:max_ss_100C_1v60 5.288437393245114
max_ss_100C_1v60: 5.288437393245114
%OL_END_REPORT
%OL_CREATE_REPORT tns.min.rpt

===========================================================================
Total Negative Slack (Hold)
============================================================================
%OL_METRIC_F timing__hold__tns__corner:max_ss_100C_1v60 0.0
max_ss_100C_1v60: 0.0
%OL_END_REPORT
%OL_CREATE_REPORT tns.max.rpt

===========================================================================
Total Negative Slack (Setup)
============================================================================
%OL_METRIC_F timing__setup__tns__corner:max_ss_100C_1v60 0.0
max_ss_100C_1v60: 0.0
%OL_END_REPORT
%OL_CREATE_REPORT wns.min.rpt

===========================================================================
Worst Negative Slack (Hold)
============================================================================
%OL_METRIC_F timing__hold__wns__corner:max_ss_100C_1v60 0
max_ss_100C_1v60: 0
%OL_END_REPORT
%OL_CREATE_REPORT wns.max.rpt

===========================================================================
Worst Negative Slack (Setup)
============================================================================
%OL_METRIC_F timing__setup__wns__corner:max_ss_100C_1v60 0.0
max_ss_100C_1v60: 0.0
%OL_END_REPORT
%OL_CREATE_REPORT violator_list.rpt

===========================================================================
Violator List
============================================================================
%OL_METRIC_I timing__hold_vio__count__corner:max_ss_100C_1v60 0
%OL_METRIC_F timing__hold_r2r__ws__corner:max_ss_100C_1v60 0.947574
%OL_METRIC_I timing__hold_r2r_vio__count__corner:max_ss_100C_1v60 0
%OL_METRIC_I timing__setup_vio__count__corner:max_ss_100C_1v60 0
%OL_METRIC_F timing__setup_r2r__ws__corner:max_ss_100C_1v60 inf
%OL_METRIC_I timing__setup_r2r_vio__count__corner:max_ss_100C_1v60 0
%OL_END_REPORT
%OL_CREATE_REPORT unpropagated.rpt
%OL_END_REPORT
%OL_CREATE_REPORT clock.rpt
Clock: clk
Sources: clk 
Generated: no
Virtual: yes
Propagated: no
Period: 10.000000

===========================================================================
report_clock_properties
============================================================================
Clock                   Period          Waveform
----------------------------------------------------
clk                  10.000000    0.000000  5.000000

===========================================================================
report_clock_latency
============================================================================
Clock clk
rise -> rise
    min     max
0.000000 0.000000 source latency
0.485259         network latency _46_/CLK
        0.488201 network latency _47_/CLK
---------------
0.485259 0.488201 latency
        0.002942 skew

fall -> fall
    min     max
0.000000 0.000000 source latency
0.507884         network latency _46_/CLK
        0.510458 network latency _47_/CLK
---------------
0.507884 0.510458 latency
        0.002575 skew



===========================================================================
report_clock_min_period
============================================================================
clk period_min = 4.04 fmax = 247.67
%OL_END_REPORT
Writing SDF files for all corners…
Removing Clock latencies before writing libs…
Writing timing models for all corners…
Writing timing models for the max_ss_100C_1v60 corner to /home/amostafa/vlsi/runs/RUN_2024-12-04_11-30-08/54-openroad-stapostpnr/max_ss_100C_1v60/counter_dut__max_ss_100C_1v60.lib…
