
===========================================================================
report_checks -path_delay min (Hold)
============================================================================
======================= max_tt_025C_1v80 Corner ===================================

Startpoint: _46_ (rising edge-triggered flip-flop clocked by clk)
Endpoint: _46_ (rising edge-triggered flip-flop clocked by clk)
Path Group: clk
Path Type: min

Fanout         Cap        Slew       Delay        Time   Description
---------------------------------------------------------------------------------------------
                                  0.000000    0.000000   clock clk (rise edge)
                                  0.000000    0.000000   clock source latency
     1    0.009618    0.049752    0.032915    0.032915 ^ clk (in)
                                                         clk (net)
                      0.049757    0.000000    0.032915 ^ clkbuf_0_clk/A (sky130_fd_sc_hd__clkbuf_16)
     2    0.018069    0.040195    0.125035    0.157951 ^ clkbuf_0_clk/X (sky130_fd_sc_hd__clkbuf_16)
                                                         clknet_0_clk (net)
                      0.040208    0.000911    0.158861 ^ clkbuf_1_1__f_clk/A (sky130_fd_sc_hd__clkbuf_16)
     2    0.005703    0.029416    0.109586    0.268447 ^ clkbuf_1_1__f_clk/X (sky130_fd_sc_hd__clkbuf_16)
                                                         clknet_1_1__leaf_clk (net)
                      0.029417    0.000318    0.268766 ^ _46_/CLK (sky130_fd_sc_hd__dfxtp_2)
     7    0.024766    0.069020    0.344340    0.613105 v _46_/Q (sky130_fd_sc_hd__dfxtp_2)
                                                         net4 (net)
                      0.069065    0.001610    0.614715 v _28_/A1 (sky130_fd_sc_hd__o21ai_1)
     1    0.002088    0.064487    0.123502    0.738217 ^ _28_/Y (sky130_fd_sc_hd__o21ai_1)
                                                         _00_ (net)
                      0.064487    0.000151    0.738367 ^ _46_/D (sky130_fd_sc_hd__dfxtp_2)
                                              0.738367   data arrival time

                                  0.000000    0.000000   clock clk (rise edge)
                                  0.000000    0.000000   clock source latency
     1    0.009618    0.049752    0.032915    0.032915 ^ clk (in)
                                                         clk (net)
                      0.049757    0.000000    0.032915 ^ clkbuf_0_clk/A (sky130_fd_sc_hd__clkbuf_16)
     2    0.018069    0.040195    0.125035    0.157951 ^ clkbuf_0_clk/X (sky130_fd_sc_hd__clkbuf_16)
                                                         clknet_0_clk (net)
                      0.040208    0.000911    0.158861 ^ clkbuf_1_1__f_clk/A (sky130_fd_sc_hd__clkbuf_16)
     2    0.005703    0.029416    0.109586    0.268447 ^ clkbuf_1_1__f_clk/X (sky130_fd_sc_hd__clkbuf_16)
                                                         clknet_1_1__leaf_clk (net)
                      0.029417    0.000318    0.268766 ^ _46_/CLK (sky130_fd_sc_hd__dfxtp_2)
                                  0.250000    0.518766   clock uncertainty
                                  0.000000    0.518766   clock reconvergence pessimism
                                 -0.037285    0.481481   library hold time
                                              0.481481   data required time
---------------------------------------------------------------------------------------------
                                              0.481481   data required time
                                             -0.738367   data arrival time
---------------------------------------------------------------------------------------------
                                              0.256887   slack (MET)


Startpoint: _49_ (rising edge-triggered flip-flop clocked by clk)
Endpoint: _49_ (rising edge-triggered flip-flop clocked by clk)
Path Group: clk
Path Type: min

Fanout         Cap        Slew       Delay        Time   Description
---------------------------------------------------------------------------------------------
                                  0.000000    0.000000   clock clk (rise edge)
                                  0.000000    0.000000   clock source latency
     1    0.009618    0.049752    0.032915    0.032915 ^ clk (in)
                                                         clk (net)
                      0.049757    0.000000    0.032915 ^ clkbuf_0_clk/A (sky130_fd_sc_hd__clkbuf_16)
     2    0.018069    0.040195    0.125035    0.157951 ^ clkbuf_0_clk/X (sky130_fd_sc_hd__clkbuf_16)
                                                         clknet_0_clk (net)
                      0.040208    0.000931    0.158882 ^ clkbuf_1_0__f_clk/A (sky130_fd_sc_hd__clkbuf_16)
     2    0.005200    0.028956    0.108990    0.267872 ^ clkbuf_1_0__f_clk/X (sky130_fd_sc_hd__clkbuf_16)
                                                         clknet_1_0__leaf_clk (net)
                      0.028958    0.000313    0.268185 ^ _49_/CLK (sky130_fd_sc_hd__dfxtp_1)
     3    0.009041    0.051915    0.310739    0.578924 v _49_/Q (sky130_fd_sc_hd__dfxtp_1)
                                                         net7 (net)
                      0.051973    0.000508    0.579432 v _44_/B (sky130_fd_sc_hd__nand4_1)
     1    0.003661    0.061918    0.087425    0.666857 ^ _44_/Y (sky130_fd_sc_hd__nand4_1)
                                                         _22_ (net)
                      0.061918    0.000248    0.667105 ^ _45_/A3 (sky130_fd_sc_hd__a31o_1)
     1    0.002446    0.041824    0.135224    0.802328 ^ _45_/X (sky130_fd_sc_hd__a31o_1)
                                                         _03_ (net)
                      0.041824    0.000103    0.802431 ^ _49_/D (sky130_fd_sc_hd__dfxtp_1)
                                              0.802431   data arrival time

                                  0.000000    0.000000   clock clk (rise edge)
                                  0.000000    0.000000   clock source latency
     1    0.009618    0.049752    0.032915    0.032915 ^ clk (in)
                                                         clk (net)
                      0.049757    0.000000    0.032915 ^ clkbuf_0_clk/A (sky130_fd_sc_hd__clkbuf_16)
     2    0.018069    0.040195    0.125035    0.157951 ^ clkbuf_0_clk/X (sky130_fd_sc_hd__clkbuf_16)
                                                         clknet_0_clk (net)
                      0.040208    0.000931    0.158882 ^ clkbuf_1_0__f_clk/A (sky130_fd_sc_hd__clkbuf_16)
     2    0.005200    0.028956    0.108990    0.267872 ^ clkbuf_1_0__f_clk/X (sky130_fd_sc_hd__clkbuf_16)
                                                         clknet_1_0__leaf_clk (net)
                      0.028958    0.000313    0.268185 ^ _49_/CLK (sky130_fd_sc_hd__dfxtp_1)
                                  0.250000    0.518185   clock uncertainty
                                  0.000000    0.518185   clock reconvergence pessimism
                                 -0.032719    0.485466   library hold time
                                              0.485466   data required time
---------------------------------------------------------------------------------------------
                                              0.485466   data required time
                                             -0.802431   data arrival time
---------------------------------------------------------------------------------------------
                                              0.316965   slack (MET)


Startpoint: _48_ (rising edge-triggered flip-flop clocked by clk)
Endpoint: _48_ (rising edge-triggered flip-flop clocked by clk)
Path Group: clk
Path Type: min

Fanout         Cap        Slew       Delay        Time   Description
---------------------------------------------------------------------------------------------
                                  0.000000    0.000000   clock clk (rise edge)
                                  0.000000    0.000000   clock source latency
     1    0.009618    0.049752    0.032915    0.032915 ^ clk (in)
                                                         clk (net)
                      0.049757    0.000000    0.032915 ^ clkbuf_0_clk/A (sky130_fd_sc_hd__clkbuf_16)
     2    0.018069    0.040195    0.125035    0.157951 ^ clkbuf_0_clk/X (sky130_fd_sc_hd__clkbuf_16)
                                                         clknet_0_clk (net)
                      0.040208    0.000911    0.158861 ^ clkbuf_1_1__f_clk/A (sky130_fd_sc_hd__clkbuf_16)
     2    0.005703    0.029416    0.109586    0.268447 ^ clkbuf_1_1__f_clk/X (sky130_fd_sc_hd__clkbuf_16)
                                                         clknet_1_1__leaf_clk (net)
                      0.029417    0.000367    0.268815 ^ _48_/CLK (sky130_fd_sc_hd__dfxtp_1)
     5    0.016919    0.086002    0.337691    0.606505 v _48_/Q (sky130_fd_sc_hd__dfxtp_1)
                                                         net6 (net)
                      0.086025    0.001357    0.607862 v _39_/A1 (sky130_fd_sc_hd__a21oi_1)
     1    0.002176    0.076094    0.124712    0.732574 ^ _39_/Y (sky130_fd_sc_hd__a21oi_1)
                                                         _18_ (net)
                      0.076094    0.000100    0.732675 ^ _40_/B1 (sky130_fd_sc_hd__o21ai_1)
     1    0.002354    0.027251    0.062799    0.795474 v _40_/Y (sky130_fd_sc_hd__o21ai_1)
                                                         _02_ (net)
                      0.027251    0.000100    0.795574 v _48_/D (sky130_fd_sc_hd__dfxtp_1)
                                              0.795574   data arrival time

                                  0.000000    0.000000   clock clk (rise edge)
                                  0.000000    0.000000   clock source latency
     1    0.009618    0.049752    0.032915    0.032915 ^ clk (in)
                                                         clk (net)
                      0.049757    0.000000    0.032915 ^ clkbuf_0_clk/A (sky130_fd_sc_hd__clkbuf_16)
     2    0.018069    0.040195    0.125035    0.157951 ^ clkbuf_0_clk/X (sky130_fd_sc_hd__clkbuf_16)
                                                         clknet_0_clk (net)
                      0.040208    0.000911    0.158861 ^ clkbuf_1_1__f_clk/A (sky130_fd_sc_hd__clkbuf_16)
     2    0.005703    0.029416    0.109586    0.268447 ^ clkbuf_1_1__f_clk/X (sky130_fd_sc_hd__clkbuf_16)
                                                         clknet_1_1__leaf_clk (net)
                      0.029417    0.000367    0.268815 ^ _48_/CLK (sky130_fd_sc_hd__dfxtp_1)
                                  0.250000    0.518815   clock uncertainty
                                  0.000000    0.518815   clock reconvergence pessimism
                                 -0.049649    0.469166   library hold time
                                              0.469166   data required time
---------------------------------------------------------------------------------------------
                                              0.469166   data required time
                                             -0.795574   data arrival time
---------------------------------------------------------------------------------------------
                                              0.326408   slack (MET)


Startpoint: _47_ (rising edge-triggered flip-flop clocked by clk)
Endpoint: _47_ (rising edge-triggered flip-flop clocked by clk)
Path Group: clk
Path Type: min

Fanout         Cap        Slew       Delay        Time   Description
---------------------------------------------------------------------------------------------
                                  0.000000    0.000000   clock clk (rise edge)
                                  0.000000    0.000000   clock source latency
     1    0.009618    0.049752    0.032915    0.032915 ^ clk (in)
                                                         clk (net)
                      0.049757    0.000000    0.032915 ^ clkbuf_0_clk/A (sky130_fd_sc_hd__clkbuf_16)
     2    0.018069    0.040195    0.125035    0.157951 ^ clkbuf_0_clk/X (sky130_fd_sc_hd__clkbuf_16)
                                                         clknet_0_clk (net)
                      0.040208    0.000931    0.158882 ^ clkbuf_1_0__f_clk/A (sky130_fd_sc_hd__clkbuf_16)
     2    0.005200    0.028956    0.108990    0.267872 ^ clkbuf_1_0__f_clk/X (sky130_fd_sc_hd__clkbuf_16)
                                                         clknet_1_0__leaf_clk (net)
                      0.028957    0.000288    0.268160 ^ _47_/CLK (sky130_fd_sc_hd__dfxtp_1)
     6    0.021437    0.205830    0.414150    0.682310 ^ _47_/Q (sky130_fd_sc_hd__dfxtp_1)
                                                         net5 (net)
                      0.205833    0.001072    0.683382 ^ _33_/A1 (sky130_fd_sc_hd__a21o_1)
     1    0.003119    0.041160    0.141845    0.825227 ^ _33_/X (sky130_fd_sc_hd__a21o_1)
                                                         _13_ (net)
                      0.041161    0.000234    0.825461 ^ _34_/B1 (sky130_fd_sc_hd__a31o_1)
     1    0.002509    0.037805    0.083125    0.908585 ^ _34_/X (sky130_fd_sc_hd__a31o_1)
                                                         _01_ (net)
                      0.037805    0.000175    0.908761 ^ _47_/D (sky130_fd_sc_hd__dfxtp_1)
                                              0.908761   data arrival time

                                  0.000000    0.000000   clock clk (rise edge)
                                  0.000000    0.000000   clock source latency
     1    0.009618    0.049752    0.032915    0.032915 ^ clk (in)
                                                         clk (net)
                      0.049757    0.000000    0.032915 ^ clkbuf_0_clk/A (sky130_fd_sc_hd__clkbuf_16)
     2    0.018069    0.040195    0.125035    0.157951 ^ clkbuf_0_clk/X (sky130_fd_sc_hd__clkbuf_16)
                                                         clknet_0_clk (net)
                      0.040208    0.000931    0.158882 ^ clkbuf_1_0__f_clk/A (sky130_fd_sc_hd__clkbuf_16)
     2    0.005200    0.028956    0.108990    0.267872 ^ clkbuf_1_0__f_clk/X (sky130_fd_sc_hd__clkbuf_16)
                                                         clknet_1_0__leaf_clk (net)
                      0.028957    0.000288    0.268160 ^ _47_/CLK (sky130_fd_sc_hd__dfxtp_1)
                                  0.250000    0.518160   clock uncertainty
                                  0.000000    0.518160   clock reconvergence pessimism
                                 -0.031875    0.486285   library hold time
                                              0.486285   data required time
---------------------------------------------------------------------------------------------
                                              0.486285   data required time
                                             -0.908761   data arrival time
---------------------------------------------------------------------------------------------
                                              0.422476   slack (MET)


Startpoint: _49_ (rising edge-triggered flip-flop clocked by clk)
Endpoint: counter[3] (output port clocked by clk)
Path Group: clk
Path Type: min

Fanout         Cap        Slew       Delay        Time   Description
---------------------------------------------------------------------------------------------
                                  0.000000    0.000000   clock clk (rise edge)
                                  0.000000    0.000000   clock source latency
     1    0.009618    0.049752    0.032915    0.032915 ^ clk (in)
                                                         clk (net)
                      0.049757    0.000000    0.032915 ^ clkbuf_0_clk/A (sky130_fd_sc_hd__clkbuf_16)
     2    0.018069    0.040195    0.125035    0.157951 ^ clkbuf_0_clk/X (sky130_fd_sc_hd__clkbuf_16)
                                                         clknet_0_clk (net)
                      0.040208    0.000931    0.158882 ^ clkbuf_1_0__f_clk/A (sky130_fd_sc_hd__clkbuf_16)
     2    0.005200    0.028956    0.108990    0.267872 ^ clkbuf_1_0__f_clk/X (sky130_fd_sc_hd__clkbuf_16)
                                                         clknet_1_0__leaf_clk (net)
                      0.028958    0.000313    0.268185 ^ _49_/CLK (sky130_fd_sc_hd__dfxtp_1)
     3    0.009041    0.051915    0.310739    0.578924 v _49_/Q (sky130_fd_sc_hd__dfxtp_1)
                                                         net7 (net)
                      0.051972    0.000442    0.579366 v output7/A (sky130_fd_sc_hd__buf_2)
     1    0.033824    0.088892    0.181548    0.760913 v output7/X (sky130_fd_sc_hd__buf_2)
                                                         counter[3] (net)
                      0.088925    0.001575    0.762489 v counter[3] (out)
                                              0.762489   data arrival time

                                  0.000000    0.000000   clock clk (rise edge)
                                  0.000000    0.000000   clock network delay (propagated)
                                  0.250000    0.250000   clock uncertainty
                                  0.000000    0.250000   clock reconvergence pessimism
                                 -2.000000   -1.750000   output external delay
                                             -1.750000   data required time
---------------------------------------------------------------------------------------------
                                             -1.750000   data required time
                                             -0.762489   data arrival time
---------------------------------------------------------------------------------------------
                                              2.512489   slack (MET)


Startpoint: _46_ (rising edge-triggered flip-flop clocked by clk)
Endpoint: counter[0] (output port clocked by clk)
Path Group: clk
Path Type: min

Fanout         Cap        Slew       Delay        Time   Description
---------------------------------------------------------------------------------------------
                                  0.000000    0.000000   clock clk (rise edge)
                                  0.000000    0.000000   clock source latency
     1    0.009618    0.049752    0.032915    0.032915 ^ clk (in)
                                                         clk (net)
                      0.049757    0.000000    0.032915 ^ clkbuf_0_clk/A (sky130_fd_sc_hd__clkbuf_16)
     2    0.018069    0.040195    0.125035    0.157951 ^ clkbuf_0_clk/X (sky130_fd_sc_hd__clkbuf_16)
                                                         clknet_0_clk (net)
                      0.040208    0.000911    0.158861 ^ clkbuf_1_1__f_clk/A (sky130_fd_sc_hd__clkbuf_16)
     2    0.005703    0.029416    0.109586    0.268447 ^ clkbuf_1_1__f_clk/X (sky130_fd_sc_hd__clkbuf_16)
                                                         clknet_1_1__leaf_clk (net)
                      0.029417    0.000318    0.268766 ^ _46_/CLK (sky130_fd_sc_hd__dfxtp_2)
     7    0.024766    0.069020    0.344340    0.613105 v _46_/Q (sky130_fd_sc_hd__dfxtp_2)
                                                         net4 (net)
                      0.069064    0.001606    0.614712 v output4/A (sky130_fd_sc_hd__buf_2)
     1    0.033813    0.088877    0.189272    0.803983 v output4/X (sky130_fd_sc_hd__buf_2)
                                                         counter[0] (net)
                      0.088909    0.001575    0.805559 v counter[0] (out)
                                              0.805559   data arrival time

                                  0.000000    0.000000   clock clk (rise edge)
                                  0.000000    0.000000   clock network delay (propagated)
                                  0.250000    0.250000   clock uncertainty
                                  0.000000    0.250000   clock reconvergence pessimism
                                 -2.000000   -1.750000   output external delay
                                             -1.750000   data required time
---------------------------------------------------------------------------------------------
                                             -1.750000   data required time
                                             -0.805559   data arrival time
---------------------------------------------------------------------------------------------
                                              2.555559   slack (MET)


Startpoint: _48_ (rising edge-triggered flip-flop clocked by clk)
Endpoint: counter[2] (output port clocked by clk)
Path Group: clk
Path Type: min

Fanout         Cap        Slew       Delay        Time   Description
---------------------------------------------------------------------------------------------
                                  0.000000    0.000000   clock clk (rise edge)
                                  0.000000    0.000000   clock source latency
     1    0.009618    0.049752    0.032915    0.032915 ^ clk (in)
                                                         clk (net)
                      0.049757    0.000000    0.032915 ^ clkbuf_0_clk/A (sky130_fd_sc_hd__clkbuf_16)
     2    0.018069    0.040195    0.125035    0.157951 ^ clkbuf_0_clk/X (sky130_fd_sc_hd__clkbuf_16)
                                                         clknet_0_clk (net)
                      0.040208    0.000911    0.158861 ^ clkbuf_1_1__f_clk/A (sky130_fd_sc_hd__clkbuf_16)
     2    0.005703    0.029416    0.109586    0.268447 ^ clkbuf_1_1__f_clk/X (sky130_fd_sc_hd__clkbuf_16)
                                                         clknet_1_1__leaf_clk (net)
                      0.029417    0.000367    0.268815 ^ _48_/CLK (sky130_fd_sc_hd__dfxtp_1)
     5    0.016919    0.086002    0.337691    0.606505 v _48_/Q (sky130_fd_sc_hd__dfxtp_1)
                                                         net6 (net)
                      0.086013    0.000996    0.607501 v output6/A (sky130_fd_sc_hd__buf_2)
     1    0.034095    0.089511    0.197486    0.804987 v output6/X (sky130_fd_sc_hd__buf_2)
                                                         counter[2] (net)
                      0.089545    0.001605    0.806592 v counter[2] (out)
                                              0.806592   data arrival time

                                  0.000000    0.000000   clock clk (rise edge)
                                  0.000000    0.000000   clock network delay (propagated)
                                  0.250000    0.250000   clock uncertainty
                                  0.000000    0.250000   clock reconvergence pessimism
                                 -2.000000   -1.750000   output external delay
                                             -1.750000   data required time
---------------------------------------------------------------------------------------------
                                             -1.750000   data required time
                                             -0.806592   data arrival time
---------------------------------------------------------------------------------------------
                                              2.556592   slack (MET)


Startpoint: _47_ (rising edge-triggered flip-flop clocked by clk)
Endpoint: counter[1] (output port clocked by clk)
Path Group: clk
Path Type: min

Fanout         Cap        Slew       Delay        Time   Description
---------------------------------------------------------------------------------------------
                                  0.000000    0.000000   clock clk (rise edge)
                                  0.000000    0.000000   clock source latency
     1    0.009618    0.049752    0.032915    0.032915 ^ clk (in)
                                                         clk (net)
                      0.049757    0.000000    0.032915 ^ clkbuf_0_clk/A (sky130_fd_sc_hd__clkbuf_16)
     2    0.018069    0.040195    0.125035    0.157951 ^ clkbuf_0_clk/X (sky130_fd_sc_hd__clkbuf_16)
                                                         clknet_0_clk (net)
                      0.040208    0.000931    0.158882 ^ clkbuf_1_0__f_clk/A (sky130_fd_sc_hd__clkbuf_16)
     2    0.005200    0.028956    0.108990    0.267872 ^ clkbuf_1_0__f_clk/X (sky130_fd_sc_hd__clkbuf_16)
                                                         clknet_1_0__leaf_clk (net)
                      0.028957    0.000288    0.268160 ^ _47_/CLK (sky130_fd_sc_hd__dfxtp_1)
     6    0.020039    0.099425    0.348659    0.616819 v _47_/Q (sky130_fd_sc_hd__dfxtp_1)
                                                         net5 (net)
                      0.099433    0.000922    0.617741 v output5/A (sky130_fd_sc_hd__buf_2)
     1    0.034000    0.089340    0.203373    0.821114 v output5/X (sky130_fd_sc_hd__buf_2)
                                                         counter[1] (net)
                      0.089376    0.001652    0.822766 v counter[1] (out)
                                              0.822766   data arrival time

                                  0.000000    0.000000   clock clk (rise edge)
                                  0.000000    0.000000   clock network delay (propagated)
                                  0.250000    0.250000   clock uncertainty
                                  0.000000    0.250000   clock reconvergence pessimism
                                 -2.000000   -1.750000   output external delay
                                             -1.750000   data required time
---------------------------------------------------------------------------------------------
                                             -1.750000   data required time
                                             -0.822766   data arrival time
---------------------------------------------------------------------------------------------
                                              2.572766   slack (MET)



