Reading timing models for corner nom_ff_n40C_1v95…
Reading cell library for the 'nom_ff_n40C_1v95' corner at '/home/amostafa/.volare/volare/sky130/versions/0fe599b2afb6708d281543108caf8310912f54af/sky130A/libs.ref/sky130_fd_sc_hd/lib/sky130_fd_sc_hd__ff_n40C_1v95.lib'…
Reading top-level netlist at '/home/amostafa/vlsi/runs/RUN_2024-12-04_11-23-35/51-openroad-fillinsertion/counter_dut.nl.v'…
Linking design 'counter_dut' from netlist…
Warning: /home/amostafa/vlsi/runs/RUN_2024-12-04_11-23-35/51-openroad-fillinsertion/counter_dut.nl.v line 159, module sky130_fd_sc_hd__tapvpwrvgnd_1 not found. Creating black box for TAP_TAPCELL_ROW_0_16.
Warning: /home/amostafa/vlsi/runs/RUN_2024-12-04_11-23-35/51-openroad-fillinsertion/counter_dut.nl.v line 184, module sky130_ef_sc_hd__decap_12 not found. Creating black box for FILLER_0_3.
Warning: /home/amostafa/vlsi/runs/RUN_2024-12-04_11-23-35/51-openroad-fillinsertion/counter_dut.nl.v line 186, module sky130_fd_sc_hd__fill_1 not found. Creating black box for FILLER_0_27.
Warning: /home/amostafa/vlsi/runs/RUN_2024-12-04_11-23-35/51-openroad-fillinsertion/counter_dut.nl.v line 189, module sky130_fd_sc_hd__fill_2 not found. Creating black box for FILLER_0_47.
Reading design constraints file at 'counter_dut.sdc'…
Reading top-level design parasitics for the 'nom_ff_n40C_1v95' corner at '/home/amostafa/vlsi/runs/RUN_2024-12-04_11-23-35/53-openroad-rcx/nom/counter_dut.nom.spef'…
%OL_CREATE_REPORT min.rpt

===========================================================================
report_checks -path_delay min (Hold)
============================================================================
======================= nom_ff_n40C_1v95 Corner ===================================

Startpoint: _46_ (rising edge-triggered flip-flop clocked by clk)
Endpoint: _46_ (rising edge-triggered flip-flop clocked by clk)
Path Group: clk
Path Type: min

Fanout         Cap        Slew       Delay        Time   Description
---------------------------------------------------------------------------------------------
                                  0.000000    0.000000   clock clk (rise edge)
                                  0.000000    0.000000   clock source latency
     1    0.009331    0.000000    0.000000    0.000000 ^ clk (in)
                                                         clk (net)
                      0.000232    0.000116    0.000116 ^ clkbuf_0_clk/A (sky130_fd_sc_hd__clkbuf_16)
     2    0.018557    0.030163    0.074999    0.075115 ^ clkbuf_0_clk/X (sky130_fd_sc_hd__clkbuf_16)
                                                         clknet_0_clk (net)
                      0.030165    0.000424    0.075539 ^ clkbuf_1_1__f_clk/A (sky130_fd_sc_hd__clkbuf_16)
     2    0.006135    0.021775    0.074458    0.149997 ^ clkbuf_1_1__f_clk/X (sky130_fd_sc_hd__clkbuf_16)
                                                         clknet_1_1__leaf_clk (net)
                      0.021775    0.000122    0.150118 ^ _46_/CLK (sky130_fd_sc_hd__dfxtp_2)
     7    0.027334    0.107708    0.248628    0.398746 ^ _46_/Q (sky130_fd_sc_hd__dfxtp_2)
                                                         net4 (net)
                      0.107713    0.000835    0.399581 ^ _28_/A1 (sky130_fd_sc_hd__o21ai_1)
     1    0.002608    0.022998    0.047223    0.446803 v _28_/Y (sky130_fd_sc_hd__o21ai_1)
                                                         _00_ (net)
                      0.022999    0.000076    0.446880 v _46_/D (sky130_fd_sc_hd__dfxtp_2)
                                              0.446880   data arrival time

                                  0.000000    0.000000   clock clk (rise edge)
                                  0.000000    0.000000   clock source latency
     1    0.009331    0.000000    0.000000    0.000000 ^ clk (in)
                                                         clk (net)
                      0.000232    0.000116    0.000116 ^ clkbuf_0_clk/A (sky130_fd_sc_hd__clkbuf_16)
     2    0.018557    0.030163    0.074999    0.075115 ^ clkbuf_0_clk/X (sky130_fd_sc_hd__clkbuf_16)
                                                         clknet_0_clk (net)
                      0.030165    0.000424    0.075539 ^ clkbuf_1_1__f_clk/A (sky130_fd_sc_hd__clkbuf_16)
     2    0.006135    0.021775    0.074458    0.149997 ^ clkbuf_1_1__f_clk/X (sky130_fd_sc_hd__clkbuf_16)
                                                         clknet_1_1__leaf_clk (net)
                      0.021775    0.000122    0.150118 ^ _46_/CLK (sky130_fd_sc_hd__dfxtp_2)
                                  0.000000    0.150118   clock reconvergence pessimism
                                 -0.032903    0.117215   library hold time
                                              0.117215   data required time
---------------------------------------------------------------------------------------------
                                              0.117215   data required time
                                             -0.446880   data arrival time
---------------------------------------------------------------------------------------------
                                              0.329665   slack (MET)


Startpoint: _48_ (rising edge-triggered flip-flop clocked by clk)
Endpoint: _48_ (rising edge-triggered flip-flop clocked by clk)
Path Group: clk
Path Type: min

Fanout         Cap        Slew       Delay        Time   Description
---------------------------------------------------------------------------------------------
                                  0.000000    0.000000   clock clk (rise edge)
                                  0.000000    0.000000   clock source latency
     1    0.009331    0.000000    0.000000    0.000000 ^ clk (in)
                                                         clk (net)
                      0.000232    0.000116    0.000116 ^ clkbuf_0_clk/A (sky130_fd_sc_hd__clkbuf_16)
     2    0.018557    0.030163    0.074999    0.075115 ^ clkbuf_0_clk/X (sky130_fd_sc_hd__clkbuf_16)
                                                         clknet_0_clk (net)
                      0.030165    0.000424    0.075539 ^ clkbuf_1_1__f_clk/A (sky130_fd_sc_hd__clkbuf_16)
     2    0.006135    0.021775    0.074458    0.149997 ^ clkbuf_1_1__f_clk/X (sky130_fd_sc_hd__clkbuf_16)
                                                         clknet_1_1__leaf_clk (net)
                      0.021775    0.000139    0.150136 ^ _48_/CLK (sky130_fd_sc_hd__dfxtp_1)
     5    0.017014    0.124574    0.249790    0.399926 ^ _48_/Q (sky130_fd_sc_hd__dfxtp_1)
                                                         net6 (net)
                      0.124574    0.000485    0.400411 ^ _39_/A1 (sky130_fd_sc_hd__a21oi_1)
     1    0.002952    0.043571    0.044581    0.444992 v _39_/Y (sky130_fd_sc_hd__a21oi_1)
                                                         _18_ (net)
                      0.043571    0.000086    0.445078 v _40_/B1 (sky130_fd_sc_hd__o21ai_1)
     1    0.002187    0.034878    0.046357    0.491435 ^ _40_/Y (sky130_fd_sc_hd__o21ai_1)
                                                         _02_ (net)
                      0.034878    0.000062    0.491497 ^ _48_/D (sky130_fd_sc_hd__dfxtp_1)
                                              0.491497   data arrival time

                                  0.000000    0.000000   clock clk (rise edge)
                                  0.000000    0.000000   clock source latency
     1    0.009331    0.000000    0.000000    0.000000 ^ clk (in)
                                                         clk (net)
                      0.000232    0.000116    0.000116 ^ clkbuf_0_clk/A (sky130_fd_sc_hd__clkbuf_16)
     2    0.018557    0.030163    0.074999    0.075115 ^ clkbuf_0_clk/X (sky130_fd_sc_hd__clkbuf_16)
                                                         clknet_0_clk (net)
                      0.030165    0.000424    0.075539 ^ clkbuf_1_1__f_clk/A (sky130_fd_sc_hd__clkbuf_16)
     2    0.006135    0.021775    0.074458    0.149997 ^ clkbuf_1_1__f_clk/X (sky130_fd_sc_hd__clkbuf_16)
                                                         clknet_1_1__leaf_clk (net)
                      0.021775    0.000139    0.150136 ^ _48_/CLK (sky130_fd_sc_hd__dfxtp_1)
                                  0.000000    0.150136   clock reconvergence pessimism
                                 -0.017795    0.132341   library hold time
                                              0.132341   data required time
---------------------------------------------------------------------------------------------
                                              0.132341   data required time
                                             -0.491497   data arrival time
---------------------------------------------------------------------------------------------
                                              0.359156   slack (MET)


Startpoint: _49_ (rising edge-triggered flip-flop clocked by clk)
Endpoint: _49_ (rising edge-triggered flip-flop clocked by clk)
Path Group: clk
Path Type: min

Fanout         Cap        Slew       Delay        Time   Description
---------------------------------------------------------------------------------------------
                                  0.000000    0.000000   clock clk (rise edge)
                                  0.000000    0.000000   clock source latency
     1    0.009331    0.000000    0.000000    0.000000 ^ clk (in)
                                                         clk (net)
                      0.000232    0.000116    0.000116 ^ clkbuf_0_clk/A (sky130_fd_sc_hd__clkbuf_16)
     2    0.018557    0.030163    0.074999    0.075115 ^ clkbuf_0_clk/X (sky130_fd_sc_hd__clkbuf_16)
                                                         clknet_0_clk (net)
                      0.030165    0.000401    0.075515 ^ clkbuf_1_0__f_clk/A (sky130_fd_sc_hd__clkbuf_16)
     2    0.006451    0.021992    0.074727    0.150242 ^ clkbuf_1_0__f_clk/X (sky130_fd_sc_hd__clkbuf_16)
                                                         clknet_1_0__leaf_clk (net)
                      0.021992    0.000141    0.150383 ^ _49_/CLK (sky130_fd_sc_hd__dfxtp_1)
     3    0.009971    0.039536    0.202081    0.352465 v _49_/Q (sky130_fd_sc_hd__dfxtp_1)
                                                         net7 (net)
                      0.039537    0.000252    0.352716 v _44_/B (sky130_fd_sc_hd__nand4_1)
     1    0.003740    0.046065    0.063317    0.416033 ^ _44_/Y (sky130_fd_sc_hd__nand4_1)
                                                         _22_ (net)
                      0.046065    0.000121    0.416154 ^ _45_/A3 (sky130_fd_sc_hd__a31o_1)
     1    0.002070    0.025689    0.077712    0.493865 ^ _45_/X (sky130_fd_sc_hd__a31o_1)
                                                         _03_ (net)
                      0.025689    0.000040    0.493905 ^ _49_/D (sky130_fd_sc_hd__dfxtp_1)
                                              0.493905   data arrival time

                                  0.000000    0.000000   clock clk (rise edge)
                                  0.000000    0.000000   clock source latency
     1    0.009331    0.000000    0.000000    0.000000 ^ clk (in)
                                                         clk (net)
                      0.000232    0.000116    0.000116 ^ clkbuf_0_clk/A (sky130_fd_sc_hd__clkbuf_16)
     2    0.018557    0.030163    0.074999    0.075115 ^ clkbuf_0_clk/X (sky130_fd_sc_hd__clkbuf_16)
                                                         clknet_0_clk (net)
                      0.030165    0.000401    0.075515 ^ clkbuf_1_0__f_clk/A (sky130_fd_sc_hd__clkbuf_16)
     2    0.006451    0.021992    0.074727    0.150242 ^ clkbuf_1_0__f_clk/X (sky130_fd_sc_hd__clkbuf_16)
                                                         clknet_1_0__leaf_clk (net)
                      0.021992    0.000141    0.150383 ^ _49_/CLK (sky130_fd_sc_hd__dfxtp_1)
                                  0.000000    0.150383   clock reconvergence pessimism
                                 -0.017139    0.133244   library hold time
                                              0.133244   data required time
---------------------------------------------------------------------------------------------
                                              0.133244   data required time
                                             -0.493905   data arrival time
---------------------------------------------------------------------------------------------
                                              0.360661   slack (MET)


Startpoint: _47_ (rising edge-triggered flip-flop clocked by clk)
Endpoint: _47_ (rising edge-triggered flip-flop clocked by clk)
Path Group: clk
Path Type: min

Fanout         Cap        Slew       Delay        Time   Description
---------------------------------------------------------------------------------------------
                                  0.000000    0.000000   clock clk (rise edge)
                                  0.000000    0.000000   clock source latency
     1    0.009331    0.000000    0.000000    0.000000 ^ clk (in)
                                                         clk (net)
                      0.000232    0.000116    0.000116 ^ clkbuf_0_clk/A (sky130_fd_sc_hd__clkbuf_16)
     2    0.018557    0.030163    0.074999    0.075115 ^ clkbuf_0_clk/X (sky130_fd_sc_hd__clkbuf_16)
                                                         clknet_0_clk (net)
                      0.030165    0.000401    0.075515 ^ clkbuf_1_0__f_clk/A (sky130_fd_sc_hd__clkbuf_16)
     2    0.006451    0.021992    0.074727    0.150242 ^ clkbuf_1_0__f_clk/X (sky130_fd_sc_hd__clkbuf_16)
                                                         clknet_1_0__leaf_clk (net)
                      0.021992    0.000122    0.150364 ^ _47_/CLK (sky130_fd_sc_hd__dfxtp_1)
     6    0.024333    0.174591    0.284752    0.435116 ^ _47_/Q (sky130_fd_sc_hd__dfxtp_1)
                                                         net5 (net)
                      0.174592    0.000708    0.435824 ^ _33_/A1 (sky130_fd_sc_hd__a21o_1)
     1    0.003576    0.032091    0.080378    0.516202 ^ _33_/X (sky130_fd_sc_hd__a21o_1)
                                                         _13_ (net)
                      0.032091    0.000113    0.516315 ^ _34_/B1 (sky130_fd_sc_hd__a31o_1)
     1    0.002266    0.023813    0.048295    0.564610 ^ _34_/X (sky130_fd_sc_hd__a31o_1)
                                                         _01_ (net)
                      0.023813    0.000065    0.564675 ^ _47_/D (sky130_fd_sc_hd__dfxtp_1)
                                              0.564675   data arrival time

                                  0.000000    0.000000   clock clk (rise edge)
                                  0.000000    0.000000   clock source latency
     1    0.009331    0.000000    0.000000    0.000000 ^ clk (in)
                                                         clk (net)
                      0.000232    0.000116    0.000116 ^ clkbuf_0_clk/A (sky130_fd_sc_hd__clkbuf_16)
     2    0.018557    0.030163    0.074999    0.075115 ^ clkbuf_0_clk/X (sky130_fd_sc_hd__clkbuf_16)
                                                         clknet_0_clk (net)
                      0.030165    0.000401    0.075515 ^ clkbuf_1_0__f_clk/A (sky130_fd_sc_hd__clkbuf_16)
     2    0.006451    0.021992    0.074727    0.150242 ^ clkbuf_1_0__f_clk/X (sky130_fd_sc_hd__clkbuf_16)
                                                         clknet_1_0__leaf_clk (net)
                      0.021992    0.000122    0.150364 ^ _47_/CLK (sky130_fd_sc_hd__dfxtp_1)
                                  0.000000    0.150364   clock reconvergence pessimism
                                 -0.017006    0.133358   library hold time
                                              0.133358   data required time
---------------------------------------------------------------------------------------------
                                              0.133358   data required time
                                             -0.564675   data arrival time
---------------------------------------------------------------------------------------------
                                              0.431317   slack (MET)


Startpoint: _49_ (rising edge-triggered flip-flop clocked by clk)
Endpoint: counter[3] (output port clocked by clk)
Path Group: clk
Path Type: min

Fanout         Cap        Slew       Delay        Time   Description
---------------------------------------------------------------------------------------------
                                  0.000000    0.000000   clock clk (rise edge)
                                  0.000000    0.000000   clock source latency
     1    0.009331    0.000000    0.000000    0.000000 ^ clk (in)
                                                         clk (net)
                      0.000232    0.000116    0.000116 ^ clkbuf_0_clk/A (sky130_fd_sc_hd__clkbuf_16)
     2    0.018557    0.030163    0.074999    0.075115 ^ clkbuf_0_clk/X (sky130_fd_sc_hd__clkbuf_16)
                                                         clknet_0_clk (net)
                      0.030165    0.000401    0.075515 ^ clkbuf_1_0__f_clk/A (sky130_fd_sc_hd__clkbuf_16)
     2    0.006451    0.021992    0.074727    0.150242 ^ clkbuf_1_0__f_clk/X (sky130_fd_sc_hd__clkbuf_16)
                                                         clknet_1_0__leaf_clk (net)
                      0.021992    0.000141    0.150383 ^ _49_/CLK (sky130_fd_sc_hd__dfxtp_1)
     3    0.009971    0.039536    0.202081    0.352465 v _49_/Q (sky130_fd_sc_hd__dfxtp_1)
                                                         net7 (net)
                      0.039536    0.000145    0.352610 v output7/A (sky130_fd_sc_hd__buf_1)
     1    0.000658    0.011135    0.051452    0.404063 v output7/X (sky130_fd_sc_hd__buf_1)
                                                         counter[3] (net)
                      0.011135    0.000007    0.404070 v counter[3] (out)
                                              0.404070   data arrival time

                                  0.000000    0.000000   clock clk (rise edge)
                                  0.000000    0.000000   clock network delay (propagated)
                                  0.000000    0.000000   clock reconvergence pessimism
                                 -2.000000   -2.000000   output external delay
                                             -2.000000   data required time
---------------------------------------------------------------------------------------------
                                             -2.000000   data required time
                                             -0.404070   data arrival time
---------------------------------------------------------------------------------------------
                                              2.404069   slack (MET)


Startpoint: _48_ (rising edge-triggered flip-flop clocked by clk)
Endpoint: counter[2] (output port clocked by clk)
Path Group: clk
Path Type: min

Fanout         Cap        Slew       Delay        Time   Description
---------------------------------------------------------------------------------------------
                                  0.000000    0.000000   clock clk (rise edge)
                                  0.000000    0.000000   clock source latency
     1    0.009331    0.000000    0.000000    0.000000 ^ clk (in)
                                                         clk (net)
                      0.000232    0.000116    0.000116 ^ clkbuf_0_clk/A (sky130_fd_sc_hd__clkbuf_16)
     2    0.018557    0.030163    0.074999    0.075115 ^ clkbuf_0_clk/X (sky130_fd_sc_hd__clkbuf_16)
                                                         clknet_0_clk (net)
                      0.030165    0.000424    0.075539 ^ clkbuf_1_1__f_clk/A (sky130_fd_sc_hd__clkbuf_16)
     2    0.006135    0.021775    0.074458    0.149997 ^ clkbuf_1_1__f_clk/X (sky130_fd_sc_hd__clkbuf_16)
                                                         clknet_1_1__leaf_clk (net)
                      0.021775    0.000139    0.150136 ^ _48_/CLK (sky130_fd_sc_hd__dfxtp_1)
     5    0.015948    0.057075    0.216394    0.366530 v _48_/Q (sky130_fd_sc_hd__dfxtp_1)
                                                         net6 (net)
                      0.057076    0.000391    0.366922 v output6/A (sky130_fd_sc_hd__buf_1)
     1    0.000539    0.011019    0.057763    0.424685 v output6/X (sky130_fd_sc_hd__buf_1)
                                                         counter[2] (net)
                      0.011019    0.000006    0.424691 v counter[2] (out)
                                              0.424691   data arrival time

                                  0.000000    0.000000   clock clk (rise edge)
                                  0.000000    0.000000   clock network delay (propagated)
                                  0.000000    0.000000   clock reconvergence pessimism
                                 -2.000000   -2.000000   output external delay
                                             -2.000000   data required time
---------------------------------------------------------------------------------------------
                                             -2.000000   data required time
                                             -0.424691   data arrival time
---------------------------------------------------------------------------------------------
                                              2.424691   slack (MET)


Startpoint: _46_ (rising edge-triggered flip-flop clocked by clk)
Endpoint: counter[0] (output port clocked by clk)
Path Group: clk
Path Type: min

Fanout         Cap        Slew       Delay        Time   Description
---------------------------------------------------------------------------------------------
                                  0.000000    0.000000   clock clk (rise edge)
                                  0.000000    0.000000   clock source latency
     1    0.009331    0.000000    0.000000    0.000000 ^ clk (in)
                                                         clk (net)
                      0.000232    0.000116    0.000116 ^ clkbuf_0_clk/A (sky130_fd_sc_hd__clkbuf_16)
     2    0.018557    0.030163    0.074999    0.075115 ^ clkbuf_0_clk/X (sky130_fd_sc_hd__clkbuf_16)
                                                         clknet_0_clk (net)
                      0.030165    0.000424    0.075539 ^ clkbuf_1_1__f_clk/A (sky130_fd_sc_hd__clkbuf_16)
     2    0.006135    0.021775    0.074458    0.149997 ^ clkbuf_1_1__f_clk/X (sky130_fd_sc_hd__clkbuf_16)
                                                         clknet_1_1__leaf_clk (net)
                      0.021775    0.000122    0.150118 ^ _46_/CLK (sky130_fd_sc_hd__dfxtp_2)
     7    0.025899    0.050770    0.223912    0.374030 v _46_/Q (sky130_fd_sc_hd__dfxtp_2)
                                                         net4 (net)
                      0.050777    0.000610    0.374641 v output4/A (sky130_fd_sc_hd__buf_1)
     1    0.001097    0.012803    0.058072    0.432713 v output4/X (sky130_fd_sc_hd__buf_1)
                                                         counter[0] (net)
                      0.012803    0.000017    0.432730 v counter[0] (out)
                                              0.432730   data arrival time

                                  0.000000    0.000000   clock clk (rise edge)
                                  0.000000    0.000000   clock network delay (propagated)
                                  0.000000    0.000000   clock reconvergence pessimism
                                 -2.000000   -2.000000   output external delay
                                             -2.000000   data required time
---------------------------------------------------------------------------------------------
                                             -2.000000   data required time
                                             -0.432730   data arrival time
---------------------------------------------------------------------------------------------
                                              2.432730   slack (MET)


Startpoint: _47_ (rising edge-triggered flip-flop clocked by clk)
Endpoint: counter[1] (output port clocked by clk)
Path Group: clk
Path Type: min

Fanout         Cap        Slew       Delay        Time   Description
---------------------------------------------------------------------------------------------
                                  0.000000    0.000000   clock clk (rise edge)
                                  0.000000    0.000000   clock source latency
     1    0.009331    0.000000    0.000000    0.000000 ^ clk (in)
                                                         clk (net)
                      0.000232    0.000116    0.000116 ^ clkbuf_0_clk/A (sky130_fd_sc_hd__clkbuf_16)
     2    0.018557    0.030163    0.074999    0.075115 ^ clkbuf_0_clk/X (sky130_fd_sc_hd__clkbuf_16)
                                                         clknet_0_clk (net)
                      0.030165    0.000401    0.075515 ^ clkbuf_1_0__f_clk/A (sky130_fd_sc_hd__clkbuf_16)
     2    0.006451    0.021992    0.074727    0.150242 ^ clkbuf_1_0__f_clk/X (sky130_fd_sc_hd__clkbuf_16)
                                                         clknet_1_0__leaf_clk (net)
                      0.021992    0.000122    0.150364 ^ _47_/CLK (sky130_fd_sc_hd__dfxtp_1)
     6    0.022883    0.078096    0.232982    0.383346 v _47_/Q (sky130_fd_sc_hd__dfxtp_1)
                                                         net5 (net)
                      0.078101    0.000634    0.383980 v output5/A (sky130_fd_sc_hd__buf_1)
     1    0.000812    0.012870    0.065904    0.449884 v output5/X (sky130_fd_sc_hd__buf_1)
                                                         counter[1] (net)
                      0.012870    0.000012    0.449896 v counter[1] (out)
                                              0.449896   data arrival time

                                  0.000000    0.000000   clock clk (rise edge)
                                  0.000000    0.000000   clock network delay (propagated)
                                  0.000000    0.000000   clock reconvergence pessimism
                                 -2.000000   -2.000000   output external delay
                                             -2.000000   data required time
---------------------------------------------------------------------------------------------
                                             -2.000000   data required time
                                             -0.449896   data arrival time
---------------------------------------------------------------------------------------------
                                              2.449896   slack (MET)



%OL_END_REPORT
%OL_CREATE_REPORT max.rpt

===========================================================================
report_checks -path_delay max (Setup)
============================================================================
======================= nom_ff_n40C_1v95 Corner ===================================

Startpoint: _47_ (rising edge-triggered flip-flop clocked by clk)
Endpoint: counter[1] (output port clocked by clk)
Path Group: clk
Path Type: max

Fanout         Cap        Slew       Delay        Time   Description
---------------------------------------------------------------------------------------------
                                  0.000000    0.000000   clock clk (rise edge)
                                  0.000000    0.000000   clock source latency
     1    0.009331    0.000000    0.000000    0.000000 ^ clk (in)
                                                         clk (net)
                      0.000232    0.000116    0.000116 ^ clkbuf_0_clk/A (sky130_fd_sc_hd__clkbuf_16)
     2    0.018557    0.030163    0.074999    0.075115 ^ clkbuf_0_clk/X (sky130_fd_sc_hd__clkbuf_16)
                                                         clknet_0_clk (net)
                      0.030165    0.000401    0.075515 ^ clkbuf_1_0__f_clk/A (sky130_fd_sc_hd__clkbuf_16)
     2    0.006451    0.021992    0.074727    0.150242 ^ clkbuf_1_0__f_clk/X (sky130_fd_sc_hd__clkbuf_16)
                                                         clknet_1_0__leaf_clk (net)
                      0.021992    0.000122    0.150364 ^ _47_/CLK (sky130_fd_sc_hd__dfxtp_1)
     6    0.024333    0.174591    0.284752    0.435116 ^ _47_/Q (sky130_fd_sc_hd__dfxtp_1)
                                                         net5 (net)
                      0.174591    0.000672    0.435788 ^ output5/A (sky130_fd_sc_hd__buf_1)
     1    0.000812    0.019942    0.047920    0.483708 ^ output5/X (sky130_fd_sc_hd__buf_1)
                                                         counter[1] (net)
                      0.019942    0.000012    0.483719 ^ counter[1] (out)
                                              0.483719   data arrival time

                                 10.000000   10.000000   clock clk (rise edge)
                                  0.000000   10.000000   clock network delay (propagated)
                                  0.000000   10.000000   clock reconvergence pessimism
                                 -2.000000    8.000000   output external delay
                                              8.000000   data required time
---------------------------------------------------------------------------------------------
                                              8.000000   data required time
                                             -0.483719   data arrival time
---------------------------------------------------------------------------------------------
                                              7.516280   slack (MET)


Startpoint: _46_ (rising edge-triggered flip-flop clocked by clk)
Endpoint: counter[0] (output port clocked by clk)
Path Group: clk
Path Type: max

Fanout         Cap        Slew       Delay        Time   Description
---------------------------------------------------------------------------------------------
                                  0.000000    0.000000   clock clk (rise edge)
                                  0.000000    0.000000   clock source latency
     1    0.009331    0.000000    0.000000    0.000000 ^ clk (in)
                                                         clk (net)
                      0.000232    0.000116    0.000116 ^ clkbuf_0_clk/A (sky130_fd_sc_hd__clkbuf_16)
     2    0.018557    0.030163    0.074999    0.075115 ^ clkbuf_0_clk/X (sky130_fd_sc_hd__clkbuf_16)
                                                         clknet_0_clk (net)
                      0.030165    0.000424    0.075539 ^ clkbuf_1_1__f_clk/A (sky130_fd_sc_hd__clkbuf_16)
     2    0.006135    0.021775    0.074458    0.149997 ^ clkbuf_1_1__f_clk/X (sky130_fd_sc_hd__clkbuf_16)
                                                         clknet_1_1__leaf_clk (net)
                      0.021775    0.000122    0.150118 ^ _46_/CLK (sky130_fd_sc_hd__dfxtp_2)
     7    0.027334    0.107708    0.248628    0.398746 ^ _46_/Q (sky130_fd_sc_hd__dfxtp_2)
                                                         net4 (net)
                      0.107710    0.000646    0.399392 ^ output4/A (sky130_fd_sc_hd__buf_1)
     1    0.001097    0.020270    0.049500    0.448891 ^ output4/X (sky130_fd_sc_hd__buf_1)
                                                         counter[0] (net)
                      0.020270    0.000017    0.448909 ^ counter[0] (out)
                                              0.448909   data arrival time

                                 10.000000   10.000000   clock clk (rise edge)
                                  0.000000   10.000000   clock network delay (propagated)
                                  0.000000   10.000000   clock reconvergence pessimism
                                 -2.000000    8.000000   output external delay
                                              8.000000   data required time
---------------------------------------------------------------------------------------------
                                              8.000000   data required time
                                             -0.448909   data arrival time
---------------------------------------------------------------------------------------------
                                              7.551092   slack (MET)


Startpoint: _48_ (rising edge-triggered flip-flop clocked by clk)
Endpoint: counter[2] (output port clocked by clk)
Path Group: clk
Path Type: max

Fanout         Cap        Slew       Delay        Time   Description
---------------------------------------------------------------------------------------------
                                  0.000000    0.000000   clock clk (rise edge)
                                  0.000000    0.000000   clock source latency
     1    0.009331    0.000000    0.000000    0.000000 ^ clk (in)
                                                         clk (net)
                      0.000232    0.000116    0.000116 ^ clkbuf_0_clk/A (sky130_fd_sc_hd__clkbuf_16)
     2    0.018557    0.030163    0.074999    0.075115 ^ clkbuf_0_clk/X (sky130_fd_sc_hd__clkbuf_16)
                                                         clknet_0_clk (net)
                      0.030165    0.000424    0.075539 ^ clkbuf_1_1__f_clk/A (sky130_fd_sc_hd__clkbuf_16)
     2    0.006135    0.021775    0.074458    0.149997 ^ clkbuf_1_1__f_clk/X (sky130_fd_sc_hd__clkbuf_16)
                                                         clknet_1_1__leaf_clk (net)
                      0.021775    0.000139    0.150136 ^ _48_/CLK (sky130_fd_sc_hd__dfxtp_1)
     5    0.017014    0.124574    0.249790    0.399926 ^ _48_/Q (sky130_fd_sc_hd__dfxtp_1)
                                                         net6 (net)
                      0.124574    0.000419    0.400345 ^ output6/A (sky130_fd_sc_hd__buf_1)
     1    0.000539    0.016837    0.046782    0.447127 ^ output6/X (sky130_fd_sc_hd__buf_1)
                                                         counter[2] (net)
                      0.016837    0.000006    0.447133 ^ counter[2] (out)
                                              0.447133   data arrival time

                                 10.000000   10.000000   clock clk (rise edge)
                                  0.000000   10.000000   clock network delay (propagated)
                                  0.000000   10.000000   clock reconvergence pessimism
                                 -2.000000    8.000000   output external delay
                                              8.000000   data required time
---------------------------------------------------------------------------------------------
                                              8.000000   data required time
                                             -0.447133   data arrival time
---------------------------------------------------------------------------------------------
                                              7.552867   slack (MET)


Startpoint: up_down (input port clocked by clk)
Endpoint: _49_ (rising edge-triggered flip-flop clocked by clk)
Path Group: clk
Path Type: max

Fanout         Cap        Slew       Delay        Time   Description
---------------------------------------------------------------------------------------------
                                  0.000000    0.000000   clock clk (rise edge)
                                  0.000000    0.000000   clock network delay (propagated)
                                  2.000000    2.000000 v input external delay
     1    0.002775    0.000000    0.000000    2.000000 v up_down (in)
                                                         up_down (net)
                      0.000073    0.000037    2.000037 v input3/A (sky130_fd_sc_hd__buf_1)
     5    0.014223    0.059342    0.079517    2.079553 v input3/X (sky130_fd_sc_hd__buf_1)
                                                         net3 (net)
                      0.059343    0.000354    2.079907 v _41_/A1 (sky130_fd_sc_hd__o31ai_1)
     2    0.008158    0.229830    0.238233    2.318141 ^ _41_/Y (sky130_fd_sc_hd__o31ai_1)
                                                         _19_ (net)
                      0.229830    0.000205    2.318346 ^ _44_/C (sky130_fd_sc_hd__nand4_1)
     1    0.003495    0.064480    0.062635    2.380981 v _44_/Y (sky130_fd_sc_hd__nand4_1)
                                                         _22_ (net)
                      0.064480    0.000112    2.381094 v _45_/A3 (sky130_fd_sc_hd__a31o_1)
     1    0.002105    0.025250    0.142992    2.524085 v _45_/X (sky130_fd_sc_hd__a31o_1)
                                                         _03_ (net)
                      0.025250    0.000041    2.524126 v _49_/D (sky130_fd_sc_hd__dfxtp_1)
                                              2.524126   data arrival time

                                 10.000000   10.000000   clock clk (rise edge)
                                  0.000000   10.000000   clock source latency
     1    0.009331    0.000000    0.000000   10.000000 ^ clk (in)
                                                         clk (net)
                      0.000232    0.000116   10.000116 ^ clkbuf_0_clk/A (sky130_fd_sc_hd__clkbuf_16)
     2    0.018557    0.030163    0.074999   10.075115 ^ clkbuf_0_clk/X (sky130_fd_sc_hd__clkbuf_16)
                                                         clknet_0_clk (net)
                      0.030165    0.000401   10.075516 ^ clkbuf_1_0__f_clk/A (sky130_fd_sc_hd__clkbuf_16)
     2    0.006451    0.021992    0.074727   10.150243 ^ clkbuf_1_0__f_clk/X (sky130_fd_sc_hd__clkbuf_16)
                                                         clknet_1_0__leaf_clk (net)
                      0.021992    0.000140   10.150383 ^ _49_/CLK (sky130_fd_sc_hd__dfxtp_1)
                                  0.000000   10.150383   clock reconvergence pessimism
                                 -0.068555   10.081828   library setup time
                                             10.081828   data required time
---------------------------------------------------------------------------------------------
                                             10.081828   data required time
                                             -2.524126   data arrival time
---------------------------------------------------------------------------------------------
                                              7.557702   slack (MET)


Startpoint: _49_ (rising edge-triggered flip-flop clocked by clk)
Endpoint: counter[3] (output port clocked by clk)
Path Group: clk
Path Type: max

Fanout         Cap        Slew       Delay        Time   Description
---------------------------------------------------------------------------------------------
                                  0.000000    0.000000   clock clk (rise edge)
                                  0.000000    0.000000   clock source latency
     1    0.009331    0.000000    0.000000    0.000000 ^ clk (in)
                                                         clk (net)
                      0.000232    0.000116    0.000116 ^ clkbuf_0_clk/A (sky130_fd_sc_hd__clkbuf_16)
     2    0.018557    0.030163    0.074999    0.075115 ^ clkbuf_0_clk/X (sky130_fd_sc_hd__clkbuf_16)
                                                         clknet_0_clk (net)
                      0.030165    0.000401    0.075515 ^ clkbuf_1_0__f_clk/A (sky130_fd_sc_hd__clkbuf_16)
     2    0.006451    0.021992    0.074727    0.150242 ^ clkbuf_1_0__f_clk/X (sky130_fd_sc_hd__clkbuf_16)
                                                         clknet_1_0__leaf_clk (net)
                      0.021992    0.000141    0.150383 ^ _49_/CLK (sky130_fd_sc_hd__dfxtp_1)
     3    0.010571    0.080612    0.219202    0.369586 ^ _49_/Q (sky130_fd_sc_hd__dfxtp_1)
                                                         net7 (net)
                      0.080612    0.000155    0.369741 ^ output7/A (sky130_fd_sc_hd__buf_1)
     1    0.000658    0.016579    0.044860    0.414601 ^ output7/X (sky130_fd_sc_hd__buf_1)
                                                         counter[3] (net)
                      0.016579    0.000007    0.414608 ^ counter[3] (out)
                                              0.414608   data arrival time

                                 10.000000   10.000000   clock clk (rise edge)
                                  0.000000   10.000000   clock network delay (propagated)
                                  0.000000   10.000000   clock reconvergence pessimism
                                 -2.000000    8.000000   output external delay
                                              8.000000   data required time
---------------------------------------------------------------------------------------------
                                              8.000000   data required time
                                             -0.414608   data arrival time
---------------------------------------------------------------------------------------------
                                              7.585392   slack (MET)


Startpoint: up_down (input port clocked by clk)
Endpoint: _48_ (rising edge-triggered flip-flop clocked by clk)
Path Group: clk
Path Type: max

Fanout         Cap        Slew       Delay        Time   Description
---------------------------------------------------------------------------------------------
                                  0.000000    0.000000   clock clk (rise edge)
                                  0.000000    0.000000   clock network delay (propagated)
                                  2.000000    2.000000 v input external delay
     1    0.002775    0.000000    0.000000    2.000000 v up_down (in)
                                                         up_down (net)
                      0.000073    0.000037    2.000037 v input3/A (sky130_fd_sc_hd__buf_1)
     5    0.014223    0.059342    0.079517    2.079553 v input3/X (sky130_fd_sc_hd__buf_1)
                                                         net3 (net)
                      0.059342    0.000231    2.079785 v _30_/A (sky130_fd_sc_hd__or2_1)
     2    0.007324    0.047078    0.157914    2.237698 v _30_/X (sky130_fd_sc_hd__or2_1)
                                                         _10_ (net)
                      0.047078    0.000135    2.237833 v _38_/A (sky130_fd_sc_hd__xnor2_1)
     1    0.003941    0.097564    0.115358    2.353191 ^ _38_/Y (sky130_fd_sc_hd__xnor2_1)
                                                         _17_ (net)
                      0.097564    0.000121    2.353312 ^ _40_/A2 (sky130_fd_sc_hd__o21ai_1)
     1    0.002222    0.027393    0.034788    2.388100 v _40_/Y (sky130_fd_sc_hd__o21ai_1)
                                                         _02_ (net)
                      0.027393    0.000063    2.388163 v _48_/D (sky130_fd_sc_hd__dfxtp_1)
                                              2.388163   data arrival time

                                 10.000000   10.000000   clock clk (rise edge)
                                  0.000000   10.000000   clock source latency
     1    0.009331    0.000000    0.000000   10.000000 ^ clk (in)
                                                         clk (net)
                      0.000232    0.000116   10.000116 ^ clkbuf_0_clk/A (sky130_fd_sc_hd__clkbuf_16)
     2    0.018557    0.030163    0.074999   10.075115 ^ clkbuf_0_clk/X (sky130_fd_sc_hd__clkbuf_16)
                                                         clknet_0_clk (net)
                      0.030165    0.000424   10.075539 ^ clkbuf_1_1__f_clk/A (sky130_fd_sc_hd__clkbuf_16)
     2    0.006135    0.021775    0.074458   10.149997 ^ clkbuf_1_1__f_clk/X (sky130_fd_sc_hd__clkbuf_16)
                                                         clknet_1_1__leaf_clk (net)
                      0.021775    0.000139   10.150136 ^ _48_/CLK (sky130_fd_sc_hd__dfxtp_1)
                                  0.000000   10.150136   clock reconvergence pessimism
                                 -0.069341   10.080795   library setup time
                                             10.080795   data required time
---------------------------------------------------------------------------------------------
                                             10.080795   data required time
                                             -2.388163   data arrival time
---------------------------------------------------------------------------------------------
                                              7.692633   slack (MET)


Startpoint: up_down (input port clocked by clk)
Endpoint: _47_ (rising edge-triggered flip-flop clocked by clk)
Path Group: clk
Path Type: max

Fanout         Cap        Slew       Delay        Time   Description
---------------------------------------------------------------------------------------------
                                  0.000000    0.000000   clock clk (rise edge)
                                  0.000000    0.000000   clock network delay (propagated)
                                  2.000000    2.000000 ^ input external delay
     1    0.002963    0.000000    0.000000    2.000000 ^ up_down (in)
                                                         up_down (net)
                      0.000079    0.000040    2.000040 ^ input3/A (sky130_fd_sc_hd__buf_1)
     5    0.015096    0.135999    0.115573    2.115613 ^ input3/X (sky130_fd_sc_hd__buf_1)
                                                         net3 (net)
                      0.135999    0.000246    2.115859 ^ _30_/A (sky130_fd_sc_hd__or2_1)
     2    0.007778    0.062161    0.101833    2.217692 ^ _30_/X (sky130_fd_sc_hd__or2_1)
                                                         _10_ (net)
                      0.062161    0.000101    2.217793 ^ _32_/A (sky130_fd_sc_hd__nand2_1)
     1    0.003701    0.028951    0.033236    2.251029 v _32_/Y (sky130_fd_sc_hd__nand2_1)
                                                         _12_ (net)
                      0.028951    0.000115    2.251145 v _34_/A3 (sky130_fd_sc_hd__a31o_1)
     1    0.002301    0.026119    0.130164    2.381309 v _34_/X (sky130_fd_sc_hd__a31o_1)
                                                         _01_ (net)
                      0.026119    0.000066    2.381375 v _47_/D (sky130_fd_sc_hd__dfxtp_1)
                                              2.381375   data arrival time

                                 10.000000   10.000000   clock clk (rise edge)
                                  0.000000   10.000000   clock source latency
     1    0.009331    0.000000    0.000000   10.000000 ^ clk (in)
                                                         clk (net)
                      0.000232    0.000116   10.000116 ^ clkbuf_0_clk/A (sky130_fd_sc_hd__clkbuf_16)
     2    0.018557    0.030163    0.074999   10.075115 ^ clkbuf_0_clk/X (sky130_fd_sc_hd__clkbuf_16)
                                                         clknet_0_clk (net)
                      0.030165    0.000401   10.075516 ^ clkbuf_1_0__f_clk/A (sky130_fd_sc_hd__clkbuf_16)
     2    0.006451    0.021992    0.074727   10.150243 ^ clkbuf_1_0__f_clk/X (sky130_fd_sc_hd__clkbuf_16)
                                                         clknet_1_0__leaf_clk (net)
                      0.021992    0.000122   10.150364 ^ _47_/CLK (sky130_fd_sc_hd__dfxtp_1)
                                  0.000000   10.150364   clock reconvergence pessimism
                                 -0.068865   10.081499   library setup time
                                             10.081499   data required time
---------------------------------------------------------------------------------------------
                                             10.081499   data required time
                                             -2.381375   data arrival time
---------------------------------------------------------------------------------------------
                                              7.700125   slack (MET)


Startpoint: reset (input port clocked by clk)
Endpoint: _46_ (rising edge-triggered flip-flop clocked by clk)
Path Group: clk
Path Type: max

Fanout         Cap        Slew       Delay        Time   Description
---------------------------------------------------------------------------------------------
                                  0.000000    0.000000   clock clk (rise edge)
                                  0.000000    0.000000   clock network delay (propagated)
                                  2.000000    2.000000 ^ input external delay
     1    0.003040    0.000000    0.000000    2.000000 ^ reset (in)
                                                         reset (net)
                      0.000082    0.000041    2.000041 ^ input2/A (sky130_fd_sc_hd__buf_1)
     2    0.009589    0.089129    0.083576    2.083617 ^ input2/X (sky130_fd_sc_hd__buf_1)
                                                         net2 (net)
                      0.089129    0.000155    2.083772 ^ _23_/A (sky130_fd_sc_hd__inv_2)
     4    0.012756    0.036750    0.036422    2.120194 v _23_/Y (sky130_fd_sc_hd__inv_2)
                                                         _04_ (net)
                      0.036759    0.000181    2.120375 v _25_/A (sky130_fd_sc_hd__nor2_1)
     4    0.015587    0.205046    0.177955    2.298331 ^ _25_/Y (sky130_fd_sc_hd__nor2_1)
                                                         _06_ (net)
                      0.205048    0.000517    2.298847 ^ _27_/B1 (sky130_fd_sc_hd__a21oi_1)
     1    0.003798    0.047797    0.028877    2.327725 v _27_/Y (sky130_fd_sc_hd__a21oi_1)
                                                         _08_ (net)
                      0.047797    0.000119    2.327844 v _28_/B1 (sky130_fd_sc_hd__o21ai_1)
     1    0.002573    0.067835    0.050584    2.378428 ^ _28_/Y (sky130_fd_sc_hd__o21ai_1)
                                                         _00_ (net)
                      0.067835    0.000075    2.378504 ^ _46_/D (sky130_fd_sc_hd__dfxtp_2)
                                              2.378504   data arrival time

                                 10.000000   10.000000   clock clk (rise edge)
                                  0.000000   10.000000   clock source latency
     1    0.009331    0.000000    0.000000   10.000000 ^ clk (in)
                                                         clk (net)
                      0.000232    0.000116   10.000116 ^ clkbuf_0_clk/A (sky130_fd_sc_hd__clkbuf_16)
     2    0.018557    0.030163    0.074999   10.075115 ^ clkbuf_0_clk/X (sky130_fd_sc_hd__clkbuf_16)
                                                         clknet_0_clk (net)
                      0.030165    0.000424   10.075539 ^ clkbuf_1_1__f_clk/A (sky130_fd_sc_hd__clkbuf_16)
     2    0.006135    0.021775    0.074458   10.149997 ^ clkbuf_1_1__f_clk/X (sky130_fd_sc_hd__clkbuf_16)
                                                         clknet_1_1__leaf_clk (net)
                      0.021775    0.000122   10.150119 ^ _46_/CLK (sky130_fd_sc_hd__dfxtp_2)
                                  0.000000   10.150119   clock reconvergence pessimism
                                 -0.035365   10.114753   library setup time
                                             10.114753   data required time
---------------------------------------------------------------------------------------------
                                             10.114753   data required time
                                             -2.378504   data arrival time
---------------------------------------------------------------------------------------------
                                              7.736249   slack (MET)



%OL_END_REPORT
%OL_CREATE_REPORT checks.rpt

===========================================================================
report_checks -unconstrained
===========================================================================
======================= nom_ff_n40C_1v95 Corner ===================================

Startpoint: _47_ (rising edge-triggered flip-flop clocked by clk)
Endpoint: counter[1] (output port clocked by clk)
Path Group: clk
Path Type: max

Fanout         Cap        Slew       Delay        Time   Description
---------------------------------------------------------------------------------------------
                                  0.000000    0.000000   clock clk (rise edge)
                                  0.000000    0.000000   clock source latency
     1    0.009331    0.000000    0.000000    0.000000 ^ clk (in)
                                                         clk (net)
                      0.000232    0.000116    0.000116 ^ clkbuf_0_clk/A (sky130_fd_sc_hd__clkbuf_16)
     2    0.018557    0.030163    0.074999    0.075115 ^ clkbuf_0_clk/X (sky130_fd_sc_hd__clkbuf_16)
                                                         clknet_0_clk (net)
                      0.030165    0.000401    0.075515 ^ clkbuf_1_0__f_clk/A (sky130_fd_sc_hd__clkbuf_16)
     2    0.006451    0.021992    0.074727    0.150242 ^ clkbuf_1_0__f_clk/X (sky130_fd_sc_hd__clkbuf_16)
                                                         clknet_1_0__leaf_clk (net)
                      0.021992    0.000122    0.150364 ^ _47_/CLK (sky130_fd_sc_hd__dfxtp_1)
     6    0.024333    0.174591    0.284752    0.435116 ^ _47_/Q (sky130_fd_sc_hd__dfxtp_1)
                                                         net5 (net)
                      0.174591    0.000672    0.435788 ^ output5/A (sky130_fd_sc_hd__buf_1)
     1    0.000812    0.019942    0.047920    0.483708 ^ output5/X (sky130_fd_sc_hd__buf_1)
                                                         counter[1] (net)
                      0.019942    0.000012    0.483719 ^ counter[1] (out)
                                              0.483719   data arrival time

                                 10.000000   10.000000   clock clk (rise edge)
                                  0.000000   10.000000   clock network delay (propagated)
                                  0.000000   10.000000   clock reconvergence pessimism
                                 -2.000000    8.000000   output external delay
                                              8.000000   data required time
---------------------------------------------------------------------------------------------
                                              8.000000   data required time
                                             -0.483719   data arrival time
---------------------------------------------------------------------------------------------
                                              7.516280   slack (MET)




===========================================================================
report_checks --slack_max -0.01
============================================================================
======================= nom_ff_n40C_1v95 Corner ===================================

No paths found.


===========================================================================
 report_check_types -max_slew -max_cap -max_fanout -violators
============================================================================
======================= nom_ff_n40C_1v95 Corner ===================================



===========================================================================
report_parasitic_annotation -report_unannotated
============================================================================
Found 0 unannotated drivers.
Found 0 partially unannotated drivers.

===========================================================================
max slew violation count 0
%OL_METRIC_I design__max_slew_violation__count__corner:nom_ff_n40C_1v95 0
max fanout violation count 0
%OL_METRIC_I design__max_fanout_violation__count__corner:nom_ff_n40C_1v95 0
max cap violation count 0
%OL_METRIC_I design__max_cap_violation__count__corner:nom_ff_n40C_1v95 0
============================================================================

===========================================================================
check_setup -verbose -unconstrained_endpoints -multiple_clock -no_clock -no_input_delay -loops -generated_clocks
===========================================================================
%OL_END_REPORT
%OL_CREATE_REPORT power.rpt

===========================================================================
 report_power
============================================================================
======================= nom_ff_n40C_1v95 Corner ===================================

Group                    Internal    Switching      Leakage        Total
                            Power        Power        Power        Power (Watts)
------------------------------------------------------------------------
Sequential           2.126621e-05 3.675915e-06 6.161777e-11 2.494218e-05  23.1%
Combinational        6.215566e-06 6.086264e-06 9.854847e-11 1.230193e-05  11.4%
Clock                5.866892e-05 1.184203e-05 2.826906e-10 7.051123e-05  65.4%
Macro                0.000000e+00 0.000000e+00 0.000000e+00 0.000000e+00   0.0%
Pad                  0.000000e+00 0.000000e+00 0.000000e+00 0.000000e+00   0.0%
------------------------------------------------------------------------
Total                8.615069e-05 2.160421e-05 4.428569e-10 1.077553e-04 100.0%
                            80.0%        20.0%         0.0%
%OL_METRIC_F power__internal__total 8.61506923683919e-5
%OL_METRIC_F power__switching__total 2.1604206267511472e-5
%OL_METRIC_F power__leakage__total 4.4285694555945554e-10
%OL_METRIC_F power__total 0.00010775533883133903

%OL_END_REPORT
%OL_CREATE_REPORT skew.min.rpt

===========================================================================
Clock Skew (Hold)
============================================================================
%OL_METRIC_F clock__skew__worst_hold__corner:nom_ff_n40C_1v95 -0.0002647743210736212
======================= nom_ff_n40C_1v95 Corner ===================================

Clock clk
0.150118 source latency _46_/CLK ^
-0.150383 target latency _49_/CLK ^
0.000000 CRPR
--------------
-0.000265 hold skew

%OL_END_REPORT
%OL_CREATE_REPORT skew.max.rpt

===========================================================================
Clock Skew (Setup)
============================================================================
%OL_METRIC_F clock__skew__worst_setup__corner:nom_ff_n40C_1v95 -0.0002647743210736212
======================= nom_ff_n40C_1v95 Corner ===================================

Clock clk
0.150118 source latency _46_/CLK ^
-0.150383 target latency _49_/CLK ^
0.000000 CRPR
--------------
-0.000265 setup skew

%OL_END_REPORT
%OL_CREATE_REPORT ws.min.rpt

===========================================================================
Worst Slack (Hold)
============================================================================
%OL_METRIC_F timing__hold__ws__corner:nom_ff_n40C_1v95 0.3296648047855943
nom_ff_n40C_1v95: 0.3296648047855943
%OL_END_REPORT
%OL_CREATE_REPORT ws.max.rpt

===========================================================================
Worst Slack (Setup)
============================================================================
%OL_METRIC_F timing__setup__ws__corner:nom_ff_n40C_1v95 7.516280255382389
nom_ff_n40C_1v95: 7.516280255382389
%OL_END_REPORT
%OL_CREATE_REPORT tns.min.rpt

===========================================================================
Total Negative Slack (Hold)
============================================================================
%OL_METRIC_F timing__hold__tns__corner:nom_ff_n40C_1v95 0.0
nom_ff_n40C_1v95: 0.0
%OL_END_REPORT
%OL_CREATE_REPORT tns.max.rpt

===========================================================================
Total Negative Slack (Setup)
============================================================================
%OL_METRIC_F timing__setup__tns__corner:nom_ff_n40C_1v95 0.0
nom_ff_n40C_1v95: 0.0
%OL_END_REPORT
%OL_CREATE_REPORT wns.min.rpt

===========================================================================
Worst Negative Slack (Hold)
============================================================================
%OL_METRIC_F timing__hold__wns__corner:nom_ff_n40C_1v95 0
nom_ff_n40C_1v95: 0
%OL_END_REPORT
%OL_CREATE_REPORT wns.max.rpt

===========================================================================
Worst Negative Slack (Setup)
============================================================================
%OL_METRIC_F timing__setup__wns__corner:nom_ff_n40C_1v95 0.0
nom_ff_n40C_1v95: 0.0
%OL_END_REPORT
%OL_CREATE_REPORT violator_list.rpt

===========================================================================
Violator List
============================================================================
%OL_METRIC_I timing__hold_vio__count__corner:nom_ff_n40C_1v95 0
%OL_METRIC_F timing__hold_r2r__ws__corner:nom_ff_n40C_1v95 0.329665
%OL_METRIC_I timing__hold_r2r_vio__count__corner:nom_ff_n40C_1v95 0
%OL_METRIC_I timing__setup_vio__count__corner:nom_ff_n40C_1v95 0
%OL_METRIC_F timing__setup_r2r__ws__corner:nom_ff_n40C_1v95 inf
%OL_METRIC_I timing__setup_r2r_vio__count__corner:nom_ff_n40C_1v95 0
%OL_END_REPORT
%OL_CREATE_REPORT unpropagated.rpt
%OL_END_REPORT
%OL_CREATE_REPORT clock.rpt
Clock: clk
Sources: clk 
Generated: no
Virtual: yes
Propagated: no
Period: 10.000000

===========================================================================
report_clock_properties
============================================================================
Clock                   Period          Waveform
----------------------------------------------------
clk                  10.000000    0.000000  5.000000

===========================================================================
report_clock_latency
============================================================================
Clock clk
rise -> rise
    min     max
0.000000 0.000000 source latency
0.150118         network latency _46_/CLK
        0.150383 network latency _49_/CLK
---------------
0.150118 0.150383 latency
        0.000265 skew

fall -> fall
    min     max
0.000000 0.000000 source latency
0.172633         network latency _46_/CLK
        0.172910 network latency _49_/CLK
---------------
0.172633 0.172910 latency
        0.000277 skew



===========================================================================
report_clock_min_period
============================================================================
clk period_min = 0.73 fmax = 1375.42
%OL_END_REPORT
Writing SDF files for all corners…
Removing Clock latencies before writing libs…
Writing timing models for all corners…
Writing timing models for the nom_ff_n40C_1v95 corner to /home/amostafa/vlsi/runs/RUN_2024-12-04_11-23-35/54-openroad-stapostpnr/nom_ff_n40C_1v95/counter_dut__nom_ff_n40C_1v95.lib…
