
===========================================================================
report_checks -path_delay min (Hold)
============================================================================
======================= min_tt_025C_1v80 Corner ===================================

Startpoint: _46_ (rising edge-triggered flip-flop clocked by clk)
Endpoint: _46_ (rising edge-triggered flip-flop clocked by clk)
Path Group: clk
Path Type: min

Fanout         Cap        Slew       Delay        Time   Description
---------------------------------------------------------------------------------------------
                                  0.000000    0.000000   clock clk (rise edge)
                                  0.000000    0.000000   clock source latency
     1    0.009412    0.048788    0.032087    0.032087 ^ clk (in)
                                                         clk (net)
                      0.048788    0.000000    0.032087 ^ clkbuf_0_clk/A (sky130_fd_sc_hd__clkbuf_16)
     2    0.017626    0.039824    0.124551    0.156639 ^ clkbuf_0_clk/X (sky130_fd_sc_hd__clkbuf_16)
                                                         clknet_0_clk (net)
                      0.039824    0.000114    0.156753 ^ clkbuf_1_1__f_clk/A (sky130_fd_sc_hd__clkbuf_16)
     2    0.005378    0.029110    0.109100    0.265853 ^ clkbuf_1_1__f_clk/X (sky130_fd_sc_hd__clkbuf_16)
                                                         clknet_1_1__leaf_clk (net)
                      0.029110    0.000055    0.265909 ^ _46_/CLK (sky130_fd_sc_hd__dfxtp_2)
     7    0.024872    0.131879    0.378045    0.643954 ^ _46_/Q (sky130_fd_sc_hd__dfxtp_2)
                                                         net4 (net)
                      0.131879    0.000392    0.644346 ^ _28_/A1 (sky130_fd_sc_hd__o21ai_1)
     1    0.002032    0.028277    0.080192    0.724538 v _28_/Y (sky130_fd_sc_hd__o21ai_1)
                                                         _00_ (net)
                      0.028277    0.000019    0.724557 v _46_/D (sky130_fd_sc_hd__dfxtp_2)
                                              0.724557   data arrival time

                                  0.000000    0.000000   clock clk (rise edge)
                                  0.000000    0.000000   clock source latency
     1    0.009412    0.048788    0.032087    0.032087 ^ clk (in)
                                                         clk (net)
                      0.048788    0.000000    0.032087 ^ clkbuf_0_clk/A (sky130_fd_sc_hd__clkbuf_16)
     2    0.017626    0.039824    0.124551    0.156639 ^ clkbuf_0_clk/X (sky130_fd_sc_hd__clkbuf_16)
                                                         clknet_0_clk (net)
                      0.039824    0.000114    0.156753 ^ clkbuf_1_1__f_clk/A (sky130_fd_sc_hd__clkbuf_16)
     2    0.005378    0.029110    0.109100    0.265853 ^ clkbuf_1_1__f_clk/X (sky130_fd_sc_hd__clkbuf_16)
                                                         clknet_1_1__leaf_clk (net)
                      0.029110    0.000055    0.265909 ^ _46_/CLK (sky130_fd_sc_hd__dfxtp_2)
                                  0.250000    0.515909   clock uncertainty
                                  0.000000    0.515909   clock reconvergence pessimism
                                 -0.042735    0.473174   library hold time
                                              0.473174   data required time
---------------------------------------------------------------------------------------------
                                              0.473174   data required time
                                             -0.724557   data arrival time
---------------------------------------------------------------------------------------------
                                              0.251384   slack (MET)


Startpoint: _49_ (rising edge-triggered flip-flop clocked by clk)
Endpoint: _49_ (rising edge-triggered flip-flop clocked by clk)
Path Group: clk
Path Type: min

Fanout         Cap        Slew       Delay        Time   Description
---------------------------------------------------------------------------------------------
                                  0.000000    0.000000   clock clk (rise edge)
                                  0.000000    0.000000   clock source latency
     1    0.009412    0.048788    0.032087    0.032087 ^ clk (in)
                                                         clk (net)
                      0.048788    0.000000    0.032087 ^ clkbuf_0_clk/A (sky130_fd_sc_hd__clkbuf_16)
     2    0.017626    0.039824    0.124551    0.156639 ^ clkbuf_0_clk/X (sky130_fd_sc_hd__clkbuf_16)
                                                         clknet_0_clk (net)
                      0.039824    0.000127    0.156765 ^ clkbuf_1_0__f_clk/A (sky130_fd_sc_hd__clkbuf_16)
     2    0.004954    0.028723    0.108596    0.265361 ^ clkbuf_1_0__f_clk/X (sky130_fd_sc_hd__clkbuf_16)
                                                         clknet_1_0__leaf_clk (net)
                      0.028723    0.000041    0.265402 ^ _49_/CLK (sky130_fd_sc_hd__dfxtp_1)
     3    0.008567    0.050302    0.309009    0.574410 v _49_/Q (sky130_fd_sc_hd__dfxtp_1)
                                                         net7 (net)
                      0.050302    0.000074    0.574484 v _44_/B (sky130_fd_sc_hd__nand4_1)
     1    0.003437    0.059668    0.085111    0.659595 ^ _44_/Y (sky130_fd_sc_hd__nand4_1)
                                                         _22_ (net)
                      0.059668    0.000038    0.659633 ^ _45_/A3 (sky130_fd_sc_hd__a31o_1)
     1    0.002338    0.040959    0.133839    0.793472 ^ _45_/X (sky130_fd_sc_hd__a31o_1)
                                                         _03_ (net)
                      0.040959    0.000017    0.793489 ^ _49_/D (sky130_fd_sc_hd__dfxtp_1)
                                              0.793489   data arrival time

                                  0.000000    0.000000   clock clk (rise edge)
                                  0.000000    0.000000   clock source latency
     1    0.009412    0.048788    0.032087    0.032087 ^ clk (in)
                                                         clk (net)
                      0.048788    0.000000    0.032087 ^ clkbuf_0_clk/A (sky130_fd_sc_hd__clkbuf_16)
     2    0.017626    0.039824    0.124551    0.156639 ^ clkbuf_0_clk/X (sky130_fd_sc_hd__clkbuf_16)
                                                         clknet_0_clk (net)
                      0.039824    0.000127    0.156765 ^ clkbuf_1_0__f_clk/A (sky130_fd_sc_hd__clkbuf_16)
     2    0.004954    0.028723    0.108596    0.265361 ^ clkbuf_1_0__f_clk/X (sky130_fd_sc_hd__clkbuf_16)
                                                         clknet_1_0__leaf_clk (net)
                      0.028723    0.000041    0.265402 ^ _49_/CLK (sky130_fd_sc_hd__dfxtp_1)
                                  0.250000    0.515402   clock uncertainty
                                  0.000000    0.515402   clock reconvergence pessimism
                                 -0.032568    0.482834   library hold time
                                              0.482834   data required time
---------------------------------------------------------------------------------------------
                                              0.482834   data required time
                                             -0.793489   data arrival time
---------------------------------------------------------------------------------------------
                                              0.310655   slack (MET)


Startpoint: _48_ (rising edge-triggered flip-flop clocked by clk)
Endpoint: _48_ (rising edge-triggered flip-flop clocked by clk)
Path Group: clk
Path Type: min

Fanout         Cap        Slew       Delay        Time   Description
---------------------------------------------------------------------------------------------
                                  0.000000    0.000000   clock clk (rise edge)
                                  0.000000    0.000000   clock source latency
     1    0.009412    0.048788    0.032087    0.032087 ^ clk (in)
                                                         clk (net)
                      0.048788    0.000000    0.032087 ^ clkbuf_0_clk/A (sky130_fd_sc_hd__clkbuf_16)
     2    0.017626    0.039824    0.124551    0.156639 ^ clkbuf_0_clk/X (sky130_fd_sc_hd__clkbuf_16)
                                                         clknet_0_clk (net)
                      0.039824    0.000114    0.156753 ^ clkbuf_1_1__f_clk/A (sky130_fd_sc_hd__clkbuf_16)
     2    0.005378    0.029110    0.109100    0.265853 ^ clkbuf_1_1__f_clk/X (sky130_fd_sc_hd__clkbuf_16)
                                                         clknet_1_1__leaf_clk (net)
                      0.029110    0.000070    0.265923 ^ _48_/CLK (sky130_fd_sc_hd__dfxtp_1)
     5    0.015840    0.081025    0.334579    0.600502 v _48_/Q (sky130_fd_sc_hd__dfxtp_1)
                                                         net6 (net)
                      0.081025    0.000263    0.600765 v _39_/A1 (sky130_fd_sc_hd__a21oi_1)
     1    0.002150    0.077660    0.122323    0.723088 ^ _39_/Y (sky130_fd_sc_hd__a21oi_1)
                                                         _18_ (net)
                      0.077660    0.000008    0.723097 ^ _40_/B1 (sky130_fd_sc_hd__o21ai_1)
     1    0.002254    0.026661    0.062652    0.785749 v _40_/Y (sky130_fd_sc_hd__o21ai_1)
                                                         _02_ (net)
                      0.026661    0.000016    0.785764 v _48_/D (sky130_fd_sc_hd__dfxtp_1)
                                              0.785764   data arrival time

                                  0.000000    0.000000   clock clk (rise edge)
                                  0.000000    0.000000   clock source latency
     1    0.009412    0.048788    0.032087    0.032087 ^ clk (in)
                                                         clk (net)
                      0.048788    0.000000    0.032087 ^ clkbuf_0_clk/A (sky130_fd_sc_hd__clkbuf_16)
     2    0.017626    0.039824    0.124551    0.156639 ^ clkbuf_0_clk/X (sky130_fd_sc_hd__clkbuf_16)
                                                         clknet_0_clk (net)
                      0.039824    0.000114    0.156753 ^ clkbuf_1_1__f_clk/A (sky130_fd_sc_hd__clkbuf_16)
     2    0.005378    0.029110    0.109100    0.265853 ^ clkbuf_1_1__f_clk/X (sky130_fd_sc_hd__clkbuf_16)
                                                         clknet_1_1__leaf_clk (net)
                      0.029110    0.000070    0.265923 ^ _48_/CLK (sky130_fd_sc_hd__dfxtp_1)
                                  0.250000    0.515923   clock uncertainty
                                  0.000000    0.515923   clock reconvergence pessimism
                                 -0.049472    0.466451   library hold time
                                              0.466451   data required time
---------------------------------------------------------------------------------------------
                                              0.466451   data required time
                                             -0.785764   data arrival time
---------------------------------------------------------------------------------------------
                                              0.319313   slack (MET)


Startpoint: _47_ (rising edge-triggered flip-flop clocked by clk)
Endpoint: _47_ (rising edge-triggered flip-flop clocked by clk)
Path Group: clk
Path Type: min

Fanout         Cap        Slew       Delay        Time   Description
---------------------------------------------------------------------------------------------
                                  0.000000    0.000000   clock clk (rise edge)
                                  0.000000    0.000000   clock source latency
     1    0.009412    0.048788    0.032087    0.032087 ^ clk (in)
                                                         clk (net)
                      0.048788    0.000000    0.032087 ^ clkbuf_0_clk/A (sky130_fd_sc_hd__clkbuf_16)
     2    0.017626    0.039824    0.124551    0.156639 ^ clkbuf_0_clk/X (sky130_fd_sc_hd__clkbuf_16)
                                                         clknet_0_clk (net)
                      0.039824    0.000127    0.156765 ^ clkbuf_1_0__f_clk/A (sky130_fd_sc_hd__clkbuf_16)
     2    0.004954    0.028723    0.108596    0.265361 ^ clkbuf_1_0__f_clk/X (sky130_fd_sc_hd__clkbuf_16)
                                                         clknet_1_0__leaf_clk (net)
                      0.028723    0.000032    0.265392 ^ _47_/CLK (sky130_fd_sc_hd__dfxtp_1)
     6    0.020583    0.197965    0.409134    0.674526 ^ _47_/Q (sky130_fd_sc_hd__dfxtp_1)
                                                         net5 (net)
                      0.197965    0.000158    0.674685 ^ _33_/A1 (sky130_fd_sc_hd__a21o_1)
     1    0.003021    0.040335    0.139685    0.814370 ^ _33_/X (sky130_fd_sc_hd__a21o_1)
                                                         _13_ (net)
                      0.040335    0.000029    0.814400 ^ _34_/B1 (sky130_fd_sc_hd__a31o_1)
     1    0.002394    0.036886    0.082016    0.896415 ^ _34_/X (sky130_fd_sc_hd__a31o_1)
                                                         _01_ (net)
                      0.036886    0.000027    0.896442 ^ _47_/D (sky130_fd_sc_hd__dfxtp_1)
                                              0.896442   data arrival time

                                  0.000000    0.000000   clock clk (rise edge)
                                  0.000000    0.000000   clock source latency
     1    0.009412    0.048788    0.032087    0.032087 ^ clk (in)
                                                         clk (net)
                      0.048788    0.000000    0.032087 ^ clkbuf_0_clk/A (sky130_fd_sc_hd__clkbuf_16)
     2    0.017626    0.039824    0.124551    0.156639 ^ clkbuf_0_clk/X (sky130_fd_sc_hd__clkbuf_16)
                                                         clknet_0_clk (net)
                      0.039824    0.000127    0.156765 ^ clkbuf_1_0__f_clk/A (sky130_fd_sc_hd__clkbuf_16)
     2    0.004954    0.028723    0.108596    0.265361 ^ clkbuf_1_0__f_clk/X (sky130_fd_sc_hd__clkbuf_16)
                                                         clknet_1_0__leaf_clk (net)
                      0.028723    0.000032    0.265392 ^ _47_/CLK (sky130_fd_sc_hd__dfxtp_1)
                                  0.250000    0.515392   clock uncertainty
                                  0.000000    0.515392   clock reconvergence pessimism
                                 -0.031713    0.483679   library hold time
                                              0.483679   data required time
---------------------------------------------------------------------------------------------
                                              0.483679   data required time
                                             -0.896442   data arrival time
---------------------------------------------------------------------------------------------
                                              0.412763   slack (MET)


Startpoint: _49_ (rising edge-triggered flip-flop clocked by clk)
Endpoint: counter[3] (output port clocked by clk)
Path Group: clk
Path Type: min

Fanout         Cap        Slew       Delay        Time   Description
---------------------------------------------------------------------------------------------
                                  0.000000    0.000000   clock clk (rise edge)
                                  0.000000    0.000000   clock source latency
     1    0.009412    0.048788    0.032087    0.032087 ^ clk (in)
                                                         clk (net)
                      0.048788    0.000000    0.032087 ^ clkbuf_0_clk/A (sky130_fd_sc_hd__clkbuf_16)
     2    0.017626    0.039824    0.124551    0.156639 ^ clkbuf_0_clk/X (sky130_fd_sc_hd__clkbuf_16)
                                                         clknet_0_clk (net)
                      0.039824    0.000127    0.156765 ^ clkbuf_1_0__f_clk/A (sky130_fd_sc_hd__clkbuf_16)
     2    0.004954    0.028723    0.108596    0.265361 ^ clkbuf_1_0__f_clk/X (sky130_fd_sc_hd__clkbuf_16)
                                                         clknet_1_0__leaf_clk (net)
                      0.028723    0.000041    0.265402 ^ _49_/CLK (sky130_fd_sc_hd__dfxtp_1)
     3    0.008567    0.050302    0.309009    0.574410 v _49_/Q (sky130_fd_sc_hd__dfxtp_1)
                                                         net7 (net)
                      0.050302    0.000052    0.574462 v output7/A (sky130_fd_sc_hd__buf_2)
     1    0.033777    0.088195    0.181867    0.756329 v output7/X (sky130_fd_sc_hd__buf_2)
                                                         counter[3] (net)
                      0.088195    0.000159    0.756488 v counter[3] (out)
                                              0.756488   data arrival time

                                  0.000000    0.000000   clock clk (rise edge)
                                  0.000000    0.000000   clock network delay (propagated)
                                  0.250000    0.250000   clock uncertainty
                                  0.000000    0.250000   clock reconvergence pessimism
                                 -2.000000   -1.750000   output external delay
                                             -1.750000   data required time
---------------------------------------------------------------------------------------------
                                             -1.750000   data required time
                                             -0.756488   data arrival time
---------------------------------------------------------------------------------------------
                                              2.506488   slack (MET)


Startpoint: _48_ (rising edge-triggered flip-flop clocked by clk)
Endpoint: counter[2] (output port clocked by clk)
Path Group: clk
Path Type: min

Fanout         Cap        Slew       Delay        Time   Description
---------------------------------------------------------------------------------------------
                                  0.000000    0.000000   clock clk (rise edge)
                                  0.000000    0.000000   clock source latency
     1    0.009412    0.048788    0.032087    0.032087 ^ clk (in)
                                                         clk (net)
                      0.048788    0.000000    0.032087 ^ clkbuf_0_clk/A (sky130_fd_sc_hd__clkbuf_16)
     2    0.017626    0.039824    0.124551    0.156639 ^ clkbuf_0_clk/X (sky130_fd_sc_hd__clkbuf_16)
                                                         clknet_0_clk (net)
                      0.039824    0.000114    0.156753 ^ clkbuf_1_1__f_clk/A (sky130_fd_sc_hd__clkbuf_16)
     2    0.005378    0.029110    0.109100    0.265853 ^ clkbuf_1_1__f_clk/X (sky130_fd_sc_hd__clkbuf_16)
                                                         clknet_1_1__leaf_clk (net)
                      0.029110    0.000070    0.265923 ^ _48_/CLK (sky130_fd_sc_hd__dfxtp_1)
     5    0.015840    0.081025    0.334579    0.600502 v _48_/Q (sky130_fd_sc_hd__dfxtp_1)
                                                         net6 (net)
                      0.081025    0.000144    0.600646 v output6/A (sky130_fd_sc_hd__buf_2)
     1    0.034036    0.088766    0.196246    0.796892 v output6/X (sky130_fd_sc_hd__buf_2)
                                                         counter[2] (net)
                      0.088766    0.000176    0.797068 v counter[2] (out)
                                              0.797068   data arrival time

                                  0.000000    0.000000   clock clk (rise edge)
                                  0.000000    0.000000   clock network delay (propagated)
                                  0.250000    0.250000   clock uncertainty
                                  0.000000    0.250000   clock reconvergence pessimism
                                 -2.000000   -1.750000   output external delay
                                             -1.750000   data required time
---------------------------------------------------------------------------------------------
                                             -1.750000   data required time
                                             -0.797068   data arrival time
---------------------------------------------------------------------------------------------
                                              2.547068   slack (MET)


Startpoint: _46_ (rising edge-triggered flip-flop clocked by clk)
Endpoint: counter[0] (output port clocked by clk)
Path Group: clk
Path Type: min

Fanout         Cap        Slew       Delay        Time   Description
---------------------------------------------------------------------------------------------
                                  0.000000    0.000000   clock clk (rise edge)
                                  0.000000    0.000000   clock source latency
     1    0.009412    0.048788    0.032087    0.032087 ^ clk (in)
                                                         clk (net)
                      0.048788    0.000000    0.032087 ^ clkbuf_0_clk/A (sky130_fd_sc_hd__clkbuf_16)
     2    0.017626    0.039824    0.124551    0.156639 ^ clkbuf_0_clk/X (sky130_fd_sc_hd__clkbuf_16)
                                                         clknet_0_clk (net)
                      0.039824    0.000114    0.156753 ^ clkbuf_1_1__f_clk/A (sky130_fd_sc_hd__clkbuf_16)
     2    0.005378    0.029110    0.109100    0.265853 ^ clkbuf_1_1__f_clk/X (sky130_fd_sc_hd__clkbuf_16)
                                                         clknet_1_1__leaf_clk (net)
                      0.029110    0.000055    0.265909 ^ _46_/CLK (sky130_fd_sc_hd__dfxtp_2)
     7    0.023478    0.066126    0.342716    0.608625 v _46_/Q (sky130_fd_sc_hd__dfxtp_2)
                                                         net4 (net)
                      0.066127    0.000373    0.608998 v output4/A (sky130_fd_sc_hd__buf_2)
     1    0.033770    0.088174    0.188985    0.797983 v output4/X (sky130_fd_sc_hd__buf_2)
                                                         counter[0] (net)
                      0.088174    0.000159    0.798142 v counter[0] (out)
                                              0.798142   data arrival time

                                  0.000000    0.000000   clock clk (rise edge)
                                  0.000000    0.000000   clock network delay (propagated)
                                  0.250000    0.250000   clock uncertainty
                                  0.000000    0.250000   clock reconvergence pessimism
                                 -2.000000   -1.750000   output external delay
                                             -1.750000   data required time
---------------------------------------------------------------------------------------------
                                             -1.750000   data required time
                                             -0.798142   data arrival time
---------------------------------------------------------------------------------------------
                                              2.548142   slack (MET)


Startpoint: _47_ (rising edge-triggered flip-flop clocked by clk)
Endpoint: counter[1] (output port clocked by clk)
Path Group: clk
Path Type: min

Fanout         Cap        Slew       Delay        Time   Description
---------------------------------------------------------------------------------------------
                                  0.000000    0.000000   clock clk (rise edge)
                                  0.000000    0.000000   clock source latency
     1    0.009412    0.048788    0.032087    0.032087 ^ clk (in)
                                                         clk (net)
                      0.048788    0.000000    0.032087 ^ clkbuf_0_clk/A (sky130_fd_sc_hd__clkbuf_16)
     2    0.017626    0.039824    0.124551    0.156639 ^ clkbuf_0_clk/X (sky130_fd_sc_hd__clkbuf_16)
                                                         clknet_0_clk (net)
                      0.039824    0.000127    0.156765 ^ clkbuf_1_0__f_clk/A (sky130_fd_sc_hd__clkbuf_16)
     2    0.004954    0.028723    0.108596    0.265361 ^ clkbuf_1_0__f_clk/X (sky130_fd_sc_hd__clkbuf_16)
                                                         clknet_1_0__leaf_clk (net)
                      0.028723    0.000032    0.265392 ^ _47_/CLK (sky130_fd_sc_hd__dfxtp_1)
     6    0.019185    0.095454    0.346169    0.611562 v _47_/Q (sky130_fd_sc_hd__dfxtp_1)
                                                         net5 (net)
                      0.095454    0.000149    0.611710 v output5/A (sky130_fd_sc_hd__buf_2)
     1    0.033942    0.088595    0.202604    0.814315 v output5/X (sky130_fd_sc_hd__buf_2)
                                                         counter[1] (net)
                      0.088595    0.000211    0.814526 v counter[1] (out)
                                              0.814526   data arrival time

                                  0.000000    0.000000   clock clk (rise edge)
                                  0.000000    0.000000   clock network delay (propagated)
                                  0.250000    0.250000   clock uncertainty
                                  0.000000    0.250000   clock reconvergence pessimism
                                 -2.000000   -1.750000   output external delay
                                             -1.750000   data required time
---------------------------------------------------------------------------------------------
                                             -1.750000   data required time
                                             -0.814526   data arrival time
---------------------------------------------------------------------------------------------
                                              2.564526   slack (MET)



