Clock: clk
Sources: clk 
Generated: no
Virtual: yes
Propagated: no
Period: 10.000000

===========================================================================
report_clock_properties
============================================================================
Clock                   Period          Waveform
----------------------------------------------------
clk                  10.000000    0.000000  5.000000

===========================================================================
report_clock_latency
============================================================================
Clock clk
rise -> rise
    min     max
0.000000 0.000000 source latency
0.216348         network latency _47_/CLK
        0.217050 network latency _48_/CLK
---------------
0.216348 0.217050 latency
        0.000702 skew

fall -> fall
    min     max
0.000000 0.000000 source latency
0.252648         network latency _47_/CLK
        0.253289 network latency _48_/CLK
---------------
0.252648 0.253289 latency
        0.000640 skew



===========================================================================
report_clock_min_period
============================================================================
clk period_min = 1.16 fmax = 863.98
