Reading library file at '/home/amostafa/.volare/volare/sky130/versions/0fe599b2afb6708d281543108caf8310912f54af/sky130A/libs.ref/sky130_fd_sc_hd/lib/sky130_fd_sc_hd__tt_025C_1v80.lib'…
Reading technology LEF file at '/home/amostafa/.volare/volare/sky130/versions/0fe599b2afb6708d281543108caf8310912f54af/sky130A/libs.ref/sky130_fd_sc_hd/techlef/sky130_fd_sc_hd__nom.tlef'…
[INFO ODB-0227] LEF file: /home/amostafa/.volare/volare/sky130/versions/0fe599b2afb6708d281543108caf8310912f54af/sky130A/libs.ref/sky130_fd_sc_hd/techlef/sky130_fd_sc_hd__nom.tlef, created 14 layers, 25 vias
Reading cell LEF file at '/home/amostafa/.volare/volare/sky130/versions/0fe599b2afb6708d281543108caf8310912f54af/sky130A/libs.ref/sky130_fd_sc_hd/lef/sky130_fd_sc_hd.lef'…
[WARNING ODB-0220] WARNING (LEFPARS-2008): NOWIREEXTENSIONATPIN statement is obsolete in version 5.6 or later.
The NOWIREEXTENSIONATPIN statement will be ignored. See file /home/amostafa/.volare/volare/sky130/versions/0fe599b2afb6708d281543108caf8310912f54af/sky130A/libs.ref/sky130_fd_sc_hd/lef/sky130_fd_sc_hd.lef at line 2.

[INFO ODB-0227] LEF file: /home/amostafa/.volare/volare/sky130/versions/0fe599b2afb6708d281543108caf8310912f54af/sky130A/libs.ref/sky130_fd_sc_hd/lef/sky130_fd_sc_hd.lef, created 437 library cells
Reading cell LEF file at '/home/amostafa/.volare/volare/sky130/versions/0fe599b2afb6708d281543108caf8310912f54af/sky130A/libs.ref/sky130_fd_sc_hd/lef/sky130_ef_sc_hd.lef'…
[WARNING ODB-0220] WARNING (LEFPARS-2008): NOWIREEXTENSIONATPIN statement is obsolete in version 5.6 or later.
The NOWIREEXTENSIONATPIN statement will be ignored. See file /home/amostafa/.volare/volare/sky130/versions/0fe599b2afb6708d281543108caf8310912f54af/sky130A/libs.ref/sky130_fd_sc_hd/lef/sky130_ef_sc_hd.lef at line 2.

[INFO ODB-0227] LEF file: /home/amostafa/.volare/volare/sky130/versions/0fe599b2afb6708d281543108caf8310912f54af/sky130A/libs.ref/sky130_fd_sc_hd/lef/sky130_ef_sc_hd.lef, created 4 library cells
Reading top-level netlist at '/home/amostafa/CMP/VLSI/runs/RUN_2024-11-27_13-36-28/01-yosys-synthesis/generic_piplined_multiplier.nl.v'…
Linking design 'generic_piplined_multiplier' from netlist…
Reading design constraints file at '/nix/store/giv9dbfir1g36hiqrccwznrmafdg2jhb-python3-3.11.9-env/lib/python3.11/site-packages/openlane/scripts/base.sdc'…
[INFO] Using clock clk…
[INFO] Setting output delay to: 2.0
[INFO] Setting input delay to: 2.0
[INFO] Setting load to: 0.033442
[INFO] Setting clock uncertainty to: 0.25
[INFO] Setting clock transition to: 0.1499999999999999944488848768742172978818416595458984375
[INFO] Setting timing derate to: 5%
Using site height: 2.72 and site width: 0.46…
[INFO] Using relative sizing for the floorplan.
[INFO IFP-0001] Added 36 rows of 214 site unithd.
[INFO IFP-0030] Inserted 0 tiecells using sky130_fd_sc_hd__conb_1/LO.
[INFO IFP-0030] Inserted 0 tiecells using sky130_fd_sc_hd__conb_1/HI.
[INFO] Extracting DIE_AREA and CORE_AREA from the floorplan
[INFO] Floorplanned on a die area of 0.0 0.0 109.7 120.42 (µm).
[INFO] Floorplanned on a core area of 5.52 10.88 103.96 108.8 (µm).
Writing metric design__die__bbox: 0.0 0.0 109.7 120.42
Writing metric design__core__bbox: 5.52 10.88 103.96 108.8
Setting global connections for newly added cells…
[INFO] Setting global connections...
Updating metrics…
Cell type report:                       Count       Area
  Inverter                                 69     259.00
  Sequential cell                          64    1681.61
  Multi-Input combinational cell          300    2926.56
  Total                                   433    4867.17
Writing OpenROAD database to '/home/amostafa/CMP/VLSI/runs/RUN_2024-11-27_13-36-28/02-openroad-floorplan/generic_piplined_multiplier.odb'…
Writing netlist to '/home/amostafa/CMP/VLSI/runs/RUN_2024-11-27_13-36-28/02-openroad-floorplan/generic_piplined_multiplier.nl.v'…
Writing powered netlist to '/home/amostafa/CMP/VLSI/runs/RUN_2024-11-27_13-36-28/02-openroad-floorplan/generic_piplined_multiplier.pnl.v'…
Writing layout to '/home/amostafa/CMP/VLSI/runs/RUN_2024-11-27_13-36-28/02-openroad-floorplan/generic_piplined_multiplier.def'…
Writing timing constraints to '/home/amostafa/CMP/VLSI/runs/RUN_2024-11-27_13-36-28/02-openroad-floorplan/generic_piplined_multiplier.sdc'…
