Clock: clk
Sources: clk 
Generated: no
Virtual: yes
Propagated: no
Period: 10.000000

===========================================================================
report_clock_properties
============================================================================
Clock                   Period          Waveform
----------------------------------------------------
clk                  10.000000    0.000000  5.000000

===========================================================================
report_clock_latency
============================================================================
Clock clk
rise -> rise
    min     max
0.000000 0.000000 source latency
0.276084         network latency _47_/CLK
        0.276958 network latency _46_/CLK
---------------
0.276084 0.276958 latency
        0.000873 skew

fall -> fall
    min     max
0.000000 0.000000 source latency
0.281831         network latency _47_/CLK
        0.282632 network latency _46_/CLK
---------------
0.281831 0.282632 latency
        0.000800 skew



===========================================================================
report_clock_min_period
============================================================================
clk period_min = 2.10 fmax = 475.12
