Reading OpenROAD database at '/home/amostafa/CMP/VLSI/runs/RUN_2024-11-27_13-30-12/03-openroad-globalplacementskipio/simple_mult.odb'…
Reading library file at '/home/amostafa/.volare/volare/sky130/versions/0fe599b2afb6708d281543108caf8310912f54af/sky130A/libs.ref/sky130_fd_sc_hd/lib/sky130_fd_sc_hd__tt_025C_1v80.lib'…
Reading design constraints file at '/nix/store/giv9dbfir1g36hiqrccwznrmafdg2jhb-python3-3.11.9-env/lib/python3.11/site-packages/openlane/scripts/base.sdc'…
[WARNING STA-0366] port 'clk' not found.
[INFO] Using clock clk…
[INFO] Setting output delay to: 2.0
[INFO] Setting input delay to: 2.0
[WARNING STA-0366] port 'clk' not found.
[INFO] Setting load to: 0.033442
[INFO] Setting clock uncertainty to: 0.25
[INFO] Setting clock transition to: 0.1499999999999999944488848768742172978818416595458984375
[WARNING STA-0419] transition time can not be specified for virtual clocks.
[INFO] Setting timing derate to: 5%
[WARNING STA-0450] virtual clock clk can not be propagated.
[INFO] place_pins args: -min_distance 3
Found 0 macro blocks.
[INFO PPL-0010] Tentative 0 to set up sections.
[INFO PPL-0001] Number of slots           60
[INFO PPL-0002] Number of I/O             16
[INFO PPL-0003] Number of I/O w/sink      16
[INFO PPL-0004] Number of I/O w/o sink    0
[INFO PPL-0005] Slots per section         200
[INFO PPL-0006] Slots increase factor     0.01
[INFO PPL-0008] Successfully assigned pins to sections.
[INFO PPL-0012] I/O nets HPWL: 350.28 um.
Setting global connections for newly added cells…
[INFO] Setting global connections...
Updating metrics…
Cell type report:                       Count       Area
  Multi-Input combinational cell           55     526.76
  Total                                    55     526.76
Writing OpenROAD database to '/home/amostafa/CMP/VLSI/runs/RUN_2024-11-27_13-30-12/04-openroad-ioplacement/simple_mult.odb'…
Writing netlist to '/home/amostafa/CMP/VLSI/runs/RUN_2024-11-27_13-30-12/04-openroad-ioplacement/simple_mult.nl.v'…
Writing powered netlist to '/home/amostafa/CMP/VLSI/runs/RUN_2024-11-27_13-30-12/04-openroad-ioplacement/simple_mult.pnl.v'…
Writing layout to '/home/amostafa/CMP/VLSI/runs/RUN_2024-11-27_13-30-12/04-openroad-ioplacement/simple_mult.def'…
Writing timing constraints to '/home/amostafa/CMP/VLSI/runs/RUN_2024-11-27_13-30-12/04-openroad-ioplacement/simple_mult.sdc'…
