Clock: clk
Sources: 
Generated: no
Virtual: yes
Propagated: no
Period: 10.000000

===========================================================================
report_clock_properties
============================================================================
Clock                   Period          Waveform
----------------------------------------------------
clk                  10.000000    0.000000  5.000000

===========================================================================
report_clock_latency
============================================================================
Clock clk
rise -> rise
    min     max
0.000000 0.000000 source latency
2.082240         network latency _46_/CLK
        2.082240 network latency _46_/CLK
---------------
2.082240 2.082240 latency
        0.000000 skew

rise -> fall
    min     max
0.000000 0.000000 source latency
2.061774         network latency _46_/CLK
        2.061774 network latency _46_/CLK
---------------
2.061774 2.061774 latency
        0.000000 skew



===========================================================================
report_clock_min_period
============================================================================
clk period_min = 0.00 fmax = inf
