
===========================================================================
report_checks -path_delay min (Hold)
============================================================================
======================= nom_tt_025C_1v80 Corner ===================================

Startpoint: _46_ (rising edge-triggered flip-flop clocked by clk)
Endpoint: _46_ (rising edge-triggered flip-flop clocked by clk)
Path Group: clk
Path Type: min

Fanout         Cap        Slew       Delay        Time   Description
---------------------------------------------------------------------------------------------
                                  0.000000    0.000000   clock clk (rise edge)
                                  0.000000    0.000000   clock source latency
     1    0.009301    0.000000    0.000000    0.000000 ^ clk (in)
                                                         clk (net)
                      0.000250    0.000125    0.000125 ^ clkbuf_0_clk/A (sky130_fd_sc_hd__clkbuf_16)
     2    0.017726    0.039910    0.107509    0.107633 ^ clkbuf_0_clk/X (sky130_fd_sc_hd__clkbuf_16)
                                                         clknet_0_clk (net)
                      0.039911    0.000410    0.108044 ^ clkbuf_1_1__f_clk/A (sky130_fd_sc_hd__clkbuf_16)
     2    0.005651    0.029360    0.109445    0.217489 ^ clkbuf_1_1__f_clk/X (sky130_fd_sc_hd__clkbuf_16)
                                                         clknet_1_1__leaf_clk (net)
                      0.029361    0.000138    0.217627 ^ _46_/CLK (sky130_fd_sc_hd__dfxtp_1)
     7    0.023890    0.115102    0.362328    0.579955 v _46_/Q (sky130_fd_sc_hd__dfxtp_1)
                                                         net4 (net)
                      0.115103    0.000443    0.580398 v _28_/A1 (sky130_fd_sc_hd__o21ai_1)
     1    0.002395    0.068877    0.144677    0.725075 ^ _28_/Y (sky130_fd_sc_hd__o21ai_1)
                                                         _00_ (net)
                      0.068877    0.000072    0.725147 ^ _46_/D (sky130_fd_sc_hd__dfxtp_1)
                                              0.725147   data arrival time

                                  0.000000    0.000000   clock clk (rise edge)
                                  0.000000    0.000000   clock source latency
     1    0.009301    0.000000    0.000000    0.000000 ^ clk (in)
                                                         clk (net)
                      0.000250    0.000125    0.000125 ^ clkbuf_0_clk/A (sky130_fd_sc_hd__clkbuf_16)
     2    0.017726    0.039910    0.107509    0.107633 ^ clkbuf_0_clk/X (sky130_fd_sc_hd__clkbuf_16)
                                                         clknet_0_clk (net)
                      0.039911    0.000410    0.108044 ^ clkbuf_1_1__f_clk/A (sky130_fd_sc_hd__clkbuf_16)
     2    0.005651    0.029360    0.109445    0.217489 ^ clkbuf_1_1__f_clk/X (sky130_fd_sc_hd__clkbuf_16)
                                                         clknet_1_1__leaf_clk (net)
                      0.029361    0.000138    0.217627 ^ _46_/CLK (sky130_fd_sc_hd__dfxtp_1)
                                  0.000000    0.217627   clock reconvergence pessimism
                                 -0.038344    0.179283   library hold time
                                              0.179283   data required time
---------------------------------------------------------------------------------------------
                                              0.179283   data required time
                                             -0.725147   data arrival time
---------------------------------------------------------------------------------------------
                                              0.545864   slack (MET)


Startpoint: _49_ (rising edge-triggered flip-flop clocked by clk)
Endpoint: _49_ (rising edge-triggered flip-flop clocked by clk)
Path Group: clk
Path Type: min

Fanout         Cap        Slew       Delay        Time   Description
---------------------------------------------------------------------------------------------
                                  0.000000    0.000000   clock clk (rise edge)
                                  0.000000    0.000000   clock source latency
     1    0.009301    0.000000    0.000000    0.000000 ^ clk (in)
                                                         clk (net)
                      0.000250    0.000125    0.000125 ^ clkbuf_0_clk/A (sky130_fd_sc_hd__clkbuf_16)
     2    0.017726    0.039910    0.107509    0.107633 ^ clkbuf_0_clk/X (sky130_fd_sc_hd__clkbuf_16)
                                                         clknet_0_clk (net)
                      0.039911    0.000423    0.108057 ^ clkbuf_1_0__f_clk/A (sky130_fd_sc_hd__clkbuf_16)
     2    0.005084    0.028844    0.108772    0.216828 ^ clkbuf_1_0__f_clk/X (sky130_fd_sc_hd__clkbuf_16)
                                                         clknet_1_0__leaf_clk (net)
                      0.028844    0.000121    0.216949 ^ _49_/CLK (sky130_fd_sc_hd__dfxtp_1)
     3    0.009910    0.055589    0.313895    0.530844 v _49_/Q (sky130_fd_sc_hd__dfxtp_1)
                                                         net7 (net)
                      0.055590    0.000243    0.531087 v _44_/B (sky130_fd_sc_hd__nand4_1)
     1    0.003646    0.062110    0.088969    0.620056 ^ _44_/Y (sky130_fd_sc_hd__nand4_1)
                                                         _22_ (net)
                      0.062110    0.000117    0.620174 ^ _45_/A3 (sky130_fd_sc_hd__a31o_1)
     1    0.002334    0.040930    0.134380    0.754553 ^ _45_/X (sky130_fd_sc_hd__a31o_1)
                                                         _03_ (net)
                      0.040930    0.000050    0.754604 ^ _49_/D (sky130_fd_sc_hd__dfxtp_1)
                                              0.754604   data arrival time

                                  0.000000    0.000000   clock clk (rise edge)
                                  0.000000    0.000000   clock source latency
     1    0.009301    0.000000    0.000000    0.000000 ^ clk (in)
                                                         clk (net)
                      0.000250    0.000125    0.000125 ^ clkbuf_0_clk/A (sky130_fd_sc_hd__clkbuf_16)
     2    0.017726    0.039910    0.107509    0.107633 ^ clkbuf_0_clk/X (sky130_fd_sc_hd__clkbuf_16)
                                                         clknet_0_clk (net)
                      0.039911    0.000423    0.108057 ^ clkbuf_1_0__f_clk/A (sky130_fd_sc_hd__clkbuf_16)
     2    0.005084    0.028844    0.108772    0.216828 ^ clkbuf_1_0__f_clk/X (sky130_fd_sc_hd__clkbuf_16)
                                                         clknet_1_0__leaf_clk (net)
                      0.028844    0.000121    0.216949 ^ _49_/CLK (sky130_fd_sc_hd__dfxtp_1)
                                  0.000000    0.216949   clock reconvergence pessimism
                                 -0.032546    0.184403   library hold time
                                              0.184403   data required time
---------------------------------------------------------------------------------------------
                                              0.184403   data required time
                                             -0.754604   data arrival time
---------------------------------------------------------------------------------------------
                                              0.570201   slack (MET)


Startpoint: _48_ (rising edge-triggered flip-flop clocked by clk)
Endpoint: _48_ (rising edge-triggered flip-flop clocked by clk)
Path Group: clk
Path Type: min

Fanout         Cap        Slew       Delay        Time   Description
---------------------------------------------------------------------------------------------
                                  0.000000    0.000000   clock clk (rise edge)
                                  0.000000    0.000000   clock source latency
     1    0.009301    0.000000    0.000000    0.000000 ^ clk (in)
                                                         clk (net)
                      0.000250    0.000125    0.000125 ^ clkbuf_0_clk/A (sky130_fd_sc_hd__clkbuf_16)
     2    0.017726    0.039910    0.107509    0.107633 ^ clkbuf_0_clk/X (sky130_fd_sc_hd__clkbuf_16)
                                                         clknet_0_clk (net)
                      0.039911    0.000410    0.108044 ^ clkbuf_1_1__f_clk/A (sky130_fd_sc_hd__clkbuf_16)
     2    0.005651    0.029360    0.109445    0.217489 ^ clkbuf_1_1__f_clk/X (sky130_fd_sc_hd__clkbuf_16)
                                                         clknet_1_1__leaf_clk (net)
                      0.029361    0.000164    0.217653 ^ _48_/CLK (sky130_fd_sc_hd__dfxtp_1)
     5    0.016608    0.162249    0.383544    0.601197 ^ _48_/Q (sky130_fd_sc_hd__dfxtp_1)
                                                         net6 (net)
                      0.162249    0.000580    0.601777 ^ _39_/A1 (sky130_fd_sc_hd__a21oi_1)
     1    0.003097    0.058563    0.087453    0.689230 v _39_/Y (sky130_fd_sc_hd__a21oi_1)
                                                         _18_ (net)
                      0.058563    0.000098    0.689327 v _40_/B1 (sky130_fd_sc_hd__o21ai_1)
     1    0.002033    0.064203    0.066955    0.756282 ^ _40_/Y (sky130_fd_sc_hd__o21ai_1)
                                                         _02_ (net)
                      0.064203    0.000041    0.756323 ^ _48_/D (sky130_fd_sc_hd__dfxtp_1)
                                              0.756323   data arrival time

                                  0.000000    0.000000   clock clk (rise edge)
                                  0.000000    0.000000   clock source latency
     1    0.009301    0.000000    0.000000    0.000000 ^ clk (in)
                                                         clk (net)
                      0.000250    0.000125    0.000125 ^ clkbuf_0_clk/A (sky130_fd_sc_hd__clkbuf_16)
     2    0.017726    0.039910    0.107509    0.107633 ^ clkbuf_0_clk/X (sky130_fd_sc_hd__clkbuf_16)
                                                         clknet_0_clk (net)
                      0.039911    0.000410    0.108044 ^ clkbuf_1_1__f_clk/A (sky130_fd_sc_hd__clkbuf_16)
     2    0.005651    0.029360    0.109445    0.217489 ^ clkbuf_1_1__f_clk/X (sky130_fd_sc_hd__clkbuf_16)
                                                         clknet_1_1__leaf_clk (net)
                      0.029361    0.000164    0.217653 ^ _48_/CLK (sky130_fd_sc_hd__dfxtp_1)
                                  0.000000    0.217653   clock reconvergence pessimism
                                 -0.037363    0.180290   library hold time
                                              0.180290   data required time
---------------------------------------------------------------------------------------------
                                              0.180290   data required time
                                             -0.756323   data arrival time
---------------------------------------------------------------------------------------------
                                              0.576033   slack (MET)


Startpoint: _47_ (rising edge-triggered flip-flop clocked by clk)
Endpoint: _47_ (rising edge-triggered flip-flop clocked by clk)
Path Group: clk
Path Type: min

Fanout         Cap        Slew       Delay        Time   Description
---------------------------------------------------------------------------------------------
                                  0.000000    0.000000   clock clk (rise edge)
                                  0.000000    0.000000   clock source latency
     1    0.009301    0.000000    0.000000    0.000000 ^ clk (in)
                                                         clk (net)
                      0.000250    0.000125    0.000125 ^ clkbuf_0_clk/A (sky130_fd_sc_hd__clkbuf_16)
     2    0.017726    0.039910    0.107509    0.107633 ^ clkbuf_0_clk/X (sky130_fd_sc_hd__clkbuf_16)
                                                         clknet_0_clk (net)
                      0.039911    0.000423    0.108057 ^ clkbuf_1_0__f_clk/A (sky130_fd_sc_hd__clkbuf_16)
     2    0.005084    0.028844    0.108772    0.216828 ^ clkbuf_1_0__f_clk/X (sky130_fd_sc_hd__clkbuf_16)
                                                         clknet_1_0__leaf_clk (net)
                      0.028844    0.000106    0.216934 ^ _47_/CLK (sky130_fd_sc_hd__dfxtp_1)
     6    0.021586    0.207047    0.415494    0.632428 ^ _47_/Q (sky130_fd_sc_hd__dfxtp_1)
                                                         net5 (net)
                      0.207047    0.000340    0.632768 ^ _33_/A1 (sky130_fd_sc_hd__a21o_1)
     1    0.002998    0.040339    0.141317    0.774085 ^ _33_/X (sky130_fd_sc_hd__a21o_1)
                                                         _13_ (net)
                      0.040339    0.000089    0.774174 ^ _34_/B1 (sky130_fd_sc_hd__a31o_1)
     1    0.002377    0.036747    0.081870    0.856044 ^ _34_/X (sky130_fd_sc_hd__a31o_1)
                                                         _01_ (net)
                      0.036747    0.000069    0.856113 ^ _47_/D (sky130_fd_sc_hd__dfxtp_1)
                                              0.856113   data arrival time

                                  0.000000    0.000000   clock clk (rise edge)
                                  0.000000    0.000000   clock source latency
     1    0.009301    0.000000    0.000000    0.000000 ^ clk (in)
                                                         clk (net)
                      0.000250    0.000125    0.000125 ^ clkbuf_0_clk/A (sky130_fd_sc_hd__clkbuf_16)
     2    0.017726    0.039910    0.107509    0.107633 ^ clkbuf_0_clk/X (sky130_fd_sc_hd__clkbuf_16)
                                                         clknet_0_clk (net)
                      0.039911    0.000423    0.108057 ^ clkbuf_1_0__f_clk/A (sky130_fd_sc_hd__clkbuf_16)
     2    0.005084    0.028844    0.108772    0.216828 ^ clkbuf_1_0__f_clk/X (sky130_fd_sc_hd__clkbuf_16)
                                                         clknet_1_0__leaf_clk (net)
                      0.028844    0.000106    0.216934 ^ _47_/CLK (sky130_fd_sc_hd__dfxtp_1)
                                  0.000000    0.216934   clock reconvergence pessimism
                                 -0.031668    0.185266   library hold time
                                              0.185266   data required time
---------------------------------------------------------------------------------------------
                                              0.185266   data required time
                                             -0.856113   data arrival time
---------------------------------------------------------------------------------------------
                                              0.670848   slack (MET)


Startpoint: _49_ (rising edge-triggered flip-flop clocked by clk)
Endpoint: counter[3] (output port clocked by clk)
Path Group: clk
Path Type: min

Fanout         Cap        Slew       Delay        Time   Description
---------------------------------------------------------------------------------------------
                                  0.000000    0.000000   clock clk (rise edge)
                                  0.000000    0.000000   clock source latency
     1    0.009301    0.000000    0.000000    0.000000 ^ clk (in)
                                                         clk (net)
                      0.000250    0.000125    0.000125 ^ clkbuf_0_clk/A (sky130_fd_sc_hd__clkbuf_16)
     2    0.017726    0.039910    0.107509    0.107633 ^ clkbuf_0_clk/X (sky130_fd_sc_hd__clkbuf_16)
                                                         clknet_0_clk (net)
                      0.039911    0.000423    0.108057 ^ clkbuf_1_0__f_clk/A (sky130_fd_sc_hd__clkbuf_16)
     2    0.005084    0.028844    0.108772    0.216828 ^ clkbuf_1_0__f_clk/X (sky130_fd_sc_hd__clkbuf_16)
                                                         clknet_1_0__leaf_clk (net)
                      0.028844    0.000121    0.216949 ^ _49_/CLK (sky130_fd_sc_hd__dfxtp_1)
     3    0.009910    0.055589    0.313895    0.530844 v _49_/Q (sky130_fd_sc_hd__dfxtp_1)
                                                         net7 (net)
                      0.055589    0.000191    0.531035 v output7/A (sky130_fd_sc_hd__buf_1)
     1    0.000306    0.013786    0.077296    0.608331 v output7/X (sky130_fd_sc_hd__buf_1)
                                                         counter[3] (net)
                      0.013786    0.000003    0.608334 v counter[3] (out)
                                              0.608334   data arrival time

                                  0.000000    0.000000   clock clk (rise edge)
                                  0.000000    0.000000   clock network delay (propagated)
                                  0.000000    0.000000   clock reconvergence pessimism
                                 -1.000000   -1.000000   output external delay
                                             -1.000000   data required time
---------------------------------------------------------------------------------------------
                                             -1.000000   data required time
                                             -0.608334   data arrival time
---------------------------------------------------------------------------------------------
                                              1.608334   slack (MET)


Startpoint: _48_ (rising edge-triggered flip-flop clocked by clk)
Endpoint: counter[2] (output port clocked by clk)
Path Group: clk
Path Type: min

Fanout         Cap        Slew       Delay        Time   Description
---------------------------------------------------------------------------------------------
                                  0.000000    0.000000   clock clk (rise edge)
                                  0.000000    0.000000   clock source latency
     1    0.009301    0.000000    0.000000    0.000000 ^ clk (in)
                                                         clk (net)
                      0.000250    0.000125    0.000125 ^ clkbuf_0_clk/A (sky130_fd_sc_hd__clkbuf_16)
     2    0.017726    0.039910    0.107509    0.107633 ^ clkbuf_0_clk/X (sky130_fd_sc_hd__clkbuf_16)
                                                         clknet_0_clk (net)
                      0.039911    0.000410    0.108044 ^ clkbuf_1_1__f_clk/A (sky130_fd_sc_hd__clkbuf_16)
     2    0.005651    0.029360    0.109445    0.217489 ^ clkbuf_1_1__f_clk/X (sky130_fd_sc_hd__clkbuf_16)
                                                         clknet_1_1__leaf_clk (net)
                      0.029361    0.000164    0.217653 ^ _48_/CLK (sky130_fd_sc_hd__dfxtp_1)
     5    0.015505    0.079652    0.333330    0.550983 v _48_/Q (sky130_fd_sc_hd__dfxtp_1)
                                                         net6 (net)
                      0.079652    0.000353    0.551336 v output6/A (sky130_fd_sc_hd__buf_1)
     1    0.000524    0.015379    0.089240    0.640576 v output6/X (sky130_fd_sc_hd__buf_1)
                                                         counter[2] (net)
                      0.015379    0.000005    0.640581 v counter[2] (out)
                                              0.640581   data arrival time

                                  0.000000    0.000000   clock clk (rise edge)
                                  0.000000    0.000000   clock network delay (propagated)
                                  0.000000    0.000000   clock reconvergence pessimism
                                 -1.000000   -1.000000   output external delay
                                             -1.000000   data required time
---------------------------------------------------------------------------------------------
                                             -1.000000   data required time
                                             -0.640581   data arrival time
---------------------------------------------------------------------------------------------
                                              1.640581   slack (MET)


Startpoint: _47_ (rising edge-triggered flip-flop clocked by clk)
Endpoint: counter[1] (output port clocked by clk)
Path Group: clk
Path Type: min

Fanout         Cap        Slew       Delay        Time   Description
---------------------------------------------------------------------------------------------
                                  0.000000    0.000000   clock clk (rise edge)
                                  0.000000    0.000000   clock source latency
     1    0.009301    0.000000    0.000000    0.000000 ^ clk (in)
                                                         clk (net)
                      0.000250    0.000125    0.000125 ^ clkbuf_0_clk/A (sky130_fd_sc_hd__clkbuf_16)
     2    0.017726    0.039910    0.107509    0.107633 ^ clkbuf_0_clk/X (sky130_fd_sc_hd__clkbuf_16)
                                                         clknet_0_clk (net)
                      0.039911    0.000423    0.108057 ^ clkbuf_1_0__f_clk/A (sky130_fd_sc_hd__clkbuf_16)
     2    0.005084    0.028844    0.108772    0.216828 ^ clkbuf_1_0__f_clk/X (sky130_fd_sc_hd__clkbuf_16)
                                                         clknet_1_0__leaf_clk (net)
                      0.028844    0.000106    0.216934 ^ _47_/CLK (sky130_fd_sc_hd__dfxtp_1)
     6    0.020172    0.099805    0.349512    0.566446 v _47_/Q (sky130_fd_sc_hd__dfxtp_1)
                                                         net5 (net)
                      0.099805    0.000313    0.566759 v output5/A (sky130_fd_sc_hd__buf_1)
     1    0.000481    0.015498    0.097745    0.664504 v output5/X (sky130_fd_sc_hd__buf_1)
                                                         counter[1] (net)
                      0.015498    0.000006    0.664510 v counter[1] (out)
                                              0.664510   data arrival time

                                  0.000000    0.000000   clock clk (rise edge)
                                  0.000000    0.000000   clock network delay (propagated)
                                  0.000000    0.000000   clock reconvergence pessimism
                                 -1.000000   -1.000000   output external delay
                                             -1.000000   data required time
---------------------------------------------------------------------------------------------
                                             -1.000000   data required time
                                             -0.664510   data arrival time
---------------------------------------------------------------------------------------------
                                              1.664510   slack (MET)


Startpoint: _46_ (rising edge-triggered flip-flop clocked by clk)
Endpoint: counter[0] (output port clocked by clk)
Path Group: clk
Path Type: min

Fanout         Cap        Slew       Delay        Time   Description
---------------------------------------------------------------------------------------------
                                  0.000000    0.000000   clock clk (rise edge)
                                  0.000000    0.000000   clock source latency
     1    0.009301    0.000000    0.000000    0.000000 ^ clk (in)
                                                         clk (net)
                      0.000250    0.000125    0.000125 ^ clkbuf_0_clk/A (sky130_fd_sc_hd__clkbuf_16)
     2    0.017726    0.039910    0.107509    0.107633 ^ clkbuf_0_clk/X (sky130_fd_sc_hd__clkbuf_16)
                                                         clknet_0_clk (net)
                      0.039911    0.000410    0.108044 ^ clkbuf_1_1__f_clk/A (sky130_fd_sc_hd__clkbuf_16)
     2    0.005651    0.029360    0.109445    0.217489 ^ clkbuf_1_1__f_clk/X (sky130_fd_sc_hd__clkbuf_16)
                                                         clknet_1_1__leaf_clk (net)
                      0.029361    0.000138    0.217627 ^ _46_/CLK (sky130_fd_sc_hd__dfxtp_1)
     7    0.023890    0.115102    0.362328    0.579955 v _46_/Q (sky130_fd_sc_hd__dfxtp_1)
                                                         net4 (net)
                      0.115102    0.000245    0.580200 v output4/A (sky130_fd_sc_hd__buf_1)
     1    0.000376    0.015204    0.103712    0.683912 v output4/X (sky130_fd_sc_hd__buf_1)
                                                         counter[0] (net)
                      0.015204    0.000004    0.683916 v counter[0] (out)
                                              0.683916   data arrival time

                                  0.000000    0.000000   clock clk (rise edge)
                                  0.000000    0.000000   clock network delay (propagated)
                                  0.000000    0.000000   clock reconvergence pessimism
                                 -1.000000   -1.000000   output external delay
                                             -1.000000   data required time
---------------------------------------------------------------------------------------------
                                             -1.000000   data required time
                                             -0.683916   data arrival time
---------------------------------------------------------------------------------------------
                                              1.683916   slack (MET)



