Reading OpenROAD database at '/home/amostafa/CMP/VLSI/runs/RUN_2024-12-02_11-51-31/09-openroad-globalrouting/generic_ripple_carry_adder.odb'…
Reading library file at '/home/amostafa/.volare/volare/sky130/versions/0fe599b2afb6708d281543108caf8310912f54af/sky130A/libs.ref/sky130_fd_sc_hd/lib/sky130_fd_sc_hd__tt_025C_1v80.lib'…
Reading design constraints file at '/nix/store/giv9dbfir1g36hiqrccwznrmafdg2jhb-python3-3.11.9-env/lib/python3.11/site-packages/openlane/scripts/base.sdc'…
[WARNING STA-0366] port 'clk' not found.
[INFO] Using clock clk…
[INFO] Setting output delay to: 2.0
[INFO] Setting input delay to: 2.0
[WARNING STA-0366] port 'clk' not found.
[INFO] Setting load to: 0.033442
[INFO] Setting clock uncertainty to: 0.25
[INFO] Setting clock transition to: 0.1499999999999999944488848768742172978818416595458984375
[WARNING STA-0419] transition time can not be specified for virtual clocks.
[INFO] Setting timing derate to: 5%
[WARNING STA-0450] virtual clock clk can not be propagated.
[INFO ORD-0030] Using 8 thread(s).
[INFO DRT-0149] Reading tech and libs.
[WARNING DRT-0349] LEF58_ENCLOSURE with no CUTCLASS is not supported. Skipping for layer mcon
[WARNING DRT-0349] LEF58_ENCLOSURE with no CUTCLASS is not supported. Skipping for layer mcon
[WARNING DRT-0349] LEF58_ENCLOSURE with no CUTCLASS is not supported. Skipping for layer via
[WARNING DRT-0349] LEF58_ENCLOSURE with no CUTCLASS is not supported. Skipping for layer via
[WARNING DRT-0349] LEF58_ENCLOSURE with no CUTCLASS is not supported. Skipping for layer via2
[WARNING DRT-0349] LEF58_ENCLOSURE with no CUTCLASS is not supported. Skipping for layer via2
[WARNING DRT-0349] LEF58_ENCLOSURE with no CUTCLASS is not supported. Skipping for layer via3
[WARNING DRT-0349] LEF58_ENCLOSURE with no CUTCLASS is not supported. Skipping for layer via3
[WARNING DRT-0349] LEF58_ENCLOSURE with no CUTCLASS is not supported. Skipping for layer via4
[WARNING DRT-0349] LEF58_ENCLOSURE with no CUTCLASS is not supported. Skipping for layer via4

Units:                1000
Number of layers:     13
Number of macros:     441
Number of vias:       25
Number of viarulegen: 25

[INFO DRT-0150] Reading design.

Design:                   generic_ripple_carry_adder
Die area:                 ( 0 0 ) ( 39380 50100 )
Number of track patterns: 12
Number of DEF vias:       0
Number of components:     77
Number of terminals:      26
Number of snets:          2
Number of nets:           94

[INFO DRT-0167] List of default vias:
  Layer via
    default via: M1M2_PR
  Layer via2
    default via: M2M3_PR
  Layer via3
    default via: M3M4_PR
  Layer via4
    default via: M4M5_PR
[INFO DRT-0162] Library cell analysis.
[INFO DRT-0163] Instance analysis.
[INFO DRT-0164] Number of unique instances = 37.
[INFO DRT-0168] Init region query.
[INFO DRT-0024]   Complete FR_MASTERSLICE.
[INFO DRT-0024]   Complete licon.
[INFO DRT-0024]   Complete li1.
[INFO DRT-0024]   Complete mcon.
[INFO DRT-0024]   Complete met1.
[INFO DRT-0024]   Complete via.
[INFO DRT-0024]   Complete met2.
[INFO DRT-0024]   Complete via2.
[INFO DRT-0024]   Complete met3.
[INFO DRT-0024]   Complete via3.
[INFO DRT-0024]   Complete met4.
[INFO DRT-0024]   Complete via4.
[INFO DRT-0024]   Complete met5.
[INFO DRT-0033] FR_MASTERSLICE shape region query size = 0.
[INFO DRT-0033] licon shape region query size = 0.
[INFO DRT-0033] li1 shape region query size = 1460.
[INFO DRT-0033] mcon shape region query size = 0.
[INFO DRT-0033] met1 shape region query size = 154.
[INFO DRT-0033] via shape region query size = 0.
[INFO DRT-0033] met2 shape region query size = 9.
[INFO DRT-0033] via2 shape region query size = 0.
[INFO DRT-0033] met3 shape region query size = 17.
[INFO DRT-0033] via3 shape region query size = 0.
[INFO DRT-0033] met4 shape region query size = 0.
[INFO DRT-0033] via4 shape region query size = 0.
[INFO DRT-0033] met5 shape region query size = 0.
[INFO DRT-0165] Start pin access.
[INFO DRT-0078]   Complete 119 pins.
[INFO DRT-0081]   Complete 37 unique inst patterns.
[INFO DRT-0084]   Complete 38 groups.
#scanned instances     = 77
#unique  instances     = 37
#stdCellGenAp          = 871
#stdCellValidPlanarAp  = 0
#stdCellValidViaAp     = 693
#stdCellPinNoAp        = 0
#stdCellPinCnt         = 218
#instTermValidViaApCnt = 0
#macroGenAp            = 0
#macroValidPlanarAp    = 0
#macroValidViaAp       = 0
#macroNoAp             = 0
[INFO DRT-0166] Complete pin access.
[INFO DRT-0267] cpu time = 00:00:06, elapsed time = 00:00:01, memory = 135.80 (MB), peak = 135.80 (MB)

[INFO DRT-0157] Number of guides:     441

[INFO DRT-0169] Post process guides.
[INFO DRT-0176] GCELLGRID X 0 DO 5 STEP 6900 ;
[INFO DRT-0177] GCELLGRID Y 0 DO 7 STEP 6900 ;
[INFO DRT-0028]   Complete FR_MASTERSLICE.
[INFO DRT-0028]   Complete licon.
[INFO DRT-0028]   Complete li1.
[INFO DRT-0028]   Complete mcon.
[INFO DRT-0028]   Complete met1.
[INFO DRT-0028]   Complete via.
[INFO DRT-0028]   Complete met2.
[INFO DRT-0028]   Complete via2.
[INFO DRT-0028]   Complete met3.
[INFO DRT-0028]   Complete via3.
[INFO DRT-0028]   Complete met4.
[INFO DRT-0028]   Complete via4.
[INFO DRT-0028]   Complete met5.
[INFO DRT-0178] Init guide query.
[INFO DRT-0035]   Complete FR_MASTERSLICE (guide).
[INFO DRT-0035]   Complete licon (guide).
[INFO DRT-0035]   Complete li1 (guide).
[INFO DRT-0035]   Complete mcon (guide).
[INFO DRT-0035]   Complete met1 (guide).
[INFO DRT-0035]   Complete via (guide).
[INFO DRT-0035]   Complete met2 (guide).
[INFO DRT-0035]   Complete via2 (guide).
[INFO DRT-0035]   Complete met3 (guide).
[INFO DRT-0035]   Complete via3 (guide).
[INFO DRT-0035]   Complete met4 (guide).
[INFO DRT-0035]   Complete via4 (guide).
[INFO DRT-0035]   Complete met5 (guide).
[INFO DRT-0036] FR_MASTERSLICE guide region query size = 0.
[INFO DRT-0036] licon guide region query size = 0.
[INFO DRT-0036] li1 guide region query size = 146.
[INFO DRT-0036] mcon guide region query size = 0.
[INFO DRT-0036] met1 guide region query size = 98.
[INFO DRT-0036] via guide region query size = 0.
[INFO DRT-0036] met2 guide region query size = 58.
[INFO DRT-0036] via2 guide region query size = 0.
[INFO DRT-0036] met3 guide region query size = 17.
[INFO DRT-0036] via3 guide region query size = 0.
[INFO DRT-0036] met4 guide region query size = 0.
[INFO DRT-0036] via4 guide region query size = 0.
[INFO DRT-0036] met5 guide region query size = 0.
[INFO DRT-0179] Init gr pin query.
[INFO DRT-0245] skipped writing guide updates to database.
[INFO DRT-0185] Post process initialize RPin region query.
[INFO DRT-0181] Start track assignment.
[INFO DRT-0184] Done with 204 vertical wires in 1 frboxes and 115 horizontal wires in 1 frboxes.
[INFO DRT-0186] Done with 10 vertical wires in 1 frboxes and 10 horizontal wires in 1 frboxes.
[INFO DRT-0182] Complete track assignment.
[INFO DRT-0267] cpu time = 00:00:00, elapsed time = 00:00:00, memory = 136.80 (MB), peak = 136.80 (MB)
[INFO DRT-0187] Start routing data preparation.
[INFO DRT-0267] cpu time = 00:00:00, elapsed time = 00:00:00, memory = 136.80 (MB), peak = 136.80 (MB)
[INFO DRT-0194] Start detail routing.
[INFO DRT-0195] Start 0th optimization iteration.
    Completing 10% with 0 violations.
    elapsed time = 00:00:00, memory = 142.76 (MB).
[INFO DRT-0199]   Number of violations = 5.
Viol/Layer        met1   met3
Metal Spacing        1      2
Short                2      0
[INFO DRT-0267] cpu time = 00:00:02, elapsed time = 00:00:00, memory = 504.76 (MB), peak = 504.76 (MB)
Total wire length = 708 um.
Total wire length on LAYER li1 = 0 um.
Total wire length on LAYER met1 = 341 um.
Total wire length on LAYER met2 = 316 um.
Total wire length on LAYER met3 = 49 um.
Total wire length on LAYER met4 = 0 um.
Total wire length on LAYER met5 = 0 um.
Total number of vias = 394.
Up-via summary (total 394):

----------------------
 FR_MASTERSLICE      0
            li1    218
           met1    159
           met2     17
           met3      0
           met4      0
----------------------
                   394


[INFO DRT-0195] Start 1st optimization iteration.
    Completing 10% with 5 violations.
    elapsed time = 00:00:00, memory = 511.88 (MB).
    Completing 20% with 2 violations.
    elapsed time = 00:00:00, memory = 511.88 (MB).
[INFO DRT-0199]   Number of violations = 0.
[INFO DRT-0267] cpu time = 00:00:03, elapsed time = 00:00:00, memory = 513.01 (MB), peak = 513.01 (MB)
Total wire length = 726 um.
Total wire length on LAYER li1 = 0 um.
Total wire length on LAYER met1 = 354 um.
Total wire length on LAYER met2 = 321 um.
Total wire length on LAYER met3 = 51 um.
Total wire length on LAYER met4 = 0 um.
Total wire length on LAYER met5 = 0 um.
Total number of vias = 395.
Up-via summary (total 395):

----------------------
 FR_MASTERSLICE      0
            li1    218
           met1    160
           met2     17
           met3      0
           met4      0
----------------------
                   395


[INFO DRT-0198] Complete detail routing.
Total wire length = 726 um.
Total wire length on LAYER li1 = 0 um.
Total wire length on LAYER met1 = 354 um.
Total wire length on LAYER met2 = 321 um.
Total wire length on LAYER met3 = 51 um.
Total wire length on LAYER met4 = 0 um.
Total wire length on LAYER met5 = 0 um.
Total number of vias = 395.
Up-via summary (total 395):

----------------------
 FR_MASTERSLICE      0
            li1    218
           met1    160
           met2     17
           met3      0
           met4      0
----------------------
                   395


[INFO DRT-0267] cpu time = 00:00:06, elapsed time = 00:00:01, memory = 513.01 (MB), peak = 513.01 (MB)

[INFO DRT-0180] Post processing.
Setting global connections for newly added cells…
[INFO] Setting global connections...
Updating metrics…
Cell type report:                       Count       Area
  Buffer                                    8      30.03
  Timing Repair Buffer                     26     108.85
  Inverter                                  1       3.75
  Multi-Input combinational cell           42     255.24
  Total                                    77     397.88
Writing OpenROAD database to '/home/amostafa/CMP/VLSI/runs/RUN_2024-12-02_11-51-31/10-openroad-detailedrouting/generic_ripple_carry_adder.odb'…
Writing netlist to '/home/amostafa/CMP/VLSI/runs/RUN_2024-12-02_11-51-31/10-openroad-detailedrouting/generic_ripple_carry_adder.nl.v'…
Writing powered netlist to '/home/amostafa/CMP/VLSI/runs/RUN_2024-12-02_11-51-31/10-openroad-detailedrouting/generic_ripple_carry_adder.pnl.v'…
Writing layout to '/home/amostafa/CMP/VLSI/runs/RUN_2024-12-02_11-51-31/10-openroad-detailedrouting/generic_ripple_carry_adder.def'…
Writing timing constraints to '/home/amostafa/CMP/VLSI/runs/RUN_2024-12-02_11-51-31/10-openroad-detailedrouting/generic_ripple_carry_adder.sdc'…
