Clock: clk
Sources: 
Generated: no
Virtual: yes
Propagated: no
Period: 10.000000

===========================================================================
report_clock_properties
============================================================================
Clock                   Period          Waveform
----------------------------------------------------
clk                  10.000000    0.000000  5.000000

===========================================================================
report_clock_latency
============================================================================
Clock clk
rise -> rise
    min     max
0.000000 0.000000 source latency
2.197422         network latency _46_/CLK
        2.197422 network latency _46_/CLK
---------------
2.197422 2.197422 latency
        0.000000 skew

rise -> fall
    min     max
0.000000 0.000000 source latency
2.174207         network latency _46_/CLK
        2.174207 network latency _46_/CLK
---------------
2.174207 2.174207 latency
        0.000000 skew



===========================================================================
report_clock_min_period
============================================================================
clk period_min = 0.00 fmax = inf
