Reading OpenROAD database at '/home/amostafa/CMP/VLSI/runs/RUN_2024-11-27_12-57-59/02-openroad-floorplan/generic_simple_adder.odb'…
Reading library file at '/home/amostafa/.volare/volare/sky130/versions/0fe599b2afb6708d281543108caf8310912f54af/sky130A/libs.ref/sky130_fd_sc_hd/lib/sky130_fd_sc_hd__tt_025C_1v80.lib'…
Reading design constraints file at '/nix/store/giv9dbfir1g36hiqrccwznrmafdg2jhb-python3-3.11.9-env/lib/python3.11/site-packages/openlane/scripts/base.sdc'…
[WARNING STA-0366] port 'clk' not found.
[INFO] Using clock clk…
[INFO] Setting output delay to: 2.0
[INFO] Setting input delay to: 2.0
[WARNING STA-0366] port 'clk' not found.
[INFO] Setting load to: 0.033442
[INFO] Setting clock uncertainty to: 0.25
[INFO] Setting clock transition to: 0.1499999999999999944488848768742172978818416595458984375
[WARNING STA-0419] transition time can not be specified for virtual clocks.
[INFO] Setting timing derate to: 5%
[WARNING STA-0450] virtual clock clk can not be propagated.
[INFO GPL-0002] DBU: 1000
[INFO GPL-0003] SiteSize: (  0.460  2.720 ) um
[INFO GPL-0004] CoreBBox: (  5.520 10.880 ) ( 32.200 35.360 ) um
[INFO GPL-0006] NumInstances:                40
[INFO GPL-0007] NumPlaceInstances:           40
[INFO GPL-0008] NumFixedInstances:            0
[INFO GPL-0009] NumDummyInstances:            0
[INFO GPL-0010] NumNets:                     56
[INFO GPL-0011] NumPins:                    137
[INFO GPL-0012] DieBBox:  (  0.000  0.000 ) ( 37.745 48.465 ) um
[INFO GPL-0013] CoreBBox: (  5.520 10.880 ) ( 32.200 35.360 ) um
[INFO GPL-0016] CoreArea:               653.126 um^2
[INFO GPL-0017] NonPlaceInstsArea:        0.000 um^2
[INFO GPL-0018] PlaceInstsArea:         356.592 um^2
[INFO GPL-0019] Util:                    54.598 %
[INFO GPL-0020] StdInstsArea:           356.592 um^2
[INFO GPL-0021] MacroInstsArea:           0.000 um^2
[INFO GPL-0031] FillerInit:NumGCells:        47
[INFO GPL-0032] FillerInit:NumGNets:         56
[INFO GPL-0033] FillerInit:NumGPins:        137
[INFO GPL-0023] TargetDensity:            0.646
[INFO GPL-0024] AvrgPlaceInstArea:        8.915 um^2
[INFO GPL-0025] IdealBinArea:            13.800 um^2
[INFO GPL-0026] IdealBinCnt:                 47
[INFO GPL-0027] TotalBinArea:           653.126 um^2
[INFO GPL-0028] BinCnt:         4      4
[INFO GPL-0029] BinSize: (  6.670  6.120 )
[INFO GPL-0030] NumBins: 16
[NesterovSolve] Iter:    1 overflow: 0.704 HPWL: 61676
[NesterovSolve] Iter:   10 overflow: 0.702 HPWL: 43305
[NesterovSolve] Iter:   20 overflow: 0.690 HPWL: 41228
[NesterovSolve] Iter:   30 overflow: 0.686 HPWL: 40625
[NesterovSolve] Iter:   40 overflow: 0.685 HPWL: 40457
[NesterovSolve] Iter:   50 overflow: 0.685 HPWL: 40513
[NesterovSolve] Iter:   60 overflow: 0.686 HPWL: 40586
[NesterovSolve] Iter:   70 overflow: 0.686 HPWL: 40801
[NesterovSolve] Iter:   80 overflow: 0.685 HPWL: 40990
[NesterovSolve] Iter:   90 overflow: 0.682 HPWL: 40969
[NesterovSolve] Iter:  100 overflow: 0.679 HPWL: 40854
[NesterovSolve] Iter:  110 overflow: 0.673 HPWL: 41439
[NesterovSolve] Iter:  120 overflow: 0.660 HPWL: 42010
[NesterovSolve] Iter:  130 overflow: 0.630 HPWL: 45038
[NesterovSolve] Iter:  140 overflow: 0.573 HPWL: 51777
[NesterovSolve] Iter:  150 overflow: 0.521 HPWL: 58013
[NesterovSolve] Iter:  160 overflow: 0.485 HPWL: 62811
[NesterovSolve] Iter:  170 overflow: 0.451 HPWL: 68941
[NesterovSolve] Iter:  180 overflow: 0.409 HPWL: 76031
[NesterovSolve] Iter:  190 overflow: 0.374 HPWL: 78961
[NesterovSolve] Iter:  200 overflow: 0.335 HPWL: 85588
[NesterovSolve] Iter:  210 overflow: 0.309 HPWL: 91255
[NesterovSolve] Iter:  220 overflow: 0.256 HPWL: 101370
[NesterovSolve] Iter:  230 overflow: 0.220 HPWL: 102017
[NesterovSolve] Iter:  240 overflow: 0.184 HPWL: 109275
[NesterovSolve] Iter:  250 overflow: 0.147 HPWL: 116738
[NesterovSolve] Iter:  260 overflow: 0.115 HPWL: 119127
[NesterovSolve] Finished with Overflow: 0.097870
[INFO] Setting RC values…
Setting global connections for newly added cells…
[INFO] Setting global connections...
Updating metrics…
Cell type report:                       Count       Area
  Multi-Input combinational cell           40     356.59
  Total                                    40     356.59
Writing OpenROAD database to '/home/amostafa/CMP/VLSI/runs/RUN_2024-11-27_12-57-59/03-openroad-globalplacementskipio/generic_simple_adder.odb'…
Writing netlist to '/home/amostafa/CMP/VLSI/runs/RUN_2024-11-27_12-57-59/03-openroad-globalplacementskipio/generic_simple_adder.nl.v'…
Writing powered netlist to '/home/amostafa/CMP/VLSI/runs/RUN_2024-11-27_12-57-59/03-openroad-globalplacementskipio/generic_simple_adder.pnl.v'…
Writing layout to '/home/amostafa/CMP/VLSI/runs/RUN_2024-11-27_12-57-59/03-openroad-globalplacementskipio/generic_simple_adder.def'…
Writing timing constraints to '/home/amostafa/CMP/VLSI/runs/RUN_2024-11-27_12-57-59/03-openroad-globalplacementskipio/generic_simple_adder.sdc'…
