Reading timing models for corner nom_tt_025C_1v80…
Reading cell library for the 'nom_tt_025C_1v80' corner at '/home/amostafa/.volare/volare/sky130/versions/0fe599b2afb6708d281543108caf8310912f54af/sky130A/libs.ref/sky130_fd_sc_hd/lib/sky130_fd_sc_hd__tt_025C_1v80.lib'…
Reading top-level netlist at '/home/amostafa/vlsi/runs/RUN_2024-12-04_11-17-08/10-openroad-detailedrouting/counter_dut.nl.v'…
Linking design 'counter_dut' from netlist…
Reading design constraints file at 'counter_dut.sdc'…
%OL_CREATE_REPORT min.rpt

===========================================================================
report_checks -path_delay min (Hold)
============================================================================
======================= nom_tt_025C_1v80 Corner ===================================

Startpoint: _46_ (rising edge-triggered flip-flop clocked by clk)
Endpoint: _46_ (rising edge-triggered flip-flop clocked by clk)
Path Group: clk
Path Type: min

Fanout         Cap        Slew       Delay        Time   Description
---------------------------------------------------------------------------------------------
                                  0.000000    0.000000   clock clk (rise edge)
                                  0.000000    0.000000   clock source latency
     1    0.007894    0.000000    0.000000    0.000000 ^ clk (in)
                                                         clk (net)
                      0.000000    0.000000    0.000000 ^ clkbuf_0_clk/A (sky130_fd_sc_hd__clkbuf_16)
     2    0.015788    0.039244    0.105716    0.105716 ^ clkbuf_0_clk/X (sky130_fd_sc_hd__clkbuf_16)
                                                         clknet_0_clk (net)
                      0.039244    0.000000    0.105716 ^ clkbuf_1_1__f_clk/A (sky130_fd_sc_hd__clkbuf_16)
     2    0.003754    0.027673    0.106950    0.212666 ^ clkbuf_1_1__f_clk/X (sky130_fd_sc_hd__clkbuf_16)
                                                         clknet_1_1__leaf_clk (net)
                      0.027673    0.000000    0.212666 ^ _46_/CLK (sky130_fd_sc_hd__dfxtp_1)
     7    0.017681    0.089503    0.340636    0.553302 v _46_/Q (sky130_fd_sc_hd__dfxtp_1)
                                                         net4 (net)
                      0.089503    0.000000    0.553302 v _28_/A1 (sky130_fd_sc_hd__o21ai_1)
     1    0.001674    0.059405    0.125568    0.678869 ^ _28_/Y (sky130_fd_sc_hd__o21ai_1)
                                                         _00_ (net)
                      0.059405    0.000000    0.678869 ^ _46_/D (sky130_fd_sc_hd__dfxtp_1)
                                              0.678869   data arrival time

                                  0.000000    0.000000   clock clk (rise edge)
                                  0.000000    0.000000   clock source latency
     1    0.007894    0.000000    0.000000    0.000000 ^ clk (in)
                                                         clk (net)
                      0.000000    0.000000    0.000000 ^ clkbuf_0_clk/A (sky130_fd_sc_hd__clkbuf_16)
     2    0.015788    0.039244    0.105716    0.105716 ^ clkbuf_0_clk/X (sky130_fd_sc_hd__clkbuf_16)
                                                         clknet_0_clk (net)
                      0.039244    0.000000    0.105716 ^ clkbuf_1_1__f_clk/A (sky130_fd_sc_hd__clkbuf_16)
     2    0.003754    0.027673    0.106950    0.212666 ^ clkbuf_1_1__f_clk/X (sky130_fd_sc_hd__clkbuf_16)
                                                         clknet_1_1__leaf_clk (net)
                      0.027673    0.000000    0.212666 ^ _46_/CLK (sky130_fd_sc_hd__dfxtp_1)
                                  0.000000    0.212666   clock reconvergence pessimism
                                 -0.036579    0.176086   library hold time
                                              0.176086   data required time
---------------------------------------------------------------------------------------------
                                              0.176086   data required time
                                             -0.678869   data arrival time
---------------------------------------------------------------------------------------------
                                              0.502783   slack (MET)


Startpoint: _48_ (rising edge-triggered flip-flop clocked by clk)
Endpoint: _48_ (rising edge-triggered flip-flop clocked by clk)
Path Group: clk
Path Type: min

Fanout         Cap        Slew       Delay        Time   Description
---------------------------------------------------------------------------------------------
                                  0.000000    0.000000   clock clk (rise edge)
                                  0.000000    0.000000   clock source latency
     1    0.007894    0.000000    0.000000    0.000000 ^ clk (in)
                                                         clk (net)
                      0.000000    0.000000    0.000000 ^ clkbuf_0_clk/A (sky130_fd_sc_hd__clkbuf_16)
     2    0.015788    0.039244    0.105716    0.105716 ^ clkbuf_0_clk/X (sky130_fd_sc_hd__clkbuf_16)
                                                         clknet_0_clk (net)
                      0.039244    0.000000    0.105716 ^ clkbuf_1_1__f_clk/A (sky130_fd_sc_hd__clkbuf_16)
     2    0.003754    0.027673    0.106950    0.212666 ^ clkbuf_1_1__f_clk/X (sky130_fd_sc_hd__clkbuf_16)
                                                         clknet_1_1__leaf_clk (net)
                      0.027673    0.000000    0.212666 ^ _48_/CLK (sky130_fd_sc_hd__dfxtp_1)
     5    0.012181    0.125152    0.354832    0.567497 ^ _48_/Q (sky130_fd_sc_hd__dfxtp_1)
                                                         net6 (net)
                      0.125152    0.000000    0.567497 ^ _39_/A1 (sky130_fd_sc_hd__a21oi_1)
     1    0.001975    0.046262    0.072973    0.640470 v _39_/Y (sky130_fd_sc_hd__a21oi_1)
                                                         _18_ (net)
                      0.046262    0.000000    0.640470 v _40_/B1 (sky130_fd_sc_hd__o21ai_1)
     1    0.001674    0.059405    0.058293    0.698763 ^ _40_/Y (sky130_fd_sc_hd__o21ai_1)
                                                         _02_ (net)
                      0.059405    0.000000    0.698763 ^ _48_/D (sky130_fd_sc_hd__dfxtp_1)
                                              0.698763   data arrival time

                                  0.000000    0.000000   clock clk (rise edge)
                                  0.000000    0.000000   clock source latency
     1    0.007894    0.000000    0.000000    0.000000 ^ clk (in)
                                                         clk (net)
                      0.000000    0.000000    0.000000 ^ clkbuf_0_clk/A (sky130_fd_sc_hd__clkbuf_16)
     2    0.015788    0.039244    0.105716    0.105716 ^ clkbuf_0_clk/X (sky130_fd_sc_hd__clkbuf_16)
                                                         clknet_0_clk (net)
                      0.039244    0.000000    0.105716 ^ clkbuf_1_1__f_clk/A (sky130_fd_sc_hd__clkbuf_16)
     2    0.003754    0.027673    0.106950    0.212666 ^ clkbuf_1_1__f_clk/X (sky130_fd_sc_hd__clkbuf_16)
                                                         clknet_1_1__leaf_clk (net)
                      0.027673    0.000000    0.212666 ^ _48_/CLK (sky130_fd_sc_hd__dfxtp_1)
                                  0.000000    0.212666   clock reconvergence pessimism
                                 -0.036579    0.176086   library hold time
                                              0.176086   data required time
---------------------------------------------------------------------------------------------
                                              0.176086   data required time
                                             -0.698763   data arrival time
---------------------------------------------------------------------------------------------
                                              0.522677   slack (MET)


Startpoint: _49_ (rising edge-triggered flip-flop clocked by clk)
Endpoint: _49_ (rising edge-triggered flip-flop clocked by clk)
Path Group: clk
Path Type: min

Fanout         Cap        Slew       Delay        Time   Description
---------------------------------------------------------------------------------------------
                                  0.000000    0.000000   clock clk (rise edge)
                                  0.000000    0.000000   clock source latency
     1    0.007894    0.000000    0.000000    0.000000 ^ clk (in)
                                                         clk (net)
                      0.000000    0.000000    0.000000 ^ clkbuf_0_clk/A (sky130_fd_sc_hd__clkbuf_16)
     2    0.015788    0.039244    0.105716    0.105716 ^ clkbuf_0_clk/X (sky130_fd_sc_hd__clkbuf_16)
                                                         clknet_0_clk (net)
                      0.039244    0.000000    0.105716 ^ clkbuf_1_0__f_clk/A (sky130_fd_sc_hd__clkbuf_16)
     2    0.003754    0.027673    0.106950    0.212666 ^ clkbuf_1_0__f_clk/X (sky130_fd_sc_hd__clkbuf_16)
                                                         clknet_1_0__leaf_clk (net)
                      0.027673    0.000000    0.212666 ^ _49_/CLK (sky130_fd_sc_hd__dfxtp_1)
     3    0.006490    0.042963    0.300211    0.512876 v _49_/Q (sky130_fd_sc_hd__dfxtp_1)
                                                         net7 (net)
                      0.042963    0.000000    0.512876 v _44_/B (sky130_fd_sc_hd__nand4_1)
     1    0.002507    0.051181    0.075080    0.587956 ^ _44_/Y (sky130_fd_sc_hd__nand4_1)
                                                         _22_ (net)
                      0.051181    0.000000    0.587956 ^ _45_/A3 (sky130_fd_sc_hd__a31o_1)
     1    0.001674    0.036532    0.126410    0.714366 ^ _45_/X (sky130_fd_sc_hd__a31o_1)
                                                         _03_ (net)
                      0.036532    0.000000    0.714366 ^ _49_/D (sky130_fd_sc_hd__dfxtp_1)
                                              0.714366   data arrival time

                                  0.000000    0.000000   clock clk (rise edge)
                                  0.000000    0.000000   clock source latency
     1    0.007894    0.000000    0.000000    0.000000 ^ clk (in)
                                                         clk (net)
                      0.000000    0.000000    0.000000 ^ clkbuf_0_clk/A (sky130_fd_sc_hd__clkbuf_16)
     2    0.015788    0.039244    0.105716    0.105716 ^ clkbuf_0_clk/X (sky130_fd_sc_hd__clkbuf_16)
                                                         clknet_0_clk (net)
                      0.039244    0.000000    0.105716 ^ clkbuf_1_0__f_clk/A (sky130_fd_sc_hd__clkbuf_16)
     2    0.003754    0.027673    0.106950    0.212666 ^ clkbuf_1_0__f_clk/X (sky130_fd_sc_hd__clkbuf_16)
                                                         clknet_1_0__leaf_clk (net)
                      0.027673    0.000000    0.212666 ^ _49_/CLK (sky130_fd_sc_hd__dfxtp_1)
                                  0.000000    0.212666   clock reconvergence pessimism
                                 -0.031777    0.180889   library hold time
                                              0.180889   data required time
---------------------------------------------------------------------------------------------
                                              0.180889   data required time
                                             -0.714366   data arrival time
---------------------------------------------------------------------------------------------
                                              0.533477   slack (MET)


Startpoint: _47_ (rising edge-triggered flip-flop clocked by clk)
Endpoint: _47_ (rising edge-triggered flip-flop clocked by clk)
Path Group: clk
Path Type: min

Fanout         Cap        Slew       Delay        Time   Description
---------------------------------------------------------------------------------------------
                                  0.000000    0.000000   clock clk (rise edge)
                                  0.000000    0.000000   clock source latency
     1    0.007894    0.000000    0.000000    0.000000 ^ clk (in)
                                                         clk (net)
                      0.000000    0.000000    0.000000 ^ clkbuf_0_clk/A (sky130_fd_sc_hd__clkbuf_16)
     2    0.015788    0.039244    0.105716    0.105716 ^ clkbuf_0_clk/X (sky130_fd_sc_hd__clkbuf_16)
                                                         clknet_0_clk (net)
                      0.039244    0.000000    0.105716 ^ clkbuf_1_0__f_clk/A (sky130_fd_sc_hd__clkbuf_16)
     2    0.003754    0.027673    0.106950    0.212666 ^ clkbuf_1_0__f_clk/X (sky130_fd_sc_hd__clkbuf_16)
                                                         clknet_1_0__leaf_clk (net)
                      0.027673    0.000000    0.212666 ^ _47_/CLK (sky130_fd_sc_hd__dfxtp_1)
     6    0.016750    0.166342    0.384198    0.596864 ^ _47_/Q (sky130_fd_sc_hd__dfxtp_1)
                                                         net5 (net)
                      0.166342    0.000000    0.596864 ^ _33_/A1 (sky130_fd_sc_hd__a21o_1)
     1    0.002490    0.037140    0.129727    0.726591 ^ _33_/X (sky130_fd_sc_hd__a21o_1)
                                                         _13_ (net)
                      0.037140    0.000000    0.726591 ^ _34_/B1 (sky130_fd_sc_hd__a31o_1)
     1    0.001674    0.032155    0.075439    0.802030 ^ _34_/X (sky130_fd_sc_hd__a31o_1)
                                                         _01_ (net)
                      0.032155    0.000000    0.802030 ^ _47_/D (sky130_fd_sc_hd__dfxtp_1)
                                              0.802030   data arrival time

                                  0.000000    0.000000   clock clk (rise edge)
                                  0.000000    0.000000   clock source latency
     1    0.007894    0.000000    0.000000    0.000000 ^ clk (in)
                                                         clk (net)
                      0.000000    0.000000    0.000000 ^ clkbuf_0_clk/A (sky130_fd_sc_hd__clkbuf_16)
     2    0.015788    0.039244    0.105716    0.105716 ^ clkbuf_0_clk/X (sky130_fd_sc_hd__clkbuf_16)
                                                         clknet_0_clk (net)
                      0.039244    0.000000    0.105716 ^ clkbuf_1_0__f_clk/A (sky130_fd_sc_hd__clkbuf_16)
     2    0.003754    0.027673    0.106950    0.212666 ^ clkbuf_1_0__f_clk/X (sky130_fd_sc_hd__clkbuf_16)
                                                         clknet_1_0__leaf_clk (net)
                      0.027673    0.000000    0.212666 ^ _47_/CLK (sky130_fd_sc_hd__dfxtp_1)
                                  0.000000    0.212666   clock reconvergence pessimism
                                 -0.030858    0.181808   library hold time
                                              0.181808   data required time
---------------------------------------------------------------------------------------------
                                              0.181808   data required time
                                             -0.802030   data arrival time
---------------------------------------------------------------------------------------------
                                              0.620223   slack (MET)


Startpoint: _49_ (rising edge-triggered flip-flop clocked by clk)
Endpoint: counter[3] (output port clocked by clk)
Path Group: clk
Path Type: min

Fanout         Cap        Slew       Delay        Time   Description
---------------------------------------------------------------------------------------------
                                  0.000000    0.000000   clock clk (rise edge)
                                  0.000000    0.000000   clock source latency
     1    0.007894    0.000000    0.000000    0.000000 ^ clk (in)
                                                         clk (net)
                      0.000000    0.000000    0.000000 ^ clkbuf_0_clk/A (sky130_fd_sc_hd__clkbuf_16)
     2    0.015788    0.039244    0.105716    0.105716 ^ clkbuf_0_clk/X (sky130_fd_sc_hd__clkbuf_16)
                                                         clknet_0_clk (net)
                      0.039244    0.000000    0.105716 ^ clkbuf_1_0__f_clk/A (sky130_fd_sc_hd__clkbuf_16)
     2    0.003754    0.027673    0.106950    0.212666 ^ clkbuf_1_0__f_clk/X (sky130_fd_sc_hd__clkbuf_16)
                                                         clknet_1_0__leaf_clk (net)
                      0.027673    0.000000    0.212666 ^ _49_/CLK (sky130_fd_sc_hd__dfxtp_1)
     3    0.006490    0.042963    0.300211    0.512876 v _49_/Q (sky130_fd_sc_hd__dfxtp_1)
                                                         net7 (net)
                      0.042963    0.000000    0.512876 v output7/A (sky130_fd_sc_hd__buf_1)
     1    0.000000    0.012029    0.069713    0.582589 v output7/X (sky130_fd_sc_hd__buf_1)
                                                         counter[3] (net)
                      0.012029    0.000000    0.582589 v counter[3] (out)
                                              0.582589   data arrival time

                                  0.000000    0.000000   clock clk (rise edge)
                                  0.000000    0.000000   clock network delay (propagated)
                                  0.000000    0.000000   clock reconvergence pessimism
                                 -2.000000   -2.000000   output external delay
                                             -2.000000   data required time
---------------------------------------------------------------------------------------------
                                             -2.000000   data required time
                                             -0.582589   data arrival time
---------------------------------------------------------------------------------------------
                                              2.582589   slack (MET)


Startpoint: _48_ (rising edge-triggered flip-flop clocked by clk)
Endpoint: counter[2] (output port clocked by clk)
Path Group: clk
Path Type: min

Fanout         Cap        Slew       Delay        Time   Description
---------------------------------------------------------------------------------------------
                                  0.000000    0.000000   clock clk (rise edge)
                                  0.000000    0.000000   clock source latency
     1    0.007894    0.000000    0.000000    0.000000 ^ clk (in)
                                                         clk (net)
                      0.000000    0.000000    0.000000 ^ clkbuf_0_clk/A (sky130_fd_sc_hd__clkbuf_16)
     2    0.015788    0.039244    0.105716    0.105716 ^ clkbuf_0_clk/X (sky130_fd_sc_hd__clkbuf_16)
                                                         clknet_0_clk (net)
                      0.039244    0.000000    0.105716 ^ clkbuf_1_1__f_clk/A (sky130_fd_sc_hd__clkbuf_16)
     2    0.003754    0.027673    0.106950    0.212666 ^ clkbuf_1_1__f_clk/X (sky130_fd_sc_hd__clkbuf_16)
                                                         clknet_1_1__leaf_clk (net)
                      0.027673    0.000000    0.212666 ^ _48_/CLK (sky130_fd_sc_hd__dfxtp_1)
     5    0.011078    0.061930    0.317658    0.530323 v _48_/Q (sky130_fd_sc_hd__dfxtp_1)
                                                         net6 (net)
                      0.061930    0.000000    0.530323 v output6/A (sky130_fd_sc_hd__buf_1)
     1    0.000000    0.012141    0.078023    0.608347 v output6/X (sky130_fd_sc_hd__buf_1)
                                                         counter[2] (net)
                      0.012141    0.000000    0.608347 v counter[2] (out)
                                              0.608347   data arrival time

                                  0.000000    0.000000   clock clk (rise edge)
                                  0.000000    0.000000   clock network delay (propagated)
                                  0.000000    0.000000   clock reconvergence pessimism
                                 -2.000000   -2.000000   output external delay
                                             -2.000000   data required time
---------------------------------------------------------------------------------------------
                                             -2.000000   data required time
                                             -0.608347   data arrival time
---------------------------------------------------------------------------------------------
                                              2.608346   slack (MET)


Startpoint: _47_ (rising edge-triggered flip-flop clocked by clk)
Endpoint: counter[1] (output port clocked by clk)
Path Group: clk
Path Type: min

Fanout         Cap        Slew       Delay        Time   Description
---------------------------------------------------------------------------------------------
                                  0.000000    0.000000   clock clk (rise edge)
                                  0.000000    0.000000   clock source latency
     1    0.007894    0.000000    0.000000    0.000000 ^ clk (in)
                                                         clk (net)
                      0.000000    0.000000    0.000000 ^ clkbuf_0_clk/A (sky130_fd_sc_hd__clkbuf_16)
     2    0.015788    0.039244    0.105716    0.105716 ^ clkbuf_0_clk/X (sky130_fd_sc_hd__clkbuf_16)
                                                         clknet_0_clk (net)
                      0.039244    0.000000    0.105716 ^ clkbuf_1_0__f_clk/A (sky130_fd_sc_hd__clkbuf_16)
     2    0.003754    0.027673    0.106950    0.212666 ^ clkbuf_1_0__f_clk/X (sky130_fd_sc_hd__clkbuf_16)
                                                         clknet_1_0__leaf_clk (net)
                      0.027673    0.000000    0.212666 ^ _47_/CLK (sky130_fd_sc_hd__dfxtp_1)
     6    0.015336    0.079711    0.332476    0.545141 v _47_/Q (sky130_fd_sc_hd__dfxtp_1)
                                                         net5 (net)
                      0.079711    0.000000    0.545141 v output5/A (sky130_fd_sc_hd__buf_1)
     1    0.000000    0.012470    0.085764    0.630906 v output5/X (sky130_fd_sc_hd__buf_1)
                                                         counter[1] (net)
                      0.012470    0.000000    0.630906 v counter[1] (out)
                                              0.630906   data arrival time

                                  0.000000    0.000000   clock clk (rise edge)
                                  0.000000    0.000000   clock network delay (propagated)
                                  0.000000    0.000000   clock reconvergence pessimism
                                 -2.000000   -2.000000   output external delay
                                             -2.000000   data required time
---------------------------------------------------------------------------------------------
                                             -2.000000   data required time
                                             -0.630906   data arrival time
---------------------------------------------------------------------------------------------
                                              2.630906   slack (MET)


Startpoint: _46_ (rising edge-triggered flip-flop clocked by clk)
Endpoint: counter[0] (output port clocked by clk)
Path Group: clk
Path Type: min

Fanout         Cap        Slew       Delay        Time   Description
---------------------------------------------------------------------------------------------
                                  0.000000    0.000000   clock clk (rise edge)
                                  0.000000    0.000000   clock source latency
     1    0.007894    0.000000    0.000000    0.000000 ^ clk (in)
                                                         clk (net)
                      0.000000    0.000000    0.000000 ^ clkbuf_0_clk/A (sky130_fd_sc_hd__clkbuf_16)
     2    0.015788    0.039244    0.105716    0.105716 ^ clkbuf_0_clk/X (sky130_fd_sc_hd__clkbuf_16)
                                                         clknet_0_clk (net)
                      0.039244    0.000000    0.105716 ^ clkbuf_1_1__f_clk/A (sky130_fd_sc_hd__clkbuf_16)
     2    0.003754    0.027673    0.106950    0.212666 ^ clkbuf_1_1__f_clk/X (sky130_fd_sc_hd__clkbuf_16)
                                                         clknet_1_1__leaf_clk (net)
                      0.027673    0.000000    0.212666 ^ _46_/CLK (sky130_fd_sc_hd__dfxtp_1)
     7    0.017681    0.089503    0.340636    0.553302 v _46_/Q (sky130_fd_sc_hd__dfxtp_1)
                                                         net4 (net)
                      0.089503    0.000000    0.553302 v output4/A (sky130_fd_sc_hd__buf_1)
     1    0.000000    0.012652    0.090028    0.643330 v output4/X (sky130_fd_sc_hd__buf_1)
                                                         counter[0] (net)
                      0.012652    0.000000    0.643330 v counter[0] (out)
                                              0.643330   data arrival time

                                  0.000000    0.000000   clock clk (rise edge)
                                  0.000000    0.000000   clock network delay (propagated)
                                  0.000000    0.000000   clock reconvergence pessimism
                                 -2.000000   -2.000000   output external delay
                                             -2.000000   data required time
---------------------------------------------------------------------------------------------
                                             -2.000000   data required time
                                             -0.643330   data arrival time
---------------------------------------------------------------------------------------------
                                              2.643330   slack (MET)



%OL_END_REPORT
%OL_CREATE_REPORT max.rpt

===========================================================================
report_checks -path_delay max (Setup)
============================================================================
======================= nom_tt_025C_1v80 Corner ===================================

Startpoint: _46_ (rising edge-triggered flip-flop clocked by clk)
Endpoint: counter[0] (output port clocked by clk)
Path Group: clk
Path Type: max

Fanout         Cap        Slew       Delay        Time   Description
---------------------------------------------------------------------------------------------
                                  0.000000    0.000000   clock clk (rise edge)
                                  0.000000    0.000000   clock source latency
     1    0.007894    0.000000    0.000000    0.000000 ^ clk (in)
                                                         clk (net)
                      0.000000    0.000000    0.000000 ^ clkbuf_0_clk/A (sky130_fd_sc_hd__clkbuf_16)
     2    0.015788    0.039244    0.105716    0.105716 ^ clkbuf_0_clk/X (sky130_fd_sc_hd__clkbuf_16)
                                                         clknet_0_clk (net)
                      0.039244    0.000000    0.105716 ^ clkbuf_1_1__f_clk/A (sky130_fd_sc_hd__clkbuf_16)
     2    0.003754    0.027673    0.106950    0.212666 ^ clkbuf_1_1__f_clk/X (sky130_fd_sc_hd__clkbuf_16)
                                                         clknet_1_1__leaf_clk (net)
                      0.027673    0.000000    0.212666 ^ _46_/CLK (sky130_fd_sc_hd__dfxtp_1)
     7    0.019091    0.187446    0.399245    0.611910 ^ _46_/Q (sky130_fd_sc_hd__dfxtp_1)
                                                         net4 (net)
                      0.187446    0.000000    0.611910 ^ output4/A (sky130_fd_sc_hd__buf_1)
     1    0.000000    0.017809    0.086315    0.698225 ^ output4/X (sky130_fd_sc_hd__buf_1)
                                                         counter[0] (net)
                      0.017809    0.000000    0.698225 ^ counter[0] (out)
                                              0.698225   data arrival time

                                 10.000000   10.000000   clock clk (rise edge)
                                  0.000000   10.000000   clock network delay (propagated)
                                  0.000000   10.000000   clock reconvergence pessimism
                                 -2.000000    8.000000   output external delay
                                              8.000000   data required time
---------------------------------------------------------------------------------------------
                                              8.000000   data required time
                                             -0.698225   data arrival time
---------------------------------------------------------------------------------------------
                                              7.301775   slack (MET)


Startpoint: _47_ (rising edge-triggered flip-flop clocked by clk)
Endpoint: counter[1] (output port clocked by clk)
Path Group: clk
Path Type: max

Fanout         Cap        Slew       Delay        Time   Description
---------------------------------------------------------------------------------------------
                                  0.000000    0.000000   clock clk (rise edge)
                                  0.000000    0.000000   clock source latency
     1    0.007894    0.000000    0.000000    0.000000 ^ clk (in)
                                                         clk (net)
                      0.000000    0.000000    0.000000 ^ clkbuf_0_clk/A (sky130_fd_sc_hd__clkbuf_16)
     2    0.015788    0.039244    0.105716    0.105716 ^ clkbuf_0_clk/X (sky130_fd_sc_hd__clkbuf_16)
                                                         clknet_0_clk (net)
                      0.039244    0.000000    0.105716 ^ clkbuf_1_0__f_clk/A (sky130_fd_sc_hd__clkbuf_16)
     2    0.003754    0.027673    0.106950    0.212666 ^ clkbuf_1_0__f_clk/X (sky130_fd_sc_hd__clkbuf_16)
                                                         clknet_1_0__leaf_clk (net)
                      0.027673    0.000000    0.212666 ^ _47_/CLK (sky130_fd_sc_hd__dfxtp_1)
     6    0.016750    0.166342    0.384198    0.596864 ^ _47_/Q (sky130_fd_sc_hd__dfxtp_1)
                                                         net5 (net)
                      0.166342    0.000000    0.596864 ^ output5/A (sky130_fd_sc_hd__buf_1)
     1    0.000000    0.017290    0.083416    0.680280 ^ output5/X (sky130_fd_sc_hd__buf_1)
                                                         counter[1] (net)
                      0.017290    0.000000    0.680280 ^ counter[1] (out)
                                              0.680280   data arrival time

                                 10.000000   10.000000   clock clk (rise edge)
                                  0.000000   10.000000   clock network delay (propagated)
                                  0.000000   10.000000   clock reconvergence pessimism
                                 -2.000000    8.000000   output external delay
                                              8.000000   data required time
---------------------------------------------------------------------------------------------
                                              8.000000   data required time
                                             -0.680280   data arrival time
---------------------------------------------------------------------------------------------
                                              7.319720   slack (MET)


Startpoint: _48_ (rising edge-triggered flip-flop clocked by clk)
Endpoint: counter[2] (output port clocked by clk)
Path Group: clk
Path Type: max

Fanout         Cap        Slew       Delay        Time   Description
---------------------------------------------------------------------------------------------
                                  0.000000    0.000000   clock clk (rise edge)
                                  0.000000    0.000000   clock source latency
     1    0.007894    0.000000    0.000000    0.000000 ^ clk (in)
                                                         clk (net)
                      0.000000    0.000000    0.000000 ^ clkbuf_0_clk/A (sky130_fd_sc_hd__clkbuf_16)
     2    0.015788    0.039244    0.105716    0.105716 ^ clkbuf_0_clk/X (sky130_fd_sc_hd__clkbuf_16)
                                                         clknet_0_clk (net)
                      0.039244    0.000000    0.105716 ^ clkbuf_1_1__f_clk/A (sky130_fd_sc_hd__clkbuf_16)
     2    0.003754    0.027673    0.106950    0.212666 ^ clkbuf_1_1__f_clk/X (sky130_fd_sc_hd__clkbuf_16)
                                                         clknet_1_1__leaf_clk (net)
                      0.027673    0.000000    0.212666 ^ _48_/CLK (sky130_fd_sc_hd__dfxtp_1)
     5    0.012181    0.125152    0.354832    0.567497 ^ _48_/Q (sky130_fd_sc_hd__dfxtp_1)
                                                         net6 (net)
                      0.125152    0.000000    0.567497 ^ output6/A (sky130_fd_sc_hd__buf_1)
     1    0.000000    0.016278    0.077758    0.645255 ^ output6/X (sky130_fd_sc_hd__buf_1)
                                                         counter[2] (net)
                      0.016278    0.000000    0.645255 ^ counter[2] (out)
                                              0.645255   data arrival time

                                 10.000000   10.000000   clock clk (rise edge)
                                  0.000000   10.000000   clock network delay (propagated)
                                  0.000000   10.000000   clock reconvergence pessimism
                                 -2.000000    8.000000   output external delay
                                              8.000000   data required time
---------------------------------------------------------------------------------------------
                                              8.000000   data required time
                                             -0.645255   data arrival time
---------------------------------------------------------------------------------------------
                                              7.354744   slack (MET)


Startpoint: up_down (input port clocked by clk)
Endpoint: _49_ (rising edge-triggered flip-flop clocked by clk)
Path Group: clk
Path Type: max

Fanout         Cap        Slew       Delay        Time   Description
---------------------------------------------------------------------------------------------
                                  0.000000    0.000000   clock clk (rise edge)
                                  0.000000    0.000000   clock network delay (propagated)
                                  2.000000    2.000000 v input external delay
     1    0.002015    0.000000    0.000000    2.000000 v up_down (in)
                                                         up_down (net)
                      0.000000    0.000000    2.000000 v input3/A (sky130_fd_sc_hd__buf_1)
     5    0.009411    0.062468    0.099123    2.099123 v input3/X (sky130_fd_sc_hd__buf_1)
                                                         net3 (net)
                      0.062468    0.000000    2.099123 v _41_/A1 (sky130_fd_sc_hd__o31ai_1)
     2    0.004897    0.251625    0.281472    2.380595 ^ _41_/Y (sky130_fd_sc_hd__o31ai_1)
                                                         _19_ (net)
                      0.251625    0.000000    2.380595 ^ _44_/C (sky130_fd_sc_hd__nand4_1)
     1    0.002259    0.078398    0.117922    2.498516 v _44_/Y (sky130_fd_sc_hd__nand4_1)
                                                         _22_ (net)
                      0.078398    0.000000    2.498516 v _45_/A3 (sky130_fd_sc_hd__a31o_1)
     1    0.001681    0.032574    0.215266    2.713783 v _45_/X (sky130_fd_sc_hd__a31o_1)
                                                         _03_ (net)
                      0.032574    0.000000    2.713783 v _49_/D (sky130_fd_sc_hd__dfxtp_1)
                                              2.713783   data arrival time

                                 10.000000   10.000000   clock clk (rise edge)
                                  0.000000   10.000000   clock source latency
     1    0.007894    0.000000    0.000000   10.000000 ^ clk (in)
                                                         clk (net)
                      0.000000    0.000000   10.000000 ^ clkbuf_0_clk/A (sky130_fd_sc_hd__clkbuf_16)
     2    0.015788    0.039244    0.105715   10.105716 ^ clkbuf_0_clk/X (sky130_fd_sc_hd__clkbuf_16)
                                                         clknet_0_clk (net)
                      0.039244    0.000000   10.105716 ^ clkbuf_1_0__f_clk/A (sky130_fd_sc_hd__clkbuf_16)
     2    0.003754    0.027673    0.106950   10.212666 ^ clkbuf_1_0__f_clk/X (sky130_fd_sc_hd__clkbuf_16)
                                                         clknet_1_0__leaf_clk (net)
                      0.027673    0.000000   10.212666 ^ _49_/CLK (sky130_fd_sc_hd__dfxtp_1)
                                  0.000000   10.212666   clock reconvergence pessimism
                                 -0.109120   10.103546   library setup time
                                             10.103546   data required time
---------------------------------------------------------------------------------------------
                                             10.103546   data required time
                                             -2.713783   data arrival time
---------------------------------------------------------------------------------------------
                                              7.389763   slack (MET)


Startpoint: _49_ (rising edge-triggered flip-flop clocked by clk)
Endpoint: counter[3] (output port clocked by clk)
Path Group: clk
Path Type: max

Fanout         Cap        Slew       Delay        Time   Description
---------------------------------------------------------------------------------------------
                                  0.000000    0.000000   clock clk (rise edge)
                                  0.000000    0.000000   clock source latency
     1    0.007894    0.000000    0.000000    0.000000 ^ clk (in)
                                                         clk (net)
                      0.000000    0.000000    0.000000 ^ clkbuf_0_clk/A (sky130_fd_sc_hd__clkbuf_16)
     2    0.015788    0.039244    0.105716    0.105716 ^ clkbuf_0_clk/X (sky130_fd_sc_hd__clkbuf_16)
                                                         clknet_0_clk (net)
                      0.039244    0.000000    0.105716 ^ clkbuf_1_0__f_clk/A (sky130_fd_sc_hd__clkbuf_16)
     2    0.003754    0.027673    0.106950    0.212666 ^ clkbuf_1_0__f_clk/X (sky130_fd_sc_hd__clkbuf_16)
                                                         clknet_1_0__leaf_clk (net)
                      0.027673    0.000000    0.212666 ^ _49_/CLK (sky130_fd_sc_hd__dfxtp_1)
     3    0.007140    0.080100    0.322112    0.534777 ^ _49_/Q (sky130_fd_sc_hd__dfxtp_1)
                                                         net7 (net)
                      0.080100    0.000000    0.534777 ^ output7/A (sky130_fd_sc_hd__buf_1)
     1    0.000000    0.015264    0.066661    0.601438 ^ output7/X (sky130_fd_sc_hd__buf_1)
                                                         counter[3] (net)
                      0.015264    0.000000    0.601438 ^ counter[3] (out)
                                              0.601438   data arrival time

                                 10.000000   10.000000   clock clk (rise edge)
                                  0.000000   10.000000   clock network delay (propagated)
                                  0.000000   10.000000   clock reconvergence pessimism
                                 -2.000000    8.000000   output external delay
                                              8.000000   data required time
---------------------------------------------------------------------------------------------
                                              8.000000   data required time
                                             -0.601438   data arrival time
---------------------------------------------------------------------------------------------
                                              7.398562   slack (MET)


Startpoint: up_down (input port clocked by clk)
Endpoint: _48_ (rising edge-triggered flip-flop clocked by clk)
Path Group: clk
Path Type: max

Fanout         Cap        Slew       Delay        Time   Description
---------------------------------------------------------------------------------------------
                                  0.000000    0.000000   clock clk (rise edge)
                                  0.000000    0.000000   clock network delay (propagated)
                                  2.000000    2.000000 v input external delay
     1    0.002015    0.000000    0.000000    2.000000 v up_down (in)
                                                         up_down (net)
                      0.000000    0.000000    2.000000 v input3/A (sky130_fd_sc_hd__buf_1)
     5    0.009411    0.062468    0.099123    2.099123 v input3/X (sky130_fd_sc_hd__buf_1)
                                                         net3 (net)
                      0.062468    0.000000    2.099123 v _30_/A (sky130_fd_sc_hd__or2_1)
     2    0.006593    0.067727    0.249674    2.348797 v _30_/X (sky130_fd_sc_hd__or2_1)
                                                         _10_ (net)
                      0.067727    0.000000    2.348797 v _38_/A (sky130_fd_sc_hd__xnor2_1)
     1    0.002617    0.114602    0.150563    2.499360 ^ _38_/Y (sky130_fd_sc_hd__xnor2_1)
                                                         _17_ (net)
                      0.114602    0.000000    2.499360 ^ _40_/A2 (sky130_fd_sc_hd__o21ai_1)
     1    0.001681    0.040989    0.061433    2.560793 v _40_/Y (sky130_fd_sc_hd__o21ai_1)
                                                         _02_ (net)
                      0.040989    0.000000    2.560793 v _48_/D (sky130_fd_sc_hd__dfxtp_1)
                                              2.560793   data arrival time

                                 10.000000   10.000000   clock clk (rise edge)
                                  0.000000   10.000000   clock source latency
     1    0.007894    0.000000    0.000000   10.000000 ^ clk (in)
                                                         clk (net)
                      0.000000    0.000000   10.000000 ^ clkbuf_0_clk/A (sky130_fd_sc_hd__clkbuf_16)
     2    0.015788    0.039244    0.105715   10.105716 ^ clkbuf_0_clk/X (sky130_fd_sc_hd__clkbuf_16)
                                                         clknet_0_clk (net)
                      0.039244    0.000000   10.105716 ^ clkbuf_1_1__f_clk/A (sky130_fd_sc_hd__clkbuf_16)
     2    0.003754    0.027673    0.106950   10.212666 ^ clkbuf_1_1__f_clk/X (sky130_fd_sc_hd__clkbuf_16)
                                                         clknet_1_1__leaf_clk (net)
                      0.027673    0.000000   10.212666 ^ _48_/CLK (sky130_fd_sc_hd__dfxtp_1)
                                  0.000000   10.212666   clock reconvergence pessimism
                                 -0.112816   10.099850   library setup time
                                             10.099850   data required time
---------------------------------------------------------------------------------------------
                                             10.099850   data required time
                                             -2.560793   data arrival time
---------------------------------------------------------------------------------------------
                                              7.539056   slack (MET)


Startpoint: enable (input port clocked by clk)
Endpoint: _47_ (rising edge-triggered flip-flop clocked by clk)
Path Group: clk
Path Type: max

Fanout         Cap        Slew       Delay        Time   Description
---------------------------------------------------------------------------------------------
                                  0.000000    0.000000   clock clk (rise edge)
                                  0.000000    0.000000   clock network delay (propagated)
                                  2.000000    2.000000 ^ input external delay
     1    0.002191    0.000000    0.000000    2.000000 ^ enable (in)
                                                         enable (net)
                      0.000000    0.000000    2.000000 ^ input1/A (sky130_fd_sc_hd__buf_1)
     5    0.012034    0.150741    0.138442    2.138442 ^ input1/X (sky130_fd_sc_hd__buf_1)
                                                         net1 (net)
                      0.150741    0.000000    2.138442 ^ _26_/A (sky130_fd_sc_hd__nor2_1)
     3    0.006667    0.058844    0.086654    2.225096 v _26_/Y (sky130_fd_sc_hd__nor2_1)
                                                         _07_ (net)
                      0.058844    0.000000    2.225096 v _33_/A2 (sky130_fd_sc_hd__a21o_1)
     1    0.002152    0.031115    0.172272    2.397369 v _33_/X (sky130_fd_sc_hd__a21o_1)
                                                         _13_ (net)
                      0.031115    0.000000    2.397369 v _34_/B1 (sky130_fd_sc_hd__a31o_1)
     1    0.001681    0.032330    0.166048    2.563416 v _34_/X (sky130_fd_sc_hd__a31o_1)
                                                         _01_ (net)
                      0.032330    0.000000    2.563416 v _47_/D (sky130_fd_sc_hd__dfxtp_1)
                                              2.563416   data arrival time

                                 10.000000   10.000000   clock clk (rise edge)
                                  0.000000   10.000000   clock source latency
     1    0.007894    0.000000    0.000000   10.000000 ^ clk (in)
                                                         clk (net)
                      0.000000    0.000000   10.000000 ^ clkbuf_0_clk/A (sky130_fd_sc_hd__clkbuf_16)
     2    0.015788    0.039244    0.105715   10.105716 ^ clkbuf_0_clk/X (sky130_fd_sc_hd__clkbuf_16)
                                                         clknet_0_clk (net)
                      0.039244    0.000000   10.105716 ^ clkbuf_1_0__f_clk/A (sky130_fd_sc_hd__clkbuf_16)
     2    0.003754    0.027673    0.106950   10.212666 ^ clkbuf_1_0__f_clk/X (sky130_fd_sc_hd__clkbuf_16)
                                                         clknet_1_0__leaf_clk (net)
                      0.027673    0.000000   10.212666 ^ _47_/CLK (sky130_fd_sc_hd__dfxtp_1)
                                  0.000000   10.212666   clock reconvergence pessimism
                                 -0.109012   10.103653   library setup time
                                             10.103653   data required time
---------------------------------------------------------------------------------------------
                                             10.103653   data required time
                                             -2.563416   data arrival time
---------------------------------------------------------------------------------------------
                                              7.540237   slack (MET)


Startpoint: enable (input port clocked by clk)
Endpoint: _46_ (rising edge-triggered flip-flop clocked by clk)
Path Group: clk
Path Type: max

Fanout         Cap        Slew       Delay        Time   Description
---------------------------------------------------------------------------------------------
                                  0.000000    0.000000   clock clk (rise edge)
                                  0.000000    0.000000   clock network delay (propagated)
                                  2.000000    2.000000 ^ input external delay
     1    0.002191    0.000000    0.000000    2.000000 ^ enable (in)
                                                         enable (net)
                      0.000000    0.000000    2.000000 ^ input1/A (sky130_fd_sc_hd__buf_1)
     5    0.012034    0.150741    0.138442    2.138442 ^ input1/X (sky130_fd_sc_hd__buf_1)
                                                         net1 (net)
                      0.150741    0.000000    2.138442 ^ _26_/A (sky130_fd_sc_hd__nor2_1)
     3    0.006667    0.058844    0.086654    2.225096 v _26_/Y (sky130_fd_sc_hd__nor2_1)
                                                         _07_ (net)
                      0.058844    0.000000    2.225096 v _27_/A2 (sky130_fd_sc_hd__a21oi_1)
     1    0.002018    0.091589    0.129384    2.354480 ^ _27_/Y (sky130_fd_sc_hd__a21oi_1)
                                                         _08_ (net)
                      0.091589    0.000000    2.354480 ^ _28_/B1 (sky130_fd_sc_hd__o21ai_1)
     1    0.001681    0.047887    0.062990    2.417470 v _28_/Y (sky130_fd_sc_hd__o21ai_1)
                                                         _00_ (net)
                      0.047887    0.000000    2.417470 v _46_/D (sky130_fd_sc_hd__dfxtp_1)
                                              2.417470   data arrival time

                                 10.000000   10.000000   clock clk (rise edge)
                                  0.000000   10.000000   clock source latency
     1    0.007894    0.000000    0.000000   10.000000 ^ clk (in)
                                                         clk (net)
                      0.000000    0.000000   10.000000 ^ clkbuf_0_clk/A (sky130_fd_sc_hd__clkbuf_16)
     2    0.015788    0.039244    0.105715   10.105716 ^ clkbuf_0_clk/X (sky130_fd_sc_hd__clkbuf_16)
                                                         clknet_0_clk (net)
                      0.039244    0.000000   10.105716 ^ clkbuf_1_1__f_clk/A (sky130_fd_sc_hd__clkbuf_16)
     2    0.003754    0.027673    0.106950   10.212666 ^ clkbuf_1_1__f_clk/X (sky130_fd_sc_hd__clkbuf_16)
                                                         clknet_1_1__leaf_clk (net)
                      0.027673    0.000000   10.212666 ^ _46_/CLK (sky130_fd_sc_hd__dfxtp_1)
                                  0.000000   10.212666   clock reconvergence pessimism
                                 -0.115847   10.096819   library setup time
                                             10.096819   data required time
---------------------------------------------------------------------------------------------
                                             10.096819   data required time
                                             -2.417470   data arrival time
---------------------------------------------------------------------------------------------
                                              7.679349   slack (MET)



%OL_END_REPORT
%OL_CREATE_REPORT checks.rpt

===========================================================================
report_checks -unconstrained
===========================================================================
======================= nom_tt_025C_1v80 Corner ===================================

Startpoint: _46_ (rising edge-triggered flip-flop clocked by clk)
Endpoint: counter[0] (output port clocked by clk)
Path Group: clk
Path Type: max

Fanout         Cap        Slew       Delay        Time   Description
---------------------------------------------------------------------------------------------
                                  0.000000    0.000000   clock clk (rise edge)
                                  0.000000    0.000000   clock source latency
     1    0.007894    0.000000    0.000000    0.000000 ^ clk (in)
                                                         clk (net)
                      0.000000    0.000000    0.000000 ^ clkbuf_0_clk/A (sky130_fd_sc_hd__clkbuf_16)
     2    0.015788    0.039244    0.105716    0.105716 ^ clkbuf_0_clk/X (sky130_fd_sc_hd__clkbuf_16)
                                                         clknet_0_clk (net)
                      0.039244    0.000000    0.105716 ^ clkbuf_1_1__f_clk/A (sky130_fd_sc_hd__clkbuf_16)
     2    0.003754    0.027673    0.106950    0.212666 ^ clkbuf_1_1__f_clk/X (sky130_fd_sc_hd__clkbuf_16)
                                                         clknet_1_1__leaf_clk (net)
                      0.027673    0.000000    0.212666 ^ _46_/CLK (sky130_fd_sc_hd__dfxtp_1)
     7    0.019091    0.187446    0.399245    0.611910 ^ _46_/Q (sky130_fd_sc_hd__dfxtp_1)
                                                         net4 (net)
                      0.187446    0.000000    0.611910 ^ output4/A (sky130_fd_sc_hd__buf_1)
     1    0.000000    0.017809    0.086315    0.698225 ^ output4/X (sky130_fd_sc_hd__buf_1)
                                                         counter[0] (net)
                      0.017809    0.000000    0.698225 ^ counter[0] (out)
                                              0.698225   data arrival time

                                 10.000000   10.000000   clock clk (rise edge)
                                  0.000000   10.000000   clock network delay (propagated)
                                  0.000000   10.000000   clock reconvergence pessimism
                                 -2.000000    8.000000   output external delay
                                              8.000000   data required time
---------------------------------------------------------------------------------------------
                                              8.000000   data required time
                                             -0.698225   data arrival time
---------------------------------------------------------------------------------------------
                                              7.301775   slack (MET)




===========================================================================
report_checks --slack_max -0.01
============================================================================
======================= nom_tt_025C_1v80 Corner ===================================

No paths found.


===========================================================================
 report_check_types -max_slew -max_cap -max_fanout -violators
============================================================================
======================= nom_tt_025C_1v80 Corner ===================================



===========================================================================
report_parasitic_annotation -report_unannotated
============================================================================
Found 41 unannotated drivers.
 clk
 enable
 reset
 up_down
 _23_/Y
 _24_/Y
 _25_/Y
 _26_/Y
 _27_/Y
 _28_/Y
 _29_/X
 _30_/X
 _31_/Y
 _32_/Y
 _33_/X
 _34_/X
 _35_/X
 _36_/Y
 _37_/Y
 _38_/Y
 _39_/Y
 _40_/Y
 _41_/Y
 _42_/Y
 _43_/X
 _44_/Y
 _45_/X
 _46_/Q
 _47_/Q
 _48_/Q
 _49_/Q
 clkbuf_0_clk/X
 clkbuf_1_0__f_clk/X
 clkbuf_1_1__f_clk/X
 input1/X
 input2/X
 input3/X
 output4/X
 output5/X
 output6/X
 output7/X
Found 0 partially unannotated drivers.

===========================================================================
max slew violation count 0
%OL_METRIC_I design__max_slew_violation__count__corner:nom_tt_025C_1v80 0
max fanout violation count 0
%OL_METRIC_I design__max_fanout_violation__count__corner:nom_tt_025C_1v80 0
max cap violation count 0
%OL_METRIC_I design__max_cap_violation__count__corner:nom_tt_025C_1v80 0
============================================================================

===========================================================================
check_setup -verbose -unconstrained_endpoints -multiple_clock -no_clock -no_input_delay -loops -generated_clocks
===========================================================================
%OL_END_REPORT
%OL_CREATE_REPORT power.rpt

===========================================================================
 report_power
============================================================================
======================= nom_tt_025C_1v80 Corner ===================================

Group                    Internal    Switching      Leakage        Total
                            Power        Power        Power        Power (Watts)
------------------------------------------------------------------------
Sequential           1.827978e-05 2.183271e-06 3.369405e-11 2.046309e-05  23.2%
Combinational        5.742400e-06 3.681480e-06 7.147118e-11 9.423952e-06  10.7%
Clock                5.073899e-05 7.547903e-06 3.696930e-11 5.828693e-05  66.1%
Macro                0.000000e+00 0.000000e+00 0.000000e+00 0.000000e+00   0.0%
Pad                  0.000000e+00 0.000000e+00 0.000000e+00 0.000000e+00   0.0%
------------------------------------------------------------------------
Total                7.476118e-05 1.341266e-05 1.421345e-10 8.817398e-05 100.0%
                            84.8%        15.2%         0.0%
%OL_METRIC_F power__internal__total 7.476117752958089e-5
%OL_METRIC_F power__switching__total 1.3412656699074432e-5
%OL_METRIC_F power__leakage__total 1.4213452637079627e-10
%OL_METRIC_F power__total 8.817398338578641e-5

%OL_END_REPORT
%OL_CREATE_REPORT skew.min.rpt

===========================================================================
Clock Skew (Hold)
============================================================================
%OL_METRIC_F clock__skew__worst_hold__corner:nom_tt_025C_1v80 0.0
======================= nom_tt_025C_1v80 Corner ===================================

Clock clk
0.212666 source latency _46_/CLK ^
-0.212666 target latency _46_/CLK ^
0.000000 CRPR
--------------
0.000000 hold skew

%OL_END_REPORT
%OL_CREATE_REPORT skew.max.rpt

===========================================================================
Clock Skew (Setup)
============================================================================
%OL_METRIC_F clock__skew__worst_setup__corner:nom_tt_025C_1v80 0.0
======================= nom_tt_025C_1v80 Corner ===================================

Clock clk
0.212666 source latency _46_/CLK ^
-0.212666 target latency _46_/CLK ^
0.000000 CRPR
--------------
0.000000 setup skew

%OL_END_REPORT
%OL_CREATE_REPORT ws.min.rpt

===========================================================================
Worst Slack (Hold)
============================================================================
%OL_METRIC_F timing__hold__ws__corner:nom_tt_025C_1v80 0.5027829406233836
nom_tt_025C_1v80: 0.5027829406233836
%OL_END_REPORT
%OL_CREATE_REPORT ws.max.rpt

===========================================================================
Worst Slack (Setup)
============================================================================
%OL_METRIC_F timing__setup__ws__corner:nom_tt_025C_1v80 7.3017745028171355
nom_tt_025C_1v80: 7.3017745028171355
%OL_END_REPORT
%OL_CREATE_REPORT tns.min.rpt

===========================================================================
Total Negative Slack (Hold)
============================================================================
%OL_METRIC_F timing__hold__tns__corner:nom_tt_025C_1v80 0.0
nom_tt_025C_1v80: 0.0
%OL_END_REPORT
%OL_CREATE_REPORT tns.max.rpt

===========================================================================
Total Negative Slack (Setup)
============================================================================
%OL_METRIC_F timing__setup__tns__corner:nom_tt_025C_1v80 0.0
nom_tt_025C_1v80: 0.0
%OL_END_REPORT
%OL_CREATE_REPORT wns.min.rpt

===========================================================================
Worst Negative Slack (Hold)
============================================================================
%OL_METRIC_F timing__hold__wns__corner:nom_tt_025C_1v80 0
nom_tt_025C_1v80: 0
%OL_END_REPORT
%OL_CREATE_REPORT wns.max.rpt

===========================================================================
Worst Negative Slack (Setup)
============================================================================
%OL_METRIC_F timing__setup__wns__corner:nom_tt_025C_1v80 0.0
nom_tt_025C_1v80: 0.0
%OL_END_REPORT
%OL_CREATE_REPORT violator_list.rpt

===========================================================================
Violator List
============================================================================
%OL_METRIC_I timing__hold_vio__count__corner:nom_tt_025C_1v80 0
%OL_METRIC_F timing__hold_r2r__ws__corner:nom_tt_025C_1v80 0.502783
%OL_METRIC_I timing__hold_r2r_vio__count__corner:nom_tt_025C_1v80 0
%OL_METRIC_I timing__setup_vio__count__corner:nom_tt_025C_1v80 0
%OL_METRIC_F timing__setup_r2r__ws__corner:nom_tt_025C_1v80 inf
%OL_METRIC_I timing__setup_r2r_vio__count__corner:nom_tt_025C_1v80 0
%OL_END_REPORT
%OL_CREATE_REPORT unpropagated.rpt
%OL_END_REPORT
%OL_CREATE_REPORT clock.rpt
Clock: clk
Sources: clk 
Generated: no
Virtual: yes
Propagated: no
Period: 10.000000

===========================================================================
report_clock_properties
============================================================================
Clock                   Period          Waveform
----------------------------------------------------
clk                  10.000000    0.000000  5.000000

===========================================================================
report_clock_latency
============================================================================
Clock clk
rise -> rise
    min     max
0.000000 0.000000 source latency
0.212666         network latency _46_/CLK
        0.212666 network latency _46_/CLK
---------------
0.212666 0.212666 latency
        0.000000 skew

fall -> fall
    min     max
0.000000 0.000000 source latency
0.249468         network latency _46_/CLK
        0.249468 network latency _46_/CLK
---------------
0.249468 0.249468 latency
        0.000000 skew



===========================================================================
report_clock_min_period
============================================================================
clk period_min = 1.07 fmax = 931.93
%OL_END_REPORT
Writing SDF files for all corners…
