
===========================================================================
report_checks -path_delay min (Hold)
============================================================================
======================= min_ff_n40C_1v95 Corner ===================================

Startpoint: _46_ (rising edge-triggered flip-flop clocked by clk)
Endpoint: _46_ (rising edge-triggered flip-flop clocked by clk)
Path Group: clk
Path Type: min

Fanout         Cap        Slew       Delay        Time   Description
---------------------------------------------------------------------------------------------
                                  0.000000    0.000000   clock clk (rise edge)
                                  0.000000    0.000000   clock source latency
     1    0.009689    0.000000    0.000000    0.000000 ^ clk (in)
                                                         clk (net)
                      0.000088    0.000044    0.000044 ^ clkbuf_0_clk/A (sky130_fd_sc_hd__clkbuf_16)
     2    0.017909    0.029742    0.074608    0.074652 ^ clkbuf_0_clk/X (sky130_fd_sc_hd__clkbuf_16)
                                                         clknet_0_clk (net)
                      0.029743    0.000142    0.074794 ^ clkbuf_1_1__f_clk/A (sky130_fd_sc_hd__clkbuf_16)
     2    0.005542    0.021363    0.073838    0.148632 ^ clkbuf_1_1__f_clk/X (sky130_fd_sc_hd__clkbuf_16)
                                                         clknet_1_1__leaf_clk (net)
                      0.021363    0.000058    0.148689 ^ _46_/CLK (sky130_fd_sc_hd__dfxtp_1)
     7    0.022801    0.077733    0.232852    0.381542 v _46_/Q (sky130_fd_sc_hd__dfxtp_1)
                                                         net4 (net)
                      0.077733    0.000210    0.381752 v _28_/A1 (sky130_fd_sc_hd__o21ai_1)
     1    0.002260    0.035142    0.094955    0.476706 ^ _28_/Y (sky130_fd_sc_hd__o21ai_1)
                                                         _00_ (net)
                      0.035142    0.000022    0.476729 ^ _46_/D (sky130_fd_sc_hd__dfxtp_1)
                                              0.476729   data arrival time

                                  0.000000    0.000000   clock clk (rise edge)
                                  0.000000    0.000000   clock source latency
     1    0.009689    0.000000    0.000000    0.000000 ^ clk (in)
                                                         clk (net)
                      0.000088    0.000044    0.000044 ^ clkbuf_0_clk/A (sky130_fd_sc_hd__clkbuf_16)
     2    0.017909    0.029742    0.074608    0.074652 ^ clkbuf_0_clk/X (sky130_fd_sc_hd__clkbuf_16)
                                                         clknet_0_clk (net)
                      0.029743    0.000142    0.074794 ^ clkbuf_1_1__f_clk/A (sky130_fd_sc_hd__clkbuf_16)
     2    0.005542    0.021363    0.073838    0.148632 ^ clkbuf_1_1__f_clk/X (sky130_fd_sc_hd__clkbuf_16)
                                                         clknet_1_1__leaf_clk (net)
                      0.021363    0.000058    0.148689 ^ _46_/CLK (sky130_fd_sc_hd__dfxtp_1)
                                  0.000000    0.148689   clock reconvergence pessimism
                                 -0.017824    0.130866   library hold time
                                              0.130866   data required time
---------------------------------------------------------------------------------------------
                                              0.130866   data required time
                                             -0.476729   data arrival time
---------------------------------------------------------------------------------------------
                                              0.345863   slack (MET)


Startpoint: _48_ (rising edge-triggered flip-flop clocked by clk)
Endpoint: _48_ (rising edge-triggered flip-flop clocked by clk)
Path Group: clk
Path Type: min

Fanout         Cap        Slew       Delay        Time   Description
---------------------------------------------------------------------------------------------
                                  0.000000    0.000000   clock clk (rise edge)
                                  0.000000    0.000000   clock source latency
     1    0.009689    0.000000    0.000000    0.000000 ^ clk (in)
                                                         clk (net)
                      0.000088    0.000044    0.000044 ^ clkbuf_0_clk/A (sky130_fd_sc_hd__clkbuf_16)
     2    0.017909    0.029742    0.074608    0.074652 ^ clkbuf_0_clk/X (sky130_fd_sc_hd__clkbuf_16)
                                                         clknet_0_clk (net)
                      0.029743    0.000142    0.074794 ^ clkbuf_1_1__f_clk/A (sky130_fd_sc_hd__clkbuf_16)
     2    0.005542    0.021363    0.073838    0.148632 ^ clkbuf_1_1__f_clk/X (sky130_fd_sc_hd__clkbuf_16)
                                                         clknet_1_1__leaf_clk (net)
                      0.021363    0.000073    0.148704 ^ _48_/CLK (sky130_fd_sc_hd__dfxtp_1)
     5    0.016523    0.121194    0.247455    0.396160 ^ _48_/Q (sky130_fd_sc_hd__dfxtp_1)
                                                         net6 (net)
                      0.121194    0.000303    0.396463 ^ _39_/A1 (sky130_fd_sc_hd__a21oi_1)
     1    0.002162    0.037884    0.039830    0.436293 v _39_/Y (sky130_fd_sc_hd__a21oi_1)
                                                         _18_ (net)
                      0.037884    0.000009    0.436301 v _40_/B1 (sky130_fd_sc_hd__o21ai_1)
     1    0.002261    0.034941    0.044561    0.480862 ^ _40_/Y (sky130_fd_sc_hd__o21ai_1)
                                                         _02_ (net)
                      0.034941    0.000013    0.480875 ^ _48_/D (sky130_fd_sc_hd__dfxtp_1)
                                              0.480875   data arrival time

                                  0.000000    0.000000   clock clk (rise edge)
                                  0.000000    0.000000   clock source latency
     1    0.009689    0.000000    0.000000    0.000000 ^ clk (in)
                                                         clk (net)
                      0.000088    0.000044    0.000044 ^ clkbuf_0_clk/A (sky130_fd_sc_hd__clkbuf_16)
     2    0.017909    0.029742    0.074608    0.074652 ^ clkbuf_0_clk/X (sky130_fd_sc_hd__clkbuf_16)
                                                         clknet_0_clk (net)
                      0.029743    0.000142    0.074794 ^ clkbuf_1_1__f_clk/A (sky130_fd_sc_hd__clkbuf_16)
     2    0.005542    0.021363    0.073838    0.148632 ^ clkbuf_1_1__f_clk/X (sky130_fd_sc_hd__clkbuf_16)
                                                         clknet_1_1__leaf_clk (net)
                      0.021363    0.000073    0.148704 ^ _48_/CLK (sky130_fd_sc_hd__dfxtp_1)
                                  0.000000    0.148704   clock reconvergence pessimism
                                 -0.017809    0.130895   library hold time
                                              0.130895   data required time
---------------------------------------------------------------------------------------------
                                              0.130895   data required time
                                             -0.480875   data arrival time
---------------------------------------------------------------------------------------------
                                              0.349980   slack (MET)


Startpoint: _49_ (rising edge-triggered flip-flop clocked by clk)
Endpoint: _49_ (rising edge-triggered flip-flop clocked by clk)
Path Group: clk
Path Type: min

Fanout         Cap        Slew       Delay        Time   Description
---------------------------------------------------------------------------------------------
                                  0.000000    0.000000   clock clk (rise edge)
                                  0.000000    0.000000   clock source latency
     1    0.009689    0.000000    0.000000    0.000000 ^ clk (in)
                                                         clk (net)
                      0.000088    0.000044    0.000044 ^ clkbuf_0_clk/A (sky130_fd_sc_hd__clkbuf_16)
     2    0.017909    0.029742    0.074608    0.074652 ^ clkbuf_0_clk/X (sky130_fd_sc_hd__clkbuf_16)
                                                         clknet_0_clk (net)
                      0.029743    0.000155    0.074807 ^ clkbuf_1_0__f_clk/A (sky130_fd_sc_hd__clkbuf_16)
     2    0.004977    0.020969    0.073358    0.148165 ^ clkbuf_1_0__f_clk/X (sky130_fd_sc_hd__clkbuf_16)
                                                         clknet_1_0__leaf_clk (net)
                      0.020969    0.000041    0.148206 ^ _49_/CLK (sky130_fd_sc_hd__dfxtp_1)
     3    0.009140    0.037567    0.199559    0.347766 v _49_/Q (sky130_fd_sc_hd__dfxtp_1)
                                                         net7 (net)
                      0.037567    0.000069    0.347835 v _44_/B (sky130_fd_sc_hd__nand4_1)
     1    0.003222    0.041667    0.059643    0.407478 ^ _44_/Y (sky130_fd_sc_hd__nand4_1)
                                                         _22_ (net)
                      0.041667    0.000037    0.407515 ^ _45_/A3 (sky130_fd_sc_hd__a31o_1)
     1    0.002396    0.027104    0.078700    0.486214 ^ _45_/X (sky130_fd_sc_hd__a31o_1)
                                                         _03_ (net)
                      0.027104    0.000017    0.486232 ^ _49_/D (sky130_fd_sc_hd__dfxtp_1)
                                              0.486232   data arrival time

                                  0.000000    0.000000   clock clk (rise edge)
                                  0.000000    0.000000   clock source latency
     1    0.009689    0.000000    0.000000    0.000000 ^ clk (in)
                                                         clk (net)
                      0.000088    0.000044    0.000044 ^ clkbuf_0_clk/A (sky130_fd_sc_hd__clkbuf_16)
     2    0.017909    0.029742    0.074608    0.074652 ^ clkbuf_0_clk/X (sky130_fd_sc_hd__clkbuf_16)
                                                         clknet_0_clk (net)
                      0.029743    0.000155    0.074807 ^ clkbuf_1_0__f_clk/A (sky130_fd_sc_hd__clkbuf_16)
     2    0.004977    0.020969    0.073358    0.148165 ^ clkbuf_1_0__f_clk/X (sky130_fd_sc_hd__clkbuf_16)
                                                         clknet_1_0__leaf_clk (net)
                      0.020969    0.000041    0.148206 ^ _49_/CLK (sky130_fd_sc_hd__dfxtp_1)
                                  0.000000    0.148206   clock reconvergence pessimism
                                 -0.017263    0.130943   library hold time
                                              0.130943   data required time
---------------------------------------------------------------------------------------------
                                              0.130943   data required time
                                             -0.486232   data arrival time
---------------------------------------------------------------------------------------------
                                              0.355289   slack (MET)


Startpoint: _47_ (rising edge-triggered flip-flop clocked by clk)
Endpoint: _47_ (rising edge-triggered flip-flop clocked by clk)
Path Group: clk
Path Type: min

Fanout         Cap        Slew       Delay        Time   Description
---------------------------------------------------------------------------------------------
                                  0.000000    0.000000   clock clk (rise edge)
                                  0.000000    0.000000   clock source latency
     1    0.009689    0.000000    0.000000    0.000000 ^ clk (in)
                                                         clk (net)
                      0.000088    0.000044    0.000044 ^ clkbuf_0_clk/A (sky130_fd_sc_hd__clkbuf_16)
     2    0.017909    0.029742    0.074608    0.074652 ^ clkbuf_0_clk/X (sky130_fd_sc_hd__clkbuf_16)
                                                         clknet_0_clk (net)
                      0.029743    0.000155    0.074807 ^ clkbuf_1_0__f_clk/A (sky130_fd_sc_hd__clkbuf_16)
     2    0.004977    0.020969    0.073358    0.148165 ^ clkbuf_1_0__f_clk/X (sky130_fd_sc_hd__clkbuf_16)
                                                         clknet_1_0__leaf_clk (net)
                      0.020969    0.000030    0.148195 ^ _47_/CLK (sky130_fd_sc_hd__dfxtp_1)
     6    0.021847    0.157530    0.272885    0.421080 ^ _47_/Q (sky130_fd_sc_hd__dfxtp_1)
                                                         net5 (net)
                      0.157530    0.000195    0.421275 ^ _33_/A1 (sky130_fd_sc_hd__a21o_1)
     1    0.002997    0.028740    0.077140    0.498416 ^ _33_/X (sky130_fd_sc_hd__a21o_1)
                                                         _13_ (net)
                      0.028740    0.000028    0.498444 ^ _34_/B1 (sky130_fd_sc_hd__a31o_1)
     1    0.002425    0.024802    0.048435    0.546879 ^ _34_/X (sky130_fd_sc_hd__a31o_1)
                                                         _01_ (net)
                      0.024802    0.000027    0.546906 ^ _47_/D (sky130_fd_sc_hd__dfxtp_1)
                                              0.546906   data arrival time

                                  0.000000    0.000000   clock clk (rise edge)
                                  0.000000    0.000000   clock source latency
     1    0.009689    0.000000    0.000000    0.000000 ^ clk (in)
                                                         clk (net)
                      0.000088    0.000044    0.000044 ^ clkbuf_0_clk/A (sky130_fd_sc_hd__clkbuf_16)
     2    0.017909    0.029742    0.074608    0.074652 ^ clkbuf_0_clk/X (sky130_fd_sc_hd__clkbuf_16)
                                                         clknet_0_clk (net)
                      0.029743    0.000155    0.074807 ^ clkbuf_1_0__f_clk/A (sky130_fd_sc_hd__clkbuf_16)
     2    0.004977    0.020969    0.073358    0.148165 ^ clkbuf_1_0__f_clk/X (sky130_fd_sc_hd__clkbuf_16)
                                                         clknet_1_0__leaf_clk (net)
                      0.020969    0.000030    0.148195 ^ _47_/CLK (sky130_fd_sc_hd__dfxtp_1)
                                  0.000000    0.148195   clock reconvergence pessimism
                                 -0.017100    0.131095   library hold time
                                              0.131095   data required time
---------------------------------------------------------------------------------------------
                                              0.131095   data required time
                                             -0.546906   data arrival time
---------------------------------------------------------------------------------------------
                                              0.415811   slack (MET)


Startpoint: _49_ (rising edge-triggered flip-flop clocked by clk)
Endpoint: counter[3] (output port clocked by clk)
Path Group: clk
Path Type: min

Fanout         Cap        Slew       Delay        Time   Description
---------------------------------------------------------------------------------------------
                                  0.000000    0.000000   clock clk (rise edge)
                                  0.000000    0.000000   clock source latency
     1    0.009689    0.000000    0.000000    0.000000 ^ clk (in)
                                                         clk (net)
                      0.000088    0.000044    0.000044 ^ clkbuf_0_clk/A (sky130_fd_sc_hd__clkbuf_16)
     2    0.017909    0.029742    0.074608    0.074652 ^ clkbuf_0_clk/X (sky130_fd_sc_hd__clkbuf_16)
                                                         clknet_0_clk (net)
                      0.029743    0.000155    0.074807 ^ clkbuf_1_0__f_clk/A (sky130_fd_sc_hd__clkbuf_16)
     2    0.004977    0.020969    0.073358    0.148165 ^ clkbuf_1_0__f_clk/X (sky130_fd_sc_hd__clkbuf_16)
                                                         clknet_1_0__leaf_clk (net)
                      0.020969    0.000041    0.148206 ^ _49_/CLK (sky130_fd_sc_hd__dfxtp_1)
     3    0.009140    0.037567    0.199559    0.347766 v _49_/Q (sky130_fd_sc_hd__dfxtp_1)
                                                         net7 (net)
                      0.037567    0.000075    0.347841 v output7/A (sky130_fd_sc_hd__buf_1)
     1    0.000287    0.009766    0.048947    0.396788 v output7/X (sky130_fd_sc_hd__buf_1)
                                                         counter[3] (net)
                      0.009766    0.000000    0.396789 v counter[3] (out)
                                              0.396789   data arrival time

                                  0.000000    0.000000   clock clk (rise edge)
                                  0.000000    0.000000   clock network delay (propagated)
                                  0.000000    0.000000   clock reconvergence pessimism
                                 -2.000000   -2.000000   output external delay
                                             -2.000000   data required time
---------------------------------------------------------------------------------------------
                                             -2.000000   data required time
                                             -0.396789   data arrival time
---------------------------------------------------------------------------------------------
                                              2.396789   slack (MET)


Startpoint: _48_ (rising edge-triggered flip-flop clocked by clk)
Endpoint: counter[2] (output port clocked by clk)
Path Group: clk
Path Type: min

Fanout         Cap        Slew       Delay        Time   Description
---------------------------------------------------------------------------------------------
                                  0.000000    0.000000   clock clk (rise edge)
                                  0.000000    0.000000   clock source latency
     1    0.009689    0.000000    0.000000    0.000000 ^ clk (in)
                                                         clk (net)
                      0.000088    0.000044    0.000044 ^ clkbuf_0_clk/A (sky130_fd_sc_hd__clkbuf_16)
     2    0.017909    0.029742    0.074608    0.074652 ^ clkbuf_0_clk/X (sky130_fd_sc_hd__clkbuf_16)
                                                         clknet_0_clk (net)
                      0.029743    0.000142    0.074794 ^ clkbuf_1_1__f_clk/A (sky130_fd_sc_hd__clkbuf_16)
     2    0.005542    0.021363    0.073838    0.148632 ^ clkbuf_1_1__f_clk/X (sky130_fd_sc_hd__clkbuf_16)
                                                         clknet_1_1__leaf_clk (net)
                      0.021363    0.000073    0.148704 ^ _48_/CLK (sky130_fd_sc_hd__dfxtp_1)
     5    0.015457    0.055545    0.215226    0.363931 v _48_/Q (sky130_fd_sc_hd__dfxtp_1)
                                                         net6 (net)
                      0.055545    0.000131    0.364062 v output6/A (sky130_fd_sc_hd__buf_1)
     1    0.000479    0.010741    0.056989    0.421051 v output6/X (sky130_fd_sc_hd__buf_1)
                                                         counter[2] (net)
                      0.010741    0.000001    0.421052 v counter[2] (out)
                                              0.421052   data arrival time

                                  0.000000    0.000000   clock clk (rise edge)
                                  0.000000    0.000000   clock network delay (propagated)
                                  0.000000    0.000000   clock reconvergence pessimism
                                 -2.000000   -2.000000   output external delay
                                             -2.000000   data required time
---------------------------------------------------------------------------------------------
                                             -2.000000   data required time
                                             -0.421052   data arrival time
---------------------------------------------------------------------------------------------
                                              2.421052   slack (MET)


Startpoint: _47_ (rising edge-triggered flip-flop clocked by clk)
Endpoint: counter[1] (output port clocked by clk)
Path Group: clk
Path Type: min

Fanout         Cap        Slew       Delay        Time   Description
---------------------------------------------------------------------------------------------
                                  0.000000    0.000000   clock clk (rise edge)
                                  0.000000    0.000000   clock source latency
     1    0.009689    0.000000    0.000000    0.000000 ^ clk (in)
                                                         clk (net)
                      0.000088    0.000044    0.000044 ^ clkbuf_0_clk/A (sky130_fd_sc_hd__clkbuf_16)
     2    0.017909    0.029742    0.074608    0.074652 ^ clkbuf_0_clk/X (sky130_fd_sc_hd__clkbuf_16)
                                                         clknet_0_clk (net)
                      0.029743    0.000155    0.074807 ^ clkbuf_1_0__f_clk/A (sky130_fd_sc_hd__clkbuf_16)
     2    0.004977    0.020969    0.073358    0.148165 ^ clkbuf_1_0__f_clk/X (sky130_fd_sc_hd__clkbuf_16)
                                                         clknet_1_0__leaf_clk (net)
                      0.020969    0.000030    0.148195 ^ _47_/CLK (sky130_fd_sc_hd__dfxtp_1)
     6    0.020397    0.070415    0.227054    0.375249 v _47_/Q (sky130_fd_sc_hd__dfxtp_1)
                                                         net5 (net)
                      0.070415    0.000173    0.375422 v output5/A (sky130_fd_sc_hd__buf_1)
     1    0.000457    0.011319    0.061705    0.437127 v output5/X (sky130_fd_sc_hd__buf_1)
                                                         counter[1] (net)
                      0.011319    0.000002    0.437129 v counter[1] (out)
                                              0.437129   data arrival time

                                  0.000000    0.000000   clock clk (rise edge)
                                  0.000000    0.000000   clock network delay (propagated)
                                  0.000000    0.000000   clock reconvergence pessimism
                                 -2.000000   -2.000000   output external delay
                                             -2.000000   data required time
---------------------------------------------------------------------------------------------
                                             -2.000000   data required time
                                             -0.437129   data arrival time
---------------------------------------------------------------------------------------------
                                              2.437129   slack (MET)


Startpoint: _46_ (rising edge-triggered flip-flop clocked by clk)
Endpoint: counter[0] (output port clocked by clk)
Path Group: clk
Path Type: min

Fanout         Cap        Slew       Delay        Time   Description
---------------------------------------------------------------------------------------------
                                  0.000000    0.000000   clock clk (rise edge)
                                  0.000000    0.000000   clock source latency
     1    0.009689    0.000000    0.000000    0.000000 ^ clk (in)
                                                         clk (net)
                      0.000088    0.000044    0.000044 ^ clkbuf_0_clk/A (sky130_fd_sc_hd__clkbuf_16)
     2    0.017909    0.029742    0.074608    0.074652 ^ clkbuf_0_clk/X (sky130_fd_sc_hd__clkbuf_16)
                                                         clknet_0_clk (net)
                      0.029743    0.000142    0.074794 ^ clkbuf_1_1__f_clk/A (sky130_fd_sc_hd__clkbuf_16)
     2    0.005542    0.021363    0.073838    0.148632 ^ clkbuf_1_1__f_clk/X (sky130_fd_sc_hd__clkbuf_16)
                                                         clknet_1_1__leaf_clk (net)
                      0.021363    0.000058    0.148689 ^ _46_/CLK (sky130_fd_sc_hd__dfxtp_1)
     7    0.022801    0.077733    0.232852    0.381542 v _46_/Q (sky130_fd_sc_hd__dfxtp_1)
                                                         net4 (net)
                      0.077733    0.000050    0.381592 v output4/A (sky130_fd_sc_hd__buf_1)
     1    0.000345    0.011242    0.063532    0.445123 v output4/X (sky130_fd_sc_hd__buf_1)
                                                         counter[0] (net)
                      0.011242    0.000001    0.445124 v counter[0] (out)
                                              0.445124   data arrival time

                                  0.000000    0.000000   clock clk (rise edge)
                                  0.000000    0.000000   clock network delay (propagated)
                                  0.000000    0.000000   clock reconvergence pessimism
                                 -2.000000   -2.000000   output external delay
                                             -2.000000   data required time
---------------------------------------------------------------------------------------------
                                             -2.000000   data required time
                                             -0.445124   data arrival time
---------------------------------------------------------------------------------------------
                                              2.445124   slack (MET)



