                                                                        Cells by Master                                                                         
┏━━━━━━━━━━━━━━━━━━━━━━━━━━━━━━━━━━━━━━━━━━━━━━━━━━━━━━━━━━━━━━━━━━━━━━━━━━━━━━━━━━━━━━━━━━━━━━━━━━━━━━━━━━━━━━━━━━━━━━━━━━━━━━━━━┳━━━━━━━━━━━━━━━━━━━━━━━━━━━━┓
┃ Cell                                                                                                                            ┃ Count                      ┃
┡━━━━━━━━━━━━━━━━━━━━━━━━━━━━━━━━━━━━━━━━━━━━━━━━━━━━━━━━━━━━━━━━━━━━━━━━━━━━━━━━━━━━━━━━━━━━━━━━━━━━━━━━━━━━━━━━━━━━━━━━━━━━━━━━━╇━━━━━━━━━━━━━━━━━━━━━━━━━━━━┩
│ sky130_ef_sc_hd__decap_12                                                                                                       │ 2                          │
│ sky130_fd_sc_hd__a21o_1                                                                                                         │ 2                          │
│ sky130_fd_sc_hd__a21oi_1                                                                                                        │ 2                          │
│ sky130_fd_sc_hd__a31o_1                                                                                                         │ 3                          │
│ sky130_fd_sc_hd__buf_1                                                                                                          │ 3                          │
│ sky130_fd_sc_hd__buf_2                                                                                                          │ 4                          │
│ sky130_fd_sc_hd__clkbuf_16                                                                                                      │ 3                          │
│ sky130_fd_sc_hd__decap_3                                                                                                        │ 19                         │
│ sky130_fd_sc_hd__decap_4                                                                                                        │ 2                          │
│ sky130_fd_sc_hd__decap_6                                                                                                        │ 2                          │
│ sky130_fd_sc_hd__decap_8                                                                                                        │ 1                          │
│ sky130_fd_sc_hd__dfxtp_1                                                                                                        │ 4                          │
│ sky130_fd_sc_hd__dlygate4sd3_1                                                                                                  │ 4                          │
│ sky130_fd_sc_hd__fill_1                                                                                                         │ 6                          │
│ sky130_fd_sc_hd__fill_2                                                                                                         │ 3                          │
│ sky130_fd_sc_hd__inv_2                                                                                                          │ 1                          │
│ sky130_fd_sc_hd__nand2_1                                                                                                        │ 4                          │
│ sky130_fd_sc_hd__nand2b_1                                                                                                       │ 1                          │
│ sky130_fd_sc_hd__nand3_1                                                                                                        │ 1                          │
│ sky130_fd_sc_hd__nand4_1                                                                                                        │ 1                          │
│ sky130_fd_sc_hd__nor2_1                                                                                                         │ 2                          │
│ sky130_fd_sc_hd__o21ai_1                                                                                                        │ 2                          │
│ sky130_fd_sc_hd__o31ai_1                                                                                                        │ 1                          │
│ sky130_fd_sc_hd__or2_1                                                                                                          │ 1                          │
│ sky130_fd_sc_hd__tapvpwrvgnd_1                                                                                                  │ 5                          │
│ sky130_fd_sc_hd__xnor2_1                                                                                                        │ 1                          │
│ sky130_fd_sc_hd__xor2_1                                                                                                         │ 1                          │
└─────────────────────────────────────────────────────────────────────────────────────────────────────────────────────────────────┴────────────────────────────┘
