QuestaSim-64 qrun 2023.1 Utility 2023.01 Jan 23 2023
Start time: 05:59:21 on Dec 02,2024
qrun -batch -access=rw+/. -uvmhome uvm-1.2 -timescale 1ns/1ns -mfcu design.sv testbench.sv -voptargs="+acc=npr" -do " run -all; exit" 
Creating library 'qrun.out/work'.
Mapping library 'mtiUvm' to 'qrun.out/work'.
QuestaSim-64 vlog 2023.1 Compiler 2023.01 Jan 23 2023
Start time: 05:59:21 on Dec 02,2024
vlog -timescale 1ns/1ns -mfcu -ccflags "-Wno-missing-declarations" -ccflags "-Wno-maybe-uninitialized" -ccflags "-Wno-return-type" -ccflags "-DQUESTA" /usr/share/questa/questasim/verilog_src/uvm-1.2/src/dpi/uvm_dpi.cc /usr/share/questa/questasim/verilog_src/uvm-1.2/src/uvm_pkg.sv /usr/share/questa/questasim/verilog_src/questa_uvm_pkg-1.2/src/questa_uvm_pkg.sv design.sv testbench.sv -work qrun.out/work "+incdir+/usr/share/questa/questasim/verilog_src/uvm-1.2/src" -csession=incr -writesessionid "+qrun.out/top_dus" -statslog qrun.out/stats_log 
-- Compiling package uvm_pkg (uvm-1.2 Built-in)
-- Compiling package questa_uvm_pkg
-- Importing package uvm_pkg (uvm-1.2 Built-in)
-- Compiling interface dut_if
-- Compiling module dut
-- Compiling package my_testbench_pkg
-- Compiling module top
-- Importing package my_testbench_pkg

Top level modules:
	top
-- Compiling DPI/PLI C++ file /usr/share/questa/questasim/verilog_src/uvm-1.2/src/dpi/uvm_dpi.cc

In file included from /usr/share/questa/questasim/verilog_src/uvm-1.2/src/dpi/uvm_hdl.c:27,
                 from /usr/share/questa/questasim/verilog_src/uvm-1.2/src/dpi/uvm_dpi.cc:37:
/usr/share/questa/questasim/verilog_src/uvm-1.2/src/dpi/uvm_hdl_questa.c: In function 'int uvm_is_vhdl_path(char*)':
/usr/share/questa/questasim/verilog_src/uvm-1.2/src/dpi/uvm_hdl_questa.c:90:12: warning: 'char* strncpy(char*, const char*, size_t)' specified bound depends on the length of the source argument [-Wstringop-overflow=]
   90 |     strncpy(path_copy, path, path_len);
      |     ~~~~~~~^~~~~~~~~~~~~~~~~~~~~~~~~~~
/usr/share/questa/questasim/verilog_src/uvm-1.2/src/dpi/uvm_hdl_questa.c:72:20: note: length computed here
   72 |   path_len = strlen(path);
      |              ~~~~~~^~~~~~

End time: 05:59:23 on Dec 02,2024, Elapsed time: 0:00:02
Errors: 0, Warnings: 0
QuestaSim-64 vopt 2023.1 Compiler 2023.01 Jan 23 2023
** Warning: (vopt-10587) Some optimizations are turned off because the +acc switch is in effect. This will cause your simulation to run slowly. Please use -access/-debug to maintain needed visibility.
Start time: 05:59:23 on Dec 02,2024
vopt -access=rw+/. -timescale 1ns/1ns -mfcu "+acc=npr" -findtoplevels /home/runner/qrun.out/work+0+ -work qrun.out/work -statslog qrun.out/stats_log -o qrun_opt 

Top level modules:
	top

Analyzing design...
-- Loading module top
-- Importing package uvm_pkg (uvm-1.2 Built-in)
-- Importing package my_testbench_pkg
-- Loading package questa_uvm_pkg
-- Loading interface dut_if
-- Loading module dut
Optimizing 7 design-units (inlining 0/3 module instances):
-- Optimizing package uvm_pkg (uvm-1.2 Built-in)(fast)
-- Optimizing package questa_uvm_pkg(fast)
-- Optimizing package my_testbench_pkg(fast)
-- Optimizing module dut(fast)
-- Optimizing module top(fast)
-- Optimizing interface dut_if(fast__2)
-- Optimizing interface dut_if(fast)
Optimized design name is qrun_opt
End time: 05:59:28 on Dec 02,2024, Elapsed time: 0:00:05
Errors: 0, Warnings: 1
# vsim -batch -voptargs="+acc=npr" -lib qrun.out/work -do " run -all; exit" -statslog qrun.out/stats_log qrun_opt -appendlog -l qrun.log -csession=incr 
# Start time: 05:59:28 on Dec 02,2024
# Loading /tmp/unknown@178cd7975178_dpi_8/linux_x86_64_gcc-10.3.0/export_tramp.so
# //  Questa Sim-64
# //  Version 2023.1 linux_x86_64 Jan 23 2023
# //
# //  Copyright 1991-2023 Mentor Graphics Corporation
# //  All Rights Reserved.
# //
# //  QuestaSim and its associated documentation contain trade
# //  secrets and commercial or financial information that are the property of
# //  Mentor Graphics Corporation and are privileged, confidential,
# //  and exempt from disclosure under the Freedom of Information Act,
# //  5 U.S.C. Section 552. Furthermore, this information
# //  is prohibited from disclosure under the Trade Secrets Act,
# //  18 U.S.C. Section 1905.
# //
# Loading sv_std.std
# Loading work.dut_if(fast)
# Loading work.uvm_pkg(fast)
# Loading work.my_testbench_pkg(fast)
# Loading work.questa_uvm_pkg(fast)
# Loading work.top(fast)
# Loading work.dut_if(fast__2)
# Loading work.dut(fast)
# Compiling /tmp/unknown@178cd7975178_dpi_8/linux_x86_64_gcc-10.3.0/exportwrapper.c
# Loading /tmp/unknown@178cd7975178_dpi_8/linux_x86_64_gcc-10.3.0/vsim_auto_compile.so
# 
# run -all
# UVM_INFO /usr/share/questa/questasim/verilog_src/uvm-1.2/src/base/uvm_root.svh(392) @ 0: reporter [UVM/RELNOTES] 
# ----------------------------------------------------------------
# UVM-1.2
# (C) 2007-2014 Mentor Graphics Corporation
# (C) 2007-2014 Cadence Design Systems, Inc.
# (C) 2006-2014 Synopsys, Inc.
# (C) 2011-2013 Cypress Semiconductor Corp.
# (C) 2013-2014 NVIDIA Corporation
# ----------------------------------------------------------------
# 
#   ***********       IMPORTANT RELEASE NOTES         ************
# 
#   You are using a version of the UVM library that has been compiled
#   with `UVM_NO_DEPRECATED undefined.
#   See http://www.eda.org/svdb/view.php?id=3313 for more details.
# 
#   You are using a version of the UVM library that has been compiled
#   with `UVM_OBJECT_DO_NOT_NEED_CONSTRUCTOR undefined.
#   See http://www.eda.org/svdb/view.php?id=3770 for more details.
# 
#       (Specify +UVM_NO_RELNOTES to turn off this notice)
# 
# UVM_INFO /usr/share/questa/questasim/verilog_src/questa_uvm_pkg-1.2/src/questa_uvm_pkg.sv(277) @ 0: reporter [Questa UVM] QUESTA_UVM-1.2.3
# UVM_INFO /usr/share/questa/questasim/verilog_src/questa_uvm_pkg-1.2/src/questa_uvm_pkg.sv(278) @ 0: reporter [Questa UVM]  questa_uvm::init(+struct)
# UVM_INFO @ 0: reporter [RNTST] Running test my_test...
# UVM_INFO my_monitor.svh(30) @ 5: uvm_test_top.env.agent.monitor [MY_MONITOR]  at posedge Captured counter=0 at reset=1 enable=0 up_down=0
# UVM_INFO my_monitor.svh(30) @ 15: uvm_test_top.env.agent.monitor [MY_MONITOR]  at posedge Captured counter=0 at reset=1 enable=1 up_down=1
# UVM_ERROR my_scoreboard.svh(44) @ 15: uvm_test_top.env.agent.scoreboard [SCOREBOARD] Mismatch detected: DUT counter=0, Expected counter=15 at reset=1
# UVM_INFO my_driver.svh(31) @ 40: uvm_test_top.env.agent.driver [MY_DRIVER]  at negedge sent counter=0 at reset=1 enable=1 up_down=1
# UVM_INFO my_monitor.svh(30) @ 65: uvm_test_top.env.agent.monitor [MY_MONITOR]  at posedge Captured counter=1 at reset=0 enable=1 up_down=1
# UVM_INFO my_monitor.svh(30) @ 75: uvm_test_top.env.agent.monitor [MY_MONITOR]  at posedge Captured counter=2 at reset=0 enable=1 up_down=1
# UVM_INFO my_driver.svh(31) @ 80: uvm_test_top.env.agent.driver [MY_DRIVER]  at negedge sent counter=0 at reset=0 enable=1 up_down=1
# UVM_INFO my_monitor.svh(30) @ 85: uvm_test_top.env.agent.monitor [MY_MONITOR]  at posedge Captured counter=3 at reset=0 enable=1 up_down=1
# UVM_INFO my_monitor.svh(30) @ 95: uvm_test_top.env.agent.monitor [MY_MONITOR]  at posedge Captured counter=4 at reset=1 enable=1 up_down=1
# UVM_INFO my_monitor.svh(30) @ 105: uvm_test_top.env.agent.monitor [MY_MONITOR]  at posedge Captured counter=0 at reset=1 enable=1 up_down=1
# UVM_INFO my_driver.svh(31) @ 120: uvm_test_top.env.agent.driver [MY_DRIVER]  at negedge sent counter=0 at reset=1 enable=1 up_down=1
# UVM_INFO my_monitor.svh(30) @ 145: uvm_test_top.env.agent.monitor [MY_MONITOR]  at posedge Captured counter=15 at reset=1 enable=1 up_down=0
# UVM_INFO my_driver.svh(31) @ 160: uvm_test_top.env.agent.driver [MY_DRIVER]  at negedge sent counter=0 at reset=1 enable=1 up_down=0
# UVM_INFO my_monitor.svh(30) @ 185: uvm_test_top.env.agent.monitor [MY_MONITOR]  at posedge Captured counter=14 at reset=0 enable=1 up_down=0
# UVM_INFO my_monitor.svh(30) @ 195: uvm_test_top.env.agent.monitor [MY_MONITOR]  at posedge Captured counter=13 at reset=0 enable=1 up_down=0
# UVM_INFO my_driver.svh(31) @ 200: uvm_test_top.env.agent.driver [MY_DRIVER]  at negedge sent counter=0 at reset=0 enable=1 up_down=0
# UVM_INFO my_monitor.svh(30) @ 205: uvm_test_top.env.agent.monitor [MY_MONITOR]  at posedge Captured counter=12 at reset=0 enable=1 up_down=0
# UVM_INFO my_monitor.svh(30) @ 215: uvm_test_top.env.agent.monitor [MY_MONITOR]  at posedge Captured counter=11 at reset=1 enable=1 up_down=0
# UVM_INFO my_monitor.svh(30) @ 225: uvm_test_top.env.agent.monitor [MY_MONITOR]  at posedge Captured counter=15 at reset=1 enable=1 up_down=0
# UVM_INFO my_driver.svh(31) @ 240: uvm_test_top.env.agent.driver [MY_DRIVER]  at negedge sent counter=0 at reset=1 enable=1 up_down=0
# UVM_INFO my_driver.svh(31) @ 280: uvm_test_top.env.agent.driver [MY_DRIVER]  at negedge sent counter=0 at reset=1 enable=1 up_down=0
# UVM_INFO my_monitor.svh(30) @ 305: uvm_test_top.env.agent.monitor [MY_MONITOR]  at posedge Captured counter=0 at reset=1 enable=1 up_down=1
# UVM_INFO my_driver.svh(31) @ 320: uvm_test_top.env.agent.driver [MY_DRIVER]  at negedge sent counter=0 at reset=1 enable=1 up_down=1
# UVM_INFO my_driver.svh(31) @ 360: uvm_test_top.env.agent.driver [MY_DRIVER]  at negedge sent counter=0 at reset=1 enable=1 up_down=1
# UVM_INFO my_driver.svh(31) @ 400: uvm_test_top.env.agent.driver [MY_DRIVER]  at negedge sent counter=0 at reset=0 enable=0 up_down=0
# UVM_INFO my_monitor.svh(30) @ 425: uvm_test_top.env.agent.monitor [MY_MONITOR]  at posedge Captured counter=15 at reset=0 enable=1 up_down=0
# UVM_INFO my_monitor.svh(30) @ 435: uvm_test_top.env.agent.monitor [MY_MONITOR]  at posedge Captured counter=14 at reset=0 enable=1 up_down=0
# UVM_INFO my_driver.svh(31) @ 440: uvm_test_top.env.agent.driver [MY_DRIVER]  at negedge sent counter=0 at reset=0 enable=1 up_down=0
# UVM_INFO my_monitor.svh(30) @ 445: uvm_test_top.env.agent.monitor [MY_MONITOR]  at posedge Captured counter=13 at reset=0 enable=1 up_down=0
# UVM_INFO my_monitor.svh(30) @ 455: uvm_test_top.env.agent.monitor [MY_MONITOR]  at posedge Captured counter=12 at reset=1 enable=1 up_down=0
# UVM_INFO my_monitor.svh(30) @ 465: uvm_test_top.env.agent.monitor [MY_MONITOR]  at posedge Captured counter=15 at reset=1 enable=1 up_down=0
# UVM_INFO my_driver.svh(31) @ 480: uvm_test_top.env.agent.driver [MY_DRIVER]  at negedge sent counter=0 at reset=1 enable=1 up_down=0
# UVM_INFO my_monitor.svh(30) @ 505: uvm_test_top.env.agent.monitor [MY_MONITOR]  at posedge Captured counter=0 at reset=1 enable=1 up_down=1
# UVM_INFO my_driver.svh(31) @ 520: uvm_test_top.env.agent.driver [MY_DRIVER]  at negedge sent counter=0 at reset=1 enable=1 up_down=1
# UVM_INFO my_driver.svh(31) @ 560: uvm_test_top.env.agent.driver [MY_DRIVER]  at negedge sent counter=0 at reset=1 enable=1 up_down=1
# UVM_INFO my_monitor.svh(30) @ 585: uvm_test_top.env.agent.monitor [MY_MONITOR]  at posedge Captured counter=15 at reset=1 enable=1 up_down=0
# UVM_INFO my_driver.svh(31) @ 600: uvm_test_top.env.agent.driver [MY_DRIVER]  at negedge sent counter=0 at reset=1 enable=1 up_down=0
# UVM_INFO my_monitor.svh(30) @ 625: uvm_test_top.env.agent.monitor [MY_MONITOR]  at posedge Captured counter=0 at reset=0 enable=1 up_down=1
# UVM_INFO my_monitor.svh(30) @ 635: uvm_test_top.env.agent.monitor [MY_MONITOR]  at posedge Captured counter=1 at reset=0 enable=1 up_down=1
# UVM_INFO my_driver.svh(31) @ 640: uvm_test_top.env.agent.driver [MY_DRIVER]  at negedge sent counter=0 at reset=0 enable=1 up_down=1
# UVM_INFO my_monitor.svh(30) @ 645: uvm_test_top.env.agent.monitor [MY_MONITOR]  at posedge Captured counter=2 at reset=0 enable=1 up_down=1
# UVM_INFO my_monitor.svh(30) @ 655: uvm_test_top.env.agent.monitor [MY_MONITOR]  at posedge Captured counter=3 at reset=1 enable=1 up_down=1
# UVM_INFO my_monitor.svh(30) @ 665: uvm_test_top.env.agent.monitor [MY_MONITOR]  at posedge Captured counter=0 at reset=1 enable=1 up_down=1
# UVM_INFO my_driver.svh(31) @ 680: uvm_test_top.env.agent.driver [MY_DRIVER]  at negedge sent counter=0 at reset=1 enable=1 up_down=1
# UVM_INFO my_driver.svh(31) @ 720: uvm_test_top.env.agent.driver [MY_DRIVER]  at negedge sent counter=0 at reset=1 enable=1 up_down=1
# UVM_INFO my_driver.svh(31) @ 760: uvm_test_top.env.agent.driver [MY_DRIVER]  at negedge sent counter=0 at reset=1 enable=1 up_down=1
# UVM_INFO my_monitor.svh(30) @ 785: uvm_test_top.env.agent.monitor [MY_MONITOR]  at posedge Captured counter=15 at reset=1 enable=1 up_down=0
# UVM_INFO my_driver.svh(31) @ 800: uvm_test_top.env.agent.driver [MY_DRIVER]  at negedge sent counter=0 at reset=1 enable=1 up_down=0
# UVM_INFO my_monitor.svh(30) @ 825: uvm_test_top.env.agent.monitor [MY_MONITOR]  at posedge Captured counter=14 at reset=0 enable=1 up_down=0
# UVM_INFO my_monitor.svh(30) @ 835: uvm_test_top.env.agent.monitor [MY_MONITOR]  at posedge Captured counter=13 at reset=0 enable=1 up_down=0
# UVM_INFO my_driver.svh(31) @ 840: uvm_test_top.env.agent.driver [MY_DRIVER]  at negedge sent counter=0 at reset=0 enable=1 up_down=0
# UVM_INFO my_monitor.svh(30) @ 845: uvm_test_top.env.agent.monitor [MY_MONITOR]  at posedge Captured counter=12 at reset=0 enable=1 up_down=0
# UVM_INFO my_monitor.svh(30) @ 855: uvm_test_top.env.agent.monitor [MY_MONITOR]  at posedge Captured counter=11 at reset=1 enable=0 up_down=0
# UVM_INFO my_monitor.svh(30) @ 865: uvm_test_top.env.agent.monitor [MY_MONITOR]  at posedge Captured counter=15 at reset=1 enable=0 up_down=0
# UVM_INFO my_driver.svh(31) @ 880: uvm_test_top.env.agent.driver [MY_DRIVER]  at negedge sent counter=0 at reset=1 enable=0 up_down=0
# UVM_INFO my_monitor.svh(30) @ 905: uvm_test_top.env.agent.monitor [MY_MONITOR]  at posedge Captured counter=0 at reset=0 enable=1 up_down=1
# UVM_INFO my_monitor.svh(30) @ 915: uvm_test_top.env.agent.monitor [MY_MONITOR]  at posedge Captured counter=1 at reset=0 enable=1 up_down=1
# UVM_INFO my_driver.svh(31) @ 920: uvm_test_top.env.agent.driver [MY_DRIVER]  at negedge sent counter=0 at reset=0 enable=1 up_down=1
# UVM_INFO my_monitor.svh(30) @ 925: uvm_test_top.env.agent.monitor [MY_MONITOR]  at posedge Captured counter=2 at reset=0 enable=1 up_down=1
# UVM_INFO my_monitor.svh(30) @ 935: uvm_test_top.env.agent.monitor [MY_MONITOR]  at posedge Captured counter=3 at reset=1 enable=1 up_down=0
# UVM_INFO my_monitor.svh(30) @ 945: uvm_test_top.env.agent.monitor [MY_MONITOR]  at posedge Captured counter=15 at reset=1 enable=1 up_down=0
# UVM_INFO my_driver.svh(31) @ 960: uvm_test_top.env.agent.driver [MY_DRIVER]  at negedge sent counter=0 at reset=1 enable=1 up_down=0
# UVM_INFO my_monitor.svh(30) @ 985: uvm_test_top.env.agent.monitor [MY_MONITOR]  at posedge Captured counter=0 at reset=1 enable=1 up_down=1
# UVM_INFO my_driver.svh(31) @ 1000: uvm_test_top.env.agent.driver [MY_DRIVER]  at negedge sent counter=0 at reset=1 enable=1 up_down=1
# UVM_INFO my_driver.svh(31) @ 1040: uvm_test_top.env.agent.driver [MY_DRIVER]  at negedge sent counter=0 at reset=1 enable=1 up_down=1
# UVM_INFO my_monitor.svh(30) @ 1065: uvm_test_top.env.agent.monitor [MY_MONITOR]  at posedge Captured counter=15 at reset=1 enable=1 up_down=0
# UVM_INFO my_driver.svh(31) @ 1080: uvm_test_top.env.agent.driver [MY_DRIVER]  at negedge sent counter=0 at reset=1 enable=1 up_down=0
# UVM_INFO my_monitor.svh(30) @ 1105: uvm_test_top.env.agent.monitor [MY_MONITOR]  at posedge Captured counter=0 at reset=1 enable=1 up_down=1
# UVM_INFO my_driver.svh(31) @ 1120: uvm_test_top.env.agent.driver [MY_DRIVER]  at negedge sent counter=0 at reset=1 enable=1 up_down=1
# UVM_INFO my_monitor.svh(30) @ 1145: uvm_test_top.env.agent.monitor [MY_MONITOR]  at posedge Captured counter=15 at reset=1 enable=1 up_down=0
# UVM_INFO my_driver.svh(31) @ 1160: uvm_test_top.env.agent.driver [MY_DRIVER]  at negedge sent counter=0 at reset=1 enable=1 up_down=0
# UVM_INFO my_monitor.svh(30) @ 1185: uvm_test_top.env.agent.monitor [MY_MONITOR]  at posedge Captured counter=0 at reset=1 enable=0 up_down=1
# UVM_INFO my_driver.svh(31) @ 1200: uvm_test_top.env.agent.driver [MY_DRIVER]  at negedge sent counter=0 at reset=1 enable=0 up_down=1
# UVM_INFO my_driver.svh(31) @ 1240: uvm_test_top.env.agent.driver [MY_DRIVER]  at negedge sent counter=0 at reset=1 enable=0 up_down=1
# UVM_INFO my_monitor.svh(30) @ 1265: uvm_test_top.env.agent.monitor [MY_MONITOR]  at posedge Captured counter=15 at reset=0 enable=1 up_down=0
# UVM_INFO my_monitor.svh(30) @ 1275: uvm_test_top.env.agent.monitor [MY_MONITOR]  at posedge Captured counter=14 at reset=0 enable=1 up_down=0
# UVM_INFO my_driver.svh(31) @ 1280: uvm_test_top.env.agent.driver [MY_DRIVER]  at negedge sent counter=0 at reset=0 enable=1 up_down=0
# UVM_INFO my_monitor.svh(30) @ 1285: uvm_test_top.env.agent.monitor [MY_MONITOR]  at posedge Captured counter=13 at reset=0 enable=1 up_down=0
# UVM_INFO my_monitor.svh(30) @ 1295: uvm_test_top.env.agent.monitor [MY_MONITOR]  at posedge Captured counter=12 at reset=0 enable=1 up_down=0
# UVM_INFO my_monitor.svh(30) @ 1305: uvm_test_top.env.agent.monitor [MY_MONITOR]  at posedge Captured counter=11 at reset=0 enable=1 up_down=0
# UVM_INFO my_monitor.svh(30) @ 1315: uvm_test_top.env.agent.monitor [MY_MONITOR]  at posedge Captured counter=10 at reset=0 enable=1 up_down=0
# UVM_INFO my_driver.svh(31) @ 1320: uvm_test_top.env.agent.driver [MY_DRIVER]  at negedge sent counter=0 at reset=0 enable=1 up_down=0
# UVM_INFO my_monitor.svh(30) @ 1325: uvm_test_top.env.agent.monitor [MY_MONITOR]  at posedge Captured counter=9 at reset=0 enable=1 up_down=0
# UVM_INFO my_monitor.svh(30) @ 1335: uvm_test_top.env.agent.monitor [MY_MONITOR]  at posedge Captured counter=8 at reset=0 enable=1 up_down=1
# UVM_INFO my_monitor.svh(30) @ 1345: uvm_test_top.env.agent.monitor [MY_MONITOR]  at posedge Captured counter=9 at reset=0 enable=1 up_down=1
# UVM_INFO my_monitor.svh(30) @ 1355: uvm_test_top.env.agent.monitor [MY_MONITOR]  at posedge Captured counter=10 at reset=0 enable=1 up_down=1
# UVM_INFO my_driver.svh(31) @ 1360: uvm_test_top.env.agent.driver [MY_DRIVER]  at negedge sent counter=0 at reset=0 enable=1 up_down=1
# UVM_INFO my_monitor.svh(30) @ 1365: uvm_test_top.env.agent.monitor [MY_MONITOR]  at posedge Captured counter=11 at reset=0 enable=1 up_down=1
# UVM_INFO my_monitor.svh(30) @ 1375: uvm_test_top.env.agent.monitor [MY_MONITOR]  at posedge Captured counter=12 at reset=1 enable=1 up_down=0
# UVM_INFO my_monitor.svh(30) @ 1385: uvm_test_top.env.agent.monitor [MY_MONITOR]  at posedge Captured counter=15 at reset=1 enable=1 up_down=0
# UVM_INFO my_driver.svh(31) @ 1400: uvm_test_top.env.agent.driver [MY_DRIVER]  at negedge sent counter=0 at reset=1 enable=1 up_down=0
# UVM_INFO my_monitor.svh(30) @ 1425: uvm_test_top.env.agent.monitor [MY_MONITOR]  at posedge Captured counter=0 at reset=1 enable=1 up_down=1
# UVM_INFO my_driver.svh(31) @ 1440: uvm_test_top.env.agent.driver [MY_DRIVER]  at negedge sent counter=0 at reset=1 enable=1 up_down=1
# UVM_INFO my_driver.svh(31) @ 1480: uvm_test_top.env.agent.driver [MY_DRIVER]  at negedge sent counter=0 at reset=1 enable=1 up_down=1
# UVM_INFO my_driver.svh(31) @ 1520: uvm_test_top.env.agent.driver [MY_DRIVER]  at negedge sent counter=0 at reset=1 enable=1 up_down=1
# UVM_INFO my_monitor.svh(30) @ 1545: uvm_test_top.env.agent.monitor [MY_MONITOR]  at posedge Captured counter=15 at reset=1 enable=1 up_down=0
# UVM_INFO my_driver.svh(31) @ 1560: uvm_test_top.env.agent.driver [MY_DRIVER]  at negedge sent counter=0 at reset=1 enable=1 up_down=0
# UVM_INFO my_driver.svh(31) @ 1600: uvm_test_top.env.agent.driver [MY_DRIVER]  at negedge sent counter=0 at reset=1 enable=1 up_down=0
# UVM_INFO my_driver.svh(31) @ 1640: uvm_test_top.env.agent.driver [MY_DRIVER]  at negedge sent counter=0 at reset=1 enable=1 up_down=0
# UVM_INFO my_driver.svh(31) @ 1680: uvm_test_top.env.agent.driver [MY_DRIVER]  at negedge sent counter=0 at reset=1 enable=0 up_down=0
# UVM_INFO my_monitor.svh(30) @ 1705: uvm_test_top.env.agent.monitor [MY_MONITOR]  at posedge Captured counter=0 at reset=1 enable=1 up_down=1
# UVM_INFO my_driver.svh(31) @ 1720: uvm_test_top.env.agent.driver [MY_DRIVER]  at negedge sent counter=0 at reset=1 enable=1 up_down=1
# UVM_INFO my_monitor.svh(30) @ 1745: uvm_test_top.env.agent.monitor [MY_MONITOR]  at posedge Captured counter=1 at reset=0 enable=1 up_down=1
# UVM_INFO my_monitor.svh(30) @ 1755: uvm_test_top.env.agent.monitor [MY_MONITOR]  at posedge Captured counter=2 at reset=0 enable=1 up_down=1
# UVM_INFO my_driver.svh(31) @ 1760: uvm_test_top.env.agent.driver [MY_DRIVER]  at negedge sent counter=0 at reset=0 enable=1 up_down=1
# UVM_INFO my_monitor.svh(30) @ 1765: uvm_test_top.env.agent.monitor [MY_MONITOR]  at posedge Captured counter=3 at reset=0 enable=1 up_down=1
# UVM_INFO my_monitor.svh(30) @ 1775: uvm_test_top.env.agent.monitor [MY_MONITOR]  at posedge Captured counter=4 at reset=1 enable=1 up_down=0
# UVM_INFO my_monitor.svh(30) @ 1785: uvm_test_top.env.agent.monitor [MY_MONITOR]  at posedge Captured counter=15 at reset=1 enable=1 up_down=0
# UVM_INFO my_driver.svh(31) @ 1800: uvm_test_top.env.agent.driver [MY_DRIVER]  at negedge sent counter=0 at reset=1 enable=1 up_down=0
# UVM_INFO my_monitor.svh(30) @ 1825: uvm_test_top.env.agent.monitor [MY_MONITOR]  at posedge Captured counter=14 at reset=0 enable=1 up_down=0
# UVM_INFO my_monitor.svh(30) @ 1835: uvm_test_top.env.agent.monitor [MY_MONITOR]  at posedge Captured counter=13 at reset=0 enable=1 up_down=0
# UVM_INFO my_driver.svh(31) @ 1840: uvm_test_top.env.agent.driver [MY_DRIVER]  at negedge sent counter=0 at reset=0 enable=1 up_down=0
# UVM_INFO my_monitor.svh(30) @ 1845: uvm_test_top.env.agent.monitor [MY_MONITOR]  at posedge Captured counter=12 at reset=0 enable=1 up_down=0
# UVM_INFO my_monitor.svh(30) @ 1855: uvm_test_top.env.agent.monitor [MY_MONITOR]  at posedge Captured counter=11 at reset=1 enable=1 up_down=0
# UVM_INFO my_monitor.svh(30) @ 1865: uvm_test_top.env.agent.monitor [MY_MONITOR]  at posedge Captured counter=15 at reset=1 enable=1 up_down=0
# UVM_INFO my_driver.svh(31) @ 1880: uvm_test_top.env.agent.driver [MY_DRIVER]  at negedge sent counter=0 at reset=1 enable=1 up_down=0
# UVM_INFO my_driver.svh(31) @ 1920: uvm_test_top.env.agent.driver [MY_DRIVER]  at negedge sent counter=0 at reset=1 enable=1 up_down=0
# UVM_INFO my_monitor.svh(30) @ 1945: uvm_test_top.env.agent.monitor [MY_MONITOR]  at posedge Captured counter=0 at reset=1 enable=1 up_down=1
# UVM_INFO my_driver.svh(31) @ 1960: uvm_test_top.env.agent.driver [MY_DRIVER]  at negedge sent counter=0 at reset=1 enable=1 up_down=1
# UVM_INFO my_monitor.svh(30) @ 1985: uvm_test_top.env.agent.monitor [MY_MONITOR]  at posedge Captured counter=15 at reset=1 enable=1 up_down=0
# UVM_INFO my_driver.svh(31) @ 2000: uvm_test_top.env.agent.driver [MY_DRIVER]  at negedge sent counter=0 at reset=1 enable=1 up_down=0
# UVM_INFO /usr/share/questa/questasim/verilog_src/uvm-1.2/src/base/uvm_objection.svh(1270) @ 2000: reporter [TEST_DONE] 'run' phase is ready to proceed to the 'extract' phase
# UVM_INFO /usr/share/questa/questasim/verilog_src/uvm-1.2/src/base/uvm_report_server.svh(847) @ 2000: reporter [UVM/REPORT/SERVER] 
# --- UVM Report Summary ---
# 
# ** Report counts by severity
# UVM_INFO :  125
# UVM_WARNING :    0
# UVM_ERROR :    1
# UVM_FATAL :    0
# ** Report counts by id
# [MY_DRIVER]    50
# [MY_MONITOR]    70
# [Questa UVM]     2
# [RNTST]     1
# [SCOREBOARD]     1
# [TEST_DONE]     1
# [UVM/RELNOTES]     1
# 
# ** Note: $finish    : /usr/share/questa/questasim/verilog_src/uvm-1.2/src/base/uvm_root.svh(517)
#    Time: 2 us  Iteration: 77  Instance: /top
# End time: 05:59:29 on Dec 02,2024, Elapsed time: 0:00:01
# Errors: 0, Warnings: 0
# *** Summary *********************************************
#     qrun: Errors:   0, Warnings:   0
#     vlog: Errors:   0, Warnings:   0
#     vopt: Errors:   0, Warnings:   1
#     vsim: Errors:   0, Warnings:   0
#   Totals: Errors:   0, Warnings:   1
