
===========================================================================
report_checks -path_delay min (Hold)
============================================================================
======================= nom_tt_025C_1v80 Corner ===================================

Startpoint: _46_ (rising edge-triggered flip-flop clocked by clk)
Endpoint: _46_ (rising edge-triggered flip-flop clocked by clk)
Path Group: clk
Path Type: min

Fanout         Cap        Slew       Delay        Time   Description
---------------------------------------------------------------------------------------------
                                  0.000000    0.000000   clock clk (rise edge)
                                  0.000000    0.000000   clock source latency
     1    0.009475    0.000000    0.000000    0.000000 ^ clk (in)
                                                         clk (net)
                      0.000257    0.000129    0.000129 ^ clkbuf_0_clk/A (sky130_fd_sc_hd__clkbuf_16)
     2    0.017803    0.039975    0.107596    0.107724 ^ clkbuf_0_clk/X (sky130_fd_sc_hd__clkbuf_16)
                                                         clknet_0_clk (net)
                      0.039976    0.000384    0.108108 ^ clkbuf_1_1__f_clk/A (sky130_fd_sc_hd__clkbuf_16)
     2    0.005421    0.029152    0.109195    0.217303 ^ clkbuf_1_1__f_clk/X (sky130_fd_sc_hd__clkbuf_16)
                                                         clknet_1_1__leaf_clk (net)
                      0.029152    0.000149    0.217452 ^ _46_/CLK (sky130_fd_sc_hd__dfxtp_1)
     7    0.024021    0.115639    0.362826    0.580279 v _46_/Q (sky130_fd_sc_hd__dfxtp_1)
                                                         net4 (net)
                      0.115640    0.000535    0.580814 v _28_/A1 (sky130_fd_sc_hd__o21ai_1)
     1    0.003184    0.078469    0.155309    0.736123 ^ _28_/Y (sky130_fd_sc_hd__o21ai_1)
                                                         _00_ (net)
                      0.078469    0.000106    0.736229 ^ _46_/D (sky130_fd_sc_hd__dfxtp_1)
                                              0.736229   data arrival time

                                  0.000000    0.000000   clock clk (rise edge)
                                  0.000000    0.000000   clock source latency
     1    0.009475    0.000000    0.000000    0.000000 ^ clk (in)
                                                         clk (net)
                      0.000257    0.000129    0.000129 ^ clkbuf_0_clk/A (sky130_fd_sc_hd__clkbuf_16)
     2    0.017803    0.039975    0.107596    0.107724 ^ clkbuf_0_clk/X (sky130_fd_sc_hd__clkbuf_16)
                                                         clknet_0_clk (net)
                      0.039976    0.000384    0.108108 ^ clkbuf_1_1__f_clk/A (sky130_fd_sc_hd__clkbuf_16)
     2    0.005421    0.029152    0.109195    0.217303 ^ clkbuf_1_1__f_clk/X (sky130_fd_sc_hd__clkbuf_16)
                                                         clknet_1_1__leaf_clk (net)
                      0.029152    0.000149    0.217452 ^ _46_/CLK (sky130_fd_sc_hd__dfxtp_1)
                                  0.000000    0.217452   clock reconvergence pessimism
                                 -0.040385    0.177067   library hold time
                                              0.177067   data required time
---------------------------------------------------------------------------------------------
                                              0.177067   data required time
                                             -0.736229   data arrival time
---------------------------------------------------------------------------------------------
                                              0.559162   slack (MET)


Startpoint: _49_ (rising edge-triggered flip-flop clocked by clk)
Endpoint: _49_ (rising edge-triggered flip-flop clocked by clk)
Path Group: clk
Path Type: min

Fanout         Cap        Slew       Delay        Time   Description
---------------------------------------------------------------------------------------------
                                  0.000000    0.000000   clock clk (rise edge)
                                  0.000000    0.000000   clock source latency
     1    0.009475    0.000000    0.000000    0.000000 ^ clk (in)
                                                         clk (net)
                      0.000257    0.000129    0.000129 ^ clkbuf_0_clk/A (sky130_fd_sc_hd__clkbuf_16)
     2    0.017803    0.039975    0.107596    0.107724 ^ clkbuf_0_clk/X (sky130_fd_sc_hd__clkbuf_16)
                                                         clknet_0_clk (net)
                      0.039977    0.000401    0.108125 ^ clkbuf_1_0__f_clk/A (sky130_fd_sc_hd__clkbuf_16)
     2    0.004859    0.028638    0.108527    0.216652 ^ clkbuf_1_0__f_clk/X (sky130_fd_sc_hd__clkbuf_16)
                                                         clknet_1_0__leaf_clk (net)
                      0.028638    0.000118    0.216770 ^ _49_/CLK (sky130_fd_sc_hd__dfxtp_1)
     3    0.009106    0.052126    0.311049    0.527819 v _49_/Q (sky130_fd_sc_hd__dfxtp_1)
                                                         net7 (net)
                      0.052184    0.000201    0.528020 v _44_/B (sky130_fd_sc_hd__nand4_1)
     1    0.004166    0.065568    0.091294    0.619314 ^ _44_/Y (sky130_fd_sc_hd__nand4_1)
                                                         _22_ (net)
                      0.065568    0.000143    0.619456 ^ _45_/A3 (sky130_fd_sc_hd__a31o_1)
     1    0.002074    0.038869    0.133098    0.752554 ^ _45_/X (sky130_fd_sc_hd__a31o_1)
                                                         _03_ (net)
                      0.038869    0.000060    0.752614 ^ _49_/D (sky130_fd_sc_hd__dfxtp_1)
                                              0.752614   data arrival time

                                  0.000000    0.000000   clock clk (rise edge)
                                  0.000000    0.000000   clock source latency
     1    0.009475    0.000000    0.000000    0.000000 ^ clk (in)
                                                         clk (net)
                      0.000257    0.000129    0.000129 ^ clkbuf_0_clk/A (sky130_fd_sc_hd__clkbuf_16)
     2    0.017803    0.039975    0.107596    0.107724 ^ clkbuf_0_clk/X (sky130_fd_sc_hd__clkbuf_16)
                                                         clknet_0_clk (net)
                      0.039977    0.000401    0.108125 ^ clkbuf_1_0__f_clk/A (sky130_fd_sc_hd__clkbuf_16)
     2    0.004859    0.028638    0.108527    0.216652 ^ clkbuf_1_0__f_clk/X (sky130_fd_sc_hd__clkbuf_16)
                                                         clknet_1_0__leaf_clk (net)
                      0.028638    0.000118    0.216770 ^ _49_/CLK (sky130_fd_sc_hd__dfxtp_1)
                                  0.000000    0.216770   clock reconvergence pessimism
                                 -0.032140    0.184630   library hold time
                                              0.184630   data required time
---------------------------------------------------------------------------------------------
                                              0.184630   data required time
                                             -0.752614   data arrival time
---------------------------------------------------------------------------------------------
                                              0.567984   slack (MET)


Startpoint: _48_ (rising edge-triggered flip-flop clocked by clk)
Endpoint: _48_ (rising edge-triggered flip-flop clocked by clk)
Path Group: clk
Path Type: min

Fanout         Cap        Slew       Delay        Time   Description
---------------------------------------------------------------------------------------------
                                  0.000000    0.000000   clock clk (rise edge)
                                  0.000000    0.000000   clock source latency
     1    0.009475    0.000000    0.000000    0.000000 ^ clk (in)
                                                         clk (net)
                      0.000257    0.000129    0.000129 ^ clkbuf_0_clk/A (sky130_fd_sc_hd__clkbuf_16)
     2    0.017803    0.039975    0.107596    0.107724 ^ clkbuf_0_clk/X (sky130_fd_sc_hd__clkbuf_16)
                                                         clknet_0_clk (net)
                      0.039976    0.000384    0.108108 ^ clkbuf_1_1__f_clk/A (sky130_fd_sc_hd__clkbuf_16)
     2    0.005421    0.029152    0.109195    0.217303 ^ clkbuf_1_1__f_clk/X (sky130_fd_sc_hd__clkbuf_16)
                                                         clknet_1_1__leaf_clk (net)
                      0.029152    0.000131    0.217434 ^ _48_/CLK (sky130_fd_sc_hd__dfxtp_1)
     5    0.017039    0.166111    0.386307    0.603741 ^ _48_/Q (sky130_fd_sc_hd__dfxtp_1)
                                                         net6 (net)
                      0.166111    0.000212    0.603953 ^ _39_/A1 (sky130_fd_sc_hd__a21oi_1)
     1    0.002669    0.056162    0.085212    0.689165 v _39_/Y (sky130_fd_sc_hd__a21oi_1)
                                                         _18_ (net)
                      0.056162    0.000081    0.689246 v _40_/B1 (sky130_fd_sc_hd__o21ai_1)
     1    0.002420    0.068557    0.069531    0.758777 ^ _40_/Y (sky130_fd_sc_hd__o21ai_1)
                                                         _02_ (net)
                      0.068557    0.000072    0.758848 ^ _48_/D (sky130_fd_sc_hd__dfxtp_1)
                                              0.758848   data arrival time

                                  0.000000    0.000000   clock clk (rise edge)
                                  0.000000    0.000000   clock source latency
     1    0.009475    0.000000    0.000000    0.000000 ^ clk (in)
                                                         clk (net)
                      0.000257    0.000129    0.000129 ^ clkbuf_0_clk/A (sky130_fd_sc_hd__clkbuf_16)
     2    0.017803    0.039975    0.107596    0.107724 ^ clkbuf_0_clk/X (sky130_fd_sc_hd__clkbuf_16)
                                                         clknet_0_clk (net)
                      0.039976    0.000384    0.108108 ^ clkbuf_1_1__f_clk/A (sky130_fd_sc_hd__clkbuf_16)
     2    0.005421    0.029152    0.109195    0.217303 ^ clkbuf_1_1__f_clk/X (sky130_fd_sc_hd__clkbuf_16)
                                                         clknet_1_1__leaf_clk (net)
                      0.029152    0.000131    0.217434 ^ _48_/CLK (sky130_fd_sc_hd__dfxtp_1)
                                  0.000000    0.217434   clock reconvergence pessimism
                                 -0.038305    0.179130   library hold time
                                              0.179130   data required time
---------------------------------------------------------------------------------------------
                                              0.179130   data required time
                                             -0.758848   data arrival time
---------------------------------------------------------------------------------------------
                                              0.579719   slack (MET)


Startpoint: _47_ (rising edge-triggered flip-flop clocked by clk)
Endpoint: _47_ (rising edge-triggered flip-flop clocked by clk)
Path Group: clk
Path Type: min

Fanout         Cap        Slew       Delay        Time   Description
---------------------------------------------------------------------------------------------
                                  0.000000    0.000000   clock clk (rise edge)
                                  0.000000    0.000000   clock source latency
     1    0.009475    0.000000    0.000000    0.000000 ^ clk (in)
                                                         clk (net)
                      0.000257    0.000129    0.000129 ^ clkbuf_0_clk/A (sky130_fd_sc_hd__clkbuf_16)
     2    0.017803    0.039975    0.107596    0.107724 ^ clkbuf_0_clk/X (sky130_fd_sc_hd__clkbuf_16)
                                                         clknet_0_clk (net)
                      0.039977    0.000401    0.108125 ^ clkbuf_1_0__f_clk/A (sky130_fd_sc_hd__clkbuf_16)
     2    0.004859    0.028638    0.108527    0.216652 ^ clkbuf_1_0__f_clk/X (sky130_fd_sc_hd__clkbuf_16)
                                                         clknet_1_0__leaf_clk (net)
                      0.028638    0.000101    0.216753 ^ _47_/CLK (sky130_fd_sc_hd__dfxtp_1)
     6    0.021725    0.208332    0.416173    0.632926 ^ _47_/Q (sky130_fd_sc_hd__dfxtp_1)
                                                         net5 (net)
                      0.208332    0.000399    0.633325 ^ _33_/A1 (sky130_fd_sc_hd__a21o_1)
     1    0.003222    0.041983    0.143124    0.776449 ^ _33_/X (sky130_fd_sc_hd__a21o_1)
                                                         _13_ (net)
                      0.041983    0.000097    0.776546 ^ _34_/B1 (sky130_fd_sc_hd__a31o_1)
     1    0.002307    0.036205    0.081925    0.858471 ^ _34_/X (sky130_fd_sc_hd__a31o_1)
                                                         _01_ (net)
                      0.036205    0.000069    0.858540 ^ _47_/D (sky130_fd_sc_hd__dfxtp_1)
                                              0.858540   data arrival time

                                  0.000000    0.000000   clock clk (rise edge)
                                  0.000000    0.000000   clock source latency
     1    0.009475    0.000000    0.000000    0.000000 ^ clk (in)
                                                         clk (net)
                      0.000257    0.000129    0.000129 ^ clkbuf_0_clk/A (sky130_fd_sc_hd__clkbuf_16)
     2    0.017803    0.039975    0.107596    0.107724 ^ clkbuf_0_clk/X (sky130_fd_sc_hd__clkbuf_16)
                                                         clknet_0_clk (net)
                      0.039977    0.000401    0.108125 ^ clkbuf_1_0__f_clk/A (sky130_fd_sc_hd__clkbuf_16)
     2    0.004859    0.028638    0.108527    0.216652 ^ clkbuf_1_0__f_clk/X (sky130_fd_sc_hd__clkbuf_16)
                                                         clknet_1_0__leaf_clk (net)
                      0.028638    0.000101    0.216753 ^ _47_/CLK (sky130_fd_sc_hd__dfxtp_1)
                                  0.000000    0.216753   clock reconvergence pessimism
                                 -0.031581    0.185171   library hold time
                                              0.185171   data required time
---------------------------------------------------------------------------------------------
                                              0.185171   data required time
                                             -0.858540   data arrival time
---------------------------------------------------------------------------------------------
                                              0.673368   slack (MET)


Startpoint: _49_ (rising edge-triggered flip-flop clocked by clk)
Endpoint: counter[3] (output port clocked by clk)
Path Group: clk
Path Type: min

Fanout         Cap        Slew       Delay        Time   Description
---------------------------------------------------------------------------------------------
                                  0.000000    0.000000   clock clk (rise edge)
                                  0.000000    0.000000   clock source latency
     1    0.009475    0.000000    0.000000    0.000000 ^ clk (in)
                                                         clk (net)
                      0.000257    0.000129    0.000129 ^ clkbuf_0_clk/A (sky130_fd_sc_hd__clkbuf_16)
     2    0.017803    0.039975    0.107596    0.107724 ^ clkbuf_0_clk/X (sky130_fd_sc_hd__clkbuf_16)
                                                         clknet_0_clk (net)
                      0.039977    0.000401    0.108125 ^ clkbuf_1_0__f_clk/A (sky130_fd_sc_hd__clkbuf_16)
     2    0.004859    0.028638    0.108527    0.216652 ^ clkbuf_1_0__f_clk/X (sky130_fd_sc_hd__clkbuf_16)
                                                         clknet_1_0__leaf_clk (net)
                      0.028638    0.000118    0.216770 ^ _49_/CLK (sky130_fd_sc_hd__dfxtp_1)
     3    0.009106    0.052126    0.311049    0.527819 v _49_/Q (sky130_fd_sc_hd__dfxtp_1)
                                                         net7 (net)
                      0.052184    0.000160    0.527979 v output7/A (sky130_fd_sc_hd__buf_1)
     1    0.000306    0.013746    0.075807    0.603786 v output7/X (sky130_fd_sc_hd__buf_1)
                                                         counter[3] (net)
                      0.013746    0.000003    0.603789 v counter[3] (out)
                                              0.603789   data arrival time

                                  0.000000    0.000000   clock clk (rise edge)
                                  0.000000    0.000000   clock network delay (propagated)
                                  0.000000    0.000000   clock reconvergence pessimism
                               -5000.000000 -5000.000000   output external delay
                                           -5000.000000   data required time
---------------------------------------------------------------------------------------------
                                           -5000.000000   data required time
                                             -0.603789   data arrival time
---------------------------------------------------------------------------------------------
                                           5000.604004   slack (MET)


Startpoint: _48_ (rising edge-triggered flip-flop clocked by clk)
Endpoint: counter[2] (output port clocked by clk)
Path Group: clk
Path Type: min

Fanout         Cap        Slew       Delay        Time   Description
---------------------------------------------------------------------------------------------
                                  0.000000    0.000000   clock clk (rise edge)
                                  0.000000    0.000000   clock source latency
     1    0.009475    0.000000    0.000000    0.000000 ^ clk (in)
                                                         clk (net)
                      0.000257    0.000129    0.000129 ^ clkbuf_0_clk/A (sky130_fd_sc_hd__clkbuf_16)
     2    0.017803    0.039975    0.107596    0.107724 ^ clkbuf_0_clk/X (sky130_fd_sc_hd__clkbuf_16)
                                                         clknet_0_clk (net)
                      0.039976    0.000384    0.108108 ^ clkbuf_1_1__f_clk/A (sky130_fd_sc_hd__clkbuf_16)
     2    0.005421    0.029152    0.109195    0.217303 ^ clkbuf_1_1__f_clk/X (sky130_fd_sc_hd__clkbuf_16)
                                                         clknet_1_1__leaf_clk (net)
                      0.029152    0.000131    0.217434 ^ _48_/CLK (sky130_fd_sc_hd__dfxtp_1)
     5    0.015936    0.081485    0.334822    0.552256 v _48_/Q (sky130_fd_sc_hd__dfxtp_1)
                                                         net6 (net)
                      0.081485    0.000389    0.552645 v output6/A (sky130_fd_sc_hd__buf_1)
     1    0.000376    0.014622    0.089052    0.641696 v output6/X (sky130_fd_sc_hd__buf_1)
                                                         counter[2] (net)
                      0.014622    0.000004    0.641700 v counter[2] (out)
                                              0.641700   data arrival time

                                  0.000000    0.000000   clock clk (rise edge)
                                  0.000000    0.000000   clock network delay (propagated)
                                  0.000000    0.000000   clock reconvergence pessimism
                               -5000.000000 -5000.000000   output external delay
                                           -5000.000000   data required time
---------------------------------------------------------------------------------------------
                                           -5000.000000   data required time
                                             -0.641700   data arrival time
---------------------------------------------------------------------------------------------
                                           5000.641602   slack (MET)


Startpoint: _47_ (rising edge-triggered flip-flop clocked by clk)
Endpoint: counter[1] (output port clocked by clk)
Path Group: clk
Path Type: min

Fanout         Cap        Slew       Delay        Time   Description
---------------------------------------------------------------------------------------------
                                  0.000000    0.000000   clock clk (rise edge)
                                  0.000000    0.000000   clock source latency
     1    0.009475    0.000000    0.000000    0.000000 ^ clk (in)
                                                         clk (net)
                      0.000257    0.000129    0.000129 ^ clkbuf_0_clk/A (sky130_fd_sc_hd__clkbuf_16)
     2    0.017803    0.039975    0.107596    0.107724 ^ clkbuf_0_clk/X (sky130_fd_sc_hd__clkbuf_16)
                                                         clknet_0_clk (net)
                      0.039977    0.000401    0.108125 ^ clkbuf_1_0__f_clk/A (sky130_fd_sc_hd__clkbuf_16)
     2    0.004859    0.028638    0.108527    0.216652 ^ clkbuf_1_0__f_clk/X (sky130_fd_sc_hd__clkbuf_16)
                                                         clknet_1_0__leaf_clk (net)
                      0.028638    0.000101    0.216753 ^ _47_/CLK (sky130_fd_sc_hd__dfxtp_1)
     6    0.020311    0.100470    0.349779    0.566532 v _47_/Q (sky130_fd_sc_hd__dfxtp_1)
                                                         net5 (net)
                      0.100473    0.000618    0.567149 v output5/A (sky130_fd_sc_hd__buf_1)
     1    0.000450    0.015343    0.097825    0.664975 v output5/X (sky130_fd_sc_hd__buf_1)
                                                         counter[1] (net)
                      0.015343    0.000005    0.664980 v counter[1] (out)
                                              0.664980   data arrival time

                                  0.000000    0.000000   clock clk (rise edge)
                                  0.000000    0.000000   clock network delay (propagated)
                                  0.000000    0.000000   clock reconvergence pessimism
                               -5000.000000 -5000.000000   output external delay
                                           -5000.000000   data required time
---------------------------------------------------------------------------------------------
                                           -5000.000000   data required time
                                             -0.664980   data arrival time
---------------------------------------------------------------------------------------------
                                           5000.665039   slack (MET)


Startpoint: _46_ (rising edge-triggered flip-flop clocked by clk)
Endpoint: counter[0] (output port clocked by clk)
Path Group: clk
Path Type: min

Fanout         Cap        Slew       Delay        Time   Description
---------------------------------------------------------------------------------------------
                                  0.000000    0.000000   clock clk (rise edge)
                                  0.000000    0.000000   clock source latency
     1    0.009475    0.000000    0.000000    0.000000 ^ clk (in)
                                                         clk (net)
                      0.000257    0.000129    0.000129 ^ clkbuf_0_clk/A (sky130_fd_sc_hd__clkbuf_16)
     2    0.017803    0.039975    0.107596    0.107724 ^ clkbuf_0_clk/X (sky130_fd_sc_hd__clkbuf_16)
                                                         clknet_0_clk (net)
                      0.039976    0.000384    0.108108 ^ clkbuf_1_1__f_clk/A (sky130_fd_sc_hd__clkbuf_16)
     2    0.005421    0.029152    0.109195    0.217303 ^ clkbuf_1_1__f_clk/X (sky130_fd_sc_hd__clkbuf_16)
                                                         clknet_1_1__leaf_clk (net)
                      0.029152    0.000149    0.217452 ^ _46_/CLK (sky130_fd_sc_hd__dfxtp_1)
     7    0.024021    0.115639    0.362826    0.580279 v _46_/Q (sky130_fd_sc_hd__dfxtp_1)
                                                         net4 (net)
                      0.115639    0.000276    0.580555 v output4/A (sky130_fd_sc_hd__buf_1)
     1    0.000308    0.014849    0.103488    0.684043 v output4/X (sky130_fd_sc_hd__buf_1)
                                                         counter[0] (net)
                      0.014849    0.000003    0.684046 v counter[0] (out)
                                              0.684046   data arrival time

                                  0.000000    0.000000   clock clk (rise edge)
                                  0.000000    0.000000   clock network delay (propagated)
                                  0.000000    0.000000   clock reconvergence pessimism
                               -5000.000000 -5000.000000   output external delay
                                           -5000.000000   data required time
---------------------------------------------------------------------------------------------
                                           -5000.000000   data required time
                                             -0.684046   data arrival time
---------------------------------------------------------------------------------------------
                                           5000.684082   slack (MET)



