
===========================================================================
report_checks -path_delay min (Hold)
============================================================================
======================= nom_ff_n40C_1v95 Corner ===================================

Startpoint: _46_ (rising edge-triggered flip-flop clocked by clk)
Endpoint: _46_ (rising edge-triggered flip-flop clocked by clk)
Path Group: clk
Path Type: min

Fanout         Cap        Slew       Delay        Time   Description
---------------------------------------------------------------------------------------------
                                  0.000000    0.000000   clock clk (rise edge)
                                  0.000000    0.000000   clock source latency
     1    0.009809    0.000000    0.000000    0.000000 ^ clk (in)
                                                         clk (net)
                      0.000260    0.000130    0.000130 ^ clkbuf_0_clk/A (sky130_fd_sc_hd__clkbuf_16)
     2    0.018121    0.029876    0.074697    0.074827 ^ clkbuf_0_clk/X (sky130_fd_sc_hd__clkbuf_16)
                                                         clknet_0_clk (net)
                      0.029878    0.000425    0.075252 ^ clkbuf_1_1__f_clk/A (sky130_fd_sc_hd__clkbuf_16)
     2    0.005683    0.021464    0.073985    0.149237 ^ clkbuf_1_1__f_clk/X (sky130_fd_sc_hd__clkbuf_16)
                                                         clknet_1_1__leaf_clk (net)
                      0.021464    0.000140    0.149377 ^ _46_/CLK (sky130_fd_sc_hd__dfxtp_1)
     7    0.023279    0.079285    0.233810    0.383187 v _46_/Q (sky130_fd_sc_hd__dfxtp_1)
                                                         net4 (net)
                      0.079287    0.000487    0.383674 v _28_/A1 (sky130_fd_sc_hd__o21ai_1)
     1    0.002315    0.035652    0.095997    0.479672 ^ _28_/Y (sky130_fd_sc_hd__o21ai_1)
                                                         _00_ (net)
                      0.035652    0.000068    0.479740 ^ _46_/D (sky130_fd_sc_hd__dfxtp_1)
                                              0.479740   data arrival time

                                  0.000000    0.000000   clock clk (rise edge)
                                  0.000000    0.000000   clock source latency
     1    0.009809    0.000000    0.000000    0.000000 ^ clk (in)
                                                         clk (net)
                      0.000260    0.000130    0.000130 ^ clkbuf_0_clk/A (sky130_fd_sc_hd__clkbuf_16)
     2    0.018121    0.029876    0.074697    0.074827 ^ clkbuf_0_clk/X (sky130_fd_sc_hd__clkbuf_16)
                                                         clknet_0_clk (net)
                      0.029878    0.000425    0.075252 ^ clkbuf_1_1__f_clk/A (sky130_fd_sc_hd__clkbuf_16)
     2    0.005683    0.021464    0.073985    0.149237 ^ clkbuf_1_1__f_clk/X (sky130_fd_sc_hd__clkbuf_16)
                                                         clknet_1_1__leaf_clk (net)
                      0.021464    0.000140    0.149377 ^ _46_/CLK (sky130_fd_sc_hd__dfxtp_1)
                                  0.000000    0.149377   clock reconvergence pessimism
                                 -0.017857    0.131520   library hold time
                                              0.131520   data required time
---------------------------------------------------------------------------------------------
                                              0.131520   data required time
                                             -0.479740   data arrival time
---------------------------------------------------------------------------------------------
                                              0.348220   slack (MET)


Startpoint: _48_ (rising edge-triggered flip-flop clocked by clk)
Endpoint: _48_ (rising edge-triggered flip-flop clocked by clk)
Path Group: clk
Path Type: min

Fanout         Cap        Slew       Delay        Time   Description
---------------------------------------------------------------------------------------------
                                  0.000000    0.000000   clock clk (rise edge)
                                  0.000000    0.000000   clock source latency
     1    0.009809    0.000000    0.000000    0.000000 ^ clk (in)
                                                         clk (net)
                      0.000260    0.000130    0.000130 ^ clkbuf_0_clk/A (sky130_fd_sc_hd__clkbuf_16)
     2    0.018121    0.029876    0.074697    0.074827 ^ clkbuf_0_clk/X (sky130_fd_sc_hd__clkbuf_16)
                                                         clknet_0_clk (net)
                      0.029878    0.000425    0.075252 ^ clkbuf_1_1__f_clk/A (sky130_fd_sc_hd__clkbuf_16)
     2    0.005683    0.021464    0.073985    0.149237 ^ clkbuf_1_1__f_clk/X (sky130_fd_sc_hd__clkbuf_16)
                                                         clknet_1_1__leaf_clk (net)
                      0.021464    0.000166    0.149402 ^ _48_/CLK (sky130_fd_sc_hd__dfxtp_1)
     5    0.016967    0.124269    0.249404    0.398806 ^ _48_/Q (sky130_fd_sc_hd__dfxtp_1)
                                                         net6 (net)
                      0.124270    0.000625    0.399431 ^ _39_/A1 (sky130_fd_sc_hd__a21oi_1)
     1    0.002176    0.038298    0.039995    0.439426 v _39_/Y (sky130_fd_sc_hd__a21oi_1)
                                                         _18_ (net)
                      0.038298    0.000042    0.439468 v _40_/B1 (sky130_fd_sc_hd__o21ai_1)
     1    0.002324    0.035487    0.045137    0.484605 ^ _40_/Y (sky130_fd_sc_hd__o21ai_1)
                                                         _02_ (net)
                      0.035487    0.000048    0.484653 ^ _48_/D (sky130_fd_sc_hd__dfxtp_1)
                                              0.484653   data arrival time

                                  0.000000    0.000000   clock clk (rise edge)
                                  0.000000    0.000000   clock source latency
     1    0.009809    0.000000    0.000000    0.000000 ^ clk (in)
                                                         clk (net)
                      0.000260    0.000130    0.000130 ^ clkbuf_0_clk/A (sky130_fd_sc_hd__clkbuf_16)
     2    0.018121    0.029876    0.074697    0.074827 ^ clkbuf_0_clk/X (sky130_fd_sc_hd__clkbuf_16)
                                                         clknet_0_clk (net)
                      0.029878    0.000425    0.075252 ^ clkbuf_1_1__f_clk/A (sky130_fd_sc_hd__clkbuf_16)
     2    0.005683    0.021464    0.073985    0.149237 ^ clkbuf_1_1__f_clk/X (sky130_fd_sc_hd__clkbuf_16)
                                                         clknet_1_1__leaf_clk (net)
                      0.021464    0.000166    0.149402 ^ _48_/CLK (sky130_fd_sc_hd__dfxtp_1)
                                  0.000000    0.149402   clock reconvergence pessimism
                                 -0.017846    0.131557   library hold time
                                              0.131557   data required time
---------------------------------------------------------------------------------------------
                                              0.131557   data required time
                                             -0.484653   data arrival time
---------------------------------------------------------------------------------------------
                                              0.353097   slack (MET)


Startpoint: _49_ (rising edge-triggered flip-flop clocked by clk)
Endpoint: _49_ (rising edge-triggered flip-flop clocked by clk)
Path Group: clk
Path Type: min

Fanout         Cap        Slew       Delay        Time   Description
---------------------------------------------------------------------------------------------
                                  0.000000    0.000000   clock clk (rise edge)
                                  0.000000    0.000000   clock source latency
     1    0.009809    0.000000    0.000000    0.000000 ^ clk (in)
                                                         clk (net)
                      0.000260    0.000130    0.000130 ^ clkbuf_0_clk/A (sky130_fd_sc_hd__clkbuf_16)
     2    0.018121    0.029876    0.074697    0.074827 ^ clkbuf_0_clk/X (sky130_fd_sc_hd__clkbuf_16)
                                                         clknet_0_clk (net)
                      0.029878    0.000445    0.075272 ^ clkbuf_1_0__f_clk/A (sky130_fd_sc_hd__clkbuf_16)
     2    0.005063    0.021031    0.073460    0.148731 ^ clkbuf_1_0__f_clk/X (sky130_fd_sc_hd__clkbuf_16)
                                                         clknet_1_0__leaf_clk (net)
                      0.021031    0.000122    0.148853 ^ _49_/CLK (sky130_fd_sc_hd__dfxtp_1)
     3    0.009377    0.038347    0.200138    0.348992 v _49_/Q (sky130_fd_sc_hd__dfxtp_1)
                                                         net7 (net)
                      0.038348    0.000206    0.349197 v _44_/B (sky130_fd_sc_hd__nand4_1)
     1    0.003296    0.042342    0.060360    0.409558 ^ _44_/Y (sky130_fd_sc_hd__nand4_1)
                                                         _22_ (net)
                      0.042342    0.000102    0.409660 ^ _45_/A3 (sky130_fd_sc_hd__a31o_1)
     1    0.002459    0.027475    0.079149    0.488809 ^ _45_/X (sky130_fd_sc_hd__a31o_1)
                                                         _03_ (net)
                      0.027475    0.000053    0.488862 ^ _49_/D (sky130_fd_sc_hd__dfxtp_1)
                                              0.488862   data arrival time

                                  0.000000    0.000000   clock clk (rise edge)
                                  0.000000    0.000000   clock source latency
     1    0.009809    0.000000    0.000000    0.000000 ^ clk (in)
                                                         clk (net)
                      0.000260    0.000130    0.000130 ^ clkbuf_0_clk/A (sky130_fd_sc_hd__clkbuf_16)
     2    0.018121    0.029876    0.074697    0.074827 ^ clkbuf_0_clk/X (sky130_fd_sc_hd__clkbuf_16)
                                                         clknet_0_clk (net)
                      0.029878    0.000445    0.075272 ^ clkbuf_1_0__f_clk/A (sky130_fd_sc_hd__clkbuf_16)
     2    0.005063    0.021031    0.073460    0.148731 ^ clkbuf_1_0__f_clk/X (sky130_fd_sc_hd__clkbuf_16)
                                                         clknet_1_0__leaf_clk (net)
                      0.021031    0.000122    0.148853 ^ _49_/CLK (sky130_fd_sc_hd__dfxtp_1)
                                  0.000000    0.148853   clock reconvergence pessimism
                                 -0.017288    0.131565   library hold time
                                              0.131565   data required time
---------------------------------------------------------------------------------------------
                                              0.131565   data required time
                                             -0.488862   data arrival time
---------------------------------------------------------------------------------------------
                                              0.357296   slack (MET)


Startpoint: _47_ (rising edge-triggered flip-flop clocked by clk)
Endpoint: _47_ (rising edge-triggered flip-flop clocked by clk)
Path Group: clk
Path Type: min

Fanout         Cap        Slew       Delay        Time   Description
---------------------------------------------------------------------------------------------
                                  0.000000    0.000000   clock clk (rise edge)
                                  0.000000    0.000000   clock source latency
     1    0.009809    0.000000    0.000000    0.000000 ^ clk (in)
                                                         clk (net)
                      0.000260    0.000130    0.000130 ^ clkbuf_0_clk/A (sky130_fd_sc_hd__clkbuf_16)
     2    0.018121    0.029876    0.074697    0.074827 ^ clkbuf_0_clk/X (sky130_fd_sc_hd__clkbuf_16)
                                                         clknet_0_clk (net)
                      0.029878    0.000445    0.075272 ^ clkbuf_1_0__f_clk/A (sky130_fd_sc_hd__clkbuf_16)
     2    0.005063    0.021031    0.073460    0.148731 ^ clkbuf_1_0__f_clk/X (sky130_fd_sc_hd__clkbuf_16)
                                                         clknet_1_0__leaf_clk (net)
                      0.021031    0.000105    0.148836 ^ _47_/CLK (sky130_fd_sc_hd__dfxtp_1)
     6    0.022366    0.161126    0.275200    0.424037 ^ _47_/Q (sky130_fd_sc_hd__dfxtp_1)
                                                         net5 (net)
                      0.161126    0.000494    0.424531 ^ _33_/A1 (sky130_fd_sc_hd__a21o_1)
     1    0.003053    0.029048    0.077471    0.502001 ^ _33_/X (sky130_fd_sc_hd__a21o_1)
                                                         _13_ (net)
                      0.029048    0.000090    0.502092 ^ _34_/B1 (sky130_fd_sc_hd__a31o_1)
     1    0.002477    0.025139    0.048749    0.550840 ^ _34_/X (sky130_fd_sc_hd__a31o_1)
                                                         _01_ (net)
                      0.025139    0.000075    0.550915 ^ _47_/D (sky130_fd_sc_hd__dfxtp_1)
                                              0.550915   data arrival time

                                  0.000000    0.000000   clock clk (rise edge)
                                  0.000000    0.000000   clock source latency
     1    0.009809    0.000000    0.000000    0.000000 ^ clk (in)
                                                         clk (net)
                      0.000260    0.000130    0.000130 ^ clkbuf_0_clk/A (sky130_fd_sc_hd__clkbuf_16)
     2    0.018121    0.029876    0.074697    0.074827 ^ clkbuf_0_clk/X (sky130_fd_sc_hd__clkbuf_16)
                                                         clknet_0_clk (net)
                      0.029878    0.000445    0.075272 ^ clkbuf_1_0__f_clk/A (sky130_fd_sc_hd__clkbuf_16)
     2    0.005063    0.021031    0.073460    0.148731 ^ clkbuf_1_0__f_clk/X (sky130_fd_sc_hd__clkbuf_16)
                                                         clknet_1_0__leaf_clk (net)
                      0.021031    0.000105    0.148836 ^ _47_/CLK (sky130_fd_sc_hd__dfxtp_1)
                                  0.000000    0.148836   clock reconvergence pessimism
                                 -0.017123    0.131714   library hold time
                                              0.131714   data required time
---------------------------------------------------------------------------------------------
                                              0.131714   data required time
                                             -0.550915   data arrival time
---------------------------------------------------------------------------------------------
                                              0.419201   slack (MET)


Startpoint: _49_ (rising edge-triggered flip-flop clocked by clk)
Endpoint: counter[3] (output port clocked by clk)
Path Group: clk
Path Type: min

Fanout         Cap        Slew       Delay        Time   Description
---------------------------------------------------------------------------------------------
                                  0.000000    0.000000   clock clk (rise edge)
                                  0.000000    0.000000   clock source latency
     1    0.009809    0.000000    0.000000    0.000000 ^ clk (in)
                                                         clk (net)
                      0.000260    0.000130    0.000130 ^ clkbuf_0_clk/A (sky130_fd_sc_hd__clkbuf_16)
     2    0.018121    0.029876    0.074697    0.074827 ^ clkbuf_0_clk/X (sky130_fd_sc_hd__clkbuf_16)
                                                         clknet_0_clk (net)
                      0.029878    0.000445    0.075272 ^ clkbuf_1_0__f_clk/A (sky130_fd_sc_hd__clkbuf_16)
     2    0.005063    0.021031    0.073460    0.148731 ^ clkbuf_1_0__f_clk/X (sky130_fd_sc_hd__clkbuf_16)
                                                         clknet_1_0__leaf_clk (net)
                      0.021031    0.000122    0.148853 ^ _49_/CLK (sky130_fd_sc_hd__dfxtp_1)
     3    0.009377    0.038347    0.200138    0.348992 v _49_/Q (sky130_fd_sc_hd__dfxtp_1)
                                                         net7 (net)
                      0.038348    0.000209    0.349200 v output7/A (sky130_fd_sc_hd__buf_1)
     1    0.000306    0.009847    0.049356    0.398556 v output7/X (sky130_fd_sc_hd__buf_1)
                                                         counter[3] (net)
                      0.009847    0.000003    0.398559 v counter[3] (out)
                                              0.398559   data arrival time

                                  0.000000    0.000000   clock clk (rise edge)
                                  0.000000    0.000000   clock network delay (propagated)
                                  0.000000    0.000000   clock reconvergence pessimism
                                 -2.000000   -2.000000   output external delay
                                             -2.000000   data required time
---------------------------------------------------------------------------------------------
                                             -2.000000   data required time
                                             -0.398559   data arrival time
---------------------------------------------------------------------------------------------
                                              2.398559   slack (MET)


Startpoint: _48_ (rising edge-triggered flip-flop clocked by clk)
Endpoint: counter[2] (output port clocked by clk)
Path Group: clk
Path Type: min

Fanout         Cap        Slew       Delay        Time   Description
---------------------------------------------------------------------------------------------
                                  0.000000    0.000000   clock clk (rise edge)
                                  0.000000    0.000000   clock source latency
     1    0.009809    0.000000    0.000000    0.000000 ^ clk (in)
                                                         clk (net)
                      0.000260    0.000130    0.000130 ^ clkbuf_0_clk/A (sky130_fd_sc_hd__clkbuf_16)
     2    0.018121    0.029876    0.074697    0.074827 ^ clkbuf_0_clk/X (sky130_fd_sc_hd__clkbuf_16)
                                                         clknet_0_clk (net)
                      0.029878    0.000425    0.075252 ^ clkbuf_1_1__f_clk/A (sky130_fd_sc_hd__clkbuf_16)
     2    0.005683    0.021464    0.073985    0.149237 ^ clkbuf_1_1__f_clk/X (sky130_fd_sc_hd__clkbuf_16)
                                                         clknet_1_1__leaf_clk (net)
                      0.021464    0.000166    0.149402 ^ _48_/CLK (sky130_fd_sc_hd__dfxtp_1)
     5    0.015901    0.056960    0.216121    0.365524 v _48_/Q (sky130_fd_sc_hd__dfxtp_1)
                                                         net6 (net)
                      0.056961    0.000358    0.365882 v output6/A (sky130_fd_sc_hd__buf_1)
     1    0.000511    0.010914    0.057596    0.423478 v output6/X (sky130_fd_sc_hd__buf_1)
                                                         counter[2] (net)
                      0.010914    0.000005    0.423483 v counter[2] (out)
                                              0.423483   data arrival time

                                  0.000000    0.000000   clock clk (rise edge)
                                  0.000000    0.000000   clock network delay (propagated)
                                  0.000000    0.000000   clock reconvergence pessimism
                                 -2.000000   -2.000000   output external delay
                                             -2.000000   data required time
---------------------------------------------------------------------------------------------
                                             -2.000000   data required time
                                             -0.423483   data arrival time
---------------------------------------------------------------------------------------------
                                              2.423483   slack (MET)


Startpoint: _47_ (rising edge-triggered flip-flop clocked by clk)
Endpoint: counter[1] (output port clocked by clk)
Path Group: clk
Path Type: min

Fanout         Cap        Slew       Delay        Time   Description
---------------------------------------------------------------------------------------------
                                  0.000000    0.000000   clock clk (rise edge)
                                  0.000000    0.000000   clock source latency
     1    0.009809    0.000000    0.000000    0.000000 ^ clk (in)
                                                         clk (net)
                      0.000260    0.000130    0.000130 ^ clkbuf_0_clk/A (sky130_fd_sc_hd__clkbuf_16)
     2    0.018121    0.029876    0.074697    0.074827 ^ clkbuf_0_clk/X (sky130_fd_sc_hd__clkbuf_16)
                                                         clknet_0_clk (net)
                      0.029878    0.000445    0.075272 ^ clkbuf_1_0__f_clk/A (sky130_fd_sc_hd__clkbuf_16)
     2    0.005063    0.021031    0.073460    0.148731 ^ clkbuf_1_0__f_clk/X (sky130_fd_sc_hd__clkbuf_16)
                                                         clknet_1_0__leaf_clk (net)
                      0.021031    0.000105    0.148836 ^ _47_/CLK (sky130_fd_sc_hd__dfxtp_1)
     6    0.020916    0.072072    0.228130    0.376966 v _47_/Q (sky130_fd_sc_hd__dfxtp_1)
                                                         net5 (net)
                      0.072073    0.000429    0.377395 v output5/A (sky130_fd_sc_hd__buf_1)
     1    0.000486    0.011493    0.062379    0.439774 v output5/X (sky130_fd_sc_hd__buf_1)
                                                         counter[1] (net)
                      0.011493    0.000006    0.439780 v counter[1] (out)
                                              0.439780   data arrival time

                                  0.000000    0.000000   clock clk (rise edge)
                                  0.000000    0.000000   clock network delay (propagated)
                                  0.000000    0.000000   clock reconvergence pessimism
                                 -2.000000   -2.000000   output external delay
                                             -2.000000   data required time
---------------------------------------------------------------------------------------------
                                             -2.000000   data required time
                                             -0.439780   data arrival time
---------------------------------------------------------------------------------------------
                                              2.439780   slack (MET)


Startpoint: _46_ (rising edge-triggered flip-flop clocked by clk)
Endpoint: counter[0] (output port clocked by clk)
Path Group: clk
Path Type: min

Fanout         Cap        Slew       Delay        Time   Description
---------------------------------------------------------------------------------------------
                                  0.000000    0.000000   clock clk (rise edge)
                                  0.000000    0.000000   clock source latency
     1    0.009809    0.000000    0.000000    0.000000 ^ clk (in)
                                                         clk (net)
                      0.000260    0.000130    0.000130 ^ clkbuf_0_clk/A (sky130_fd_sc_hd__clkbuf_16)
     2    0.018121    0.029876    0.074697    0.074827 ^ clkbuf_0_clk/X (sky130_fd_sc_hd__clkbuf_16)
                                                         clknet_0_clk (net)
                      0.029878    0.000425    0.075252 ^ clkbuf_1_1__f_clk/A (sky130_fd_sc_hd__clkbuf_16)
     2    0.005683    0.021464    0.073985    0.149237 ^ clkbuf_1_1__f_clk/X (sky130_fd_sc_hd__clkbuf_16)
                                                         clknet_1_1__leaf_clk (net)
                      0.021464    0.000140    0.149377 ^ _46_/CLK (sky130_fd_sc_hd__dfxtp_1)
     7    0.023279    0.079285    0.233810    0.383187 v _46_/Q (sky130_fd_sc_hd__dfxtp_1)
                                                         net4 (net)
                      0.079285    0.000248    0.383435 v output4/A (sky130_fd_sc_hd__buf_1)
     1    0.000368    0.011394    0.064144    0.447579 v output4/X (sky130_fd_sc_hd__buf_1)
                                                         counter[0] (net)
                      0.011394    0.000004    0.447583 v counter[0] (out)
                                              0.447583   data arrival time

                                  0.000000    0.000000   clock clk (rise edge)
                                  0.000000    0.000000   clock network delay (propagated)
                                  0.000000    0.000000   clock reconvergence pessimism
                                 -2.000000   -2.000000   output external delay
                                             -2.000000   data required time
---------------------------------------------------------------------------------------------
                                             -2.000000   data required time
                                             -0.447583   data arrival time
---------------------------------------------------------------------------------------------
                                              2.447583   slack (MET)



