
===========================================================================
report_checks -unconstrained
===========================================================================
======================= nom_tt_025C_1v80 Corner ===================================

Startpoint: _46_ (rising edge-triggered flip-flop clocked by clk)
Endpoint: _48_ (rising edge-triggered flip-flop clocked by clk)
Path Group: clk
Path Type: max

Fanout         Cap        Slew       Delay        Time   Description
---------------------------------------------------------------------------------------------
                                  0.000000    0.000000   clock clk (rise edge)
                                  0.000000    0.000000   clock source latency
     1    0.007894    0.000000    0.000000    0.000000 ^ clk (in)
                                                         clk (net)
                      0.000000    0.000000    0.000000 ^ clkbuf_0_clk/A (sky130_fd_sc_hd__clkbuf_16)
     2    0.015788    0.039244    0.105716    0.105716 ^ clkbuf_0_clk/X (sky130_fd_sc_hd__clkbuf_16)
                                                         clknet_0_clk (net)
                      0.039244    0.000000    0.105716 ^ clkbuf_1_1__f_clk/A (sky130_fd_sc_hd__clkbuf_16)
     2    0.003754    0.027673    0.106950    0.212666 ^ clkbuf_1_1__f_clk/X (sky130_fd_sc_hd__clkbuf_16)
                                                         clknet_1_1__leaf_clk (net)
                      0.027673    0.000000    0.212666 ^ _46_/CLK (sky130_fd_sc_hd__dfxtp_1)
     7    0.017681    0.089503    0.340636    0.553302 v _46_/Q (sky130_fd_sc_hd__dfxtp_1)
                                                         net4 (net)
                      0.089503    0.000000    0.553302 v _29_/A (sky130_fd_sc_hd__xor2_1)
     2    0.003592    0.065840    0.175079    0.728381 v _29_/X (sky130_fd_sc_hd__xor2_1)
                                                         _09_ (net)
                      0.065840    0.000000    0.728381 v _30_/B (sky130_fd_sc_hd__or2_1)
     2    0.006593    0.067727    0.232516    0.960896 v _30_/X (sky130_fd_sc_hd__or2_1)
                                                         _10_ (net)
                      0.067727    0.000000    0.960896 v _38_/A (sky130_fd_sc_hd__xnor2_1)
     1    0.002617    0.114602    0.150563    1.111459 ^ _38_/Y (sky130_fd_sc_hd__xnor2_1)
                                                         _17_ (net)
                      0.114602    0.000000    1.111459 ^ _40_/A2 (sky130_fd_sc_hd__o21ai_1)
     1    0.001681    0.040989    0.061433    1.172892 v _40_/Y (sky130_fd_sc_hd__o21ai_1)
                                                         _02_ (net)
                      0.040989    0.000000    1.172892 v _48_/D (sky130_fd_sc_hd__dfxtp_1)
                                              1.172892   data arrival time

                                 10.000000   10.000000   clock clk (rise edge)
                                  0.000000   10.000000   clock source latency
     1    0.007894    0.000000    0.000000   10.000000 ^ clk (in)
                                                         clk (net)
                      0.000000    0.000000   10.000000 ^ clkbuf_0_clk/A (sky130_fd_sc_hd__clkbuf_16)
     2    0.015788    0.039244    0.105715   10.105716 ^ clkbuf_0_clk/X (sky130_fd_sc_hd__clkbuf_16)
                                                         clknet_0_clk (net)
                      0.039244    0.000000   10.105716 ^ clkbuf_1_1__f_clk/A (sky130_fd_sc_hd__clkbuf_16)
     2    0.003754    0.027673    0.106950   10.212666 ^ clkbuf_1_1__f_clk/X (sky130_fd_sc_hd__clkbuf_16)
                                                         clknet_1_1__leaf_clk (net)
                      0.027673    0.000000   10.212666 ^ _48_/CLK (sky130_fd_sc_hd__dfxtp_1)
                                  0.000000   10.212666   clock reconvergence pessimism
                                 -0.112816   10.099850   library setup time
                                             10.099850   data required time
---------------------------------------------------------------------------------------------
                                             10.099850   data required time
                                             -1.172892   data arrival time
---------------------------------------------------------------------------------------------
                                              8.926957   slack (MET)




===========================================================================
report_checks --slack_max -0.01
============================================================================
======================= nom_tt_025C_1v80 Corner ===================================

No paths found.


===========================================================================
 report_check_types -max_slew -max_cap -max_fanout -violators
============================================================================
======================= nom_tt_025C_1v80 Corner ===================================



===========================================================================
report_parasitic_annotation -report_unannotated
============================================================================
Found 41 unannotated drivers.
 clk
 enable
 reset
 up_down
 _23_/Y
 _24_/Y
 _25_/Y
 _26_/Y
 _27_/Y
 _28_/Y
 _29_/X
 _30_/X
 _31_/Y
 _32_/Y
 _33_/X
 _34_/X
 _35_/X
 _36_/Y
 _37_/Y
 _38_/Y
 _39_/Y
 _40_/Y
 _41_/Y
 _42_/Y
 _43_/X
 _44_/Y
 _45_/X
 _46_/Q
 _47_/Q
 _48_/Q
 _49_/Q
 clkbuf_0_clk/X
 clkbuf_1_0__f_clk/X
 clkbuf_1_1__f_clk/X
 input1/X
 input2/X
 input3/X
 output4/X
 output5/X
 output6/X
 output7/X
Found 0 partially unannotated drivers.

===========================================================================
max slew violation count 0
max fanout violation count 0
max cap violation count 0
============================================================================

===========================================================================
check_setup -verbose -unconstrained_endpoints -multiple_clock -no_clock -no_input_delay -loops -generated_clocks
===========================================================================
