
===========================================================================
report_checks -path_delay max (Setup)
============================================================================
======================= nom_tt_025C_1v80 Corner ===================================

Startpoint: _46_ (rising edge-triggered flip-flop clocked by clk)
Endpoint: _48_ (rising edge-triggered flip-flop clocked by clk)
Path Group: clk
Path Type: max

Fanout         Cap        Slew       Delay        Time   Description
---------------------------------------------------------------------------------------------
                                  0.000000    0.000000   clock clk (rise edge)
                                  0.000000    0.000000   clock source latency
     1    0.007894    0.000000    0.000000    0.000000 ^ clk (in)
                                                         clk (net)
                      0.000000    0.000000    0.000000 ^ clkbuf_0_clk/A (sky130_fd_sc_hd__clkbuf_16)
     2    0.015788    0.039244    0.105716    0.105716 ^ clkbuf_0_clk/X (sky130_fd_sc_hd__clkbuf_16)
                                                         clknet_0_clk (net)
                      0.039244    0.000000    0.105716 ^ clkbuf_1_1__f_clk/A (sky130_fd_sc_hd__clkbuf_16)
     2    0.003754    0.027673    0.106950    0.212666 ^ clkbuf_1_1__f_clk/X (sky130_fd_sc_hd__clkbuf_16)
                                                         clknet_1_1__leaf_clk (net)
                      0.027673    0.000000    0.212666 ^ _46_/CLK (sky130_fd_sc_hd__dfxtp_1)
     7    0.017681    0.089503    0.340636    0.553302 v _46_/Q (sky130_fd_sc_hd__dfxtp_1)
                                                         net4 (net)
                      0.089503    0.000000    0.553302 v _29_/A (sky130_fd_sc_hd__xor2_1)
     2    0.003592    0.065840    0.175079    0.728381 v _29_/X (sky130_fd_sc_hd__xor2_1)
                                                         _09_ (net)
                      0.065840    0.000000    0.728381 v _30_/B (sky130_fd_sc_hd__or2_1)
     2    0.006593    0.067727    0.232516    0.960896 v _30_/X (sky130_fd_sc_hd__or2_1)
                                                         _10_ (net)
                      0.067727    0.000000    0.960896 v _38_/A (sky130_fd_sc_hd__xnor2_1)
     1    0.002617    0.114602    0.150563    1.111459 ^ _38_/Y (sky130_fd_sc_hd__xnor2_1)
                                                         _17_ (net)
                      0.114602    0.000000    1.111459 ^ _40_/A2 (sky130_fd_sc_hd__o21ai_1)
     1    0.001681    0.040989    0.061433    1.172892 v _40_/Y (sky130_fd_sc_hd__o21ai_1)
                                                         _02_ (net)
                      0.040989    0.000000    1.172892 v _48_/D (sky130_fd_sc_hd__dfxtp_1)
                                              1.172892   data arrival time

                                 10.000000   10.000000   clock clk (rise edge)
                                  0.000000   10.000000   clock source latency
     1    0.007894    0.000000    0.000000   10.000000 ^ clk (in)
                                                         clk (net)
                      0.000000    0.000000   10.000000 ^ clkbuf_0_clk/A (sky130_fd_sc_hd__clkbuf_16)
     2    0.015788    0.039244    0.105715   10.105716 ^ clkbuf_0_clk/X (sky130_fd_sc_hd__clkbuf_16)
                                                         clknet_0_clk (net)
                      0.039244    0.000000   10.105716 ^ clkbuf_1_1__f_clk/A (sky130_fd_sc_hd__clkbuf_16)
     2    0.003754    0.027673    0.106950   10.212666 ^ clkbuf_1_1__f_clk/X (sky130_fd_sc_hd__clkbuf_16)
                                                         clknet_1_1__leaf_clk (net)
                      0.027673    0.000000   10.212666 ^ _48_/CLK (sky130_fd_sc_hd__dfxtp_1)
                                  0.000000   10.212666   clock reconvergence pessimism
                                 -0.112816   10.099850   library setup time
                                             10.099850   data required time
---------------------------------------------------------------------------------------------
                                             10.099850   data required time
                                             -1.172892   data arrival time
---------------------------------------------------------------------------------------------
                                              8.926957   slack (MET)


Startpoint: _46_ (rising edge-triggered flip-flop clocked by clk)
Endpoint: _47_ (rising edge-triggered flip-flop clocked by clk)
Path Group: clk
Path Type: max

Fanout         Cap        Slew       Delay        Time   Description
---------------------------------------------------------------------------------------------
                                  0.000000    0.000000   clock clk (rise edge)
                                  0.000000    0.000000   clock source latency
     1    0.007894    0.000000    0.000000    0.000000 ^ clk (in)
                                                         clk (net)
                      0.000000    0.000000    0.000000 ^ clkbuf_0_clk/A (sky130_fd_sc_hd__clkbuf_16)
     2    0.015788    0.039244    0.105716    0.105716 ^ clkbuf_0_clk/X (sky130_fd_sc_hd__clkbuf_16)
                                                         clknet_0_clk (net)
                      0.039244    0.000000    0.105716 ^ clkbuf_1_1__f_clk/A (sky130_fd_sc_hd__clkbuf_16)
     2    0.003754    0.027673    0.106950    0.212666 ^ clkbuf_1_1__f_clk/X (sky130_fd_sc_hd__clkbuf_16)
                                                         clknet_1_1__leaf_clk (net)
                      0.027673    0.000000    0.212666 ^ _46_/CLK (sky130_fd_sc_hd__dfxtp_1)
     7    0.019091    0.187446    0.399245    0.611910 ^ _46_/Q (sky130_fd_sc_hd__dfxtp_1)
                                                         net4 (net)
                      0.187446    0.000000    0.611910 ^ _29_/A (sky130_fd_sc_hd__xor2_1)
     2    0.003975    0.135618    0.173833    0.785744 ^ _29_/X (sky130_fd_sc_hd__xor2_1)
                                                         _09_ (net)
                      0.135618    0.000000    0.785744 ^ _30_/B (sky130_fd_sc_hd__or2_1)
     2    0.007052    0.078983    0.143884    0.929628 ^ _30_/X (sky130_fd_sc_hd__or2_1)
                                                         _10_ (net)
                      0.078983    0.000000    0.929628 ^ _32_/A (sky130_fd_sc_hd__nand2_1)
     1    0.002259    0.034573    0.049585    0.979213 v _32_/Y (sky130_fd_sc_hd__nand2_1)
                                                         _12_ (net)
                      0.034573    0.000000    0.979213 v _34_/A3 (sky130_fd_sc_hd__a31o_1)
     1    0.001681    0.032330    0.196657    1.175869 v _34_/X (sky130_fd_sc_hd__a31o_1)
                                                         _01_ (net)
                      0.032330    0.000000    1.175869 v _47_/D (sky130_fd_sc_hd__dfxtp_1)
                                              1.175869   data arrival time

                                 10.000000   10.000000   clock clk (rise edge)
                                  0.000000   10.000000   clock source latency
     1    0.007894    0.000000    0.000000   10.000000 ^ clk (in)
                                                         clk (net)
                      0.000000    0.000000   10.000000 ^ clkbuf_0_clk/A (sky130_fd_sc_hd__clkbuf_16)
     2    0.015788    0.039244    0.105715   10.105716 ^ clkbuf_0_clk/X (sky130_fd_sc_hd__clkbuf_16)
                                                         clknet_0_clk (net)
                      0.039244    0.000000   10.105716 ^ clkbuf_1_0__f_clk/A (sky130_fd_sc_hd__clkbuf_16)
     2    0.003754    0.027673    0.106950   10.212666 ^ clkbuf_1_0__f_clk/X (sky130_fd_sc_hd__clkbuf_16)
                                                         clknet_1_0__leaf_clk (net)
                      0.027673    0.000000   10.212666 ^ _47_/CLK (sky130_fd_sc_hd__dfxtp_1)
                                  0.000000   10.212666   clock reconvergence pessimism
                                 -0.109012   10.103653   library setup time
                                             10.103653   data required time
---------------------------------------------------------------------------------------------
                                             10.103653   data required time
                                             -1.175869   data arrival time
---------------------------------------------------------------------------------------------
                                              8.927784   slack (MET)


Startpoint: _46_ (rising edge-triggered flip-flop clocked by clk)
Endpoint: _49_ (rising edge-triggered flip-flop clocked by clk)
Path Group: clk
Path Type: max

Fanout         Cap        Slew       Delay        Time   Description
---------------------------------------------------------------------------------------------
                                  0.000000    0.000000   clock clk (rise edge)
                                  0.000000    0.000000   clock source latency
     1    0.007894    0.000000    0.000000    0.000000 ^ clk (in)
                                                         clk (net)
                      0.000000    0.000000    0.000000 ^ clkbuf_0_clk/A (sky130_fd_sc_hd__clkbuf_16)
     2    0.015788    0.039244    0.105716    0.105716 ^ clkbuf_0_clk/X (sky130_fd_sc_hd__clkbuf_16)
                                                         clknet_0_clk (net)
                      0.039244    0.000000    0.105716 ^ clkbuf_1_1__f_clk/A (sky130_fd_sc_hd__clkbuf_16)
     2    0.003754    0.027673    0.106950    0.212666 ^ clkbuf_1_1__f_clk/X (sky130_fd_sc_hd__clkbuf_16)
                                                         clknet_1_1__leaf_clk (net)
                      0.027673    0.000000    0.212666 ^ _46_/CLK (sky130_fd_sc_hd__dfxtp_1)
     7    0.017681    0.089503    0.340636    0.553302 v _46_/Q (sky130_fd_sc_hd__dfxtp_1)
                                                         net4 (net)
                      0.089503    0.000000    0.553302 v _41_/A2 (sky130_fd_sc_hd__o31ai_1)
     2    0.004897    0.251625    0.279609    0.832911 ^ _41_/Y (sky130_fd_sc_hd__o31ai_1)
                                                         _19_ (net)
                      0.251625    0.000000    0.832911 ^ _44_/C (sky130_fd_sc_hd__nand4_1)
     1    0.002259    0.078398    0.117922    0.950832 v _44_/Y (sky130_fd_sc_hd__nand4_1)
                                                         _22_ (net)
                      0.078398    0.000000    0.950832 v _45_/A3 (sky130_fd_sc_hd__a31o_1)
     1    0.001681    0.032574    0.215266    1.166099 v _45_/X (sky130_fd_sc_hd__a31o_1)
                                                         _03_ (net)
                      0.032574    0.000000    1.166099 v _49_/D (sky130_fd_sc_hd__dfxtp_1)
                                              1.166099   data arrival time

                                 10.000000   10.000000   clock clk (rise edge)
                                  0.000000   10.000000   clock source latency
     1    0.007894    0.000000    0.000000   10.000000 ^ clk (in)
                                                         clk (net)
                      0.000000    0.000000   10.000000 ^ clkbuf_0_clk/A (sky130_fd_sc_hd__clkbuf_16)
     2    0.015788    0.039244    0.105715   10.105716 ^ clkbuf_0_clk/X (sky130_fd_sc_hd__clkbuf_16)
                                                         clknet_0_clk (net)
                      0.039244    0.000000   10.105716 ^ clkbuf_1_0__f_clk/A (sky130_fd_sc_hd__clkbuf_16)
     2    0.003754    0.027673    0.106950   10.212666 ^ clkbuf_1_0__f_clk/X (sky130_fd_sc_hd__clkbuf_16)
                                                         clknet_1_0__leaf_clk (net)
                      0.027673    0.000000   10.212666 ^ _49_/CLK (sky130_fd_sc_hd__dfxtp_1)
                                  0.000000   10.212666   clock reconvergence pessimism
                                 -0.109120   10.103546   library setup time
                                             10.103546   data required time
---------------------------------------------------------------------------------------------
                                             10.103546   data required time
                                             -1.166099   data arrival time
---------------------------------------------------------------------------------------------
                                              8.937447   slack (MET)


Startpoint: _46_ (rising edge-triggered flip-flop clocked by clk)
Endpoint: counter[0] (output port clocked by clk)
Path Group: clk
Path Type: max

Fanout         Cap        Slew       Delay        Time   Description
---------------------------------------------------------------------------------------------
                                  0.000000    0.000000   clock clk (rise edge)
                                  0.000000    0.000000   clock source latency
     1    0.007894    0.000000    0.000000    0.000000 ^ clk (in)
                                                         clk (net)
                      0.000000    0.000000    0.000000 ^ clkbuf_0_clk/A (sky130_fd_sc_hd__clkbuf_16)
     2    0.015788    0.039244    0.105716    0.105716 ^ clkbuf_0_clk/X (sky130_fd_sc_hd__clkbuf_16)
                                                         clknet_0_clk (net)
                      0.039244    0.000000    0.105716 ^ clkbuf_1_1__f_clk/A (sky130_fd_sc_hd__clkbuf_16)
     2    0.003754    0.027673    0.106950    0.212666 ^ clkbuf_1_1__f_clk/X (sky130_fd_sc_hd__clkbuf_16)
                                                         clknet_1_1__leaf_clk (net)
                      0.027673    0.000000    0.212666 ^ _46_/CLK (sky130_fd_sc_hd__dfxtp_1)
     7    0.019091    0.187446    0.399245    0.611910 ^ _46_/Q (sky130_fd_sc_hd__dfxtp_1)
                                                         net4 (net)
                      0.187446    0.000000    0.611910 ^ output4/A (sky130_fd_sc_hd__buf_1)
     1    0.000000    0.017809    0.086315    0.698225 ^ output4/X (sky130_fd_sc_hd__buf_1)
                                                         counter[0] (net)
                      0.017809    0.000000    0.698225 ^ counter[0] (out)
                                              0.698225   data arrival time

                                 10.000000   10.000000   clock clk (rise edge)
                                  0.000000   10.000000   clock network delay (propagated)
                                  0.000000   10.000000   clock reconvergence pessimism
                                  0.000000   10.000000   output external delay
                                             10.000000   data required time
---------------------------------------------------------------------------------------------
                                             10.000000   data required time
                                             -0.698225   data arrival time
---------------------------------------------------------------------------------------------
                                              9.301775   slack (MET)


Startpoint: _47_ (rising edge-triggered flip-flop clocked by clk)
Endpoint: counter[1] (output port clocked by clk)
Path Group: clk
Path Type: max

Fanout         Cap        Slew       Delay        Time   Description
---------------------------------------------------------------------------------------------
                                  0.000000    0.000000   clock clk (rise edge)
                                  0.000000    0.000000   clock source latency
     1    0.007894    0.000000    0.000000    0.000000 ^ clk (in)
                                                         clk (net)
                      0.000000    0.000000    0.000000 ^ clkbuf_0_clk/A (sky130_fd_sc_hd__clkbuf_16)
     2    0.015788    0.039244    0.105716    0.105716 ^ clkbuf_0_clk/X (sky130_fd_sc_hd__clkbuf_16)
                                                         clknet_0_clk (net)
                      0.039244    0.000000    0.105716 ^ clkbuf_1_0__f_clk/A (sky130_fd_sc_hd__clkbuf_16)
     2    0.003754    0.027673    0.106950    0.212666 ^ clkbuf_1_0__f_clk/X (sky130_fd_sc_hd__clkbuf_16)
                                                         clknet_1_0__leaf_clk (net)
                      0.027673    0.000000    0.212666 ^ _47_/CLK (sky130_fd_sc_hd__dfxtp_1)
     6    0.016750    0.166342    0.384198    0.596864 ^ _47_/Q (sky130_fd_sc_hd__dfxtp_1)
                                                         net5 (net)
                      0.166342    0.000000    0.596864 ^ output5/A (sky130_fd_sc_hd__buf_1)
     1    0.000000    0.017290    0.083416    0.680280 ^ output5/X (sky130_fd_sc_hd__buf_1)
                                                         counter[1] (net)
                      0.017290    0.000000    0.680280 ^ counter[1] (out)
                                              0.680280   data arrival time

                                 10.000000   10.000000   clock clk (rise edge)
                                  0.000000   10.000000   clock network delay (propagated)
                                  0.000000   10.000000   clock reconvergence pessimism
                                  0.000000   10.000000   output external delay
                                             10.000000   data required time
---------------------------------------------------------------------------------------------
                                             10.000000   data required time
                                             -0.680280   data arrival time
---------------------------------------------------------------------------------------------
                                              9.319720   slack (MET)


Startpoint: _48_ (rising edge-triggered flip-flop clocked by clk)
Endpoint: counter[2] (output port clocked by clk)
Path Group: clk
Path Type: max

Fanout         Cap        Slew       Delay        Time   Description
---------------------------------------------------------------------------------------------
                                  0.000000    0.000000   clock clk (rise edge)
                                  0.000000    0.000000   clock source latency
     1    0.007894    0.000000    0.000000    0.000000 ^ clk (in)
                                                         clk (net)
                      0.000000    0.000000    0.000000 ^ clkbuf_0_clk/A (sky130_fd_sc_hd__clkbuf_16)
     2    0.015788    0.039244    0.105716    0.105716 ^ clkbuf_0_clk/X (sky130_fd_sc_hd__clkbuf_16)
                                                         clknet_0_clk (net)
                      0.039244    0.000000    0.105716 ^ clkbuf_1_1__f_clk/A (sky130_fd_sc_hd__clkbuf_16)
     2    0.003754    0.027673    0.106950    0.212666 ^ clkbuf_1_1__f_clk/X (sky130_fd_sc_hd__clkbuf_16)
                                                         clknet_1_1__leaf_clk (net)
                      0.027673    0.000000    0.212666 ^ _48_/CLK (sky130_fd_sc_hd__dfxtp_1)
     5    0.012181    0.125152    0.354832    0.567497 ^ _48_/Q (sky130_fd_sc_hd__dfxtp_1)
                                                         net6 (net)
                      0.125152    0.000000    0.567497 ^ output6/A (sky130_fd_sc_hd__buf_1)
     1    0.000000    0.016278    0.077758    0.645255 ^ output6/X (sky130_fd_sc_hd__buf_1)
                                                         counter[2] (net)
                      0.016278    0.000000    0.645255 ^ counter[2] (out)
                                              0.645255   data arrival time

                                 10.000000   10.000000   clock clk (rise edge)
                                  0.000000   10.000000   clock network delay (propagated)
                                  0.000000   10.000000   clock reconvergence pessimism
                                  0.000000   10.000000   output external delay
                                             10.000000   data required time
---------------------------------------------------------------------------------------------
                                             10.000000   data required time
                                             -0.645255   data arrival time
---------------------------------------------------------------------------------------------
                                              9.354745   slack (MET)


Startpoint: _46_ (rising edge-triggered flip-flop clocked by clk)
Endpoint: _46_ (rising edge-triggered flip-flop clocked by clk)
Path Group: clk
Path Type: max

Fanout         Cap        Slew       Delay        Time   Description
---------------------------------------------------------------------------------------------
                                  0.000000    0.000000   clock clk (rise edge)
                                  0.000000    0.000000   clock source latency
     1    0.007894    0.000000    0.000000    0.000000 ^ clk (in)
                                                         clk (net)
                      0.000000    0.000000    0.000000 ^ clkbuf_0_clk/A (sky130_fd_sc_hd__clkbuf_16)
     2    0.015788    0.039244    0.105716    0.105716 ^ clkbuf_0_clk/X (sky130_fd_sc_hd__clkbuf_16)
                                                         clknet_0_clk (net)
                      0.039244    0.000000    0.105716 ^ clkbuf_1_1__f_clk/A (sky130_fd_sc_hd__clkbuf_16)
     2    0.003754    0.027673    0.106950    0.212666 ^ clkbuf_1_1__f_clk/X (sky130_fd_sc_hd__clkbuf_16)
                                                         clknet_1_1__leaf_clk (net)
                      0.027673    0.000000    0.212666 ^ _46_/CLK (sky130_fd_sc_hd__dfxtp_1)
     7    0.017681    0.089503    0.340636    0.553302 v _46_/Q (sky130_fd_sc_hd__dfxtp_1)
                                                         net4 (net)
                      0.089503    0.000000    0.553302 v _27_/A1 (sky130_fd_sc_hd__a21oi_1)
     1    0.002018    0.091589    0.123897    0.677199 ^ _27_/Y (sky130_fd_sc_hd__a21oi_1)
                                                         _08_ (net)
                      0.091589    0.000000    0.677199 ^ _28_/B1 (sky130_fd_sc_hd__o21ai_1)
     1    0.001681    0.047887    0.062990    0.740190 v _28_/Y (sky130_fd_sc_hd__o21ai_1)
                                                         _00_ (net)
                      0.047887    0.000000    0.740190 v _46_/D (sky130_fd_sc_hd__dfxtp_1)
                                              0.740190   data arrival time

                                 10.000000   10.000000   clock clk (rise edge)
                                  0.000000   10.000000   clock source latency
     1    0.007894    0.000000    0.000000   10.000000 ^ clk (in)
                                                         clk (net)
                      0.000000    0.000000   10.000000 ^ clkbuf_0_clk/A (sky130_fd_sc_hd__clkbuf_16)
     2    0.015788    0.039244    0.105715   10.105716 ^ clkbuf_0_clk/X (sky130_fd_sc_hd__clkbuf_16)
                                                         clknet_0_clk (net)
                      0.039244    0.000000   10.105716 ^ clkbuf_1_1__f_clk/A (sky130_fd_sc_hd__clkbuf_16)
     2    0.003754    0.027673    0.106950   10.212666 ^ clkbuf_1_1__f_clk/X (sky130_fd_sc_hd__clkbuf_16)
                                                         clknet_1_1__leaf_clk (net)
                      0.027673    0.000000   10.212666 ^ _46_/CLK (sky130_fd_sc_hd__dfxtp_1)
                                  0.000000   10.212666   clock reconvergence pessimism
                                 -0.115847   10.096819   library setup time
                                             10.096819   data required time
---------------------------------------------------------------------------------------------
                                             10.096819   data required time
                                             -0.740190   data arrival time
---------------------------------------------------------------------------------------------
                                              9.356629   slack (MET)


Startpoint: _49_ (rising edge-triggered flip-flop clocked by clk)
Endpoint: counter[3] (output port clocked by clk)
Path Group: clk
Path Type: max

Fanout         Cap        Slew       Delay        Time   Description
---------------------------------------------------------------------------------------------
                                  0.000000    0.000000   clock clk (rise edge)
                                  0.000000    0.000000   clock source latency
     1    0.007894    0.000000    0.000000    0.000000 ^ clk (in)
                                                         clk (net)
                      0.000000    0.000000    0.000000 ^ clkbuf_0_clk/A (sky130_fd_sc_hd__clkbuf_16)
     2    0.015788    0.039244    0.105716    0.105716 ^ clkbuf_0_clk/X (sky130_fd_sc_hd__clkbuf_16)
                                                         clknet_0_clk (net)
                      0.039244    0.000000    0.105716 ^ clkbuf_1_0__f_clk/A (sky130_fd_sc_hd__clkbuf_16)
     2    0.003754    0.027673    0.106950    0.212666 ^ clkbuf_1_0__f_clk/X (sky130_fd_sc_hd__clkbuf_16)
                                                         clknet_1_0__leaf_clk (net)
                      0.027673    0.000000    0.212666 ^ _49_/CLK (sky130_fd_sc_hd__dfxtp_1)
     3    0.007140    0.080100    0.322112    0.534777 ^ _49_/Q (sky130_fd_sc_hd__dfxtp_1)
                                                         net7 (net)
                      0.080100    0.000000    0.534777 ^ output7/A (sky130_fd_sc_hd__buf_1)
     1    0.000000    0.015264    0.066661    0.601438 ^ output7/X (sky130_fd_sc_hd__buf_1)
                                                         counter[3] (net)
                      0.015264    0.000000    0.601438 ^ counter[3] (out)
                                              0.601438   data arrival time

                                 10.000000   10.000000   clock clk (rise edge)
                                  0.000000   10.000000   clock network delay (propagated)
                                  0.000000   10.000000   clock reconvergence pessimism
                                  0.000000   10.000000   output external delay
                                             10.000000   data required time
---------------------------------------------------------------------------------------------
                                             10.000000   data required time
                                             -0.601438   data arrival time
---------------------------------------------------------------------------------------------
                                              9.398562   slack (MET)



