Reading timing models for corner nom_ff_n40C_1v95…
Reading cell library for the 'nom_ff_n40C_1v95' corner at '/home/amostafa/.volare/volare/sky130/versions/0fe599b2afb6708d281543108caf8310912f54af/sky130A/libs.ref/sky130_fd_sc_hd/lib/sky130_fd_sc_hd__ff_n40C_1v95.lib'…
Reading top-level netlist at '/home/amostafa/vlsi/runs/RUN_2024-12-04_10-47-05/10-openroad-detailedrouting/counter_dut.nl.v'…
Linking design 'counter_dut' from netlist…
Reading design constraints file at 'counter_dut.sdc'…
Warning: counter_dut.sdc line 5, set_input_delay relative to a clock defined on the same port/pin not allowed.
[INFO] No information on clock propagation in input SDC file-- unpropagating all clocks.
%OL_CREATE_REPORT min.rpt

===========================================================================
report_checks -path_delay min (Hold)
============================================================================
======================= nom_ff_n40C_1v95 Corner ===================================

Startpoint: _48_ (rising edge-triggered flip-flop clocked by clk)
Endpoint: _48_ (rising edge-triggered flip-flop clocked by clk)
Path Group: clk
Path Type: min

Fanout         Cap        Slew       Delay        Time   Description
---------------------------------------------------------------------------------------------
                      0.000000    0.000000    0.000000   clock clk (rise edge)
                                  0.000000    0.000000   clock network delay (ideal)
                      0.000000    0.000000    0.000000 ^ _48_/CLK (sky130_fd_sc_hd__dfxtp_1)
     5    0.012309    0.094606    0.221400    0.221400 ^ _48_/Q (sky130_fd_sc_hd__dfxtp_1)
                                                         net6 (net)
                      0.094606    0.000000    0.221400 ^ _39_/A1 (sky130_fd_sc_hd__a21oi_1)
     1    0.002019    0.033268    0.036769    0.258169 v _39_/Y (sky130_fd_sc_hd__a21oi_1)
                                                         _18_ (net)
                      0.033268    0.000000    0.258169 v _40_/B1 (sky130_fd_sc_hd__o21ai_1)
     1    0.001748    0.031001    0.039277    0.297447 ^ _40_/Y (sky130_fd_sc_hd__o21ai_1)
                                                         _02_ (net)
                      0.031001    0.000000    0.297447 ^ _48_/D (sky130_fd_sc_hd__dfxtp_1)
                                              0.297447   data arrival time

                      0.000000    0.000000    0.000000   clock clk (rise edge)
                                  0.000000    0.000000   clock network delay (ideal)
                                  0.000000    0.000000   clock reconvergence pessimism
                                              0.000000 ^ _48_/CLK (sky130_fd_sc_hd__dfxtp_1)
                                 -0.018040   -0.018040   library hold time
                                             -0.018040   data required time
---------------------------------------------------------------------------------------------
                                             -0.018040   data required time
                                             -0.297447   data arrival time
---------------------------------------------------------------------------------------------
                                              0.315487   slack (MET)


Startpoint: _46_ (rising edge-triggered flip-flop clocked by clk)
Endpoint: _46_ (rising edge-triggered flip-flop clocked by clk)
Path Group: clk
Path Type: min

Fanout         Cap        Slew       Delay        Time   Description
---------------------------------------------------------------------------------------------
                      0.000000    0.000000    0.000000   clock clk (rise edge)
                                  0.000000    0.000000   clock network delay (ideal)
                      0.000000    0.000000    0.000000 ^ _46_/CLK (sky130_fd_sc_hd__dfxtp_1)
     7    0.017738    0.062907    0.214835    0.214835 v _46_/Q (sky130_fd_sc_hd__dfxtp_1)
                                                         net4 (net)
                      0.062907    0.000000    0.214835 v _28_/A1 (sky130_fd_sc_hd__o21ai_1)
     1    0.001748    0.031001    0.085099    0.299934 ^ _28_/Y (sky130_fd_sc_hd__o21ai_1)
                                                         _00_ (net)
                      0.031001    0.000000    0.299934 ^ _46_/D (sky130_fd_sc_hd__dfxtp_1)
                                              0.299934   data arrival time

                      0.000000    0.000000    0.000000   clock clk (rise edge)
                                  0.000000    0.000000   clock network delay (ideal)
                                  0.000000    0.000000   clock reconvergence pessimism
                                              0.000000 ^ _46_/CLK (sky130_fd_sc_hd__dfxtp_1)
                                 -0.018040   -0.018040   library hold time
                                             -0.018040   data required time
---------------------------------------------------------------------------------------------
                                             -0.018040   data required time
                                             -0.299934   data arrival time
---------------------------------------------------------------------------------------------
                                              0.317973   slack (MET)


Startpoint: _49_ (rising edge-triggered flip-flop clocked by clk)
Endpoint: _49_ (rising edge-triggered flip-flop clocked by clk)
Path Group: clk
Path Type: min

Fanout         Cap        Slew       Delay        Time   Description
---------------------------------------------------------------------------------------------
                      0.000000    0.000000    0.000000   clock clk (rise edge)
                                  0.000000    0.000000   clock network delay (ideal)
                      0.000000    0.000000    0.000000 ^ _49_/CLK (sky130_fd_sc_hd__dfxtp_1)
     3    0.006671    0.031015    0.186766    0.186766 v _49_/Q (sky130_fd_sc_hd__dfxtp_1)
                                                         net7 (net)
                      0.031015    0.000000    0.186766 v _44_/B (sky130_fd_sc_hd__nand4_1)
     1    0.002522    0.036939    0.052990    0.239756 ^ _44_/Y (sky130_fd_sc_hd__nand4_1)
                                                         _22_ (net)
                      0.036939    0.000000    0.239756 ^ _45_/A3 (sky130_fd_sc_hd__a31o_1)
     1    0.001748    0.023177    0.074333    0.314089 ^ _45_/X (sky130_fd_sc_hd__a31o_1)
                                                         _03_ (net)
                      0.023177    0.000000    0.314089 ^ _49_/D (sky130_fd_sc_hd__dfxtp_1)
                                              0.314089   data arrival time

                      0.000000    0.000000    0.000000   clock clk (rise edge)
                                  0.000000    0.000000   clock network delay (ideal)
                                  0.000000    0.000000   clock reconvergence pessimism
                                              0.000000 ^ _49_/CLK (sky130_fd_sc_hd__dfxtp_1)
                                 -0.017484   -0.017484   library hold time
                                             -0.017484   data required time
---------------------------------------------------------------------------------------------
                                             -0.017484   data required time
                                             -0.314089   data arrival time
---------------------------------------------------------------------------------------------
                                              0.331573   slack (MET)


Startpoint: _47_ (rising edge-triggered flip-flop clocked by clk)
Endpoint: _47_ (rising edge-triggered flip-flop clocked by clk)
Path Group: clk
Path Type: min

Fanout         Cap        Slew       Delay        Time   Description
---------------------------------------------------------------------------------------------
                      0.000000    0.000000    0.000000   clock clk (rise edge)
                                  0.000000    0.000000   clock network delay (ideal)
                      0.000000    0.000000    0.000000 ^ _47_/CLK (sky130_fd_sc_hd__dfxtp_1)
     6    0.016844    0.125862    0.243077    0.243077 ^ _47_/Q (sky130_fd_sc_hd__dfxtp_1)
                                                         net5 (net)
                      0.125862    0.000000    0.243077 ^ _33_/A1 (sky130_fd_sc_hd__a21o_1)
     1    0.002538    0.026416    0.074150    0.317228 ^ _33_/X (sky130_fd_sc_hd__a21o_1)
                                                         _13_ (net)
                      0.026416    0.000000    0.317228 ^ _34_/B1 (sky130_fd_sc_hd__a31o_1)
     1    0.001748    0.021103    0.044485    0.361712 ^ _34_/X (sky130_fd_sc_hd__a31o_1)
                                                         _01_ (net)
                      0.021103    0.000000    0.361712 ^ _47_/D (sky130_fd_sc_hd__dfxtp_1)
                                              0.361712   data arrival time

                      0.000000    0.000000    0.000000   clock clk (rise edge)
                                  0.000000    0.000000   clock network delay (ideal)
                                  0.000000    0.000000   clock reconvergence pessimism
                                              0.000000 ^ _47_/CLK (sky130_fd_sc_hd__dfxtp_1)
                                 -0.017336   -0.017336   library hold time
                                             -0.017336   data required time
---------------------------------------------------------------------------------------------
                                             -0.017336   data required time
                                             -0.361712   data arrival time
---------------------------------------------------------------------------------------------
                                              0.379048   slack (MET)


Startpoint: _49_ (rising edge-triggered flip-flop clocked by clk)
Endpoint: counter[3] (output port clocked by clk)
Path Group: clk
Path Type: min

Fanout         Cap        Slew       Delay        Time   Description
---------------------------------------------------------------------------------------------
                      0.000000    0.000000    0.000000   clock clk (rise edge)
                                  0.000000    0.000000   clock network delay (ideal)
                      0.000000    0.000000    0.000000 ^ _49_/CLK (sky130_fd_sc_hd__dfxtp_1)
     3    0.006671    0.031015    0.186766    0.186766 v _49_/Q (sky130_fd_sc_hd__dfxtp_1)
                                                         net7 (net)
                      0.031015    0.000000    0.186766 v output7/A (sky130_fd_sc_hd__buf_1)
     1    0.000000    0.008578    0.044948    0.231713 v output7/X (sky130_fd_sc_hd__buf_1)
                                                         counter[3] (net)
                      0.008578    0.000000    0.231713 v counter[3] (out)
                                              0.231713   data arrival time

                      0.000000    0.000000    0.000000   clock clk (rise edge)
                                  0.000000    0.000000   clock network delay (ideal)
                                  0.000000    0.000000   clock reconvergence pessimism
                                 -2.000000   -2.000000   output external delay
                                             -2.000000   data required time
---------------------------------------------------------------------------------------------
                                             -2.000000   data required time
                                             -0.231713   data arrival time
---------------------------------------------------------------------------------------------
                                              2.231713   slack (MET)


Startpoint: _48_ (rising edge-triggered flip-flop clocked by clk)
Endpoint: counter[2] (output port clocked by clk)
Path Group: clk
Path Type: min

Fanout         Cap        Slew       Delay        Time   Description
---------------------------------------------------------------------------------------------
                      0.000000    0.000000    0.000000   clock clk (rise edge)
                                  0.000000    0.000000   clock network delay (ideal)
                      0.000000    0.000000    0.000000 ^ _48_/CLK (sky130_fd_sc_hd__dfxtp_1)
     5    0.011243    0.043967    0.199218    0.199218 v _48_/Q (sky130_fd_sc_hd__dfxtp_1)
                                                         net6 (net)
                      0.043967    0.000000    0.199218 v output6/A (sky130_fd_sc_hd__buf_1)
     1    0.000000    0.008732    0.050256    0.249474 v output6/X (sky130_fd_sc_hd__buf_1)
                                                         counter[2] (net)
                      0.008732    0.000000    0.249474 v counter[2] (out)
                                              0.249474   data arrival time

                      0.000000    0.000000    0.000000   clock clk (rise edge)
                                  0.000000    0.000000   clock network delay (ideal)
                                  0.000000    0.000000   clock reconvergence pessimism
                                 -2.000000   -2.000000   output external delay
                                             -2.000000   data required time
---------------------------------------------------------------------------------------------
                                             -2.000000   data required time
                                             -0.249474   data arrival time
---------------------------------------------------------------------------------------------
                                              2.249474   slack (MET)


Startpoint: _47_ (rising edge-triggered flip-flop clocked by clk)
Endpoint: counter[1] (output port clocked by clk)
Path Group: clk
Path Type: min

Fanout         Cap        Slew       Delay        Time   Description
---------------------------------------------------------------------------------------------
                      0.000000    0.000000    0.000000   clock clk (rise edge)
                                  0.000000    0.000000   clock network delay (ideal)
                      0.000000    0.000000    0.000000 ^ _47_/CLK (sky130_fd_sc_hd__dfxtp_1)
     6    0.015394    0.056072    0.209199    0.209199 v _47_/Q (sky130_fd_sc_hd__dfxtp_1)
                                                         net5 (net)
                      0.056072    0.000000    0.209199 v output5/A (sky130_fd_sc_hd__buf_1)
     1    0.000000    0.008975    0.054951    0.264150 v output5/X (sky130_fd_sc_hd__buf_1)
                                                         counter[1] (net)
                      0.008975    0.000000    0.264150 v counter[1] (out)
                                              0.264150   data arrival time

                      0.000000    0.000000    0.000000   clock clk (rise edge)
                                  0.000000    0.000000   clock network delay (ideal)
                                  0.000000    0.000000   clock reconvergence pessimism
                                 -2.000000   -2.000000   output external delay
                                             -2.000000   data required time
---------------------------------------------------------------------------------------------
                                             -2.000000   data required time
                                             -0.264150   data arrival time
---------------------------------------------------------------------------------------------
                                              2.264150   slack (MET)


Startpoint: _46_ (rising edge-triggered flip-flop clocked by clk)
Endpoint: counter[0] (output port clocked by clk)
Path Group: clk
Path Type: min

Fanout         Cap        Slew       Delay        Time   Description
---------------------------------------------------------------------------------------------
                      0.000000    0.000000    0.000000   clock clk (rise edge)
                                  0.000000    0.000000   clock network delay (ideal)
                      0.000000    0.000000    0.000000 ^ _46_/CLK (sky130_fd_sc_hd__dfxtp_1)
     7    0.017738    0.062907    0.214835    0.214835 v _46_/Q (sky130_fd_sc_hd__dfxtp_1)
                                                         net4 (net)
                      0.062907    0.000000    0.214835 v output4/A (sky130_fd_sc_hd__buf_1)
     1    0.000000    0.009289    0.057133    0.271968 v output4/X (sky130_fd_sc_hd__buf_1)
                                                         counter[0] (net)
                      0.009289    0.000000    0.271968 v counter[0] (out)
                                              0.271968   data arrival time

                      0.000000    0.000000    0.000000   clock clk (rise edge)
                                  0.000000    0.000000   clock network delay (ideal)
                                  0.000000    0.000000   clock reconvergence pessimism
                                 -2.000000   -2.000000   output external delay
                                             -2.000000   data required time
---------------------------------------------------------------------------------------------
                                             -2.000000   data required time
                                             -0.271968   data arrival time
---------------------------------------------------------------------------------------------
                                              2.271968   slack (MET)



%OL_END_REPORT
%OL_CREATE_REPORT max.rpt

===========================================================================
report_checks -path_delay max (Setup)
============================================================================
======================= nom_ff_n40C_1v95 Corner ===================================

Startpoint: up_down (input port clocked by clk)
Endpoint: _49_ (rising edge-triggered flip-flop clocked by clk)
Path Group: clk
Path Type: max

Fanout         Cap        Slew       Delay        Time   Description
---------------------------------------------------------------------------------------------
                      0.000000    0.000000    0.000000   clock clk (rise edge)
                                  0.000000    0.000000   clock network delay (ideal)
                                  2.000000    2.000000 v input external delay
     1    0.002070    0.000000    0.000000    2.000000 v up_down (in)
                                                         up_down (net)
                      0.000000    0.000000    2.000000 v input3/A (sky130_fd_sc_hd__buf_1)
     5    0.009591    0.042961    0.066409    2.066409 v input3/X (sky130_fd_sc_hd__buf_1)
                                                         net3 (net)
                      0.042961    0.000000    2.066409 v _41_/A1 (sky130_fd_sc_hd__o31ai_1)
     2    0.004917    0.174013    0.185776    2.252184 ^ _41_/Y (sky130_fd_sc_hd__o31ai_1)
                                                         _19_ (net)
                      0.174013    0.000000    2.252184 ^ _44_/C (sky130_fd_sc_hd__nand4_1)
     1    0.002277    0.050911    0.052414    2.304599 v _44_/Y (sky130_fd_sc_hd__nand4_1)
                                                         _22_ (net)
                      0.050911    0.000000    2.304599 v _45_/A3 (sky130_fd_sc_hd__a31o_1)
     1    0.001783    0.024799    0.136297    2.440896 v _45_/X (sky130_fd_sc_hd__a31o_1)
                                                         _03_ (net)
                      0.024799    0.000000    2.440896 v _49_/D (sky130_fd_sc_hd__dfxtp_1)
                                              2.440896   data arrival time

                      0.000000   10.000000   10.000000   clock clk (rise edge)
                                  0.000000   10.000000   clock network delay (ideal)
                                  0.000000   10.000000   clock reconvergence pessimism
                                             10.000000 ^ _49_/CLK (sky130_fd_sc_hd__dfxtp_1)
                                 -0.070507    9.929493   library setup time
                                              9.929493   data required time
---------------------------------------------------------------------------------------------
                                              9.929493   data required time
                                             -2.440896   data arrival time
---------------------------------------------------------------------------------------------
                                              7.488596   slack (MET)


Startpoint: up_down (input port clocked by clk)
Endpoint: _48_ (rising edge-triggered flip-flop clocked by clk)
Path Group: clk
Path Type: max

Fanout         Cap        Slew       Delay        Time   Description
---------------------------------------------------------------------------------------------
                      0.000000    0.000000    0.000000   clock clk (rise edge)
                                  0.000000    0.000000   clock network delay (ideal)
                                  2.000000    2.000000 v input external delay
     1    0.002070    0.000000    0.000000    2.000000 v up_down (in)
                                                         up_down (net)
                      0.000000    0.000000    2.000000 v input3/A (sky130_fd_sc_hd__buf_1)
     5    0.009591    0.042961    0.066409    2.066409 v input3/X (sky130_fd_sc_hd__buf_1)
                                                         net3 (net)
                      0.042961    0.000000    2.066409 v _30_/A (sky130_fd_sc_hd__or2_1)
     2    0.006580    0.046094    0.149918    2.216326 v _30_/X (sky130_fd_sc_hd__or2_1)
                                                         _10_ (net)
                      0.046094    0.000000    2.216326 v _38_/A (sky130_fd_sc_hd__xnor2_1)
     1    0.002629    0.081444    0.101112    2.317439 ^ _38_/Y (sky130_fd_sc_hd__xnor2_1)
                                                         _17_ (net)
                      0.081444    0.000000    2.317439 ^ _40_/A2 (sky130_fd_sc_hd__o21ai_1)
     1    0.001783    0.023952    0.031740    2.349179 v _40_/Y (sky130_fd_sc_hd__o21ai_1)
                                                         _02_ (net)
                      0.023952    0.000000    2.349179 v _48_/D (sky130_fd_sc_hd__dfxtp_1)
                                              2.349179   data arrival time

                      0.000000   10.000000   10.000000   clock clk (rise edge)
                                  0.000000   10.000000   clock network delay (ideal)
                                  0.000000   10.000000   clock reconvergence pessimism
                                             10.000000 ^ _48_/CLK (sky130_fd_sc_hd__dfxtp_1)
                                 -0.070205    9.929796   library setup time
                                              9.929796   data required time
---------------------------------------------------------------------------------------------
                                              9.929796   data required time
                                             -2.349179   data arrival time
---------------------------------------------------------------------------------------------
                                              7.580617   slack (MET)


Startpoint: up_down (input port clocked by clk)
Endpoint: _47_ (rising edge-triggered flip-flop clocked by clk)
Path Group: clk
Path Type: max

Fanout         Cap        Slew       Delay        Time   Description
---------------------------------------------------------------------------------------------
                      0.000000    0.000000    0.000000   clock clk (rise edge)
                                  0.000000    0.000000   clock network delay (ideal)
                                  2.000000    2.000000 ^ input external delay
     1    0.002258    0.000000    0.000000    2.000000 ^ up_down (in)
                                                         up_down (net)
                      0.000000    0.000000    2.000000 ^ input3/A (sky130_fd_sc_hd__buf_1)
     5    0.010464    0.098891    0.088777    2.088778 ^ input3/X (sky130_fd_sc_hd__buf_1)
                                                         net3 (net)
                      0.098891    0.000000    2.088778 ^ _30_/A (sky130_fd_sc_hd__or2_1)
     2    0.007034    0.058880    0.093669    2.182447 ^ _30_/X (sky130_fd_sc_hd__or2_1)
                                                         _10_ (net)
                      0.058880    0.000000    2.182447 ^ _32_/A (sky130_fd_sc_hd__nand2_1)
     1    0.002277    0.024114    0.026433    2.208880 v _32_/Y (sky130_fd_sc_hd__nand2_1)
                                                         _12_ (net)
                      0.024114    0.000000    2.208880 v _34_/A3 (sky130_fd_sc_hd__a31o_1)
     1    0.001783    0.025188    0.125771    2.334651 v _34_/X (sky130_fd_sc_hd__a31o_1)
                                                         _01_ (net)
                      0.025188    0.000000    2.334651 v _47_/D (sky130_fd_sc_hd__dfxtp_1)
                                              2.334651   data arrival time

                      0.000000   10.000000   10.000000   clock clk (rise edge)
                                  0.000000   10.000000   clock network delay (ideal)
                                  0.000000   10.000000   clock reconvergence pessimism
                                             10.000000 ^ _47_/CLK (sky130_fd_sc_hd__dfxtp_1)
                                 -0.070647    9.929354   library setup time
                                              9.929354   data required time
---------------------------------------------------------------------------------------------
                                              9.929354   data required time
                                             -2.334651   data arrival time
---------------------------------------------------------------------------------------------
                                              7.594703   slack (MET)


Startpoint: enable (input port clocked by clk)
Endpoint: _46_ (rising edge-triggered flip-flop clocked by clk)
Path Group: clk
Path Type: max

Fanout         Cap        Slew       Delay        Time   Description
---------------------------------------------------------------------------------------------
                      0.000000    0.000000    0.000000   clock clk (rise edge)
                                  0.000000    0.000000   clock network delay (ideal)
                                  2.000000    2.000000 ^ input external delay
     1    0.002258    0.000000    0.000000    2.000000 ^ enable (in)
                                                         enable (net)
                      0.000000    0.000000    2.000000 ^ input1/A (sky130_fd_sc_hd__buf_1)
     5    0.012116    0.113101    0.098415    2.098415 ^ input1/X (sky130_fd_sc_hd__buf_1)
                                                         net1 (net)
                      0.113101    0.000000    2.098415 ^ _26_/A (sky130_fd_sc_hd__nor2_1)
     3    0.006663    0.046155    0.048534    2.146949 v _26_/Y (sky130_fd_sc_hd__nor2_1)
                                                         _07_ (net)
                      0.046155    0.000000    2.146949 v _27_/A2 (sky130_fd_sc_hd__a21oi_1)
     1    0.002112    0.068304    0.091624    2.238573 ^ _27_/Y (sky130_fd_sc_hd__a21oi_1)
                                                         _08_ (net)
                      0.068304    0.000000    2.238573 ^ _28_/B1 (sky130_fd_sc_hd__o21ai_1)
     1    0.001783    0.037312    0.022701    2.261275 v _28_/Y (sky130_fd_sc_hd__o21ai_1)
                                                         _00_ (net)
                      0.037312    0.000000    2.261275 v _46_/D (sky130_fd_sc_hd__dfxtp_1)
                                              2.261275   data arrival time

                      0.000000   10.000000   10.000000   clock clk (rise edge)
                                  0.000000   10.000000   clock network delay (ideal)
                                  0.000000   10.000000   clock reconvergence pessimism
                                             10.000000 ^ _46_/CLK (sky130_fd_sc_hd__dfxtp_1)
                                 -0.074982    9.925017   library setup time
                                              9.925017   data required time
---------------------------------------------------------------------------------------------
                                              9.925017   data required time
                                             -2.261275   data arrival time
---------------------------------------------------------------------------------------------
                                              7.663743   slack (MET)


Startpoint: _46_ (rising edge-triggered flip-flop clocked by clk)
Endpoint: counter[0] (output port clocked by clk)
Path Group: clk
Path Type: max

Fanout         Cap        Slew       Delay        Time   Description
---------------------------------------------------------------------------------------------
                      0.000000    0.000000    0.000000   clock clk (rise edge)
                                  0.000000    0.000000   clock network delay (ideal)
                      0.000000    0.000000    0.000000 ^ _46_/CLK (sky130_fd_sc_hd__dfxtp_1)
     7    0.019173    0.141913    0.254210    0.254210 ^ _46_/Q (sky130_fd_sc_hd__dfxtp_1)
                                                         net4 (net)
                      0.141913    0.000000    0.254210 ^ output4/A (sky130_fd_sc_hd__buf_1)
     1    0.000000    0.013529    0.042923    0.297133 ^ output4/X (sky130_fd_sc_hd__buf_1)
                                                         counter[0] (net)
                      0.013529    0.000000    0.297133 ^ counter[0] (out)
                                              0.297133   data arrival time

                      0.000000   10.000000   10.000000   clock clk (rise edge)
                                  0.000000   10.000000   clock network delay (ideal)
                                  0.000000   10.000000   clock reconvergence pessimism
                                 -2.000000    8.000000   output external delay
                                              8.000000   data required time
---------------------------------------------------------------------------------------------
                                              8.000000   data required time
                                             -0.297133   data arrival time
---------------------------------------------------------------------------------------------
                                              7.702867   slack (MET)


Startpoint: _47_ (rising edge-triggered flip-flop clocked by clk)
Endpoint: counter[1] (output port clocked by clk)
Path Group: clk
Path Type: max

Fanout         Cap        Slew       Delay        Time   Description
---------------------------------------------------------------------------------------------
                      0.000000    0.000000    0.000000   clock clk (rise edge)
                                  0.000000    0.000000   clock network delay (ideal)
                      0.000000    0.000000    0.000000 ^ _47_/CLK (sky130_fd_sc_hd__dfxtp_1)
     6    0.016844    0.125862    0.243077    0.243077 ^ _47_/Q (sky130_fd_sc_hd__dfxtp_1)
                                                         net5 (net)
                      0.125862    0.000000    0.243077 ^ output5/A (sky130_fd_sc_hd__buf_1)
     1    0.000000    0.013048    0.043210    0.286287 ^ output5/X (sky130_fd_sc_hd__buf_1)
                                                         counter[1] (net)
                      0.013048    0.000000    0.286287 ^ counter[1] (out)
                                              0.286287   data arrival time

                      0.000000   10.000000   10.000000   clock clk (rise edge)
                                  0.000000   10.000000   clock network delay (ideal)
                                  0.000000   10.000000   clock reconvergence pessimism
                                 -2.000000    8.000000   output external delay
                                              8.000000   data required time
---------------------------------------------------------------------------------------------
                                              8.000000   data required time
                                             -0.286287   data arrival time
---------------------------------------------------------------------------------------------
                                              7.713713   slack (MET)


Startpoint: _48_ (rising edge-triggered flip-flop clocked by clk)
Endpoint: counter[2] (output port clocked by clk)
Path Group: clk
Path Type: max

Fanout         Cap        Slew       Delay        Time   Description
---------------------------------------------------------------------------------------------
                      0.000000    0.000000    0.000000   clock clk (rise edge)
                                  0.000000    0.000000   clock network delay (ideal)
                      0.000000    0.000000    0.000000 ^ _48_/CLK (sky130_fd_sc_hd__dfxtp_1)
     5    0.012309    0.094606    0.221400    0.221400 ^ _48_/Q (sky130_fd_sc_hd__dfxtp_1)
                                                         net6 (net)
                      0.094606    0.000000    0.221400 ^ output6/A (sky130_fd_sc_hd__buf_1)
     1    0.000000    0.012104    0.041494    0.262895 ^ output6/X (sky130_fd_sc_hd__buf_1)
                                                         counter[2] (net)
                      0.012104    0.000000    0.262895 ^ counter[2] (out)
                                              0.262895   data arrival time

                      0.000000   10.000000   10.000000   clock clk (rise edge)
                                  0.000000   10.000000   clock network delay (ideal)
                                  0.000000   10.000000   clock reconvergence pessimism
                                 -2.000000    8.000000   output external delay
                                              8.000000   data required time
---------------------------------------------------------------------------------------------
                                              8.000000   data required time
                                             -0.262895   data arrival time
---------------------------------------------------------------------------------------------
                                              7.737105   slack (MET)


Startpoint: _49_ (rising edge-triggered flip-flop clocked by clk)
Endpoint: counter[3] (output port clocked by clk)
Path Group: clk
Path Type: max

Fanout         Cap        Slew       Delay        Time   Description
---------------------------------------------------------------------------------------------
                      0.000000    0.000000    0.000000   clock clk (rise edge)
                                  0.000000    0.000000   clock network delay (ideal)
                      0.000000    0.000000    0.000000 ^ _49_/CLK (sky130_fd_sc_hd__dfxtp_1)
     3    0.007271    0.060379    0.197163    0.197163 ^ _49_/Q (sky130_fd_sc_hd__dfxtp_1)
                                                         net7 (net)
                      0.060379    0.000000    0.197163 ^ output7/A (sky130_fd_sc_hd__buf_1)
     1    0.000000    0.011070    0.039313    0.236476 ^ output7/X (sky130_fd_sc_hd__buf_1)
                                                         counter[3] (net)
                      0.011070    0.000000    0.236476 ^ counter[3] (out)
                                              0.236476   data arrival time

                      0.000000   10.000000   10.000000   clock clk (rise edge)
                                  0.000000   10.000000   clock network delay (ideal)
                                  0.000000   10.000000   clock reconvergence pessimism
                                 -2.000000    8.000000   output external delay
                                              8.000000   data required time
---------------------------------------------------------------------------------------------
                                              8.000000   data required time
                                             -0.236476   data arrival time
---------------------------------------------------------------------------------------------
                                              7.763524   slack (MET)



%OL_END_REPORT
%OL_CREATE_REPORT checks.rpt

===========================================================================
report_checks -unconstrained
===========================================================================
======================= nom_ff_n40C_1v95 Corner ===================================

Startpoint: up_down (input port clocked by clk)
Endpoint: _49_ (rising edge-triggered flip-flop clocked by clk)
Path Group: clk
Path Type: max

Fanout         Cap        Slew       Delay        Time   Description
---------------------------------------------------------------------------------------------
                      0.000000    0.000000    0.000000   clock clk (rise edge)
                                  0.000000    0.000000   clock network delay (ideal)
                                  2.000000    2.000000 v input external delay
     1    0.002070    0.000000    0.000000    2.000000 v up_down (in)
                                                         up_down (net)
                      0.000000    0.000000    2.000000 v input3/A (sky130_fd_sc_hd__buf_1)
     5    0.009591    0.042961    0.066409    2.066409 v input3/X (sky130_fd_sc_hd__buf_1)
                                                         net3 (net)
                      0.042961    0.000000    2.066409 v _41_/A1 (sky130_fd_sc_hd__o31ai_1)
     2    0.004917    0.174013    0.185776    2.252184 ^ _41_/Y (sky130_fd_sc_hd__o31ai_1)
                                                         _19_ (net)
                      0.174013    0.000000    2.252184 ^ _44_/C (sky130_fd_sc_hd__nand4_1)
     1    0.002277    0.050911    0.052414    2.304599 v _44_/Y (sky130_fd_sc_hd__nand4_1)
                                                         _22_ (net)
                      0.050911    0.000000    2.304599 v _45_/A3 (sky130_fd_sc_hd__a31o_1)
     1    0.001783    0.024799    0.136297    2.440896 v _45_/X (sky130_fd_sc_hd__a31o_1)
                                                         _03_ (net)
                      0.024799    0.000000    2.440896 v _49_/D (sky130_fd_sc_hd__dfxtp_1)
                                              2.440896   data arrival time

                      0.000000   10.000000   10.000000   clock clk (rise edge)
                                  0.000000   10.000000   clock network delay (ideal)
                                  0.000000   10.000000   clock reconvergence pessimism
                                             10.000000 ^ _49_/CLK (sky130_fd_sc_hd__dfxtp_1)
                                 -0.070507    9.929493   library setup time
                                              9.929493   data required time
---------------------------------------------------------------------------------------------
                                              9.929493   data required time
                                             -2.440896   data arrival time
---------------------------------------------------------------------------------------------
                                              7.488596   slack (MET)




===========================================================================
report_checks --slack_max -0.01
============================================================================
======================= nom_ff_n40C_1v95 Corner ===================================

No paths found.


===========================================================================
 report_check_types -max_slew -max_cap -max_fanout -violators
============================================================================
======================= nom_ff_n40C_1v95 Corner ===================================



===========================================================================
report_parasitic_annotation -report_unannotated
============================================================================
Found 41 unannotated drivers.
 clk
 enable
 reset
 up_down
 _23_/Y
 _24_/Y
 _25_/Y
 _26_/Y
 _27_/Y
 _28_/Y
 _29_/X
 _30_/X
 _31_/Y
 _32_/Y
 _33_/X
 _34_/X
 _35_/X
 _36_/Y
 _37_/Y
 _38_/Y
 _39_/Y
 _40_/Y
 _41_/Y
 _42_/Y
 _43_/X
 _44_/Y
 _45_/X
 _46_/Q
 _47_/Q
 _48_/Q
 _49_/Q
 clkbuf_0_clk/X
 clkbuf_1_0__f_clk/X
 clkbuf_1_1__f_clk/X
 input1/X
 input2/X
 input3/X
 output4/X
 output5/X
 output6/X
 output7/X
Found 0 partially unannotated drivers.

===========================================================================
max slew violation count 0
%OL_METRIC_I design__max_slew_violation__count__corner:nom_ff_n40C_1v95 0
max fanout violation count 0
%OL_METRIC_I design__max_fanout_violation__count__corner:nom_ff_n40C_1v95 0
max cap violation count 0
%OL_METRIC_I design__max_cap_violation__count__corner:nom_ff_n40C_1v95 0
============================================================================

===========================================================================
check_setup -verbose -unconstrained_endpoints -multiple_clock -no_clock -no_input_delay -loops -generated_clocks
===========================================================================
%OL_END_REPORT
%OL_CREATE_REPORT power.rpt

===========================================================================
 report_power
============================================================================
======================= nom_ff_n40C_1v95 Corner ===================================

Group                    Internal    Switching      Leakage        Total
                            Power        Power        Power        Power (Watts)
------------------------------------------------------------------------
Sequential           2.131464e-05 2.583113e-06 5.805177e-11 2.389781e-05  23.4%
Combinational        6.165651e-06 4.370481e-06 9.854847e-11 1.053623e-05  10.3%
Clock                5.876287e-05 9.002038e-06 1.914306e-10 6.776510e-05  66.3%
Macro                0.000000e+00 0.000000e+00 0.000000e+00 0.000000e+00   0.0%
Pad                  0.000000e+00 0.000000e+00 0.000000e+00 0.000000e+00   0.0%
------------------------------------------------------------------------
Total                8.624315e-05 1.595563e-05 3.480309e-10 1.021991e-04 100.0%
                            84.4%        15.6%         0.0%
%OL_METRIC_F power__internal__total 8.624314796179533e-5
%OL_METRIC_F power__switching__total 1.5955632989061996e-5
%OL_METRIC_F power__leakage__total 3.4803090964707906e-10
%OL_METRIC_F power__total 0.00010219913383480161

%OL_END_REPORT
%OL_CREATE_REPORT skew.min.rpt

===========================================================================
Clock Skew (Hold)
============================================================================
%OL_METRIC_F clock__skew__worst_hold__corner:nom_ff_n40C_1v95 0.0
======================= nom_ff_n40C_1v95 Corner ===================================

Clock clk
0.145506 source latency _46_/CLK ^
-0.145506 target latency _46_/CLK ^
0.000000 CRPR
--------------
0.000000 hold skew

%OL_END_REPORT
%OL_CREATE_REPORT skew.max.rpt

===========================================================================
Clock Skew (Setup)
============================================================================
%OL_METRIC_F clock__skew__worst_setup__corner:nom_ff_n40C_1v95 0.0
======================= nom_ff_n40C_1v95 Corner ===================================

Clock clk
0.145506 source latency _46_/CLK ^
-0.145506 target latency _46_/CLK ^
0.000000 CRPR
--------------
0.000000 setup skew

%OL_END_REPORT
%OL_CREATE_REPORT ws.min.rpt

===========================================================================
Worst Slack (Hold)
============================================================================
%OL_METRIC_F timing__hold__ws__corner:nom_ff_n40C_1v95 0.31548664573748175
nom_ff_n40C_1v95: 0.31548664573748175
%OL_END_REPORT
%OL_CREATE_REPORT ws.max.rpt

===========================================================================
Worst Slack (Setup)
============================================================================
%OL_METRIC_F timing__setup__ws__corner:nom_ff_n40C_1v95 7.48859662143581
nom_ff_n40C_1v95: 7.48859662143581
%OL_END_REPORT
%OL_CREATE_REPORT tns.min.rpt

===========================================================================
Total Negative Slack (Hold)
============================================================================
%OL_METRIC_F timing__hold__tns__corner:nom_ff_n40C_1v95 0.0
nom_ff_n40C_1v95: 0.0
%OL_END_REPORT
%OL_CREATE_REPORT tns.max.rpt

===========================================================================
Total Negative Slack (Setup)
============================================================================
%OL_METRIC_F timing__setup__tns__corner:nom_ff_n40C_1v95 0.0
nom_ff_n40C_1v95: 0.0
%OL_END_REPORT
%OL_CREATE_REPORT wns.min.rpt

===========================================================================
Worst Negative Slack (Hold)
============================================================================
%OL_METRIC_F timing__hold__wns__corner:nom_ff_n40C_1v95 0
nom_ff_n40C_1v95: 0
%OL_END_REPORT
%OL_CREATE_REPORT wns.max.rpt

===========================================================================
Worst Negative Slack (Setup)
============================================================================
%OL_METRIC_F timing__setup__wns__corner:nom_ff_n40C_1v95 0.0
nom_ff_n40C_1v95: 0.0
%OL_END_REPORT
%OL_CREATE_REPORT violator_list.rpt

===========================================================================
Violator List
============================================================================
%OL_METRIC_I timing__hold_vio__count__corner:nom_ff_n40C_1v95 0
%OL_METRIC_F timing__hold_r2r__ws__corner:nom_ff_n40C_1v95 0.315487
%OL_METRIC_I timing__hold_r2r_vio__count__corner:nom_ff_n40C_1v95 0
%OL_METRIC_I timing__setup_vio__count__corner:nom_ff_n40C_1v95 0
%OL_METRIC_F timing__setup_r2r__ws__corner:nom_ff_n40C_1v95 inf
%OL_METRIC_I timing__setup_r2r_vio__count__corner:nom_ff_n40C_1v95 0
%OL_END_REPORT
%OL_CREATE_REPORT unpropagated.rpt
clk
%OL_END_REPORT
%OL_CREATE_REPORT clock.rpt
Clock: clk
Sources: clk 
Generated: no
Virtual: no
Propagated: no
Period: 10.000000

===========================================================================
report_clock_properties
============================================================================
Clock                   Period          Waveform
----------------------------------------------------
clk                  10.000000    0.000000  5.000000

===========================================================================
report_clock_latency
============================================================================
Clock clk
rise -> rise
    min     max
0.000000 0.000000 source latency
0.145506         network latency _46_/CLK
        0.145506 network latency _46_/CLK
---------------
0.145506 0.145506 latency
        0.000000 skew

fall -> fall
    min     max
0.000000 0.000000 source latency
0.168539         network latency _46_/CLK
        0.168539 network latency _46_/CLK
---------------
0.168539 0.168539 latency
        0.000000 skew



===========================================================================
report_clock_min_period
============================================================================
clk period_min = 0.67 fmax = 1483.49
%OL_END_REPORT
Writing SDF files for all corners…
