Reading OpenROAD database at '/home/amostafa/CMP/VLSI/runs/RUN_2024-11-27_13-30-12/04-openroad-ioplacement/simple_mult.odb'…
Reading library file at '/home/amostafa/.volare/volare/sky130/versions/0fe599b2afb6708d281543108caf8310912f54af/sky130A/libs.ref/sky130_fd_sc_hd/lib/sky130_fd_sc_hd__tt_025C_1v80.lib'…
Reading design constraints file at '/nix/store/giv9dbfir1g36hiqrccwznrmafdg2jhb-python3-3.11.9-env/lib/python3.11/site-packages/openlane/scripts/base.sdc'…
[WARNING STA-0366] port 'clk' not found.
[INFO] Using clock clk…
[INFO] Setting output delay to: 2.0
[INFO] Setting input delay to: 2.0
[WARNING STA-0366] port 'clk' not found.
[INFO] Setting load to: 0.033442
[INFO] Setting clock uncertainty to: 0.25
[INFO] Setting clock transition to: 0.1499999999999999944488848768742172978818416595458984375
[WARNING STA-0419] transition time can not be specified for virtual clocks.
[INFO] Setting timing derate to: 5%
[WARNING STA-0450] virtual clock clk can not be propagated.
[INFO] Setting RC values…
[INFO] Setting signal min routing layer to: met1 and clock min routing layer to met1. 
[INFO] Setting signal max routing layer to: met5 and clock max routing layer to met5. 
[INFO GPL-0002] DBU: 1000
[INFO GPL-0003] SiteSize: (  0.460  2.720 ) um
[INFO GPL-0004] CoreBBox: (  5.520 10.880 ) ( 37.720 40.800 ) um
[INFO GPL-0006] NumInstances:                55
[INFO GPL-0007] NumPlaceInstances:           55
[INFO GPL-0008] NumFixedInstances:            0
[INFO GPL-0009] NumDummyInstances:            0
[INFO GPL-0010] NumNets:                     63
[INFO GPL-0011] NumPins:                    224
[INFO GPL-0012] DieBBox:  (  0.000  0.000 ) ( 43.495 54.215 ) um
[INFO GPL-0013] CoreBBox: (  5.520 10.880 ) ( 37.720 40.800 ) um
[INFO GPL-0016] CoreArea:               963.424 um^2
[INFO GPL-0017] NonPlaceInstsArea:        0.000 um^2
[INFO GPL-0018] PlaceInstsArea:         526.755 um^2
[INFO GPL-0019] Util:                    54.675 %
[INFO GPL-0020] StdInstsArea:           526.755 um^2
[INFO GPL-0021] MacroInstsArea:           0.000 um^2
[InitialPlace]  Iter: 1 CG residual: 0.00000010 HPWL: 1096536
[InitialPlace]  Iter: 2 CG residual: 0.00000007 HPWL: 880086
[InitialPlace]  Iter: 3 CG residual: 0.00000007 HPWL: 881446
[InitialPlace]  Iter: 4 CG residual: 0.00000010 HPWL: 879617
[InitialPlace]  Iter: 5 CG residual: 0.00000009 HPWL: 884299
[INFO GPL-0031] FillerInit:NumGCells:        65
[INFO GPL-0032] FillerInit:NumGNets:         63
[INFO GPL-0033] FillerInit:NumGPins:        224
[INFO GPL-0023] TargetDensity:            0.647
[INFO GPL-0024] AvrgPlaceInstArea:        9.577 um^2
[INFO GPL-0025] IdealBinArea:            14.808 um^2
[INFO GPL-0026] IdealBinCnt:                 65
[INFO GPL-0027] TotalBinArea:           963.424 um^2
[INFO GPL-0028] BinCnt:         8      8
[INFO GPL-0029] BinSize: (  4.025  3.740 )
[INFO GPL-0030] NumBins: 64
[NesterovSolve] Iter:    1 overflow: 0.653 HPWL: 504302
[INFO GPL-0100] Timing-driven: executing resizer for reweighting nets.
[INFO GPL-0101] Timing-driven: worst slack 3.79e-09
[INFO GPL-0103] Timing-driven: weighted 6 nets.
[INFO GPL-0100] Timing-driven: executing resizer for reweighting nets.
[INFO GPL-0101] Timing-driven: worst slack 3.79e-09
[INFO GPL-0103] Timing-driven: weighted 6 nets.
[NesterovSolve] Snapshot saved at iter = 2
[INFO GPL-0100] Timing-driven: executing resizer for reweighting nets.
[INFO GPL-0101] Timing-driven: worst slack 3.79e-09
[INFO GPL-0103] Timing-driven: weighted 5 nets.
[NesterovSolve] Iter:   10 overflow: 0.452 HPWL: 545998
[NesterovSolve] Iter:   20 overflow: 0.463 HPWL: 545986
[NesterovSolve] Iter:   30 overflow: 0.462 HPWL: 546262
[NesterovSolve] Iter:   40 overflow: 0.460 HPWL: 546069
[NesterovSolve] Iter:   50 overflow: 0.461 HPWL: 546158
[NesterovSolve] Iter:   60 overflow: 0.461 HPWL: 546212
[NesterovSolve] Iter:   70 overflow: 0.461 HPWL: 546159
[NesterovSolve] Iter:   80 overflow: 0.460 HPWL: 546172
[NesterovSolve] Iter:   90 overflow: 0.461 HPWL: 546196
[NesterovSolve] Iter:  100 overflow: 0.460 HPWL: 546218
[NesterovSolve] Iter:  110 overflow: 0.460 HPWL: 546255
[NesterovSolve] Iter:  120 overflow: 0.459 HPWL: 546345
[NesterovSolve] Iter:  130 overflow: 0.458 HPWL: 546512
[NesterovSolve] Iter:  140 overflow: 0.457 HPWL: 546805
[NesterovSolve] Iter:  150 overflow: 0.454 HPWL: 547193
[NesterovSolve] Iter:  160 overflow: 0.450 HPWL: 547968
[NesterovSolve] Iter:  170 overflow: 0.443 HPWL: 548763
[NesterovSolve] Iter:  180 overflow: 0.433 HPWL: 550142
[NesterovSolve] Iter:  190 overflow: 0.418 HPWL: 552009
[NesterovSolve] Iter:  200 overflow: 0.402 HPWL: 554998
[NesterovSolve] Iter:  210 overflow: 0.383 HPWL: 558865
[NesterovSolve] Iter:  220 overflow: 0.362 HPWL: 563841
[NesterovSolve] Iter:  230 overflow: 0.338 HPWL: 568908
[NesterovSolve] Iter:  240 overflow: 0.317 HPWL: 573530
[INFO GPL-0075] Routability numCall: 1 inflationIterCnt: 1 bloatIterCnt: 0
[INFO GPL-0036] TileBBox: (    0    0 ) ( 6900 6900 ) DBU
[INFO GPL-0038] TileCnt:       6    7
[INFO GPL-0040] NumTiles: 42
[INFO GPL-0081] TotalRouteOverflow: 0
[INFO GPL-0082] OverflowTileCnt: 0
[INFO GPL-0083] 0.5%RC: 0.6497064828872681
[INFO GPL-0084] 1.0%RC: 0.6497064828872681
[INFO GPL-0085] 2.0%RC: 0.6497064828872681
[INFO GPL-0086] 5.0%RC: 0.6338460048039755
[INFO GPL-0087] FinalRC: 0.6497065
[INFO GPL-0077] FinalRC lower than targetRC(1.01), routability not needed.
[NesterovSolve] Iter:  250 overflow: 0.294 HPWL: 579082
[INFO GPL-0100] Timing-driven: executing resizer for reweighting nets.
[INFO GPL-0101] Timing-driven: worst slack 3.78e-09
[INFO GPL-0103] Timing-driven: weighted 3 nets.
[NesterovSolve] Iter:  260 overflow: 0.271 HPWL: 589468
[NesterovSolve] Iter:  270 overflow: 0.251 HPWL: 597980
[NesterovSolve] Iter:  280 overflow: 0.225 HPWL: 606374
[INFO GPL-0100] Timing-driven: executing resizer for reweighting nets.
[INFO GPL-0101] Timing-driven: worst slack 3.78e-09
[INFO GPL-0103] Timing-driven: weighted 5 nets.
[NesterovSolve] Iter:  290 overflow: 0.190 HPWL: 614693
[NesterovSolve] Iter:  300 overflow: 0.166 HPWL: 620815
[INFO GPL-0100] Timing-driven: executing resizer for reweighting nets.
[INFO GPL-0101] Timing-driven: worst slack 3.77e-09
[INFO GPL-0103] Timing-driven: weighted 4 nets.
[NesterovSolve] Iter:  310 overflow: 0.141 HPWL: 625572
[NesterovSolve] Iter:  320 overflow: 0.131 HPWL: 630825
[NesterovSolve] Iter:  330 overflow: 0.108 HPWL: 636048
[NesterovSolve] Finished with Overflow: 0.098856
[INFO] Setting RC values…
Setting global connections for newly added cells…
[INFO] Setting global connections...
Updating metrics…
Cell type report:                       Count       Area
  Multi-Input combinational cell           55     526.76
  Total                                    55     526.76
Writing OpenROAD database to '/home/amostafa/CMP/VLSI/runs/RUN_2024-11-27_13-30-12/05-openroad-globalplacement/simple_mult.odb'…
Writing netlist to '/home/amostafa/CMP/VLSI/runs/RUN_2024-11-27_13-30-12/05-openroad-globalplacement/simple_mult.nl.v'…
Writing powered netlist to '/home/amostafa/CMP/VLSI/runs/RUN_2024-11-27_13-30-12/05-openroad-globalplacement/simple_mult.pnl.v'…
Writing layout to '/home/amostafa/CMP/VLSI/runs/RUN_2024-11-27_13-30-12/05-openroad-globalplacement/simple_mult.def'…
Writing timing constraints to '/home/amostafa/CMP/VLSI/runs/RUN_2024-11-27_13-30-12/05-openroad-globalplacement/simple_mult.sdc'…
