
===========================================================================
report_checks -path_delay min (Hold)
============================================================================
======================= min_ff_n40C_1v95 Corner ===================================

Startpoint: _46_ (rising edge-triggered flip-flop clocked by clk)
Endpoint: _46_ (rising edge-triggered flip-flop clocked by clk)
Path Group: clk
Path Type: min

Fanout         Cap        Slew       Delay        Time   Description
---------------------------------------------------------------------------------------------
                                  0.000000    0.000000   clock clk (rise edge)
                                  0.000000    0.000000   clock source latency
     1    0.009235    0.000000    0.000000    0.000000 ^ clk (in)
                                                         clk (net)
                      0.000069    0.000035    0.000035 ^ clkbuf_0_clk/A (sky130_fd_sc_hd__clkbuf_16)
     2    0.018257    0.029972    0.074845    0.074880 ^ clkbuf_0_clk/X (sky130_fd_sc_hd__clkbuf_16)
                                                         clknet_0_clk (net)
                      0.029972    0.000152    0.075032 ^ clkbuf_1_1__f_clk/A (sky130_fd_sc_hd__clkbuf_16)
     2    0.005891    0.021604    0.074207    0.149238 ^ clkbuf_1_1__f_clk/X (sky130_fd_sc_hd__clkbuf_16)
                                                         clknet_1_1__leaf_clk (net)
                      0.021604    0.000041    0.149280 ^ _46_/CLK (sky130_fd_sc_hd__dfxtp_2)
     7    0.026493    0.104567    0.246730    0.396010 ^ _46_/Q (sky130_fd_sc_hd__dfxtp_2)
                                                         net4 (net)
                      0.104567    0.000383    0.396393 ^ _28_/A1 (sky130_fd_sc_hd__o21ai_1)
     1    0.002516    0.022341    0.046397    0.442790 v _28_/Y (sky130_fd_sc_hd__o21ai_1)
                                                         _00_ (net)
                      0.022341    0.000025    0.442814 v _46_/D (sky130_fd_sc_hd__dfxtp_2)
                                              0.442814   data arrival time

                                  0.000000    0.000000   clock clk (rise edge)
                                  0.000000    0.000000   clock source latency
     1    0.009235    0.000000    0.000000    0.000000 ^ clk (in)
                                                         clk (net)
                      0.000069    0.000035    0.000035 ^ clkbuf_0_clk/A (sky130_fd_sc_hd__clkbuf_16)
     2    0.018257    0.029972    0.074845    0.074880 ^ clkbuf_0_clk/X (sky130_fd_sc_hd__clkbuf_16)
                                                         clknet_0_clk (net)
                      0.029972    0.000152    0.075032 ^ clkbuf_1_1__f_clk/A (sky130_fd_sc_hd__clkbuf_16)
     2    0.005891    0.021604    0.074207    0.149238 ^ clkbuf_1_1__f_clk/X (sky130_fd_sc_hd__clkbuf_16)
                                                         clknet_1_1__leaf_clk (net)
                      0.021604    0.000041    0.149280 ^ _46_/CLK (sky130_fd_sc_hd__dfxtp_2)
                                  0.000000    0.149280   clock reconvergence pessimism
                                 -0.032702    0.116578   library hold time
                                              0.116578   data required time
---------------------------------------------------------------------------------------------
                                              0.116578   data required time
                                             -0.442814   data arrival time
---------------------------------------------------------------------------------------------
                                              0.326236   slack (MET)


Startpoint: _48_ (rising edge-triggered flip-flop clocked by clk)
Endpoint: _48_ (rising edge-triggered flip-flop clocked by clk)
Path Group: clk
Path Type: min

Fanout         Cap        Slew       Delay        Time   Description
---------------------------------------------------------------------------------------------
                                  0.000000    0.000000   clock clk (rise edge)
                                  0.000000    0.000000   clock source latency
     1    0.009235    0.000000    0.000000    0.000000 ^ clk (in)
                                                         clk (net)
                      0.000069    0.000035    0.000035 ^ clkbuf_0_clk/A (sky130_fd_sc_hd__clkbuf_16)
     2    0.018257    0.029972    0.074845    0.074880 ^ clkbuf_0_clk/X (sky130_fd_sc_hd__clkbuf_16)
                                                         clknet_0_clk (net)
                      0.029972    0.000152    0.075032 ^ clkbuf_1_1__f_clk/A (sky130_fd_sc_hd__clkbuf_16)
     2    0.005891    0.021604    0.074207    0.149238 ^ clkbuf_1_1__f_clk/X (sky130_fd_sc_hd__clkbuf_16)
                                                         clknet_1_1__leaf_clk (net)
                      0.021604    0.000052    0.149291 ^ _48_/CLK (sky130_fd_sc_hd__dfxtp_1)
     5    0.016544    0.121329    0.247662    0.396953 ^ _48_/Q (sky130_fd_sc_hd__dfxtp_1)
                                                         net6 (net)
                      0.121329    0.000230    0.397183 ^ _39_/A1 (sky130_fd_sc_hd__a21oi_1)
     1    0.002847    0.042560    0.043863    0.441046 v _39_/Y (sky130_fd_sc_hd__a21oi_1)
                                                         _18_ (net)
                      0.042560    0.000029    0.441075 v _40_/B1 (sky130_fd_sc_hd__o21ai_1)
     1    0.002139    0.034414    0.045649    0.486724 ^ _40_/Y (sky130_fd_sc_hd__o21ai_1)
                                                         _02_ (net)
                      0.034414    0.000019    0.486743 ^ _48_/D (sky130_fd_sc_hd__dfxtp_1)
                                              0.486743   data arrival time

                                  0.000000    0.000000   clock clk (rise edge)
                                  0.000000    0.000000   clock source latency
     1    0.009235    0.000000    0.000000    0.000000 ^ clk (in)
                                                         clk (net)
                      0.000069    0.000035    0.000035 ^ clkbuf_0_clk/A (sky130_fd_sc_hd__clkbuf_16)
     2    0.018257    0.029972    0.074845    0.074880 ^ clkbuf_0_clk/X (sky130_fd_sc_hd__clkbuf_16)
                                                         clknet_0_clk (net)
                      0.029972    0.000152    0.075032 ^ clkbuf_1_1__f_clk/A (sky130_fd_sc_hd__clkbuf_16)
     2    0.005891    0.021604    0.074207    0.149238 ^ clkbuf_1_1__f_clk/X (sky130_fd_sc_hd__clkbuf_16)
                                                         clknet_1_1__leaf_clk (net)
                      0.021604    0.000052    0.149291 ^ _48_/CLK (sky130_fd_sc_hd__dfxtp_1)
                                  0.000000    0.149291   clock reconvergence pessimism
                                 -0.017766    0.131524   library hold time
                                              0.131524   data required time
---------------------------------------------------------------------------------------------
                                              0.131524   data required time
                                             -0.486743   data arrival time
---------------------------------------------------------------------------------------------
                                              0.355219   slack (MET)


Startpoint: _49_ (rising edge-triggered flip-flop clocked by clk)
Endpoint: _49_ (rising edge-triggered flip-flop clocked by clk)
Path Group: clk
Path Type: min

Fanout         Cap        Slew       Delay        Time   Description
---------------------------------------------------------------------------------------------
                                  0.000000    0.000000   clock clk (rise edge)
                                  0.000000    0.000000   clock source latency
     1    0.009235    0.000000    0.000000    0.000000 ^ clk (in)
                                                         clk (net)
                      0.000069    0.000035    0.000035 ^ clkbuf_0_clk/A (sky130_fd_sc_hd__clkbuf_16)
     2    0.018257    0.029972    0.074845    0.074880 ^ clkbuf_0_clk/X (sky130_fd_sc_hd__clkbuf_16)
                                                         clknet_0_clk (net)
                      0.029972    0.000136    0.075015 ^ clkbuf_1_0__f_clk/A (sky130_fd_sc_hd__clkbuf_16)
     2    0.006173    0.021797    0.074449    0.149464 ^ clkbuf_1_0__f_clk/X (sky130_fd_sc_hd__clkbuf_16)
                                                         clknet_1_0__leaf_clk (net)
                      0.021797    0.000047    0.149511 ^ _49_/CLK (sky130_fd_sc_hd__dfxtp_1)
     3    0.009586    0.038719    0.201041    0.350551 v _49_/Q (sky130_fd_sc_hd__dfxtp_1)
                                                         net7 (net)
                      0.038719    0.000104    0.350655 v _44_/B (sky130_fd_sc_hd__nand4_1)
     1    0.003607    0.044835    0.062276    0.412931 ^ _44_/Y (sky130_fd_sc_hd__nand4_1)
                                                         _22_ (net)
                      0.044835    0.000043    0.412974 ^ _45_/A3 (sky130_fd_sc_hd__a31o_1)
     1    0.002038    0.025378    0.077327    0.490301 ^ _45_/X (sky130_fd_sc_hd__a31o_1)
                                                         _03_ (net)
                      0.025378    0.000010    0.490311 ^ _49_/D (sky130_fd_sc_hd__dfxtp_1)
                                              0.490311   data arrival time

                                  0.000000    0.000000   clock clk (rise edge)
                                  0.000000    0.000000   clock source latency
     1    0.009235    0.000000    0.000000    0.000000 ^ clk (in)
                                                         clk (net)
                      0.000069    0.000035    0.000035 ^ clkbuf_0_clk/A (sky130_fd_sc_hd__clkbuf_16)
     2    0.018257    0.029972    0.074845    0.074880 ^ clkbuf_0_clk/X (sky130_fd_sc_hd__clkbuf_16)
                                                         clknet_0_clk (net)
                      0.029972    0.000136    0.075015 ^ clkbuf_1_0__f_clk/A (sky130_fd_sc_hd__clkbuf_16)
     2    0.006173    0.021797    0.074449    0.149464 ^ clkbuf_1_0__f_clk/X (sky130_fd_sc_hd__clkbuf_16)
                                                         clknet_1_0__leaf_clk (net)
                      0.021797    0.000047    0.149511 ^ _49_/CLK (sky130_fd_sc_hd__dfxtp_1)
                                  0.000000    0.149511   clock reconvergence pessimism
                                 -0.017121    0.132389   library hold time
                                              0.132389   data required time
---------------------------------------------------------------------------------------------
                                              0.132389   data required time
                                             -0.490311   data arrival time
---------------------------------------------------------------------------------------------
                                              0.357922   slack (MET)


Startpoint: _47_ (rising edge-triggered flip-flop clocked by clk)
Endpoint: _47_ (rising edge-triggered flip-flop clocked by clk)
Path Group: clk
Path Type: min

Fanout         Cap        Slew       Delay        Time   Description
---------------------------------------------------------------------------------------------
                                  0.000000    0.000000   clock clk (rise edge)
                                  0.000000    0.000000   clock source latency
     1    0.009235    0.000000    0.000000    0.000000 ^ clk (in)
                                                         clk (net)
                      0.000069    0.000035    0.000035 ^ clkbuf_0_clk/A (sky130_fd_sc_hd__clkbuf_16)
     2    0.018257    0.029972    0.074845    0.074880 ^ clkbuf_0_clk/X (sky130_fd_sc_hd__clkbuf_16)
                                                         clknet_0_clk (net)
                      0.029972    0.000136    0.075015 ^ clkbuf_1_0__f_clk/A (sky130_fd_sc_hd__clkbuf_16)
     2    0.006173    0.021797    0.074449    0.149464 ^ clkbuf_1_0__f_clk/X (sky130_fd_sc_hd__clkbuf_16)
                                                         clknet_1_0__leaf_clk (net)
                      0.021797    0.000038    0.149502 ^ _47_/CLK (sky130_fd_sc_hd__dfxtp_1)
     6    0.023529    0.169027    0.281109    0.430611 ^ _47_/Q (sky130_fd_sc_hd__dfxtp_1)
                                                         net5 (net)
                      0.169027    0.000296    0.430907 ^ _33_/A1 (sky130_fd_sc_hd__a21o_1)
     1    0.003470    0.031439    0.079753    0.510659 ^ _33_/X (sky130_fd_sc_hd__a21o_1)
                                                         _13_ (net)
                      0.031439    0.000040    0.510699 ^ _34_/B1 (sky130_fd_sc_hd__a31o_1)
     1    0.002226    0.023559    0.047974    0.558673 ^ _34_/X (sky130_fd_sc_hd__a31o_1)
                                                         _01_ (net)
                      0.023559    0.000022    0.558695 ^ _47_/D (sky130_fd_sc_hd__dfxtp_1)
                                              0.558695   data arrival time

                                  0.000000    0.000000   clock clk (rise edge)
                                  0.000000    0.000000   clock source latency
     1    0.009235    0.000000    0.000000    0.000000 ^ clk (in)
                                                         clk (net)
                      0.000069    0.000035    0.000035 ^ clkbuf_0_clk/A (sky130_fd_sc_hd__clkbuf_16)
     2    0.018257    0.029972    0.074845    0.074880 ^ clkbuf_0_clk/X (sky130_fd_sc_hd__clkbuf_16)
                                                         clknet_0_clk (net)
                      0.029972    0.000136    0.075015 ^ clkbuf_1_0__f_clk/A (sky130_fd_sc_hd__clkbuf_16)
     2    0.006173    0.021797    0.074449    0.149464 ^ clkbuf_1_0__f_clk/X (sky130_fd_sc_hd__clkbuf_16)
                                                         clknet_1_0__leaf_clk (net)
                      0.021797    0.000038    0.149502 ^ _47_/CLK (sky130_fd_sc_hd__dfxtp_1)
                                  0.000000    0.149502   clock reconvergence pessimism
                                 -0.016992    0.132509   library hold time
                                              0.132509   data required time
---------------------------------------------------------------------------------------------
                                              0.132509   data required time
                                             -0.558695   data arrival time
---------------------------------------------------------------------------------------------
                                              0.426186   slack (MET)


Startpoint: _49_ (rising edge-triggered flip-flop clocked by clk)
Endpoint: counter[3] (output port clocked by clk)
Path Group: clk
Path Type: min

Fanout         Cap        Slew       Delay        Time   Description
---------------------------------------------------------------------------------------------
                                  0.000000    0.000000   clock clk (rise edge)
                                  0.000000    0.000000   clock source latency
     1    0.009235    0.000000    0.000000    0.000000 ^ clk (in)
                                                         clk (net)
                      0.000069    0.000035    0.000035 ^ clkbuf_0_clk/A (sky130_fd_sc_hd__clkbuf_16)
     2    0.018257    0.029972    0.074845    0.074880 ^ clkbuf_0_clk/X (sky130_fd_sc_hd__clkbuf_16)
                                                         clknet_0_clk (net)
                      0.029972    0.000136    0.075015 ^ clkbuf_1_0__f_clk/A (sky130_fd_sc_hd__clkbuf_16)
     2    0.006173    0.021797    0.074449    0.149464 ^ clkbuf_1_0__f_clk/X (sky130_fd_sc_hd__clkbuf_16)
                                                         clknet_1_0__leaf_clk (net)
                      0.021797    0.000047    0.149511 ^ _49_/CLK (sky130_fd_sc_hd__dfxtp_1)
     3    0.009586    0.038719    0.201041    0.350551 v _49_/Q (sky130_fd_sc_hd__dfxtp_1)
                                                         net7 (net)
                      0.038719    0.000038    0.350590 v output7/A (sky130_fd_sc_hd__buf_1)
     1    0.000600    0.010919    0.050852    0.401442 v output7/X (sky130_fd_sc_hd__buf_1)
                                                         counter[3] (net)
                      0.010919    0.000002    0.401444 v counter[3] (out)
                                              0.401444   data arrival time

                                  0.000000    0.000000   clock clk (rise edge)
                                  0.000000    0.000000   clock network delay (propagated)
                                  0.000000    0.000000   clock reconvergence pessimism
                                 -2.000000   -2.000000   output external delay
                                             -2.000000   data required time
---------------------------------------------------------------------------------------------
                                             -2.000000   data required time
                                             -0.401444   data arrival time
---------------------------------------------------------------------------------------------
                                              2.401444   slack (MET)


Startpoint: _48_ (rising edge-triggered flip-flop clocked by clk)
Endpoint: counter[2] (output port clocked by clk)
Path Group: clk
Path Type: min

Fanout         Cap        Slew       Delay        Time   Description
---------------------------------------------------------------------------------------------
                                  0.000000    0.000000   clock clk (rise edge)
                                  0.000000    0.000000   clock source latency
     1    0.009235    0.000000    0.000000    0.000000 ^ clk (in)
                                                         clk (net)
                      0.000069    0.000035    0.000035 ^ clkbuf_0_clk/A (sky130_fd_sc_hd__clkbuf_16)
     2    0.018257    0.029972    0.074845    0.074880 ^ clkbuf_0_clk/X (sky130_fd_sc_hd__clkbuf_16)
                                                         clknet_0_clk (net)
                      0.029972    0.000152    0.075032 ^ clkbuf_1_1__f_clk/A (sky130_fd_sc_hd__clkbuf_16)
     2    0.005891    0.021604    0.074207    0.149238 ^ clkbuf_1_1__f_clk/X (sky130_fd_sc_hd__clkbuf_16)
                                                         clknet_1_1__leaf_clk (net)
                      0.021604    0.000052    0.149291 ^ _48_/CLK (sky130_fd_sc_hd__dfxtp_1)
     5    0.015478    0.055594    0.215382    0.364672 v _48_/Q (sky130_fd_sc_hd__dfxtp_1)
                                                         net6 (net)
                      0.055594    0.000166    0.364838 v output6/A (sky130_fd_sc_hd__buf_1)
     1    0.000507    0.010842    0.057136    0.421974 v output6/X (sky130_fd_sc_hd__buf_1)
                                                         counter[2] (net)
                      0.010842    0.000002    0.421975 v counter[2] (out)
                                              0.421975   data arrival time

                                  0.000000    0.000000   clock clk (rise edge)
                                  0.000000    0.000000   clock network delay (propagated)
                                  0.000000    0.000000   clock reconvergence pessimism
                                 -2.000000   -2.000000   output external delay
                                             -2.000000   data required time
---------------------------------------------------------------------------------------------
                                             -2.000000   data required time
                                             -0.421975   data arrival time
---------------------------------------------------------------------------------------------
                                              2.421975   slack (MET)


Startpoint: _46_ (rising edge-triggered flip-flop clocked by clk)
Endpoint: counter[0] (output port clocked by clk)
Path Group: clk
Path Type: min

Fanout         Cap        Slew       Delay        Time   Description
---------------------------------------------------------------------------------------------
                                  0.000000    0.000000   clock clk (rise edge)
                                  0.000000    0.000000   clock source latency
     1    0.009235    0.000000    0.000000    0.000000 ^ clk (in)
                                                         clk (net)
                      0.000069    0.000035    0.000035 ^ clkbuf_0_clk/A (sky130_fd_sc_hd__clkbuf_16)
     2    0.018257    0.029972    0.074845    0.074880 ^ clkbuf_0_clk/X (sky130_fd_sc_hd__clkbuf_16)
                                                         clknet_0_clk (net)
                      0.029972    0.000152    0.075032 ^ clkbuf_1_1__f_clk/A (sky130_fd_sc_hd__clkbuf_16)
     2    0.005891    0.021604    0.074207    0.149238 ^ clkbuf_1_1__f_clk/X (sky130_fd_sc_hd__clkbuf_16)
                                                         clknet_1_1__leaf_clk (net)
                      0.021604    0.000041    0.149280 ^ _46_/CLK (sky130_fd_sc_hd__dfxtp_2)
     7    0.025058    0.049388    0.223072    0.372352 v _46_/Q (sky130_fd_sc_hd__dfxtp_2)
                                                         net4 (net)
                      0.049389    0.000246    0.372598 v output4/A (sky130_fd_sc_hd__buf_1)
     1    0.001013    0.012491    0.057121    0.429719 v output4/X (sky130_fd_sc_hd__buf_1)
                                                         counter[0] (net)
                      0.012491    0.000006    0.429725 v counter[0] (out)
                                              0.429725   data arrival time

                                  0.000000    0.000000   clock clk (rise edge)
                                  0.000000    0.000000   clock network delay (propagated)
                                  0.000000    0.000000   clock reconvergence pessimism
                                 -2.000000   -2.000000   output external delay
                                             -2.000000   data required time
---------------------------------------------------------------------------------------------
                                             -2.000000   data required time
                                             -0.429725   data arrival time
---------------------------------------------------------------------------------------------
                                              2.429725   slack (MET)


Startpoint: _47_ (rising edge-triggered flip-flop clocked by clk)
Endpoint: counter[1] (output port clocked by clk)
Path Group: clk
Path Type: min

Fanout         Cap        Slew       Delay        Time   Description
---------------------------------------------------------------------------------------------
                                  0.000000    0.000000   clock clk (rise edge)
                                  0.000000    0.000000   clock source latency
     1    0.009235    0.000000    0.000000    0.000000 ^ clk (in)
                                                         clk (net)
                      0.000069    0.000035    0.000035 ^ clkbuf_0_clk/A (sky130_fd_sc_hd__clkbuf_16)
     2    0.018257    0.029972    0.074845    0.074880 ^ clkbuf_0_clk/X (sky130_fd_sc_hd__clkbuf_16)
                                                         clknet_0_clk (net)
                      0.029972    0.000136    0.075015 ^ clkbuf_1_0__f_clk/A (sky130_fd_sc_hd__clkbuf_16)
     2    0.006173    0.021797    0.074449    0.149464 ^ clkbuf_1_0__f_clk/X (sky130_fd_sc_hd__clkbuf_16)
                                                         clknet_1_0__leaf_clk (net)
                      0.021797    0.000038    0.149502 ^ _47_/CLK (sky130_fd_sc_hd__dfxtp_1)
     6    0.022079    0.075535    0.231267    0.380768 v _47_/Q (sky130_fd_sc_hd__dfxtp_1)
                                                         net5 (net)
                      0.075536    0.000258    0.381027 v output5/A (sky130_fd_sc_hd__buf_1)
     1    0.000753    0.012560    0.064784    0.445811 v output5/X (sky130_fd_sc_hd__buf_1)
                                                         counter[1] (net)
                      0.012560    0.000004    0.445814 v counter[1] (out)
                                              0.445814   data arrival time

                                  0.000000    0.000000   clock clk (rise edge)
                                  0.000000    0.000000   clock network delay (propagated)
                                  0.000000    0.000000   clock reconvergence pessimism
                                 -2.000000   -2.000000   output external delay
                                             -2.000000   data required time
---------------------------------------------------------------------------------------------
                                             -2.000000   data required time
                                             -0.445814   data arrival time
---------------------------------------------------------------------------------------------
                                              2.445815   slack (MET)



