Reading timing models for corner min_tt_025C_1v80…
Reading cell library for the 'min_tt_025C_1v80' corner at '/home/amostafa/.volare/volare/sky130/versions/0fe599b2afb6708d281543108caf8310912f54af/sky130A/libs.ref/sky130_fd_sc_hd/lib/sky130_fd_sc_hd__tt_025C_1v80.lib'…
Reading top-level netlist at '/home/amostafa/vlsi/runs/RUN_2024-12-04_11-18-08/10-openroad-detailedrouting/counter_dut.nl.v'…
Linking design 'counter_dut' from netlist…
Reading design constraints file at 'counter_dut.sdc'…
Reading top-level design parasitics for the 'min_tt_025C_1v80' corner at '/home/amostafa/vlsi/runs/RUN_2024-12-04_11-18-08/12-openroad-rcx/min/counter_dut.min.spef'…
%OL_CREATE_REPORT min.rpt

===========================================================================
report_checks -path_delay min (Hold)
============================================================================
======================= min_tt_025C_1v80 Corner ===================================

Startpoint: reset (input port clocked by clk)
Endpoint: _49_ (rising edge-triggered flip-flop clocked by clk)
Path Group: clk
Path Type: min

Fanout         Cap        Slew       Delay        Time   Description
---------------------------------------------------------------------------------------------
                                  0.000000    0.000000   clock clk (rise edge)
                                  0.000000    0.000000   clock network delay (propagated)
                                  0.000000    0.000000 v input external delay
     1    0.002429    0.000000    0.000000    0.000000 v reset (in)
                                                         reset (net)
                      0.000018    0.000009    0.000009 v input2/A (sky130_fd_sc_hd__buf_1)
     2    0.007427    0.050706    0.090527    0.090536 v input2/X (sky130_fd_sc_hd__buf_1)
                                                         net2 (net)
                      0.050706    0.000025    0.090560 v _23_/A (sky130_fd_sc_hd__inv_2)
     4    0.013256    0.065490    0.076131    0.166692 ^ _23_/Y (sky130_fd_sc_hd__inv_2)
                                                         _04_ (net)
                      0.065490    0.000091    0.166783 ^ _45_/A1 (sky130_fd_sc_hd__a31o_1)
     1    0.002309    0.040734    0.124385    0.291168 ^ _45_/X (sky130_fd_sc_hd__a31o_1)
                                                         _03_ (net)
                      0.040734    0.000024    0.291192 ^ _49_/D (sky130_fd_sc_hd__dfxtp_1)
                                              0.291192   data arrival time

                                  0.000000    0.000000   clock clk (rise edge)
                                  0.000000    0.000000   clock source latency
     1    0.009372    0.000000    0.000000    0.000000 ^ clk (in)
                                                         clk (net)
                      0.000085    0.000043    0.000043 ^ clkbuf_0_clk/A (sky130_fd_sc_hd__clkbuf_16)
     2    0.017197    0.039461    0.107052    0.107095 ^ clkbuf_0_clk/X (sky130_fd_sc_hd__clkbuf_16)
                                                         clknet_0_clk (net)
                      0.039461    0.000141    0.107236 ^ clkbuf_1_0__f_clk/A (sky130_fd_sc_hd__clkbuf_16)
     2    0.005983    0.029656    0.109695    0.216931 ^ clkbuf_1_0__f_clk/X (sky130_fd_sc_hd__clkbuf_16)
                                                         clknet_1_0__leaf_clk (net)
                      0.029656    0.000062    0.216993 ^ _49_/CLK (sky130_fd_sc_hd__dfxtp_1)
                                  0.000000    0.216993   clock reconvergence pessimism
                                 -0.032398    0.184595   library hold time
                                              0.184595   data required time
---------------------------------------------------------------------------------------------
                                              0.184595   data required time
                                             -0.291192   data arrival time
---------------------------------------------------------------------------------------------
                                              0.106597   slack (MET)


Startpoint: reset (input port clocked by clk)
Endpoint: _47_ (rising edge-triggered flip-flop clocked by clk)
Path Group: clk
Path Type: min

Fanout         Cap        Slew       Delay        Time   Description
---------------------------------------------------------------------------------------------
                                  0.000000    0.000000   clock clk (rise edge)
                                  0.000000    0.000000   clock network delay (propagated)
                                  0.000000    0.000000 v input external delay
     1    0.002429    0.000000    0.000000    0.000000 v reset (in)
                                                         reset (net)
                      0.000018    0.000009    0.000009 v input2/A (sky130_fd_sc_hd__buf_1)
     2    0.007427    0.050706    0.090527    0.090536 v input2/X (sky130_fd_sc_hd__buf_1)
                                                         net2 (net)
                      0.050706    0.000025    0.090560 v _23_/A (sky130_fd_sc_hd__inv_2)
     4    0.013256    0.065490    0.076131    0.166692 ^ _23_/Y (sky130_fd_sc_hd__inv_2)
                                                         _04_ (net)
                      0.065490    0.000073    0.166765 ^ _34_/A2 (sky130_fd_sc_hd__a31o_1)
     1    0.002130    0.034845    0.129957    0.296722 ^ _34_/X (sky130_fd_sc_hd__a31o_1)
                                                         _01_ (net)
                      0.034845    0.000020    0.296742 ^ _47_/D (sky130_fd_sc_hd__dfxtp_1)
                                              0.296742   data arrival time

                                  0.000000    0.000000   clock clk (rise edge)
                                  0.000000    0.000000   clock source latency
     1    0.009372    0.000000    0.000000    0.000000 ^ clk (in)
                                                         clk (net)
                      0.000085    0.000043    0.000043 ^ clkbuf_0_clk/A (sky130_fd_sc_hd__clkbuf_16)
     2    0.017197    0.039461    0.107052    0.107095 ^ clkbuf_0_clk/X (sky130_fd_sc_hd__clkbuf_16)
                                                         clknet_0_clk (net)
                      0.039461    0.000141    0.107236 ^ clkbuf_1_0__f_clk/A (sky130_fd_sc_hd__clkbuf_16)
     2    0.005983    0.029656    0.109695    0.216931 ^ clkbuf_1_0__f_clk/X (sky130_fd_sc_hd__clkbuf_16)
                                                         clknet_1_0__leaf_clk (net)
                      0.029656    0.000043    0.216974 ^ _47_/CLK (sky130_fd_sc_hd__dfxtp_1)
                                  0.000000    0.216974   clock reconvergence pessimism
                                 -0.031162    0.185812   library hold time
                                              0.185812   data required time
---------------------------------------------------------------------------------------------
                                              0.185812   data required time
                                             -0.296742   data arrival time
---------------------------------------------------------------------------------------------
                                              0.110930   slack (MET)


Startpoint: enable (input port clocked by clk)
Endpoint: _46_ (rising edge-triggered flip-flop clocked by clk)
Path Group: clk
Path Type: min

Fanout         Cap        Slew       Delay        Time   Description
---------------------------------------------------------------------------------------------
                                  0.000000    0.000000   clock clk (rise edge)
                                  0.000000    0.000000   clock network delay (propagated)
                                  0.000000    0.000000 v input external delay
     1    0.002419    0.000000    0.000000    0.000000 v enable (in)
                                                         enable (net)
                      0.000017    0.000009    0.000009 v input1/A (sky130_fd_sc_hd__buf_1)
     5    0.015337    0.094204    0.124006    0.124015 v input1/X (sky130_fd_sc_hd__buf_1)
                                                         net1 (net)
                      0.094204    0.000195    0.124210 v _24_/A (sky130_fd_sc_hd__nand2_1)
     2    0.005957    0.068100    0.095040    0.219250 ^ _24_/Y (sky130_fd_sc_hd__nand2_1)
                                                         _05_ (net)
                      0.068100    0.000026    0.219276 ^ _28_/A2 (sky130_fd_sc_hd__o21ai_1)
     1    0.003031    0.033165    0.059469    0.278745 v _28_/Y (sky130_fd_sc_hd__o21ai_1)
                                                         _00_ (net)
                      0.033165    0.000045    0.278789 v _46_/D (sky130_fd_sc_hd__dfxtp_1)
                                              0.278789   data arrival time

                                  0.000000    0.000000   clock clk (rise edge)
                                  0.000000    0.000000   clock source latency
     1    0.009372    0.000000    0.000000    0.000000 ^ clk (in)
                                                         clk (net)
                      0.000085    0.000043    0.000043 ^ clkbuf_0_clk/A (sky130_fd_sc_hd__clkbuf_16)
     2    0.017197    0.039461    0.107052    0.107095 ^ clkbuf_0_clk/X (sky130_fd_sc_hd__clkbuf_16)
                                                         clknet_0_clk (net)
                      0.039461    0.000117    0.107211 ^ clkbuf_1_1__f_clk/A (sky130_fd_sc_hd__clkbuf_16)
     2    0.005357    0.029092    0.108944    0.216155 ^ clkbuf_1_1__f_clk/X (sky130_fd_sc_hd__clkbuf_16)
                                                         clknet_1_1__leaf_clk (net)
                      0.029092    0.000063    0.216218 ^ _46_/CLK (sky130_fd_sc_hd__dfxtp_1)
                                  0.000000    0.216218   clock reconvergence pessimism
                                 -0.052190    0.164029   library hold time
                                              0.164029   data required time
---------------------------------------------------------------------------------------------
                                              0.164029   data required time
                                             -0.278789   data arrival time
---------------------------------------------------------------------------------------------
                                              0.114761   slack (MET)


Startpoint: enable (input port clocked by clk)
Endpoint: _48_ (rising edge-triggered flip-flop clocked by clk)
Path Group: clk
Path Type: min

Fanout         Cap        Slew       Delay        Time   Description
---------------------------------------------------------------------------------------------
                                  0.000000    0.000000   clock clk (rise edge)
                                  0.000000    0.000000   clock network delay (propagated)
                                  0.000000    0.000000 v input external delay
     1    0.002419    0.000000    0.000000    0.000000 v enable (in)
                                                         enable (net)
                      0.000017    0.000009    0.000009 v input1/A (sky130_fd_sc_hd__buf_1)
     5    0.015337    0.094204    0.124006    0.124015 v input1/X (sky130_fd_sc_hd__buf_1)
                                                         net1 (net)
                      0.094204    0.000195    0.124210 v _24_/A (sky130_fd_sc_hd__nand2_1)
     2    0.005957    0.068100    0.095040    0.219250 ^ _24_/Y (sky130_fd_sc_hd__nand2_1)
                                                         _05_ (net)
                      0.068100    0.000048    0.219298 ^ _40_/A1 (sky130_fd_sc_hd__o21ai_1)
     1    0.002231    0.026810    0.065426    0.284724 v _40_/Y (sky130_fd_sc_hd__o21ai_1)
                                                         _02_ (net)
                      0.026810    0.000022    0.284745 v _48_/D (sky130_fd_sc_hd__dfxtp_1)
                                              0.284745   data arrival time

                                  0.000000    0.000000   clock clk (rise edge)
                                  0.000000    0.000000   clock source latency
     1    0.009372    0.000000    0.000000    0.000000 ^ clk (in)
                                                         clk (net)
                      0.000085    0.000043    0.000043 ^ clkbuf_0_clk/A (sky130_fd_sc_hd__clkbuf_16)
     2    0.017197    0.039461    0.107052    0.107095 ^ clkbuf_0_clk/X (sky130_fd_sc_hd__clkbuf_16)
                                                         clknet_0_clk (net)
                      0.039461    0.000117    0.107211 ^ clkbuf_1_1__f_clk/A (sky130_fd_sc_hd__clkbuf_16)
     2    0.005357    0.029092    0.108944    0.216155 ^ clkbuf_1_1__f_clk/X (sky130_fd_sc_hd__clkbuf_16)
                                                         clknet_1_1__leaf_clk (net)
                      0.029092    0.000052    0.216207 ^ _48_/CLK (sky130_fd_sc_hd__dfxtp_1)
                                  0.000000    0.216207   clock reconvergence pessimism
                                 -0.049538    0.166669   library hold time
                                              0.166669   data required time
---------------------------------------------------------------------------------------------
                                              0.166669   data required time
                                             -0.284745   data arrival time
---------------------------------------------------------------------------------------------
                                              0.118076   slack (MET)


Startpoint: _49_ (rising edge-triggered flip-flop clocked by clk)
Endpoint: counter[3] (output port clocked by clk)
Path Group: clk
Path Type: min

Fanout         Cap        Slew       Delay        Time   Description
---------------------------------------------------------------------------------------------
                                  0.000000    0.000000   clock clk (rise edge)
                                  0.000000    0.000000   clock source latency
     1    0.009372    0.000000    0.000000    0.000000 ^ clk (in)
                                                         clk (net)
                      0.000085    0.000043    0.000043 ^ clkbuf_0_clk/A (sky130_fd_sc_hd__clkbuf_16)
     2    0.017197    0.039461    0.107052    0.107095 ^ clkbuf_0_clk/X (sky130_fd_sc_hd__clkbuf_16)
                                                         clknet_0_clk (net)
                      0.039461    0.000141    0.107236 ^ clkbuf_1_0__f_clk/A (sky130_fd_sc_hd__clkbuf_16)
     2    0.005983    0.029656    0.109695    0.216931 ^ clkbuf_1_0__f_clk/X (sky130_fd_sc_hd__clkbuf_16)
                                                         clknet_1_0__leaf_clk (net)
                      0.029656    0.000062    0.216993 ^ _49_/CLK (sky130_fd_sc_hd__dfxtp_1)
     3    0.007864    0.047903    0.306489    0.523483 v _49_/Q (sky130_fd_sc_hd__dfxtp_1)
                                                         net7 (net)
                      0.047903    0.000044    0.523526 v output7/A (sky130_fd_sc_hd__buf_1)
     1    0.000288    0.013657    0.073796    0.597322 v output7/X (sky130_fd_sc_hd__buf_1)
                                                         counter[3] (net)
                      0.013657    0.000000    0.597323 v counter[3] (out)
                                              0.597323   data arrival time

                                  0.000000    0.000000   clock clk (rise edge)
                                  0.000000    0.000000   clock network delay (propagated)
                                  0.000000    0.000000   clock reconvergence pessimism
                                  0.000000    0.000000   output external delay
                                              0.000000   data required time
---------------------------------------------------------------------------------------------
                                              0.000000   data required time
                                             -0.597323   data arrival time
---------------------------------------------------------------------------------------------
                                              0.597323   slack (MET)


Startpoint: _48_ (rising edge-triggered flip-flop clocked by clk)
Endpoint: counter[2] (output port clocked by clk)
Path Group: clk
Path Type: min

Fanout         Cap        Slew       Delay        Time   Description
---------------------------------------------------------------------------------------------
                                  0.000000    0.000000   clock clk (rise edge)
                                  0.000000    0.000000   clock source latency
     1    0.009372    0.000000    0.000000    0.000000 ^ clk (in)
                                                         clk (net)
                      0.000085    0.000043    0.000043 ^ clkbuf_0_clk/A (sky130_fd_sc_hd__clkbuf_16)
     2    0.017197    0.039461    0.107052    0.107095 ^ clkbuf_0_clk/X (sky130_fd_sc_hd__clkbuf_16)
                                                         clknet_0_clk (net)
                      0.039461    0.000117    0.107211 ^ clkbuf_1_1__f_clk/A (sky130_fd_sc_hd__clkbuf_16)
     2    0.005357    0.029092    0.108944    0.216155 ^ clkbuf_1_1__f_clk/X (sky130_fd_sc_hd__clkbuf_16)
                                                         clknet_1_1__leaf_clk (net)
                      0.029092    0.000052    0.216207 ^ _48_/CLK (sky130_fd_sc_hd__dfxtp_1)
     5    0.014466    0.075096    0.329799    0.546007 v _48_/Q (sky130_fd_sc_hd__dfxtp_1)
                                                         net6 (net)
                      0.075096    0.000269    0.546275 v output6/A (sky130_fd_sc_hd__buf_1)
     1    0.000318    0.014195    0.085881    0.632156 v output6/X (sky130_fd_sc_hd__buf_1)
                                                         counter[2] (net)
                      0.014195    0.000000    0.632157 v counter[2] (out)
                                              0.632157   data arrival time

                                  0.000000    0.000000   clock clk (rise edge)
                                  0.000000    0.000000   clock network delay (propagated)
                                  0.000000    0.000000   clock reconvergence pessimism
                                  0.000000    0.000000   output external delay
                                              0.000000   data required time
---------------------------------------------------------------------------------------------
                                              0.000000   data required time
                                             -0.632157   data arrival time
---------------------------------------------------------------------------------------------
                                              0.632157   slack (MET)


Startpoint: _47_ (rising edge-triggered flip-flop clocked by clk)
Endpoint: counter[1] (output port clocked by clk)
Path Group: clk
Path Type: min

Fanout         Cap        Slew       Delay        Time   Description
---------------------------------------------------------------------------------------------
                                  0.000000    0.000000   clock clk (rise edge)
                                  0.000000    0.000000   clock source latency
     1    0.009372    0.000000    0.000000    0.000000 ^ clk (in)
                                                         clk (net)
                      0.000085    0.000043    0.000043 ^ clkbuf_0_clk/A (sky130_fd_sc_hd__clkbuf_16)
     2    0.017197    0.039461    0.107052    0.107095 ^ clkbuf_0_clk/X (sky130_fd_sc_hd__clkbuf_16)
                                                         clknet_0_clk (net)
                      0.039461    0.000141    0.107236 ^ clkbuf_1_0__f_clk/A (sky130_fd_sc_hd__clkbuf_16)
     2    0.005983    0.029656    0.109695    0.216931 ^ clkbuf_1_0__f_clk/X (sky130_fd_sc_hd__clkbuf_16)
                                                         clknet_1_0__leaf_clk (net)
                      0.029656    0.000043    0.216974 ^ _47_/CLK (sky130_fd_sc_hd__dfxtp_1)
     6    0.019213    0.095589    0.346584    0.563558 v _47_/Q (sky130_fd_sc_hd__dfxtp_1)
                                                         net5 (net)
                      0.095589    0.000239    0.563797 v output5/A (sky130_fd_sc_hd__buf_1)
     1    0.000652    0.016317    0.097054    0.660851 v output5/X (sky130_fd_sc_hd__buf_1)
                                                         counter[1] (net)
                      0.016317    0.000003    0.660854 v counter[1] (out)
                                              0.660854   data arrival time

                                  0.000000    0.000000   clock clk (rise edge)
                                  0.000000    0.000000   clock network delay (propagated)
                                  0.000000    0.000000   clock reconvergence pessimism
                                  0.000000    0.000000   output external delay
                                              0.000000   data required time
---------------------------------------------------------------------------------------------
                                              0.000000   data required time
                                             -0.660854   data arrival time
---------------------------------------------------------------------------------------------
                                              0.660854   slack (MET)


Startpoint: _46_ (rising edge-triggered flip-flop clocked by clk)
Endpoint: counter[0] (output port clocked by clk)
Path Group: clk
Path Type: min

Fanout         Cap        Slew       Delay        Time   Description
---------------------------------------------------------------------------------------------
                                  0.000000    0.000000   clock clk (rise edge)
                                  0.000000    0.000000   clock source latency
     1    0.009372    0.000000    0.000000    0.000000 ^ clk (in)
                                                         clk (net)
                      0.000085    0.000043    0.000043 ^ clkbuf_0_clk/A (sky130_fd_sc_hd__clkbuf_16)
     2    0.017197    0.039461    0.107052    0.107095 ^ clkbuf_0_clk/X (sky130_fd_sc_hd__clkbuf_16)
                                                         clknet_0_clk (net)
                      0.039461    0.000117    0.107211 ^ clkbuf_1_1__f_clk/A (sky130_fd_sc_hd__clkbuf_16)
     2    0.005357    0.029092    0.108944    0.216155 ^ clkbuf_1_1__f_clk/X (sky130_fd_sc_hd__clkbuf_16)
                                                         clknet_1_1__leaf_clk (net)
                      0.029092    0.000063    0.216218 ^ _46_/CLK (sky130_fd_sc_hd__dfxtp_1)
     7    0.022557    0.110184    0.357860    0.574078 v _46_/Q (sky130_fd_sc_hd__dfxtp_1)
                                                         net4 (net)
                      0.110184    0.000097    0.574175 v output4/A (sky130_fd_sc_hd__buf_1)
     1    0.000278    0.014587    0.100905    0.675080 v output4/X (sky130_fd_sc_hd__buf_1)
                                                         counter[0] (net)
                      0.014587    0.000000    0.675081 v counter[0] (out)
                                              0.675081   data arrival time

                                  0.000000    0.000000   clock clk (rise edge)
                                  0.000000    0.000000   clock network delay (propagated)
                                  0.000000    0.000000   clock reconvergence pessimism
                                  0.000000    0.000000   output external delay
                                              0.000000   data required time
---------------------------------------------------------------------------------------------
                                              0.000000   data required time
                                             -0.675081   data arrival time
---------------------------------------------------------------------------------------------
                                              0.675081   slack (MET)



%OL_END_REPORT
%OL_CREATE_REPORT max.rpt

===========================================================================
report_checks -path_delay max (Setup)
============================================================================
======================= min_tt_025C_1v80 Corner ===================================

Startpoint: _46_ (rising edge-triggered flip-flop clocked by clk)
Endpoint: _47_ (rising edge-triggered flip-flop clocked by clk)
Path Group: clk
Path Type: max

Fanout         Cap        Slew       Delay        Time   Description
---------------------------------------------------------------------------------------------
                                  0.000000    0.000000   clock clk (rise edge)
                                  0.000000    0.000000   clock source latency
     1    0.009372    0.000000    0.000000    0.000000 ^ clk (in)
                                                         clk (net)
                      0.000085    0.000043    0.000043 ^ clkbuf_0_clk/A (sky130_fd_sc_hd__clkbuf_16)
     2    0.017197    0.039461    0.107052    0.107095 ^ clkbuf_0_clk/X (sky130_fd_sc_hd__clkbuf_16)
                                                         clknet_0_clk (net)
                      0.039461    0.000117    0.107211 ^ clkbuf_1_1__f_clk/A (sky130_fd_sc_hd__clkbuf_16)
     2    0.005357    0.029092    0.108944    0.216155 ^ clkbuf_1_1__f_clk/X (sky130_fd_sc_hd__clkbuf_16)
                                                         clknet_1_1__leaf_clk (net)
                      0.029092    0.000063    0.216218 ^ _46_/CLK (sky130_fd_sc_hd__dfxtp_1)
     7    0.023967    0.228332    0.430840    0.647058 ^ _46_/Q (sky130_fd_sc_hd__dfxtp_1)
                                                         net4 (net)
                      0.228332    0.000410    0.647468 ^ _29_/A (sky130_fd_sc_hd__xor2_1)
     2    0.005419    0.157022    0.200075    0.847543 ^ _29_/X (sky130_fd_sc_hd__xor2_1)
                                                         _09_ (net)
                      0.157022    0.000052    0.847595 ^ _30_/B (sky130_fd_sc_hd__or2_1)
     2    0.008735    0.091354    0.159000    1.006595 ^ _30_/X (sky130_fd_sc_hd__or2_1)
                                                         _10_ (net)
                      0.091354    0.000087    1.006682 ^ _32_/A (sky130_fd_sc_hd__nand2_1)
     1    0.003175    0.040846    0.059018    1.065700 v _32_/Y (sky130_fd_sc_hd__nand2_1)
                                                         _12_ (net)
                      0.040846    0.000026    1.065725 v _34_/A3 (sky130_fd_sc_hd__a31o_1)
     1    0.002137    0.033586    0.202479    1.268204 v _34_/X (sky130_fd_sc_hd__a31o_1)
                                                         _01_ (net)
                      0.033586    0.000020    1.268224 v _47_/D (sky130_fd_sc_hd__dfxtp_1)
                                              1.268224   data arrival time

                                 10.000000   10.000000   clock clk (rise edge)
                                  0.000000   10.000000   clock source latency
     1    0.009372    0.000000    0.000000   10.000000 ^ clk (in)
                                                         clk (net)
                      0.000085    0.000043   10.000043 ^ clkbuf_0_clk/A (sky130_fd_sc_hd__clkbuf_16)
     2    0.017197    0.039461    0.107052   10.107095 ^ clkbuf_0_clk/X (sky130_fd_sc_hd__clkbuf_16)
                                                         clknet_0_clk (net)
                      0.039461    0.000141   10.107236 ^ clkbuf_1_0__f_clk/A (sky130_fd_sc_hd__clkbuf_16)
     2    0.005983    0.029656    0.109695   10.216931 ^ clkbuf_1_0__f_clk/X (sky130_fd_sc_hd__clkbuf_16)
                                                         clknet_1_0__leaf_clk (net)
                      0.029656    0.000043   10.216974 ^ _47_/CLK (sky130_fd_sc_hd__dfxtp_1)
                                  0.000000   10.216974   clock reconvergence pessimism
                                 -0.109101   10.107873   library setup time
                                             10.107873   data required time
---------------------------------------------------------------------------------------------
                                             10.107873   data required time
                                             -1.268224   data arrival time
---------------------------------------------------------------------------------------------
                                              8.839649   slack (MET)


Startpoint: _46_ (rising edge-triggered flip-flop clocked by clk)
Endpoint: _49_ (rising edge-triggered flip-flop clocked by clk)
Path Group: clk
Path Type: max

Fanout         Cap        Slew       Delay        Time   Description
---------------------------------------------------------------------------------------------
                                  0.000000    0.000000   clock clk (rise edge)
                                  0.000000    0.000000   clock source latency
     1    0.009372    0.000000    0.000000    0.000000 ^ clk (in)
                                                         clk (net)
                      0.000085    0.000043    0.000043 ^ clkbuf_0_clk/A (sky130_fd_sc_hd__clkbuf_16)
     2    0.017197    0.039461    0.107052    0.107095 ^ clkbuf_0_clk/X (sky130_fd_sc_hd__clkbuf_16)
                                                         clknet_0_clk (net)
                      0.039461    0.000117    0.107211 ^ clkbuf_1_1__f_clk/A (sky130_fd_sc_hd__clkbuf_16)
     2    0.005357    0.029092    0.108944    0.216155 ^ clkbuf_1_1__f_clk/X (sky130_fd_sc_hd__clkbuf_16)
                                                         clknet_1_1__leaf_clk (net)
                      0.029092    0.000063    0.216218 ^ _46_/CLK (sky130_fd_sc_hd__dfxtp_1)
     7    0.022557    0.110184    0.357860    0.574078 v _46_/Q (sky130_fd_sc_hd__dfxtp_1)
                                                         net4 (net)
                      0.110185    0.000402    0.574480 v _41_/A2 (sky130_fd_sc_hd__o31ai_1)
     2    0.006762    0.304996    0.327277    0.901757 ^ _41_/Y (sky130_fd_sc_hd__o31ai_1)
                                                         _19_ (net)
                      0.304996    0.000088    0.901845 ^ _44_/C (sky130_fd_sc_hd__nand4_1)
     1    0.003225    0.092482    0.136343    1.038188 v _44_/Y (sky130_fd_sc_hd__nand4_1)
                                                         _22_ (net)
                      0.092482    0.000024    1.038211 v _45_/A3 (sky130_fd_sc_hd__a31o_1)
     1    0.002316    0.034482    0.225513    1.263725 v _45_/X (sky130_fd_sc_hd__a31o_1)
                                                         _03_ (net)
                      0.034482    0.000024    1.263749 v _49_/D (sky130_fd_sc_hd__dfxtp_1)
                                              1.263749   data arrival time

                                 10.000000   10.000000   clock clk (rise edge)
                                  0.000000   10.000000   clock source latency
     1    0.009372    0.000000    0.000000   10.000000 ^ clk (in)
                                                         clk (net)
                      0.000085    0.000043   10.000043 ^ clkbuf_0_clk/A (sky130_fd_sc_hd__clkbuf_16)
     2    0.017197    0.039461    0.107052   10.107095 ^ clkbuf_0_clk/X (sky130_fd_sc_hd__clkbuf_16)
                                                         clknet_0_clk (net)
                      0.039461    0.000141   10.107236 ^ clkbuf_1_0__f_clk/A (sky130_fd_sc_hd__clkbuf_16)
     2    0.005983    0.029656    0.109695   10.216931 ^ clkbuf_1_0__f_clk/X (sky130_fd_sc_hd__clkbuf_16)
                                                         clknet_1_0__leaf_clk (net)
                      0.029656    0.000062   10.216993 ^ _49_/CLK (sky130_fd_sc_hd__dfxtp_1)
                                  0.000000   10.216993   clock reconvergence pessimism
                                 -0.109495   10.107499   library setup time
                                             10.107499   data required time
---------------------------------------------------------------------------------------------
                                             10.107499   data required time
                                             -1.263749   data arrival time
---------------------------------------------------------------------------------------------
                                              8.843750   slack (MET)


Startpoint: _46_ (rising edge-triggered flip-flop clocked by clk)
Endpoint: _48_ (rising edge-triggered flip-flop clocked by clk)
Path Group: clk
Path Type: max

Fanout         Cap        Slew       Delay        Time   Description
---------------------------------------------------------------------------------------------
                                  0.000000    0.000000   clock clk (rise edge)
                                  0.000000    0.000000   clock source latency
     1    0.009372    0.000000    0.000000    0.000000 ^ clk (in)
                                                         clk (net)
                      0.000085    0.000043    0.000043 ^ clkbuf_0_clk/A (sky130_fd_sc_hd__clkbuf_16)
     2    0.017197    0.039461    0.107052    0.107095 ^ clkbuf_0_clk/X (sky130_fd_sc_hd__clkbuf_16)
                                                         clknet_0_clk (net)
                      0.039461    0.000117    0.107211 ^ clkbuf_1_1__f_clk/A (sky130_fd_sc_hd__clkbuf_16)
     2    0.005357    0.029092    0.108944    0.216155 ^ clkbuf_1_1__f_clk/X (sky130_fd_sc_hd__clkbuf_16)
                                                         clknet_1_1__leaf_clk (net)
                      0.029092    0.000063    0.216218 ^ _46_/CLK (sky130_fd_sc_hd__dfxtp_1)
     7    0.022557    0.110184    0.357860    0.574078 v _46_/Q (sky130_fd_sc_hd__dfxtp_1)
                                                         net4 (net)
                      0.110184    0.000385    0.574463 v _29_/A (sky130_fd_sc_hd__xor2_1)
     2    0.005036    0.077277    0.190296    0.764759 v _29_/X (sky130_fd_sc_hd__xor2_1)
                                                         _09_ (net)
                      0.077277    0.000048    0.764807 v _30_/B (sky130_fd_sc_hd__or2_1)
     2    0.008276    0.073394    0.246823    1.011630 v _30_/X (sky130_fd_sc_hd__or2_1)
                                                         _10_ (net)
                      0.073394    0.000091    1.011721 v _38_/A (sky130_fd_sc_hd__xnor2_1)
     1    0.003370    0.126499    0.164324    1.176046 ^ _38_/Y (sky130_fd_sc_hd__xnor2_1)
                                                         _17_ (net)
                      0.126499    0.000039    1.176085 ^ _40_/A2 (sky130_fd_sc_hd__o21ai_1)
     1    0.002231    0.045692    0.067726    1.243811 v _40_/Y (sky130_fd_sc_hd__o21ai_1)
                                                         _02_ (net)
                      0.045692    0.000022    1.243833 v _48_/D (sky130_fd_sc_hd__dfxtp_1)
                                              1.243833   data arrival time

                                 10.000000   10.000000   clock clk (rise edge)
                                  0.000000   10.000000   clock source latency
     1    0.009372    0.000000    0.000000   10.000000 ^ clk (in)
                                                         clk (net)
                      0.000085    0.000043   10.000043 ^ clkbuf_0_clk/A (sky130_fd_sc_hd__clkbuf_16)
     2    0.017197    0.039461    0.107052   10.107095 ^ clkbuf_0_clk/X (sky130_fd_sc_hd__clkbuf_16)
                                                         clknet_0_clk (net)
                      0.039461    0.000116   10.107211 ^ clkbuf_1_1__f_clk/A (sky130_fd_sc_hd__clkbuf_16)
     2    0.005357    0.029092    0.108944   10.216155 ^ clkbuf_1_1__f_clk/X (sky130_fd_sc_hd__clkbuf_16)
                                                         clknet_1_1__leaf_clk (net)
                      0.029092    0.000052   10.216208 ^ _48_/CLK (sky130_fd_sc_hd__dfxtp_1)
                                  0.000000   10.216208   clock reconvergence pessimism
                                 -0.114551   10.101657   library setup time
                                             10.101657   data required time
---------------------------------------------------------------------------------------------
                                             10.101657   data required time
                                             -1.243833   data arrival time
---------------------------------------------------------------------------------------------
                                              8.857824   slack (MET)


Startpoint: _46_ (rising edge-triggered flip-flop clocked by clk)
Endpoint: counter[0] (output port clocked by clk)
Path Group: clk
Path Type: max

Fanout         Cap        Slew       Delay        Time   Description
---------------------------------------------------------------------------------------------
                                  0.000000    0.000000   clock clk (rise edge)
                                  0.000000    0.000000   clock source latency
     1    0.009372    0.000000    0.000000    0.000000 ^ clk (in)
                                                         clk (net)
                      0.000085    0.000043    0.000043 ^ clkbuf_0_clk/A (sky130_fd_sc_hd__clkbuf_16)
     2    0.017197    0.039461    0.107052    0.107095 ^ clkbuf_0_clk/X (sky130_fd_sc_hd__clkbuf_16)
                                                         clknet_0_clk (net)
                      0.039461    0.000117    0.107211 ^ clkbuf_1_1__f_clk/A (sky130_fd_sc_hd__clkbuf_16)
     2    0.005357    0.029092    0.108944    0.216155 ^ clkbuf_1_1__f_clk/X (sky130_fd_sc_hd__clkbuf_16)
                                                         clknet_1_1__leaf_clk (net)
                      0.029092    0.000063    0.216218 ^ _46_/CLK (sky130_fd_sc_hd__dfxtp_1)
     7    0.023967    0.228332    0.430840    0.647058 ^ _46_/Q (sky130_fd_sc_hd__dfxtp_1)
                                                         net4 (net)
                      0.228332    0.000103    0.647161 ^ output4/A (sky130_fd_sc_hd__buf_1)
     1    0.000278    0.021587    0.094566    0.741727 ^ output4/X (sky130_fd_sc_hd__buf_1)
                                                         counter[0] (net)
                      0.021587    0.000000    0.741728 ^ counter[0] (out)
                                              0.741728   data arrival time

                                 10.000000   10.000000   clock clk (rise edge)
                                  0.000000   10.000000   clock network delay (propagated)
                                  0.000000   10.000000   clock reconvergence pessimism
                                  0.000000   10.000000   output external delay
                                             10.000000   data required time
---------------------------------------------------------------------------------------------
                                             10.000000   data required time
                                             -0.741728   data arrival time
---------------------------------------------------------------------------------------------
                                              9.258272   slack (MET)


Startpoint: _47_ (rising edge-triggered flip-flop clocked by clk)
Endpoint: counter[1] (output port clocked by clk)
Path Group: clk
Path Type: max

Fanout         Cap        Slew       Delay        Time   Description
---------------------------------------------------------------------------------------------
                                  0.000000    0.000000   clock clk (rise edge)
                                  0.000000    0.000000   clock source latency
     1    0.009372    0.000000    0.000000    0.000000 ^ clk (in)
                                                         clk (net)
                      0.000085    0.000043    0.000043 ^ clkbuf_0_clk/A (sky130_fd_sc_hd__clkbuf_16)
     2    0.017197    0.039461    0.107052    0.107095 ^ clkbuf_0_clk/X (sky130_fd_sc_hd__clkbuf_16)
                                                         clknet_0_clk (net)
                      0.039461    0.000141    0.107236 ^ clkbuf_1_0__f_clk/A (sky130_fd_sc_hd__clkbuf_16)
     2    0.005983    0.029656    0.109695    0.216931 ^ clkbuf_1_0__f_clk/X (sky130_fd_sc_hd__clkbuf_16)
                                                         clknet_1_0__leaf_clk (net)
                      0.029656    0.000043    0.216974 ^ _47_/CLK (sky130_fd_sc_hd__dfxtp_1)
     6    0.020627    0.198374    0.409735    0.626710 ^ _47_/Q (sky130_fd_sc_hd__dfxtp_1)
                                                         net5 (net)
                      0.198374    0.000256    0.626965 ^ output5/A (sky130_fd_sc_hd__buf_1)
     1    0.000652    0.024715    0.093920    0.720886 ^ output5/X (sky130_fd_sc_hd__buf_1)
                                                         counter[1] (net)
                      0.024715    0.000003    0.720888 ^ counter[1] (out)
                                              0.720888   data arrival time

                                 10.000000   10.000000   clock clk (rise edge)
                                  0.000000   10.000000   clock network delay (propagated)
                                  0.000000   10.000000   clock reconvergence pessimism
                                  0.000000   10.000000   output external delay
                                             10.000000   data required time
---------------------------------------------------------------------------------------------
                                             10.000000   data required time
                                             -0.720888   data arrival time
---------------------------------------------------------------------------------------------
                                              9.279112   slack (MET)


Startpoint: _46_ (rising edge-triggered flip-flop clocked by clk)
Endpoint: _46_ (rising edge-triggered flip-flop clocked by clk)
Path Group: clk
Path Type: max

Fanout         Cap        Slew       Delay        Time   Description
---------------------------------------------------------------------------------------------
                                  0.000000    0.000000   clock clk (rise edge)
                                  0.000000    0.000000   clock source latency
     1    0.009372    0.000000    0.000000    0.000000 ^ clk (in)
                                                         clk (net)
                      0.000085    0.000043    0.000043 ^ clkbuf_0_clk/A (sky130_fd_sc_hd__clkbuf_16)
     2    0.017197    0.039461    0.107052    0.107095 ^ clkbuf_0_clk/X (sky130_fd_sc_hd__clkbuf_16)
                                                         clknet_0_clk (net)
                      0.039461    0.000117    0.107211 ^ clkbuf_1_1__f_clk/A (sky130_fd_sc_hd__clkbuf_16)
     2    0.005357    0.029092    0.108944    0.216155 ^ clkbuf_1_1__f_clk/X (sky130_fd_sc_hd__clkbuf_16)
                                                         clknet_1_1__leaf_clk (net)
                      0.029092    0.000063    0.216218 ^ _46_/CLK (sky130_fd_sc_hd__dfxtp_1)
     7    0.022557    0.110184    0.357860    0.574078 v _46_/Q (sky130_fd_sc_hd__dfxtp_1)
                                                         net4 (net)
                      0.110185    0.000421    0.574499 v _27_/A1 (sky130_fd_sc_hd__a21oi_1)
     1    0.002146    0.094237    0.134251    0.708751 ^ _27_/Y (sky130_fd_sc_hd__a21oi_1)
                                                         _08_ (net)
                      0.094237    0.000008    0.708759 ^ _28_/B1 (sky130_fd_sc_hd__o21ai_1)
     1    0.003031    0.061150    0.073055    0.781814 v _28_/Y (sky130_fd_sc_hd__o21ai_1)
                                                         _00_ (net)
                      0.061150    0.000045    0.781859 v _46_/D (sky130_fd_sc_hd__dfxtp_1)
                                              0.781859   data arrival time

                                 10.000000   10.000000   clock clk (rise edge)
                                  0.000000   10.000000   clock source latency
     1    0.009372    0.000000    0.000000   10.000000 ^ clk (in)
                                                         clk (net)
                      0.000085    0.000043   10.000043 ^ clkbuf_0_clk/A (sky130_fd_sc_hd__clkbuf_16)
     2    0.017197    0.039461    0.107052   10.107095 ^ clkbuf_0_clk/X (sky130_fd_sc_hd__clkbuf_16)
                                                         clknet_0_clk (net)
                      0.039461    0.000116   10.107211 ^ clkbuf_1_1__f_clk/A (sky130_fd_sc_hd__clkbuf_16)
     2    0.005357    0.029092    0.108944   10.216155 ^ clkbuf_1_1__f_clk/X (sky130_fd_sc_hd__clkbuf_16)
                                                         clknet_1_1__leaf_clk (net)
                      0.029092    0.000063   10.216218 ^ _46_/CLK (sky130_fd_sc_hd__dfxtp_1)
                                  0.000000   10.216218   clock reconvergence pessimism
                                 -0.121342   10.094876   library setup time
                                             10.094876   data required time
---------------------------------------------------------------------------------------------
                                             10.094876   data required time
                                             -0.781859   data arrival time
---------------------------------------------------------------------------------------------
                                              9.313017   slack (MET)


Startpoint: _48_ (rising edge-triggered flip-flop clocked by clk)
Endpoint: counter[2] (output port clocked by clk)
Path Group: clk
Path Type: max

Fanout         Cap        Slew       Delay        Time   Description
---------------------------------------------------------------------------------------------
                                  0.000000    0.000000   clock clk (rise edge)
                                  0.000000    0.000000   clock source latency
     1    0.009372    0.000000    0.000000    0.000000 ^ clk (in)
                                                         clk (net)
                      0.000085    0.000043    0.000043 ^ clkbuf_0_clk/A (sky130_fd_sc_hd__clkbuf_16)
     2    0.017197    0.039461    0.107052    0.107095 ^ clkbuf_0_clk/X (sky130_fd_sc_hd__clkbuf_16)
                                                         clknet_0_clk (net)
                      0.039461    0.000117    0.107211 ^ clkbuf_1_1__f_clk/A (sky130_fd_sc_hd__clkbuf_16)
     2    0.005357    0.029092    0.108944    0.216155 ^ clkbuf_1_1__f_clk/X (sky130_fd_sc_hd__clkbuf_16)
                                                         clknet_1_1__leaf_clk (net)
                      0.029092    0.000052    0.216207 ^ _48_/CLK (sky130_fd_sc_hd__dfxtp_1)
     5    0.015569    0.152856    0.376952    0.593159 ^ _48_/Q (sky130_fd_sc_hd__dfxtp_1)
                                                         net6 (net)
                      0.152856    0.000290    0.593450 ^ output6/A (sky130_fd_sc_hd__buf_1)
     1    0.000318    0.020297    0.084488    0.677937 ^ output6/X (sky130_fd_sc_hd__buf_1)
                                                         counter[2] (net)
                      0.020297    0.000000    0.677938 ^ counter[2] (out)
                                              0.677938   data arrival time

                                 10.000000   10.000000   clock clk (rise edge)
                                  0.000000   10.000000   clock network delay (propagated)
                                  0.000000   10.000000   clock reconvergence pessimism
                                  0.000000   10.000000   output external delay
                                             10.000000   data required time
---------------------------------------------------------------------------------------------
                                             10.000000   data required time
                                             -0.677938   data arrival time
---------------------------------------------------------------------------------------------
                                              9.322062   slack (MET)


Startpoint: _49_ (rising edge-triggered flip-flop clocked by clk)
Endpoint: counter[3] (output port clocked by clk)
Path Group: clk
Path Type: max

Fanout         Cap        Slew       Delay        Time   Description
---------------------------------------------------------------------------------------------
                                  0.000000    0.000000   clock clk (rise edge)
                                  0.000000    0.000000   clock source latency
     1    0.009372    0.000000    0.000000    0.000000 ^ clk (in)
                                                         clk (net)
                      0.000085    0.000043    0.000043 ^ clkbuf_0_clk/A (sky130_fd_sc_hd__clkbuf_16)
     2    0.017197    0.039461    0.107052    0.107095 ^ clkbuf_0_clk/X (sky130_fd_sc_hd__clkbuf_16)
                                                         clknet_0_clk (net)
                      0.039461    0.000141    0.107236 ^ clkbuf_1_0__f_clk/A (sky130_fd_sc_hd__clkbuf_16)
     2    0.005983    0.029656    0.109695    0.216931 ^ clkbuf_1_0__f_clk/X (sky130_fd_sc_hd__clkbuf_16)
                                                         clknet_1_0__leaf_clk (net)
                      0.029656    0.000062    0.216993 ^ _49_/CLK (sky130_fd_sc_hd__dfxtp_1)
     3    0.008514    0.089725    0.331868    0.548861 ^ _49_/Q (sky130_fd_sc_hd__dfxtp_1)
                                                         net7 (net)
                      0.089725    0.000048    0.548909 ^ output7/A (sky130_fd_sc_hd__buf_1)
     1    0.000288    0.018591    0.071661    0.620570 ^ output7/X (sky130_fd_sc_hd__buf_1)
                                                         counter[3] (net)
                      0.018591    0.000000    0.620571 ^ counter[3] (out)
                                              0.620571   data arrival time

                                 10.000000   10.000000   clock clk (rise edge)
                                  0.000000   10.000000   clock network delay (propagated)
                                  0.000000   10.000000   clock reconvergence pessimism
                                  0.000000   10.000000   output external delay
                                             10.000000   data required time
---------------------------------------------------------------------------------------------
                                             10.000000   data required time
                                             -0.620571   data arrival time
---------------------------------------------------------------------------------------------
                                              9.379429   slack (MET)



%OL_END_REPORT
%OL_CREATE_REPORT checks.rpt

===========================================================================
report_checks -unconstrained
===========================================================================
======================= min_tt_025C_1v80 Corner ===================================

Startpoint: _46_ (rising edge-triggered flip-flop clocked by clk)
Endpoint: _47_ (rising edge-triggered flip-flop clocked by clk)
Path Group: clk
Path Type: max

Fanout         Cap        Slew       Delay        Time   Description
---------------------------------------------------------------------------------------------
                                  0.000000    0.000000   clock clk (rise edge)
                                  0.000000    0.000000   clock source latency
     1    0.009372    0.000000    0.000000    0.000000 ^ clk (in)
                                                         clk (net)
                      0.000085    0.000043    0.000043 ^ clkbuf_0_clk/A (sky130_fd_sc_hd__clkbuf_16)
     2    0.017197    0.039461    0.107052    0.107095 ^ clkbuf_0_clk/X (sky130_fd_sc_hd__clkbuf_16)
                                                         clknet_0_clk (net)
                      0.039461    0.000117    0.107211 ^ clkbuf_1_1__f_clk/A (sky130_fd_sc_hd__clkbuf_16)
     2    0.005357    0.029092    0.108944    0.216155 ^ clkbuf_1_1__f_clk/X (sky130_fd_sc_hd__clkbuf_16)
                                                         clknet_1_1__leaf_clk (net)
                      0.029092    0.000063    0.216218 ^ _46_/CLK (sky130_fd_sc_hd__dfxtp_1)
     7    0.023967    0.228332    0.430840    0.647058 ^ _46_/Q (sky130_fd_sc_hd__dfxtp_1)
                                                         net4 (net)
                      0.228332    0.000410    0.647468 ^ _29_/A (sky130_fd_sc_hd__xor2_1)
     2    0.005419    0.157022    0.200075    0.847543 ^ _29_/X (sky130_fd_sc_hd__xor2_1)
                                                         _09_ (net)
                      0.157022    0.000052    0.847595 ^ _30_/B (sky130_fd_sc_hd__or2_1)
     2    0.008735    0.091354    0.159000    1.006595 ^ _30_/X (sky130_fd_sc_hd__or2_1)
                                                         _10_ (net)
                      0.091354    0.000087    1.006682 ^ _32_/A (sky130_fd_sc_hd__nand2_1)
     1    0.003175    0.040846    0.059018    1.065700 v _32_/Y (sky130_fd_sc_hd__nand2_1)
                                                         _12_ (net)
                      0.040846    0.000026    1.065725 v _34_/A3 (sky130_fd_sc_hd__a31o_1)
     1    0.002137    0.033586    0.202479    1.268204 v _34_/X (sky130_fd_sc_hd__a31o_1)
                                                         _01_ (net)
                      0.033586    0.000020    1.268224 v _47_/D (sky130_fd_sc_hd__dfxtp_1)
                                              1.268224   data arrival time

                                 10.000000   10.000000   clock clk (rise edge)
                                  0.000000   10.000000   clock source latency
     1    0.009372    0.000000    0.000000   10.000000 ^ clk (in)
                                                         clk (net)
                      0.000085    0.000043   10.000043 ^ clkbuf_0_clk/A (sky130_fd_sc_hd__clkbuf_16)
     2    0.017197    0.039461    0.107052   10.107095 ^ clkbuf_0_clk/X (sky130_fd_sc_hd__clkbuf_16)
                                                         clknet_0_clk (net)
                      0.039461    0.000141   10.107236 ^ clkbuf_1_0__f_clk/A (sky130_fd_sc_hd__clkbuf_16)
     2    0.005983    0.029656    0.109695   10.216931 ^ clkbuf_1_0__f_clk/X (sky130_fd_sc_hd__clkbuf_16)
                                                         clknet_1_0__leaf_clk (net)
                      0.029656    0.000043   10.216974 ^ _47_/CLK (sky130_fd_sc_hd__dfxtp_1)
                                  0.000000   10.216974   clock reconvergence pessimism
                                 -0.109101   10.107873   library setup time
                                             10.107873   data required time
---------------------------------------------------------------------------------------------
                                             10.107873   data required time
                                             -1.268224   data arrival time
---------------------------------------------------------------------------------------------
                                              8.839649   slack (MET)




===========================================================================
report_checks --slack_max -0.01
============================================================================
======================= min_tt_025C_1v80 Corner ===================================

No paths found.


===========================================================================
 report_check_types -max_slew -max_cap -max_fanout -violators
============================================================================
======================= min_tt_025C_1v80 Corner ===================================



===========================================================================
report_parasitic_annotation -report_unannotated
============================================================================
Found 0 unannotated drivers.
Found 0 partially unannotated drivers.

===========================================================================
max slew violation count 0
%OL_METRIC_I design__max_slew_violation__count__corner:min_tt_025C_1v80 0
max fanout violation count 0
%OL_METRIC_I design__max_fanout_violation__count__corner:min_tt_025C_1v80 0
max cap violation count 0
%OL_METRIC_I design__max_cap_violation__count__corner:min_tt_025C_1v80 0
============================================================================

===========================================================================
check_setup -verbose -unconstrained_endpoints -multiple_clock -no_clock -no_input_delay -loops -generated_clocks
===========================================================================
%OL_END_REPORT
%OL_CREATE_REPORT power.rpt

===========================================================================
 report_power
============================================================================
======================= min_tt_025C_1v80 Corner ===================================

Group                    Internal    Switching      Leakage        Total
                            Power        Power        Power        Power (Watts)
------------------------------------------------------------------------
Sequential           1.826979e-05 2.721630e-06 3.369405e-11 2.099145e-05  22.9%
Combinational        5.762351e-06 4.817262e-06 7.147118e-11 1.057969e-05  11.5%
Clock                5.090581e-05 9.245889e-06 3.696930e-11 6.015174e-05  65.6%
Macro                0.000000e+00 0.000000e+00 0.000000e+00 0.000000e+00   0.0%
Pad                  0.000000e+00 0.000000e+00 0.000000e+00 0.000000e+00   0.0%
------------------------------------------------------------------------
Total                7.493795e-05 1.678478e-05 1.421345e-10 9.172288e-05 100.0%
                            81.7%        18.3%         0.0%
%OL_METRIC_F power__internal__total 7.493795419577509e-5
%OL_METRIC_F power__switching__total 1.6784779290901497e-5
%OL_METRIC_F power__leakage__total 1.4213452637079627e-10
%OL_METRIC_F power__total 9.172287536785007e-5

%OL_END_REPORT
%OL_CREATE_REPORT skew.min.rpt

===========================================================================
Clock Skew (Hold)
============================================================================
%OL_METRIC_F clock__skew__worst_hold__corner:min_tt_025C_1v80 -0.0007859130235714788
======================= min_tt_025C_1v80 Corner ===================================

Clock clk
0.216207 source latency _48_/CLK ^
-0.216993 target latency _49_/CLK ^
0.000000 CRPR
--------------
-0.000786 hold skew

%OL_END_REPORT
%OL_CREATE_REPORT skew.max.rpt

===========================================================================
Clock Skew (Setup)
============================================================================
%OL_METRIC_F clock__skew__worst_setup__corner:min_tt_025C_1v80 -0.0007859130235714788
======================= min_tt_025C_1v80 Corner ===================================

Clock clk
0.216207 source latency _48_/CLK ^
-0.216993 target latency _49_/CLK ^
0.000000 CRPR
--------------
-0.000786 setup skew

%OL_END_REPORT
%OL_CREATE_REPORT ws.min.rpt

===========================================================================
Worst Slack (Hold)
============================================================================
%OL_METRIC_F timing__hold__ws__corner:min_tt_025C_1v80 0.1065969703789158
min_tt_025C_1v80: 0.1065969703789158
%OL_END_REPORT
%OL_CREATE_REPORT ws.max.rpt

===========================================================================
Worst Slack (Setup)
============================================================================
%OL_METRIC_F timing__setup__ws__corner:min_tt_025C_1v80 8.839649262773033
min_tt_025C_1v80: 8.839649262773033
%OL_END_REPORT
%OL_CREATE_REPORT tns.min.rpt

===========================================================================
Total Negative Slack (Hold)
============================================================================
%OL_METRIC_F timing__hold__tns__corner:min_tt_025C_1v80 0.0
min_tt_025C_1v80: 0.0
%OL_END_REPORT
%OL_CREATE_REPORT tns.max.rpt

===========================================================================
Total Negative Slack (Setup)
============================================================================
%OL_METRIC_F timing__setup__tns__corner:min_tt_025C_1v80 0.0
min_tt_025C_1v80: 0.0
%OL_END_REPORT
%OL_CREATE_REPORT wns.min.rpt

===========================================================================
Worst Negative Slack (Hold)
============================================================================
%OL_METRIC_F timing__hold__wns__corner:min_tt_025C_1v80 0
min_tt_025C_1v80: 0
%OL_END_REPORT
%OL_CREATE_REPORT wns.max.rpt

===========================================================================
Worst Negative Slack (Setup)
============================================================================
%OL_METRIC_F timing__setup__wns__corner:min_tt_025C_1v80 0.0
min_tt_025C_1v80: 0.0
%OL_END_REPORT
%OL_CREATE_REPORT violator_list.rpt

===========================================================================
Violator List
============================================================================
%OL_METRIC_I timing__hold_vio__count__corner:min_tt_025C_1v80 0
%OL_METRIC_F timing__hold_r2r__ws__corner:min_tt_025C_1v80 inf
%OL_METRIC_I timing__hold_r2r_vio__count__corner:min_tt_025C_1v80 0
%OL_METRIC_I timing__setup_vio__count__corner:min_tt_025C_1v80 0
%OL_METRIC_F timing__setup_r2r__ws__corner:min_tt_025C_1v80 8.839649
%OL_METRIC_I timing__setup_r2r_vio__count__corner:min_tt_025C_1v80 0
%OL_END_REPORT
%OL_CREATE_REPORT unpropagated.rpt
%OL_END_REPORT
%OL_CREATE_REPORT clock.rpt
Clock: clk
Sources: clk 
Generated: no
Virtual: yes
Propagated: no
Period: 10.000000

===========================================================================
report_clock_properties
============================================================================
Clock                   Period          Waveform
----------------------------------------------------
clk                  10.000000    0.000000  5.000000

===========================================================================
report_clock_latency
============================================================================
Clock clk
rise -> rise
    min     max
0.000000 0.000000 source latency
0.216207         network latency _48_/CLK
        0.216993 network latency _49_/CLK
---------------
0.216207 0.216993 latency
        0.000786 skew

fall -> fall
    min     max
0.000000 0.000000 source latency
0.252581         network latency _48_/CLK
        0.253295 network latency _49_/CLK
---------------
0.252581 0.253295 latency
        0.000714 skew



===========================================================================
report_clock_min_period
============================================================================
clk period_min = 1.16 fmax = 861.81
%OL_END_REPORT
Writing SDF files for all corners…
Removing Clock latencies before writing libs…
Writing timing models for all corners…
Writing timing models for the min_tt_025C_1v80 corner to /home/amostafa/vlsi/runs/RUN_2024-12-04_11-18-08/13-openroad-stapostpnr/min_tt_025C_1v80/counter_dut__min_tt_025C_1v80.lib…
