Clock: clk
Sources: clk 
Generated: no
Virtual: yes
Propagated: no
Period: 10.000000

===========================================================================
report_clock_properties
============================================================================
Clock                   Period          Waveform
----------------------------------------------------
clk                  10.000000    0.000000  5.000000

===========================================================================
report_clock_latency
============================================================================
Clock clk
rise -> rise
    min     max
0.000000 0.000000 source latency
0.482309         network latency _46_/CLK
        0.484960 network latency _47_/CLK
---------------
0.482309 0.484960 latency
        0.002652 skew

fall -> fall
    min     max
0.000000 0.000000 source latency
0.505561         network latency _46_/CLK
        0.507884 network latency _47_/CLK
---------------
0.505561 0.507884 latency
        0.002322 skew



===========================================================================
report_clock_min_period
============================================================================
clk period_min = 4.03 fmax = 248.19
