Reading OpenROAD database at '/home/amostafa/vlsi/runs/RUN_2024-12-04_11-23-35/24-openroad-ioplacement/counter_dut.odb'…
Reading library file at '/home/amostafa/.volare/volare/sky130/versions/0fe599b2afb6708d281543108caf8310912f54af/sky130A/libs.ref/sky130_fd_sc_hd/lib/sky130_fd_sc_hd__tt_025C_1v80.lib'…
Reading design constraints file at 'counter_dut.sdc'…
[INFO] Setting RC values…
[INFO] Setting signal min routing layer to: met1 and clock min routing layer to met1. 
[INFO] Setting signal max routing layer to: met5 and clock max routing layer to met5. 
[INFO GPL-0002] DBU: 1000
[INFO GPL-0003] SiteSize: (  0.460  2.720 ) um
[INFO GPL-0004] CoreBBox: (  5.520 10.880 ) ( 29.440 32.640 ) um
[INFO GPL-0006] NumInstances:                48
[INFO GPL-0007] NumPlaceInstances:           27
[INFO GPL-0008] NumFixedInstances:           21
[INFO GPL-0009] NumDummyInstances:            0
[INFO GPL-0010] NumNets:                     31
[INFO GPL-0011] NumPins:                    105
[INFO GPL-0012] DieBBox:  (  0.000  0.000 ) ( 35.030 45.750 ) um
[INFO GPL-0013] CoreBBox: (  5.520 10.880 ) ( 29.440 32.640 ) um
[INFO GPL-0016] CoreArea:               520.499 um^2
[INFO GPL-0017] NonPlaceInstsArea:       66.314 um^2
[INFO GPL-0018] PlaceInstsArea:         287.776 um^2
[INFO GPL-0019] Util:                    63.361 %
[INFO GPL-0020] StdInstsArea:           287.776 um^2
[INFO GPL-0021] MacroInstsArea:           0.000 um^2
[InitialPlace]  Iter: 1 CG residual: 0.00000011 HPWL: 535188
[InitialPlace]  Iter: 2 CG residual: 0.00000004 HPWL: 389722
[InitialPlace]  Iter: 3 CG residual: 0.00000009 HPWL: 384717
[InitialPlace]  Iter: 4 CG residual: 0.00000010 HPWL: 380396
[InitialPlace]  Iter: 5 CG residual: 0.00000011 HPWL: 377408
[INFO GPL-0031] FillerInit:NumGCells:        28
[INFO GPL-0032] FillerInit:NumGNets:         31
[INFO GPL-0033] FillerInit:NumGPins:        105
[INFO GPL-0023] TargetDensity:            0.665
[INFO GPL-0024] AvrgPlaceInstArea:       10.658 um^2
[INFO GPL-0025] IdealBinArea:            16.030 um^2
[INFO GPL-0026] IdealBinCnt:                 32
[INFO GPL-0027] TotalBinArea:           520.499 um^2
[INFO GPL-0028] BinCnt:         4      4
[INFO GPL-0029] BinSize: (  5.980  5.440 )
[INFO GPL-0030] NumBins: 16
[NesterovSolve] Iter:    1 overflow: 0.729 HPWL: 189920
[INFO GPL-0100] Timing-driven: executing resizer for reweighting nets.
[INFO GPL-0101] Timing-driven: worst slack 7.29e-09
[INFO GPL-0103] Timing-driven: weighted 2 nets.
[NesterovSolve] Iter:   10 overflow: 0.681 HPWL: 194516
[NesterovSolve] Iter:   20 overflow: 0.676 HPWL: 194406
[NesterovSolve] Iter:   30 overflow: 0.679 HPWL: 194098
[NesterovSolve] Iter:   40 overflow: 0.678 HPWL: 194294
[NesterovSolve] Iter:   50 overflow: 0.679 HPWL: 194176
[NesterovSolve] Iter:   60 overflow: 0.678 HPWL: 194242
[NesterovSolve] Iter:   70 overflow: 0.678 HPWL: 194250
[NesterovSolve] Iter:   80 overflow: 0.678 HPWL: 194268
[NesterovSolve] Iter:   90 overflow: 0.677 HPWL: 194329
[NesterovSolve] Iter:  100 overflow: 0.677 HPWL: 194429
[NesterovSolve] Iter:  110 overflow: 0.675 HPWL: 194677
[NesterovSolve] Iter:  120 overflow: 0.673 HPWL: 195057
[NesterovSolve] Iter:  130 overflow: 0.669 HPWL: 195205
[NesterovSolve] Iter:  140 overflow: 0.663 HPWL: 195781
[NesterovSolve] Iter:  150 overflow: 0.654 HPWL: 196657
[NesterovSolve] Iter:  160 overflow: 0.638 HPWL: 197867
[INFO GPL-0100] Timing-driven: executing resizer for reweighting nets.
[INFO GPL-0101] Timing-driven: worst slack 7.28e-09
[INFO GPL-0103] Timing-driven: weighted 1 nets.
[NesterovSolve] Snapshot saved at iter = 166
[NesterovSolve] Iter:  170 overflow: 0.561 HPWL: 203665
[NesterovSolve] Iter:  180 overflow: 0.564 HPWL: 204152
[NesterovSolve] Iter:  190 overflow: 0.572 HPWL: 206382
[NesterovSolve] Iter:  200 overflow: 0.580 HPWL: 211995
[NesterovSolve] Iter:  210 overflow: 0.576 HPWL: 218300
[NesterovSolve] Iter:  220 overflow: 0.556 HPWL: 227612
[NesterovSolve] Iter:  230 overflow: 0.502 HPWL: 237946
[INFO GPL-0100] Timing-driven: executing resizer for reweighting nets.
[INFO GPL-0101] Timing-driven: worst slack 7.27e-09
[INFO GPL-0103] Timing-driven: weighted 0 nets.
[NesterovSolve] Iter:  240 overflow: 0.449 HPWL: 248626
[NesterovSolve] Iter:  250 overflow: 0.396 HPWL: 258712
[NesterovSolve] Iter:  260 overflow: 0.339 HPWL: 269824
[INFO GPL-0075] Routability numCall: 1 inflationIterCnt: 1 bloatIterCnt: 0
[INFO GPL-0036] TileBBox: (    0    0 ) ( 6900 6900 ) DBU
[INFO GPL-0038] TileCnt:       5    6
[INFO GPL-0040] NumTiles: 30
[INFO GPL-0081] TotalRouteOverflow: 0
[INFO GPL-0082] OverflowTileCnt: 0
[INFO GPL-0083] 0.5%RC: 0.7225066423416138
[INFO GPL-0084] 1.0%RC: 0.7225066423416138
[INFO GPL-0085] 2.0%RC: 0.7225066423416138
[INFO GPL-0086] 5.0%RC: 0.7185002863407135
[INFO GPL-0087] FinalRC: 0.72250664
[INFO GPL-0077] FinalRC lower than targetRC(1.01), routability not needed.
[NesterovSolve] Iter:  270 overflow: 0.294 HPWL: 279393
[INFO GPL-0100] Timing-driven: executing resizer for reweighting nets.
[INFO GPL-0101] Timing-driven: worst slack 7.27e-09
[INFO GPL-0103] Timing-driven: weighted 1 nets.
[NesterovSolve] Iter:  280 overflow: 0.247 HPWL: 286519
[INFO GPL-0100] Timing-driven: executing resizer for reweighting nets.
[INFO GPL-0101] Timing-driven: worst slack 7.27e-09
[INFO GPL-0103] Timing-driven: weighted 1 nets.
[NesterovSolve] Iter:  290 overflow: 0.196 HPWL: 294863
[NesterovSolve] Iter:  300 overflow: 0.154 HPWL: 303231
[INFO GPL-0100] Timing-driven: executing resizer for reweighting nets.
[INFO GPL-0101] Timing-driven: worst slack 7.26e-09
[INFO GPL-0103] Timing-driven: weighted 2 nets.
[NesterovSolve] Iter:  310 overflow: 0.128 HPWL: 308962
[NesterovSolve] Finished with Overflow: 0.099432
[INFO] Setting RC values…
Setting global connections for newly added cells…
[INFO] Setting global connections...
Updating metrics…
Cell type report:                       Count       Area
  Fill cell                                16      60.06
  Tap cell                                  5       6.26
  Inverter                                  1       3.75
  Sequential cell                           4      85.08
  Multi-Input combinational cell           22     198.94
  Total                                    48     354.09
Writing OpenROAD database to '/home/amostafa/vlsi/runs/RUN_2024-12-04_11-23-35/27-openroad-globalplacement/counter_dut.odb'…
Writing netlist to '/home/amostafa/vlsi/runs/RUN_2024-12-04_11-23-35/27-openroad-globalplacement/counter_dut.nl.v'…
Writing powered netlist to '/home/amostafa/vlsi/runs/RUN_2024-12-04_11-23-35/27-openroad-globalplacement/counter_dut.pnl.v'…
Writing layout to '/home/amostafa/vlsi/runs/RUN_2024-12-04_11-23-35/27-openroad-globalplacement/counter_dut.def'…
Writing timing constraints to '/home/amostafa/vlsi/runs/RUN_2024-12-04_11-23-35/27-openroad-globalplacement/counter_dut.sdc'…
