Clock: clk
Sources: clk 
Generated: no
Virtual: yes
Propagated: no
Period: 10.000000

===========================================================================
report_clock_properties
============================================================================
Clock                   Period          Waveform
----------------------------------------------------
clk                  10.000000    0.000000  5.000000

===========================================================================
report_clock_latency
============================================================================
Clock clk
rise -> rise
    min     max
0.000000 0.000000 source latency
0.214500         network latency _46_/CLK
        0.215238 network latency _49_/CLK
---------------
0.214500 0.215238 latency
        0.000739 skew

fall -> fall
    min     max
0.000000 0.000000 source latency
0.251055         network latency _46_/CLK
        0.251741 network latency _49_/CLK
---------------
0.251055 0.251741 latency
        0.000686 skew



===========================================================================
report_clock_min_period
============================================================================
clk period_min = 1.10 fmax = 911.42
