Clock: clk
Sources: clk 
Generated: no
Virtual: yes
Propagated: no
Period: 10.000000

===========================================================================
report_clock_properties
============================================================================
Clock                   Period          Waveform
----------------------------------------------------
clk                  10.000000    0.000000  5.000000

===========================================================================
report_clock_latency
============================================================================
Clock clk
rise -> rise
    min     max
0.000000 0.000000 source latency
0.383892         network latency _48_/CLK
        0.385250 network latency _49_/CLK
---------------
0.383892 0.385250 latency
        0.001358 skew

fall -> fall
    min     max
0.000000 0.000000 source latency
0.449468         network latency _48_/CLK
        0.450658 network latency _49_/CLK
---------------
0.449468 0.450658 latency
        0.001190 skew



===========================================================================
report_clock_min_period
============================================================================
clk period_min = 2.43 fmax = 412.00
