
===========================================================================
report_checks -path_delay min (Hold)
============================================================================
======================= nom_ss_100C_1v60 Corner ===================================

Startpoint: reset (input port clocked by clk)
Endpoint: _49_ (rising edge-triggered flip-flop clocked by clk)
Path Group: clk
Path Type: min

Fanout         Cap        Slew       Delay        Time   Description
---------------------------------------------------------------------------------------------
                                  0.000000    0.000000   clock clk (rise edge)
                                  0.000000    0.000000   clock network delay (propagated)
                                  0.000000    0.000000 v input external delay
     1    0.002434    0.000000    0.000000    0.000000 v reset (in)
                                                         reset (net)
                      0.000061    0.000030    0.000030 v input2/A (sky130_fd_sc_hd__buf_1)
     2    0.007575    0.099425    0.170618    0.170649 v input2/X (sky130_fd_sc_hd__buf_1)
                                                         net2 (net)
                      0.099425    0.000118    0.170767 v _23_/A (sky130_fd_sc_hd__inv_2)
     4    0.013615    0.109194    0.134940    0.305707 ^ _23_/Y (sky130_fd_sc_hd__inv_2)
                                                         _04_ (net)
                      0.109194    0.000230    0.305937 ^ _45_/A1 (sky130_fd_sc_hd__a31o_1)
     1    0.002241    0.072178    0.271901    0.577838 ^ _45_/X (sky130_fd_sc_hd__a31o_1)
                                                         _03_ (net)
                      0.072178    0.000067    0.577905 ^ _49_/D (sky130_fd_sc_hd__dfxtp_1)
                                              0.577905   data arrival time

                                  0.000000    0.000000   clock clk (rise edge)
                                  0.000000    0.000000   clock source latency
     1    0.009467    0.000000    0.000000    0.000000 ^ clk (in)
                                                         clk (net)
                      0.000254    0.000127    0.000127 ^ clkbuf_0_clk/A (sky130_fd_sc_hd__clkbuf_16)
     2    0.017323    0.063961    0.187536    0.187663 ^ clkbuf_0_clk/X (sky130_fd_sc_hd__clkbuf_16)
                                                         clknet_0_clk (net)
                      0.063961    0.000415    0.188079 ^ clkbuf_1_0__f_clk/A (sky130_fd_sc_hd__clkbuf_16)
     2    0.005858    0.048981    0.197017    0.385096 ^ clkbuf_1_0__f_clk/X (sky130_fd_sc_hd__clkbuf_16)
                                                         clknet_1_0__leaf_clk (net)
                      0.048981    0.000154    0.385250 ^ _49_/CLK (sky130_fd_sc_hd__dfxtp_1)
                                  0.000000    0.385250   clock reconvergence pessimism
                                 -0.075868    0.309381   library hold time
                                              0.309381   data required time
---------------------------------------------------------------------------------------------
                                              0.309381   data required time
                                             -0.577905   data arrival time
---------------------------------------------------------------------------------------------
                                              0.268523   slack (MET)


Startpoint: enable (input port clocked by clk)
Endpoint: _46_ (rising edge-triggered flip-flop clocked by clk)
Path Group: clk
Path Type: min

Fanout         Cap        Slew       Delay        Time   Description
---------------------------------------------------------------------------------------------
                                  0.000000    0.000000   clock clk (rise edge)
                                  0.000000    0.000000   clock network delay (propagated)
                                  0.000000    0.000000 v input external delay
     1    0.002431    0.000000    0.000000    0.000000 v enable (in)
                                                         enable (net)
                      0.000059    0.000030    0.000030 v input1/A (sky130_fd_sc_hd__buf_1)
     5    0.015887    0.187323    0.237660    0.237689 v input1/X (sky130_fd_sc_hd__buf_1)
                                                         net1 (net)
                      0.187323    0.000435    0.238124 v _24_/A (sky130_fd_sc_hd__nand2_1)
     2    0.006032    0.111354    0.176483    0.414607 ^ _24_/Y (sky130_fd_sc_hd__nand2_1)
                                                         _05_ (net)
                      0.111354    0.000094    0.414701 ^ _28_/A2 (sky130_fd_sc_hd__o21ai_1)
     1    0.003083    0.072219    0.131199    0.545901 v _28_/Y (sky130_fd_sc_hd__o21ai_1)
                                                         _00_ (net)
                      0.072219    0.000101    0.546002 v _46_/D (sky130_fd_sc_hd__dfxtp_1)
                                              0.546002   data arrival time

                                  0.000000    0.000000   clock clk (rise edge)
                                  0.000000    0.000000   clock source latency
     1    0.009467    0.000000    0.000000    0.000000 ^ clk (in)
                                                         clk (net)
                      0.000254    0.000127    0.000127 ^ clkbuf_0_clk/A (sky130_fd_sc_hd__clkbuf_16)
     2    0.017323    0.063961    0.187536    0.187663 ^ clkbuf_0_clk/X (sky130_fd_sc_hd__clkbuf_16)
                                                         clknet_0_clk (net)
                      0.063961    0.000385    0.188048 ^ clkbuf_1_1__f_clk/A (sky130_fd_sc_hd__clkbuf_16)
     2    0.005173    0.048047    0.195720    0.383768 ^ clkbuf_1_1__f_clk/X (sky130_fd_sc_hd__clkbuf_16)
                                                         clknet_1_1__leaf_clk (net)
                      0.048047    0.000141    0.383910 ^ _46_/CLK (sky130_fd_sc_hd__dfxtp_1)
                                  0.000000    0.383910   clock reconvergence pessimism
                                 -0.111246    0.272664   library hold time
                                              0.272664   data required time
---------------------------------------------------------------------------------------------
                                              0.272664   data required time
                                             -0.546002   data arrival time
---------------------------------------------------------------------------------------------
                                              0.273338   slack (MET)


Startpoint: enable (input port clocked by clk)
Endpoint: _48_ (rising edge-triggered flip-flop clocked by clk)
Path Group: clk
Path Type: min

Fanout         Cap        Slew       Delay        Time   Description
---------------------------------------------------------------------------------------------
                                  0.000000    0.000000   clock clk (rise edge)
                                  0.000000    0.000000   clock network delay (propagated)
                                  0.000000    0.000000 v input external delay
     1    0.002431    0.000000    0.000000    0.000000 v enable (in)
                                                         enable (net)
                      0.000059    0.000030    0.000030 v input1/A (sky130_fd_sc_hd__buf_1)
     5    0.015887    0.187323    0.237660    0.237689 v input1/X (sky130_fd_sc_hd__buf_1)
                                                         net1 (net)
                      0.187323    0.000435    0.238124 v _24_/A (sky130_fd_sc_hd__nand2_1)
     2    0.006032    0.111354    0.176483    0.414607 ^ _24_/Y (sky130_fd_sc_hd__nand2_1)
                                                         _05_ (net)
                      0.111354    0.000135    0.414742 ^ _40_/A1 (sky130_fd_sc_hd__o21ai_1)
     1    0.002230    0.058675    0.144076    0.558818 v _40_/Y (sky130_fd_sc_hd__o21ai_1)
                                                         _02_ (net)
                      0.058675    0.000065    0.558883 v _48_/D (sky130_fd_sc_hd__dfxtp_1)
                                              0.558883   data arrival time

                                  0.000000    0.000000   clock clk (rise edge)
                                  0.000000    0.000000   clock source latency
     1    0.009467    0.000000    0.000000    0.000000 ^ clk (in)
                                                         clk (net)
                      0.000254    0.000127    0.000127 ^ clkbuf_0_clk/A (sky130_fd_sc_hd__clkbuf_16)
     2    0.017323    0.063961    0.187536    0.187663 ^ clkbuf_0_clk/X (sky130_fd_sc_hd__clkbuf_16)
                                                         clknet_0_clk (net)
                      0.063961    0.000385    0.188048 ^ clkbuf_1_1__f_clk/A (sky130_fd_sc_hd__clkbuf_16)
     2    0.005173    0.048047    0.195720    0.383768 ^ clkbuf_1_1__f_clk/X (sky130_fd_sc_hd__clkbuf_16)
                                                         clknet_1_1__leaf_clk (net)
                      0.048047    0.000124    0.383892 ^ _48_/CLK (sky130_fd_sc_hd__dfxtp_1)
                                  0.000000    0.383892   clock reconvergence pessimism
                                 -0.106128    0.277764   library hold time
                                              0.277764   data required time
---------------------------------------------------------------------------------------------
                                              0.277764   data required time
                                             -0.558883   data arrival time
---------------------------------------------------------------------------------------------
                                              0.281119   slack (MET)


Startpoint: reset (input port clocked by clk)
Endpoint: _47_ (rising edge-triggered flip-flop clocked by clk)
Path Group: clk
Path Type: min

Fanout         Cap        Slew       Delay        Time   Description
---------------------------------------------------------------------------------------------
                                  0.000000    0.000000   clock clk (rise edge)
                                  0.000000    0.000000   clock network delay (propagated)
                                  0.000000    0.000000 v input external delay
     1    0.002434    0.000000    0.000000    0.000000 v reset (in)
                                                         reset (net)
                      0.000061    0.000030    0.000030 v input2/A (sky130_fd_sc_hd__buf_1)
     2    0.007575    0.099425    0.170618    0.170649 v input2/X (sky130_fd_sc_hd__buf_1)
                                                         net2 (net)
                      0.099425    0.000118    0.170767 v _23_/A (sky130_fd_sc_hd__inv_2)
     4    0.013615    0.109194    0.134940    0.305707 ^ _23_/Y (sky130_fd_sc_hd__inv_2)
                                                         _04_ (net)
                      0.109194    0.000227    0.305934 ^ _34_/A2 (sky130_fd_sc_hd__a31o_1)
     1    0.002042    0.060919    0.287876    0.593810 ^ _34_/X (sky130_fd_sc_hd__a31o_1)
                                                         _01_ (net)
                      0.060919    0.000059    0.593869 ^ _47_/D (sky130_fd_sc_hd__dfxtp_1)
                                              0.593869   data arrival time

                                  0.000000    0.000000   clock clk (rise edge)
                                  0.000000    0.000000   clock source latency
     1    0.009467    0.000000    0.000000    0.000000 ^ clk (in)
                                                         clk (net)
                      0.000254    0.000127    0.000127 ^ clkbuf_0_clk/A (sky130_fd_sc_hd__clkbuf_16)
     2    0.017323    0.063961    0.187536    0.187663 ^ clkbuf_0_clk/X (sky130_fd_sc_hd__clkbuf_16)
                                                         clknet_0_clk (net)
                      0.063961    0.000415    0.188079 ^ clkbuf_1_0__f_clk/A (sky130_fd_sc_hd__clkbuf_16)
     2    0.005858    0.048981    0.197017    0.385096 ^ clkbuf_1_0__f_clk/X (sky130_fd_sc_hd__clkbuf_16)
                                                         clknet_1_0__leaf_clk (net)
                      0.048981    0.000127    0.385222 ^ _47_/CLK (sky130_fd_sc_hd__dfxtp_1)
                                  0.000000    0.385222   clock reconvergence pessimism
                                 -0.073247    0.311975   library hold time
                                              0.311975   data required time
---------------------------------------------------------------------------------------------
                                              0.311975   data required time
                                             -0.593869   data arrival time
---------------------------------------------------------------------------------------------
                                              0.281894   slack (MET)


Startpoint: _49_ (rising edge-triggered flip-flop clocked by clk)
Endpoint: counter[3] (output port clocked by clk)
Path Group: clk
Path Type: min

Fanout         Cap        Slew       Delay        Time   Description
---------------------------------------------------------------------------------------------
                                  0.000000    0.000000   clock clk (rise edge)
                                  0.000000    0.000000   clock source latency
     1    0.009467    0.000000    0.000000    0.000000 ^ clk (in)
                                                         clk (net)
                      0.000254    0.000127    0.000127 ^ clkbuf_0_clk/A (sky130_fd_sc_hd__clkbuf_16)
     2    0.017323    0.063961    0.187536    0.187663 ^ clkbuf_0_clk/X (sky130_fd_sc_hd__clkbuf_16)
                                                         clknet_0_clk (net)
                      0.063961    0.000415    0.188079 ^ clkbuf_1_0__f_clk/A (sky130_fd_sc_hd__clkbuf_16)
     2    0.005858    0.048981    0.197017    0.385096 ^ clkbuf_1_0__f_clk/X (sky130_fd_sc_hd__clkbuf_16)
                                                         clknet_1_0__leaf_clk (net)
                      0.048981    0.000154    0.385250 ^ _49_/CLK (sky130_fd_sc_hd__dfxtp_1)
     3    0.008043    0.089366    0.602993    0.988243 v _49_/Q (sky130_fd_sc_hd__dfxtp_1)
                                                         net7 (net)
                      0.089366    0.000150    0.988393 v output7/A (sky130_fd_sc_hd__buf_1)
     1    0.000307    0.025824    0.142619    1.131012 v output7/X (sky130_fd_sc_hd__buf_1)
                                                         counter[3] (net)
                      0.025824    0.000003    1.131015 v counter[3] (out)
                                              1.131015   data arrival time

                                  0.000000    0.000000   clock clk (rise edge)
                                  0.000000    0.000000   clock network delay (propagated)
                                  0.000000    0.000000   clock reconvergence pessimism
                                  0.000000    0.000000   output external delay
                                              0.000000   data required time
---------------------------------------------------------------------------------------------
                                              0.000000   data required time
                                             -1.131015   data arrival time
---------------------------------------------------------------------------------------------
                                              1.131015   slack (MET)


Startpoint: _48_ (rising edge-triggered flip-flop clocked by clk)
Endpoint: counter[2] (output port clocked by clk)
Path Group: clk
Path Type: min

Fanout         Cap        Slew       Delay        Time   Description
---------------------------------------------------------------------------------------------
                                  0.000000    0.000000   clock clk (rise edge)
                                  0.000000    0.000000   clock source latency
     1    0.009467    0.000000    0.000000    0.000000 ^ clk (in)
                                                         clk (net)
                      0.000254    0.000127    0.000127 ^ clkbuf_0_clk/A (sky130_fd_sc_hd__clkbuf_16)
     2    0.017323    0.063961    0.187536    0.187663 ^ clkbuf_0_clk/X (sky130_fd_sc_hd__clkbuf_16)
                                                         clknet_0_clk (net)
                      0.063961    0.000385    0.188048 ^ clkbuf_1_1__f_clk/A (sky130_fd_sc_hd__clkbuf_16)
     2    0.005173    0.048047    0.195720    0.383768 ^ clkbuf_1_1__f_clk/X (sky130_fd_sc_hd__clkbuf_16)
                                                         clknet_1_1__leaf_clk (net)
                      0.048047    0.000124    0.383892 ^ _48_/CLK (sky130_fd_sc_hd__dfxtp_1)
     5    0.014868    0.143557    0.648705    1.032597 v _48_/Q (sky130_fd_sc_hd__dfxtp_1)
                                                         net6 (net)
                      0.143557    0.000555    1.033152 v output6/A (sky130_fd_sc_hd__buf_1)
     1    0.000340    0.026600    0.168730    1.201882 v output6/X (sky130_fd_sc_hd__buf_1)
                                                         counter[2] (net)
                      0.026600    0.000004    1.201886 v counter[2] (out)
                                              1.201886   data arrival time

                                  0.000000    0.000000   clock clk (rise edge)
                                  0.000000    0.000000   clock network delay (propagated)
                                  0.000000    0.000000   clock reconvergence pessimism
                                  0.000000    0.000000   output external delay
                                              0.000000   data required time
---------------------------------------------------------------------------------------------
                                              0.000000   data required time
                                             -1.201886   data arrival time
---------------------------------------------------------------------------------------------
                                              1.201886   slack (MET)


Startpoint: _47_ (rising edge-triggered flip-flop clocked by clk)
Endpoint: counter[1] (output port clocked by clk)
Path Group: clk
Path Type: min

Fanout         Cap        Slew       Delay        Time   Description
---------------------------------------------------------------------------------------------
                                  0.000000    0.000000   clock clk (rise edge)
                                  0.000000    0.000000   clock source latency
     1    0.009467    0.000000    0.000000    0.000000 ^ clk (in)
                                                         clk (net)
                      0.000254    0.000127    0.000127 ^ clkbuf_0_clk/A (sky130_fd_sc_hd__clkbuf_16)
     2    0.017323    0.063961    0.187536    0.187663 ^ clkbuf_0_clk/X (sky130_fd_sc_hd__clkbuf_16)
                                                         clknet_0_clk (net)
                      0.063961    0.000415    0.188079 ^ clkbuf_1_0__f_clk/A (sky130_fd_sc_hd__clkbuf_16)
     2    0.005858    0.048981    0.197017    0.385096 ^ clkbuf_1_0__f_clk/X (sky130_fd_sc_hd__clkbuf_16)
                                                         clknet_1_0__leaf_clk (net)
                      0.048981    0.000127    0.385222 ^ _47_/CLK (sky130_fd_sc_hd__dfxtp_1)
     6    0.019757    0.184590    0.680022    1.065244 v _47_/Q (sky130_fd_sc_hd__dfxtp_1)
                                                         net5 (net)
                      0.184590    0.000529    1.065773 v output5/A (sky130_fd_sc_hd__buf_1)
     1    0.000701    0.030573    0.192499    1.258272 v output5/X (sky130_fd_sc_hd__buf_1)
                                                         counter[1] (net)
                      0.030573    0.000009    1.258281 v counter[1] (out)
                                              1.258281   data arrival time

                                  0.000000    0.000000   clock clk (rise edge)
                                  0.000000    0.000000   clock network delay (propagated)
                                  0.000000    0.000000   clock reconvergence pessimism
                                  0.000000    0.000000   output external delay
                                              0.000000   data required time
---------------------------------------------------------------------------------------------
                                              0.000000   data required time
                                             -1.258281   data arrival time
---------------------------------------------------------------------------------------------
                                              1.258281   slack (MET)


Startpoint: _46_ (rising edge-triggered flip-flop clocked by clk)
Endpoint: counter[0] (output port clocked by clk)
Path Group: clk
Path Type: min

Fanout         Cap        Slew       Delay        Time   Description
---------------------------------------------------------------------------------------------
                                  0.000000    0.000000   clock clk (rise edge)
                                  0.000000    0.000000   clock source latency
     1    0.009467    0.000000    0.000000    0.000000 ^ clk (in)
                                                         clk (net)
                      0.000254    0.000127    0.000127 ^ clkbuf_0_clk/A (sky130_fd_sc_hd__clkbuf_16)
     2    0.017323    0.063961    0.187536    0.187663 ^ clkbuf_0_clk/X (sky130_fd_sc_hd__clkbuf_16)
                                                         clknet_0_clk (net)
                      0.063961    0.000385    0.188048 ^ clkbuf_1_1__f_clk/A (sky130_fd_sc_hd__clkbuf_16)
     2    0.005173    0.048047    0.195720    0.383768 ^ clkbuf_1_1__f_clk/X (sky130_fd_sc_hd__clkbuf_16)
                                                         clknet_1_1__leaf_clk (net)
                      0.048047    0.000141    0.383910 ^ _46_/CLK (sky130_fd_sc_hd__dfxtp_1)
     7    0.023182    0.213532    0.700947    1.084857 v _46_/Q (sky130_fd_sc_hd__dfxtp_1)
                                                         net4 (net)
                      0.213532    0.000360    1.085217 v output4/A (sky130_fd_sc_hd__buf_1)
     1    0.000295    0.026687    0.201407    1.286624 v output4/X (sky130_fd_sc_hd__buf_1)
                                                         counter[0] (net)
                      0.026687    0.000003    1.286628 v counter[0] (out)
                                              1.286628   data arrival time

                                  0.000000    0.000000   clock clk (rise edge)
                                  0.000000    0.000000   clock network delay (propagated)
                                  0.000000    0.000000   clock reconvergence pessimism
                                  0.000000    0.000000   output external delay
                                              0.000000   data required time
---------------------------------------------------------------------------------------------
                                              0.000000   data required time
                                             -1.286628   data arrival time
---------------------------------------------------------------------------------------------
                                              1.286628   slack (MET)



