
===========================================================================
report_checks -unconstrained
===========================================================================
======================= nom_tt_025C_1v80 Corner ===================================

Startpoint: up_down (input port clocked by clk)
Endpoint: _49_ (rising edge-triggered flip-flop)
Path Group: unconstrained
Path Type: max

Fanout         Cap        Slew       Delay        Time   Description
---------------------------------------------------------------------------------------------
                                  2.000000    2.000000 v input external delay
     1    0.002303    0.007481    0.003595    2.003595 v up_down (in)
                                                         up_down (net)
                      0.007481    0.000000    2.003595 v input4/A (sky130_fd_sc_hd__buf_1)
     5    0.012225    0.076818    0.113729    2.117324 v input4/X (sky130_fd_sc_hd__buf_1)
                                                         net4 (net)
                      0.076818    0.000224    2.117548 v _41_/A1 (sky130_fd_sc_hd__o31ai_1)
     2    0.007297    0.308974    0.337965    2.455513 ^ _41_/Y (sky130_fd_sc_hd__o31ai_1)
                                                         _19_ (net)
                      0.308974    0.000213    2.455726 ^ _44_/C (sky130_fd_sc_hd__nand4_1)
     1    0.002754    0.088313    0.130990    2.586716 v _44_/Y (sky130_fd_sc_hd__nand4_1)
                                                         _22_ (net)
                      0.088313    0.000084    2.586800 v _45_/A3 (sky130_fd_sc_hd__a31o_1)
     1    0.002227    0.034115    0.223136    2.809935 v _45_/X (sky130_fd_sc_hd__a31o_1)
                                                         _03_ (net)
                      0.034115    0.000066    2.810001 v _49_/D (sky130_fd_sc_hd__dfxtp_1)
                                              2.810001   data arrival time
---------------------------------------------------------------------------------------------
(Path is unconstrained)




===========================================================================
report_checks --slack_max -0.01
============================================================================
======================= nom_tt_025C_1v80 Corner ===================================

No paths found.


===========================================================================
 report_check_types -max_slew -max_cap -max_fanout -violators
============================================================================
======================= nom_tt_025C_1v80 Corner ===================================



===========================================================================
report_parasitic_annotation -report_unannotated
============================================================================
Found 0 unannotated drivers.
Found 0 partially unannotated drivers.

===========================================================================
max slew violation count 0
max fanout violation count 0
max cap violation count 0
============================================================================

===========================================================================
check_setup -verbose -unconstrained_endpoints -multiple_clock -no_clock -no_input_delay -loops -generated_clocks
===========================================================================
Warning: There are 4 unclocked register/latch pins.
  _46_/CLK
  _47_/CLK
  _48_/CLK
  _49_/CLK
Warning: There are 8 unconstrained endpoints.
  counter[0]
  counter[1]
  counter[2]
  counter[3]
  _46_/D
  _47_/D
  _48_/D
  _49_/D
