Reading timing models for corner nom_ff_n40C_1v95…
Reading cell library for the 'nom_ff_n40C_1v95' corner at '/home/amostafa/.volare/volare/sky130/versions/0fe599b2afb6708d281543108caf8310912f54af/sky130A/libs.ref/sky130_fd_sc_hd/lib/sky130_fd_sc_hd__ff_n40C_1v95.lib'…
Reading top-level netlist at '/home/amostafa/vlsi/runs/RUN_2024-12-04_10-33-24/10-openroad-detailedrouting/counter_dut.nl.v'…
Linking design 'counter_dut' from netlist…
Reading design constraints file at 'counter_dut.sdc'…
Warning: counter_dut.sdc line 5, set_input_delay relative to a clock defined on the same port/pin not allowed.
[INFO] No information on clock propagation in input SDC file-- propagating all clocks.
Reading top-level design parasitics for the 'nom_ff_n40C_1v95' corner at '/home/amostafa/vlsi/runs/RUN_2024-12-04_10-33-24/12-openroad-rcx/nom/counter_dut.nom.spef'…
%OL_CREATE_REPORT min.rpt

===========================================================================
report_checks -path_delay min (Hold)
============================================================================
======================= nom_ff_n40C_1v95 Corner ===================================

Startpoint: _48_ (rising edge-triggered flip-flop clocked by clk)
Endpoint: _48_ (rising edge-triggered flip-flop clocked by clk)
Path Group: clk
Path Type: min

Fanout         Cap        Slew       Delay        Time   Description
---------------------------------------------------------------------------------------------
                                  0.000000    0.000000   clock clk (rise edge)
                                  0.000000    0.000000   clock source latency
     1    0.009544    0.000000    0.000000    0.000000 ^ clk (in)
                                                         clk (net)
                      0.000259    0.000130    0.000130 ^ clkbuf_0_clk/A (sky130_fd_sc_hd__clkbuf_16)
     2    0.017941    0.029759    0.074589    0.074719 ^ clkbuf_0_clk/X (sky130_fd_sc_hd__clkbuf_16)
                                                         clknet_0_clk (net)
                      0.029760    0.000387    0.075105 ^ clkbuf_1_1__f_clk/A (sky130_fd_sc_hd__clkbuf_16)
     2    0.005541    0.021364    0.073830    0.148936 ^ clkbuf_1_1__f_clk/X (sky130_fd_sc_hd__clkbuf_16)
                                                         clknet_1_1__leaf_clk (net)
                      0.021365    0.000134    0.149070 ^ _48_/CLK (sky130_fd_sc_hd__dfxtp_1)
     5    0.017167    0.125617    0.250421    0.399491 ^ _48_/Q (sky130_fd_sc_hd__dfxtp_1)
                                                         net6 (net)
                      0.125617    0.000213    0.399704 ^ _39_/A1 (sky130_fd_sc_hd__a21oi_1)
     1    0.002713    0.041414    0.043168    0.442872 v _39_/Y (sky130_fd_sc_hd__a21oi_1)
                                                         _18_ (net)
                      0.041414    0.000083    0.442955 v _40_/B1 (sky130_fd_sc_hd__o21ai_1)
     1    0.002494    0.037103    0.047505    0.490460 ^ _40_/Y (sky130_fd_sc_hd__o21ai_1)
                                                         _02_ (net)
                      0.037103    0.000074    0.490534 ^ _48_/D (sky130_fd_sc_hd__dfxtp_1)
                                              0.490534   data arrival time

                                  0.000000    0.000000   clock clk (rise edge)
                                  0.000000    0.000000   clock source latency
     1    0.009544    0.000000    0.000000    0.000000 ^ clk (in)
                                                         clk (net)
                      0.000259    0.000130    0.000130 ^ clkbuf_0_clk/A (sky130_fd_sc_hd__clkbuf_16)
     2    0.017941    0.029759    0.074589    0.074719 ^ clkbuf_0_clk/X (sky130_fd_sc_hd__clkbuf_16)
                                                         clknet_0_clk (net)
                      0.029760    0.000387    0.075105 ^ clkbuf_1_1__f_clk/A (sky130_fd_sc_hd__clkbuf_16)
     2    0.005541    0.021364    0.073830    0.148936 ^ clkbuf_1_1__f_clk/X (sky130_fd_sc_hd__clkbuf_16)
                                                         clknet_1_1__leaf_clk (net)
                      0.021365    0.000134    0.149070 ^ _48_/CLK (sky130_fd_sc_hd__dfxtp_1)
                                  0.000000    0.149070   clock reconvergence pessimism
                                 -0.017962    0.131107   library hold time
                                              0.131107   data required time
---------------------------------------------------------------------------------------------
                                              0.131107   data required time
                                             -0.490534   data arrival time
---------------------------------------------------------------------------------------------
                                              0.359427   slack (MET)


Startpoint: _46_ (rising edge-triggered flip-flop clocked by clk)
Endpoint: _46_ (rising edge-triggered flip-flop clocked by clk)
Path Group: clk
Path Type: min

Fanout         Cap        Slew       Delay        Time   Description
---------------------------------------------------------------------------------------------
                                  0.000000    0.000000   clock clk (rise edge)
                                  0.000000    0.000000   clock source latency
     1    0.009544    0.000000    0.000000    0.000000 ^ clk (in)
                                                         clk (net)
                      0.000259    0.000130    0.000130 ^ clkbuf_0_clk/A (sky130_fd_sc_hd__clkbuf_16)
     2    0.017941    0.029759    0.074589    0.074719 ^ clkbuf_0_clk/X (sky130_fd_sc_hd__clkbuf_16)
                                                         clknet_0_clk (net)
                      0.029760    0.000387    0.075105 ^ clkbuf_1_1__f_clk/A (sky130_fd_sc_hd__clkbuf_16)
     2    0.005541    0.021364    0.073830    0.148936 ^ clkbuf_1_1__f_clk/X (sky130_fd_sc_hd__clkbuf_16)
                                                         clknet_1_1__leaf_clk (net)
                      0.021365    0.000152    0.149088 ^ _46_/CLK (sky130_fd_sc_hd__dfxtp_1)
     7    0.024078    0.081691    0.235737    0.384825 v _46_/Q (sky130_fd_sc_hd__dfxtp_1)
                                                         net4 (net)
                      0.081694    0.000535    0.385361 v _28_/A1 (sky130_fd_sc_hd__o21ai_1)
     1    0.003258    0.043486    0.105635    0.490995 ^ _28_/Y (sky130_fd_sc_hd__o21ai_1)
                                                         _00_ (net)
                      0.043486    0.000109    0.491104 ^ _46_/D (sky130_fd_sc_hd__dfxtp_1)
                                              0.491104   data arrival time

                                  0.000000    0.000000   clock clk (rise edge)
                                  0.000000    0.000000   clock source latency
     1    0.009544    0.000000    0.000000    0.000000 ^ clk (in)
                                                         clk (net)
                      0.000259    0.000130    0.000130 ^ clkbuf_0_clk/A (sky130_fd_sc_hd__clkbuf_16)
     2    0.017941    0.029759    0.074589    0.074719 ^ clkbuf_0_clk/X (sky130_fd_sc_hd__clkbuf_16)
                                                         clknet_0_clk (net)
                      0.029760    0.000387    0.075105 ^ clkbuf_1_1__f_clk/A (sky130_fd_sc_hd__clkbuf_16)
     2    0.005541    0.021364    0.073830    0.148936 ^ clkbuf_1_1__f_clk/X (sky130_fd_sc_hd__clkbuf_16)
                                                         clknet_1_1__leaf_clk (net)
                      0.021365    0.000152    0.149088 ^ _46_/CLK (sky130_fd_sc_hd__dfxtp_1)
                                  0.000000    0.149088   clock reconvergence pessimism
                                 -0.018415    0.130673   library hold time
                                              0.130673   data required time
---------------------------------------------------------------------------------------------
                                              0.130673   data required time
                                             -0.491104   data arrival time
---------------------------------------------------------------------------------------------
                                              0.360431   slack (MET)


Startpoint: _49_ (rising edge-triggered flip-flop clocked by clk)
Endpoint: _49_ (rising edge-triggered flip-flop clocked by clk)
Path Group: clk
Path Type: min

Fanout         Cap        Slew       Delay        Time   Description
---------------------------------------------------------------------------------------------
                                  0.000000    0.000000   clock clk (rise edge)
                                  0.000000    0.000000   clock source latency
     1    0.009544    0.000000    0.000000    0.000000 ^ clk (in)
                                                         clk (net)
                      0.000259    0.000130    0.000130 ^ clkbuf_0_clk/A (sky130_fd_sc_hd__clkbuf_16)
     2    0.017941    0.029759    0.074589    0.074719 ^ clkbuf_0_clk/X (sky130_fd_sc_hd__clkbuf_16)
                                                         clknet_0_clk (net)
                      0.029760    0.000404    0.075123 ^ clkbuf_1_0__f_clk/A (sky130_fd_sc_hd__clkbuf_16)
     2    0.004979    0.020972    0.073354    0.148477 ^ clkbuf_1_0__f_clk/X (sky130_fd_sc_hd__clkbuf_16)
                                                         clknet_1_0__leaf_clk (net)
                      0.020972    0.000121    0.148598 ^ _49_/CLK (sky130_fd_sc_hd__dfxtp_1)
     3    0.009287    0.038060    0.199900    0.348498 v _49_/Q (sky130_fd_sc_hd__dfxtp_1)
                                                         net7 (net)
                      0.038061    0.000204    0.348701 v _44_/B (sky130_fd_sc_hd__nand4_1)
     1    0.004181    0.047586    0.065113    0.413814 ^ _44_/Y (sky130_fd_sc_hd__nand4_1)
                                                         _22_ (net)
                      0.047587    0.000143    0.413957 ^ _45_/A3 (sky130_fd_sc_hd__a31o_1)
     1    0.002148    0.025932    0.078400    0.492357 ^ _45_/X (sky130_fd_sc_hd__a31o_1)
                                                         _03_ (net)
                      0.025932    0.000062    0.492419 ^ _49_/D (sky130_fd_sc_hd__dfxtp_1)
                                              0.492419   data arrival time

                                  0.000000    0.000000   clock clk (rise edge)
                                  0.000000    0.000000   clock source latency
     1    0.009544    0.000000    0.000000    0.000000 ^ clk (in)
                                                         clk (net)
                      0.000259    0.000130    0.000130 ^ clkbuf_0_clk/A (sky130_fd_sc_hd__clkbuf_16)
     2    0.017941    0.029759    0.074589    0.074719 ^ clkbuf_0_clk/X (sky130_fd_sc_hd__clkbuf_16)
                                                         clknet_0_clk (net)
                      0.029760    0.000404    0.075123 ^ clkbuf_1_0__f_clk/A (sky130_fd_sc_hd__clkbuf_16)
     2    0.004979    0.020972    0.073354    0.148477 ^ clkbuf_1_0__f_clk/X (sky130_fd_sc_hd__clkbuf_16)
                                                         clknet_1_0__leaf_clk (net)
                      0.020972    0.000121    0.148598 ^ _49_/CLK (sky130_fd_sc_hd__dfxtp_1)
                                  0.000000    0.148598   clock reconvergence pessimism
                                 -0.017180    0.131418   library hold time
                                              0.131418   data required time
---------------------------------------------------------------------------------------------
                                              0.131418   data required time
                                             -0.492419   data arrival time
---------------------------------------------------------------------------------------------
                                              0.361001   slack (MET)


Startpoint: _47_ (rising edge-triggered flip-flop clocked by clk)
Endpoint: _47_ (rising edge-triggered flip-flop clocked by clk)
Path Group: clk
Path Type: min

Fanout         Cap        Slew       Delay        Time   Description
---------------------------------------------------------------------------------------------
                                  0.000000    0.000000   clock clk (rise edge)
                                  0.000000    0.000000   clock source latency
     1    0.009544    0.000000    0.000000    0.000000 ^ clk (in)
                                                         clk (net)
                      0.000259    0.000130    0.000130 ^ clkbuf_0_clk/A (sky130_fd_sc_hd__clkbuf_16)
     2    0.017941    0.029759    0.074589    0.074719 ^ clkbuf_0_clk/X (sky130_fd_sc_hd__clkbuf_16)
                                                         clknet_0_clk (net)
                      0.029760    0.000404    0.075123 ^ clkbuf_1_0__f_clk/A (sky130_fd_sc_hd__clkbuf_16)
     2    0.004979    0.020972    0.073354    0.148477 ^ clkbuf_1_0__f_clk/X (sky130_fd_sc_hd__clkbuf_16)
                                                         clknet_1_0__leaf_clk (net)
                      0.020972    0.000103    0.148580 ^ _47_/CLK (sky130_fd_sc_hd__dfxtp_1)
     6    0.021819    0.157403    0.272502    0.421082 ^ _47_/Q (sky130_fd_sc_hd__dfxtp_1)
                                                         net5 (net)
                      0.157403    0.000401    0.421483 ^ _33_/A1 (sky130_fd_sc_hd__a21o_1)
     1    0.003270    0.030346    0.078458    0.499941 ^ _33_/X (sky130_fd_sc_hd__a21o_1)
                                                         _13_ (net)
                      0.030346    0.000099    0.500040 ^ _34_/B1 (sky130_fd_sc_hd__a31o_1)
     1    0.002381    0.024530    0.048521    0.548561 ^ _34_/X (sky130_fd_sc_hd__a31o_1)
                                                         _01_ (net)
                      0.024530    0.000071    0.548632 ^ _47_/D (sky130_fd_sc_hd__dfxtp_1)
                                              0.548632   data arrival time

                                  0.000000    0.000000   clock clk (rise edge)
                                  0.000000    0.000000   clock source latency
     1    0.009544    0.000000    0.000000    0.000000 ^ clk (in)
                                                         clk (net)
                      0.000259    0.000130    0.000130 ^ clkbuf_0_clk/A (sky130_fd_sc_hd__clkbuf_16)
     2    0.017941    0.029759    0.074589    0.074719 ^ clkbuf_0_clk/X (sky130_fd_sc_hd__clkbuf_16)
                                                         clknet_0_clk (net)
                      0.029760    0.000404    0.075123 ^ clkbuf_1_0__f_clk/A (sky130_fd_sc_hd__clkbuf_16)
     2    0.004979    0.020972    0.073354    0.148477 ^ clkbuf_1_0__f_clk/X (sky130_fd_sc_hd__clkbuf_16)
                                                         clknet_1_0__leaf_clk (net)
                      0.020972    0.000103    0.148580 ^ _47_/CLK (sky130_fd_sc_hd__dfxtp_1)
                                  0.000000    0.148580   clock reconvergence pessimism
                                 -0.017081    0.131499   library hold time
                                              0.131499   data required time
---------------------------------------------------------------------------------------------
                                              0.131499   data required time
                                             -0.548632   data arrival time
---------------------------------------------------------------------------------------------
                                              0.417133   slack (MET)


Startpoint: _49_ (rising edge-triggered flip-flop clocked by clk)
Endpoint: counter[3] (output port clocked by clk)
Path Group: clk
Path Type: min

Fanout         Cap        Slew       Delay        Time   Description
---------------------------------------------------------------------------------------------
                                  0.000000    0.000000   clock clk (rise edge)
                                  0.000000    0.000000   clock source latency
     1    0.009544    0.000000    0.000000    0.000000 ^ clk (in)
                                                         clk (net)
                      0.000259    0.000130    0.000130 ^ clkbuf_0_clk/A (sky130_fd_sc_hd__clkbuf_16)
     2    0.017941    0.029759    0.074589    0.074719 ^ clkbuf_0_clk/X (sky130_fd_sc_hd__clkbuf_16)
                                                         clknet_0_clk (net)
                      0.029760    0.000404    0.075123 ^ clkbuf_1_0__f_clk/A (sky130_fd_sc_hd__clkbuf_16)
     2    0.004979    0.020972    0.073354    0.148477 ^ clkbuf_1_0__f_clk/X (sky130_fd_sc_hd__clkbuf_16)
                                                         clknet_1_0__leaf_clk (net)
                      0.020972    0.000121    0.148598 ^ _49_/CLK (sky130_fd_sc_hd__dfxtp_1)
     3    0.009287    0.038060    0.199900    0.348498 v _49_/Q (sky130_fd_sc_hd__dfxtp_1)
                                                         net7 (net)
                      0.038060    0.000163    0.348661 v output7/A (sky130_fd_sc_hd__buf_1)
     1    0.000306    0.009844    0.049238    0.397899 v output7/X (sky130_fd_sc_hd__buf_1)
                                                         counter[3] (net)
                      0.009844    0.000003    0.397902 v counter[3] (out)
                                              0.397902   data arrival time

                                  0.000000    0.000000   clock clk (rise edge)
                                  0.000000    0.000000   clock network delay (propagated)
                                  0.000000    0.000000   clock reconvergence pessimism
                               -5000.000000 -5000.000000   output external delay
                                           -5000.000000   data required time
---------------------------------------------------------------------------------------------
                                           -5000.000000   data required time
                                             -0.397902   data arrival time
---------------------------------------------------------------------------------------------
                                           5000.397949   slack (MET)


Startpoint: _48_ (rising edge-triggered flip-flop clocked by clk)
Endpoint: counter[2] (output port clocked by clk)
Path Group: clk
Path Type: min

Fanout         Cap        Slew       Delay        Time   Description
---------------------------------------------------------------------------------------------
                                  0.000000    0.000000   clock clk (rise edge)
                                  0.000000    0.000000   clock source latency
     1    0.009544    0.000000    0.000000    0.000000 ^ clk (in)
                                                         clk (net)
                      0.000259    0.000130    0.000130 ^ clkbuf_0_clk/A (sky130_fd_sc_hd__clkbuf_16)
     2    0.017941    0.029759    0.074589    0.074719 ^ clkbuf_0_clk/X (sky130_fd_sc_hd__clkbuf_16)
                                                         clknet_0_clk (net)
                      0.029760    0.000387    0.075105 ^ clkbuf_1_1__f_clk/A (sky130_fd_sc_hd__clkbuf_16)
     2    0.005541    0.021364    0.073830    0.148936 ^ clkbuf_1_1__f_clk/X (sky130_fd_sc_hd__clkbuf_16)
                                                         clknet_1_1__leaf_clk (net)
                      0.021365    0.000134    0.149070 ^ _48_/CLK (sky130_fd_sc_hd__dfxtp_1)
     5    0.016101    0.057528    0.216662    0.365732 v _48_/Q (sky130_fd_sc_hd__dfxtp_1)
                                                         net6 (net)
                      0.057530    0.000394    0.366125 v output6/A (sky130_fd_sc_hd__buf_1)
     1    0.000376    0.010459    0.057157    0.423282 v output6/X (sky130_fd_sc_hd__buf_1)
                                                         counter[2] (net)
                      0.010459    0.000004    0.423286 v counter[2] (out)
                                              0.423286   data arrival time

                                  0.000000    0.000000   clock clk (rise edge)
                                  0.000000    0.000000   clock network delay (propagated)
                                  0.000000    0.000000   clock reconvergence pessimism
                               -5000.000000 -5000.000000   output external delay
                                           -5000.000000   data required time
---------------------------------------------------------------------------------------------
                                           -5000.000000   data required time
                                             -0.423286   data arrival time
---------------------------------------------------------------------------------------------
                                           5000.423340   slack (MET)


Startpoint: _47_ (rising edge-triggered flip-flop clocked by clk)
Endpoint: counter[1] (output port clocked by clk)
Path Group: clk
Path Type: min

Fanout         Cap        Slew       Delay        Time   Description
---------------------------------------------------------------------------------------------
                                  0.000000    0.000000   clock clk (rise edge)
                                  0.000000    0.000000   clock source latency
     1    0.009544    0.000000    0.000000    0.000000 ^ clk (in)
                                                         clk (net)
                      0.000259    0.000130    0.000130 ^ clkbuf_0_clk/A (sky130_fd_sc_hd__clkbuf_16)
     2    0.017941    0.029759    0.074589    0.074719 ^ clkbuf_0_clk/X (sky130_fd_sc_hd__clkbuf_16)
                                                         clknet_0_clk (net)
                      0.029760    0.000404    0.075123 ^ clkbuf_1_0__f_clk/A (sky130_fd_sc_hd__clkbuf_16)
     2    0.004979    0.020972    0.073354    0.148477 ^ clkbuf_1_0__f_clk/X (sky130_fd_sc_hd__clkbuf_16)
                                                         clknet_1_0__leaf_clk (net)
                      0.020972    0.000103    0.148580 ^ _47_/CLK (sky130_fd_sc_hd__dfxtp_1)
     6    0.020369    0.070443    0.226733    0.375313 v _47_/Q (sky130_fd_sc_hd__dfxtp_1)
                                                         net5 (net)
                      0.070448    0.000621    0.375934 v output5/A (sky130_fd_sc_hd__buf_1)
     1    0.000450    0.011294    0.061679    0.437613 v output5/X (sky130_fd_sc_hd__buf_1)
                                                         counter[1] (net)
                      0.011294    0.000005    0.437619 v counter[1] (out)
                                              0.437619   data arrival time

                                  0.000000    0.000000   clock clk (rise edge)
                                  0.000000    0.000000   clock network delay (propagated)
                                  0.000000    0.000000   clock reconvergence pessimism
                               -5000.000000 -5000.000000   output external delay
                                           -5000.000000   data required time
---------------------------------------------------------------------------------------------
                                           -5000.000000   data required time
                                             -0.437619   data arrival time
---------------------------------------------------------------------------------------------
                                           5000.437500   slack (MET)


Startpoint: _46_ (rising edge-triggered flip-flop clocked by clk)
Endpoint: counter[0] (output port clocked by clk)
Path Group: clk
Path Type: min

Fanout         Cap        Slew       Delay        Time   Description
---------------------------------------------------------------------------------------------
                                  0.000000    0.000000   clock clk (rise edge)
                                  0.000000    0.000000   clock source latency
     1    0.009544    0.000000    0.000000    0.000000 ^ clk (in)
                                                         clk (net)
                      0.000259    0.000130    0.000130 ^ clkbuf_0_clk/A (sky130_fd_sc_hd__clkbuf_16)
     2    0.017941    0.029759    0.074589    0.074719 ^ clkbuf_0_clk/X (sky130_fd_sc_hd__clkbuf_16)
                                                         clknet_0_clk (net)
                      0.029760    0.000387    0.075105 ^ clkbuf_1_1__f_clk/A (sky130_fd_sc_hd__clkbuf_16)
     2    0.005541    0.021364    0.073830    0.148936 ^ clkbuf_1_1__f_clk/X (sky130_fd_sc_hd__clkbuf_16)
                                                         clknet_1_1__leaf_clk (net)
                      0.021365    0.000152    0.149088 ^ _46_/CLK (sky130_fd_sc_hd__dfxtp_1)
     7    0.024078    0.081691    0.235737    0.384825 v _46_/Q (sky130_fd_sc_hd__dfxtp_1)
                                                         net4 (net)
                      0.081691    0.000278    0.385103 v output4/A (sky130_fd_sc_hd__buf_1)
     1    0.000308    0.011288    0.064632    0.449736 v output4/X (sky130_fd_sc_hd__buf_1)
                                                         counter[0] (net)
                      0.011288    0.000003    0.449739 v counter[0] (out)
                                              0.449739   data arrival time

                                  0.000000    0.000000   clock clk (rise edge)
                                  0.000000    0.000000   clock network delay (propagated)
                                  0.000000    0.000000   clock reconvergence pessimism
                               -5000.000000 -5000.000000   output external delay
                                           -5000.000000   data required time
---------------------------------------------------------------------------------------------
                                           -5000.000000   data required time
                                             -0.449739   data arrival time
---------------------------------------------------------------------------------------------
                                           5000.449707   slack (MET)



%OL_END_REPORT
%OL_CREATE_REPORT max.rpt

===========================================================================
report_checks -path_delay max (Setup)
============================================================================
======================= nom_ff_n40C_1v95 Corner ===================================

Startpoint: _46_ (rising edge-triggered flip-flop clocked by clk)
Endpoint: counter[0] (output port clocked by clk)
Path Group: clk
Path Type: max

Fanout         Cap        Slew       Delay        Time   Description
---------------------------------------------------------------------------------------------
                                  0.000000    0.000000   clock clk (rise edge)
                                  0.000000    0.000000   clock source latency
     1    0.009544    0.000000    0.000000    0.000000 ^ clk (in)
                                                         clk (net)
                      0.000259    0.000130    0.000130 ^ clkbuf_0_clk/A (sky130_fd_sc_hd__clkbuf_16)
     2    0.017941    0.029759    0.074589    0.074719 ^ clkbuf_0_clk/X (sky130_fd_sc_hd__clkbuf_16)
                                                         clknet_0_clk (net)
                      0.029760    0.000387    0.075105 ^ clkbuf_1_1__f_clk/A (sky130_fd_sc_hd__clkbuf_16)
     2    0.005541    0.021364    0.073830    0.148936 ^ clkbuf_1_1__f_clk/X (sky130_fd_sc_hd__clkbuf_16)
                                                         clknet_1_1__leaf_clk (net)
                      0.021365    0.000152    0.149088 ^ _46_/CLK (sky130_fd_sc_hd__dfxtp_1)
     7    0.025513    0.182646    0.290277    0.439365 ^ _46_/Q (sky130_fd_sc_hd__dfxtp_1)
                                                         net4 (net)
                      0.182646    0.000296    0.439661 ^ output4/A (sky130_fd_sc_hd__buf_1)
     1    0.000308    0.016865    0.044331    0.483992 ^ output4/X (sky130_fd_sc_hd__buf_1)
                                                         counter[0] (net)
                      0.016865    0.000003    0.483995 ^ counter[0] (out)
                                              0.483995   data arrival time

                                 10.000000   10.000000   clock clk (rise edge)
                                  0.000000   10.000000   clock network delay (propagated)
                                  0.000000   10.000000   clock reconvergence pessimism
                               -5000.000000 -4990.000000   output external delay
                                           -4990.000000   data required time
---------------------------------------------------------------------------------------------
                                           -4990.000000   data required time
                                             -0.483995   data arrival time
---------------------------------------------------------------------------------------------
                                           -4990.483887   slack (VIOLATED)


Startpoint: _47_ (rising edge-triggered flip-flop clocked by clk)
Endpoint: counter[1] (output port clocked by clk)
Path Group: clk
Path Type: max

Fanout         Cap        Slew       Delay        Time   Description
---------------------------------------------------------------------------------------------
                                  0.000000    0.000000   clock clk (rise edge)
                                  0.000000    0.000000   clock source latency
     1    0.009544    0.000000    0.000000    0.000000 ^ clk (in)
                                                         clk (net)
                      0.000259    0.000130    0.000130 ^ clkbuf_0_clk/A (sky130_fd_sc_hd__clkbuf_16)
     2    0.017941    0.029759    0.074589    0.074719 ^ clkbuf_0_clk/X (sky130_fd_sc_hd__clkbuf_16)
                                                         clknet_0_clk (net)
                      0.029760    0.000404    0.075123 ^ clkbuf_1_0__f_clk/A (sky130_fd_sc_hd__clkbuf_16)
     2    0.004979    0.020972    0.073354    0.148477 ^ clkbuf_1_0__f_clk/X (sky130_fd_sc_hd__clkbuf_16)
                                                         clknet_1_0__leaf_clk (net)
                      0.020972    0.000103    0.148580 ^ _47_/CLK (sky130_fd_sc_hd__dfxtp_1)
     6    0.021819    0.157403    0.272502    0.421082 ^ _47_/Q (sky130_fd_sc_hd__dfxtp_1)
                                                         net5 (net)
                      0.157403    0.000663    0.421745 ^ output5/A (sky130_fd_sc_hd__buf_1)
     1    0.000450    0.017117    0.045694    0.467438 ^ output5/X (sky130_fd_sc_hd__buf_1)
                                                         counter[1] (net)
                      0.017117    0.000005    0.467444 ^ counter[1] (out)
                                              0.467444   data arrival time

                                 10.000000   10.000000   clock clk (rise edge)
                                  0.000000   10.000000   clock network delay (propagated)
                                  0.000000   10.000000   clock reconvergence pessimism
                               -5000.000000 -4990.000000   output external delay
                                           -4990.000000   data required time
---------------------------------------------------------------------------------------------
                                           -4990.000000   data required time
                                             -0.467444   data arrival time
---------------------------------------------------------------------------------------------
                                           -4990.467773   slack (VIOLATED)


Startpoint: _48_ (rising edge-triggered flip-flop clocked by clk)
Endpoint: counter[2] (output port clocked by clk)
Path Group: clk
Path Type: max

Fanout         Cap        Slew       Delay        Time   Description
---------------------------------------------------------------------------------------------
                                  0.000000    0.000000   clock clk (rise edge)
                                  0.000000    0.000000   clock source latency
     1    0.009544    0.000000    0.000000    0.000000 ^ clk (in)
                                                         clk (net)
                      0.000259    0.000130    0.000130 ^ clkbuf_0_clk/A (sky130_fd_sc_hd__clkbuf_16)
     2    0.017941    0.029759    0.074589    0.074719 ^ clkbuf_0_clk/X (sky130_fd_sc_hd__clkbuf_16)
                                                         clknet_0_clk (net)
                      0.029760    0.000387    0.075105 ^ clkbuf_1_1__f_clk/A (sky130_fd_sc_hd__clkbuf_16)
     2    0.005541    0.021364    0.073830    0.148936 ^ clkbuf_1_1__f_clk/X (sky130_fd_sc_hd__clkbuf_16)
                                                         clknet_1_1__leaf_clk (net)
                      0.021365    0.000134    0.149070 ^ _48_/CLK (sky130_fd_sc_hd__dfxtp_1)
     5    0.017167    0.125617    0.250421    0.399491 ^ _48_/Q (sky130_fd_sc_hd__dfxtp_1)
                                                         net6 (net)
                      0.125617    0.000422    0.399913 ^ output6/A (sky130_fd_sc_hd__buf_1)
     1    0.000376    0.015740    0.045694    0.445606 ^ output6/X (sky130_fd_sc_hd__buf_1)
                                                         counter[2] (net)
                      0.015740    0.000004    0.445610 ^ counter[2] (out)
                                              0.445610   data arrival time

                                 10.000000   10.000000   clock clk (rise edge)
                                  0.000000   10.000000   clock network delay (propagated)
                                  0.000000   10.000000   clock reconvergence pessimism
                               -5000.000000 -4990.000000   output external delay
                                           -4990.000000   data required time
---------------------------------------------------------------------------------------------
                                           -4990.000000   data required time
                                             -0.445610   data arrival time
---------------------------------------------------------------------------------------------
                                           -4990.445801   slack (VIOLATED)


Startpoint: _49_ (rising edge-triggered flip-flop clocked by clk)
Endpoint: counter[3] (output port clocked by clk)
Path Group: clk
Path Type: max

Fanout         Cap        Slew       Delay        Time   Description
---------------------------------------------------------------------------------------------
                                  0.000000    0.000000   clock clk (rise edge)
                                  0.000000    0.000000   clock source latency
     1    0.009544    0.000000    0.000000    0.000000 ^ clk (in)
                                                         clk (net)
                      0.000259    0.000130    0.000130 ^ clkbuf_0_clk/A (sky130_fd_sc_hd__clkbuf_16)
     2    0.017941    0.029759    0.074589    0.074719 ^ clkbuf_0_clk/X (sky130_fd_sc_hd__clkbuf_16)
                                                         clknet_0_clk (net)
                      0.029760    0.000404    0.075123 ^ clkbuf_1_0__f_clk/A (sky130_fd_sc_hd__clkbuf_16)
     2    0.004979    0.020972    0.073354    0.148477 ^ clkbuf_1_0__f_clk/X (sky130_fd_sc_hd__clkbuf_16)
                                                         clknet_1_0__leaf_clk (net)
                      0.020972    0.000121    0.148598 ^ _49_/CLK (sky130_fd_sc_hd__dfxtp_1)
     3    0.009887    0.076059    0.215635    0.364233 ^ _49_/Q (sky130_fd_sc_hd__dfxtp_1)
                                                         net7 (net)
                      0.076059    0.000174    0.364407 ^ output7/A (sky130_fd_sc_hd__buf_1)
     1    0.000306    0.013891    0.042292    0.406699 ^ output7/X (sky130_fd_sc_hd__buf_1)
                                                         counter[3] (net)
                      0.013891    0.000003    0.406702 ^ counter[3] (out)
                                              0.406702   data arrival time

                                 10.000000   10.000000   clock clk (rise edge)
                                  0.000000   10.000000   clock network delay (propagated)
                                  0.000000   10.000000   clock reconvergence pessimism
                               -5000.000000 -4990.000000   output external delay
                                           -4990.000000   data required time
---------------------------------------------------------------------------------------------
                                           -4990.000000   data required time
                                             -0.406702   data arrival time
---------------------------------------------------------------------------------------------
                                           -4990.406738   slack (VIOLATED)


Startpoint: up_down (input port clocked by clk)
Endpoint: _49_ (rising edge-triggered flip-flop clocked by clk)
Path Group: clk
Path Type: max

Fanout         Cap        Slew       Delay        Time   Description
---------------------------------------------------------------------------------------------
                                  0.000000    0.000000   clock clk (rise edge)
                                  0.000000    0.000000   clock network delay (propagated)
                                200.000000  200.000000 v input external delay
     1    0.002557    0.000000    0.000000  200.000000 v up_down (in)
                                                         up_down (net)
                      0.000064    0.000028  200.000015 v input3/A (sky130_fd_sc_hd__buf_1)
     5    0.012133    0.051579    0.073598  200.073624 v input3/X (sky130_fd_sc_hd__buf_1)
                                                         net3 (net)
                      0.051580    0.000242  200.073868 v _41_/A1 (sky130_fd_sc_hd__o31ai_1)
     2    0.007408    0.215580    0.224915  200.298782 ^ _41_/Y (sky130_fd_sc_hd__o31ai_1)
                                                         _19_ (net)
                      0.215580    0.000199  200.298981 ^ _44_/C (sky130_fd_sc_hd__nand4_1)
     1    0.003936    0.064621    0.065356  200.364334 v _44_/Y (sky130_fd_sc_hd__nand4_1)
                                                         _22_ (net)
                      0.064621    0.000128  200.364456 v _45_/A3 (sky130_fd_sc_hd__a31o_1)
     1    0.002183    0.025481    0.143416  200.507874 v _45_/X (sky130_fd_sc_hd__a31o_1)
                                                         _03_ (net)
                      0.025481    0.000057  200.507935 v _49_/D (sky130_fd_sc_hd__dfxtp_1)
                                            200.507935   data arrival time

                                 10.000000   10.000000   clock clk (rise edge)
                                  0.000000   10.000000   clock source latency
     1    0.009544    0.000000    0.000000   10.000000 ^ clk (in)
                                                         clk (net)
                      0.000259    0.000130   10.000130 ^ clkbuf_0_clk/A (sky130_fd_sc_hd__clkbuf_16)
     2    0.017941    0.029759    0.074589   10.074719 ^ clkbuf_0_clk/X (sky130_fd_sc_hd__clkbuf_16)
                                                         clknet_0_clk (net)
                      0.029760    0.000404   10.075123 ^ clkbuf_1_0__f_clk/A (sky130_fd_sc_hd__clkbuf_16)
     2    0.004979    0.020972    0.073354   10.148477 ^ clkbuf_1_0__f_clk/X (sky130_fd_sc_hd__clkbuf_16)
                                                         clknet_1_0__leaf_clk (net)
                      0.020972    0.000121   10.148598 ^ _49_/CLK (sky130_fd_sc_hd__dfxtp_1)
                                  0.000000   10.148598   clock reconvergence pessimism
                                 -0.068735   10.079863   library setup time
                                             10.079863   data required time
---------------------------------------------------------------------------------------------
                                             10.079863   data required time
                                           -200.507935   data arrival time
---------------------------------------------------------------------------------------------
                                           -190.428070   slack (VIOLATED)


Startpoint: up_down (input port clocked by clk)
Endpoint: _48_ (rising edge-triggered flip-flop clocked by clk)
Path Group: clk
Path Type: max

Fanout         Cap        Slew       Delay        Time   Description
---------------------------------------------------------------------------------------------
                                  0.000000    0.000000   clock clk (rise edge)
                                  0.000000    0.000000   clock network delay (propagated)
                                200.000000  200.000000 v input external delay
     1    0.002557    0.000000    0.000000  200.000000 v up_down (in)
                                                         up_down (net)
                      0.000064    0.000028  200.000015 v input3/A (sky130_fd_sc_hd__buf_1)
     5    0.012133    0.051579    0.073598  200.073624 v input3/X (sky130_fd_sc_hd__buf_1)
                                                         net3 (net)
                      0.051580    0.000227  200.073853 v _30_/A (sky130_fd_sc_hd__or2_1)
     2    0.008070    0.049638    0.158167  200.232010 v _30_/X (sky130_fd_sc_hd__or2_1)
                                                         _10_ (net)
                      0.049638    0.000213  200.232224 v _38_/A (sky130_fd_sc_hd__xnor2_1)
     1    0.003838    0.096165    0.115236  200.347458 ^ _38_/Y (sky130_fd_sc_hd__xnor2_1)
                                                         _17_ (net)
                      0.096165    0.000128  200.347595 ^ _40_/A2 (sky130_fd_sc_hd__o21ai_1)
     1    0.002529    0.028316    0.036479  200.384064 v _40_/Y (sky130_fd_sc_hd__o21ai_1)
                                                         _02_ (net)
                      0.028316    0.000071  200.384140 v _48_/D (sky130_fd_sc_hd__dfxtp_1)
                                            200.384140   data arrival time

                                 10.000000   10.000000   clock clk (rise edge)
                                  0.000000   10.000000   clock source latency
     1    0.009544    0.000000    0.000000   10.000000 ^ clk (in)
                                                         clk (net)
                      0.000259    0.000130   10.000130 ^ clkbuf_0_clk/A (sky130_fd_sc_hd__clkbuf_16)
     2    0.017941    0.029759    0.074589   10.074719 ^ clkbuf_0_clk/X (sky130_fd_sc_hd__clkbuf_16)
                                                         clknet_0_clk (net)
                      0.029760    0.000386   10.075106 ^ clkbuf_1_1__f_clk/A (sky130_fd_sc_hd__clkbuf_16)
     2    0.005541    0.021364    0.073831   10.148936 ^ clkbuf_1_1__f_clk/X (sky130_fd_sc_hd__clkbuf_16)
                                                         clknet_1_1__leaf_clk (net)
                      0.021365    0.000133   10.149070 ^ _48_/CLK (sky130_fd_sc_hd__dfxtp_1)
                                  0.000000   10.149070   clock reconvergence pessimism
                                 -0.069711   10.079359   library setup time
                                             10.079359   data required time
---------------------------------------------------------------------------------------------
                                             10.079359   data required time
                                           -200.384140   data arrival time
---------------------------------------------------------------------------------------------
                                           -190.304779   slack (VIOLATED)


Startpoint: up_down (input port clocked by clk)
Endpoint: _47_ (rising edge-triggered flip-flop clocked by clk)
Path Group: clk
Path Type: max

Fanout         Cap        Slew       Delay        Time   Description
---------------------------------------------------------------------------------------------
                                  0.000000    0.000000   clock clk (rise edge)
                                  0.000000    0.000000   clock network delay (propagated)
                                200.000000  200.000000 ^ input external delay
     1    0.002745    0.000000    0.000000  200.000000 ^ up_down (in)
                                                         up_down (net)
                      0.000069    0.000028  200.000015 ^ input3/A (sky130_fd_sc_hd__buf_1)
     5    0.013006    0.118192    0.103483  200.103500 ^ input3/X (sky130_fd_sc_hd__buf_1)
                                                         net3 (net)
                      0.118192    0.000242  200.103745 ^ _30_/A (sky130_fd_sc_hd__or2_1)
     2    0.008524    0.066948    0.103910  200.207657 ^ _30_/X (sky130_fd_sc_hd__or2_1)
                                                         _10_ (net)
                      0.066948    0.000213  200.207870 ^ _32_/A (sky130_fd_sc_hd__nand2_1)
     1    0.004169    0.031416    0.035442  200.243317 v _32_/Y (sky130_fd_sc_hd__nand2_1)
                                                         _12_ (net)
                      0.031422    0.000171  200.243484 v _34_/A3 (sky130_fd_sc_hd__a31o_1)
     1    0.002416    0.026418    0.131692  200.375168 v _34_/X (sky130_fd_sc_hd__a31o_1)
                                                         _01_ (net)
                      0.026418    0.000071  200.375244 v _47_/D (sky130_fd_sc_hd__dfxtp_1)
                                            200.375244   data arrival time

                                 10.000000   10.000000   clock clk (rise edge)
                                  0.000000   10.000000   clock source latency
     1    0.009544    0.000000    0.000000   10.000000 ^ clk (in)
                                                         clk (net)
                      0.000259    0.000130   10.000130 ^ clkbuf_0_clk/A (sky130_fd_sc_hd__clkbuf_16)
     2    0.017941    0.029759    0.074589   10.074719 ^ clkbuf_0_clk/X (sky130_fd_sc_hd__clkbuf_16)
                                                         clknet_0_clk (net)
                      0.029760    0.000404   10.075123 ^ clkbuf_1_0__f_clk/A (sky130_fd_sc_hd__clkbuf_16)
     2    0.004979    0.020972    0.073354   10.148477 ^ clkbuf_1_0__f_clk/X (sky130_fd_sc_hd__clkbuf_16)
                                                         clknet_1_0__leaf_clk (net)
                      0.020972    0.000103   10.148580 ^ _47_/CLK (sky130_fd_sc_hd__dfxtp_1)
                                  0.000000   10.148580   clock reconvergence pessimism
                                 -0.069070   10.079510   library setup time
                                             10.079510   data required time
---------------------------------------------------------------------------------------------
                                             10.079510   data required time
                                           -200.375244   data arrival time
---------------------------------------------------------------------------------------------
                                           -190.295746   slack (VIOLATED)


Startpoint: reset (input port clocked by clk)
Endpoint: _46_ (rising edge-triggered flip-flop clocked by clk)
Path Group: clk
Path Type: max

Fanout         Cap        Slew       Delay        Time   Description
---------------------------------------------------------------------------------------------
                                  0.000000    0.000000   clock clk (rise edge)
                                  0.000000    0.000000   clock network delay (propagated)
                                200.000000  200.000000 ^ input external delay
     1    0.002703    0.000000    0.000000  200.000000 ^ reset (in)
                                                         reset (net)
                      0.000068    0.000028  200.000015 ^ input2/A (sky130_fd_sc_hd__buf_1)
     2    0.008474    0.079667    0.077065  200.077087 ^ input2/X (sky130_fd_sc_hd__buf_1)
                                                         net2 (net)
                      0.079668    0.000256  200.077347 ^ _23_/A (sky130_fd_sc_hd__inv_2)
     4    0.011632    0.032637    0.033367  200.110718 v _23_/Y (sky130_fd_sc_hd__inv_2)
                                                         _04_ (net)
                      0.032646    0.000199  200.110916 v _25_/A (sky130_fd_sc_hd__nor2_1)
     4    0.014797    0.195457    0.169891  200.280807 ^ _25_/Y (sky130_fd_sc_hd__nor2_1)
                                                         _06_ (net)
                      0.195458    0.000469  200.281265 ^ _27_/B1 (sky130_fd_sc_hd__a21oi_1)
     1    0.003661    0.054763    0.028422  200.309692 v _27_/Y (sky130_fd_sc_hd__a21oi_1)
                                                         _08_ (net)
                      0.054763    0.000128  200.309814 v _28_/B1 (sky130_fd_sc_hd__o21ai_1)
     1    0.003258    0.076685    0.057824  200.367645 ^ _28_/Y (sky130_fd_sc_hd__o21ai_1)
                                                         _00_ (net)
                      0.076685    0.000114  200.367752 ^ _46_/D (sky130_fd_sc_hd__dfxtp_1)
                                            200.367752   data arrival time

                                 10.000000   10.000000   clock clk (rise edge)
                                  0.000000   10.000000   clock source latency
     1    0.009544    0.000000    0.000000   10.000000 ^ clk (in)
                                                         clk (net)
                      0.000259    0.000130   10.000130 ^ clkbuf_0_clk/A (sky130_fd_sc_hd__clkbuf_16)
     2    0.017941    0.029759    0.074589   10.074719 ^ clkbuf_0_clk/X (sky130_fd_sc_hd__clkbuf_16)
                                                         clknet_0_clk (net)
                      0.029760    0.000386   10.075106 ^ clkbuf_1_1__f_clk/A (sky130_fd_sc_hd__clkbuf_16)
     2    0.005541    0.021364    0.073831   10.148936 ^ clkbuf_1_1__f_clk/X (sky130_fd_sc_hd__clkbuf_16)
                                                         clknet_1_1__leaf_clk (net)
                      0.021365    0.000152   10.149088 ^ _46_/CLK (sky130_fd_sc_hd__dfxtp_1)
                                  0.000000   10.149088   clock reconvergence pessimism
                                 -0.033345   10.115744   library setup time
                                             10.115744   data required time
---------------------------------------------------------------------------------------------
                                             10.115744   data required time
                                           -200.367752   data arrival time
---------------------------------------------------------------------------------------------
                                           -190.252014   slack (VIOLATED)



%OL_END_REPORT
%OL_CREATE_REPORT checks.rpt

===========================================================================
report_checks -unconstrained
===========================================================================
======================= nom_ff_n40C_1v95 Corner ===================================

Startpoint: _46_ (rising edge-triggered flip-flop clocked by clk)
Endpoint: counter[0] (output port clocked by clk)
Path Group: clk
Path Type: max

Fanout         Cap        Slew       Delay        Time   Description
---------------------------------------------------------------------------------------------
                                  0.000000    0.000000   clock clk (rise edge)
                                  0.000000    0.000000   clock source latency
     1    0.009544    0.000000    0.000000    0.000000 ^ clk (in)
                                                         clk (net)
                      0.000259    0.000130    0.000130 ^ clkbuf_0_clk/A (sky130_fd_sc_hd__clkbuf_16)
     2    0.017941    0.029759    0.074589    0.074719 ^ clkbuf_0_clk/X (sky130_fd_sc_hd__clkbuf_16)
                                                         clknet_0_clk (net)
                      0.029760    0.000387    0.075105 ^ clkbuf_1_1__f_clk/A (sky130_fd_sc_hd__clkbuf_16)
     2    0.005541    0.021364    0.073830    0.148936 ^ clkbuf_1_1__f_clk/X (sky130_fd_sc_hd__clkbuf_16)
                                                         clknet_1_1__leaf_clk (net)
                      0.021365    0.000152    0.149088 ^ _46_/CLK (sky130_fd_sc_hd__dfxtp_1)
     7    0.025513    0.182646    0.290277    0.439365 ^ _46_/Q (sky130_fd_sc_hd__dfxtp_1)
                                                         net4 (net)
                      0.182646    0.000296    0.439661 ^ output4/A (sky130_fd_sc_hd__buf_1)
     1    0.000308    0.016865    0.044331    0.483992 ^ output4/X (sky130_fd_sc_hd__buf_1)
                                                         counter[0] (net)
                      0.016865    0.000003    0.483995 ^ counter[0] (out)
                                              0.483995   data arrival time

                                 10.000000   10.000000   clock clk (rise edge)
                                  0.000000   10.000000   clock network delay (propagated)
                                  0.000000   10.000000   clock reconvergence pessimism
                               -5000.000000 -4990.000000   output external delay
                                           -4990.000000   data required time
---------------------------------------------------------------------------------------------
                                           -4990.000000   data required time
                                             -0.483995   data arrival time
---------------------------------------------------------------------------------------------
                                           -4990.483887   slack (VIOLATED)




===========================================================================
report_checks --slack_max -0.01
============================================================================
======================= nom_ff_n40C_1v95 Corner ===================================

Startpoint: _46_ (rising edge-triggered flip-flop clocked by clk)
Endpoint: counter[0] (output port clocked by clk)
Path Group: clk
Path Type: max

Fanout         Cap        Slew       Delay        Time   Description
---------------------------------------------------------------------------------------------
                                  0.000000    0.000000   clock clk (rise edge)
                                  0.000000    0.000000   clock source latency
     1    0.009544    0.000000    0.000000    0.000000 ^ clk (in)
                                                         clk (net)
                      0.000259    0.000130    0.000130 ^ clkbuf_0_clk/A (sky130_fd_sc_hd__clkbuf_16)
     2    0.017941    0.029759    0.074589    0.074719 ^ clkbuf_0_clk/X (sky130_fd_sc_hd__clkbuf_16)
                                                         clknet_0_clk (net)
                      0.029760    0.000387    0.075105 ^ clkbuf_1_1__f_clk/A (sky130_fd_sc_hd__clkbuf_16)
     2    0.005541    0.021364    0.073830    0.148936 ^ clkbuf_1_1__f_clk/X (sky130_fd_sc_hd__clkbuf_16)
                                                         clknet_1_1__leaf_clk (net)
                      0.021365    0.000152    0.149088 ^ _46_/CLK (sky130_fd_sc_hd__dfxtp_1)
     7    0.025513    0.182646    0.290277    0.439365 ^ _46_/Q (sky130_fd_sc_hd__dfxtp_1)
                                                         net4 (net)
                      0.182646    0.000296    0.439661 ^ output4/A (sky130_fd_sc_hd__buf_1)
     1    0.000308    0.016865    0.044331    0.483992 ^ output4/X (sky130_fd_sc_hd__buf_1)
                                                         counter[0] (net)
                      0.016865    0.000003    0.483995 ^ counter[0] (out)
                                              0.483995   data arrival time

                                 10.000000   10.000000   clock clk (rise edge)
                                  0.000000   10.000000   clock network delay (propagated)
                                  0.000000   10.000000   clock reconvergence pessimism
                               -5000.000000 -4990.000000   output external delay
                                           -4990.000000   data required time
---------------------------------------------------------------------------------------------
                                           -4990.000000   data required time
                                             -0.483995   data arrival time
---------------------------------------------------------------------------------------------
                                           -4990.483887   slack (VIOLATED)




===========================================================================
 report_check_types -max_slew -max_cap -max_fanout -violators
============================================================================
======================= nom_ff_n40C_1v95 Corner ===================================



===========================================================================
report_parasitic_annotation -report_unannotated
============================================================================
Found 0 unannotated drivers.
Found 0 partially unannotated drivers.

===========================================================================
max slew violation count 0
%OL_METRIC_I design__max_slew_violation__count__corner:nom_ff_n40C_1v95 0
max fanout violation count 0
%OL_METRIC_I design__max_fanout_violation__count__corner:nom_ff_n40C_1v95 0
max cap violation count 0
%OL_METRIC_I design__max_cap_violation__count__corner:nom_ff_n40C_1v95 0
============================================================================

===========================================================================
check_setup -verbose -unconstrained_endpoints -multiple_clock -no_clock -no_input_delay -loops -generated_clocks
===========================================================================
%OL_END_REPORT
%OL_CREATE_REPORT power.rpt

===========================================================================
 report_power
============================================================================
======================= nom_ff_n40C_1v95 Corner ===================================

Group                    Internal    Switching      Leakage        Total
                            Power        Power        Power        Power (Watts)
------------------------------------------------------------------------
Sequential           2.114845e-05 3.463926e-06 5.805177e-11 2.461243e-05  23.2%
Combinational        6.211075e-06 5.934862e-06 9.854847e-11 1.214604e-05  11.4%
Clock                5.859069e-05 1.082243e-05 1.914306e-10 6.941331e-05  65.4%
Macro                0.000000e+00 0.000000e+00 0.000000e+00 0.000000e+00   0.0%
Pad                  0.000000e+00 0.000000e+00 0.000000e+00 0.000000e+00   0.0%
------------------------------------------------------------------------
Total                8.595022e-05 2.022122e-05 3.480309e-10 1.061718e-04 100.0%
                            81.0%        19.0%         0.0%
%OL_METRIC_F power__internal__total 8.59502179082483e-5
%OL_METRIC_F power__switching__total 2.0221223167027347e-5
%OL_METRIC_F power__leakage__total 3.4803090964707906e-10
%OL_METRIC_F power__total 0.00010617179214023054

%OL_END_REPORT
%OL_CREATE_REPORT skew.min.rpt

===========================================================================
Clock Skew (Hold)
============================================================================
%OL_METRIC_F clock__skew__worst_hold__corner:nom_ff_n40C_1v95 0.0005080380704367695
======================= nom_ff_n40C_1v95 Corner ===================================

Clock clk
0.149088 source latency _46_/CLK ^
-0.148580 target latency _47_/CLK ^
0.000000 CRPR
--------------
0.000508 hold skew

%OL_END_REPORT
%OL_CREATE_REPORT skew.max.rpt

===========================================================================
Clock Skew (Setup)
============================================================================
%OL_METRIC_F clock__skew__worst_setup__corner:nom_ff_n40C_1v95 0.0005080380704367695
======================= nom_ff_n40C_1v95 Corner ===================================

Clock clk
0.149088 source latency _46_/CLK ^
-0.148580 target latency _47_/CLK ^
0.000000 CRPR
--------------
0.000508 setup skew

%OL_END_REPORT
%OL_CREATE_REPORT ws.min.rpt

===========================================================================
Worst Slack (Hold)
============================================================================
%OL_METRIC_F timing__hold__ws__corner:nom_ff_n40C_1v95 0.35942666527074624
nom_ff_n40C_1v95: 0.35942666527074624
%OL_END_REPORT
%OL_CREATE_REPORT ws.max.rpt

===========================================================================
Worst Slack (Setup)
============================================================================
%OL_METRIC_F timing__setup__ws__corner:nom_ff_n40C_1v95 -4990.483971765251
nom_ff_n40C_1v95: -4990.483971765251
%OL_END_REPORT
%OL_CREATE_REPORT tns.min.rpt

===========================================================================
Total Negative Slack (Hold)
============================================================================
%OL_METRIC_F timing__hold__tns__corner:nom_ff_n40C_1v95 0.0
nom_ff_n40C_1v95: 0.0
%OL_END_REPORT
%OL_CREATE_REPORT tns.max.rpt

===========================================================================
Total Negative Slack (Setup)
============================================================================
%OL_METRIC_F timing__setup__tns__corner:nom_ff_n40C_1v95 -20723.084748543915
nom_ff_n40C_1v95: -20723.084748543915
%OL_END_REPORT
%OL_CREATE_REPORT wns.min.rpt

===========================================================================
Worst Negative Slack (Hold)
============================================================================
%OL_METRIC_F timing__hold__wns__corner:nom_ff_n40C_1v95 0
nom_ff_n40C_1v95: 0
%OL_END_REPORT
%OL_CREATE_REPORT wns.max.rpt

===========================================================================
Worst Negative Slack (Setup)
============================================================================
%OL_METRIC_F timing__setup__wns__corner:nom_ff_n40C_1v95 -4990.483971765251
nom_ff_n40C_1v95: -4990.483971765251
%OL_END_REPORT
%OL_CREATE_REPORT violator_list.rpt

===========================================================================
Violator List
============================================================================
[setup reg-out] _46_/Q -> counter[0] : -4990.483887
[setup reg-out] _47_/Q -> counter[1] : -4990.467773
[setup reg-out] _48_/Q -> counter[2] : -4990.445801
[setup reg-out] _49_/Q -> counter[3] : -4990.406738
[setup in-reg] up_down -> _49_/D : -190.428070
[setup in-reg] up_down -> _48_/D : -190.304779
[setup in-reg] up_down -> _47_/D : -190.295746
[setup in-reg] reset -> _46_/D : -190.252014
%OL_METRIC_I timing__hold_vio__count__corner:nom_ff_n40C_1v95 0
%OL_METRIC_F timing__hold_r2r__ws__corner:nom_ff_n40C_1v95 0.359427
%OL_METRIC_I timing__hold_r2r_vio__count__corner:nom_ff_n40C_1v95 0
%OL_METRIC_I timing__setup_vio__count__corner:nom_ff_n40C_1v95 8
%OL_METRIC_F timing__setup_r2r__ws__corner:nom_ff_n40C_1v95 inf
%OL_METRIC_I timing__setup_r2r_vio__count__corner:nom_ff_n40C_1v95 0
%OL_END_REPORT
%OL_CREATE_REPORT unpropagated.rpt
%OL_END_REPORT
%OL_CREATE_REPORT clock.rpt
Clock: clk
Sources: clk 
Generated: no
Virtual: yes
Propagated: no
Period: 10.000000

===========================================================================
report_clock_properties
============================================================================
Clock                   Period          Waveform
----------------------------------------------------
clk                  10.000000    0.000000  5.000000

===========================================================================
report_clock_latency
============================================================================
Clock clk
rise -> rise
    min     max
0.000000 0.000000 source latency
0.148580         network latency _47_/CLK
        0.149088 network latency _46_/CLK
---------------
0.148580 0.149088 latency
        0.000508 skew

fall -> fall
    min     max
0.000000 0.000000 source latency
0.171291         network latency _47_/CLK
        0.171759 network latency _46_/CLK
---------------
0.171291 0.171759 latency
        0.000468 skew



===========================================================================
report_clock_min_period
============================================================================
clk period_min = 0.74 fmax = 1346.88
%OL_END_REPORT
Writing SDF files for all corners…
Removing Clock latencies before writing libs…
Writing timing models for all corners…
Writing timing models for the nom_ff_n40C_1v95 corner to /home/amostafa/vlsi/runs/RUN_2024-12-04_10-33-24/13-openroad-stapostpnr/nom_ff_n40C_1v95/counter_dut__nom_ff_n40C_1v95.lib…
