
===========================================================================
report_checks -path_delay max (Setup)
============================================================================
======================= nom_ff_n40C_1v95 Corner ===================================

Startpoint: _46_ (rising edge-triggered flip-flop clocked by clk)
Endpoint: _47_ (rising edge-triggered flip-flop clocked by clk)
Path Group: clk
Path Type: max

Fanout         Cap        Slew       Delay        Time   Description
---------------------------------------------------------------------------------------------
                                  0.000000    0.000000   clock clk (rise edge)
                                  0.000000    0.000000   clock source latency
     1    0.009536    0.000000    0.000000    0.000000 ^ clk (in)
                                                         clk (net)
                      0.000256    0.000128    0.000128 ^ clkbuf_0_clk/A (sky130_fd_sc_hd__clkbuf_16)
     2    0.017461    0.029443    0.074255    0.074383 ^ clkbuf_0_clk/X (sky130_fd_sc_hd__clkbuf_16)
                                                         clknet_0_clk (net)
                      0.029444    0.000388    0.074770 ^ clkbuf_1_1__f_clk/A (sky130_fd_sc_hd__clkbuf_16)
     2    0.005611    0.021412    0.073799    0.148569 ^ clkbuf_1_1__f_clk/X (sky130_fd_sc_hd__clkbuf_16)
                                                         clknet_1_1__leaf_clk (net)
                      0.021413    0.000154    0.148723 ^ _46_/CLK (sky130_fd_sc_hd__dfxtp_1)
     7    0.024508    0.175827    0.285301    0.434024 ^ _46_/Q (sky130_fd_sc_hd__dfxtp_1)
                                                         net4 (net)
                      0.175829    0.000865    0.434889 ^ _29_/A (sky130_fd_sc_hd__xor2_1)
     2    0.005643    0.116411    0.120880    0.555769 ^ _29_/X (sky130_fd_sc_hd__xor2_1)
                                                         _09_ (net)
                      0.116411    0.000135    0.555904 ^ _30_/B (sky130_fd_sc_hd__or2_1)
     2    0.008926    0.069676    0.103031    0.658935 ^ _30_/X (sky130_fd_sc_hd__or2_1)
                                                         _10_ (net)
                      0.069676    0.000186    0.659121 ^ _32_/A (sky130_fd_sc_hd__nand2_1)
     1    0.003294    0.028844    0.031850    0.690971 v _32_/Y (sky130_fd_sc_hd__nand2_1)
                                                         _12_ (net)
                      0.028844    0.000077    0.691048 v _34_/A3 (sky130_fd_sc_hd__a31o_1)
     1    0.002289    0.026088    0.130064    0.821112 v _34_/X (sky130_fd_sc_hd__a31o_1)
                                                         _01_ (net)
                      0.026088    0.000067    0.821179 v _47_/D (sky130_fd_sc_hd__dfxtp_1)
                                              0.821179   data arrival time

                                 10.000000   10.000000   clock clk (rise edge)
                                  0.000000   10.000000   clock source latency
     1    0.009536    0.000000    0.000000   10.000000 ^ clk (in)
                                                         clk (net)
                      0.000256    0.000128   10.000128 ^ clkbuf_0_clk/A (sky130_fd_sc_hd__clkbuf_16)
     2    0.017461    0.029443    0.074254   10.074383 ^ clkbuf_0_clk/X (sky130_fd_sc_hd__clkbuf_16)
                                                         clknet_0_clk (net)
                      0.029444    0.000419   10.074801 ^ clkbuf_1_0__f_clk/A (sky130_fd_sc_hd__clkbuf_16)
     2    0.006296    0.021885    0.074382   10.149184 ^ clkbuf_1_0__f_clk/X (sky130_fd_sc_hd__clkbuf_16)
                                                         clknet_1_0__leaf_clk (net)
                      0.021885    0.000138   10.149322 ^ _47_/CLK (sky130_fd_sc_hd__dfxtp_1)
                                  0.000000   10.149322   clock reconvergence pessimism
                                 -0.068864   10.080458   library setup time
                                             10.080458   data required time
---------------------------------------------------------------------------------------------
                                             10.080458   data required time
                                             -0.821179   data arrival time
---------------------------------------------------------------------------------------------
                                              9.259279   slack (MET)


Startpoint: _46_ (rising edge-triggered flip-flop clocked by clk)
Endpoint: _49_ (rising edge-triggered flip-flop clocked by clk)
Path Group: clk
Path Type: max

Fanout         Cap        Slew       Delay        Time   Description
---------------------------------------------------------------------------------------------
                                  0.000000    0.000000   clock clk (rise edge)
                                  0.000000    0.000000   clock source latency
     1    0.009536    0.000000    0.000000    0.000000 ^ clk (in)
                                                         clk (net)
                      0.000256    0.000128    0.000128 ^ clkbuf_0_clk/A (sky130_fd_sc_hd__clkbuf_16)
     2    0.017461    0.029443    0.074255    0.074383 ^ clkbuf_0_clk/X (sky130_fd_sc_hd__clkbuf_16)
                                                         clknet_0_clk (net)
                      0.029444    0.000388    0.074770 ^ clkbuf_1_1__f_clk/A (sky130_fd_sc_hd__clkbuf_16)
     2    0.005611    0.021412    0.073799    0.148569 ^ clkbuf_1_1__f_clk/X (sky130_fd_sc_hd__clkbuf_16)
                                                         clknet_1_1__leaf_clk (net)
                      0.021413    0.000154    0.148723 ^ _46_/CLK (sky130_fd_sc_hd__dfxtp_1)
     7    0.023073    0.078725    0.233149    0.381873 v _46_/Q (sky130_fd_sc_hd__dfxtp_1)
                                                         net4 (net)
                      0.078734    0.000834    0.382707 v _41_/A2 (sky130_fd_sc_hd__o31ai_1)
     2    0.006985    0.207575    0.220638    0.603345 ^ _41_/Y (sky130_fd_sc_hd__o31ai_1)
                                                         _19_ (net)
                      0.207575    0.000200    0.603545 ^ _44_/C (sky130_fd_sc_hd__nand4_1)
     1    0.003373    0.060531    0.061173    0.664718 v _44_/Y (sky130_fd_sc_hd__nand4_1)
                                                         _22_ (net)
                      0.060531    0.000077    0.664796 v _45_/A3 (sky130_fd_sc_hd__a31o_1)
     1    0.002488    0.026363    0.143341    0.808137 v _45_/X (sky130_fd_sc_hd__a31o_1)
                                                         _03_ (net)
                      0.026363    0.000075    0.808212 v _49_/D (sky130_fd_sc_hd__dfxtp_1)
                                              0.808212   data arrival time

                                 10.000000   10.000000   clock clk (rise edge)
                                  0.000000   10.000000   clock source latency
     1    0.009536    0.000000    0.000000   10.000000 ^ clk (in)
                                                         clk (net)
                      0.000256    0.000128   10.000128 ^ clkbuf_0_clk/A (sky130_fd_sc_hd__clkbuf_16)
     2    0.017461    0.029443    0.074254   10.074383 ^ clkbuf_0_clk/X (sky130_fd_sc_hd__clkbuf_16)
                                                         clknet_0_clk (net)
                      0.029444    0.000419   10.074801 ^ clkbuf_1_0__f_clk/A (sky130_fd_sc_hd__clkbuf_16)
     2    0.006296    0.021885    0.074382   10.149184 ^ clkbuf_1_0__f_clk/X (sky130_fd_sc_hd__clkbuf_16)
                                                         clknet_1_0__leaf_clk (net)
                      0.021886    0.000166   10.149350 ^ _49_/CLK (sky130_fd_sc_hd__dfxtp_1)
                                  0.000000   10.149350   clock reconvergence pessimism
                                 -0.068962   10.080387   library setup time
                                             10.080387   data required time
---------------------------------------------------------------------------------------------
                                             10.080387   data required time
                                             -0.808212   data arrival time
---------------------------------------------------------------------------------------------
                                              9.272175   slack (MET)


Startpoint: _46_ (rising edge-triggered flip-flop clocked by clk)
Endpoint: _48_ (rising edge-triggered flip-flop clocked by clk)
Path Group: clk
Path Type: max

Fanout         Cap        Slew       Delay        Time   Description
---------------------------------------------------------------------------------------------
                                  0.000000    0.000000   clock clk (rise edge)
                                  0.000000    0.000000   clock source latency
     1    0.009536    0.000000    0.000000    0.000000 ^ clk (in)
                                                         clk (net)
                      0.000256    0.000128    0.000128 ^ clkbuf_0_clk/A (sky130_fd_sc_hd__clkbuf_16)
     2    0.017461    0.029443    0.074255    0.074383 ^ clkbuf_0_clk/X (sky130_fd_sc_hd__clkbuf_16)
                                                         clknet_0_clk (net)
                      0.029444    0.000388    0.074770 ^ clkbuf_1_1__f_clk/A (sky130_fd_sc_hd__clkbuf_16)
     2    0.005611    0.021412    0.073799    0.148569 ^ clkbuf_1_1__f_clk/X (sky130_fd_sc_hd__clkbuf_16)
                                                         clknet_1_1__leaf_clk (net)
                      0.021413    0.000154    0.148723 ^ _46_/CLK (sky130_fd_sc_hd__dfxtp_1)
     7    0.023073    0.078725    0.233149    0.381873 v _46_/Q (sky130_fd_sc_hd__dfxtp_1)
                                                         net4 (net)
                      0.078733    0.000812    0.382684 v _29_/A (sky130_fd_sc_hd__xor2_1)
     2    0.005255    0.056605    0.122333    0.505017 v _29_/X (sky130_fd_sc_hd__xor2_1)
                                                         _09_ (net)
                      0.056605    0.000124    0.505141 v _30_/B (sky130_fd_sc_hd__or2_1)
     2    0.008472    0.051023    0.149727    0.654868 v _30_/X (sky130_fd_sc_hd__or2_1)
                                                         _10_ (net)
                      0.051023    0.000203    0.655071 v _38_/A (sky130_fd_sc_hd__xnor2_1)
     1    0.003442    0.090809    0.111581    0.766652 ^ _38_/Y (sky130_fd_sc_hd__xnor2_1)
                                                         _17_ (net)
                      0.090809    0.000109    0.766762 ^ _40_/A2 (sky130_fd_sc_hd__o21ai_1)
     1    0.002393    0.026931    0.035423    0.802185 v _40_/Y (sky130_fd_sc_hd__o21ai_1)
                                                         _02_ (net)
                      0.026931    0.000070    0.802255 v _48_/D (sky130_fd_sc_hd__dfxtp_1)
                                              0.802255   data arrival time

                                 10.000000   10.000000   clock clk (rise edge)
                                  0.000000   10.000000   clock source latency
     1    0.009536    0.000000    0.000000   10.000000 ^ clk (in)
                                                         clk (net)
                      0.000256    0.000128   10.000128 ^ clkbuf_0_clk/A (sky130_fd_sc_hd__clkbuf_16)
     2    0.017461    0.029443    0.074254   10.074383 ^ clkbuf_0_clk/X (sky130_fd_sc_hd__clkbuf_16)
                                                         clknet_0_clk (net)
                      0.029444    0.000388   10.074771 ^ clkbuf_1_1__f_clk/A (sky130_fd_sc_hd__clkbuf_16)
     2    0.005611    0.021412    0.073799   10.148569 ^ clkbuf_1_1__f_clk/X (sky130_fd_sc_hd__clkbuf_16)
                                                         clknet_1_1__leaf_clk (net)
                      0.021413    0.000136   10.148705 ^ _48_/CLK (sky130_fd_sc_hd__dfxtp_1)
                                  0.000000   10.148705   clock reconvergence pessimism
                                 -0.069211   10.079494   library setup time
                                             10.079494   data required time
---------------------------------------------------------------------------------------------
                                             10.079494   data required time
                                             -0.802255   data arrival time
---------------------------------------------------------------------------------------------
                                              9.277239   slack (MET)


Startpoint: _46_ (rising edge-triggered flip-flop clocked by clk)
Endpoint: counter[0] (output port clocked by clk)
Path Group: clk
Path Type: max

Fanout         Cap        Slew       Delay        Time   Description
---------------------------------------------------------------------------------------------
                                  0.000000    0.000000   clock clk (rise edge)
                                  0.000000    0.000000   clock source latency
     1    0.009536    0.000000    0.000000    0.000000 ^ clk (in)
                                                         clk (net)
                      0.000256    0.000128    0.000128 ^ clkbuf_0_clk/A (sky130_fd_sc_hd__clkbuf_16)
     2    0.017461    0.029443    0.074255    0.074383 ^ clkbuf_0_clk/X (sky130_fd_sc_hd__clkbuf_16)
                                                         clknet_0_clk (net)
                      0.029444    0.000388    0.074770 ^ clkbuf_1_1__f_clk/A (sky130_fd_sc_hd__clkbuf_16)
     2    0.005611    0.021412    0.073799    0.148569 ^ clkbuf_1_1__f_clk/X (sky130_fd_sc_hd__clkbuf_16)
                                                         clknet_1_1__leaf_clk (net)
                      0.021413    0.000154    0.148723 ^ _46_/CLK (sky130_fd_sc_hd__dfxtp_1)
     7    0.024508    0.175827    0.285301    0.434024 ^ _46_/Q (sky130_fd_sc_hd__dfxtp_1)
                                                         net4 (net)
                      0.175827    0.000383    0.434407 ^ output4/A (sky130_fd_sc_hd__buf_1)
     1    0.000295    0.016581    0.044347    0.478754 ^ output4/X (sky130_fd_sc_hd__buf_1)
                                                         counter[0] (net)
                      0.016581    0.000003    0.478757 ^ counter[0] (out)
                                              0.478757   data arrival time

                                 10.000000   10.000000   clock clk (rise edge)
                                  0.000000   10.000000   clock network delay (propagated)
                                  0.000000   10.000000   clock reconvergence pessimism
                                  0.000000   10.000000   output external delay
                                             10.000000   data required time
---------------------------------------------------------------------------------------------
                                             10.000000   data required time
                                             -0.478757   data arrival time
---------------------------------------------------------------------------------------------
                                              9.521243   slack (MET)


Startpoint: _47_ (rising edge-triggered flip-flop clocked by clk)
Endpoint: counter[1] (output port clocked by clk)
Path Group: clk
Path Type: max

Fanout         Cap        Slew       Delay        Time   Description
---------------------------------------------------------------------------------------------
                                  0.000000    0.000000   clock clk (rise edge)
                                  0.000000    0.000000   clock source latency
     1    0.009536    0.000000    0.000000    0.000000 ^ clk (in)
                                                         clk (net)
                      0.000256    0.000128    0.000128 ^ clkbuf_0_clk/A (sky130_fd_sc_hd__clkbuf_16)
     2    0.017461    0.029443    0.074255    0.074383 ^ clkbuf_0_clk/X (sky130_fd_sc_hd__clkbuf_16)
                                                         clknet_0_clk (net)
                      0.029444    0.000419    0.074801 ^ clkbuf_1_0__f_clk/A (sky130_fd_sc_hd__clkbuf_16)
     2    0.006296    0.021885    0.074383    0.149184 ^ clkbuf_1_0__f_clk/X (sky130_fd_sc_hd__clkbuf_16)
                                                         clknet_1_0__leaf_clk (net)
                      0.021885    0.000137    0.149321 ^ _47_/CLK (sky130_fd_sc_hd__dfxtp_1)
     6    0.021107    0.152518    0.269408    0.418729 ^ _47_/Q (sky130_fd_sc_hd__dfxtp_1)
                                                         net5 (net)
                      0.152518    0.000569    0.419298 ^ output5/A (sky130_fd_sc_hd__buf_1)
     1    0.000701    0.018660    0.047465    0.466763 ^ output5/X (sky130_fd_sc_hd__buf_1)
                                                         counter[1] (net)
                      0.018660    0.000009    0.466772 ^ counter[1] (out)
                                              0.466772   data arrival time

                                 10.000000   10.000000   clock clk (rise edge)
                                  0.000000   10.000000   clock network delay (propagated)
                                  0.000000   10.000000   clock reconvergence pessimism
                                  0.000000   10.000000   output external delay
                                             10.000000   data required time
---------------------------------------------------------------------------------------------
                                             10.000000   data required time
                                             -0.466772   data arrival time
---------------------------------------------------------------------------------------------
                                              9.533228   slack (MET)


Startpoint: _48_ (rising edge-triggered flip-flop clocked by clk)
Endpoint: counter[2] (output port clocked by clk)
Path Group: clk
Path Type: max

Fanout         Cap        Slew       Delay        Time   Description
---------------------------------------------------------------------------------------------
                                  0.000000    0.000000   clock clk (rise edge)
                                  0.000000    0.000000   clock source latency
     1    0.009536    0.000000    0.000000    0.000000 ^ clk (in)
                                                         clk (net)
                      0.000256    0.000128    0.000128 ^ clkbuf_0_clk/A (sky130_fd_sc_hd__clkbuf_16)
     2    0.017461    0.029443    0.074255    0.074383 ^ clkbuf_0_clk/X (sky130_fd_sc_hd__clkbuf_16)
                                                         clknet_0_clk (net)
                      0.029444    0.000388    0.074770 ^ clkbuf_1_1__f_clk/A (sky130_fd_sc_hd__clkbuf_16)
     2    0.005611    0.021412    0.073799    0.148569 ^ clkbuf_1_1__f_clk/X (sky130_fd_sc_hd__clkbuf_16)
                                                         clknet_1_1__leaf_clk (net)
                      0.021413    0.000136    0.148705 ^ _48_/CLK (sky130_fd_sc_hd__dfxtp_1)
     5    0.015998    0.117657    0.244760    0.393465 ^ _48_/Q (sky130_fd_sc_hd__dfxtp_1)
                                                         net6 (net)
                      0.117658    0.000601    0.394066 ^ output6/A (sky130_fd_sc_hd__buf_1)
     1    0.000340    0.015267    0.045192    0.439258 ^ output6/X (sky130_fd_sc_hd__buf_1)
                                                         counter[2] (net)
                      0.015267    0.000004    0.439262 ^ counter[2] (out)
                                              0.439262   data arrival time

                                 10.000000   10.000000   clock clk (rise edge)
                                  0.000000   10.000000   clock network delay (propagated)
                                  0.000000   10.000000   clock reconvergence pessimism
                                  0.000000   10.000000   output external delay
                                             10.000000   data required time
---------------------------------------------------------------------------------------------
                                             10.000000   data required time
                                             -0.439262   data arrival time
---------------------------------------------------------------------------------------------
                                              9.560739   slack (MET)


Startpoint: _46_ (rising edge-triggered flip-flop clocked by clk)
Endpoint: _46_ (rising edge-triggered flip-flop clocked by clk)
Path Group: clk
Path Type: max

Fanout         Cap        Slew       Delay        Time   Description
---------------------------------------------------------------------------------------------
                                  0.000000    0.000000   clock clk (rise edge)
                                  0.000000    0.000000   clock source latency
     1    0.009536    0.000000    0.000000    0.000000 ^ clk (in)
                                                         clk (net)
                      0.000256    0.000128    0.000128 ^ clkbuf_0_clk/A (sky130_fd_sc_hd__clkbuf_16)
     2    0.017461    0.029443    0.074255    0.074383 ^ clkbuf_0_clk/X (sky130_fd_sc_hd__clkbuf_16)
                                                         clknet_0_clk (net)
                      0.029444    0.000388    0.074770 ^ clkbuf_1_1__f_clk/A (sky130_fd_sc_hd__clkbuf_16)
     2    0.005611    0.021412    0.073799    0.148569 ^ clkbuf_1_1__f_clk/X (sky130_fd_sc_hd__clkbuf_16)
                                                         clknet_1_1__leaf_clk (net)
                      0.021413    0.000154    0.148723 ^ _46_/CLK (sky130_fd_sc_hd__dfxtp_1)
     7    0.023073    0.078725    0.233149    0.381873 v _46_/Q (sky130_fd_sc_hd__dfxtp_1)
                                                         net4 (net)
                      0.078734    0.000841    0.382713 v _27_/A1 (sky130_fd_sc_hd__a21oi_1)
     1    0.002254    0.069285    0.091715    0.474429 ^ _27_/Y (sky130_fd_sc_hd__a21oi_1)
                                                         _08_ (net)
                      0.069285    0.000043    0.474472 ^ _28_/B1 (sky130_fd_sc_hd__o21ai_1)
     1    0.003246    0.047467    0.029816    0.504288 v _28_/Y (sky130_fd_sc_hd__o21ai_1)
                                                         _00_ (net)
                      0.047467    0.000108    0.504396 v _46_/D (sky130_fd_sc_hd__dfxtp_1)
                                              0.504396   data arrival time

                                 10.000000   10.000000   clock clk (rise edge)
                                  0.000000   10.000000   clock source latency
     1    0.009536    0.000000    0.000000   10.000000 ^ clk (in)
                                                         clk (net)
                      0.000256    0.000128   10.000128 ^ clkbuf_0_clk/A (sky130_fd_sc_hd__clkbuf_16)
     2    0.017461    0.029443    0.074254   10.074383 ^ clkbuf_0_clk/X (sky130_fd_sc_hd__clkbuf_16)
                                                         clknet_0_clk (net)
                      0.029444    0.000388   10.074771 ^ clkbuf_1_1__f_clk/A (sky130_fd_sc_hd__clkbuf_16)
     2    0.005611    0.021412    0.073799   10.148569 ^ clkbuf_1_1__f_clk/X (sky130_fd_sc_hd__clkbuf_16)
                                                         clknet_1_1__leaf_clk (net)
                      0.021413    0.000155   10.148724 ^ _46_/CLK (sky130_fd_sc_hd__dfxtp_1)
                                  0.000000   10.148724   clock reconvergence pessimism
                                 -0.076549   10.072175   library setup time
                                             10.072175   data required time
---------------------------------------------------------------------------------------------
                                             10.072175   data required time
                                             -0.504396   data arrival time
---------------------------------------------------------------------------------------------
                                              9.567780   slack (MET)


Startpoint: _49_ (rising edge-triggered flip-flop clocked by clk)
Endpoint: counter[3] (output port clocked by clk)
Path Group: clk
Path Type: max

Fanout         Cap        Slew       Delay        Time   Description
---------------------------------------------------------------------------------------------
                                  0.000000    0.000000   clock clk (rise edge)
                                  0.000000    0.000000   clock source latency
     1    0.009536    0.000000    0.000000    0.000000 ^ clk (in)
                                                         clk (net)
                      0.000256    0.000128    0.000128 ^ clkbuf_0_clk/A (sky130_fd_sc_hd__clkbuf_16)
     2    0.017461    0.029443    0.074255    0.074383 ^ clkbuf_0_clk/X (sky130_fd_sc_hd__clkbuf_16)
                                                         clknet_0_clk (net)
                      0.029444    0.000419    0.074801 ^ clkbuf_1_0__f_clk/A (sky130_fd_sc_hd__clkbuf_16)
     2    0.006296    0.021885    0.074383    0.149184 ^ clkbuf_1_0__f_clk/X (sky130_fd_sc_hd__clkbuf_16)
                                                         clknet_1_0__leaf_clk (net)
                      0.021886    0.000166    0.149350 ^ _49_/CLK (sky130_fd_sc_hd__dfxtp_1)
     3    0.008778    0.068667    0.210527    0.359877 ^ _49_/Q (sky130_fd_sc_hd__dfxtp_1)
                                                         net7 (net)
                      0.068667    0.000164    0.360041 ^ output7/A (sky130_fd_sc_hd__buf_1)
     1    0.000307    0.013693    0.041819    0.401860 ^ output7/X (sky130_fd_sc_hd__buf_1)
                                                         counter[3] (net)
                      0.013693    0.000003    0.401864 ^ counter[3] (out)
                                              0.401864   data arrival time

                                 10.000000   10.000000   clock clk (rise edge)
                                  0.000000   10.000000   clock network delay (propagated)
                                  0.000000   10.000000   clock reconvergence pessimism
                                  0.000000   10.000000   output external delay
                                             10.000000   data required time
---------------------------------------------------------------------------------------------
                                             10.000000   data required time
                                             -0.401864   data arrival time
---------------------------------------------------------------------------------------------
                                              9.598137   slack (MET)



