Reading OpenROAD database at '/home/amostafa/CMP/VLSI/runs/RUN_2024-11-27_13-41-18/02-openroad-floorplan/generic_ripple_carry_adder.odb'…
Reading library file at '/home/amostafa/.volare/volare/sky130/versions/0fe599b2afb6708d281543108caf8310912f54af/sky130A/libs.ref/sky130_fd_sc_hd/lib/sky130_fd_sc_hd__tt_025C_1v80.lib'…
Reading design constraints file at '/nix/store/giv9dbfir1g36hiqrccwznrmafdg2jhb-python3-3.11.9-env/lib/python3.11/site-packages/openlane/scripts/base.sdc'…
[WARNING STA-0366] port 'clk' not found.
[INFO] Using clock clk…
[INFO] Setting output delay to: 2.0
[INFO] Setting input delay to: 2.0
[WARNING STA-0366] port 'clk' not found.
[INFO] Setting load to: 0.033442
[INFO] Setting clock uncertainty to: 0.25
[INFO] Setting clock transition to: 0.1499999999999999944488848768742172978818416595458984375
[WARNING STA-0419] transition time can not be specified for virtual clocks.
[INFO] Setting timing derate to: 5%
[WARNING STA-0450] virtual clock clk can not be propagated.
[INFO GPL-0002] DBU: 1000
[INFO GPL-0003] SiteSize: (  0.460  2.720 ) um
[INFO GPL-0004] CoreBBox: (  5.520 10.880 ) ( 33.580 38.080 ) um
[INFO GPL-0006] NumInstances:                51
[INFO GPL-0007] NumPlaceInstances:           51
[INFO GPL-0008] NumFixedInstances:            0
[INFO GPL-0009] NumDummyInstances:            0
[INFO GPL-0010] NumNets:                     68
[INFO GPL-0011] NumPins:                    166
[INFO GPL-0012] DieBBox:  (  0.000  0.000 ) ( 39.380 50.100 ) um
[INFO GPL-0013] CoreBBox: (  5.520 10.880 ) ( 33.580 38.080 ) um
[INFO GPL-0016] CoreArea:               763.232 um^2
[INFO GPL-0017] NonPlaceInstsArea:        0.000 um^2
[INFO GPL-0018] PlaceInstsArea:         401.635 um^2
[INFO GPL-0019] Util:                    52.623 %
[INFO GPL-0020] StdInstsArea:           401.635 um^2
[INFO GPL-0021] MacroInstsArea:           0.000 um^2
[INFO GPL-0031] FillerInit:NumGCells:        61
[INFO GPL-0032] FillerInit:NumGNets:         68
[INFO GPL-0033] FillerInit:NumGPins:        166
[INFO GPL-0023] TargetDensity:            0.626
[INFO GPL-0024] AvrgPlaceInstArea:        7.875 um^2
[INFO GPL-0025] IdealBinArea:            12.576 um^2
[INFO GPL-0026] IdealBinCnt:                 60
[INFO GPL-0027] TotalBinArea:           763.232 um^2
[INFO GPL-0028] BinCnt:         4      4
[INFO GPL-0029] BinSize: (  7.015  6.800 )
[INFO GPL-0030] NumBins: 16
[NesterovSolve] Iter:    1 overflow: 0.702 HPWL: 90223
[NesterovSolve] Iter:   10 overflow: 0.695 HPWL: 60543
[NesterovSolve] Iter:   20 overflow: 0.693 HPWL: 58914
[NesterovSolve] Iter:   30 overflow: 0.688 HPWL: 58623
[NesterovSolve] Iter:   40 overflow: 0.683 HPWL: 58237
[NesterovSolve] Iter:   50 overflow: 0.682 HPWL: 58207
[NesterovSolve] Iter:   60 overflow: 0.683 HPWL: 58361
[NesterovSolve] Iter:   70 overflow: 0.684 HPWL: 58540
[NesterovSolve] Iter:   80 overflow: 0.683 HPWL: 58754
[NesterovSolve] Iter:   90 overflow: 0.679 HPWL: 58637
[NesterovSolve] Iter:  100 overflow: 0.672 HPWL: 58920
[NesterovSolve] Iter:  110 overflow: 0.660 HPWL: 59304
[NesterovSolve] Iter:  120 overflow: 0.640 HPWL: 61539
[NesterovSolve] Iter:  130 overflow: 0.606 HPWL: 63080
[NesterovSolve] Iter:  140 overflow: 0.549 HPWL: 65985
[NesterovSolve] Iter:  150 overflow: 0.515 HPWL: 68323
[NesterovSolve] Iter:  160 overflow: 0.496 HPWL: 72349
[NesterovSolve] Iter:  170 overflow: 0.467 HPWL: 80081
[NesterovSolve] Iter:  180 overflow: 0.419 HPWL: 91302
[NesterovSolve] Iter:  190 overflow: 0.355 HPWL: 103133
[NesterovSolve] Iter:  200 overflow: 0.317 HPWL: 111897
[NesterovSolve] Iter:  210 overflow: 0.272 HPWL: 128787
[NesterovSolve] Iter:  220 overflow: 0.247 HPWL: 137097
[NesterovSolve] Iter:  230 overflow: 0.209 HPWL: 145307
[NesterovSolve] Iter:  240 overflow: 0.182 HPWL: 149361
[NesterovSolve] Iter:  250 overflow: 0.152 HPWL: 152894
[NesterovSolve] Iter:  260 overflow: 0.125 HPWL: 156594
[NesterovSolve] Iter:  270 overflow: 0.109 HPWL: 160507
[NesterovSolve] Finished with Overflow: 0.099236
[INFO] Setting RC values…
Setting global connections for newly added cells…
[INFO] Setting global connections...
Updating metrics…
Cell type report:                       Count       Area
  Buffer                                    8      40.04
  Inverter                                  1       3.75
  Multi-Input combinational cell           42     357.84
  Total                                    51     401.64
Writing OpenROAD database to '/home/amostafa/CMP/VLSI/runs/RUN_2024-11-27_13-41-18/03-openroad-globalplacementskipio/generic_ripple_carry_adder.odb'…
Writing netlist to '/home/amostafa/CMP/VLSI/runs/RUN_2024-11-27_13-41-18/03-openroad-globalplacementskipio/generic_ripple_carry_adder.nl.v'…
Writing powered netlist to '/home/amostafa/CMP/VLSI/runs/RUN_2024-11-27_13-41-18/03-openroad-globalplacementskipio/generic_ripple_carry_adder.pnl.v'…
Writing layout to '/home/amostafa/CMP/VLSI/runs/RUN_2024-11-27_13-41-18/03-openroad-globalplacementskipio/generic_ripple_carry_adder.def'…
Writing timing constraints to '/home/amostafa/CMP/VLSI/runs/RUN_2024-11-27_13-41-18/03-openroad-globalplacementskipio/generic_ripple_carry_adder.sdc'…
