Reading timing models for corner nom_tt_025C_1v80…
Reading cell library for the 'nom_tt_025C_1v80' corner at '/home/amostafa/.volare/volare/sky130/versions/0fe599b2afb6708d281543108caf8310912f54af/sky130A/libs.ref/sky130_fd_sc_hd/lib/sky130_fd_sc_hd__tt_025C_1v80.lib'…
Reading top-level netlist at '/home/amostafa/vlsi/runs/RUN_2024-12-04_11-27-23/06-yosys-synthesis/counter_dut.nl.v'…
Linking design 'counter_dut' from netlist…
Reading design constraints file at '/nix/store/aa5sq0vfmlwcpk9wklr9xcijzjjlc39j-python3-3.11.9-env/lib/python3.11/site-packages/openlane/scripts/base.sdc'…
[INFO] Using clock clk…
[INFO] Setting output delay to: 2.0
[INFO] Setting input delay to: 2.0
[INFO] Setting load to: 0.033442
[INFO] Setting clock uncertainty to: 0.25
[INFO] Setting clock transition to: 0.1499999999999999944488848768742172978818416595458984375
[INFO] Setting timing derate to: 5%
%OL_CREATE_REPORT min.rpt

===========================================================================
report_checks -path_delay min (Hold)
============================================================================
======================= nom_tt_025C_1v80 Corner ===================================

Startpoint: _46_ (rising edge-triggered flip-flop clocked by clk)
Endpoint: _46_ (rising edge-triggered flip-flop clocked by clk)
Path Group: clk
Path Type: min

Fanout         Cap        Slew       Delay        Time   Description
---------------------------------------------------------------------------------------------
                      0.150000    0.000000    0.000000   clock clk (rise edge)
                                  0.000000    0.000000   clock network delay (ideal)
                      0.150000    0.000000    0.000000 ^ _46_/CLK (sky130_fd_sc_hd__dfxtp_2)
     7    0.061508    0.145302    0.451596    0.451596 v _46_/Q (sky130_fd_sc_hd__dfxtp_2)
                                                         counter[0] (net)
                      0.145302    0.000000    0.451596 v _28_/A1 (sky130_fd_sc_hd__o21ai_2)
     1    0.001674    0.032557    0.148527    0.600123 ^ _28_/Y (sky130_fd_sc_hd__o21ai_2)
                                                         _00_ (net)
                      0.032557    0.000000    0.600123 ^ _46_/D (sky130_fd_sc_hd__dfxtp_2)
                                              0.600123   data arrival time

                      0.150000    0.000000    0.000000   clock clk (rise edge)
                                  0.000000    0.000000   clock network delay (ideal)
                                  0.250000    0.250000   clock uncertainty
                                  0.000000    0.250000   clock reconvergence pessimism
                                              0.250000 ^ _46_/CLK (sky130_fd_sc_hd__dfxtp_2)
                                 -0.014821    0.235179   library hold time
                                              0.235179   data required time
---------------------------------------------------------------------------------------------
                                              0.235179   data required time
                                             -0.600123   data arrival time
---------------------------------------------------------------------------------------------
                                              0.364944   slack (MET)


Startpoint: _48_ (rising edge-triggered flip-flop clocked by clk)
Endpoint: _48_ (rising edge-triggered flip-flop clocked by clk)
Path Group: clk
Path Type: min

Fanout         Cap        Slew       Delay        Time   Description
---------------------------------------------------------------------------------------------
                      0.150000    0.000000    0.000000   clock clk (rise edge)
                                  0.000000    0.000000   clock network delay (ideal)
                      0.150000    0.000000    0.000000 ^ _48_/CLK (sky130_fd_sc_hd__dfxtp_2)
     5    0.048543    0.118171    0.430134    0.430134 v _48_/Q (sky130_fd_sc_hd__dfxtp_2)
                                                         counter[2] (net)
                      0.118171    0.000000    0.430134 v _39_/A1 (sky130_fd_sc_hd__a21oi_2)
     1    0.004522    0.089715    0.149178    0.579312 ^ _39_/Y (sky130_fd_sc_hd__a21oi_2)
                                                         _18_ (net)
                      0.089715    0.000000    0.579312 ^ _40_/B1 (sky130_fd_sc_hd__o21ai_2)
     1    0.001681    0.018680    0.051611    0.630923 v _40_/Y (sky130_fd_sc_hd__o21ai_2)
                                                         _02_ (net)
                      0.018680    0.000000    0.630923 v _48_/D (sky130_fd_sc_hd__dfxtp_2)
                                              0.630923   data arrival time

                      0.150000    0.000000    0.000000   clock clk (rise edge)
                                  0.000000    0.000000   clock network delay (ideal)
                                  0.250000    0.250000   clock uncertainty
                                  0.000000    0.250000   clock reconvergence pessimism
                                              0.250000 ^ _48_/CLK (sky130_fd_sc_hd__dfxtp_2)
                                 -0.011854    0.238146   library hold time
                                              0.238146   data required time
---------------------------------------------------------------------------------------------
                                              0.238146   data required time
                                             -0.630923   data arrival time
---------------------------------------------------------------------------------------------
                                              0.392777   slack (MET)


Startpoint: _49_ (rising edge-triggered flip-flop clocked by clk)
Endpoint: _49_ (rising edge-triggered flip-flop clocked by clk)
Path Group: clk
Path Type: min

Fanout         Cap        Slew       Delay        Time   Description
---------------------------------------------------------------------------------------------
                      0.150000    0.000000    0.000000   clock clk (rise edge)
                                  0.000000    0.000000   clock network delay (ideal)
                      0.150000    0.000000    0.000000 ^ _49_/CLK (sky130_fd_sc_hd__dfxtp_2)
     3    0.039863    0.100007    0.415765    0.415765 v _49_/Q (sky130_fd_sc_hd__dfxtp_2)
                                                         counter[3] (net)
                      0.100007    0.000000    0.415765 v _44_/B (sky130_fd_sc_hd__nand4_2)
     1    0.002507    0.037142    0.095774    0.511540 ^ _44_/Y (sky130_fd_sc_hd__nand4_2)
                                                         _22_ (net)
                      0.037142    0.000000    0.511540 ^ _45_/A3 (sky130_fd_sc_hd__a31o_2)
     1    0.001674    0.030640    0.134059    0.645598 ^ _45_/X (sky130_fd_sc_hd__a31o_2)
                                                         _03_ (net)
                      0.030640    0.000000    0.645598 ^ _49_/D (sky130_fd_sc_hd__dfxtp_2)
                                              0.645598   data arrival time

                      0.150000    0.000000    0.000000   clock clk (rise edge)
                                  0.000000    0.000000   clock network delay (ideal)
                                  0.250000    0.250000   clock uncertainty
                                  0.000000    0.250000   clock reconvergence pessimism
                                              0.250000 ^ _49_/CLK (sky130_fd_sc_hd__dfxtp_2)
                                 -0.014429    0.235571   library hold time
                                              0.235571   data required time
---------------------------------------------------------------------------------------------
                                              0.235571   data required time
                                             -0.645598   data arrival time
---------------------------------------------------------------------------------------------
                                              0.410027   slack (MET)


Startpoint: _47_ (rising edge-triggered flip-flop clocked by clk)
Endpoint: _47_ (rising edge-triggered flip-flop clocked by clk)
Path Group: clk
Path Type: min

Fanout         Cap        Slew       Delay        Time   Description
---------------------------------------------------------------------------------------------
                      0.150000    0.000000    0.000000   clock clk (rise edge)
                                  0.000000    0.000000   clock network delay (ideal)
                      0.150000    0.000000    0.000000 ^ _47_/CLK (sky130_fd_sc_hd__dfxtp_2)
     6    0.056072    0.286050    0.528231    0.528231 ^ _47_/Q (sky130_fd_sc_hd__dfxtp_2)
                                                         counter[1] (net)
                      0.286050    0.000000    0.528231 ^ _33_/A1 (sky130_fd_sc_hd__a21o_2)
     1    0.002504    0.029044    0.169462    0.697693 ^ _33_/X (sky130_fd_sc_hd__a21o_2)
                                                         _13_ (net)
                      0.029044    0.000000    0.697693 ^ _34_/B1 (sky130_fd_sc_hd__a31o_2)
     1    0.001674    0.026599    0.076882    0.774575 ^ _34_/X (sky130_fd_sc_hd__a31o_2)
                                                         _01_ (net)
                      0.026599    0.000000    0.774575 ^ _47_/D (sky130_fd_sc_hd__dfxtp_2)
                                              0.774575   data arrival time

                      0.150000    0.000000    0.000000   clock clk (rise edge)
                                  0.000000    0.000000   clock network delay (ideal)
                                  0.250000    0.250000   clock uncertainty
                                  0.000000    0.250000   clock reconvergence pessimism
                                              0.250000 ^ _47_/CLK (sky130_fd_sc_hd__dfxtp_2)
                                 -0.013603    0.236397   library hold time
                                              0.236397   data required time
---------------------------------------------------------------------------------------------
                                              0.236397   data required time
                                             -0.774575   data arrival time
---------------------------------------------------------------------------------------------
                                              0.538178   slack (MET)


Startpoint: _49_ (rising edge-triggered flip-flop clocked by clk)
Endpoint: counter[3] (output port clocked by clk)
Path Group: clk
Path Type: min

Fanout         Cap        Slew       Delay        Time   Description
---------------------------------------------------------------------------------------------
                      0.150000    0.000000    0.000000   clock clk (rise edge)
                                  0.000000    0.000000   clock network delay (ideal)
                      0.150000    0.000000    0.000000 ^ _49_/CLK (sky130_fd_sc_hd__dfxtp_2)
     3    0.039863    0.100007    0.415765    0.415765 v _49_/Q (sky130_fd_sc_hd__dfxtp_2)
                                                         counter[3] (net)
                      0.100007    0.000000    0.415765 v counter[3] (out)
                                              0.415765   data arrival time

                      0.150000    0.000000    0.000000   clock clk (rise edge)
                                  0.000000    0.000000   clock network delay (ideal)
                                  0.250000    0.250000   clock uncertainty
                                  0.000000    0.250000   clock reconvergence pessimism
                                 -2.000000   -1.750000   output external delay
                                             -1.750000   data required time
---------------------------------------------------------------------------------------------
                                             -1.750000   data required time
                                             -0.415765   data arrival time
---------------------------------------------------------------------------------------------
                                              2.165765   slack (MET)


Startpoint: _48_ (rising edge-triggered flip-flop clocked by clk)
Endpoint: counter[2] (output port clocked by clk)
Path Group: clk
Path Type: min

Fanout         Cap        Slew       Delay        Time   Description
---------------------------------------------------------------------------------------------
                      0.150000    0.000000    0.000000   clock clk (rise edge)
                                  0.000000    0.000000   clock network delay (ideal)
                      0.150000    0.000000    0.000000 ^ _48_/CLK (sky130_fd_sc_hd__dfxtp_2)
     5    0.048543    0.118171    0.430134    0.430134 v _48_/Q (sky130_fd_sc_hd__dfxtp_2)
                                                         counter[2] (net)
                      0.118171    0.000000    0.430134 v counter[2] (out)
                                              0.430134   data arrival time

                      0.150000    0.000000    0.000000   clock clk (rise edge)
                                  0.000000    0.000000   clock network delay (ideal)
                                  0.250000    0.250000   clock uncertainty
                                  0.000000    0.250000   clock reconvergence pessimism
                                 -2.000000   -1.750000   output external delay
                                             -1.750000   data required time
---------------------------------------------------------------------------------------------
                                             -1.750000   data required time
                                             -0.430134   data arrival time
---------------------------------------------------------------------------------------------
                                              2.180134   slack (MET)


Startpoint: _47_ (rising edge-triggered flip-flop clocked by clk)
Endpoint: counter[1] (output port clocked by clk)
Path Group: clk
Path Type: min

Fanout         Cap        Slew       Delay        Time   Description
---------------------------------------------------------------------------------------------
                      0.150000    0.000000    0.000000   clock clk (rise edge)
                                  0.000000    0.000000   clock network delay (ideal)
                      0.150000    0.000000    0.000000 ^ _47_/CLK (sky130_fd_sc_hd__dfxtp_2)
     6    0.054058    0.129712    0.439264    0.439264 v _47_/Q (sky130_fd_sc_hd__dfxtp_2)
                                                         counter[1] (net)
                      0.129712    0.000000    0.439264 v counter[1] (out)
                                              0.439264   data arrival time

                      0.150000    0.000000    0.000000   clock clk (rise edge)
                                  0.000000    0.000000   clock network delay (ideal)
                                  0.250000    0.250000   clock uncertainty
                                  0.000000    0.250000   clock reconvergence pessimism
                                 -2.000000   -1.750000   output external delay
                                             -1.750000   data required time
---------------------------------------------------------------------------------------------
                                             -1.750000   data required time
                                             -0.439264   data arrival time
---------------------------------------------------------------------------------------------
                                              2.189264   slack (MET)


Startpoint: _46_ (rising edge-triggered flip-flop clocked by clk)
Endpoint: counter[0] (output port clocked by clk)
Path Group: clk
Path Type: min

Fanout         Cap        Slew       Delay        Time   Description
---------------------------------------------------------------------------------------------
                      0.150000    0.000000    0.000000   clock clk (rise edge)
                                  0.000000    0.000000   clock network delay (ideal)
                      0.150000    0.000000    0.000000 ^ _46_/CLK (sky130_fd_sc_hd__dfxtp_2)
     7    0.061508    0.145302    0.451596    0.451596 v _46_/Q (sky130_fd_sc_hd__dfxtp_2)
                                                         counter[0] (net)
                      0.145302    0.000000    0.451596 v counter[0] (out)
                                              0.451596   data arrival time

                      0.150000    0.000000    0.000000   clock clk (rise edge)
                                  0.000000    0.000000   clock network delay (ideal)
                                  0.250000    0.250000   clock uncertainty
                                  0.000000    0.250000   clock reconvergence pessimism
                                 -2.000000   -1.750000   output external delay
                                             -1.750000   data required time
---------------------------------------------------------------------------------------------
                                             -1.750000   data required time
                                             -0.451596   data arrival time
---------------------------------------------------------------------------------------------
                                              2.201596   slack (MET)



%OL_END_REPORT
%OL_CREATE_REPORT max.rpt

===========================================================================
report_checks -path_delay max (Setup)
============================================================================
======================= nom_tt_025C_1v80 Corner ===================================

Startpoint: up_down (input port clocked by clk)
Endpoint: _49_ (rising edge-triggered flip-flop clocked by clk)
Path Group: clk
Path Type: max

Fanout         Cap        Slew       Delay        Time   Description
---------------------------------------------------------------------------------------------
                      0.150000    0.000000    0.000000   clock clk (rise edge)
                                  0.000000    0.000000   clock network delay (ideal)
                                  2.000000    2.000000 v input external delay
     5    0.015418    0.036545    0.024847    2.024847 v up_down (in)
                                                         up_down (net)
                      0.036545    0.000000    2.024847 v _42_/A_N (sky130_fd_sc_hd__nand2b_2)
     2    0.006457    0.063079    0.176142    2.200989 v _42_/Y (sky130_fd_sc_hd__nand2b_2)
                                                         _20_ (net)
                      0.063079    0.000000    2.200989 v _43_/A3 (sky130_fd_sc_hd__a31o_2)
     1    0.002252    0.035602    0.240646    2.441635 v _43_/X (sky130_fd_sc_hd__a31o_2)
                                                         _21_ (net)
                      0.035602    0.000000    2.441635 v _45_/A2 (sky130_fd_sc_hd__a31o_2)
     1    0.001681    0.034001    0.213207    2.654841 v _45_/X (sky130_fd_sc_hd__a31o_2)
                                                         _03_ (net)
                      0.034001    0.000000    2.654841 v _49_/D (sky130_fd_sc_hd__dfxtp_2)
                                              2.654841   data arrival time

                      0.150000   10.000000   10.000000   clock clk (rise edge)
                                  0.000000   10.000000   clock network delay (ideal)
                                 -0.250000    9.750000   clock uncertainty
                                  0.000000    9.750000   clock reconvergence pessimism
                                              9.750000 ^ _49_/CLK (sky130_fd_sc_hd__dfxtp_2)
                                 -0.083577    9.666424   library setup time
                                              9.666424   data required time
---------------------------------------------------------------------------------------------
                                              9.666424   data required time
                                             -2.654841   data arrival time
---------------------------------------------------------------------------------------------
                                              7.011582   slack (MET)


Startpoint: up_down (input port clocked by clk)
Endpoint: _48_ (rising edge-triggered flip-flop clocked by clk)
Path Group: clk
Path Type: max

Fanout         Cap        Slew       Delay        Time   Description
---------------------------------------------------------------------------------------------
                      0.150000    0.000000    0.000000   clock clk (rise edge)
                                  0.000000    0.000000   clock network delay (ideal)
                                  2.000000    2.000000 v input external delay
     5    0.015418    0.036545    0.024847    2.024847 v up_down (in)
                                                         up_down (net)
                      0.036545    0.000000    2.024847 v _30_/A (sky130_fd_sc_hd__or2_2)
     2    0.012622    0.084730    0.328388    2.353235 v _30_/X (sky130_fd_sc_hd__or2_2)
                                                         _10_ (net)
                      0.084730    0.000000    2.353235 v _38_/A (sky130_fd_sc_hd__xnor2_2)
     1    0.004720    0.122578    0.165413    2.518648 ^ _38_/Y (sky130_fd_sc_hd__xnor2_2)
                                                         _17_ (net)
                      0.122578    0.000000    2.518648 ^ _40_/A2 (sky130_fd_sc_hd__o21ai_2)
     1    0.001681    0.034001    0.054252    2.572900 v _40_/Y (sky130_fd_sc_hd__o21ai_2)
                                                         _02_ (net)
                      0.034001    0.000000    2.572900 v _48_/D (sky130_fd_sc_hd__dfxtp_2)
                                              2.572900   data arrival time

                      0.150000   10.000000   10.000000   clock clk (rise edge)
                                  0.000000   10.000000   clock network delay (ideal)
                                 -0.250000    9.750000   clock uncertainty
                                  0.000000    9.750000   clock reconvergence pessimism
                                              9.750000 ^ _48_/CLK (sky130_fd_sc_hd__dfxtp_2)
                                 -0.083577    9.666424   library setup time
                                              9.666424   data required time
---------------------------------------------------------------------------------------------
                                              9.666424   data required time
                                             -2.572900   data arrival time
---------------------------------------------------------------------------------------------
                                              7.093524   slack (MET)


Startpoint: enable (input port clocked by clk)
Endpoint: _47_ (rising edge-triggered flip-flop clocked by clk)
Path Group: clk
Path Type: max

Fanout         Cap        Slew       Delay        Time   Description
---------------------------------------------------------------------------------------------
                      0.150000    0.000000    0.000000   clock clk (rise edge)
                                  0.000000    0.000000   clock network delay (ideal)
                                  2.000000    2.000000 ^ input external delay
     5    0.018451    0.090529    0.060648    2.060648 ^ enable (in)
                                                         enable (net)
                      0.090529    0.000000    2.060648 ^ _26_/A (sky130_fd_sc_hd__nor2_2)
     3    0.011425    0.044479    0.064378    2.125026 v _26_/Y (sky130_fd_sc_hd__nor2_2)
                                                         _07_ (net)
                      0.044479    0.000000    2.125026 v _33_/A2 (sky130_fd_sc_hd__a21o_2)
     1    0.002147    0.032126    0.198989    2.324015 v _33_/X (sky130_fd_sc_hd__a21o_2)
                                                         _13_ (net)
                      0.032126    0.000000    2.324015 v _34_/B1 (sky130_fd_sc_hd__a31o_2)
     1    0.001681    0.033997    0.196646    2.520662 v _34_/X (sky130_fd_sc_hd__a31o_2)
                                                         _01_ (net)
                      0.033997    0.000000    2.520662 v _47_/D (sky130_fd_sc_hd__dfxtp_2)
                                              2.520662   data arrival time

                      0.150000   10.000000   10.000000   clock clk (rise edge)
                                  0.000000   10.000000   clock network delay (ideal)
                                 -0.250000    9.750000   clock uncertainty
                                  0.000000    9.750000   clock reconvergence pessimism
                                              9.750000 ^ _47_/CLK (sky130_fd_sc_hd__dfxtp_2)
                                 -0.083575    9.666426   library setup time
                                              9.666426   data required time
---------------------------------------------------------------------------------------------
                                              9.666426   data required time
                                             -2.520662   data arrival time
---------------------------------------------------------------------------------------------
                                              7.145763   slack (MET)


Startpoint: _46_ (rising edge-triggered flip-flop clocked by clk)
Endpoint: counter[0] (output port clocked by clk)
Path Group: clk
Path Type: max

Fanout         Cap        Slew       Delay        Time   Description
---------------------------------------------------------------------------------------------
                      0.150000    0.000000    0.000000   clock clk (rise edge)
                                  0.000000    0.000000   clock network delay (ideal)
                      0.150000    0.000000    0.000000 ^ _46_/CLK (sky130_fd_sc_hd__dfxtp_2)
     7    0.064025    0.324997    0.555426    0.555426 ^ _46_/Q (sky130_fd_sc_hd__dfxtp_2)
                                                         counter[0] (net)
                      0.324997    0.000000    0.555426 ^ counter[0] (out)
                                              0.555426   data arrival time

                      0.150000   10.000000   10.000000   clock clk (rise edge)
                                  0.000000   10.000000   clock network delay (ideal)
                                 -0.250000    9.750000   clock uncertainty
                                  0.000000    9.750000   clock reconvergence pessimism
                                 -2.000000    7.750000   output external delay
                                              7.750000   data required time
---------------------------------------------------------------------------------------------
                                              7.750000   data required time
                                             -0.555426   data arrival time
---------------------------------------------------------------------------------------------
                                              7.194573   slack (MET)


Startpoint: _47_ (rising edge-triggered flip-flop clocked by clk)
Endpoint: counter[1] (output port clocked by clk)
Path Group: clk
Path Type: max

Fanout         Cap        Slew       Delay        Time   Description
---------------------------------------------------------------------------------------------
                      0.150000    0.000000    0.000000   clock clk (rise edge)
                                  0.000000    0.000000   clock network delay (ideal)
                      0.150000    0.000000    0.000000 ^ _47_/CLK (sky130_fd_sc_hd__dfxtp_2)
     6    0.056072    0.286050    0.528231    0.528231 ^ _47_/Q (sky130_fd_sc_hd__dfxtp_2)
                                                         counter[1] (net)
                      0.286050    0.000000    0.528231 ^ counter[1] (out)
                                              0.528231   data arrival time

                      0.150000   10.000000   10.000000   clock clk (rise edge)
                                  0.000000   10.000000   clock network delay (ideal)
                                 -0.250000    9.750000   clock uncertainty
                                  0.000000    9.750000   clock reconvergence pessimism
                                 -2.000000    7.750000   output external delay
                                              7.750000   data required time
---------------------------------------------------------------------------------------------
                                              7.750000   data required time
                                             -0.528231   data arrival time
---------------------------------------------------------------------------------------------
                                              7.221769   slack (MET)


Startpoint: _48_ (rising edge-triggered flip-flop clocked by clk)
Endpoint: counter[2] (output port clocked by clk)
Path Group: clk
Path Type: max

Fanout         Cap        Slew       Delay        Time   Description
---------------------------------------------------------------------------------------------
                      0.150000    0.000000    0.000000   clock clk (rise edge)
                                  0.000000    0.000000   clock network delay (ideal)
                      0.150000    0.000000    0.000000 ^ _48_/CLK (sky130_fd_sc_hd__dfxtp_2)
     5    0.050114    0.256873    0.507858    0.507858 ^ _48_/Q (sky130_fd_sc_hd__dfxtp_2)
                                                         counter[2] (net)
                      0.256873    0.000000    0.507858 ^ counter[2] (out)
                                              0.507858   data arrival time

                      0.150000   10.000000   10.000000   clock clk (rise edge)
                                  0.000000   10.000000   clock network delay (ideal)
                                 -0.250000    9.750000   clock uncertainty
                                  0.000000    9.750000   clock reconvergence pessimism
                                 -2.000000    7.750000   output external delay
                                              7.750000   data required time
---------------------------------------------------------------------------------------------
                                              7.750000   data required time
                                             -0.507858   data arrival time
---------------------------------------------------------------------------------------------
                                              7.242142   slack (MET)


Startpoint: _49_ (rising edge-triggered flip-flop clocked by clk)
Endpoint: counter[3] (output port clocked by clk)
Path Group: clk
Path Type: max

Fanout         Cap        Slew       Delay        Time   Description
---------------------------------------------------------------------------------------------
                      0.150000    0.000000    0.000000   clock clk (rise edge)
                                  0.000000    0.000000   clock network delay (ideal)
                      0.150000    0.000000    0.000000 ^ _49_/CLK (sky130_fd_sc_hd__dfxtp_2)
     3    0.040430    0.209449    0.474744    0.474744 ^ _49_/Q (sky130_fd_sc_hd__dfxtp_2)
                                                         counter[3] (net)
                      0.209449    0.000000    0.474744 ^ counter[3] (out)
                                              0.474744   data arrival time

                      0.150000   10.000000   10.000000   clock clk (rise edge)
                                  0.000000   10.000000   clock network delay (ideal)
                                 -0.250000    9.750000   clock uncertainty
                                  0.000000    9.750000   clock reconvergence pessimism
                                 -2.000000    7.750000   output external delay
                                              7.750000   data required time
---------------------------------------------------------------------------------------------
                                              7.750000   data required time
                                             -0.474744   data arrival time
---------------------------------------------------------------------------------------------
                                              7.275256   slack (MET)


Startpoint: reset (input port clocked by clk)
Endpoint: _46_ (rising edge-triggered flip-flop clocked by clk)
Path Group: clk
Path Type: max

Fanout         Cap        Slew       Delay        Time   Description
---------------------------------------------------------------------------------------------
                      0.150000    0.000000    0.000000   clock clk (rise edge)
                                  0.000000    0.000000   clock network delay (ideal)
                                  2.000000    2.000000 ^ input external delay
     2    0.009382    0.049927    0.031966    2.031966 ^ reset (in)
                                                         reset (net)
                      0.049927    0.000000    2.031966 ^ _23_/A (sky130_fd_sc_hd__inv_2)
     4    0.012941    0.033465    0.047616    2.079582 v _23_/Y (sky130_fd_sc_hd__inv_2)
                                                         _04_ (net)
                      0.033465    0.000000    2.079582 v _25_/A (sky130_fd_sc_hd__nor2_2)
     4    0.014482    0.181054    0.174786    2.254368 ^ _25_/Y (sky130_fd_sc_hd__nor2_2)
                                                         _06_ (net)
                      0.181054    0.000000    2.254368 ^ _27_/B1 (sky130_fd_sc_hd__a21oi_2)
     1    0.004237    0.076116    0.049299    2.303667 v _27_/Y (sky130_fd_sc_hd__a21oi_2)
                                                         _08_ (net)
                      0.076116    0.000000    2.303667 v _28_/B1 (sky130_fd_sc_hd__o21ai_2)
     1    0.001674    0.075794    0.055339    2.359006 ^ _28_/Y (sky130_fd_sc_hd__o21ai_2)
                                                         _00_ (net)
                      0.075794    0.000000    2.359006 ^ _46_/D (sky130_fd_sc_hd__dfxtp_2)
                                              2.359006   data arrival time

                      0.150000   10.000000   10.000000   clock clk (rise edge)
                                  0.000000   10.000000   clock network delay (ideal)
                                 -0.250000    9.750000   clock uncertainty
                                  0.000000    9.750000   clock reconvergence pessimism
                                              9.750000 ^ _46_/CLK (sky130_fd_sc_hd__dfxtp_2)
                                 -0.050400    9.699599   library setup time
                                              9.699599   data required time
---------------------------------------------------------------------------------------------
                                              9.699599   data required time
                                             -2.359006   data arrival time
---------------------------------------------------------------------------------------------
                                              7.340594   slack (MET)



%OL_END_REPORT
%OL_CREATE_REPORT checks.rpt

===========================================================================
report_checks -unconstrained
===========================================================================
======================= nom_tt_025C_1v80 Corner ===================================

Startpoint: up_down (input port clocked by clk)
Endpoint: _49_ (rising edge-triggered flip-flop clocked by clk)
Path Group: clk
Path Type: max

Fanout         Cap        Slew       Delay        Time   Description
---------------------------------------------------------------------------------------------
                      0.150000    0.000000    0.000000   clock clk (rise edge)
                                  0.000000    0.000000   clock network delay (ideal)
                                  2.000000    2.000000 v input external delay
     5    0.015418    0.036545    0.024847    2.024847 v up_down (in)
                                                         up_down (net)
                      0.036545    0.000000    2.024847 v _42_/A_N (sky130_fd_sc_hd__nand2b_2)
     2    0.006457    0.063079    0.176142    2.200989 v _42_/Y (sky130_fd_sc_hd__nand2b_2)
                                                         _20_ (net)
                      0.063079    0.000000    2.200989 v _43_/A3 (sky130_fd_sc_hd__a31o_2)
     1    0.002252    0.035602    0.240646    2.441635 v _43_/X (sky130_fd_sc_hd__a31o_2)
                                                         _21_ (net)
                      0.035602    0.000000    2.441635 v _45_/A2 (sky130_fd_sc_hd__a31o_2)
     1    0.001681    0.034001    0.213207    2.654841 v _45_/X (sky130_fd_sc_hd__a31o_2)
                                                         _03_ (net)
                      0.034001    0.000000    2.654841 v _49_/D (sky130_fd_sc_hd__dfxtp_2)
                                              2.654841   data arrival time

                      0.150000   10.000000   10.000000   clock clk (rise edge)
                                  0.000000   10.000000   clock network delay (ideal)
                                 -0.250000    9.750000   clock uncertainty
                                  0.000000    9.750000   clock reconvergence pessimism
                                              9.750000 ^ _49_/CLK (sky130_fd_sc_hd__dfxtp_2)
                                 -0.083577    9.666424   library setup time
                                              9.666424   data required time
---------------------------------------------------------------------------------------------
                                              9.666424   data required time
                                             -2.654841   data arrival time
---------------------------------------------------------------------------------------------
                                              7.011582   slack (MET)




===========================================================================
report_checks --slack_max -0.01
============================================================================
======================= nom_tt_025C_1v80 Corner ===================================

No paths found.


===========================================================================
 report_check_types -max_slew -max_cap -max_fanout -violators
============================================================================
======================= nom_tt_025C_1v80 Corner ===================================



===========================================================================
report_parasitic_annotation -report_unannotated
============================================================================
Found 31 unannotated drivers.
 clk
 enable
 reset
 up_down
 _23_/Y
 _24_/Y
 _25_/Y
 _26_/Y
 _27_/Y
 _28_/Y
 _29_/X
 _30_/X
 _31_/Y
 _32_/Y
 _33_/X
 _34_/X
 _35_/X
 _36_/Y
 _37_/Y
 _38_/Y
 _39_/Y
 _40_/Y
 _41_/Y
 _42_/Y
 _43_/X
 _44_/Y
 _45_/X
 _46_/Q
 _47_/Q
 _48_/Q
 _49_/Q
Found 0 partially unannotated drivers.

===========================================================================
max slew violation count 0
%OL_METRIC_I design__max_slew_violation__count__corner:nom_tt_025C_1v80 0
max fanout violation count 0
%OL_METRIC_I design__max_fanout_violation__count__corner:nom_tt_025C_1v80 0
max cap violation count 0
%OL_METRIC_I design__max_cap_violation__count__corner:nom_tt_025C_1v80 0
============================================================================

===========================================================================
check_setup -verbose -unconstrained_endpoints -multiple_clock -no_clock -no_input_delay -loops -generated_clocks
===========================================================================
%OL_END_REPORT
%OL_CREATE_REPORT power.rpt

===========================================================================
 report_power
============================================================================
======================= nom_tt_025C_1v80 Corner ===================================

Group                    Internal    Switching      Leakage        Total
                            Power        Power        Power        Power (Watts)
------------------------------------------------------------------------
Sequential           1.862161e-05 8.388794e-06 3.407275e-11 2.701044e-05  67.7%
Combinational        7.826462e-06 5.053052e-06 7.977953e-11 1.287959e-05  32.3%
Clock                0.000000e+00 0.000000e+00 0.000000e+00 0.000000e+00   0.0%
Macro                0.000000e+00 0.000000e+00 0.000000e+00 0.000000e+00   0.0%
Pad                  0.000000e+00 0.000000e+00 0.000000e+00 0.000000e+00   0.0%
------------------------------------------------------------------------
Total                2.644807e-05 1.344185e-05 1.138523e-10 3.989003e-05 100.0%
                            66.3%        33.7%         0.0%
%OL_METRIC_F power__internal__total 2.644807318574749e-5
%OL_METRIC_F power__switching__total 1.344184511253843e-5
%OL_METRIC_F power__leakage__total 1.1385228176896689e-10
%OL_METRIC_F power__total 3.989003016613424e-5

%OL_END_REPORT
%OL_CREATE_REPORT skew.min.rpt

===========================================================================
Clock Skew (Hold)
============================================================================
%OL_METRIC_F clock__skew__worst_hold__corner:nom_tt_025C_1v80 -0.25
======================= nom_tt_025C_1v80 Corner ===================================

Clock clk
0.025912 source latency _46_/CLK ^
-0.025912 target latency _46_/CLK ^
-0.250000 clock uncertainty
0.000000 CRPR
--------------
-0.250000 hold skew

%OL_END_REPORT
%OL_CREATE_REPORT skew.max.rpt

===========================================================================
Clock Skew (Setup)
============================================================================
%OL_METRIC_F clock__skew__worst_setup__corner:nom_tt_025C_1v80 0.25
======================= nom_tt_025C_1v80 Corner ===================================

Clock clk
0.025912 source latency _46_/CLK ^
-0.025912 target latency _46_/CLK ^
0.250000 clock uncertainty
0.000000 CRPR
--------------
0.250000 setup skew

%OL_END_REPORT
%OL_CREATE_REPORT ws.min.rpt

===========================================================================
Worst Slack (Hold)
============================================================================
%OL_METRIC_F timing__hold__ws__corner:nom_tt_025C_1v80 0.36494408528111794
nom_tt_025C_1v80: 0.36494408528111794
%OL_END_REPORT
%OL_CREATE_REPORT ws.max.rpt

===========================================================================
Worst Slack (Setup)
============================================================================
%OL_METRIC_F timing__setup__ws__corner:nom_tt_025C_1v80 7.011581735898141
nom_tt_025C_1v80: 7.011581735898141
%OL_END_REPORT
%OL_CREATE_REPORT tns.min.rpt

===========================================================================
Total Negative Slack (Hold)
============================================================================
%OL_METRIC_F timing__hold__tns__corner:nom_tt_025C_1v80 0.0
nom_tt_025C_1v80: 0.0
%OL_END_REPORT
%OL_CREATE_REPORT tns.max.rpt

===========================================================================
Total Negative Slack (Setup)
============================================================================
%OL_METRIC_F timing__setup__tns__corner:nom_tt_025C_1v80 0.0
nom_tt_025C_1v80: 0.0
%OL_END_REPORT
%OL_CREATE_REPORT wns.min.rpt

===========================================================================
Worst Negative Slack (Hold)
============================================================================
%OL_METRIC_F timing__hold__wns__corner:nom_tt_025C_1v80 0
nom_tt_025C_1v80: 0
%OL_END_REPORT
%OL_CREATE_REPORT wns.max.rpt

===========================================================================
Worst Negative Slack (Setup)
============================================================================
%OL_METRIC_F timing__setup__wns__corner:nom_tt_025C_1v80 0.0
nom_tt_025C_1v80: 0.0
%OL_END_REPORT
%OL_CREATE_REPORT violator_list.rpt

===========================================================================
Violator List
============================================================================
%OL_METRIC_I timing__hold_vio__count__corner:nom_tt_025C_1v80 0
%OL_METRIC_F timing__hold_r2r__ws__corner:nom_tt_025C_1v80 0.364944
%OL_METRIC_I timing__hold_r2r_vio__count__corner:nom_tt_025C_1v80 0
%OL_METRIC_I timing__setup_vio__count__corner:nom_tt_025C_1v80 0
%OL_METRIC_F timing__setup_r2r__ws__corner:nom_tt_025C_1v80 inf
%OL_METRIC_I timing__setup_r2r_vio__count__corner:nom_tt_025C_1v80 0
%OL_END_REPORT
%OL_CREATE_REPORT unpropagated.rpt
clk
%OL_END_REPORT
%OL_CREATE_REPORT clock.rpt
Clock: clk
Sources: clk 
Generated: no
Virtual: no
Propagated: no
Period: 10.000000

===========================================================================
report_clock_properties
============================================================================
Clock                   Period          Waveform
----------------------------------------------------
clk                  10.000000    0.000000  5.000000

===========================================================================
report_clock_latency
============================================================================
Clock clk
rise -> rise
    min     max
0.000000 0.000000 source latency
0.025912         network latency _46_/CLK
        0.025912 network latency _46_/CLK
---------------
0.025912 0.025912 latency
        0.000000 skew

fall -> fall
    min     max
0.000000 0.000000 source latency
0.010968         network latency _46_/CLK
        0.010968 network latency _46_/CLK
---------------
0.010968 0.010968 latency
        0.000000 skew



===========================================================================
report_clock_min_period
============================================================================
clk period_min = 1.56 fmax = 642.45
%OL_END_REPORT
Writing SDF files for all corners…
