
===========================================================================
report_checks -path_delay max (Setup)
============================================================================
======================= nom_ff_n40C_1v95 Corner ===================================

Startpoint: _46_ (rising edge-triggered flip-flop clocked by clk)
Endpoint: counter[0] (output port clocked by clk)
Path Group: clk
Path Type: max

Fanout         Cap        Slew       Delay        Time   Description
---------------------------------------------------------------------------------------------
                                  0.000000    0.000000   clock clk (rise edge)
                                  0.000000    0.000000   clock source latency
     1    0.007963    0.000000    0.000000    0.000000 ^ clk (in)
                                                         clk (net)
                      0.000000    0.000000    0.000000 ^ clkbuf_0_clk/A (sky130_fd_sc_hd__clkbuf_16)
     2    0.015926    0.029132    0.073266    0.073266 ^ clkbuf_0_clk/X (sky130_fd_sc_hd__clkbuf_16)
                                                         clknet_0_clk (net)
                      0.029132    0.000000    0.073266 ^ clkbuf_1_1__f_clk/A (sky130_fd_sc_hd__clkbuf_16)
     2    0.003874    0.020235    0.072240    0.145506 ^ clkbuf_1_1__f_clk/X (sky130_fd_sc_hd__clkbuf_16)
                                                         clknet_1_1__leaf_clk (net)
                      0.020235    0.000000    0.145506 ^ _46_/CLK (sky130_fd_sc_hd__dfxtp_1)
     7    0.019173    0.141735    0.259986    0.405492 ^ _46_/Q (sky130_fd_sc_hd__dfxtp_1)
                                                         net4 (net)
                      0.141735    0.000000    0.405492 ^ output4/A (sky130_fd_sc_hd__buf_1)
     1    0.000000    0.013524    0.042927    0.448419 ^ output4/X (sky130_fd_sc_hd__buf_1)
                                                         counter[0] (net)
                      0.013524    0.000000    0.448419 ^ counter[0] (out)
                                              0.448419   data arrival time

                                 10.000000   10.000000   clock clk (rise edge)
                                  0.000000   10.000000   clock network delay (propagated)
                                  0.000000   10.000000   clock reconvergence pessimism
                                 -1.000000    9.000000   output external delay
                                              9.000000   data required time
---------------------------------------------------------------------------------------------
                                              9.000000   data required time
                                             -0.448419   data arrival time
---------------------------------------------------------------------------------------------
                                              8.551582   slack (MET)


Startpoint: _47_ (rising edge-triggered flip-flop clocked by clk)
Endpoint: counter[1] (output port clocked by clk)
Path Group: clk
Path Type: max

Fanout         Cap        Slew       Delay        Time   Description
---------------------------------------------------------------------------------------------
                                  0.000000    0.000000   clock clk (rise edge)
                                  0.000000    0.000000   clock source latency
     1    0.007963    0.000000    0.000000    0.000000 ^ clk (in)
                                                         clk (net)
                      0.000000    0.000000    0.000000 ^ clkbuf_0_clk/A (sky130_fd_sc_hd__clkbuf_16)
     2    0.015926    0.029132    0.073266    0.073266 ^ clkbuf_0_clk/X (sky130_fd_sc_hd__clkbuf_16)
                                                         clknet_0_clk (net)
                      0.029132    0.000000    0.073266 ^ clkbuf_1_0__f_clk/A (sky130_fd_sc_hd__clkbuf_16)
     2    0.003874    0.020235    0.072240    0.145506 ^ clkbuf_1_0__f_clk/X (sky130_fd_sc_hd__clkbuf_16)
                                                         clknet_1_0__leaf_clk (net)
                      0.020235    0.000000    0.145506 ^ _47_/CLK (sky130_fd_sc_hd__dfxtp_1)
     6    0.016844    0.125739    0.248845    0.394351 ^ _47_/Q (sky130_fd_sc_hd__dfxtp_1)
                                                         net5 (net)
                      0.125739    0.000000    0.394351 ^ output5/A (sky130_fd_sc_hd__buf_1)
     1    0.000000    0.013045    0.043212    0.437564 ^ output5/X (sky130_fd_sc_hd__buf_1)
                                                         counter[1] (net)
                      0.013045    0.000000    0.437564 ^ counter[1] (out)
                                              0.437564   data arrival time

                                 10.000000   10.000000   clock clk (rise edge)
                                  0.000000   10.000000   clock network delay (propagated)
                                  0.000000   10.000000   clock reconvergence pessimism
                                 -1.000000    9.000000   output external delay
                                              9.000000   data required time
---------------------------------------------------------------------------------------------
                                              9.000000   data required time
                                             -0.437564   data arrival time
---------------------------------------------------------------------------------------------
                                              8.562436   slack (MET)


Startpoint: _48_ (rising edge-triggered flip-flop clocked by clk)
Endpoint: counter[2] (output port clocked by clk)
Path Group: clk
Path Type: max

Fanout         Cap        Slew       Delay        Time   Description
---------------------------------------------------------------------------------------------
                                  0.000000    0.000000   clock clk (rise edge)
                                  0.000000    0.000000   clock source latency
     1    0.007963    0.000000    0.000000    0.000000 ^ clk (in)
                                                         clk (net)
                      0.000000    0.000000    0.000000 ^ clkbuf_0_clk/A (sky130_fd_sc_hd__clkbuf_16)
     2    0.015926    0.029132    0.073266    0.073266 ^ clkbuf_0_clk/X (sky130_fd_sc_hd__clkbuf_16)
                                                         clknet_0_clk (net)
                      0.029132    0.000000    0.073266 ^ clkbuf_1_1__f_clk/A (sky130_fd_sc_hd__clkbuf_16)
     2    0.003874    0.020235    0.072240    0.145506 ^ clkbuf_1_1__f_clk/X (sky130_fd_sc_hd__clkbuf_16)
                                                         clknet_1_1__leaf_clk (net)
                      0.020235    0.000000    0.145506 ^ _48_/CLK (sky130_fd_sc_hd__dfxtp_1)
     5    0.012309    0.094592    0.227153    0.372659 ^ _48_/Q (sky130_fd_sc_hd__dfxtp_1)
                                                         net6 (net)
                      0.094592    0.000000    0.372659 ^ output6/A (sky130_fd_sc_hd__buf_1)
     1    0.000000    0.012104    0.041493    0.414152 ^ output6/X (sky130_fd_sc_hd__buf_1)
                                                         counter[2] (net)
                      0.012104    0.000000    0.414152 ^ counter[2] (out)
                                              0.414152   data arrival time

                                 10.000000   10.000000   clock clk (rise edge)
                                  0.000000   10.000000   clock network delay (propagated)
                                  0.000000   10.000000   clock reconvergence pessimism
                                 -1.000000    9.000000   output external delay
                                              9.000000   data required time
---------------------------------------------------------------------------------------------
                                              9.000000   data required time
                                             -0.414152   data arrival time
---------------------------------------------------------------------------------------------
                                              8.585848   slack (MET)


Startpoint: _49_ (rising edge-triggered flip-flop clocked by clk)
Endpoint: counter[3] (output port clocked by clk)
Path Group: clk
Path Type: max

Fanout         Cap        Slew       Delay        Time   Description
---------------------------------------------------------------------------------------------
                                  0.000000    0.000000   clock clk (rise edge)
                                  0.000000    0.000000   clock source latency
     1    0.007963    0.000000    0.000000    0.000000 ^ clk (in)
                                                         clk (net)
                      0.000000    0.000000    0.000000 ^ clkbuf_0_clk/A (sky130_fd_sc_hd__clkbuf_16)
     2    0.015926    0.029132    0.073266    0.073266 ^ clkbuf_0_clk/X (sky130_fd_sc_hd__clkbuf_16)
                                                         clknet_0_clk (net)
                      0.029132    0.000000    0.073266 ^ clkbuf_1_0__f_clk/A (sky130_fd_sc_hd__clkbuf_16)
     2    0.003874    0.020235    0.072240    0.145506 ^ clkbuf_1_0__f_clk/X (sky130_fd_sc_hd__clkbuf_16)
                                                         clknet_1_0__leaf_clk (net)
                      0.020235    0.000000    0.145506 ^ _49_/CLK (sky130_fd_sc_hd__dfxtp_1)
     3    0.007271    0.060382    0.202901    0.348407 ^ _49_/Q (sky130_fd_sc_hd__dfxtp_1)
                                                         net7 (net)
                      0.060382    0.000000    0.348407 ^ output7/A (sky130_fd_sc_hd__buf_1)
     1    0.000000    0.011070    0.039313    0.387720 ^ output7/X (sky130_fd_sc_hd__buf_1)
                                                         counter[3] (net)
                      0.011070    0.000000    0.387720 ^ counter[3] (out)
                                              0.387720   data arrival time

                                 10.000000   10.000000   clock clk (rise edge)
                                  0.000000   10.000000   clock network delay (propagated)
                                  0.000000   10.000000   clock reconvergence pessimism
                                 -1.000000    9.000000   output external delay
                                              9.000000   data required time
---------------------------------------------------------------------------------------------
                                              9.000000   data required time
                                             -0.387720   data arrival time
---------------------------------------------------------------------------------------------
                                              8.612281   slack (MET)


Startpoint: up_down (input port clocked by clk)
Endpoint: _49_ (rising edge-triggered flip-flop clocked by clk)
Path Group: clk
Path Type: max

Fanout         Cap        Slew       Delay        Time   Description
---------------------------------------------------------------------------------------------
                                  0.000000    0.000000   clock clk (rise edge)
                                  0.000000    0.000000   clock network delay (propagated)
                                  1.000000    1.000000 v input external delay
     1    0.002070    0.000000    0.000000    1.000000 v up_down (in)
                                                         up_down (net)
                      0.000000    0.000000    1.000000 v input3/A (sky130_fd_sc_hd__buf_1)
     5    0.009591    0.042961    0.066409    1.066409 v input3/X (sky130_fd_sc_hd__buf_1)
                                                         net3 (net)
                      0.042961    0.000000    1.066409 v _41_/A1 (sky130_fd_sc_hd__o31ai_1)
     2    0.004917    0.174013    0.185776    1.252185 ^ _41_/Y (sky130_fd_sc_hd__o31ai_1)
                                                         _19_ (net)
                      0.174013    0.000000    1.252185 ^ _44_/C (sky130_fd_sc_hd__nand4_1)
     1    0.002277    0.050911    0.052414    1.304599 v _44_/Y (sky130_fd_sc_hd__nand4_1)
                                                         _22_ (net)
                      0.050911    0.000000    1.304599 v _45_/A3 (sky130_fd_sc_hd__a31o_1)
     1    0.001783    0.024799    0.136298    1.440896 v _45_/X (sky130_fd_sc_hd__a31o_1)
                                                         _03_ (net)
                      0.024799    0.000000    1.440896 v _49_/D (sky130_fd_sc_hd__dfxtp_1)
                                              1.440896   data arrival time

                                 10.000000   10.000000   clock clk (rise edge)
                                  0.000000   10.000000   clock source latency
     1    0.007963    0.000000    0.000000   10.000000 ^ clk (in)
                                                         clk (net)
                      0.000000    0.000000   10.000000 ^ clkbuf_0_clk/A (sky130_fd_sc_hd__clkbuf_16)
     2    0.015926    0.029132    0.073266   10.073266 ^ clkbuf_0_clk/X (sky130_fd_sc_hd__clkbuf_16)
                                                         clknet_0_clk (net)
                      0.029132    0.000000   10.073266 ^ clkbuf_1_0__f_clk/A (sky130_fd_sc_hd__clkbuf_16)
     2    0.003874    0.020235    0.072240   10.145506 ^ clkbuf_1_0__f_clk/X (sky130_fd_sc_hd__clkbuf_16)
                                                         clknet_1_0__leaf_clk (net)
                      0.020235    0.000000   10.145506 ^ _49_/CLK (sky130_fd_sc_hd__dfxtp_1)
                                  0.000000   10.145506   clock reconvergence pessimism
                                 -0.068562   10.076944   library setup time
                                             10.076944   data required time
---------------------------------------------------------------------------------------------
                                             10.076944   data required time
                                             -1.440896   data arrival time
---------------------------------------------------------------------------------------------
                                              8.636047   slack (MET)


Startpoint: up_down (input port clocked by clk)
Endpoint: _48_ (rising edge-triggered flip-flop clocked by clk)
Path Group: clk
Path Type: max

Fanout         Cap        Slew       Delay        Time   Description
---------------------------------------------------------------------------------------------
                                  0.000000    0.000000   clock clk (rise edge)
                                  0.000000    0.000000   clock network delay (propagated)
                                  1.000000    1.000000 v input external delay
     1    0.002070    0.000000    0.000000    1.000000 v up_down (in)
                                                         up_down (net)
                      0.000000    0.000000    1.000000 v input3/A (sky130_fd_sc_hd__buf_1)
     5    0.009591    0.042961    0.066409    1.066409 v input3/X (sky130_fd_sc_hd__buf_1)
                                                         net3 (net)
                      0.042961    0.000000    1.066409 v _30_/A (sky130_fd_sc_hd__or2_1)
     2    0.006580    0.046094    0.149918    1.216326 v _30_/X (sky130_fd_sc_hd__or2_1)
                                                         _10_ (net)
                      0.046094    0.000000    1.216326 v _38_/A (sky130_fd_sc_hd__xnor2_1)
     1    0.002629    0.081444    0.101112    1.317438 ^ _38_/Y (sky130_fd_sc_hd__xnor2_1)
                                                         _17_ (net)
                      0.081444    0.000000    1.317438 ^ _40_/A2 (sky130_fd_sc_hd__o21ai_1)
     1    0.001783    0.023952    0.031740    1.349178 v _40_/Y (sky130_fd_sc_hd__o21ai_1)
                                                         _02_ (net)
                      0.023952    0.000000    1.349178 v _48_/D (sky130_fd_sc_hd__dfxtp_1)
                                              1.349178   data arrival time

                                 10.000000   10.000000   clock clk (rise edge)
                                  0.000000   10.000000   clock source latency
     1    0.007963    0.000000    0.000000   10.000000 ^ clk (in)
                                                         clk (net)
                      0.000000    0.000000   10.000000 ^ clkbuf_0_clk/A (sky130_fd_sc_hd__clkbuf_16)
     2    0.015926    0.029132    0.073266   10.073266 ^ clkbuf_0_clk/X (sky130_fd_sc_hd__clkbuf_16)
                                                         clknet_0_clk (net)
                      0.029132    0.000000   10.073266 ^ clkbuf_1_1__f_clk/A (sky130_fd_sc_hd__clkbuf_16)
     2    0.003874    0.020235    0.072240   10.145506 ^ clkbuf_1_1__f_clk/X (sky130_fd_sc_hd__clkbuf_16)
                                                         clknet_1_1__leaf_clk (net)
                      0.020235    0.000000   10.145506 ^ _48_/CLK (sky130_fd_sc_hd__dfxtp_1)
                                  0.000000   10.145506   clock reconvergence pessimism
                                 -0.068260   10.077246   library setup time
                                             10.077246   data required time
---------------------------------------------------------------------------------------------
                                             10.077246   data required time
                                             -1.349178   data arrival time
---------------------------------------------------------------------------------------------
                                              8.728067   slack (MET)


Startpoint: up_down (input port clocked by clk)
Endpoint: _47_ (rising edge-triggered flip-flop clocked by clk)
Path Group: clk
Path Type: max

Fanout         Cap        Slew       Delay        Time   Description
---------------------------------------------------------------------------------------------
                                  0.000000    0.000000   clock clk (rise edge)
                                  0.000000    0.000000   clock network delay (propagated)
                                  1.000000    1.000000 ^ input external delay
     1    0.002258    0.000000    0.000000    1.000000 ^ up_down (in)
                                                         up_down (net)
                      0.000000    0.000000    1.000000 ^ input3/A (sky130_fd_sc_hd__buf_1)
     5    0.010464    0.098891    0.088777    1.088777 ^ input3/X (sky130_fd_sc_hd__buf_1)
                                                         net3 (net)
                      0.098891    0.000000    1.088777 ^ _30_/A (sky130_fd_sc_hd__or2_1)
     2    0.007034    0.058880    0.093669    1.182446 ^ _30_/X (sky130_fd_sc_hd__or2_1)
                                                         _10_ (net)
                      0.058880    0.000000    1.182446 ^ _32_/A (sky130_fd_sc_hd__nand2_1)
     1    0.002277    0.024114    0.026433    1.208880 v _32_/Y (sky130_fd_sc_hd__nand2_1)
                                                         _12_ (net)
                      0.024114    0.000000    1.208880 v _34_/A3 (sky130_fd_sc_hd__a31o_1)
     1    0.001783    0.025188    0.125771    1.334651 v _34_/X (sky130_fd_sc_hd__a31o_1)
                                                         _01_ (net)
                      0.025188    0.000000    1.334651 v _47_/D (sky130_fd_sc_hd__dfxtp_1)
                                              1.334651   data arrival time

                                 10.000000   10.000000   clock clk (rise edge)
                                  0.000000   10.000000   clock source latency
     1    0.007963    0.000000    0.000000   10.000000 ^ clk (in)
                                                         clk (net)
                      0.000000    0.000000   10.000000 ^ clkbuf_0_clk/A (sky130_fd_sc_hd__clkbuf_16)
     2    0.015926    0.029132    0.073266   10.073266 ^ clkbuf_0_clk/X (sky130_fd_sc_hd__clkbuf_16)
                                                         clknet_0_clk (net)
                      0.029132    0.000000   10.073266 ^ clkbuf_1_0__f_clk/A (sky130_fd_sc_hd__clkbuf_16)
     2    0.003874    0.020235    0.072240   10.145506 ^ clkbuf_1_0__f_clk/X (sky130_fd_sc_hd__clkbuf_16)
                                                         clknet_1_0__leaf_clk (net)
                      0.020235    0.000000   10.145506 ^ _47_/CLK (sky130_fd_sc_hd__dfxtp_1)
                                  0.000000   10.145506   clock reconvergence pessimism
                                 -0.068701   10.076804   library setup time
                                             10.076804   data required time
---------------------------------------------------------------------------------------------
                                             10.076804   data required time
                                             -1.334651   data arrival time
---------------------------------------------------------------------------------------------
                                              8.742154   slack (MET)


Startpoint: enable (input port clocked by clk)
Endpoint: _46_ (rising edge-triggered flip-flop clocked by clk)
Path Group: clk
Path Type: max

Fanout         Cap        Slew       Delay        Time   Description
---------------------------------------------------------------------------------------------
                                  0.000000    0.000000   clock clk (rise edge)
                                  0.000000    0.000000   clock network delay (propagated)
                                  1.000000    1.000000 ^ input external delay
     1    0.002258    0.000000    0.000000    1.000000 ^ enable (in)
                                                         enable (net)
                      0.000000    0.000000    1.000000 ^ input1/A (sky130_fd_sc_hd__buf_1)
     5    0.012116    0.113101    0.098415    1.098415 ^ input1/X (sky130_fd_sc_hd__buf_1)
                                                         net1 (net)
                      0.113101    0.000000    1.098415 ^ _26_/A (sky130_fd_sc_hd__nor2_1)
     3    0.006663    0.046155    0.048534    1.146949 v _26_/Y (sky130_fd_sc_hd__nor2_1)
                                                         _07_ (net)
                      0.046155    0.000000    1.146949 v _27_/A2 (sky130_fd_sc_hd__a21oi_1)
     1    0.002112    0.068304    0.091624    1.238573 ^ _27_/Y (sky130_fd_sc_hd__a21oi_1)
                                                         _08_ (net)
                      0.068304    0.000000    1.238573 ^ _28_/B1 (sky130_fd_sc_hd__o21ai_1)
     1    0.001783    0.037290    0.022701    1.261275 v _28_/Y (sky130_fd_sc_hd__o21ai_1)
                                                         _00_ (net)
                      0.037290    0.000000    1.261275 v _46_/D (sky130_fd_sc_hd__dfxtp_1)
                                              1.261275   data arrival time

                                 10.000000   10.000000   clock clk (rise edge)
                                  0.000000   10.000000   clock source latency
     1    0.007963    0.000000    0.000000   10.000000 ^ clk (in)
                                                         clk (net)
                      0.000000    0.000000   10.000000 ^ clkbuf_0_clk/A (sky130_fd_sc_hd__clkbuf_16)
     2    0.015926    0.029132    0.073266   10.073266 ^ clkbuf_0_clk/X (sky130_fd_sc_hd__clkbuf_16)
                                                         clknet_0_clk (net)
                      0.029132    0.000000   10.073266 ^ clkbuf_1_1__f_clk/A (sky130_fd_sc_hd__clkbuf_16)
     2    0.003874    0.020235    0.072240   10.145506 ^ clkbuf_1_1__f_clk/X (sky130_fd_sc_hd__clkbuf_16)
                                                         clknet_1_1__leaf_clk (net)
                      0.020235    0.000000   10.145506 ^ _46_/CLK (sky130_fd_sc_hd__dfxtp_1)
                                  0.000000   10.145506   clock reconvergence pessimism
                                 -0.073026   10.072481   library setup time
                                             10.072481   data required time
---------------------------------------------------------------------------------------------
                                             10.072481   data required time
                                             -1.261275   data arrival time
---------------------------------------------------------------------------------------------
                                              8.811206   slack (MET)



