Clock: clk
Sources: clk 
Generated: no
Virtual: yes
Propagated: no
Period: 10.000000

===========================================================================
report_clock_properties
============================================================================
Clock                   Period          Waveform
----------------------------------------------------
clk                  10.000000    0.000000  5.000000

===========================================================================
report_clock_latency
============================================================================
Clock clk
rise -> rise
    min     max
0.000000 0.000000 source latency
0.218225         network latency _47_/CLK
        0.219053 network latency _48_/CLK
---------------
0.218225 0.219053 latency
        0.000828 skew

fall -> fall
    min     max
0.000000 0.000000 source latency
0.254424         network latency _47_/CLK
        0.255184 network latency _48_/CLK
---------------
0.254424 0.255184 latency
        0.000759 skew



===========================================================================
report_clock_min_period
============================================================================
clk period_min = 1.21 fmax = 827.38
