
===========================================================================
report_checks -path_delay min (Hold)
============================================================================
======================= nom_ss_100C_1v60 Corner ===================================

Startpoint: _46_ (rising edge-triggered flip-flop clocked by clk)
Endpoint: _46_ (rising edge-triggered flip-flop clocked by clk)
Path Group: clk
Path Type: min

Fanout         Cap        Slew       Delay        Time   Description
---------------------------------------------------------------------------------------------
                                  0.000000    0.000000   clock clk (rise edge)
                                  0.000000    0.000000   clock source latency
     4    0.006872    0.061889    0.036823    0.036823 ^ clk (in)
                                                         clk (net)
                      0.061889    0.000000    0.036823 ^ _46_/CLK (sky130_fd_sc_hd__dfxtp_2)
     7    0.061849    0.270394    0.796135    0.832957 v _46_/Q (sky130_fd_sc_hd__dfxtp_2)
                                                         counter[0] (net)
                      0.270394    0.000000    0.832957 v _28_/A1 (sky130_fd_sc_hd__o21ai_2)
     1    0.001537    0.049030    0.266133    1.099090 ^ _28_/Y (sky130_fd_sc_hd__o21ai_2)
                                                         _00_ (net)
                      0.049030    0.000000    1.099090 ^ _46_/D (sky130_fd_sc_hd__dfxtp_2)
                                              1.099090   data arrival time

                                  0.000000    0.000000   clock clk (rise edge)
                                  0.000000    0.000000   clock source latency
     4    0.006872    0.061889    0.036823    0.036823 ^ clk (in)
                                                         clk (net)
                      0.061889    0.000000    0.036823 ^ _46_/CLK (sky130_fd_sc_hd__dfxtp_2)
                                  0.250000    0.286823   clock uncertainty
                                  0.000000    0.286823   clock reconvergence pessimism
                                 -0.068373    0.218450   library hold time
                                              0.218450   data required time
---------------------------------------------------------------------------------------------
                                              0.218450   data required time
                                             -1.099090   data arrival time
---------------------------------------------------------------------------------------------
                                              0.880640   slack (MET)


Startpoint: _48_ (rising edge-triggered flip-flop clocked by clk)
Endpoint: _48_ (rising edge-triggered flip-flop clocked by clk)
Path Group: clk
Path Type: min

Fanout         Cap        Slew       Delay        Time   Description
---------------------------------------------------------------------------------------------
                                  0.000000    0.000000   clock clk (rise edge)
                                  0.000000    0.000000   clock source latency
     4    0.006872    0.061889    0.036823    0.036823 ^ clk (in)
                                                         clk (net)
                      0.061889    0.000000    0.036823 ^ _48_/CLK (sky130_fd_sc_hd__dfxtp_2)
     5    0.048566    0.218760    0.754416    0.791238 v _48_/Q (sky130_fd_sc_hd__dfxtp_2)
                                                         counter[2] (net)
                      0.218760    0.000000    0.791238 v _39_/A1 (sky130_fd_sc_hd__a21oi_2)
     1    0.004518    0.145705    0.267155    1.058394 ^ _39_/Y (sky130_fd_sc_hd__a21oi_2)
                                                         _18_ (net)
                      0.145705    0.000000    1.058394 ^ _40_/B1 (sky130_fd_sc_hd__o21ai_2)
     1    0.001577    0.036438    0.113079    1.171473 v _40_/Y (sky130_fd_sc_hd__o21ai_2)
                                                         _02_ (net)
                      0.036438    0.000000    1.171473 v _48_/D (sky130_fd_sc_hd__dfxtp_2)
                                              1.171473   data arrival time

                                  0.000000    0.000000   clock clk (rise edge)
                                  0.000000    0.000000   clock source latency
     4    0.006872    0.061889    0.036823    0.036823 ^ clk (in)
                                                         clk (net)
                      0.061889    0.000000    0.036823 ^ _48_/CLK (sky130_fd_sc_hd__dfxtp_2)
                                  0.250000    0.286823   clock uncertainty
                                  0.000000    0.286823   clock reconvergence pessimism
                                 -0.079712    0.207111   library hold time
                                              0.207111   data required time
---------------------------------------------------------------------------------------------
                                              0.207111   data required time
                                             -1.171473   data arrival time
---------------------------------------------------------------------------------------------
                                              0.964362   slack (MET)


Startpoint: _49_ (rising edge-triggered flip-flop clocked by clk)
Endpoint: _49_ (rising edge-triggered flip-flop clocked by clk)
Path Group: clk
Path Type: min

Fanout         Cap        Slew       Delay        Time   Description
---------------------------------------------------------------------------------------------
                                  0.000000    0.000000   clock clk (rise edge)
                                  0.000000    0.000000   clock source latency
     4    0.006872    0.061889    0.036823    0.036823 ^ clk (in)
                                                         clk (net)
                      0.061889    0.000000    0.036823 ^ _49_/CLK (sky130_fd_sc_hd__dfxtp_2)
     3    0.039926    0.185543    0.726975    0.763798 v _49_/Q (sky130_fd_sc_hd__dfxtp_2)
                                                         counter[3] (net)
                      0.185543    0.000000    0.763798 v _44_/B (sky130_fd_sc_hd__nand4_2)
     1    0.002501    0.061144    0.172623    0.936421 ^ _44_/Y (sky130_fd_sc_hd__nand4_2)
                                                         _22_ (net)
                      0.061144    0.000000    0.936421 ^ _45_/A3 (sky130_fd_sc_hd__a31o_2)
     1    0.001537    0.049323    0.302779    1.239200 ^ _45_/X (sky130_fd_sc_hd__a31o_2)
                                                         _03_ (net)
                      0.049323    0.000000    1.239200 ^ _49_/D (sky130_fd_sc_hd__dfxtp_2)
                                              1.239200   data arrival time

                                  0.000000    0.000000   clock clk (rise edge)
                                  0.000000    0.000000   clock source latency
     4    0.006872    0.061889    0.036823    0.036823 ^ clk (in)
                                                         clk (net)
                      0.061889    0.000000    0.036823 ^ _49_/CLK (sky130_fd_sc_hd__dfxtp_2)
                                  0.250000    0.286823   clock uncertainty
                                  0.000000    0.286823   clock reconvergence pessimism
                                 -0.068441    0.218382   library hold time
                                              0.218382   data required time
---------------------------------------------------------------------------------------------
                                              0.218382   data required time
                                             -1.239200   data arrival time
---------------------------------------------------------------------------------------------
                                              1.020818   slack (MET)


Startpoint: _47_ (rising edge-triggered flip-flop clocked by clk)
Endpoint: _47_ (rising edge-triggered flip-flop clocked by clk)
Path Group: clk
Path Type: min

Fanout         Cap        Slew       Delay        Time   Description
---------------------------------------------------------------------------------------------
                                  0.000000    0.000000   clock clk (rise edge)
                                  0.000000    0.000000   clock source latency
     4    0.006872    0.061889    0.036823    0.036823 ^ clk (in)
                                                         clk (net)
                      0.061889    0.000000    0.036823 ^ _47_/CLK (sky130_fd_sc_hd__dfxtp_2)
     6    0.056108    0.452749    0.936817    0.973640 ^ _47_/Q (sky130_fd_sc_hd__dfxtp_2)
                                                         counter[1] (net)
                      0.452749    0.000000    0.973640 ^ _33_/A1 (sky130_fd_sc_hd__a21o_2)
     1    0.002495    0.048045    0.366570    1.340210 ^ _33_/X (sky130_fd_sc_hd__a21o_2)
                                                         _13_ (net)
                      0.048045    0.000000    1.340210 ^ _34_/B1 (sky130_fd_sc_hd__a31o_2)
     1    0.001537    0.045732    0.141421    1.481631 ^ _34_/X (sky130_fd_sc_hd__a31o_2)
                                                         _01_ (net)
                      0.045732    0.000000    1.481631 ^ _47_/D (sky130_fd_sc_hd__dfxtp_2)
                                              1.481631   data arrival time

                                  0.000000    0.000000   clock clk (rise edge)
                                  0.000000    0.000000   clock source latency
     4    0.006872    0.061889    0.036823    0.036823 ^ clk (in)
                                                         clk (net)
                      0.061889    0.000000    0.036823 ^ _47_/CLK (sky130_fd_sc_hd__dfxtp_2)
                                  0.250000    0.286823   clock uncertainty
                                  0.000000    0.286823   clock reconvergence pessimism
                                 -0.067610    0.219213   library hold time
                                              0.219213   data required time
---------------------------------------------------------------------------------------------
                                              0.219213   data required time
                                             -1.481631   data arrival time
---------------------------------------------------------------------------------------------
                                              1.262418   slack (MET)


Startpoint: _49_ (rising edge-triggered flip-flop clocked by clk)
Endpoint: counter[3] (output port clocked by clk)
Path Group: clk
Path Type: min

Fanout         Cap        Slew       Delay        Time   Description
---------------------------------------------------------------------------------------------
                                  0.000000    0.000000   clock clk (rise edge)
                                  0.000000    0.000000   clock source latency
     4    0.006872    0.061889    0.036823    0.036823 ^ clk (in)
                                                         clk (net)
                      0.061889    0.000000    0.036823 ^ _49_/CLK (sky130_fd_sc_hd__dfxtp_2)
     3    0.039926    0.185543    0.726975    0.763798 v _49_/Q (sky130_fd_sc_hd__dfxtp_2)
                                                         counter[3] (net)
                      0.185543    0.000000    0.763798 v counter[3] (out)
                                              0.763798   data arrival time

                                  0.000000    0.000000   clock clk (rise edge)
                                  0.000000    0.000000   clock network delay (propagated)
                                  0.250000    0.250000   clock uncertainty
                                  0.000000    0.250000   clock reconvergence pessimism
                                 -2.000000   -1.750000   output external delay
                                             -1.750000   data required time
---------------------------------------------------------------------------------------------
                                             -1.750000   data required time
                                             -0.763798   data arrival time
---------------------------------------------------------------------------------------------
                                              2.513798   slack (MET)


Startpoint: _48_ (rising edge-triggered flip-flop clocked by clk)
Endpoint: counter[2] (output port clocked by clk)
Path Group: clk
Path Type: min

Fanout         Cap        Slew       Delay        Time   Description
---------------------------------------------------------------------------------------------
                                  0.000000    0.000000   clock clk (rise edge)
                                  0.000000    0.000000   clock source latency
     4    0.006872    0.061889    0.036823    0.036823 ^ clk (in)
                                                         clk (net)
                      0.061889    0.000000    0.036823 ^ _48_/CLK (sky130_fd_sc_hd__dfxtp_2)
     5    0.048566    0.218760    0.754416    0.791238 v _48_/Q (sky130_fd_sc_hd__dfxtp_2)
                                                         counter[2] (net)
                      0.218760    0.000000    0.791238 v counter[2] (out)
                                              0.791238   data arrival time

                                  0.000000    0.000000   clock clk (rise edge)
                                  0.000000    0.000000   clock network delay (propagated)
                                  0.250000    0.250000   clock uncertainty
                                  0.000000    0.250000   clock reconvergence pessimism
                                 -2.000000   -1.750000   output external delay
                                             -1.750000   data required time
---------------------------------------------------------------------------------------------
                                             -1.750000   data required time
                                             -0.791238   data arrival time
---------------------------------------------------------------------------------------------
                                              2.541238   slack (MET)


Startpoint: _47_ (rising edge-triggered flip-flop clocked by clk)
Endpoint: counter[1] (output port clocked by clk)
Path Group: clk
Path Type: min

Fanout         Cap        Slew       Delay        Time   Description
---------------------------------------------------------------------------------------------
                                  0.000000    0.000000   clock clk (rise edge)
                                  0.000000    0.000000   clock source latency
     4    0.006872    0.061889    0.036823    0.036823 ^ clk (in)
                                                         clk (net)
                      0.061889    0.000000    0.036823 ^ _47_/CLK (sky130_fd_sc_hd__dfxtp_2)
     6    0.054395    0.241169    0.772928    0.809751 v _47_/Q (sky130_fd_sc_hd__dfxtp_2)
                                                         counter[1] (net)
                      0.241169    0.000000    0.809751 v counter[1] (out)
                                              0.809751   data arrival time

                                  0.000000    0.000000   clock clk (rise edge)
                                  0.000000    0.000000   clock network delay (propagated)
                                  0.250000    0.250000   clock uncertainty
                                  0.000000    0.250000   clock reconvergence pessimism
                                 -2.000000   -1.750000   output external delay
                                             -1.750000   data required time
---------------------------------------------------------------------------------------------
                                             -1.750000   data required time
                                             -0.809751   data arrival time
---------------------------------------------------------------------------------------------
                                              2.559751   slack (MET)


Startpoint: _46_ (rising edge-triggered flip-flop clocked by clk)
Endpoint: counter[0] (output port clocked by clk)
Path Group: clk
Path Type: min

Fanout         Cap        Slew       Delay        Time   Description
---------------------------------------------------------------------------------------------
                                  0.000000    0.000000   clock clk (rise edge)
                                  0.000000    0.000000   clock source latency
     4    0.006872    0.061889    0.036823    0.036823 ^ clk (in)
                                                         clk (net)
                      0.061889    0.000000    0.036823 ^ _46_/CLK (sky130_fd_sc_hd__dfxtp_2)
     7    0.061849    0.270394    0.796135    0.832957 v _46_/Q (sky130_fd_sc_hd__dfxtp_2)
                                                         counter[0] (net)
                      0.270394    0.000000    0.832957 v counter[0] (out)
                                              0.832957   data arrival time

                                  0.000000    0.000000   clock clk (rise edge)
                                  0.000000    0.000000   clock network delay (propagated)
                                  0.250000    0.250000   clock uncertainty
                                  0.000000    0.250000   clock reconvergence pessimism
                                 -2.000000   -1.750000   output external delay
                                             -1.750000   data required time
---------------------------------------------------------------------------------------------
                                             -1.750000   data required time
                                             -0.832957   data arrival time
---------------------------------------------------------------------------------------------
                                              2.582957   slack (MET)



