Reading timing models for corner nom_ss_100C_1v60…
Reading cell library for the 'nom_ss_100C_1v60' corner at '/home/amostafa/.volare/volare/sky130/versions/0fe599b2afb6708d281543108caf8310912f54af/sky130A/libs.ref/sky130_fd_sc_hd/lib/sky130_fd_sc_hd__ss_100C_1v60.lib'…
Reading top-level netlist at '/home/amostafa/vlsi/runs/RUN_2024-12-04_11-30-08/06-yosys-synthesis/counter_dut.nl.v'…
Linking design 'counter_dut' from netlist…
Reading design constraints file at './counter.sdc'…
%OL_CREATE_REPORT min.rpt

===========================================================================
report_checks -path_delay min (Hold)
============================================================================
======================= nom_ss_100C_1v60 Corner ===================================

Startpoint: _46_ (rising edge-triggered flip-flop clocked by clk)
Endpoint: _46_ (rising edge-triggered flip-flop clocked by clk)
Path Group: clk
Path Type: min

Fanout         Cap        Slew       Delay        Time   Description
---------------------------------------------------------------------------------------------
                                  0.000000    0.000000   clock clk (rise edge)
                                  0.000000    0.000000   clock source latency
     4    0.006872    0.061889    0.036823    0.036823 ^ clk (in)
                                                         clk (net)
                      0.061889    0.000000    0.036823 ^ _46_/CLK (sky130_fd_sc_hd__dfxtp_2)
     7    0.061849    0.270394    0.796135    0.832957 v _46_/Q (sky130_fd_sc_hd__dfxtp_2)
                                                         counter[0] (net)
                      0.270394    0.000000    0.832957 v _28_/A1 (sky130_fd_sc_hd__o21ai_2)
     1    0.001537    0.049030    0.266133    1.099090 ^ _28_/Y (sky130_fd_sc_hd__o21ai_2)
                                                         _00_ (net)
                      0.049030    0.000000    1.099090 ^ _46_/D (sky130_fd_sc_hd__dfxtp_2)
                                              1.099090   data arrival time

                                  0.000000    0.000000   clock clk (rise edge)
                                  0.000000    0.000000   clock source latency
     4    0.006872    0.061889    0.036823    0.036823 ^ clk (in)
                                                         clk (net)
                      0.061889    0.000000    0.036823 ^ _46_/CLK (sky130_fd_sc_hd__dfxtp_2)
                                  0.250000    0.286823   clock uncertainty
                                  0.000000    0.286823   clock reconvergence pessimism
                                 -0.068373    0.218450   library hold time
                                              0.218450   data required time
---------------------------------------------------------------------------------------------
                                              0.218450   data required time
                                             -1.099090   data arrival time
---------------------------------------------------------------------------------------------
                                              0.880640   slack (MET)


Startpoint: _48_ (rising edge-triggered flip-flop clocked by clk)
Endpoint: _48_ (rising edge-triggered flip-flop clocked by clk)
Path Group: clk
Path Type: min

Fanout         Cap        Slew       Delay        Time   Description
---------------------------------------------------------------------------------------------
                                  0.000000    0.000000   clock clk (rise edge)
                                  0.000000    0.000000   clock source latency
     4    0.006872    0.061889    0.036823    0.036823 ^ clk (in)
                                                         clk (net)
                      0.061889    0.000000    0.036823 ^ _48_/CLK (sky130_fd_sc_hd__dfxtp_2)
     5    0.048566    0.218760    0.754416    0.791238 v _48_/Q (sky130_fd_sc_hd__dfxtp_2)
                                                         counter[2] (net)
                      0.218760    0.000000    0.791238 v _39_/A1 (sky130_fd_sc_hd__a21oi_2)
     1    0.004518    0.145705    0.267155    1.058394 ^ _39_/Y (sky130_fd_sc_hd__a21oi_2)
                                                         _18_ (net)
                      0.145705    0.000000    1.058394 ^ _40_/B1 (sky130_fd_sc_hd__o21ai_2)
     1    0.001577    0.036438    0.113079    1.171473 v _40_/Y (sky130_fd_sc_hd__o21ai_2)
                                                         _02_ (net)
                      0.036438    0.000000    1.171473 v _48_/D (sky130_fd_sc_hd__dfxtp_2)
                                              1.171473   data arrival time

                                  0.000000    0.000000   clock clk (rise edge)
                                  0.000000    0.000000   clock source latency
     4    0.006872    0.061889    0.036823    0.036823 ^ clk (in)
                                                         clk (net)
                      0.061889    0.000000    0.036823 ^ _48_/CLK (sky130_fd_sc_hd__dfxtp_2)
                                  0.250000    0.286823   clock uncertainty
                                  0.000000    0.286823   clock reconvergence pessimism
                                 -0.079712    0.207111   library hold time
                                              0.207111   data required time
---------------------------------------------------------------------------------------------
                                              0.207111   data required time
                                             -1.171473   data arrival time
---------------------------------------------------------------------------------------------
                                              0.964362   slack (MET)


Startpoint: _49_ (rising edge-triggered flip-flop clocked by clk)
Endpoint: _49_ (rising edge-triggered flip-flop clocked by clk)
Path Group: clk
Path Type: min

Fanout         Cap        Slew       Delay        Time   Description
---------------------------------------------------------------------------------------------
                                  0.000000    0.000000   clock clk (rise edge)
                                  0.000000    0.000000   clock source latency
     4    0.006872    0.061889    0.036823    0.036823 ^ clk (in)
                                                         clk (net)
                      0.061889    0.000000    0.036823 ^ _49_/CLK (sky130_fd_sc_hd__dfxtp_2)
     3    0.039926    0.185543    0.726975    0.763798 v _49_/Q (sky130_fd_sc_hd__dfxtp_2)
                                                         counter[3] (net)
                      0.185543    0.000000    0.763798 v _44_/B (sky130_fd_sc_hd__nand4_2)
     1    0.002501    0.061144    0.172623    0.936421 ^ _44_/Y (sky130_fd_sc_hd__nand4_2)
                                                         _22_ (net)
                      0.061144    0.000000    0.936421 ^ _45_/A3 (sky130_fd_sc_hd__a31o_2)
     1    0.001537    0.049323    0.302779    1.239200 ^ _45_/X (sky130_fd_sc_hd__a31o_2)
                                                         _03_ (net)
                      0.049323    0.000000    1.239200 ^ _49_/D (sky130_fd_sc_hd__dfxtp_2)
                                              1.239200   data arrival time

                                  0.000000    0.000000   clock clk (rise edge)
                                  0.000000    0.000000   clock source latency
     4    0.006872    0.061889    0.036823    0.036823 ^ clk (in)
                                                         clk (net)
                      0.061889    0.000000    0.036823 ^ _49_/CLK (sky130_fd_sc_hd__dfxtp_2)
                                  0.250000    0.286823   clock uncertainty
                                  0.000000    0.286823   clock reconvergence pessimism
                                 -0.068441    0.218382   library hold time
                                              0.218382   data required time
---------------------------------------------------------------------------------------------
                                              0.218382   data required time
                                             -1.239200   data arrival time
---------------------------------------------------------------------------------------------
                                              1.020818   slack (MET)


Startpoint: _47_ (rising edge-triggered flip-flop clocked by clk)
Endpoint: _47_ (rising edge-triggered flip-flop clocked by clk)
Path Group: clk
Path Type: min

Fanout         Cap        Slew       Delay        Time   Description
---------------------------------------------------------------------------------------------
                                  0.000000    0.000000   clock clk (rise edge)
                                  0.000000    0.000000   clock source latency
     4    0.006872    0.061889    0.036823    0.036823 ^ clk (in)
                                                         clk (net)
                      0.061889    0.000000    0.036823 ^ _47_/CLK (sky130_fd_sc_hd__dfxtp_2)
     6    0.056108    0.452749    0.936817    0.973640 ^ _47_/Q (sky130_fd_sc_hd__dfxtp_2)
                                                         counter[1] (net)
                      0.452749    0.000000    0.973640 ^ _33_/A1 (sky130_fd_sc_hd__a21o_2)
     1    0.002495    0.048045    0.366570    1.340210 ^ _33_/X (sky130_fd_sc_hd__a21o_2)
                                                         _13_ (net)
                      0.048045    0.000000    1.340210 ^ _34_/B1 (sky130_fd_sc_hd__a31o_2)
     1    0.001537    0.045732    0.141421    1.481631 ^ _34_/X (sky130_fd_sc_hd__a31o_2)
                                                         _01_ (net)
                      0.045732    0.000000    1.481631 ^ _47_/D (sky130_fd_sc_hd__dfxtp_2)
                                              1.481631   data arrival time

                                  0.000000    0.000000   clock clk (rise edge)
                                  0.000000    0.000000   clock source latency
     4    0.006872    0.061889    0.036823    0.036823 ^ clk (in)
                                                         clk (net)
                      0.061889    0.000000    0.036823 ^ _47_/CLK (sky130_fd_sc_hd__dfxtp_2)
                                  0.250000    0.286823   clock uncertainty
                                  0.000000    0.286823   clock reconvergence pessimism
                                 -0.067610    0.219213   library hold time
                                              0.219213   data required time
---------------------------------------------------------------------------------------------
                                              0.219213   data required time
                                             -1.481631   data arrival time
---------------------------------------------------------------------------------------------
                                              1.262418   slack (MET)


Startpoint: _49_ (rising edge-triggered flip-flop clocked by clk)
Endpoint: counter[3] (output port clocked by clk)
Path Group: clk
Path Type: min

Fanout         Cap        Slew       Delay        Time   Description
---------------------------------------------------------------------------------------------
                                  0.000000    0.000000   clock clk (rise edge)
                                  0.000000    0.000000   clock source latency
     4    0.006872    0.061889    0.036823    0.036823 ^ clk (in)
                                                         clk (net)
                      0.061889    0.000000    0.036823 ^ _49_/CLK (sky130_fd_sc_hd__dfxtp_2)
     3    0.039926    0.185543    0.726975    0.763798 v _49_/Q (sky130_fd_sc_hd__dfxtp_2)
                                                         counter[3] (net)
                      0.185543    0.000000    0.763798 v counter[3] (out)
                                              0.763798   data arrival time

                                  0.000000    0.000000   clock clk (rise edge)
                                  0.000000    0.000000   clock network delay (propagated)
                                  0.250000    0.250000   clock uncertainty
                                  0.000000    0.250000   clock reconvergence pessimism
                                 -2.000000   -1.750000   output external delay
                                             -1.750000   data required time
---------------------------------------------------------------------------------------------
                                             -1.750000   data required time
                                             -0.763798   data arrival time
---------------------------------------------------------------------------------------------
                                              2.513798   slack (MET)


Startpoint: _48_ (rising edge-triggered flip-flop clocked by clk)
Endpoint: counter[2] (output port clocked by clk)
Path Group: clk
Path Type: min

Fanout         Cap        Slew       Delay        Time   Description
---------------------------------------------------------------------------------------------
                                  0.000000    0.000000   clock clk (rise edge)
                                  0.000000    0.000000   clock source latency
     4    0.006872    0.061889    0.036823    0.036823 ^ clk (in)
                                                         clk (net)
                      0.061889    0.000000    0.036823 ^ _48_/CLK (sky130_fd_sc_hd__dfxtp_2)
     5    0.048566    0.218760    0.754416    0.791238 v _48_/Q (sky130_fd_sc_hd__dfxtp_2)
                                                         counter[2] (net)
                      0.218760    0.000000    0.791238 v counter[2] (out)
                                              0.791238   data arrival time

                                  0.000000    0.000000   clock clk (rise edge)
                                  0.000000    0.000000   clock network delay (propagated)
                                  0.250000    0.250000   clock uncertainty
                                  0.000000    0.250000   clock reconvergence pessimism
                                 -2.000000   -1.750000   output external delay
                                             -1.750000   data required time
---------------------------------------------------------------------------------------------
                                             -1.750000   data required time
                                             -0.791238   data arrival time
---------------------------------------------------------------------------------------------
                                              2.541238   slack (MET)


Startpoint: _47_ (rising edge-triggered flip-flop clocked by clk)
Endpoint: counter[1] (output port clocked by clk)
Path Group: clk
Path Type: min

Fanout         Cap        Slew       Delay        Time   Description
---------------------------------------------------------------------------------------------
                                  0.000000    0.000000   clock clk (rise edge)
                                  0.000000    0.000000   clock source latency
     4    0.006872    0.061889    0.036823    0.036823 ^ clk (in)
                                                         clk (net)
                      0.061889    0.000000    0.036823 ^ _47_/CLK (sky130_fd_sc_hd__dfxtp_2)
     6    0.054395    0.241169    0.772928    0.809751 v _47_/Q (sky130_fd_sc_hd__dfxtp_2)
                                                         counter[1] (net)
                      0.241169    0.000000    0.809751 v counter[1] (out)
                                              0.809751   data arrival time

                                  0.000000    0.000000   clock clk (rise edge)
                                  0.000000    0.000000   clock network delay (propagated)
                                  0.250000    0.250000   clock uncertainty
                                  0.000000    0.250000   clock reconvergence pessimism
                                 -2.000000   -1.750000   output external delay
                                             -1.750000   data required time
---------------------------------------------------------------------------------------------
                                             -1.750000   data required time
                                             -0.809751   data arrival time
---------------------------------------------------------------------------------------------
                                              2.559751   slack (MET)


Startpoint: _46_ (rising edge-triggered flip-flop clocked by clk)
Endpoint: counter[0] (output port clocked by clk)
Path Group: clk
Path Type: min

Fanout         Cap        Slew       Delay        Time   Description
---------------------------------------------------------------------------------------------
                                  0.000000    0.000000   clock clk (rise edge)
                                  0.000000    0.000000   clock source latency
     4    0.006872    0.061889    0.036823    0.036823 ^ clk (in)
                                                         clk (net)
                      0.061889    0.000000    0.036823 ^ _46_/CLK (sky130_fd_sc_hd__dfxtp_2)
     7    0.061849    0.270394    0.796135    0.832957 v _46_/Q (sky130_fd_sc_hd__dfxtp_2)
                                                         counter[0] (net)
                      0.270394    0.000000    0.832957 v counter[0] (out)
                                              0.832957   data arrival time

                                  0.000000    0.000000   clock clk (rise edge)
                                  0.000000    0.000000   clock network delay (propagated)
                                  0.250000    0.250000   clock uncertainty
                                  0.000000    0.250000   clock reconvergence pessimism
                                 -2.000000   -1.750000   output external delay
                                             -1.750000   data required time
---------------------------------------------------------------------------------------------
                                             -1.750000   data required time
                                             -0.832957   data arrival time
---------------------------------------------------------------------------------------------
                                              2.582957   slack (MET)



%OL_END_REPORT
%OL_CREATE_REPORT max.rpt

===========================================================================
report_checks -path_delay max (Setup)
============================================================================
======================= nom_ss_100C_1v60 Corner ===================================

Startpoint: up_down (input port clocked by clk)
Endpoint: _49_ (rising edge-triggered flip-flop clocked by clk)
Path Group: clk
Path Type: max

Fanout         Cap        Slew       Delay        Time   Description
---------------------------------------------------------------------------------------------
                                  0.000000    0.000000   clock clk (rise edge)
                                  0.000000    0.000000   clock network delay (propagated)
                                  2.000000    2.000000 v input external delay
     5    0.015389    0.070357    0.047553    2.047553 v up_down (in)
                                                         up_down (net)
                      0.070357    0.000000    2.047553 v _42_/A_N (sky130_fd_sc_hd__nand2b_2)
     2    0.006545    0.108116    0.370439    2.417993 v _42_/Y (sky130_fd_sc_hd__nand2b_2)
                                                         _20_ (net)
                      0.108116    0.000000    2.417993 v _43_/A3 (sky130_fd_sc_hd__a31o_2)
     1    0.002291    0.060966    0.448076    2.866069 v _43_/X (sky130_fd_sc_hd__a31o_2)
                                                         _21_ (net)
                      0.060966    0.000000    2.866069 v _45_/A2 (sky130_fd_sc_hd__a31o_2)
     1    0.001577    0.056465    0.397590    3.263659 v _45_/X (sky130_fd_sc_hd__a31o_2)
                                                         _03_ (net)
                      0.056465    0.000000    3.263659 v _49_/D (sky130_fd_sc_hd__dfxtp_2)
                                              3.263659   data arrival time

                                 10.000000   10.000000   clock clk (rise edge)
                                  0.000000   10.000000   clock source latency
     4    0.006872    0.061889    0.036823   10.036823 ^ clk (in)
                                                         clk (net)
                      0.061889    0.000000   10.036823 ^ _49_/CLK (sky130_fd_sc_hd__dfxtp_2)
                                 -0.250000    9.786823   clock uncertainty
                                  0.000000    9.786823   clock reconvergence pessimism
                                 -0.270955    9.515867   library setup time
                                              9.515867   data required time
---------------------------------------------------------------------------------------------
                                              9.515867   data required time
                                             -3.263659   data arrival time
---------------------------------------------------------------------------------------------
                                              6.252209   slack (MET)


Startpoint: up_down (input port clocked by clk)
Endpoint: _48_ (rising edge-triggered flip-flop clocked by clk)
Path Group: clk
Path Type: max

Fanout         Cap        Slew       Delay        Time   Description
---------------------------------------------------------------------------------------------
                                  0.000000    0.000000   clock clk (rise edge)
                                  0.000000    0.000000   clock network delay (propagated)
                                  2.000000    2.000000 v input external delay
     5    0.015389    0.070357    0.047553    2.047553 v up_down (in)
                                                         up_down (net)
                      0.070357    0.000000    2.047553 v _30_/A (sky130_fd_sc_hd__or2_2)
     2    0.012761    0.166928    0.741076    2.788629 v _30_/X (sky130_fd_sc_hd__or2_2)
                                                         _10_ (net)
                      0.166928    0.000000    2.788629 v _38_/A (sky130_fd_sc_hd__xnor2_2)
     1    0.004691    0.189543    0.284890    3.073519 ^ _38_/Y (sky130_fd_sc_hd__xnor2_2)
                                                         _17_ (net)
                      0.189543    0.000000    3.073519 ^ _40_/A2 (sky130_fd_sc_hd__o21ai_2)
     1    0.001577    0.060537    0.122952    3.196471 v _40_/Y (sky130_fd_sc_hd__o21ai_2)
                                                         _02_ (net)
                      0.060537    0.000000    3.196471 v _48_/D (sky130_fd_sc_hd__dfxtp_2)
                                              3.196471   data arrival time

                                 10.000000   10.000000   clock clk (rise edge)
                                  0.000000   10.000000   clock source latency
     4    0.006872    0.061889    0.036823   10.036823 ^ clk (in)
                                                         clk (net)
                      0.061889    0.000000   10.036823 ^ _48_/CLK (sky130_fd_sc_hd__dfxtp_2)
                                 -0.250000    9.786823   clock uncertainty
                                  0.000000    9.786823   clock reconvergence pessimism
                                 -0.272648    9.514174   library setup time
                                              9.514174   data required time
---------------------------------------------------------------------------------------------
                                              9.514174   data required time
                                             -3.196471   data arrival time
---------------------------------------------------------------------------------------------
                                              6.317703   slack (MET)


Startpoint: up_down (input port clocked by clk)
Endpoint: _47_ (rising edge-triggered flip-flop clocked by clk)
Path Group: clk
Path Type: max

Fanout         Cap        Slew       Delay        Time   Description
---------------------------------------------------------------------------------------------
                                  0.000000    0.000000   clock clk (rise edge)
                                  0.000000    0.000000   clock network delay (propagated)
                                  2.000000    2.000000 v input external delay
     5    0.015389    0.070357    0.047553    2.047553 v up_down (in)
                                                         up_down (net)
                      0.070357    0.000000    2.047553 v _30_/A (sky130_fd_sc_hd__or2_2)
     2    0.012761    0.166928    0.741076    2.788629 v _30_/X (sky130_fd_sc_hd__or2_2)
                                                         _10_ (net)
                      0.166928    0.000000    2.788629 v _32_/A (sky130_fd_sc_hd__nand2_2)
     1    0.002501    0.061651    0.115327    2.903956 ^ _32_/Y (sky130_fd_sc_hd__nand2_2)
                                                         _12_ (net)
                      0.061651    0.000000    2.903956 ^ _34_/A3 (sky130_fd_sc_hd__a31o_2)
     1    0.001537    0.060216    0.302972    3.206928 ^ _34_/X (sky130_fd_sc_hd__a31o_2)
                                                         _01_ (net)
                      0.060216    0.000000    3.206928 ^ _47_/D (sky130_fd_sc_hd__dfxtp_2)
                                              3.206928   data arrival time

                                 10.000000   10.000000   clock clk (rise edge)
                                  0.000000   10.000000   clock source latency
     4    0.006872    0.061889    0.036823   10.036823 ^ clk (in)
                                                         clk (net)
                      0.061889    0.000000   10.036823 ^ _47_/CLK (sky130_fd_sc_hd__dfxtp_2)
                                 -0.250000    9.786823   clock uncertainty
                                  0.000000    9.786823   clock reconvergence pessimism
                                 -0.139887    9.646936   library setup time
                                              9.646936   data required time
---------------------------------------------------------------------------------------------
                                              9.646936   data required time
                                             -3.206928   data arrival time
---------------------------------------------------------------------------------------------
                                              6.440008   slack (MET)


Startpoint: _46_ (rising edge-triggered flip-flop clocked by clk)
Endpoint: counter[0] (output port clocked by clk)
Path Group: clk
Path Type: max

Fanout         Cap        Slew       Delay        Time   Description
---------------------------------------------------------------------------------------------
                                  0.000000    0.000000   clock clk (rise edge)
                                  0.000000    0.000000   clock source latency
     4    0.006872    0.061889    0.036823    0.036823 ^ clk (in)
                                                         clk (net)
                      0.061889    0.000000    0.036823 ^ _46_/CLK (sky130_fd_sc_hd__dfxtp_2)
     7    0.063987    0.513305    0.980143    1.016966 ^ _46_/Q (sky130_fd_sc_hd__dfxtp_2)
                                                         counter[0] (net)
                      0.513305    0.000000    1.016966 ^ counter[0] (out)
                                              1.016966   data arrival time

                                 10.000000   10.000000   clock clk (rise edge)
                                  0.000000   10.000000   clock network delay (propagated)
                                 -0.250000    9.750000   clock uncertainty
                                  0.000000    9.750000   clock reconvergence pessimism
                                 -2.000000    7.750000   output external delay
                                              7.750000   data required time
---------------------------------------------------------------------------------------------
                                              7.750000   data required time
                                             -1.016966   data arrival time
---------------------------------------------------------------------------------------------
                                              6.733034   slack (MET)


Startpoint: _47_ (rising edge-triggered flip-flop clocked by clk)
Endpoint: counter[1] (output port clocked by clk)
Path Group: clk
Path Type: max

Fanout         Cap        Slew       Delay        Time   Description
---------------------------------------------------------------------------------------------
                                  0.000000    0.000000   clock clk (rise edge)
                                  0.000000    0.000000   clock source latency
     4    0.006872    0.061889    0.036823    0.036823 ^ clk (in)
                                                         clk (net)
                      0.061889    0.000000    0.036823 ^ _47_/CLK (sky130_fd_sc_hd__dfxtp_2)
     6    0.056108    0.452749    0.936817    0.973640 ^ _47_/Q (sky130_fd_sc_hd__dfxtp_2)
                                                         counter[1] (net)
                      0.452749    0.000000    0.973640 ^ counter[1] (out)
                                              0.973640   data arrival time

                                 10.000000   10.000000   clock clk (rise edge)
                                  0.000000   10.000000   clock network delay (propagated)
                                 -0.250000    9.750000   clock uncertainty
                                  0.000000    9.750000   clock reconvergence pessimism
                                 -2.000000    7.750000   output external delay
                                              7.750000   data required time
---------------------------------------------------------------------------------------------
                                              7.750000   data required time
                                             -0.973640   data arrival time
---------------------------------------------------------------------------------------------
                                              6.776360   slack (MET)


Startpoint: _48_ (rising edge-triggered flip-flop clocked by clk)
Endpoint: counter[2] (output port clocked by clk)
Path Group: clk
Path Type: max

Fanout         Cap        Slew       Delay        Time   Description
---------------------------------------------------------------------------------------------
                                  0.000000    0.000000   clock clk (rise edge)
                                  0.000000    0.000000   clock source latency
     4    0.006872    0.061889    0.036823    0.036823 ^ clk (in)
                                                         clk (net)
                      0.061889    0.000000    0.036823 ^ _48_/CLK (sky130_fd_sc_hd__dfxtp_2)
     5    0.049860    0.405229    0.902239    0.939062 ^ _48_/Q (sky130_fd_sc_hd__dfxtp_2)
                                                         counter[2] (net)
                      0.405229    0.000000    0.939062 ^ counter[2] (out)
                                              0.939062   data arrival time

                                 10.000000   10.000000   clock clk (rise edge)
                                  0.000000   10.000000   clock network delay (propagated)
                                 -0.250000    9.750000   clock uncertainty
                                  0.000000    9.750000   clock reconvergence pessimism
                                 -2.000000    7.750000   output external delay
                                              7.750000   data required time
---------------------------------------------------------------------------------------------
                                              7.750000   data required time
                                             -0.939062   data arrival time
---------------------------------------------------------------------------------------------
                                              6.810938   slack (MET)


Startpoint: _49_ (rising edge-triggered flip-flop clocked by clk)
Endpoint: counter[3] (output port clocked by clk)
Path Group: clk
Path Type: max

Fanout         Cap        Slew       Delay        Time   Description
---------------------------------------------------------------------------------------------
                                  0.000000    0.000000   clock clk (rise edge)
                                  0.000000    0.000000   clock source latency
     4    0.006872    0.061889    0.036823    0.036823 ^ clk (in)
                                                         clk (net)
                      0.061889    0.000000    0.036823 ^ _49_/CLK (sky130_fd_sc_hd__dfxtp_2)
     3    0.040421    0.333441    0.850002    0.886825 ^ _49_/Q (sky130_fd_sc_hd__dfxtp_2)
                                                         counter[3] (net)
                      0.333441    0.000000    0.886825 ^ counter[3] (out)
                                              0.886825   data arrival time

                                 10.000000   10.000000   clock clk (rise edge)
                                  0.000000   10.000000   clock network delay (propagated)
                                 -0.250000    9.750000   clock uncertainty
                                  0.000000    9.750000   clock reconvergence pessimism
                                 -2.000000    7.750000   output external delay
                                              7.750000   data required time
---------------------------------------------------------------------------------------------
                                              7.750000   data required time
                                             -0.886825   data arrival time
---------------------------------------------------------------------------------------------
                                              6.863175   slack (MET)


Startpoint: enable (input port clocked by clk)
Endpoint: _46_ (rising edge-triggered flip-flop clocked by clk)
Path Group: clk
Path Type: max

Fanout         Cap        Slew       Delay        Time   Description
---------------------------------------------------------------------------------------------
                                  0.000000    0.000000   clock clk (rise edge)
                                  0.000000    0.000000   clock network delay (propagated)
                                  2.000000    2.000000 ^ input external delay
     5    0.018470    0.141729    0.094340    2.094340 ^ enable (in)
                                                         enable (net)
                      0.141729    0.000000    2.094340 ^ _26_/A (sky130_fd_sc_hd__nor2_2)
     3    0.011581    0.074816    0.126617    2.220958 v _26_/Y (sky130_fd_sc_hd__nor2_2)
                                                         _07_ (net)
                      0.074816    0.000000    2.220958 v _27_/A2 (sky130_fd_sc_hd__a21oi_2)
     1    0.004518    0.160081    0.228677    2.449635 ^ _27_/Y (sky130_fd_sc_hd__a21oi_2)
                                                         _08_ (net)
                      0.160081    0.000000    2.449635 ^ _28_/B1 (sky130_fd_sc_hd__o21ai_2)
     1    0.001577    0.084603    0.118723    2.568358 v _28_/Y (sky130_fd_sc_hd__o21ai_2)
                                                         _00_ (net)
                      0.084603    0.000000    2.568358 v _46_/D (sky130_fd_sc_hd__dfxtp_2)
                                              2.568358   data arrival time

                                 10.000000   10.000000   clock clk (rise edge)
                                  0.000000   10.000000   clock source latency
     4    0.006872    0.061889    0.036823   10.036823 ^ clk (in)
                                                         clk (net)
                      0.061889    0.000000   10.036823 ^ _46_/CLK (sky130_fd_sc_hd__dfxtp_2)
                                 -0.250000    9.786823   clock uncertainty
                                  0.000000    9.786823   clock reconvergence pessimism
                                 -0.282653    9.504170   library setup time
                                              9.504170   data required time
---------------------------------------------------------------------------------------------
                                              9.504170   data required time
                                             -2.568358   data arrival time
---------------------------------------------------------------------------------------------
                                              6.935812   slack (MET)



%OL_END_REPORT
%OL_CREATE_REPORT checks.rpt

===========================================================================
report_checks -unconstrained
===========================================================================
======================= nom_ss_100C_1v60 Corner ===================================

Startpoint: up_down (input port clocked by clk)
Endpoint: _49_ (rising edge-triggered flip-flop clocked by clk)
Path Group: clk
Path Type: max

Fanout         Cap        Slew       Delay        Time   Description
---------------------------------------------------------------------------------------------
                                  0.000000    0.000000   clock clk (rise edge)
                                  0.000000    0.000000   clock network delay (propagated)
                                  2.000000    2.000000 v input external delay
     5    0.015389    0.070357    0.047553    2.047553 v up_down (in)
                                                         up_down (net)
                      0.070357    0.000000    2.047553 v _42_/A_N (sky130_fd_sc_hd__nand2b_2)
     2    0.006545    0.108116    0.370439    2.417993 v _42_/Y (sky130_fd_sc_hd__nand2b_2)
                                                         _20_ (net)
                      0.108116    0.000000    2.417993 v _43_/A3 (sky130_fd_sc_hd__a31o_2)
     1    0.002291    0.060966    0.448076    2.866069 v _43_/X (sky130_fd_sc_hd__a31o_2)
                                                         _21_ (net)
                      0.060966    0.000000    2.866069 v _45_/A2 (sky130_fd_sc_hd__a31o_2)
     1    0.001577    0.056465    0.397590    3.263659 v _45_/X (sky130_fd_sc_hd__a31o_2)
                                                         _03_ (net)
                      0.056465    0.000000    3.263659 v _49_/D (sky130_fd_sc_hd__dfxtp_2)
                                              3.263659   data arrival time

                                 10.000000   10.000000   clock clk (rise edge)
                                  0.000000   10.000000   clock source latency
     4    0.006872    0.061889    0.036823   10.036823 ^ clk (in)
                                                         clk (net)
                      0.061889    0.000000   10.036823 ^ _49_/CLK (sky130_fd_sc_hd__dfxtp_2)
                                 -0.250000    9.786823   clock uncertainty
                                  0.000000    9.786823   clock reconvergence pessimism
                                 -0.270955    9.515867   library setup time
                                              9.515867   data required time
---------------------------------------------------------------------------------------------
                                              9.515867   data required time
                                             -3.263659   data arrival time
---------------------------------------------------------------------------------------------
                                              6.252209   slack (MET)




===========================================================================
report_checks --slack_max -0.01
============================================================================
======================= nom_ss_100C_1v60 Corner ===================================

No paths found.


===========================================================================
 report_check_types -max_slew -max_cap -max_fanout -violators
============================================================================
======================= nom_ss_100C_1v60 Corner ===================================



===========================================================================
report_parasitic_annotation -report_unannotated
============================================================================
Found 31 unannotated drivers.
 clk
 enable
 reset
 up_down
 _23_/Y
 _24_/Y
 _25_/Y
 _26_/Y
 _27_/Y
 _28_/Y
 _29_/X
 _30_/X
 _31_/Y
 _32_/Y
 _33_/X
 _34_/X
 _35_/X
 _36_/Y
 _37_/Y
 _38_/Y
 _39_/Y
 _40_/Y
 _41_/Y
 _42_/Y
 _43_/X
 _44_/Y
 _45_/X
 _46_/Q
 _47_/Q
 _48_/Q
 _49_/Q
Found 0 partially unannotated drivers.

===========================================================================
max slew violation count 0
%OL_METRIC_I design__max_slew_violation__count__corner:nom_ss_100C_1v60 0
max fanout violation count 0
%OL_METRIC_I design__max_fanout_violation__count__corner:nom_ss_100C_1v60 0
max cap violation count 0
%OL_METRIC_I design__max_cap_violation__count__corner:nom_ss_100C_1v60 0
============================================================================

===========================================================================
check_setup -verbose -unconstrained_endpoints -multiple_clock -no_clock -no_input_delay -loops -generated_clocks
===========================================================================
%OL_END_REPORT
%OL_CREATE_REPORT power.rpt

===========================================================================
 report_power
============================================================================
======================= nom_ss_100C_1v60 Corner ===================================

Group                    Internal    Switching      Leakage        Total
                            Power        Power        Power        Power (Watts)
------------------------------------------------------------------------
Sequential           1.478650e-05 6.618201e-06 6.187111e-08 2.146658e-05  67.2%
Combinational        6.414356e-06 3.972327e-06 1.018124e-07 1.048849e-05  32.8%
Clock                0.000000e+00 0.000000e+00 0.000000e+00 0.000000e+00   0.0%
Macro                0.000000e+00 0.000000e+00 0.000000e+00 0.000000e+00   0.0%
Pad                  0.000000e+00 0.000000e+00 0.000000e+00 0.000000e+00   0.0%
------------------------------------------------------------------------
Total                2.120086e-05 1.059053e-05 1.636835e-07 3.195507e-05 100.0%
                            66.3%        33.1%         0.5%
%OL_METRIC_F power__internal__total 2.1200859919190407e-5
%OL_METRIC_F power__switching__total 1.0590529200271703e-5
%OL_METRIC_F power__leakage__total 1.6368352362405858e-7
%OL_METRIC_F power__total 3.1955070880940184e-5

%OL_END_REPORT
%OL_CREATE_REPORT skew.min.rpt

===========================================================================
Clock Skew (Hold)
============================================================================
%OL_METRIC_F clock__skew__worst_hold__corner:nom_ss_100C_1v60 -0.25
======================= nom_ss_100C_1v60 Corner ===================================

Clock clk
0.036823 source latency _46_/CLK ^
-0.036823 target latency _46_/CLK ^
-0.250000 clock uncertainty
0.000000 CRPR
--------------
-0.250000 hold skew

%OL_END_REPORT
%OL_CREATE_REPORT skew.max.rpt

===========================================================================
Clock Skew (Setup)
============================================================================
%OL_METRIC_F clock__skew__worst_setup__corner:nom_ss_100C_1v60 0.25
======================= nom_ss_100C_1v60 Corner ===================================

Clock clk
0.036823 source latency _46_/CLK ^
-0.036823 target latency _46_/CLK ^
0.250000 clock uncertainty
0.000000 CRPR
--------------
0.250000 setup skew

%OL_END_REPORT
%OL_CREATE_REPORT ws.min.rpt

===========================================================================
Worst Slack (Hold)
============================================================================
%OL_METRIC_F timing__hold__ws__corner:nom_ss_100C_1v60 0.8806400302691214
nom_ss_100C_1v60: 0.8806400302691214
%OL_END_REPORT
%OL_CREATE_REPORT ws.max.rpt

===========================================================================
Worst Slack (Setup)
============================================================================
%OL_METRIC_F timing__setup__ws__corner:nom_ss_100C_1v60 6.252208705503231
nom_ss_100C_1v60: 6.252208705503231
%OL_END_REPORT
%OL_CREATE_REPORT tns.min.rpt

===========================================================================
Total Negative Slack (Hold)
============================================================================
%OL_METRIC_F timing__hold__tns__corner:nom_ss_100C_1v60 0.0
nom_ss_100C_1v60: 0.0
%OL_END_REPORT
%OL_CREATE_REPORT tns.max.rpt

===========================================================================
Total Negative Slack (Setup)
============================================================================
%OL_METRIC_F timing__setup__tns__corner:nom_ss_100C_1v60 0.0
nom_ss_100C_1v60: 0.0
%OL_END_REPORT
%OL_CREATE_REPORT wns.min.rpt

===========================================================================
Worst Negative Slack (Hold)
============================================================================
%OL_METRIC_F timing__hold__wns__corner:nom_ss_100C_1v60 0
nom_ss_100C_1v60: 0
%OL_END_REPORT
%OL_CREATE_REPORT wns.max.rpt

===========================================================================
Worst Negative Slack (Setup)
============================================================================
%OL_METRIC_F timing__setup__wns__corner:nom_ss_100C_1v60 0.0
nom_ss_100C_1v60: 0.0
%OL_END_REPORT
%OL_CREATE_REPORT violator_list.rpt

===========================================================================
Violator List
============================================================================
%OL_METRIC_I timing__hold_vio__count__corner:nom_ss_100C_1v60 0
%OL_METRIC_F timing__hold_r2r__ws__corner:nom_ss_100C_1v60 0.880640
%OL_METRIC_I timing__hold_r2r_vio__count__corner:nom_ss_100C_1v60 0
%OL_METRIC_I timing__setup_vio__count__corner:nom_ss_100C_1v60 0
%OL_METRIC_F timing__setup_r2r__ws__corner:nom_ss_100C_1v60 inf
%OL_METRIC_I timing__setup_r2r_vio__count__corner:nom_ss_100C_1v60 0
%OL_END_REPORT
%OL_CREATE_REPORT unpropagated.rpt
%OL_END_REPORT
%OL_CREATE_REPORT clock.rpt
Clock: clk
Sources: clk 
Generated: no
Virtual: yes
Propagated: no
Period: 10.000000

===========================================================================
report_clock_properties
============================================================================
Clock                   Period          Waveform
----------------------------------------------------
clk                  10.000000    0.000000  5.000000

===========================================================================
report_clock_latency
============================================================================
Clock clk
rise -> rise
    min     max
0.000000 0.000000 source latency
0.036823         network latency _46_/CLK
        0.036823 network latency _46_/CLK
---------------
0.036823 0.036823 latency
        0.000000 skew

fall -> fall
    min     max
0.000000 0.000000 source latency
0.020379         network latency _46_/CLK
        0.020379 network latency _46_/CLK
---------------
0.020379 0.020379 latency
        0.000000 skew



===========================================================================
report_clock_min_period
============================================================================
clk period_min = 2.92 fmax = 341.97
%OL_END_REPORT
Writing SDF files for all corners…
