Reading timing models for corner min_ff_n40C_1v95…
Reading cell library for the 'min_ff_n40C_1v95' corner at '/home/amostafa/.volare/volare/sky130/versions/0fe599b2afb6708d281543108caf8310912f54af/sky130A/libs.ref/sky130_fd_sc_hd/lib/sky130_fd_sc_hd__ff_n40C_1v95.lib'…
Reading top-level netlist at '/home/amostafa/vlsi/runs/RUN_2024-12-04_10-05-49/10-openroad-detailedrouting/counter_dut.nl.v'…
Linking design 'counter_dut' from netlist…
Reading design constraints file at '/nix/store/aa5sq0vfmlwcpk9wklr9xcijzjjlc39j-python3-3.11.9-env/lib/python3.11/site-packages/openlane/scripts/base.sdc'…
[INFO] Using clock clk…
[INFO] Setting output delay to: 2.0
[INFO] Setting input delay to: 2.0
[INFO] Setting load to: 0.033442
[INFO] Setting clock uncertainty to: 0.25
[INFO] Setting clock transition to: 0.1499999999999999944488848768742172978818416595458984375
[INFO] Setting timing derate to: 5%
Reading top-level design parasitics for the 'min_ff_n40C_1v95' corner at '/home/amostafa/vlsi/runs/RUN_2024-12-04_10-05-49/12-openroad-rcx/min/counter_dut.min.spef'…
%OL_CREATE_REPORT min.rpt

===========================================================================
report_checks -path_delay min (Hold)
============================================================================
======================= min_ff_n40C_1v95 Corner ===================================

Startpoint: _46_ (rising edge-triggered flip-flop clocked by clk)
Endpoint: _46_ (rising edge-triggered flip-flop clocked by clk)
Path Group: clk
Path Type: min

Fanout         Cap        Slew       Delay        Time   Description
---------------------------------------------------------------------------------------------
                                  0.000000    0.000000   clock clk (rise edge)
                                  0.000000    0.000000   clock source latency
     1    0.009481    0.036749    0.023798    0.023798 ^ clk (in)
                                                         clk (net)
                      0.036749    0.000000    0.023798 ^ clkbuf_0_clk/A (sky130_fd_sc_hd__clkbuf_16)
     2    0.017764    0.029693    0.084662    0.108460 ^ clkbuf_0_clk/X (sky130_fd_sc_hd__clkbuf_16)
                                                         clknet_0_clk (net)
                      0.029693    0.000115    0.108575 ^ clkbuf_1_1__f_clk/A (sky130_fd_sc_hd__clkbuf_16)
     2    0.005511    0.021341    0.073797    0.182373 ^ clkbuf_1_1__f_clk/X (sky130_fd_sc_hd__clkbuf_16)
                                                         clknet_1_1__leaf_clk (net)
                      0.021341    0.000057    0.182429 ^ _46_/CLK (sky130_fd_sc_hd__dfxtp_2)
     7    0.024958    0.098961    0.242680    0.425109 ^ _46_/Q (sky130_fd_sc_hd__dfxtp_2)
                                                         net4 (net)
                      0.098961    0.000394    0.425503 ^ _28_/A1 (sky130_fd_sc_hd__o21ai_1)
     1    0.002134    0.020483    0.043792    0.469295 v _28_/Y (sky130_fd_sc_hd__o21ai_1)
                                                         _00_ (net)
                      0.020483    0.000020    0.469315 v _46_/D (sky130_fd_sc_hd__dfxtp_2)
                                              0.469315   data arrival time

                                  0.000000    0.000000   clock clk (rise edge)
                                  0.000000    0.000000   clock source latency
     1    0.009481    0.036749    0.023798    0.023798 ^ clk (in)
                                                         clk (net)
                      0.036749    0.000000    0.023798 ^ clkbuf_0_clk/A (sky130_fd_sc_hd__clkbuf_16)
     2    0.017764    0.029693    0.084662    0.108460 ^ clkbuf_0_clk/X (sky130_fd_sc_hd__clkbuf_16)
                                                         clknet_0_clk (net)
                      0.029693    0.000115    0.108575 ^ clkbuf_1_1__f_clk/A (sky130_fd_sc_hd__clkbuf_16)
     2    0.005511    0.021341    0.073797    0.182373 ^ clkbuf_1_1__f_clk/X (sky130_fd_sc_hd__clkbuf_16)
                                                         clknet_1_1__leaf_clk (net)
                      0.021341    0.000057    0.182429 ^ _46_/CLK (sky130_fd_sc_hd__dfxtp_2)
                                  0.250000    0.432429   clock uncertainty
                                  0.000000    0.432429   clock reconvergence pessimism
                                 -0.032109    0.400320   library hold time
                                              0.400320   data required time
---------------------------------------------------------------------------------------------
                                              0.400320   data required time
                                             -0.469315   data arrival time
---------------------------------------------------------------------------------------------
                                              0.068995   slack (MET)


Startpoint: _48_ (rising edge-triggered flip-flop clocked by clk)
Endpoint: _48_ (rising edge-triggered flip-flop clocked by clk)
Path Group: clk
Path Type: min

Fanout         Cap        Slew       Delay        Time   Description
---------------------------------------------------------------------------------------------
                                  0.000000    0.000000   clock clk (rise edge)
                                  0.000000    0.000000   clock source latency
     1    0.009481    0.036749    0.023798    0.023798 ^ clk (in)
                                                         clk (net)
                      0.036749    0.000000    0.023798 ^ clkbuf_0_clk/A (sky130_fd_sc_hd__clkbuf_16)
     2    0.017764    0.029693    0.084662    0.108460 ^ clkbuf_0_clk/X (sky130_fd_sc_hd__clkbuf_16)
                                                         clknet_0_clk (net)
                      0.029693    0.000115    0.108575 ^ clkbuf_1_1__f_clk/A (sky130_fd_sc_hd__clkbuf_16)
     2    0.005511    0.021341    0.073797    0.182373 ^ clkbuf_1_1__f_clk/X (sky130_fd_sc_hd__clkbuf_16)
                                                         clknet_1_1__leaf_clk (net)
                      0.021341    0.000072    0.182444 ^ _48_/CLK (sky130_fd_sc_hd__dfxtp_1)
     5    0.017059    0.124856    0.250009    0.432453 ^ _48_/Q (sky130_fd_sc_hd__dfxtp_1)
                                                         net6 (net)
                      0.124856    0.000282    0.432735 ^ _39_/A1 (sky130_fd_sc_hd__a21oi_1)
     1    0.002151    0.037935    0.039850    0.472586 v _39_/Y (sky130_fd_sc_hd__a21oi_1)
                                                         _18_ (net)
                      0.037935    0.000008    0.472594 v _40_/B1 (sky130_fd_sc_hd__o21ai_1)
     1    0.002321    0.035432    0.044980    0.517575 ^ _40_/Y (sky130_fd_sc_hd__o21ai_1)
                                                         _02_ (net)
                      0.035432    0.000016    0.517591 ^ _48_/D (sky130_fd_sc_hd__dfxtp_1)
                                              0.517591   data arrival time

                                  0.000000    0.000000   clock clk (rise edge)
                                  0.000000    0.000000   clock source latency
     1    0.009481    0.036749    0.023798    0.023798 ^ clk (in)
                                                         clk (net)
                      0.036749    0.000000    0.023798 ^ clkbuf_0_clk/A (sky130_fd_sc_hd__clkbuf_16)
     2    0.017764    0.029693    0.084662    0.108460 ^ clkbuf_0_clk/X (sky130_fd_sc_hd__clkbuf_16)
                                                         clknet_0_clk (net)
                      0.029693    0.000115    0.108575 ^ clkbuf_1_1__f_clk/A (sky130_fd_sc_hd__clkbuf_16)
     2    0.005511    0.021341    0.073797    0.182373 ^ clkbuf_1_1__f_clk/X (sky130_fd_sc_hd__clkbuf_16)
                                                         clknet_1_1__leaf_clk (net)
                      0.021341    0.000072    0.182444 ^ _48_/CLK (sky130_fd_sc_hd__dfxtp_1)
                                  0.250000    0.432444   clock uncertainty
                                  0.000000    0.432444   clock reconvergence pessimism
                                 -0.017845    0.414600   library hold time
                                              0.414600   data required time
---------------------------------------------------------------------------------------------
                                              0.414600   data required time
                                             -0.517591   data arrival time
---------------------------------------------------------------------------------------------
                                              0.102991   slack (MET)


Startpoint: _49_ (rising edge-triggered flip-flop clocked by clk)
Endpoint: _49_ (rising edge-triggered flip-flop clocked by clk)
Path Group: clk
Path Type: min

Fanout         Cap        Slew       Delay        Time   Description
---------------------------------------------------------------------------------------------
                                  0.000000    0.000000   clock clk (rise edge)
                                  0.000000    0.000000   clock source latency
     1    0.009481    0.036749    0.023798    0.023798 ^ clk (in)
                                                         clk (net)
                      0.036749    0.000000    0.023798 ^ clkbuf_0_clk/A (sky130_fd_sc_hd__clkbuf_16)
     2    0.017764    0.029693    0.084662    0.108460 ^ clkbuf_0_clk/X (sky130_fd_sc_hd__clkbuf_16)
                                                         clknet_0_clk (net)
                      0.029693    0.000128    0.108588 ^ clkbuf_1_0__f_clk/A (sky130_fd_sc_hd__clkbuf_16)
     2    0.005074    0.021037    0.073426    0.182014 ^ clkbuf_1_0__f_clk/X (sky130_fd_sc_hd__clkbuf_16)
                                                         clknet_1_0__leaf_clk (net)
                      0.021037    0.000042    0.182056 ^ _49_/CLK (sky130_fd_sc_hd__dfxtp_1)
     3    0.008765    0.036430    0.198542    0.380599 v _49_/Q (sky130_fd_sc_hd__dfxtp_1)
                                                         net7 (net)
                      0.036430    0.000075    0.380673 v _44_/B (sky130_fd_sc_hd__nand4_1)
     1    0.003452    0.043105    0.060457    0.441131 ^ _44_/Y (sky130_fd_sc_hd__nand4_1)
                                                         _22_ (net)
                      0.043105    0.000038    0.441169 ^ _45_/A3 (sky130_fd_sc_hd__a31o_1)
     1    0.002412    0.027266    0.079042    0.520211 ^ _45_/X (sky130_fd_sc_hd__a31o_1)
                                                         _03_ (net)
                      0.027266    0.000018    0.520229 ^ _49_/D (sky130_fd_sc_hd__dfxtp_1)
                                              0.520229   data arrival time

                                  0.000000    0.000000   clock clk (rise edge)
                                  0.000000    0.000000   clock source latency
     1    0.009481    0.036749    0.023798    0.023798 ^ clk (in)
                                                         clk (net)
                      0.036749    0.000000    0.023798 ^ clkbuf_0_clk/A (sky130_fd_sc_hd__clkbuf_16)
     2    0.017764    0.029693    0.084662    0.108460 ^ clkbuf_0_clk/X (sky130_fd_sc_hd__clkbuf_16)
                                                         clknet_0_clk (net)
                      0.029693    0.000128    0.108588 ^ clkbuf_1_0__f_clk/A (sky130_fd_sc_hd__clkbuf_16)
     2    0.005074    0.021037    0.073426    0.182014 ^ clkbuf_1_0__f_clk/X (sky130_fd_sc_hd__clkbuf_16)
                                                         clknet_1_0__leaf_clk (net)
                      0.021037    0.000042    0.182056 ^ _49_/CLK (sky130_fd_sc_hd__dfxtp_1)
                                  0.250000    0.432056   clock uncertainty
                                  0.000000    0.432056   clock reconvergence pessimism
                                 -0.017273    0.414783   library hold time
                                              0.414783   data required time
---------------------------------------------------------------------------------------------
                                              0.414783   data required time
                                             -0.520229   data arrival time
---------------------------------------------------------------------------------------------
                                              0.105446   slack (MET)


Startpoint: _47_ (rising edge-triggered flip-flop clocked by clk)
Endpoint: _47_ (rising edge-triggered flip-flop clocked by clk)
Path Group: clk
Path Type: min

Fanout         Cap        Slew       Delay        Time   Description
---------------------------------------------------------------------------------------------
                                  0.000000    0.000000   clock clk (rise edge)
                                  0.000000    0.000000   clock source latency
     1    0.009481    0.036749    0.023798    0.023798 ^ clk (in)
                                                         clk (net)
                      0.036749    0.000000    0.023798 ^ clkbuf_0_clk/A (sky130_fd_sc_hd__clkbuf_16)
     2    0.017764    0.029693    0.084662    0.108460 ^ clkbuf_0_clk/X (sky130_fd_sc_hd__clkbuf_16)
                                                         clknet_0_clk (net)
                      0.029693    0.000128    0.108588 ^ clkbuf_1_0__f_clk/A (sky130_fd_sc_hd__clkbuf_16)
     2    0.005074    0.021037    0.073426    0.182014 ^ clkbuf_1_0__f_clk/X (sky130_fd_sc_hd__clkbuf_16)
                                                         clknet_1_0__leaf_clk (net)
                      0.021037    0.000032    0.182047 ^ _47_/CLK (sky130_fd_sc_hd__dfxtp_1)
     6    0.020681    0.149562    0.267341    0.449388 ^ _47_/Q (sky130_fd_sc_hd__dfxtp_1)
                                                         net5 (net)
                      0.149562    0.000159    0.449548 ^ _33_/A1 (sky130_fd_sc_hd__a21o_1)
     1    0.003069    0.029184    0.077308    0.526856 ^ _33_/X (sky130_fd_sc_hd__a21o_1)
                                                         _13_ (net)
                      0.029184    0.000030    0.526886 ^ _34_/B1 (sky130_fd_sc_hd__a31o_1)
     1    0.002468    0.025087    0.048748    0.575634 ^ _34_/X (sky130_fd_sc_hd__a31o_1)
                                                         _01_ (net)
                      0.025087    0.000028    0.575662 ^ _47_/D (sky130_fd_sc_hd__dfxtp_1)
                                              0.575662   data arrival time

                                  0.000000    0.000000   clock clk (rise edge)
                                  0.000000    0.000000   clock source latency
     1    0.009481    0.036749    0.023798    0.023798 ^ clk (in)
                                                         clk (net)
                      0.036749    0.000000    0.023798 ^ clkbuf_0_clk/A (sky130_fd_sc_hd__clkbuf_16)
     2    0.017764    0.029693    0.084662    0.108460 ^ clkbuf_0_clk/X (sky130_fd_sc_hd__clkbuf_16)
                                                         clknet_0_clk (net)
                      0.029693    0.000128    0.108588 ^ clkbuf_1_0__f_clk/A (sky130_fd_sc_hd__clkbuf_16)
     2    0.005074    0.021037    0.073426    0.182014 ^ clkbuf_1_0__f_clk/X (sky130_fd_sc_hd__clkbuf_16)
                                                         clknet_1_0__leaf_clk (net)
                      0.021037    0.000032    0.182047 ^ _47_/CLK (sky130_fd_sc_hd__dfxtp_1)
                                  0.250000    0.432047   clock uncertainty
                                  0.000000    0.432047   clock reconvergence pessimism
                                 -0.017119    0.414928   library hold time
                                              0.414928   data required time
---------------------------------------------------------------------------------------------
                                              0.414928   data required time
                                             -0.575662   data arrival time
---------------------------------------------------------------------------------------------
                                              0.160734   slack (MET)


Startpoint: _49_ (rising edge-triggered flip-flop clocked by clk)
Endpoint: counter[3] (output port clocked by clk)
Path Group: clk
Path Type: min

Fanout         Cap        Slew       Delay        Time   Description
---------------------------------------------------------------------------------------------
                                  0.000000    0.000000   clock clk (rise edge)
                                  0.000000    0.000000   clock source latency
     1    0.009481    0.036749    0.023798    0.023798 ^ clk (in)
                                                         clk (net)
                      0.036749    0.000000    0.023798 ^ clkbuf_0_clk/A (sky130_fd_sc_hd__clkbuf_16)
     2    0.017764    0.029693    0.084662    0.108460 ^ clkbuf_0_clk/X (sky130_fd_sc_hd__clkbuf_16)
                                                         clknet_0_clk (net)
                      0.029693    0.000128    0.108588 ^ clkbuf_1_0__f_clk/A (sky130_fd_sc_hd__clkbuf_16)
     2    0.005074    0.021037    0.073426    0.182014 ^ clkbuf_1_0__f_clk/X (sky130_fd_sc_hd__clkbuf_16)
                                                         clknet_1_0__leaf_clk (net)
                      0.021037    0.000042    0.182056 ^ _49_/CLK (sky130_fd_sc_hd__dfxtp_1)
     3    0.008765    0.036430    0.198542    0.380599 v _49_/Q (sky130_fd_sc_hd__dfxtp_1)
                                                         net7 (net)
                      0.036430    0.000053    0.380652 v output7/A (sky130_fd_sc_hd__buf_2)
     1    0.033777    0.061849    0.119543    0.500194 v output7/X (sky130_fd_sc_hd__buf_2)
                                                         counter[3] (net)
                      0.061849    0.000159    0.500353 v counter[3] (out)
                                              0.500353   data arrival time

                                  0.000000    0.000000   clock clk (rise edge)
                                  0.000000    0.000000   clock network delay (propagated)
                                  0.250000    0.250000   clock uncertainty
                                  0.000000    0.250000   clock reconvergence pessimism
                                 -2.000000   -1.750000   output external delay
                                             -1.750000   data required time
---------------------------------------------------------------------------------------------
                                             -1.750000   data required time
                                             -0.500353   data arrival time
---------------------------------------------------------------------------------------------
                                              2.250353   slack (MET)


Startpoint: _48_ (rising edge-triggered flip-flop clocked by clk)
Endpoint: counter[2] (output port clocked by clk)
Path Group: clk
Path Type: min

Fanout         Cap        Slew       Delay        Time   Description
---------------------------------------------------------------------------------------------
                                  0.000000    0.000000   clock clk (rise edge)
                                  0.000000    0.000000   clock source latency
     1    0.009481    0.036749    0.023798    0.023798 ^ clk (in)
                                                         clk (net)
                      0.036749    0.000000    0.023798 ^ clkbuf_0_clk/A (sky130_fd_sc_hd__clkbuf_16)
     2    0.017764    0.029693    0.084662    0.108460 ^ clkbuf_0_clk/X (sky130_fd_sc_hd__clkbuf_16)
                                                         clknet_0_clk (net)
                      0.029693    0.000115    0.108575 ^ clkbuf_1_1__f_clk/A (sky130_fd_sc_hd__clkbuf_16)
     2    0.005511    0.021341    0.073797    0.182373 ^ clkbuf_1_1__f_clk/X (sky130_fd_sc_hd__clkbuf_16)
                                                         clknet_1_1__leaf_clk (net)
                      0.021341    0.000072    0.182444 ^ _48_/CLK (sky130_fd_sc_hd__dfxtp_1)
     5    0.016022    0.057249    0.216571    0.399016 v _48_/Q (sky130_fd_sc_hd__dfxtp_1)
                                                         net6 (net)
                      0.057249    0.000146    0.399162 v output6/A (sky130_fd_sc_hd__buf_2)
     1    0.034036    0.062253    0.128225    0.527387 v output6/X (sky130_fd_sc_hd__buf_2)
                                                         counter[2] (net)
                      0.062253    0.000176    0.527563 v counter[2] (out)
                                              0.527563   data arrival time

                                  0.000000    0.000000   clock clk (rise edge)
                                  0.000000    0.000000   clock network delay (propagated)
                                  0.250000    0.250000   clock uncertainty
                                  0.000000    0.250000   clock reconvergence pessimism
                                 -2.000000   -1.750000   output external delay
                                             -1.750000   data required time
---------------------------------------------------------------------------------------------
                                             -1.750000   data required time
                                             -0.527563   data arrival time
---------------------------------------------------------------------------------------------
                                              2.277563   slack (MET)


Startpoint: _46_ (rising edge-triggered flip-flop clocked by clk)
Endpoint: counter[0] (output port clocked by clk)
Path Group: clk
Path Type: min

Fanout         Cap        Slew       Delay        Time   Description
---------------------------------------------------------------------------------------------
                                  0.000000    0.000000   clock clk (rise edge)
                                  0.000000    0.000000   clock source latency
     1    0.009481    0.036749    0.023798    0.023798 ^ clk (in)
                                                         clk (net)
                      0.036749    0.000000    0.023798 ^ clkbuf_0_clk/A (sky130_fd_sc_hd__clkbuf_16)
     2    0.017764    0.029693    0.084662    0.108460 ^ clkbuf_0_clk/X (sky130_fd_sc_hd__clkbuf_16)
                                                         clknet_0_clk (net)
                      0.029693    0.000115    0.108575 ^ clkbuf_1_1__f_clk/A (sky130_fd_sc_hd__clkbuf_16)
     2    0.005511    0.021341    0.073797    0.182373 ^ clkbuf_1_1__f_clk/X (sky130_fd_sc_hd__clkbuf_16)
                                                         clknet_1_1__leaf_clk (net)
                      0.021341    0.000057    0.182429 ^ _46_/CLK (sky130_fd_sc_hd__dfxtp_2)
     7    0.023552    0.047205    0.221005    0.403434 v _46_/Q (sky130_fd_sc_hd__dfxtp_2)
                                                         net4 (net)
                      0.047207    0.000375    0.403809 v output4/A (sky130_fd_sc_hd__buf_2)
     1    0.033770    0.061840    0.123852    0.527661 v output4/X (sky130_fd_sc_hd__buf_2)
                                                         counter[0] (net)
                      0.061840    0.000159    0.527820 v counter[0] (out)
                                              0.527820   data arrival time

                                  0.000000    0.000000   clock clk (rise edge)
                                  0.000000    0.000000   clock network delay (propagated)
                                  0.250000    0.250000   clock uncertainty
                                  0.000000    0.250000   clock reconvergence pessimism
                                 -2.000000   -1.750000   output external delay
                                             -1.750000   data required time
---------------------------------------------------------------------------------------------
                                             -1.750000   data required time
                                             -0.527820   data arrival time
---------------------------------------------------------------------------------------------
                                              2.277820   slack (MET)


Startpoint: _47_ (rising edge-triggered flip-flop clocked by clk)
Endpoint: counter[1] (output port clocked by clk)
Path Group: clk
Path Type: min

Fanout         Cap        Slew       Delay        Time   Description
---------------------------------------------------------------------------------------------
                                  0.000000    0.000000   clock clk (rise edge)
                                  0.000000    0.000000   clock source latency
     1    0.009481    0.036749    0.023798    0.023798 ^ clk (in)
                                                         clk (net)
                      0.036749    0.000000    0.023798 ^ clkbuf_0_clk/A (sky130_fd_sc_hd__clkbuf_16)
     2    0.017764    0.029693    0.084662    0.108460 ^ clkbuf_0_clk/X (sky130_fd_sc_hd__clkbuf_16)
                                                         clknet_0_clk (net)
                      0.029693    0.000128    0.108588 ^ clkbuf_1_0__f_clk/A (sky130_fd_sc_hd__clkbuf_16)
     2    0.005074    0.021037    0.073426    0.182014 ^ clkbuf_1_0__f_clk/X (sky130_fd_sc_hd__clkbuf_16)
                                                         clknet_1_0__leaf_clk (net)
                      0.021037    0.000032    0.182047 ^ _47_/CLK (sky130_fd_sc_hd__dfxtp_1)
     6    0.019260    0.066971    0.224357    0.406404 v _47_/Q (sky130_fd_sc_hd__dfxtp_1)
                                                         net5 (net)
                      0.066971    0.000150    0.406554 v output5/A (sky130_fd_sc_hd__buf_2)
     1    0.033942    0.062157    0.132026    0.538581 v output5/X (sky130_fd_sc_hd__buf_2)
                                                         counter[1] (net)
                      0.062157    0.000211    0.538792 v counter[1] (out)
                                              0.538792   data arrival time

                                  0.000000    0.000000   clock clk (rise edge)
                                  0.000000    0.000000   clock network delay (propagated)
                                  0.250000    0.250000   clock uncertainty
                                  0.000000    0.250000   clock reconvergence pessimism
                                 -2.000000   -1.750000   output external delay
                                             -1.750000   data required time
---------------------------------------------------------------------------------------------
                                             -1.750000   data required time
                                             -0.538792   data arrival time
---------------------------------------------------------------------------------------------
                                              2.288792   slack (MET)



%OL_END_REPORT
%OL_CREATE_REPORT max.rpt

===========================================================================
report_checks -path_delay max (Setup)
============================================================================
======================= min_ff_n40C_1v95 Corner ===================================

Startpoint: _47_ (rising edge-triggered flip-flop clocked by clk)
Endpoint: counter[1] (output port clocked by clk)
Path Group: clk
Path Type: max

Fanout         Cap        Slew       Delay        Time   Description
---------------------------------------------------------------------------------------------
                                  0.000000    0.000000   clock clk (rise edge)
                                  0.000000    0.000000   clock source latency
     1    0.009481    0.036749    0.023798    0.023798 ^ clk (in)
                                                         clk (net)
                      0.036749    0.000000    0.023798 ^ clkbuf_0_clk/A (sky130_fd_sc_hd__clkbuf_16)
     2    0.017764    0.029693    0.084662    0.108460 ^ clkbuf_0_clk/X (sky130_fd_sc_hd__clkbuf_16)
                                                         clknet_0_clk (net)
                      0.029693    0.000128    0.108588 ^ clkbuf_1_0__f_clk/A (sky130_fd_sc_hd__clkbuf_16)
     2    0.005074    0.021037    0.073426    0.182014 ^ clkbuf_1_0__f_clk/X (sky130_fd_sc_hd__clkbuf_16)
                                                         clknet_1_0__leaf_clk (net)
                      0.021037    0.000032    0.182047 ^ _47_/CLK (sky130_fd_sc_hd__dfxtp_1)
     6    0.020681    0.149562    0.267341    0.449388 ^ _47_/Q (sky130_fd_sc_hd__dfxtp_1)
                                                         net5 (net)
                      0.149562    0.000161    0.449549 ^ output5/A (sky130_fd_sc_hd__buf_2)
     1    0.033942    0.127052    0.162140    0.611690 ^ output5/X (sky130_fd_sc_hd__buf_2)
                                                         counter[1] (net)
                      0.127052    0.000211    0.611901 ^ counter[1] (out)
                                              0.611901   data arrival time

                                 10.000000   10.000000   clock clk (rise edge)
                                  0.000000   10.000000   clock network delay (propagated)
                                 -0.250000    9.750000   clock uncertainty
                                  0.000000    9.750000   clock reconvergence pessimism
                                 -2.000000    7.750000   output external delay
                                              7.750000   data required time
---------------------------------------------------------------------------------------------
                                              7.750000   data required time
                                             -0.611901   data arrival time
---------------------------------------------------------------------------------------------
                                              7.138099   slack (MET)


Startpoint: _48_ (rising edge-triggered flip-flop clocked by clk)
Endpoint: counter[2] (output port clocked by clk)
Path Group: clk
Path Type: max

Fanout         Cap        Slew       Delay        Time   Description
---------------------------------------------------------------------------------------------
                                  0.000000    0.000000   clock clk (rise edge)
                                  0.000000    0.000000   clock source latency
     1    0.009481    0.036749    0.023798    0.023798 ^ clk (in)
                                                         clk (net)
                      0.036749    0.000000    0.023798 ^ clkbuf_0_clk/A (sky130_fd_sc_hd__clkbuf_16)
     2    0.017764    0.029693    0.084662    0.108460 ^ clkbuf_0_clk/X (sky130_fd_sc_hd__clkbuf_16)
                                                         clknet_0_clk (net)
                      0.029693    0.000115    0.108575 ^ clkbuf_1_1__f_clk/A (sky130_fd_sc_hd__clkbuf_16)
     2    0.005511    0.021341    0.073797    0.182373 ^ clkbuf_1_1__f_clk/X (sky130_fd_sc_hd__clkbuf_16)
                                                         clknet_1_1__leaf_clk (net)
                      0.021341    0.000072    0.182444 ^ _48_/CLK (sky130_fd_sc_hd__dfxtp_1)
     5    0.017059    0.124856    0.250009    0.432453 ^ _48_/Q (sky130_fd_sc_hd__dfxtp_1)
                                                         net6 (net)
                      0.124856    0.000156    0.432609 ^ output6/A (sky130_fd_sc_hd__buf_2)
     1    0.034036    0.127254    0.159844    0.592453 ^ output6/X (sky130_fd_sc_hd__buf_2)
                                                         counter[2] (net)
                      0.127254    0.000176    0.592630 ^ counter[2] (out)
                                              0.592630   data arrival time

                                 10.000000   10.000000   clock clk (rise edge)
                                  0.000000   10.000000   clock network delay (propagated)
                                 -0.250000    9.750000   clock uncertainty
                                  0.000000    9.750000   clock reconvergence pessimism
                                 -2.000000    7.750000   output external delay
                                              7.750000   data required time
---------------------------------------------------------------------------------------------
                                              7.750000   data required time
                                             -0.592630   data arrival time
---------------------------------------------------------------------------------------------
                                              7.157371   slack (MET)


Startpoint: _46_ (rising edge-triggered flip-flop clocked by clk)
Endpoint: counter[0] (output port clocked by clk)
Path Group: clk
Path Type: max

Fanout         Cap        Slew       Delay        Time   Description
---------------------------------------------------------------------------------------------
                                  0.000000    0.000000   clock clk (rise edge)
                                  0.000000    0.000000   clock source latency
     1    0.009481    0.036749    0.023798    0.023798 ^ clk (in)
                                                         clk (net)
                      0.036749    0.000000    0.023798 ^ clkbuf_0_clk/A (sky130_fd_sc_hd__clkbuf_16)
     2    0.017764    0.029693    0.084662    0.108460 ^ clkbuf_0_clk/X (sky130_fd_sc_hd__clkbuf_16)
                                                         clknet_0_clk (net)
                      0.029693    0.000115    0.108575 ^ clkbuf_1_1__f_clk/A (sky130_fd_sc_hd__clkbuf_16)
     2    0.005511    0.021341    0.073797    0.182373 ^ clkbuf_1_1__f_clk/X (sky130_fd_sc_hd__clkbuf_16)
                                                         clknet_1_1__leaf_clk (net)
                      0.021341    0.000057    0.182429 ^ _46_/CLK (sky130_fd_sc_hd__dfxtp_2)
     7    0.024958    0.098961    0.242680    0.425109 ^ _46_/Q (sky130_fd_sc_hd__dfxtp_2)
                                                         net4 (net)
                      0.098961    0.000398    0.425508 ^ output4/A (sky130_fd_sc_hd__buf_2)
     1    0.033770    0.126307    0.153561    0.579069 ^ output4/X (sky130_fd_sc_hd__buf_2)
                                                         counter[0] (net)
                      0.126307    0.000159    0.579228 ^ counter[0] (out)
                                              0.579228   data arrival time

                                 10.000000   10.000000   clock clk (rise edge)
                                  0.000000   10.000000   clock network delay (propagated)
                                 -0.250000    9.750000   clock uncertainty
                                  0.000000    9.750000   clock reconvergence pessimism
                                 -2.000000    7.750000   output external delay
                                              7.750000   data required time
---------------------------------------------------------------------------------------------
                                              7.750000   data required time
                                             -0.579228   data arrival time
---------------------------------------------------------------------------------------------
                                              7.170772   slack (MET)


Startpoint: _49_ (rising edge-triggered flip-flop clocked by clk)
Endpoint: counter[3] (output port clocked by clk)
Path Group: clk
Path Type: max

Fanout         Cap        Slew       Delay        Time   Description
---------------------------------------------------------------------------------------------
                                  0.000000    0.000000   clock clk (rise edge)
                                  0.000000    0.000000   clock source latency
     1    0.009481    0.036749    0.023798    0.023798 ^ clk (in)
                                                         clk (net)
                      0.036749    0.000000    0.023798 ^ clkbuf_0_clk/A (sky130_fd_sc_hd__clkbuf_16)
     2    0.017764    0.029693    0.084662    0.108460 ^ clkbuf_0_clk/X (sky130_fd_sc_hd__clkbuf_16)
                                                         clknet_0_clk (net)
                      0.029693    0.000128    0.108588 ^ clkbuf_1_0__f_clk/A (sky130_fd_sc_hd__clkbuf_16)
     2    0.005074    0.021037    0.073426    0.182014 ^ clkbuf_1_0__f_clk/X (sky130_fd_sc_hd__clkbuf_16)
                                                         clknet_1_0__leaf_clk (net)
                      0.021037    0.000042    0.182056 ^ _49_/CLK (sky130_fd_sc_hd__dfxtp_1)
     3    0.009336    0.072392    0.213067    0.395124 ^ _49_/Q (sky130_fd_sc_hd__dfxtp_1)
                                                         net7 (net)
                      0.072392    0.000057    0.395180 ^ output7/A (sky130_fd_sc_hd__buf_2)
     1    0.033777    0.126336    0.147480    0.542660 ^ output7/X (sky130_fd_sc_hd__buf_2)
                                                         counter[3] (net)
                      0.126336    0.000159    0.542819 ^ counter[3] (out)
                                              0.542819   data arrival time

                                 10.000000   10.000000   clock clk (rise edge)
                                  0.000000   10.000000   clock network delay (propagated)
                                 -0.250000    9.750000   clock uncertainty
                                  0.000000    9.750000   clock reconvergence pessimism
                                 -2.000000    7.750000   output external delay
                                              7.750000   data required time
---------------------------------------------------------------------------------------------
                                              7.750000   data required time
                                             -0.542819   data arrival time
---------------------------------------------------------------------------------------------
                                              7.207181   slack (MET)


Startpoint: up_down (input port clocked by clk)
Endpoint: _49_ (rising edge-triggered flip-flop clocked by clk)
Path Group: clk
Path Type: max

Fanout         Cap        Slew       Delay        Time   Description
---------------------------------------------------------------------------------------------
                                  0.000000    0.000000   clock clk (rise edge)
                                  0.000000    0.000000   clock network delay (propagated)
                                  2.000000    2.000000 v input external delay
     1    0.002527    0.004332    0.002019    2.002019 v up_down (in)
                                                         up_down (net)
                      0.004332    0.000000    2.002019 v input3/A (sky130_fd_sc_hd__buf_1)
     5    0.012227    0.051964    0.075556    2.077574 v input3/X (sky130_fd_sc_hd__buf_1)
                                                         net3 (net)
                      0.051964    0.000104    2.077678 v _41_/A1 (sky130_fd_sc_hd__o31ai_1)
     2    0.006747    0.203121    0.215505    2.293183 ^ _41_/Y (sky130_fd_sc_hd__o31ai_1)
                                                         _19_ (net)
                      0.203121    0.000052    2.293234 ^ _44_/C (sky130_fd_sc_hd__nand4_1)
     1    0.003207    0.058937    0.059778    2.353012 v _44_/Y (sky130_fd_sc_hd__nand4_1)
                                                         _22_ (net)
                      0.058937    0.000035    2.353047 v _45_/A3 (sky130_fd_sc_hd__a31o_1)
     1    0.002447    0.026230    0.142562    2.495609 v _45_/X (sky130_fd_sc_hd__a31o_1)
                                                         _03_ (net)
                      0.026230    0.000018    2.495627 v _49_/D (sky130_fd_sc_hd__dfxtp_1)
                                              2.495627   data arrival time

                                 10.000000   10.000000   clock clk (rise edge)
                                  0.000000   10.000000   clock source latency
     1    0.009481    0.036749    0.023799   10.023799 ^ clk (in)
                                                         clk (net)
                      0.036749    0.000000   10.023799 ^ clkbuf_0_clk/A (sky130_fd_sc_hd__clkbuf_16)
     2    0.017764    0.029693    0.084662   10.108461 ^ clkbuf_0_clk/X (sky130_fd_sc_hd__clkbuf_16)
                                                         clknet_0_clk (net)
                      0.029693    0.000127   10.108588 ^ clkbuf_1_0__f_clk/A (sky130_fd_sc_hd__clkbuf_16)
     2    0.005074    0.021037    0.073427   10.182014 ^ clkbuf_1_0__f_clk/X (sky130_fd_sc_hd__clkbuf_16)
                                                         clknet_1_0__leaf_clk (net)
                      0.021037    0.000042   10.182056 ^ _49_/CLK (sky130_fd_sc_hd__dfxtp_1)
                                 -0.250000    9.932056   clock uncertainty
                                  0.000000    9.932056   clock reconvergence pessimism
                                 -0.068997    9.863060   library setup time
                                              9.863060   data required time
---------------------------------------------------------------------------------------------
                                              9.863060   data required time
                                             -2.495627   data arrival time
---------------------------------------------------------------------------------------------
                                              7.367433   slack (MET)


Startpoint: up_down (input port clocked by clk)
Endpoint: _47_ (rising edge-triggered flip-flop clocked by clk)
Path Group: clk
Path Type: max

Fanout         Cap        Slew       Delay        Time   Description
---------------------------------------------------------------------------------------------
                                  0.000000    0.000000   clock clk (rise edge)
                                  0.000000    0.000000   clock network delay (propagated)
                                  2.000000    2.000000 ^ input external delay
     1    0.002715    0.013615    0.006997    2.006997 ^ up_down (in)
                                                         up_down (net)
                      0.013615    0.000000    2.006997 ^ input3/A (sky130_fd_sc_hd__buf_1)
     5    0.013100    0.118900    0.107943    2.114940 ^ input3/X (sky130_fd_sc_hd__buf_1)
                                                         net3 (net)
                      0.118900    0.000101    2.115041 ^ _30_/A (sky130_fd_sc_hd__or2_1)
     2    0.008458    0.066511    0.103815    2.218856 ^ _30_/X (sky130_fd_sc_hd__or2_1)
                                                         _10_ (net)
                      0.066511    0.000050    2.218906 ^ _32_/A (sky130_fd_sc_hd__nand2_1)
     1    0.003811    0.030233    0.034153    2.253059 v _32_/Y (sky130_fd_sc_hd__nand2_1)
                                                         _12_ (net)
                      0.030233    0.000057    2.253116 v _34_/A3 (sky130_fd_sc_hd__a31o_1)
     1    0.002503    0.026681    0.131659    2.384775 v _34_/X (sky130_fd_sc_hd__a31o_1)
                                                         _01_ (net)
                      0.026681    0.000029    2.384804 v _47_/D (sky130_fd_sc_hd__dfxtp_1)
                                              2.384804   data arrival time

                                 10.000000   10.000000   clock clk (rise edge)
                                  0.000000   10.000000   clock source latency
     1    0.009481    0.036749    0.023799   10.023799 ^ clk (in)
                                                         clk (net)
                      0.036749    0.000000   10.023799 ^ clkbuf_0_clk/A (sky130_fd_sc_hd__clkbuf_16)
     2    0.017764    0.029693    0.084662   10.108461 ^ clkbuf_0_clk/X (sky130_fd_sc_hd__clkbuf_16)
                                                         clknet_0_clk (net)
                      0.029693    0.000127   10.108588 ^ clkbuf_1_0__f_clk/A (sky130_fd_sc_hd__clkbuf_16)
     2    0.005074    0.021037    0.073427   10.182014 ^ clkbuf_1_0__f_clk/X (sky130_fd_sc_hd__clkbuf_16)
                                                         clknet_1_0__leaf_clk (net)
                      0.021037    0.000032   10.182047 ^ _47_/CLK (sky130_fd_sc_hd__dfxtp_1)
                                 -0.250000    9.932047   clock uncertainty
                                  0.000000    9.932047   clock reconvergence pessimism
                                 -0.069158    9.862888   library setup time
                                              9.862888   data required time
---------------------------------------------------------------------------------------------
                                              9.862888   data required time
                                             -2.384804   data arrival time
---------------------------------------------------------------------------------------------
                                              7.478084   slack (MET)


Startpoint: up_down (input port clocked by clk)
Endpoint: _48_ (rising edge-triggered flip-flop clocked by clk)
Path Group: clk
Path Type: max

Fanout         Cap        Slew       Delay        Time   Description
---------------------------------------------------------------------------------------------
                                  0.000000    0.000000   clock clk (rise edge)
                                  0.000000    0.000000   clock network delay (propagated)
                                  2.000000    2.000000 v input external delay
     1    0.002527    0.004332    0.002019    2.002019 v up_down (in)
                                                         up_down (net)
                      0.004332    0.000000    2.002019 v input3/A (sky130_fd_sc_hd__buf_1)
     5    0.012227    0.051964    0.075556    2.077574 v input3/X (sky130_fd_sc_hd__buf_1)
                                                         net3 (net)
                      0.051964    0.000093    2.077668 v _30_/A (sky130_fd_sc_hd__or2_1)
     2    0.008004    0.049346    0.158134    2.235802 v _30_/X (sky130_fd_sc_hd__or2_1)
                                                         _10_ (net)
                      0.049346    0.000032    2.235833 v _38_/A (sky130_fd_sc_hd__xnor2_1)
     1    0.002900    0.083514    0.105254    2.341087 ^ _38_/Y (sky130_fd_sc_hd__xnor2_1)
                                                         _17_ (net)
                      0.083514    0.000025    2.341112 ^ _40_/A2 (sky130_fd_sc_hd__o21ai_1)
     1    0.002356    0.027061    0.034872    2.375985 v _40_/Y (sky130_fd_sc_hd__o21ai_1)
                                                         _02_ (net)
                      0.027061    0.000016    2.376001 v _48_/D (sky130_fd_sc_hd__dfxtp_1)
                                              2.376001   data arrival time

                                 10.000000   10.000000   clock clk (rise edge)
                                  0.000000   10.000000   clock source latency
     1    0.009481    0.036749    0.023799   10.023799 ^ clk (in)
                                                         clk (net)
                      0.036749    0.000000   10.023799 ^ clkbuf_0_clk/A (sky130_fd_sc_hd__clkbuf_16)
     2    0.017764    0.029693    0.084662   10.108461 ^ clkbuf_0_clk/X (sky130_fd_sc_hd__clkbuf_16)
                                                         clknet_0_clk (net)
                      0.029693    0.000115   10.108576 ^ clkbuf_1_1__f_clk/A (sky130_fd_sc_hd__clkbuf_16)
     2    0.005511    0.021341    0.073797   10.182372 ^ clkbuf_1_1__f_clk/X (sky130_fd_sc_hd__clkbuf_16)
                                                         clknet_1_1__leaf_clk (net)
                      0.021341    0.000072   10.182445 ^ _48_/CLK (sky130_fd_sc_hd__dfxtp_1)
                                 -0.250000    9.932445   clock uncertainty
                                  0.000000    9.932445   clock reconvergence pessimism
                                 -0.069264    9.863181   library setup time
                                              9.863181   data required time
---------------------------------------------------------------------------------------------
                                              9.863181   data required time
                                             -2.376001   data arrival time
---------------------------------------------------------------------------------------------
                                              7.487179   slack (MET)


Startpoint: enable (input port clocked by clk)
Endpoint: _46_ (rising edge-triggered flip-flop clocked by clk)
Path Group: clk
Path Type: max

Fanout         Cap        Slew       Delay        Time   Description
---------------------------------------------------------------------------------------------
                                  0.000000    0.000000   clock clk (rise edge)
                                  0.000000    0.000000   clock network delay (propagated)
                                  2.000000    2.000000 ^ input external delay
     1    0.002642    0.013356    0.006805    2.006805 ^ enable (in)
                                                         enable (net)
                      0.013356    0.000000    2.006805 ^ input1/A (sky130_fd_sc_hd__buf_1)
     5    0.015229    0.137037    0.120225    2.127031 ^ input1/X (sky130_fd_sc_hd__buf_1)
                                                         net1 (net)
                      0.137037    0.000144    2.127175 ^ _26_/A (sky130_fd_sc_hd__nor2_1)
     3    0.009160    0.055570    0.059216    2.186391 v _26_/Y (sky130_fd_sc_hd__nor2_1)
                                                         _07_ (net)
                      0.055570    0.000082    2.186472 v _27_/A2 (sky130_fd_sc_hd__a21oi_1)
     1    0.003130    0.080719    0.105634    2.292106 ^ _27_/Y (sky130_fd_sc_hd__a21oi_1)
                                                         _08_ (net)
                      0.080719    0.000036    2.292142 ^ _28_/B1 (sky130_fd_sc_hd__o21ai_1)
     1    0.002134    0.032232    0.024718    2.316860 v _28_/Y (sky130_fd_sc_hd__o21ai_1)
                                                         _00_ (net)
                      0.032232    0.000020    2.316880 v _46_/D (sky130_fd_sc_hd__dfxtp_2)
                                              2.316880   data arrival time

                                 10.000000   10.000000   clock clk (rise edge)
                                  0.000000   10.000000   clock source latency
     1    0.009481    0.036749    0.023799   10.023799 ^ clk (in)
                                                         clk (net)
                      0.036749    0.000000   10.023799 ^ clkbuf_0_clk/A (sky130_fd_sc_hd__clkbuf_16)
     2    0.017764    0.029693    0.084662   10.108461 ^ clkbuf_0_clk/X (sky130_fd_sc_hd__clkbuf_16)
                                                         clknet_0_clk (net)
                      0.029693    0.000115   10.108576 ^ clkbuf_1_1__f_clk/A (sky130_fd_sc_hd__clkbuf_16)
     2    0.005511    0.021341    0.073797   10.182372 ^ clkbuf_1_1__f_clk/X (sky130_fd_sc_hd__clkbuf_16)
                                                         clknet_1_1__leaf_clk (net)
                      0.021341    0.000057   10.182429 ^ _46_/CLK (sky130_fd_sc_hd__dfxtp_2)
                                 -0.250000    9.932429   clock uncertainty
                                  0.000000    9.932429   clock reconvergence pessimism
                                 -0.072333    9.860097   library setup time
                                              9.860097   data required time
---------------------------------------------------------------------------------------------
                                              9.860097   data required time
                                             -2.316880   data arrival time
---------------------------------------------------------------------------------------------
                                              7.543217   slack (MET)



%OL_END_REPORT
%OL_CREATE_REPORT checks.rpt

===========================================================================
report_checks -unconstrained
===========================================================================
======================= min_ff_n40C_1v95 Corner ===================================

Startpoint: _47_ (rising edge-triggered flip-flop clocked by clk)
Endpoint: counter[1] (output port clocked by clk)
Path Group: clk
Path Type: max

Fanout         Cap        Slew       Delay        Time   Description
---------------------------------------------------------------------------------------------
                                  0.000000    0.000000   clock clk (rise edge)
                                  0.000000    0.000000   clock source latency
     1    0.009481    0.036749    0.023798    0.023798 ^ clk (in)
                                                         clk (net)
                      0.036749    0.000000    0.023798 ^ clkbuf_0_clk/A (sky130_fd_sc_hd__clkbuf_16)
     2    0.017764    0.029693    0.084662    0.108460 ^ clkbuf_0_clk/X (sky130_fd_sc_hd__clkbuf_16)
                                                         clknet_0_clk (net)
                      0.029693    0.000128    0.108588 ^ clkbuf_1_0__f_clk/A (sky130_fd_sc_hd__clkbuf_16)
     2    0.005074    0.021037    0.073426    0.182014 ^ clkbuf_1_0__f_clk/X (sky130_fd_sc_hd__clkbuf_16)
                                                         clknet_1_0__leaf_clk (net)
                      0.021037    0.000032    0.182047 ^ _47_/CLK (sky130_fd_sc_hd__dfxtp_1)
     6    0.020681    0.149562    0.267341    0.449388 ^ _47_/Q (sky130_fd_sc_hd__dfxtp_1)
                                                         net5 (net)
                      0.149562    0.000161    0.449549 ^ output5/A (sky130_fd_sc_hd__buf_2)
     1    0.033942    0.127052    0.162140    0.611690 ^ output5/X (sky130_fd_sc_hd__buf_2)
                                                         counter[1] (net)
                      0.127052    0.000211    0.611901 ^ counter[1] (out)
                                              0.611901   data arrival time

                                 10.000000   10.000000   clock clk (rise edge)
                                  0.000000   10.000000   clock network delay (propagated)
                                 -0.250000    9.750000   clock uncertainty
                                  0.000000    9.750000   clock reconvergence pessimism
                                 -2.000000    7.750000   output external delay
                                              7.750000   data required time
---------------------------------------------------------------------------------------------
                                              7.750000   data required time
                                             -0.611901   data arrival time
---------------------------------------------------------------------------------------------
                                              7.138099   slack (MET)




===========================================================================
report_checks --slack_max -0.01
============================================================================
======================= min_ff_n40C_1v95 Corner ===================================

No paths found.


===========================================================================
 report_check_types -max_slew -max_cap -max_fanout -violators
============================================================================
======================= min_ff_n40C_1v95 Corner ===================================



===========================================================================
report_parasitic_annotation -report_unannotated
============================================================================
Found 0 unannotated drivers.
Found 0 partially unannotated drivers.

===========================================================================
max slew violation count 0
%OL_METRIC_I design__max_slew_violation__count__corner:min_ff_n40C_1v95 0
max fanout violation count 0
%OL_METRIC_I design__max_fanout_violation__count__corner:min_ff_n40C_1v95 0
max cap violation count 0
%OL_METRIC_I design__max_cap_violation__count__corner:min_ff_n40C_1v95 0
============================================================================

===========================================================================
check_setup -verbose -unconstrained_endpoints -multiple_clock -no_clock -no_input_delay -loops -generated_clocks
===========================================================================
%OL_END_REPORT
%OL_CREATE_REPORT power.rpt

===========================================================================
 report_power
============================================================================
======================= min_ff_n40C_1v95 Corner ===================================

Group                    Internal    Switching      Leakage        Total
                            Power        Power        Power        Power (Watts)
------------------------------------------------------------------------
Sequential           2.127027e-05 3.357967e-06 6.161777e-11 2.462830e-05  21.9%
Combinational        6.877526e-06 1.187023e-05 1.406386e-10 1.874789e-05  16.7%
Clock                5.840755e-05 1.077938e-05 1.914306e-10 6.918712e-05  61.5%
Macro                0.000000e+00 0.000000e+00 0.000000e+00 0.000000e+00   0.0%
Pad                  0.000000e+00 0.000000e+00 0.000000e+00 0.000000e+00   0.0%
------------------------------------------------------------------------
Total                8.655534e-05 2.600758e-05 3.936870e-10 1.125633e-04 100.0%
                            76.9%        23.1%         0.0%
%OL_METRIC_F power__internal__total 8.655534475110471e-5
%OL_METRIC_F power__switching__total 2.600757943582721e-5
%OL_METRIC_F power__leakage__total 3.93686999666798e-10
%OL_METRIC_F power__total 0.00011256331345066428

%OL_END_REPORT
%OL_CREATE_REPORT skew.min.rpt

===========================================================================
Clock Skew (Hold)
============================================================================
%OL_METRIC_F clock__skew__worst_hold__corner:min_ff_n40C_1v95 -0.25039757087636233
======================= min_ff_n40C_1v95 Corner ===================================

Clock clk
0.182047 source latency _47_/CLK ^
-0.182444 target latency _48_/CLK ^
-0.250000 clock uncertainty
0.000000 CRPR
--------------
-0.250398 hold skew

%OL_END_REPORT
%OL_CREATE_REPORT skew.max.rpt

===========================================================================
Clock Skew (Setup)
============================================================================
%OL_METRIC_F clock__skew__worst_setup__corner:min_ff_n40C_1v95 0.2503881617359625
======================= min_ff_n40C_1v95 Corner ===================================

Clock clk
0.182444 source latency _48_/CLK ^
-0.182056 target latency _49_/CLK ^
0.250000 clock uncertainty
0.000000 CRPR
--------------
0.250388 setup skew

%OL_END_REPORT
%OL_CREATE_REPORT ws.min.rpt

===========================================================================
Worst Slack (Hold)
============================================================================
%OL_METRIC_F timing__hold__ws__corner:min_ff_n40C_1v95 0.0689950893724009
min_ff_n40C_1v95: 0.0689950893724009
%OL_END_REPORT
%OL_CREATE_REPORT ws.max.rpt

===========================================================================
Worst Slack (Setup)
============================================================================
%OL_METRIC_F timing__setup__ws__corner:min_ff_n40C_1v95 7.138099202648903
min_ff_n40C_1v95: 7.138099202648903
%OL_END_REPORT
%OL_CREATE_REPORT tns.min.rpt

===========================================================================
Total Negative Slack (Hold)
============================================================================
%OL_METRIC_F timing__hold__tns__corner:min_ff_n40C_1v95 0.0
min_ff_n40C_1v95: 0.0
%OL_END_REPORT
%OL_CREATE_REPORT tns.max.rpt

===========================================================================
Total Negative Slack (Setup)
============================================================================
%OL_METRIC_F timing__setup__tns__corner:min_ff_n40C_1v95 0.0
min_ff_n40C_1v95: 0.0
%OL_END_REPORT
%OL_CREATE_REPORT wns.min.rpt

===========================================================================
Worst Negative Slack (Hold)
============================================================================
%OL_METRIC_F timing__hold__wns__corner:min_ff_n40C_1v95 0
min_ff_n40C_1v95: 0
%OL_END_REPORT
%OL_CREATE_REPORT wns.max.rpt

===========================================================================
Worst Negative Slack (Setup)
============================================================================
%OL_METRIC_F timing__setup__wns__corner:min_ff_n40C_1v95 0.0
min_ff_n40C_1v95: 0.0
%OL_END_REPORT
%OL_CREATE_REPORT violator_list.rpt

===========================================================================
Violator List
============================================================================
%OL_METRIC_I timing__hold_vio__count__corner:min_ff_n40C_1v95 0
%OL_METRIC_F timing__hold_r2r__ws__corner:min_ff_n40C_1v95 0.068995
%OL_METRIC_I timing__hold_r2r_vio__count__corner:min_ff_n40C_1v95 0
%OL_METRIC_I timing__setup_vio__count__corner:min_ff_n40C_1v95 0
%OL_METRIC_F timing__setup_r2r__ws__corner:min_ff_n40C_1v95 inf
%OL_METRIC_I timing__setup_r2r_vio__count__corner:min_ff_n40C_1v95 0
%OL_END_REPORT
%OL_CREATE_REPORT unpropagated.rpt
%OL_END_REPORT
%OL_CREATE_REPORT clock.rpt
Clock: clk
Sources: clk 
Generated: no
Virtual: yes
Propagated: no
Period: 10.000000

===========================================================================
report_clock_properties
============================================================================
Clock                   Period          Waveform
----------------------------------------------------
clk                  10.000000    0.000000  5.000000

===========================================================================
report_clock_latency
============================================================================
Clock clk
rise -> rise
    min     max
0.000000 0.000000 source latency
0.182047         network latency _47_/CLK
        0.182444 network latency _48_/CLK
---------------
0.182047 0.182444 latency
        0.000398 skew

fall -> fall
    min     max
0.000000 0.000000 source latency
0.184512         network latency _47_/CLK
        0.184844 network latency _48_/CLK
---------------
0.184512 0.184844 latency
        0.000333 skew



===========================================================================
report_clock_min_period
============================================================================
clk period_min = 0.97 fmax = 1035.73
%OL_END_REPORT
Writing SDF files for all corners…
Removing Clock latencies before writing libs…
Writing timing models for all corners…
Writing timing models for the min_ff_n40C_1v95 corner to /home/amostafa/vlsi/runs/RUN_2024-12-04_10-05-49/13-openroad-stapostpnr/min_ff_n40C_1v95/counter_dut__min_ff_n40C_1v95.lib…
