Clock: clk
Sources: clk 
Generated: no
Virtual: yes
Propagated: no
Period: 10.000000

===========================================================================
report_clock_properties
============================================================================
Clock                   Period          Waveform
----------------------------------------------------
clk                  10.000000    0.000000  5.000000

===========================================================================
report_clock_latency
============================================================================
Clock clk
rise -> rise
    min     max
0.000000 0.000000 source latency
0.465985         network latency _47_/CLK
        0.466811 network latency _48_/CLK
---------------
0.465985 0.466811 latency
        0.000825 skew

fall -> fall
    min     max
0.000000 0.000000 source latency
0.494250         network latency _47_/CLK
        0.494975 network latency _48_/CLK
---------------
0.494250 0.494975 latency
        0.000725 skew



===========================================================================
report_clock_min_period
============================================================================
clk period_min = 2.60 fmax = 384.05
