[STA-0441] set_input_delay relative to a clock defined on the same port/pin not allowed.
[STA-0441] set_input_delay relative to a clock defined on the same port/pin not allowed.
[STA-0441] set_input_delay relative to a clock defined on the same port/pin not allowed.
[STA-0441] set_input_delay relative to a clock defined on the same port/pin not allowed.
[STA-0441] set_input_delay relative to a clock defined on the same port/pin not allowed.
[STA-0441] set_input_delay relative to a clock defined on the same port/pin not allowed.
[STA-0441] set_input_delay relative to a clock defined on the same port/pin not allowed.
[STA-0441] set_input_delay relative to a clock defined on the same port/pin not allowed.
[STA-0441] set_input_delay relative to a clock defined on the same port/pin not allowed.
[DRT-0349] LEF58_ENCLOSURE with no CUTCLASS is not supported. Skipping for layer mcon
[DRT-0349] LEF58_ENCLOSURE with no CUTCLASS is not supported. Skipping for layer mcon
[DRT-0349] LEF58_ENCLOSURE with no CUTCLASS is not supported. Skipping for layer via
[DRT-0349] LEF58_ENCLOSURE with no CUTCLASS is not supported. Skipping for layer via
[DRT-0349] LEF58_ENCLOSURE with no CUTCLASS is not supported. Skipping for layer via2
[DRT-0349] LEF58_ENCLOSURE with no CUTCLASS is not supported. Skipping for layer via2
[DRT-0349] LEF58_ENCLOSURE with no CUTCLASS is not supported. Skipping for layer via3
[DRT-0349] LEF58_ENCLOSURE with no CUTCLASS is not supported. Skipping for layer via3
[DRT-0349] LEF58_ENCLOSURE with no CUTCLASS is not supported. Skipping for layer via4
[DRT-0349] LEF58_ENCLOSURE with no CUTCLASS is not supported. Skipping for layer via4
[STA-0441] set_input_delay relative to a clock defined on the same port/pin not allowed.
[CTS-0105] Net "clk" already has clock buffer clkbuf_0_clk. Skipping...
[CTS-0105] Net "clknet_0_clk" already has clock buffer clkbuf_1_1__f_clk. Skipping...
[CTS-0105] Net "clknet_1_1__leaf_clk" already has clock buffer clkbuf_1_1__f_clk. Skipping...
[CTS-0105] Net "clknet_1_0__leaf_clk" already has clock buffer clkbuf_1_0__f_clk. Skipping...
[CTS-0083] No clock nets have been found.
[CTS-0082] No valid clock nets in the design.
